- Compilation issues: Lang-5b-llm.25.tar.bz2
Picked up JAVA_TOOL_OPTIONS: -Dfile.encoding=UTF8
OpenJDK 64-Bit Server VM warning: ignoring option MaxPermSize=1G; support was removed in 8.0
Buildfile: /defects4j/framework/projects/defects4j.build.xml

init:
     [echo] -------- commons-lang3 3.2-SNAPSHOT --------
    [mkdir] Created dir: /tmp/fix_test_suite.pl_5916_1702628952/target

compile:
    [mkdir] Created dir: /tmp/fix_test_suite.pl_5916_1702628952/target/classes
    [javac] Compiling 108 source files to /tmp/fix_test_suite.pl_5916_1702628952/target/classes
    [javac] warning: [options] bootstrap class path not set in conjunction with -source 1.5
    [javac] warning: /root/.sdkman/candidates/java/8.0.302-open/lib/ct.sym(META-INF/sym/rt.jar/java/lang/annotation/Annotation.class): major version 52 is newer than 51, the highest major version supported by this compiler.
    [javac]   It is recommended that the compiler be upgraded.
    [javac] warning: /root/.sdkman/candidates/java/8.0.302-open/lib/ct.sym(META-INF/sym/rt.jar/java/lang/reflect/InvocationTargetException.class): major version 52 is newer than 51, the highest major version supported by this compiler.
    [javac]   It is recommended that the compiler be upgraded.
    [javac] warning: /root/.sdkman/candidates/java/8.0.302-open/lib/ct.sym(META-INF/sym/rt.jar/java/lang/reflect/Method.class): major version 52 is newer than 51, the highest major version supported by this compiler.
    [javac]   It is recommended that the compiler be upgraded.
    [javac] warning: /root/.sdkman/candidates/java/8.0.302-open/lib/ct.sym(META-INF/sym/rt.jar/java/util/Arrays.class): major version 52 is newer than 51, the highest major version supported by this compiler.
    [javac]   It is recommended that the compiler be upgraded.
    [javac] warning: /root/.sdkman/candidates/java/8.0.302-open/lib/ct.sym(META-INF/sym/rt.jar/java/lang/Object.class): major version 52 is newer than 51, the highest major version supported by this compiler.
    [javac]   It is recommended that the compiler be upgraded.
    [javac] warning: /root/.sdkman/candidates/java/8.0.302-open/lib/ct.sym(META-INF/sym/rt.jar/java/io/Serializable.class): major version 52 is newer than 51, the highest major version supported by this compiler.
    [javac]   It is recommended that the compiler be upgraded.
    [javac] warning: /root/.sdkman/candidates/java/8.0.302-open/lib/ct.sym(META-INF/sym/rt.jar/java/lang/reflect/Array.class): major version 52 is newer than 51, the highest major version supported by this compiler.
    [javac]   It is recommended that the compiler be upgraded.
    [javac] warning: /root/.sdkman/candidates/java/8.0.302-open/lib/ct.sym(META-INF/sym/rt.jar/java/util/Collection.class): major version 52 is newer than 51, the highest major version supported by this compiler.
    [javac]   It is recommended that the compiler be upgraded.
    [javac] warning: /root/.sdkman/candidates/java/8.0.302-open/lib/ct.sym(META-INF/sym/rt.jar/java/util/Map.class): major version 52 is newer than 51, the highest major version supported by this compiler.
    [javac]   It is recommended that the compiler be upgraded.
    [javac] warning: /root/.sdkman/candidates/java/8.0.302-open/lib/ct.sym(META-INF/sym/rt.jar/java/util/WeakHashMap.class): major version 52 is newer than 51, the highest major version supported by this compiler.
    [javac]   It is recommended that the compiler be upgraded.
    [javac] warning: /root/.sdkman/candidates/java/8.0.302-open/lib/ct.sym(META-INF/sym/rt.jar/java/lang/String.class): major version 52 is newer than 51, the highest major version supported by this compiler.
    [javac]   It is recommended that the compiler be upgraded.
    [javac] warning: /root/.sdkman/candidates/java/8.0.302-open/lib/ct.sym(META-INF/sym/rt.jar/java/lang/Class.class): major version 52 is newer than 51, the highest major version supported by this compiler.
    [javac]   It is recommended that the compiler be upgraded.
    [javac] warning: /root/.sdkman/candidates/java/8.0.302-open/lib/ct.sym(META-INF/sym/rt.jar/java/lang/ThreadLocal.class): major version 52 is newer than 51, the highest major version supported by this compiler.
    [javac]   It is recommended that the compiler be upgraded.
    [javac] warning: /root/.sdkman/candidates/java/8.0.302-open/lib/ct.sym(META-INF/sym/rt.jar/java/lang/StringBuffer.class): major version 52 is newer than 51, the highest major version supported by this compiler.
    [javac]   It is recommended that the compiler be upgraded.
    [javac] warning: /root/.sdkman/candidates/java/8.0.302-open/lib/ct.sym(META-INF/sym/rt.jar/java/lang/Boolean.class): major version 52 is newer than 51, the highest major version supported by this compiler.
    [javac]   It is recommended that the compiler be upgraded.
    [javac] warning: /root/.sdkman/candidates/java/8.0.302-open/lib/ct.sym(META-INF/sym/rt.jar/java/util/BitSet.class): major version 52 is newer than 51, the highest major version supported by this compiler.
    [javac]   It is recommended that the compiler be upgraded.
    [javac] warning: /root/.sdkman/candidates/java/8.0.302-open/lib/ct.sym(META-INF/sym/rt.jar/java/util/HashMap.class): major version 52 is newer than 51, the highest major version supported by this compiler.
    [javac]   It is recommended that the compiler be upgraded.
    [javac] warning: /root/.sdkman/candidates/java/8.0.302-open/lib/ct.sym(META-INF/sym/rt.jar/java/lang/Long.class): major version 52 is newer than 51, the highest major version supported by this compiler.
    [javac]   It is recommended that the compiler be upgraded.
    [javac] warning: /root/.sdkman/candidates/java/8.0.302-open/lib/ct.sym(META-INF/sym/rt.jar/java/lang/Integer.class): major version 52 is newer than 51, the highest major version supported by this compiler.
    [javac]   It is recommended that the compiler be upgraded.
    [javac] warning: /root/.sdkman/candidates/java/8.0.302-open/lib/ct.sym(META-INF/sym/rt.jar/java/lang/Short.class): major version 52 is newer than 51, the highest major version supported by this compiler.
    [javac]   It is recommended that the compiler be upgraded.
    [javac] warning: /root/.sdkman/candidates/java/8.0.302-open/lib/ct.sym(META-INF/sym/rt.jar/java/lang/Byte.class): major version 52 is newer than 51, the highest major version supported by this compiler.
    [javac]   It is recommended that the compiler be upgraded.
    [javac] warning: /root/.sdkman/candidates/java/8.0.302-open/lib/ct.sym(META-INF/sym/rt.jar/java/lang/Double.class): major version 52 is newer than 51, the highest major version supported by this compiler.
    [javac]   It is recommended that the compiler be upgraded.
    [javac] warning: /root/.sdkman/candidates/java/8.0.302-open/lib/ct.sym(META-INF/sym/rt.jar/java/lang/Float.class): major version 52 is newer than 51, the highest major version supported by this compiler.
    [javac]   It is recommended that the compiler be upgraded.
    [javac] warning: /root/.sdkman/candidates/java/8.0.302-open/lib/ct.sym(META-INF/sym/rt.jar/java/lang/Character.class): major version 52 is newer than 51, the highest major version supported by this compiler.
    [javac]   It is recommended that the compiler be upgraded.
    [javac] warning: /root/.sdkman/candidates/java/8.0.302-open/lib/ct.sym(META-INF/sym/rt.jar/java/nio/charset/Charset.class): major version 52 is newer than 51, the highest major version supported by this compiler.
    [javac]   It is recommended that the compiler be upgraded.
    [javac] warning: /root/.sdkman/candidates/java/8.0.302-open/lib/ct.sym(META-INF/sym/rt.jar/java/nio/charset/IllegalCharsetNameException.class): major version 52 is newer than 51, the highest major version supported by this compiler.
    [javac]   It is recommended that the compiler be upgraded.
    [javac] warning: /root/.sdkman/candidates/java/8.0.302-open/lib/ct.sym(META-INF/sym/rt.jar/java/util/Iterator.class): major version 52 is newer than 51, the highest major version supported by this compiler.
    [javac]   It is recommended that the compiler be upgraded.
    [javac] warning: /root/.sdkman/candidates/java/8.0.302-open/lib/ct.sym(META-INF/sym/rt.jar/java/util/NoSuchElementException.class): major version 52 is newer than 51, the highest major version supported by this compiler.
    [javac]   It is recommended that the compiler be upgraded.
    [javac] warning: /root/.sdkman/candidates/java/8.0.302-open/lib/ct.sym(META-INF/sym/rt.jar/java/lang/Iterable.class): major version 52 is newer than 51, the highest major version supported by this compiler.
    [javac]   It is recommended that the compiler be upgraded.
    [javac] warning: /root/.sdkman/candidates/java/8.0.302-open/lib/ct.sym(META-INF/sym/rt.jar/java/lang/CharSequence.class): major version 52 is newer than 51, the highest major version supported by this compiler.
    [javac]   It is recommended that the compiler be upgraded.
    [javac] warning: /root/.sdkman/candidates/java/8.0.302-open/lib/ct.sym(META-INF/sym/rt.jar/java/util/Collections.class): major version 52 is newer than 51, the highest major version supported by this compiler.
    [javac]   It is recommended that the compiler be upgraded.
    [javac] warning: /root/.sdkman/candidates/java/8.0.302-open/lib/ct.sym(META-INF/sym/rt.jar/java/util/HashSet.class): major version 52 is newer than 51, the highest major version supported by this compiler.
    [javac]   It is recommended that the compiler be upgraded.
    [javac] warning: /root/.sdkman/candidates/java/8.0.302-open/lib/ct.sym(META-INF/sym/rt.jar/java/util/Set.class): major version 52 is newer than 51, the highest major version supported by this compiler.
    [javac]   It is recommended that the compiler be upgraded.
    [javac] warning: /root/.sdkman/candidates/java/8.0.302-open/lib/ct.sym(META-INF/sym/rt.jar/java/lang/reflect/Modifier.class): major version 52 is newer than 51, the highest major version supported by this compiler.
    [javac]   It is recommended that the compiler be upgraded.
    [javac] warning: /root/.sdkman/candidates/java/8.0.302-open/lib/ct.sym(META-INF/sym/rt.jar/java/util/ArrayList.class): major version 52 is newer than 51, the highest major version supported by this compiler.
    [javac]   It is recommended that the compiler be upgraded.
    [javac] warning: /root/.sdkman/candidates/java/8.0.302-open/lib/ct.sym(META-INF/sym/rt.jar/java/util/LinkedHashSet.class): major version 52 is newer than 51, the highest major version supported by this compiler.
    [javac]   It is recommended that the compiler be upgraded.
    [javac] warning: /root/.sdkman/candidates/java/8.0.302-open/lib/ct.sym(META-INF/sym/rt.jar/java/util/List.class): major version 52 is newer than 51, the highest major version supported by this compiler.
    [javac]   It is recommended that the compiler be upgraded.
    [javac] warning: /root/.sdkman/candidates/java/8.0.302-open/lib/ct.sym(META-INF/sym/rt.jar/java/lang/ClassLoader.class): major version 52 is newer than 51, the highest major version supported by this compiler.
    [javac]   It is recommended that the compiler be upgraded.
    [javac] warning: /root/.sdkman/candidates/java/8.0.302-open/lib/ct.sym(META-INF/sym/rt.jar/java/lang/ClassNotFoundException.class): major version 52 is newer than 51, the highest major version supported by this compiler.
    [javac]   It is recommended that the compiler be upgraded.
    [javac] warning: /root/.sdkman/candidates/java/8.0.302-open/lib/ct.sym(META-INF/sym/rt.jar/java/lang/SecurityException.class): major version 52 is newer than 51, the highest major version supported by this compiler.
    [javac]   It is recommended that the compiler be upgraded.
    [javac] warning: /root/.sdkman/candidates/java/8.0.302-open/lib/ct.sym(META-INF/sym/rt.jar/java/lang/NoSuchMethodException.class): major version 52 is newer than 51, the highest major version supported by this compiler.
    [javac]   It is recommended that the compiler be upgraded.
    [javac] warning: /root/.sdkman/candidates/java/8.0.302-open/lib/ct.sym(META-INF/sym/rt.jar/java/util/UUID.class): major version 52 is newer than 51, the highest major version supported by this compiler.
    [javac]   It is recommended that the compiler be upgraded.
    [javac] warning: /root/.sdkman/candidates/java/8.0.302-open/lib/ct.sym(META-INF/sym/rt.jar/java/util/EnumSet.class): major version 52 is newer than 51, the highest major version supported by this compiler.
    [javac]   It is recommended that the compiler be upgraded.
    [javac] warning: /root/.sdkman/candidates/java/8.0.302-open/lib/ct.sym(META-INF/sym/rt.jar/java/util/LinkedHashMap.class): major version 52 is newer than 51, the highest major version supported by this compiler.
    [javac]   It is recommended that the compiler be upgraded.
    [javac] warning: /root/.sdkman/candidates/java/8.0.302-open/lib/ct.sym(META-INF/sym/rt.jar/java/lang/Enum.class): major version 52 is newer than 51, the highest major version supported by this compiler.
    [javac]   It is recommended that the compiler be upgraded.
    [javac] warning: /root/.sdkman/candidates/java/8.0.302-open/lib/ct.sym(META-INF/sym/rt.jar/java/lang/Comparable.class): major version 52 is newer than 51, the highest major version supported by this compiler.
    [javac]   It is recommended that the compiler be upgraded.
    [javac] warning: /root/.sdkman/candidates/java/8.0.302-open/lib/ct.sym(META-INF/sym/rt.jar/java/util/Locale.class): major version 52 is newer than 51, the highest major version supported by this compiler.
    [javac]   It is recommended that the compiler be upgraded.
    [javac] warning: /root/.sdkman/candidates/java/8.0.302-open/lib/ct.sym(META-INF/sym/rt.jar/java/util/concurrent/ConcurrentHashMap.class): major version 52 is newer than 51, the highest major version supported by this compiler.
    [javac]   It is recommended that the compiler be upgraded.
    [javac] warning: /root/.sdkman/candidates/java/8.0.302-open/lib/ct.sym(META-INF/sym/rt.jar/java/util/concurrent/ConcurrentMap.class): major version 52 is newer than 51, the highest major version supported by this compiler.
    [javac]   It is recommended that the compiler be upgraded.
    [javac] warning: /root/.sdkman/candidates/java/8.0.302-open/lib/ct.sym(META-INF/sym/rt.jar/java/util/Comparator.class): major version 52 is newer than 51, the highest major version supported by this compiler.
    [javac]   It is recommended that the compiler be upgraded.
    [javac] warning: /root/.sdkman/candidates/java/8.0.302-open/lib/ct.sym(META-INF/sym/rt.jar/java/util/TreeSet.class): major version 52 is newer than 51, the highest major version supported by this compiler.
    [javac]   It is recommended that the compiler be upgraded.
    [javac] warning: /root/.sdkman/candidates/java/8.0.302-open/lib/ct.sym(META-INF/sym/rt.jar/java/lang/IllegalArgumentException.class): major version 52 is newer than 51, the highest major version supported by this compiler.
    [javac]   It is recommended that the compiler be upgraded.
    [javac] warning: /root/.sdkman/candidates/java/8.0.302-open/lib/ct.sym(META-INF/sym/rt.jar/java/util/Random.class): major version 52 is newer than 51, the highest major version supported by this compiler.
    [javac]   It is recommended that the compiler be upgraded.
    [javac] warning: /root/.sdkman/candidates/java/8.0.302-open/lib/ct.sym(META-INF/sym/rt.jar/java/lang/SuppressWarnings.class): major version 52 is newer than 51, the highest major version supported by this compiler.
    [javac]   It is recommended that the compiler be upgraded.
    [javac] warning: /root/.sdkman/candidates/java/8.0.302-open/lib/ct.sym(META-INF/sym/rt.jar/java/lang/RuntimeException.class): major version 52 is newer than 51, the highest major version supported by this compiler.
    [javac]   It is recommended that the compiler be upgraded.
    [javac] warning: /root/.sdkman/candidates/java/8.0.302-open/lib/ct.sym(META-INF/sym/rt.jar/java/lang/Exception.class): major version 52 is newer than 51, the highest major version supported by this compiler.
    [javac]   It is recommended that the compiler be upgraded.
    [javac] warning: /root/.sdkman/candidates/java/8.0.302-open/lib/ct.sym(META-INF/sym/rt.jar/java/lang/Throwable.class): major version 52 is newer than 51, the highest major version supported by this compiler.
    [javac]   It is recommended that the compiler be upgraded.
    [javac] warning: /root/.sdkman/candidates/java/8.0.302-open/lib/ct.sym(META-INF/sym/rt.jar/java/io/ByteArrayInputStream.class): major version 52 is newer than 51, the highest major version supported by this compiler.
    [javac]   It is recommended that the compiler be upgraded.
    [javac] warning: /root/.sdkman/candidates/java/8.0.302-open/lib/ct.sym(META-INF/sym/rt.jar/java/io/ByteArrayOutputStream.class): major version 52 is newer than 51, the highest major version supported by this compiler.
    [javac]   It is recommended that the compiler be upgraded.
    [javac] warning: /root/.sdkman/candidates/java/8.0.302-open/lib/ct.sym(META-INF/sym/rt.jar/java/io/IOException.class): major version 52 is newer than 51, the highest major version supported by this compiler.
    [javac]   It is recommended that the compiler be upgraded.
    [javac] warning: /root/.sdkman/candidates/java/8.0.302-open/lib/ct.sym(META-INF/sym/rt.jar/java/io/InputStream.class): major version 52 is newer than 51, the highest major version supported by this compiler.
    [javac]   It is recommended that the compiler be upgraded.
    [javac] warning: /root/.sdkman/candidates/java/8.0.302-open/lib/ct.sym(META-INF/sym/rt.jar/java/io/ObjectInputStream.class): major version 52 is newer than 51, the highest major version supported by this compiler.
    [javac]   It is recommended that the compiler be upgraded.
    [javac] warning: /root/.sdkman/candidates/java/8.0.302-open/lib/ct.sym(META-INF/sym/rt.jar/java/io/ObjectOutputStream.class): major version 52 is newer than 51, the highest major version supported by this compiler.
    [javac]   It is recommended that the compiler be upgraded.
    [javac] warning: /root/.sdkman/candidates/java/8.0.302-open/lib/ct.sym(META-INF/sym/rt.jar/java/io/ObjectStreamClass.class): major version 52 is newer than 51, the highest major version supported by this compiler.
    [javac]   It is recommended that the compiler be upgraded.
    [javac] warning: /root/.sdkman/candidates/java/8.0.302-open/lib/ct.sym(META-INF/sym/rt.jar/java/io/OutputStream.class): major version 52 is newer than 51, the highest major version supported by this compiler.
    [javac]   It is recommended that the compiler be upgraded.
    [javac] warning: /root/.sdkman/candidates/java/8.0.302-open/lib/ct.sym(META-INF/sym/rt.jar/java/io/ObjectInput.class): major version 52 is newer than 51, the highest major version supported by this compiler.
    [javac]   It is recommended that the compiler be upgraded.
    [javac] warning: /root/.sdkman/candidates/java/8.0.302-open/lib/ct.sym(META-INF/sym/rt.jar/java/io/DataInput.class): major version 52 is newer than 51, the highest major version supported by this compiler.
    [javac]   It is recommended that the compiler be upgraded.
    [javac] warning: /root/.sdkman/candidates/java/8.0.302-open/lib/ct.sym(META-INF/sym/rt.jar/java/lang/AutoCloseable.class): major version 52 is newer than 51, the highest major version supported by this compiler.
    [javac]   It is recommended that the compiler be upgraded.
    [javac] warning: /root/.sdkman/candidates/java/8.0.302-open/lib/ct.sym(META-INF/sym/rt.jar/java/io/ObjectStreamConstants.class): major version 52 is newer than 51, the highest major version supported by this compiler.
    [javac]   It is recommended that the compiler be upgraded.
    [javac] warning: /root/.sdkman/candidates/java/8.0.302-open/lib/ct.sym(META-INF/sym/rt.jar/java/io/Closeable.class): major version 52 is newer than 51, the highest major version supported by this compiler.
    [javac]   It is recommended that the compiler be upgraded.
    [javac] warning: /root/.sdkman/candidates/java/8.0.302-open/lib/ct.sym(META-INF/sym/rt.jar/java/io/Writer.class): major version 52 is newer than 51, the highest major version supported by this compiler.
    [javac]   It is recommended that the compiler be upgraded.
    [javac] warning: /root/.sdkman/candidates/java/8.0.302-open/lib/ct.sym(META-INF/sym/rt.jar/java/io/StringWriter.class): major version 52 is newer than 51, the highest major version supported by this compiler.
    [javac]   It is recommended that the compiler be upgraded.
    [javac] warning: /root/.sdkman/candidates/java/8.0.302-open/lib/ct.sym(META-INF/sym/rt.jar/java/io/UnsupportedEncodingException.class): major version 52 is newer than 51, the highest major version supported by this compiler.
    [javac]   It is recommended that the compiler be upgraded.
    [javac] warning: /root/.sdkman/candidates/java/8.0.302-open/lib/ct.sym(META-INF/sym/rt.jar/java/text/Normalizer.class): major version 52 is newer than 51, the highest major version supported by this compiler.
    [javac]   It is recommended that the compiler be upgraded.
    [javac] warning: /root/.sdkman/candidates/java/8.0.302-open/lib/ct.sym(META-INF/sym/rt.jar/java/util/regex/Pattern.class): major version 52 is newer than 51, the highest major version supported by this compiler.
    [javac]   It is recommended that the compiler be upgraded.
    [javac] warning: /root/.sdkman/candidates/java/8.0.302-open/lib/ct.sym(META-INF/sym/rt.jar/java/io/File.class): major version 52 is newer than 51, the highest major version supported by this compiler.
    [javac]   It is recommended that the compiler be upgraded.
    [javac] warning: /root/.sdkman/candidates/java/8.0.302-open/lib/ct.sym(META-INF/sym/rt.jar/java/lang/reflect/AccessibleObject.class): major version 52 is newer than 51, the highest major version supported by this compiler.
    [javac]   It is recommended that the compiler be upgraded.
    [javac] warning: /root/.sdkman/candidates/java/8.0.302-open/lib/ct.sym(META-INF/sym/rt.jar/java/lang/reflect/Field.class): major version 52 is newer than 51, the highest major version supported by this compiler.
    [javac]   It is recommended that the compiler be upgraded.
    [javac] warning: /root/.sdkman/candidates/java/8.0.302-open/lib/ct.sym(META-INF/sym/rt.jar/java/util/Map$Entry.class): major version 52 is newer than 51, the highest major version supported by this compiler.
    [javac]   It is recommended that the compiler be upgraded.
    [javac] warning: /root/.sdkman/candidates/java/8.0.302-open/lib/ct.sym(META-INF/sym/rt.jar/java/lang/IllegalAccessException.class): major version 52 is newer than 51, the highest major version supported by this compiler.
    [javac]   It is recommended that the compiler be upgraded.
    [javac] warning: /root/.sdkman/candidates/java/8.0.302-open/lib/ct.sym(META-INF/sym/rt.jar/java/util/concurrent/atomic/AtomicReference.class): major version 52 is newer than 51, the highest major version supported by this compiler.
    [javac]   It is recommended that the compiler be upgraded.
    [javac] warning: /root/.sdkman/candidates/java/8.0.302-open/lib/ct.sym(META-INF/sym/rt.jar/java/util/concurrent/Callable.class): major version 52 is newer than 51, the highest major version supported by this compiler.
    [javac]   It is recommended that the compiler be upgraded.
    [javac] warning: /root/.sdkman/candidates/java/8.0.302-open/lib/ct.sym(META-INF/sym/rt.jar/java/util/concurrent/ExecutionException.class): major version 52 is newer than 51, the highest major version supported by this compiler.
    [javac]   It is recommended that the compiler be upgraded.
    [javac] warning: /root/.sdkman/candidates/java/8.0.302-open/lib/ct.sym(META-INF/sym/rt.jar/java/util/concurrent/ExecutorService.class): major version 52 is newer than 51, the highest major version supported by this compiler.
    [javac]   It is recommended that the compiler be upgraded.
    [javac] warning: /root/.sdkman/candidates/java/8.0.302-open/lib/ct.sym(META-INF/sym/rt.jar/java/util/concurrent/Executors.class): major version 52 is newer than 51, the highest major version supported by this compiler.
    [javac]   It is recommended that the compiler be upgraded.
    [javac] warning: /root/.sdkman/candidates/java/8.0.302-open/lib/ct.sym(META-INF/sym/rt.jar/java/util/concurrent/Future.class): major version 52 is newer than 51, the highest major version supported by this compiler.
    [javac]   It is recommended that the compiler be upgraded.
    [javac] warning: /root/.sdkman/candidates/java/8.0.302-open/lib/ct.sym(META-INF/sym/rt.jar/java/util/concurrent/ThreadFactory.class): major version 52 is newer than 51, the highest major version supported by this compiler.
    [javac]   It is recommended that the compiler be upgraded.
    [javac] warning: /root/.sdkman/candidates/java/8.0.302-open/lib/ct.sym(META-INF/sym/rt.jar/java/util/concurrent/atomic/AtomicLong.class): major version 52 is newer than 51, the highest major version supported by this compiler.
    [javac]   It is recommended that the compiler be upgraded.
    [javac] warning: /root/.sdkman/candidates/java/8.0.302-open/lib/ct.sym(META-INF/sym/rt.jar/java/lang/Thread.class): major version 52 is newer than 51, the highest major version supported by this compiler.
    [javac]   It is recommended that the compiler be upgraded.
    [javac] warning: /root/.sdkman/candidates/java/8.0.302-open/lib/ct.sym(META-INF/sym/rt.jar/java/lang/Thread$UncaughtExceptionHandler.class): major version 52 is newer than 51, the highest major version supported by this compiler.
    [javac]   It is recommended that the compiler be upgraded.
    [javac] warning: /root/.sdkman/candidates/java/8.0.302-open/lib/ct.sym(META-INF/sym/rt.jar/java/lang/Runnable.class): major version 52 is newer than 51, the highest major version supported by this compiler.
    [javac]   It is recommended that the compiler be upgraded.
    [javac] warning: /root/.sdkman/candidates/java/8.0.302-open/lib/ct.sym(META-INF/sym/rt.jar/java/util/concurrent/TimeUnit.class): major version 52 is newer than 51, the highest major version supported by this compiler.
    [javac]   It is recommended that the compiler be upgraded.
    [javac] warning: /root/.sdkman/candidates/java/8.0.302-open/lib/ct.sym(META-INF/sym/rt.jar/java/util/concurrent/ScheduledExecutorService.class): major version 52 is newer than 51, the highest major version supported by this compiler.
    [javac]   It is recommended that the compiler be upgraded.
    [javac] warning: /root/.sdkman/candidates/java/8.0.302-open/lib/ct.sym(META-INF/sym/rt.jar/java/util/concurrent/ScheduledFuture.class): major version 52 is newer than 51, the highest major version supported by this compiler.
    [javac]   It is recommended that the compiler be upgraded.
    [javac] warning: /root/.sdkman/candidates/java/8.0.302-open/lib/ct.sym(META-INF/sym/rt.jar/java/util/concurrent/ScheduledThreadPoolExecutor.class): major version 52 is newer than 51, the highest major version supported by this compiler.
    [javac]   It is recommended that the compiler be upgraded.
    [javac] warning: /root/.sdkman/candidates/java/8.0.302-open/lib/ct.sym(META-INF/sym/rt.jar/java/lang/InterruptedException.class): major version 52 is newer than 51, the highest major version supported by this compiler.
    [javac]   It is recommended that the compiler be upgraded.
    [javac] warning: /root/.sdkman/candidates/java/8.0.302-open/lib/ct.sym(META-INF/sym/rt.jar/java/lang/reflect/InvocationHandler.class): major version 52 is newer than 51, the highest major version supported by this compiler.
    [javac]   It is recommended that the compiler be upgraded.
    [javac] warning: /root/.sdkman/candidates/java/8.0.302-open/lib/ct.sym(META-INF/sym/rt.jar/java/lang/reflect/Proxy.class): major version 52 is newer than 51, the highest major version supported by this compiler.
    [javac]   It is recommended that the compiler be upgraded.
    [javac] warning: /root/.sdkman/candidates/java/8.0.302-open/lib/ct.sym(META-INF/sym/rt.jar/java/util/concurrent/CopyOnWriteArrayList.class): major version 52 is newer than 51, the highest major version supported by this compiler.
    [javac]   It is recommended that the compiler be upgraded.
    [javac] 100 warnings

compile.gen.tests:
     [echo] classes.dir: target/classes
     [echo] build.home: target
    [mkdir] Created dir: /tmp/fix_test_suite.pl_5916_1702628952/.classes_testgen
    [javac] /defects4j/framework/projects/defects4j.build.xml:265: warning: 'includeantruntime' was not set, defaulting to build.sysclasspath=last; set to false for repeatable builds
    [javac] Compiling 1 source file to /tmp/fix_test_suite.pl_5916_1702628952/.classes_testgen
    [javac] warning: /root/.sdkman/candidates/java/8.0.302-open/lib/ct.sym(META-INF/sym/rt.jar/java/lang/Enum.class): major version 52 is newer than 51, the highest major version supported by this compiler.
    [javac]   It is recommended that the compiler be upgraded.
    [javac] warning: /root/.sdkman/candidates/java/8.0.302-open/lib/ct.sym(META-INF/sym/rt.jar/java/lang/Object.class): major version 52 is newer than 51, the highest major version supported by this compiler.
    [javac]   It is recommended that the compiler be upgraded.
    [javac] warning: /root/.sdkman/candidates/java/8.0.302-open/lib/ct.sym(META-INF/sym/rt.jar/java/lang/Comparable.class): major version 52 is newer than 51, the highest major version supported by this compiler.
    [javac]   It is recommended that the compiler be upgraded.
    [javac] warning: /root/.sdkman/candidates/java/8.0.302-open/lib/ct.sym(META-INF/sym/rt.jar/java/io/Serializable.class): major version 52 is newer than 51, the highest major version supported by this compiler.
    [javac]   It is recommended that the compiler be upgraded.
    [javac] warning: /root/.sdkman/candidates/java/8.0.302-open/lib/ct.sym(META-INF/sym/rt.jar/java/lang/reflect/Constructor.class): major version 52 is newer than 51, the highest major version supported by this compiler.
    [javac]   It is recommended that the compiler be upgraded.
    [javac] warning: /root/.sdkman/candidates/java/8.0.302-open/lib/ct.sym(META-INF/sym/rt.jar/java/lang/reflect/Modifier.class): major version 52 is newer than 51, the highest major version supported by this compiler.
    [javac]   It is recommended that the compiler be upgraded.
    [javac] warning: /root/.sdkman/candidates/java/8.0.302-open/lib/ct.sym(META-INF/sym/rt.jar/java/util/Arrays.class): major version 52 is newer than 51, the highest major version supported by this compiler.
    [javac]   It is recommended that the compiler be upgraded.
    [javac] warning: /root/.sdkman/candidates/java/8.0.302-open/lib/ct.sym(META-INF/sym/rt.jar/java/util/Collection.class): major version 52 is newer than 51, the highest major version supported by this compiler.
    [javac]   It is recommended that the compiler be upgraded.
    [javac] warning: /root/.sdkman/candidates/java/8.0.302-open/lib/ct.sym(META-INF/sym/rt.jar/java/util/HashSet.class): major version 52 is newer than 51, the highest major version supported by this compiler.
    [javac]   It is recommended that the compiler be upgraded.
    [javac] warning: /root/.sdkman/candidates/java/8.0.302-open/lib/ct.sym(META-INF/sym/rt.jar/java/util/Iterator.class): major version 52 is newer than 51, the highest major version supported by this compiler.
    [javac]   It is recommended that the compiler be upgraded.
    [javac] warning: /root/.sdkman/candidates/java/8.0.302-open/lib/ct.sym(META-INF/sym/rt.jar/java/util/List.class): major version 52 is newer than 51, the highest major version supported by this compiler.
    [javac]   It is recommended that the compiler be upgraded.
    [javac] warning: /root/.sdkman/candidates/java/8.0.302-open/lib/ct.sym(META-INF/sym/rt.jar/java/util/Locale.class): major version 52 is newer than 51, the highest major version supported by this compiler.
    [javac]   It is recommended that the compiler be upgraded.
    [javac] warning: /root/.sdkman/candidates/java/8.0.302-open/lib/ct.sym(META-INF/sym/rt.jar/java/util/Set.class): major version 52 is newer than 51, the highest major version supported by this compiler.
    [javac]   It is recommended that the compiler be upgraded.
    [javac] /root/.sdkman/candidates/java/8.0.302-open/lib/ct.sym(META-INF/sym/rt.jar/java/lang/Enum.class): warning: Cannot find annotation method 'value()' in type 'Profile+Annotation': class file for jdk.Profile+Annotation not found
    [javac] /root/.sdkman/candidates/java/8.0.302-open/lib/ct.sym(META-INF/sym/rt.jar/java/lang/Object.class): warning: Cannot find annotation method 'value()' in type 'Profile+Annotation'
    [javac] /root/.sdkman/candidates/java/8.0.302-open/lib/ct.sym(META-INF/sym/rt.jar/java/lang/Comparable.class): warning: Cannot find annotation method 'value()' in type 'Profile+Annotation'
    [javac] /root/.sdkman/candidates/java/8.0.302-open/lib/ct.sym(META-INF/sym/rt.jar/java/io/Serializable.class): warning: Cannot find annotation method 'value()' in type 'Profile+Annotation'
    [javac] /root/.sdkman/candidates/java/8.0.302-open/lib/ct.sym(META-INF/sym/rt.jar/java/lang/reflect/Constructor.class): warning: Cannot find annotation method 'value()' in type 'Profile+Annotation'
    [javac] /root/.sdkman/candidates/java/8.0.302-open/lib/ct.sym(META-INF/sym/rt.jar/java/lang/reflect/Modifier.class): warning: Cannot find annotation method 'value()' in type 'Profile+Annotation'
    [javac] /root/.sdkman/candidates/java/8.0.302-open/lib/ct.sym(META-INF/sym/rt.jar/java/util/Arrays.class): warning: Cannot find annotation method 'value()' in type 'Profile+Annotation'
    [javac] /root/.sdkman/candidates/java/8.0.302-open/lib/ct.sym(META-INF/sym/rt.jar/java/util/Collection.class): warning: Cannot find annotation method 'value()' in type 'Profile+Annotation'
    [javac] /root/.sdkman/candidates/java/8.0.302-open/lib/ct.sym(META-INF/sym/rt.jar/java/util/HashSet.class): warning: Cannot find annotation method 'value()' in type 'Profile+Annotation'
    [javac] /root/.sdkman/candidates/java/8.0.302-open/lib/ct.sym(META-INF/sym/rt.jar/java/util/Iterator.class): warning: Cannot find annotation method 'value()' in type 'Profile+Annotation'
    [javac] /root/.sdkman/candidates/java/8.0.302-open/lib/ct.sym(META-INF/sym/rt.jar/java/util/List.class): warning: Cannot find annotation method 'value()' in type 'Profile+Annotation'
    [javac] /root/.sdkman/candidates/java/8.0.302-open/lib/ct.sym(META-INF/sym/rt.jar/java/util/Locale.class): warning: Cannot find annotation method 'value()' in type 'Profile+Annotation'
    [javac] /root/.sdkman/candidates/java/8.0.302-open/lib/ct.sym(META-INF/sym/rt.jar/java/util/Set.class): warning: Cannot find annotation method 'value()' in type 'Profile+Annotation'
    [javac] warning: /root/.sdkman/candidates/java/8.0.302-open/lib/ct.sym(META-INF/sym/rt.jar/java/lang/annotation/Retention.class): major version 52 is newer than 51, the highest major version supported by this compiler.
    [javac]   It is recommended that the compiler be upgraded.
    [javac] warning: /root/.sdkman/candidates/java/8.0.302-open/lib/ct.sym(META-INF/sym/rt.jar/java/lang/annotation/RetentionPolicy.class): major version 52 is newer than 51, the highest major version supported by this compiler.
    [javac]   It is recommended that the compiler be upgraded.
    [javac] warning: /root/.sdkman/candidates/java/8.0.302-open/lib/ct.sym(META-INF/sym/rt.jar/java/lang/annotation/Target.class): major version 52 is newer than 51, the highest major version supported by this compiler.
    [javac]   It is recommended that the compiler be upgraded.
    [javac] warning: /root/.sdkman/candidates/java/8.0.302-open/lib/ct.sym(META-INF/sym/rt.jar/java/lang/annotation/ElementType.class): major version 52 is newer than 51, the highest major version supported by this compiler.
    [javac]   It is recommended that the compiler be upgraded.
    [javac] warning: /root/.sdkman/candidates/java/8.0.302-open/lib/ct.sym(META-INF/sym/rt.jar/java/lang/annotation/Annotation.class): major version 52 is newer than 51, the highest major version supported by this compiler.
    [javac]   It is recommended that the compiler be upgraded.
    [javac] /root/.sdkman/candidates/java/8.0.302-open/lib/ct.sym(META-INF/sym/rt.jar/java/lang/annotation/Retention.class): warning: Cannot find annotation method 'value()' in type 'Profile+Annotation'
    [javac] /root/.sdkman/candidates/java/8.0.302-open/lib/ct.sym(META-INF/sym/rt.jar/java/lang/annotation/RetentionPolicy.class): warning: Cannot find annotation method 'value()' in type 'Profile+Annotation'
    [javac] /root/.sdkman/candidates/java/8.0.302-open/lib/ct.sym(META-INF/sym/rt.jar/java/lang/annotation/Target.class): warning: Cannot find annotation method 'value()' in type 'Profile+Annotation'
    [javac] /root/.sdkman/candidates/java/8.0.302-open/lib/ct.sym(META-INF/sym/rt.jar/java/lang/annotation/ElementType.class): warning: Cannot find annotation method 'value()' in type 'Profile+Annotation'
    [javac] /root/.sdkman/candidates/java/8.0.302-open/lib/ct.sym(META-INF/sym/rt.jar/java/lang/annotation/Annotation.class): warning: Cannot find annotation method 'value()' in type 'Profile+Annotation'
    [javac] warning: /root/.sdkman/candidates/java/8.0.302-open/lib/ct.sym(META-INF/sym/rt.jar/java/lang/AutoCloseable.class): major version 52 is newer than 51, the highest major version supported by this compiler.
    [javac]   It is recommended that the compiler be upgraded.
    [javac] /root/.sdkman/candidates/java/8.0.302-open/lib/ct.sym(META-INF/sym/rt.jar/java/lang/AutoCloseable.class): warning: Cannot find annotation method 'value()' in type 'Profile+Annotation'
    [javac] warning: /root/.sdkman/candidates/java/8.0.302-open/lib/ct.sym(META-INF/sym/rt.jar/java/lang/String.class): major version 52 is newer than 51, the highest major version supported by this compiler.
    [javac]   It is recommended that the compiler be upgraded.
    [javac] /root/.sdkman/candidates/java/8.0.302-open/lib/ct.sym(META-INF/sym/rt.jar/java/lang/String.class): warning: Cannot find annotation method 'value()' in type 'Profile+Annotation'
    [javac] /tmp/fix_test_suite.pl_5916_1702628952/llm/org/apache/commons/lang3/LocaleUtils_LLMTest.java:24: error: cannot find symbol
    [javac]         assertValidToLocale("fu_E", "fu", "", "E");
    [javac]         ^
    [javac]   symbol:   method assertValidToLocale(String,String,String,String)
    [javac]   location: class LocaleUtils_LLMTest
    [javac] /tmp/fix_test_suite.pl_5916_1702628952/llm/org/apache/commons/lang3/LocaleUtils_LLMTest.java:25: error: cannot find symbol
    [javac]         assertValidToLocale("fu_EPOSIX", "fu", "", "EPOSIX");
    [javac]         ^
    [javac]   symbol:   method assertValidToLocale(String,String,String,String)
    [javac]   location: class LocaleUtils_LLMTest
    [javac] /tmp/fix_test_suite.pl_5916_1702628952/llm/org/apache/commons/lang3/LocaleUtils_LLMTest.java:29: error: cannot find symbol
    [javac]         assertValidToLocale("up_US", "up", "US");
    [javac]         ^
    [javac]   symbol:   method assertValidToLocale(String,String,String)
    [javac]   location: class LocaleUtils_LLMTest
    [javac] /tmp/fix_test_suite.pl_5916_1702628952/llm/org/apache/commons/lang3/LocaleUtils_LLMTest.java:31: error: cannot find symbol
    [javac]         assertValidToLocale("up_ES", "up", "ES");
    [javac]         ^
    [javac]   symbol:   method assertValidToLocale(String,String,String)
    [javac]   location: class LocaleUtils_LLMTest
    [javac] warning: /root/.sdkman/candidates/java/8.0.302-open/lib/ct.sym(META-INF/sym/rt.jar/java/lang/IllegalArgumentException.class): major version 52 is newer than 51, the highest major version supported by this compiler.
    [javac]   It is recommended that the compiler be upgraded.
    [javac] /root/.sdkman/candidates/java/8.0.302-open/lib/ct.sym(META-INF/sym/rt.jar/java/lang/IllegalArgumentException.class): warning: Cannot find annotation method 'value()' in type 'Profile+Annotation'
    [javac] warning: /root/.sdkman/candidates/java/8.0.302-open/lib/ct.sym(META-INF/sym/rt.jar/java/lang/RuntimeException.class): major version 52 is newer than 51, the highest major version supported by this compiler.
    [javac]   It is recommended that the compiler be upgraded.
    [javac] /root/.sdkman/candidates/java/8.0.302-open/lib/ct.sym(META-INF/sym/rt.jar/java/lang/RuntimeException.class): warning: Cannot find annotation method 'value()' in type 'Profile+Annotation'
    [javac] warning: /root/.sdkman/candidates/java/8.0.302-open/lib/ct.sym(META-INF/sym/rt.jar/java/lang/Exception.class): major version 52 is newer than 51, the highest major version supported by this compiler.
    [javac]   It is recommended that the compiler be upgraded.
    [javac] /root/.sdkman/candidates/java/8.0.302-open/lib/ct.sym(META-INF/sym/rt.jar/java/lang/Exception.class): warning: Cannot find annotation method 'value()' in type 'Profile+Annotation'
    [javac] warning: /root/.sdkman/candidates/java/8.0.302-open/lib/ct.sym(META-INF/sym/rt.jar/java/lang/Throwable.class): major version 52 is newer than 51, the highest major version supported by this compiler.
    [javac]   It is recommended that the compiler be upgraded.
    [javac] /root/.sdkman/candidates/java/8.0.302-open/lib/ct.sym(META-INF/sym/rt.jar/java/lang/Throwable.class): warning: Cannot find annotation method 'value()' in type 'Profile+Annotation'
    [javac] /tmp/fix_test_suite.pl_5916_1702628952/llm/org/apache/commons/lang3/LocaleUtils_LLMTest.java:60: error: cannot find symbol
    [javac]         assertValidToLocale("_NP", "", "NP", "");
    [javac]         ^
    [javac]   symbol:   method assertValidToLocale(String,String,String,String)
    [javac]   location: class LocaleUtils_LLMTest
    [javac] /tmp/fix_test_suite.pl_5916_1702628952/llm/org/apache/commons/lang3/LocaleUtils_LLMTest.java:61: error: cannot find symbol
    [javac]         assertValidToLocale("_NP_P", "", "NP", "P");
    [javac]         ^
    [javac]   symbol:   method assertValidToLocale(String,String,String,String)
    [javac]   location: class LocaleUtils_LLMTest
    [javac] /tmp/fix_test_suite.pl_5916_1702628952/llm/org/apache/commons/lang3/LocaleUtils_LLMTest.java:62: error: cannot find symbol
    [javac]         assertValidToLocale("_NP_POSIX", "", "NP", "POSIX");
    [javac]         ^
    [javac]   symbol:   method assertValidToLocale(String,String,String,String)
    [javac]   location: class LocaleUtils_LLMTest
    [javac] /tmp/fix_test_suite.pl_5916_1702628952/llm/org/apache/commons/lang3/LocaleUtils_LLMTest.java:101: error: cannot find symbol
    [javac]         assertValidToLocale("jp_JP_A", "jp", "JP", "A");
    [javac]         ^
    [javac]   symbol:   method assertValidToLocale(String,String,String,String)
    [javac]   location: class LocaleUtils_LLMTest
    [javac] /tmp/fix_test_suite.pl_5916_1702628952/llm/org/apache/commons/lang3/LocaleUtils_LLMTest.java:105: error: cannot find symbol
    [javac]             assertValidToLocale("jp_JP_a", "jp", "JP", "a");
    [javac]             ^
    [javac]   symbol:   method assertValidToLocale(String,String,String,String)
    [javac]   location: class LocaleUtils_LLMTest
    [javac] /tmp/fix_test_suite.pl_5916_1702628952/llm/org/apache/commons/lang3/LocaleUtils_LLMTest.java:106: error: cannot find symbol
    [javac]             assertValidToLocale("jp_JP_ZFsavgFsfGa", "jp", "JP", "ZFsavgFsfGa");
    [javac]             ^
    [javac]   symbol:   method assertValidToLocale(String,String,String,String)
    [javac]   location: class LocaleUtils_LLMTest
    [javac] /tmp/fix_test_suite.pl_5916_1702628952/llm/org/apache/commons/lang3/LocaleUtils_LLMTest.java:108: error: cannot find symbol
    [javac]             assertValidToLocale("jp_JP_a", "jp", "JP", "A");
    [javac]             ^
    [javac]   symbol:   method assertValidToLocale(String,String,String,String)
    [javac]   location: class LocaleUtils_LLMTest
    [javac] /tmp/fix_test_suite.pl_5916_1702628952/llm/org/apache/commons/lang3/LocaleUtils_LLMTest.java:109: error: cannot find symbol
    [javac]             assertValidToLocale("jp_JP_ZFsavgFsfGa", "jp", "JP", "ZFSAVGFSFGA");
    [javac]             ^
    [javac]   symbol:   method assertValidToLocale(String,String,String,String)
    [javac]   location: class LocaleUtils_LLMTest
    [javac] /tmp/fix_test_suite.pl_5916_1702628952/llm/org/apache/commons/lang3/LocaleUtils_LLMTest.java:125: error: cannot find symbol
    [javac]         assertValidToLocale("jp");
    [javac]         ^
    [javac]   symbol:   method assertValidToLocale(String)
    [javac]   location: class LocaleUtils_LLMTest
    [javac] /tmp/fix_test_suite.pl_5916_1702628952/llm/org/apache/commons/lang3/LocaleUtils_LLMTest.java:126: error: cannot find symbol
    [javac]         assertValidToLocale("it");
    [javac]         ^
    [javac]   symbol:   method assertValidToLocale(String)
    [javac]   location: class LocaleUtils_LLMTest
    [javac] /tmp/fix_test_suite.pl_5916_1702628952/llm/org/apache/commons/lang3/LocaleUtils_LLMTest.java:127: error: cannot find symbol
    [javac]         assertValidToLocale("us");
    [javac]         ^
    [javac]   symbol:   method assertValidToLocale(String)
    [javac]   location: class LocaleUtils_LLMTest
    [javac] /tmp/fix_test_suite.pl_5916_1702628952/llm/org/apache/commons/lang3/LocaleUtils_LLMTest.java:128: error: cannot find symbol
    [javac]         assertValidToLocale("au");
    [javac]         ^
    [javac]   symbol:   method assertValidToLocale(String)
    [javac]   location: class LocaleUtils_LLMTest
    [javac] /tmp/fix_test_suite.pl_5916_1702628952/llm/org/apache/commons/lang3/LocaleUtils_LLMTest.java:130: error: cannot find symbol
    [javac]         assertValidToLocale("cc");
    [javac]         ^
    [javac]   symbol:   method assertValidToLocale(String)
    [javac]   location: class LocaleUtils_LLMTest
    [javac] /tmp/fix_test_suite.pl_5916_1702628952/llm/org/apache/commons/lang3/LocaleUtils_LLMTest.java:166: error: cannot find symbol
    [javac]         assertLocaleLookupList(null, null, new Locale[0]);
    [javac]         ^
    [javac]   symbol:   method assertLocaleLookupList(<null>,<null>,Locale[])
    [javac]   location: class LocaleUtils_LLMTest
    [javac] /tmp/fix_test_suite.pl_5916_1702628952/llm/org/apache/commons/lang3/LocaleUtils_LLMTest.java:167: error: cannot find symbol
    [javac]         assertLocaleLookupList(LOCALE_QQ, null, new Locale[]{LOCALE_QQ});
    [javac]                                ^
    [javac]   symbol:   variable LOCALE_QQ
    [javac]   location: class LocaleUtils_LLMTest
    [javac] /tmp/fix_test_suite.pl_5916_1702628952/llm/org/apache/commons/lang3/LocaleUtils_LLMTest.java:167: error: cannot find symbol
    [javac]         assertLocaleLookupList(LOCALE_QQ, null, new Locale[]{LOCALE_QQ});
    [javac]                                                              ^
    [javac]   symbol:   variable LOCALE_QQ
    [javac]   location: class LocaleUtils_LLMTest
    [javac] /tmp/fix_test_suite.pl_5916_1702628952/llm/org/apache/commons/lang3/LocaleUtils_LLMTest.java:168: error: cannot find symbol
    [javac]         assertLocaleLookupList(LOCALE_EN, null, new Locale[]{LOCALE_EN});
    [javac]                                ^
    [javac]   symbol:   variable LOCALE_EN
    [javac]   location: class LocaleUtils_LLMTest
    [javac] /tmp/fix_test_suite.pl_5916_1702628952/llm/org/apache/commons/lang3/LocaleUtils_LLMTest.java:168: error: cannot find symbol
    [javac]         assertLocaleLookupList(LOCALE_EN, null, new Locale[]{LOCALE_EN});
    [javac]                                                              ^
    [javac]   symbol:   variable LOCALE_EN
    [javac]   location: class LocaleUtils_LLMTest
    [javac] /tmp/fix_test_suite.pl_5916_1702628952/llm/org/apache/commons/lang3/LocaleUtils_LLMTest.java:169: error: cannot find symbol
    [javac]         assertLocaleLookupList(LOCALE_EN, null, new Locale[]{LOCALE_EN});
    [javac]                                ^
    [javac]   symbol:   variable LOCALE_EN
    [javac]   location: class LocaleUtils_LLMTest
    [javac] /tmp/fix_test_suite.pl_5916_1702628952/llm/org/apache/commons/lang3/LocaleUtils_LLMTest.java:169: error: cannot find symbol
    [javac]         assertLocaleLookupList(LOCALE_EN, null, new Locale[]{LOCALE_EN});
    [javac]                                                              ^
    [javac]   symbol:   variable LOCALE_EN
    [javac]   location: class LocaleUtils_LLMTest
    [javac] /tmp/fix_test_suite.pl_5916_1702628952/llm/org/apache/commons/lang3/LocaleUtils_LLMTest.java:170: error: cannot find symbol
    [javac]         assertLocaleLookupList(LOCALE_EN_US, null,
    [javac]                                ^
    [javac]   symbol:   variable LOCALE_EN_US
    [javac]   location: class LocaleUtils_LLMTest
    [javac] /tmp/fix_test_suite.pl_5916_1702628952/llm/org/apache/commons/lang3/LocaleUtils_LLMTest.java:172: error: cannot find symbol
    [javac]                 LOCALE_EN_US,
    [javac]                 ^
    [javac]   symbol:   variable LOCALE_EN_US
    [javac]   location: class LocaleUtils_LLMTest
    [javac] /tmp/fix_test_suite.pl_5916_1702628952/llm/org/apache/commons/lang3/LocaleUtils_LLMTest.java:173: error: cannot find symbol
    [javac]                 LOCALE_EN});
    [javac]                 ^
    [javac]   symbol:   variable LOCALE_EN
    [javac]   location: class LocaleUtils_LLMTest
    [javac] /tmp/fix_test_suite.pl_5916_1702628952/llm/org/apache/commons/lang3/LocaleUtils_LLMTest.java:174: error: cannot find symbol
    [javac]         assertLocaleLookupList(LOCALE_EN_US_ZZZZ, null,
    [javac]                                ^
    [javac]   symbol:   variable LOCALE_EN_US_ZZZZ
    [javac]   location: class LocaleUtils_LLMTest
    [javac] /tmp/fix_test_suite.pl_5916_1702628952/llm/org/apache/commons/lang3/LocaleUtils_LLMTest.java:176: error: cannot find symbol
    [javac]                 LOCALE_EN_US_ZZZZ,
    [javac]                 ^
    [javac]   symbol:   variable LOCALE_EN_US_ZZZZ
    [javac]   location: class LocaleUtils_LLMTest
    [javac] /tmp/fix_test_suite.pl_5916_1702628952/llm/org/apache/commons/lang3/LocaleUtils_LLMTest.java:177: error: cannot find symbol
    [javac]                 LOCALE_EN_US,
    [javac]                 ^
    [javac]   symbol:   variable LOCALE_EN_US
    [javac]   location: class LocaleUtils_LLMTest
    [javac] /tmp/fix_test_suite.pl_5916_1702628952/llm/org/apache/commons/lang3/LocaleUtils_LLMTest.java:178: error: cannot find symbol
    [javac]                 LOCALE_EN});
    [javac]                 ^
    [javac]   symbol:   variable LOCALE_EN
    [javac]   location: class LocaleUtils_LLMTest
    [javac] /tmp/fix_test_suite.pl_5916_1702628952/llm/org/apache/commons/lang3/LocaleUtils_LLMTest.java:181: error: cannot find symbol
    [javac]         assertLocaleLookupList(LOCALE_FR, null, new Locale[]{LOCALE_FR});
    [javac]                                ^
    [javac]   symbol:   variable LOCALE_FR
    [javac]   location: class LocaleUtils_LLMTest
    [javac] /tmp/fix_test_suite.pl_5916_1702628952/llm/org/apache/commons/lang3/LocaleUtils_LLMTest.java:181: error: cannot find symbol
    [javac]         assertLocaleLookupList(LOCALE_FR, null, new Locale[]{LOCALE_FR});
    [javac]                                                              ^
    [javac]   symbol:   variable LOCALE_FR
    [javac]   location: class LocaleUtils_LLMTest
    [javac] /tmp/fix_test_suite.pl_5916_1702628952/llm/org/apache/commons/lang3/LocaleUtils_LLMTest.java:182: error: cannot find symbol
    [javac]         assertLocaleLookupList(LOCALE_FR_CA, null, new Locale[]{LOCALE_FR_CA});
    [javac]                                ^
    [javac]   symbol:   variable LOCALE_FR_CA
    [javac]   location: class LocaleUtils_LLMTest
    [javac] /tmp/fix_test_suite.pl_5916_1702628952/llm/org/apache/commons/lang3/LocaleUtils_LLMTest.java:182: error: cannot find symbol
    [javac]         assertLocaleLookupList(LOCALE_FR_CA, null, new Locale[]{LOCALE_FR_CA});
    [javac]                                                                 ^
    [javac]   symbol:   variable LOCALE_FR_CA
    [javac]   location: class LocaleUtils_LLMTest
    [javac] /tmp/fix_test_suite.pl_5916_1702628952/llm/org/apache/commons/lang3/LocaleUtils_LLMTest.java:183: error: cannot find symbol
    [javac]         assertLocaleLookupList(LOCALE_ES, null, new Locale[]{LOCALE_ES});
    [javac]                                ^
    [javac]   symbol:   variable LOCALE_ES
    [javac]   location: class LocaleUtils_LLMTest
    [javac] /tmp/fix_test_suite.pl_5916_1702628952/llm/org/apache/commons/lang3/LocaleUtils_LLMTest.java:183: error: cannot find symbol
    [javac]         assertLocaleLookupList(LOCALE_ES, null, new Locale[]{LOCALE_ES});
    [javac]                                                              ^
    [javac]   symbol:   variable LOCALE_ES
    [javac]   location: class LocaleUtils_LLMTest
    [javac] /tmp/fix_test_suite.pl_5916_1702628952/llm/org/apache/commons/lang3/LocaleUtils_LLMTest.java:184: error: cannot find symbol
    [javac]         assertLocaleLookupList(LOCALE_PT_BR, null, new Locale[]{LOCALE_PT_BR});
    [javac]                                ^
    [javac]   symbol:   variable LOCALE_PT_BR
    [javac]   location: class LocaleUtils_LLMTest
    [javac] /tmp/fix_test_suite.pl_5916_1702628952/llm/org/apache/commons/lang3/LocaleUtils_LLMTest.java:184: error: cannot find symbol
    [javac]         assertLocaleLookupList(LOCALE_PT_BR, null, new Locale[]{LOCALE_PT_BR});
    [javac]                                                                 ^
    [javac]   symbol:   variable LOCALE_PT_BR
    [javac]   location: class LocaleUtils_LLMTest
    [javac] /tmp/fix_test_suite.pl_5916_1702628952/llm/org/apache/commons/lang3/LocaleUtils_LLMTest.java:185: error: cannot find symbol
    [javac]         assertLocaleLookupList(LOCALE_ZH_CN, null, new Locale[]{LOCALE_ZH_CN});
    [javac]                                ^
    [javac]   symbol:   variable LOCALE_ZH_CN
    [javac]   location: class LocaleUtils_LLMTest
    [javac] /tmp/fix_test_suite.pl_5916_1702628952/llm/org/apache/commons/lang3/LocaleUtils_LLMTest.java:185: error: cannot find symbol
    [javac]         assertLocaleLookupList(LOCALE_ZH_CN, null, new Locale[]{LOCALE_ZH_CN});
    [javac]                                                                 ^
    [javac]   symbol:   variable LOCALE_ZH_CN
    [javac]   location: class LocaleUtils_LLMTest
    [javac] /tmp/fix_test_suite.pl_5916_1702628952/llm/org/apache/commons/lang3/LocaleUtils_LLMTest.java:189: error: cannot find symbol
    [javac]         assertLocaleLookupList(LOCALE_QQ, LOCALE_QQ, 
    [javac]                                ^
    [javac]   symbol:   variable LOCALE_QQ
    [javac]   location: class LocaleUtils_LLMTest
    [javac] /tmp/fix_test_suite.pl_5916_1702628952/llm/org/apache/commons/lang3/LocaleUtils_LLMTest.java:189: error: cannot find symbol
    [javac]         assertLocaleLookupList(LOCALE_QQ, LOCALE_QQ, 
    [javac]                                           ^
    [javac]   symbol:   variable LOCALE_QQ
    [javac]   location: class LocaleUtils_LLMTest
    [javac] /tmp/fix_test_suite.pl_5916_1702628952/llm/org/apache/commons/lang3/LocaleUtils_LLMTest.java:190: error: cannot find symbol
    [javac]                 new Locale[]{LOCALE_QQ});
    [javac]                              ^
    [javac]   symbol:   variable LOCALE_QQ
    [javac]   location: class LocaleUtils_LLMTest
    [javac] /tmp/fix_test_suite.pl_5916_1702628952/llm/org/apache/commons/lang3/LocaleUtils_LLMTest.java:191: error: cannot find symbol
    [javac]         assertLocaleLookupList(LOCALE_EN, LOCALE_EN, 
    [javac]                                ^
    [javac]   symbol:   variable LOCALE_EN
    [javac]   location: class LocaleUtils_LLMTest
    [javac] /tmp/fix_test_suite.pl_5916_1702628952/llm/org/apache/commons/lang3/LocaleUtils_LLMTest.java:191: error: cannot find symbol
    [javac]         assertLocaleLookupList(LOCALE_EN, LOCALE_EN, 
    [javac]                                           ^
    [javac]   symbol:   variable LOCALE_EN
    [javac]   location: class LocaleUtils_LLMTest
    [javac] /tmp/fix_test_suite.pl_5916_1702628952/llm/org/apache/commons/lang3/LocaleUtils_LLMTest.java:192: error: cannot find symbol
    [javac]                 new Locale[]{LOCALE_EN});
    [javac]                              ^
    [javac]   symbol:   variable LOCALE_EN
    [javac]   location: class LocaleUtils_LLMTest
    [javac] /tmp/fix_test_suite.pl_5916_1702628952/llm/org/apache/commons/lang3/LocaleUtils_LLMTest.java:194: error: cannot find symbol
    [javac]         assertLocaleLookupList(LOCALE_EN_US, LOCALE_EN_US, 
    [javac]                                ^
    [javac]   symbol:   variable LOCALE_EN_US
    [javac]   location: class LocaleUtils_LLMTest
    [javac] /tmp/fix_test_suite.pl_5916_1702628952/llm/org/apache/commons/lang3/LocaleUtils_LLMTest.java:194: error: cannot find symbol
    [javac]         assertLocaleLookupList(LOCALE_EN_US, LOCALE_EN_US, 
    [javac]                                              ^
    [javac]   symbol:   variable LOCALE_EN_US
    [javac]   location: class LocaleUtils_LLMTest
    [javac] /tmp/fix_test_suite.pl_5916_1702628952/llm/org/apache/commons/lang3/LocaleUtils_LLMTest.java:196: error: cannot find symbol
    [javac]                 LOCALE_EN_US,
    [javac]                 ^
    [javac]   symbol:   variable LOCALE_EN_US
    [javac]   location: class LocaleUtils_LLMTest
    [javac] /tmp/fix_test_suite.pl_5916_1702628952/llm/org/apache/commons/lang3/LocaleUtils_LLMTest.java:197: error: cannot find symbol
    [javac]                 LOCALE_EN});
    [javac]                 ^
    [javac]   symbol:   variable LOCALE_EN
    [javac]   location: class LocaleUtils_LLMTest
    [javac] /tmp/fix_test_suite.pl_5916_1702628952/llm/org/apache/commons/lang3/LocaleUtils_LLMTest.java:198: error: cannot find symbol
    [javac]         assertLocaleLookupList(LOCALE_EN_US, LOCALE_QQ,
    [javac]                                ^
    [javac]   symbol:   variable LOCALE_EN_US
    [javac]   location: class LocaleUtils_LLMTest
    [javac] /tmp/fix_test_suite.pl_5916_1702628952/llm/org/apache/commons/lang3/LocaleUtils_LLMTest.java:198: error: cannot find symbol
    [javac]         assertLocaleLookupList(LOCALE_EN_US, LOCALE_QQ,
    [javac]                                              ^
    [javac]   symbol:   variable LOCALE_QQ
    [javac]   location: class LocaleUtils_LLMTest
    [javac] /tmp/fix_test_suite.pl_5916_1702628952/llm/org/apache/commons/lang3/LocaleUtils_LLMTest.java:200: error: cannot find symbol
    [javac]                 LOCALE_EN_US,
    [javac]                 ^
    [javac]   symbol:   variable LOCALE_EN_US
    [javac]   location: class LocaleUtils_LLMTest
    [javac] /tmp/fix_test_suite.pl_5916_1702628952/llm/org/apache/commons/lang3/LocaleUtils_LLMTest.java:201: error: cannot find symbol
    [javac]                 LOCALE_EN,
    [javac]                 ^
    [javac]   symbol:   variable LOCALE_EN
    [javac]   location: class LocaleUtils_LLMTest
    [javac] /tmp/fix_test_suite.pl_5916_1702628952/llm/org/apache/commons/lang3/LocaleUtils_LLMTest.java:202: error: cannot find symbol
    [javac]                 LOCALE_QQ});
    [javac]                 ^
    [javac]   symbol:   variable LOCALE_QQ
    [javac]   location: class LocaleUtils_LLMTest
    [javac] /tmp/fix_test_suite.pl_5916_1702628952/llm/org/apache/commons/lang3/LocaleUtils_LLMTest.java:203: error: cannot find symbol
    [javac]         assertLocaleLookupList(LOCALE_EN_US, LOCALE_QQ_ZZ,
    [javac]                                ^
    [javac]   symbol:   variable LOCALE_EN_US
    [javac]   location: class LocaleUtils_LLMTest
    [javac] /tmp/fix_test_suite.pl_5916_1702628952/llm/org/apache/commons/lang3/LocaleUtils_LLMTest.java:203: error: cannot find symbol
    [javac]         assertLocaleLookupList(LOCALE_EN_US, LOCALE_QQ_ZZ,
    [javac]                                              ^
    [javac]   symbol:   variable LOCALE_QQ_ZZ
    [javac]   location: class LocaleUtils_LLMTest
    [javac] /tmp/fix_test_suite.pl_5916_1702628952/llm/org/apache/commons/lang3/LocaleUtils_LLMTest.java:205: error: cannot find symbol
    [javac]                 LOCALE_EN_US,
    [javac]                 ^
    [javac]   symbol:   variable LOCALE_EN_US
    [javac]   location: class LocaleUtils_LLMTest
    [javac] /tmp/fix_test_suite.pl_5916_1702628952/llm/org/apache/commons/lang3/LocaleUtils_LLMTest.java:206: error: cannot find symbol
    [javac]                 LOCALE_EN,
    [javac]                 ^
    [javac]   symbol:   variable LOCALE_EN
    [javac]   location: class LocaleUtils_LLMTest
    [javac] /tmp/fix_test_suite.pl_5916_1702628952/llm/org/apache/commons/lang3/LocaleUtils_LLMTest.java:207: error: cannot find symbol
    [javac]                 LOCALE_QQ_ZZ});
    [javac]                 ^
    [javac]   symbol:   variable LOCALE_QQ_ZZ
    [javac]   location: class LocaleUtils_LLMTest
    [javac] /tmp/fix_test_suite.pl_5916_1702628952/llm/org/apache/commons/lang3/LocaleUtils_LLMTest.java:209: error: cannot find symbol
    [javac]         assertLocaleLookupList(LOCALE_EN_US_ZZZZ, null,
    [javac]                                ^
    [javac]   symbol:   variable LOCALE_EN_US_ZZZZ
    [javac]   location: class LocaleUtils_LLMTest
    [javac] /tmp/fix_test_suite.pl_5916_1702628952/llm/org/apache/commons/lang3/LocaleUtils_LLMTest.java:211: error: cannot find symbol
    [javac]                 LOCALE_EN_US_ZZZZ,
    [javac]                 ^
    [javac]   symbol:   variable LOCALE_EN_US_ZZZZ
    [javac]   location: class LocaleUtils_LLMTest
    [javac] /tmp/fix_test_suite.pl_5916_1702628952/llm/org/apache/commons/lang3/LocaleUtils_LLMTest.java:212: error: cannot find symbol
    [javac]                 LOCALE_EN_US,
    [javac]                 ^
    [javac]   symbol:   variable LOCALE_EN_US
    [javac]   location: class LocaleUtils_LLMTest
    [javac] /tmp/fix_test_suite.pl_5916_1702628952/llm/org/apache/commons/lang3/LocaleUtils_LLMTest.java:213: error: cannot find symbol
    [javac]                 LOCALE_EN});
    [javac]                 ^
    [javac]   symbol:   variable LOCALE_EN
    [javac]   location: class LocaleUtils_LLMTest
    [javac] /tmp/fix_test_suite.pl_5916_1702628952/llm/org/apache/commons/lang3/LocaleUtils_LLMTest.java:214: error: cannot find symbol
    [javac]         assertLocaleLookupList(LOCALE_EN_US_ZZZZ, LOCALE_EN_US_ZZZZ,
    [javac]                                ^
    [javac]   symbol:   variable LOCALE_EN_US_ZZZZ
    [javac]   location: class LocaleUtils_LLMTest
    [javac] /tmp/fix_test_suite.pl_5916_1702628952/llm/org/apache/commons/lang3/LocaleUtils_LLMTest.java:214: error: cannot find symbol
    [javac]         assertLocaleLookupList(LOCALE_EN_US_ZZZZ, LOCALE_EN_US_ZZZZ,
    [javac]                                                   ^
    [javac]   symbol:   variable LOCALE_EN_US_ZZZZ
    [javac]   location: class LocaleUtils_LLMTest
    [javac] /tmp/fix_test_suite.pl_5916_1702628952/llm/org/apache/commons/lang3/LocaleUtils_LLMTest.java:216: error: cannot find symbol
    [javac]                 LOCALE_EN_US_ZZZZ,
    [javac]                 ^
    [javac]   symbol:   variable LOCALE_EN_US_ZZZZ
    [javac]   location: class LocaleUtils_LLMTest
    [javac] /tmp/fix_test_suite.pl_5916_1702628952/llm/org/apache/commons/lang3/LocaleUtils_LLMTest.java:217: error: cannot find symbol
    [javac]                 LOCALE_EN_US,
    [javac]                 ^
    [javac]   symbol:   variable LOCALE_EN_US
    [javac]   location: class LocaleUtils_LLMTest
    [javac] /tmp/fix_test_suite.pl_5916_1702628952/llm/org/apache/commons/lang3/LocaleUtils_LLMTest.java:218: error: cannot find symbol
    [javac]                 LOCALE_EN});
    [javac]                 ^
    [javac]   symbol:   variable LOCALE_EN
    [javac]   location: class LocaleUtils_LLMTest
    [javac] /tmp/fix_test_suite.pl_5916_1702628952/llm/org/apache/commons/lang3/LocaleUtils_LLMTest.java:219: error: cannot find symbol
    [javac]         assertLocaleLookupList(LOCALE_EN_US_ZZZZ, LOCALE_QQ,
    [javac]                                ^
    [javac]   symbol:   variable LOCALE_EN_US_ZZZZ
    [javac]   location: class LocaleUtils_LLMTest
    [javac] /tmp/fix_test_suite.pl_5916_1702628952/llm/org/apache/commons/lang3/LocaleUtils_LLMTest.java:219: error: cannot find symbol
    [javac]         assertLocaleLookupList(LOCALE_EN_US_ZZZZ, LOCALE_QQ,
    [javac]                                                   ^
    [javac]   symbol:   variable LOCALE_QQ
    [javac]   location: class LocaleUtils_LLMTest
    [javac] /tmp/fix_test_suite.pl_5916_1702628952/llm/org/apache/commons/lang3/LocaleUtils_LLMTest.java:221: error: cannot find symbol
    [javac]                 LOCALE_EN_US_ZZZZ,
    [javac]                 ^
    [javac]   symbol:   variable LOCALE_EN_US_ZZZZ
    [javac]   location: class LocaleUtils_LLMTest
    [javac] /tmp/fix_test_suite.pl_5916_1702628952/llm/org/apache/commons/lang3/LocaleUtils_LLMTest.java:222: error: cannot find symbol
    [javac]                 LOCALE_EN_US,
    [javac]                 ^
    [javac]   symbol:   variable LOCALE_EN_US
    [javac]   location: class LocaleUtils_LLMTest
    [javac] /tmp/fix_test_suite.pl_5916_1702628952/llm/org/apache/commons/lang3/LocaleUtils_LLMTest.java:223: error: cannot find symbol
    [javac]                 LOCALE_EN,
    [javac]                 ^
    [javac]   symbol:   variable LOCALE_EN
    [javac]   location: class LocaleUtils_LLMTest
    [javac] /tmp/fix_test_suite.pl_5916_1702628952/llm/org/apache/commons/lang3/LocaleUtils_LLMTest.java:224: error: cannot find symbol
    [javac]                 LOCALE_QQ});
    [javac]                 ^
    [javac]   symbol:   variable LOCALE_QQ
    [javac]   location: class LocaleUtils_LLMTest
    [javac] /tmp/fix_test_suite.pl_5916_1702628952/llm/org/apache/commons/lang3/LocaleUtils_LLMTest.java:225: error: cannot find symbol
    [javac]         assertLocaleLookupList(LOCALE_EN_US_ZZZZ, LOCALE_QQ_ZZ,
    [javac]                                ^
    [javac]   symbol:   variable LOCALE_EN_US_ZZZZ
    [javac]   location: class LocaleUtils_LLMTest
    [javac] /tmp/fix_test_suite.pl_5916_1702628952/llm/org/apache/commons/lang3/LocaleUtils_LLMTest.java:225: error: cannot find symbol
    [javac]         assertLocaleLookupList(LOCALE_EN_US_ZZZZ, LOCALE_QQ_ZZ,
    [javac]                                                   ^
    [javac]   symbol:   variable LOCALE_QQ_ZZ
    [javac]   location: class LocaleUtils_LLMTest
    [javac] /tmp/fix_test_suite.pl_5916_1702628952/llm/org/apache/commons/lang3/LocaleUtils_LLMTest.java:227: error: cannot find symbol
    [javac]                 LOCALE_EN_US_ZZZZ,
    [javac]                 ^
    [javac]   symbol:   variable LOCALE_EN_US_ZZZZ
    [javac]   location: class LocaleUtils_LLMTest
    [javac] /tmp/fix_test_suite.pl_5916_1702628952/llm/org/apache/commons/lang3/LocaleUtils_LLMTest.java:228: error: cannot find symbol
    [javac]                 LOCALE_EN_US,
    [javac]                 ^
    [javac]   symbol:   variable LOCALE_EN_US
    [javac]   location: class LocaleUtils_LLMTest
    [javac] /tmp/fix_test_suite.pl_5916_1702628952/llm/org/apache/commons/lang3/LocaleUtils_LLMTest.java:229: error: cannot find symbol
    [javac]                 LOCALE_EN,
    [javac]                 ^
    [javac]   symbol:   variable LOCALE_EN
    [javac]   location: class LocaleUtils_LLMTest
    [javac] /tmp/fix_test_suite.pl_5916_1702628952/llm/org/apache/commons/lang3/LocaleUtils_LLMTest.java:230: error: cannot find symbol
    [javac]                 LOCALE_QQ_ZZ});
    [javac]                 ^
    [javac]   symbol:   variable LOCALE_QQ_ZZ
    [javac]   location: class LocaleUtils_LLMTest
    [javac] /tmp/fix_test_suite.pl_5916_1702628952/llm/org/apache/commons/lang3/LocaleUtils_LLMTest.java:231: error: cannot find symbol
    [javac]         assertLocaleLookupList(LOCALE_FR_CA, LOCALE_EN,
    [javac]                                ^
    [javac]   symbol:   variable LOCALE_FR_CA
    [javac]   location: class LocaleUtils_LLMTest
    [javac] /tmp/fix_test_suite.pl_5916_1702628952/llm/org/apache/commons/lang3/LocaleUtils_LLMTest.java:231: error: cannot find symbol
    [javac]         assertLocaleLookupList(LOCALE_FR_CA, LOCALE_EN,
    [javac]                                              ^
    [javac]   symbol:   variable LOCALE_EN
    [javac]   location: class LocaleUtils_LLMTest
    [javac] /tmp/fix_test_suite.pl_5916_1702628952/llm/org/apache/commons/lang3/LocaleUtils_LLMTest.java:233: error: cannot find symbol
    [javac]                 LOCALE_FR_CA,
    [javac]                 ^
    [javac]   symbol:   variable LOCALE_FR_CA
    [javac]   location: class LocaleUtils_LLMTest
    [javac] /tmp/fix_test_suite.pl_5916_1702628952/llm/org/apache/commons/lang3/LocaleUtils_LLMTest.java:234: error: cannot find symbol
    [javac]                 LOCALE_FR,
    [javac]                 ^
    [javac]   symbol:   variable LOCALE_FR
    [javac]   location: class LocaleUtils_LLMTest
    [javac] /tmp/fix_test_suite.pl_5916_1702628952/llm/org/apache/commons/lang3/LocaleUtils_LLMTest.java:235: error: cannot find symbol
    [javac]                 LOCALE_EN});
    [javac]                 ^
    [javac]   symbol:   variable LOCALE_EN
    [javac]   location: class LocaleUtils_LLMTest
    [javac] /tmp/fix_test_suite.pl_5916_1702628952/llm/org/apache/commons/lang3/LocaleUtils_LLMTest.java:238: error: cannot find symbol
    [javac]         assertLocaleLookupList(LOCALE_FR, LOCALE_QQ, new Locale[]{LOCALE_FR, LOCALE_QQ});
    [javac]                                ^
    [javac]   symbol:   variable LOCALE_FR
    [javac]   location: class LocaleUtils_LLMTest
    [javac] /tmp/fix_test_suite.pl_5916_1702628952/llm/org/apache/commons/lang3/LocaleUtils_LLMTest.java:238: error: cannot find symbol
    [javac]         assertLocaleLookupList(LOCALE_FR, LOCALE_QQ, new Locale[]{LOCALE_FR, LOCALE_QQ});
    [javac]                                           ^
    [javac]   symbol:   variable LOCALE_QQ
    [javac]   location: class LocaleUtils_LLMTest
    [javac] /tmp/fix_test_suite.pl_5916_1702628952/llm/org/apache/commons/lang3/LocaleUtils_LLMTest.java:238: error: cannot find symbol
    [javac]         assertLocaleLookupList(LOCALE_FR, LOCALE_QQ, new Locale[]{LOCALE_FR, LOCALE_QQ});
    [javac]                                                                   ^
    [javac]   symbol:   variable LOCALE_FR
    [javac]   location: class LocaleUtils_LLMTest
    [javac] /tmp/fix_test_suite.pl_5916_1702628952/llm/org/apache/commons/lang3/LocaleUtils_LLMTest.java:238: error: cannot find symbol
    [javac]         assertLocaleLookupList(LOCALE_FR, LOCALE_QQ, new Locale[]{LOCALE_FR, LOCALE_QQ});
    [javac]                                                                              ^
    [javac]   symbol:   variable LOCALE_QQ
    [javac]   location: class LocaleUtils_LLMTest
    [javac] /tmp/fix_test_suite.pl_5916_1702628952/llm/org/apache/commons/lang3/LocaleUtils_LLMTest.java:239: error: cannot find symbol
    [javac]         assertLocaleLookupList(LOCALE_FR_CA, LOCALE_EN_US, new Locale[]{LOCALE_FR_CA, LOCALE_FR, LOCALE_EN_US});
    [javac]                                ^
    [javac]   symbol:   variable LOCALE_FR_CA
    [javac]   location: class LocaleUtils_LLMTest
    [javac] /tmp/fix_test_suite.pl_5916_1702628952/llm/org/apache/commons/lang3/LocaleUtils_LLMTest.java:239: error: cannot find symbol
    [javac]         assertLocaleLookupList(LOCALE_FR_CA, LOCALE_EN_US, new Locale[]{LOCALE_FR_CA, LOCALE_FR, LOCALE_EN_US});
    [javac]                                              ^
    [javac]   symbol:   variable LOCALE_EN_US
    [javac]   location: class LocaleUtils_LLMTest
    [javac] /tmp/fix_test_suite.pl_5916_1702628952/llm/org/apache/commons/lang3/LocaleUtils_LLMTest.java:239: error: cannot find symbol
    [javac]         assertLocaleLookupList(LOCALE_FR_CA, LOCALE_EN_US, new Locale[]{LOCALE_FR_CA, LOCALE_FR, LOCALE_EN_US});
    [javac]                                                                         ^
    [javac]   symbol:   variable LOCALE_FR_CA
    [javac]   location: class LocaleUtils_LLMTest
    [javac] /tmp/fix_test_suite.pl_5916_1702628952/llm/org/apache/commons/lang3/LocaleUtils_LLMTest.java:239: error: cannot find symbol
    [javac]         assertLocaleLookupList(LOCALE_FR_CA, LOCALE_EN_US, new Locale[]{LOCALE_FR_CA, LOCALE_FR, LOCALE_EN_US});
    [javac]                                                                                       ^
    [javac]   symbol:   variable LOCALE_FR
    [javac]   location: class LocaleUtils_LLMTest
    [javac] /tmp/fix_test_suite.pl_5916_1702628952/llm/org/apache/commons/lang3/LocaleUtils_LLMTest.java:239: error: cannot find symbol
    [javac]         assertLocaleLookupList(LOCALE_FR_CA, LOCALE_EN_US, new Locale[]{LOCALE_FR_CA, LOCALE_FR, LOCALE_EN_US});
    [javac]                                                                                                  ^
    [javac]   symbol:   variable LOCALE_EN_US
    [javac]   location: class LocaleUtils_LLMTest
    [javac] /tmp/fix_test_suite.pl_5916_1702628952/llm/org/apache/commons/lang3/LocaleUtils_LLMTest.java:240: error: cannot find symbol
    [javac]         assertLocaleLookupList(LOCALE_ES, LOCALE_QQ_ZZ, new Locale[]{LOCALE_ES, LOCALE_QQ_ZZ});
    [javac]                                ^
    [javac]   symbol:   variable LOCALE_ES
    [javac]   location: class LocaleUtils_LLMTest
    [javac] /tmp/fix_test_suite.pl_5916_1702628952/llm/org/apache/commons/lang3/LocaleUtils_LLMTest.java:240: error: cannot find symbol
    [javac]         assertLocaleLookupList(LOCALE_ES, LOCALE_QQ_ZZ, new Locale[]{LOCALE_ES, LOCALE_QQ_ZZ});
    [javac]                                           ^
    [javac]   symbol:   variable LOCALE_QQ_ZZ
    [javac]   location: class LocaleUtils_LLMTest
    [javac] /tmp/fix_test_suite.pl_5916_1702628952/llm/org/apache/commons/lang3/LocaleUtils_LLMTest.java:240: error: cannot find symbol
    [javac]         assertLocaleLookupList(LOCALE_ES, LOCALE_QQ_ZZ, new Locale[]{LOCALE_ES, LOCALE_QQ_ZZ});
    [javac]                                                                      ^
    [javac]   symbol:   variable LOCALE_ES
    [javac]   location: class LocaleUtils_LLMTest
    [javac] /tmp/fix_test_suite.pl_5916_1702628952/llm/org/apache/commons/lang3/LocaleUtils_LLMTest.java:240: error: cannot find symbol
    [javac]         assertLocaleLookupList(LOCALE_ES, LOCALE_QQ_ZZ, new Locale[]{LOCALE_ES, LOCALE_QQ_ZZ});
    [javac]                                                                                 ^
    [javac]   symbol:   variable LOCALE_QQ_ZZ
    [javac]   location: class LocaleUtils_LLMTest
    [javac] warning: /root/.sdkman/candidates/java/8.0.302-open/lib/ct.sym(META-INF/sym/rt.jar/java/util/AbstractSet.class): major version 52 is newer than 51, the highest major version supported by this compiler.
    [javac]   It is recommended that the compiler be upgraded.
    [javac] /root/.sdkman/candidates/java/8.0.302-open/lib/ct.sym(META-INF/sym/rt.jar/java/util/AbstractSet.class): warning: Cannot find annotation method 'value()' in type 'Profile+Annotation'
    [javac] warning: /root/.sdkman/candidates/java/8.0.302-open/lib/ct.sym(META-INF/sym/rt.jar/java/util/AbstractCollection.class): major version 52 is newer than 51, the highest major version supported by this compiler.
    [javac]   It is recommended that the compiler be upgraded.
    [javac] /root/.sdkman/candidates/java/8.0.302-open/lib/ct.sym(META-INF/sym/rt.jar/java/util/AbstractCollection.class): warning: Cannot find annotation method 'value()' in type 'Profile+Annotation'
    [javac] warning: /root/.sdkman/candidates/java/8.0.302-open/lib/ct.sym(META-INF/sym/rt.jar/java/lang/Iterable.class): major version 52 is newer than 51, the highest major version supported by this compiler.
    [javac]   It is recommended that the compiler be upgraded.
    [javac] /root/.sdkman/candidates/java/8.0.302-open/lib/ct.sym(META-INF/sym/rt.jar/java/lang/Iterable.class): warning: Cannot find annotation method 'value()' in type 'Profile+Annotation'
    [javac] 100 errors
    [javac] 54 warnings

BUILD FAILED
/defects4j/framework/projects/defects4j.build.xml:265: Compile failed; see the compiler error output for details.

Total time: 1 second
- Compilation issues: Lang-5b-llm.25.tar.bz2
Picked up JAVA_TOOL_OPTIONS: -Dfile.encoding=UTF8
OpenJDK 64-Bit Server VM warning: ignoring option MaxPermSize=1G; support was removed in 8.0
Buildfile: /defects4j/framework/projects/defects4j.build.xml

init:
     [echo] -------- commons-lang3 3.2-SNAPSHOT --------

compile:

compile.gen.tests:
     [echo] classes.dir: target/classes
     [echo] build.home: target
   [delete] Deleting directory /tmp/fix_test_suite.pl_5916_1702628952/.classes_testgen
    [mkdir] Created dir: /tmp/fix_test_suite.pl_5916_1702628952/.classes_testgen
    [javac] /defects4j/framework/projects/defects4j.build.xml:265: warning: 'includeantruntime' was not set, defaulting to build.sysclasspath=last; set to false for repeatable builds
    [javac] Compiling 1 source file to /tmp/fix_test_suite.pl_5916_1702628952/.classes_testgen
    [javac] warning: /root/.sdkman/candidates/java/8.0.302-open/lib/ct.sym(META-INF/sym/rt.jar/java/lang/Enum.class): major version 52 is newer than 51, the highest major version supported by this compiler.
    [javac]   It is recommended that the compiler be upgraded.
    [javac] warning: /root/.sdkman/candidates/java/8.0.302-open/lib/ct.sym(META-INF/sym/rt.jar/java/lang/Object.class): major version 52 is newer than 51, the highest major version supported by this compiler.
    [javac]   It is recommended that the compiler be upgraded.
    [javac] warning: /root/.sdkman/candidates/java/8.0.302-open/lib/ct.sym(META-INF/sym/rt.jar/java/lang/Comparable.class): major version 52 is newer than 51, the highest major version supported by this compiler.
    [javac]   It is recommended that the compiler be upgraded.
    [javac] warning: /root/.sdkman/candidates/java/8.0.302-open/lib/ct.sym(META-INF/sym/rt.jar/java/io/Serializable.class): major version 52 is newer than 51, the highest major version supported by this compiler.
    [javac]   It is recommended that the compiler be upgraded.
    [javac] warning: /root/.sdkman/candidates/java/8.0.302-open/lib/ct.sym(META-INF/sym/rt.jar/java/lang/reflect/Constructor.class): major version 52 is newer than 51, the highest major version supported by this compiler.
    [javac]   It is recommended that the compiler be upgraded.
    [javac] warning: /root/.sdkman/candidates/java/8.0.302-open/lib/ct.sym(META-INF/sym/rt.jar/java/lang/reflect/Modifier.class): major version 52 is newer than 51, the highest major version supported by this compiler.
    [javac]   It is recommended that the compiler be upgraded.
    [javac] warning: /root/.sdkman/candidates/java/8.0.302-open/lib/ct.sym(META-INF/sym/rt.jar/java/util/Arrays.class): major version 52 is newer than 51, the highest major version supported by this compiler.
    [javac]   It is recommended that the compiler be upgraded.
    [javac] warning: /root/.sdkman/candidates/java/8.0.302-open/lib/ct.sym(META-INF/sym/rt.jar/java/util/Collection.class): major version 52 is newer than 51, the highest major version supported by this compiler.
    [javac]   It is recommended that the compiler be upgraded.
    [javac] warning: /root/.sdkman/candidates/java/8.0.302-open/lib/ct.sym(META-INF/sym/rt.jar/java/util/HashSet.class): major version 52 is newer than 51, the highest major version supported by this compiler.
    [javac]   It is recommended that the compiler be upgraded.
    [javac] warning: /root/.sdkman/candidates/java/8.0.302-open/lib/ct.sym(META-INF/sym/rt.jar/java/util/Iterator.class): major version 52 is newer than 51, the highest major version supported by this compiler.
    [javac]   It is recommended that the compiler be upgraded.
    [javac] warning: /root/.sdkman/candidates/java/8.0.302-open/lib/ct.sym(META-INF/sym/rt.jar/java/util/List.class): major version 52 is newer than 51, the highest major version supported by this compiler.
    [javac]   It is recommended that the compiler be upgraded.
    [javac] warning: /root/.sdkman/candidates/java/8.0.302-open/lib/ct.sym(META-INF/sym/rt.jar/java/util/Locale.class): major version 52 is newer than 51, the highest major version supported by this compiler.
    [javac]   It is recommended that the compiler be upgraded.
    [javac] warning: /root/.sdkman/candidates/java/8.0.302-open/lib/ct.sym(META-INF/sym/rt.jar/java/util/Set.class): major version 52 is newer than 51, the highest major version supported by this compiler.
    [javac]   It is recommended that the compiler be upgraded.
    [javac] /root/.sdkman/candidates/java/8.0.302-open/lib/ct.sym(META-INF/sym/rt.jar/java/lang/Enum.class): warning: Cannot find annotation method 'value()' in type 'Profile+Annotation': class file for jdk.Profile+Annotation not found
    [javac] /root/.sdkman/candidates/java/8.0.302-open/lib/ct.sym(META-INF/sym/rt.jar/java/lang/Object.class): warning: Cannot find annotation method 'value()' in type 'Profile+Annotation'
    [javac] /root/.sdkman/candidates/java/8.0.302-open/lib/ct.sym(META-INF/sym/rt.jar/java/lang/Comparable.class): warning: Cannot find annotation method 'value()' in type 'Profile+Annotation'
    [javac] /root/.sdkman/candidates/java/8.0.302-open/lib/ct.sym(META-INF/sym/rt.jar/java/io/Serializable.class): warning: Cannot find annotation method 'value()' in type 'Profile+Annotation'
    [javac] /root/.sdkman/candidates/java/8.0.302-open/lib/ct.sym(META-INF/sym/rt.jar/java/lang/reflect/Constructor.class): warning: Cannot find annotation method 'value()' in type 'Profile+Annotation'
    [javac] /root/.sdkman/candidates/java/8.0.302-open/lib/ct.sym(META-INF/sym/rt.jar/java/lang/reflect/Modifier.class): warning: Cannot find annotation method 'value()' in type 'Profile+Annotation'
    [javac] /root/.sdkman/candidates/java/8.0.302-open/lib/ct.sym(META-INF/sym/rt.jar/java/util/Arrays.class): warning: Cannot find annotation method 'value()' in type 'Profile+Annotation'
    [javac] /root/.sdkman/candidates/java/8.0.302-open/lib/ct.sym(META-INF/sym/rt.jar/java/util/Collection.class): warning: Cannot find annotation method 'value()' in type 'Profile+Annotation'
    [javac] /root/.sdkman/candidates/java/8.0.302-open/lib/ct.sym(META-INF/sym/rt.jar/java/util/HashSet.class): warning: Cannot find annotation method 'value()' in type 'Profile+Annotation'
    [javac] /root/.sdkman/candidates/java/8.0.302-open/lib/ct.sym(META-INF/sym/rt.jar/java/util/Iterator.class): warning: Cannot find annotation method 'value()' in type 'Profile+Annotation'
    [javac] /root/.sdkman/candidates/java/8.0.302-open/lib/ct.sym(META-INF/sym/rt.jar/java/util/List.class): warning: Cannot find annotation method 'value()' in type 'Profile+Annotation'
    [javac] /root/.sdkman/candidates/java/8.0.302-open/lib/ct.sym(META-INF/sym/rt.jar/java/util/Locale.class): warning: Cannot find annotation method 'value()' in type 'Profile+Annotation'
    [javac] /root/.sdkman/candidates/java/8.0.302-open/lib/ct.sym(META-INF/sym/rt.jar/java/util/Set.class): warning: Cannot find annotation method 'value()' in type 'Profile+Annotation'
    [javac] warning: /root/.sdkman/candidates/java/8.0.302-open/lib/ct.sym(META-INF/sym/rt.jar/java/lang/annotation/Retention.class): major version 52 is newer than 51, the highest major version supported by this compiler.
    [javac]   It is recommended that the compiler be upgraded.
    [javac] warning: /root/.sdkman/candidates/java/8.0.302-open/lib/ct.sym(META-INF/sym/rt.jar/java/lang/annotation/RetentionPolicy.class): major version 52 is newer than 51, the highest major version supported by this compiler.
    [javac]   It is recommended that the compiler be upgraded.
    [javac] warning: /root/.sdkman/candidates/java/8.0.302-open/lib/ct.sym(META-INF/sym/rt.jar/java/lang/annotation/Target.class): major version 52 is newer than 51, the highest major version supported by this compiler.
    [javac]   It is recommended that the compiler be upgraded.
    [javac] warning: /root/.sdkman/candidates/java/8.0.302-open/lib/ct.sym(META-INF/sym/rt.jar/java/lang/annotation/ElementType.class): major version 52 is newer than 51, the highest major version supported by this compiler.
    [javac]   It is recommended that the compiler be upgraded.
    [javac] warning: /root/.sdkman/candidates/java/8.0.302-open/lib/ct.sym(META-INF/sym/rt.jar/java/lang/annotation/Annotation.class): major version 52 is newer than 51, the highest major version supported by this compiler.
    [javac]   It is recommended that the compiler be upgraded.
    [javac] /root/.sdkman/candidates/java/8.0.302-open/lib/ct.sym(META-INF/sym/rt.jar/java/lang/annotation/Retention.class): warning: Cannot find annotation method 'value()' in type 'Profile+Annotation'
    [javac] /root/.sdkman/candidates/java/8.0.302-open/lib/ct.sym(META-INF/sym/rt.jar/java/lang/annotation/RetentionPolicy.class): warning: Cannot find annotation method 'value()' in type 'Profile+Annotation'
    [javac] /root/.sdkman/candidates/java/8.0.302-open/lib/ct.sym(META-INF/sym/rt.jar/java/lang/annotation/Target.class): warning: Cannot find annotation method 'value()' in type 'Profile+Annotation'
    [javac] /root/.sdkman/candidates/java/8.0.302-open/lib/ct.sym(META-INF/sym/rt.jar/java/lang/annotation/ElementType.class): warning: Cannot find annotation method 'value()' in type 'Profile+Annotation'
    [javac] /root/.sdkman/candidates/java/8.0.302-open/lib/ct.sym(META-INF/sym/rt.jar/java/lang/annotation/Annotation.class): warning: Cannot find annotation method 'value()' in type 'Profile+Annotation'
    [javac] warning: /root/.sdkman/candidates/java/8.0.302-open/lib/ct.sym(META-INF/sym/rt.jar/java/lang/AutoCloseable.class): major version 52 is newer than 51, the highest major version supported by this compiler.
    [javac]   It is recommended that the compiler be upgraded.
    [javac] /root/.sdkman/candidates/java/8.0.302-open/lib/ct.sym(META-INF/sym/rt.jar/java/lang/AutoCloseable.class): warning: Cannot find annotation method 'value()' in type 'Profile+Annotation'
    [javac] /tmp/fix_test_suite.pl_5916_1702628952/llm/org/apache/commons/lang3/LocaleUtils_LLMTest.java:267: error: cannot find symbol
    [javac]         assertLocaleLookupList(null, null, new Locale[0]); // original test case
    [javac]         ^
    [javac]   symbol:   method assertLocaleLookupList(<null>,<null>,Locale[])
    [javac]   location: class LocaleUtils_LLMTest
    [javac] /tmp/fix_test_suite.pl_5916_1702628952/llm/org/apache/commons/lang3/LocaleUtils_LLMTest.java:268: error: cannot find symbol
    [javac]         assertLocaleLookupList(LOCALE_QQ, null, new Locale[]{LOCALE_QQ}); // original test case
    [javac]                                ^
    [javac]   symbol:   variable LOCALE_QQ
    [javac]   location: class LocaleUtils_LLMTest
    [javac] /tmp/fix_test_suite.pl_5916_1702628952/llm/org/apache/commons/lang3/LocaleUtils_LLMTest.java:268: error: cannot find symbol
    [javac]         assertLocaleLookupList(LOCALE_QQ, null, new Locale[]{LOCALE_QQ}); // original test case
    [javac]                                                              ^
    [javac]   symbol:   variable LOCALE_QQ
    [javac]   location: class LocaleUtils_LLMTest
    [javac] /tmp/fix_test_suite.pl_5916_1702628952/llm/org/apache/commons/lang3/LocaleUtils_LLMTest.java:269: error: cannot find symbol
    [javac]         assertLocaleLookupList(LOCALE_EN, null, new Locale[]{LOCALE_EN}); // original test case
    [javac]                                ^
    [javac]   symbol:   variable LOCALE_EN
    [javac]   location: class LocaleUtils_LLMTest
    [javac] /tmp/fix_test_suite.pl_5916_1702628952/llm/org/apache/commons/lang3/LocaleUtils_LLMTest.java:269: error: cannot find symbol
    [javac]         assertLocaleLookupList(LOCALE_EN, null, new Locale[]{LOCALE_EN}); // original test case
    [javac]                                                              ^
    [javac]   symbol:   variable LOCALE_EN
    [javac]   location: class LocaleUtils_LLMTest
    [javac] /tmp/fix_test_suite.pl_5916_1702628952/llm/org/apache/commons/lang3/LocaleUtils_LLMTest.java:270: error: cannot find symbol
    [javac]         assertLocaleLookupList(LOCALE_EN, null, new Locale[]{LOCALE_EN}); // original test case
    [javac]                                ^
    [javac]   symbol:   variable LOCALE_EN
    [javac]   location: class LocaleUtils_LLMTest
    [javac] /tmp/fix_test_suite.pl_5916_1702628952/llm/org/apache/commons/lang3/LocaleUtils_LLMTest.java:270: error: cannot find symbol
    [javac]         assertLocaleLookupList(LOCALE_EN, null, new Locale[]{LOCALE_EN}); // original test case
    [javac]                                                              ^
    [javac]   symbol:   variable LOCALE_EN
    [javac]   location: class LocaleUtils_LLMTest
    [javac] /tmp/fix_test_suite.pl_5916_1702628952/llm/org/apache/commons/lang3/LocaleUtils_LLMTest.java:271: error: cannot find symbol
    [javac]         assertLocaleLookupList(LOCALE_EN_US, null,
    [javac]                                ^
    [javac]   symbol:   variable LOCALE_EN_US
    [javac]   location: class LocaleUtils_LLMTest
    [javac] /tmp/fix_test_suite.pl_5916_1702628952/llm/org/apache/commons/lang3/LocaleUtils_LLMTest.java:273: error: cannot find symbol
    [javac]                 LOCALE_EN_US,
    [javac]                 ^
    [javac]   symbol:   variable LOCALE_EN_US
    [javac]   location: class LocaleUtils_LLMTest
    [javac] /tmp/fix_test_suite.pl_5916_1702628952/llm/org/apache/commons/lang3/LocaleUtils_LLMTest.java:274: error: cannot find symbol
    [javac]                 LOCALE_EN});
    [javac]                 ^
    [javac]   symbol:   variable LOCALE_EN
    [javac]   location: class LocaleUtils_LLMTest
    [javac] /tmp/fix_test_suite.pl_5916_1702628952/llm/org/apache/commons/lang3/LocaleUtils_LLMTest.java:275: error: cannot find symbol
    [javac]         assertLocaleLookupList(LOCALE_EN_US_ZZZZ, null,
    [javac]                                ^
    [javac]   symbol:   variable LOCALE_EN_US_ZZZZ
    [javac]   location: class LocaleUtils_LLMTest
    [javac] /tmp/fix_test_suite.pl_5916_1702628952/llm/org/apache/commons/lang3/LocaleUtils_LLMTest.java:277: error: cannot find symbol
    [javac]                 LOCALE_EN_US_ZZZZ,
    [javac]                 ^
    [javac]   symbol:   variable LOCALE_EN_US_ZZZZ
    [javac]   location: class LocaleUtils_LLMTest
    [javac] /tmp/fix_test_suite.pl_5916_1702628952/llm/org/apache/commons/lang3/LocaleUtils_LLMTest.java:278: error: cannot find symbol
    [javac]                 LOCALE_EN_US,
    [javac]                 ^
    [javac]   symbol:   variable LOCALE_EN_US
    [javac]   location: class LocaleUtils_LLMTest
    [javac] /tmp/fix_test_suite.pl_5916_1702628952/llm/org/apache/commons/lang3/LocaleUtils_LLMTest.java:279: error: cannot find symbol
    [javac]                 LOCALE_EN});
    [javac]                 ^
    [javac]   symbol:   variable LOCALE_EN
    [javac]   location: class LocaleUtils_LLMTest
    [javac] /tmp/fix_test_suite.pl_5916_1702628952/llm/org/apache/commons/lang3/LocaleUtils_LLMTest.java:283: error: cannot find symbol
    [javac]         assertLocaleLookupList(LOCALE_QQ, LOCALE_QQ, 
    [javac]                                ^
    [javac]   symbol:   variable LOCALE_QQ
    [javac]   location: class LocaleUtils_LLMTest
    [javac] /tmp/fix_test_suite.pl_5916_1702628952/llm/org/apache/commons/lang3/LocaleUtils_LLMTest.java:283: error: cannot find symbol
    [javac]         assertLocaleLookupList(LOCALE_QQ, LOCALE_QQ, 
    [javac]                                           ^
    [javac]   symbol:   variable LOCALE_QQ
    [javac]   location: class LocaleUtils_LLMTest
    [javac] /tmp/fix_test_suite.pl_5916_1702628952/llm/org/apache/commons/lang3/LocaleUtils_LLMTest.java:284: error: cannot find symbol
    [javac]                 new Locale[]{LOCALE_QQ}); // original test case
    [javac]                              ^
    [javac]   symbol:   variable LOCALE_QQ
    [javac]   location: class LocaleUtils_LLMTest
    [javac] /tmp/fix_test_suite.pl_5916_1702628952/llm/org/apache/commons/lang3/LocaleUtils_LLMTest.java:285: error: cannot find symbol
    [javac]         assertLocaleLookupList(LOCALE_EN, LOCALE_EN, 
    [javac]                                ^
    [javac]   symbol:   variable LOCALE_EN
    [javac]   location: class LocaleUtils_LLMTest
    [javac] /tmp/fix_test_suite.pl_5916_1702628952/llm/org/apache/commons/lang3/LocaleUtils_LLMTest.java:285: error: cannot find symbol
    [javac]         assertLocaleLookupList(LOCALE_EN, LOCALE_EN, 
    [javac]                                           ^
    [javac]   symbol:   variable LOCALE_EN
    [javac]   location: class LocaleUtils_LLMTest
    [javac] /tmp/fix_test_suite.pl_5916_1702628952/llm/org/apache/commons/lang3/LocaleUtils_LLMTest.java:286: error: cannot find symbol
    [javac]                 new Locale[]{LOCALE_EN}); // original test case
    [javac]                              ^
    [javac]   symbol:   variable LOCALE_EN
    [javac]   location: class LocaleUtils_LLMTest
    [javac] /tmp/fix_test_suite.pl_5916_1702628952/llm/org/apache/commons/lang3/LocaleUtils_LLMTest.java:288: error: cannot find symbol
    [javac]         assertLocaleLookupList(LOCALE_EN_US, LOCALE_EN_US, 
    [javac]                                ^
    [javac]   symbol:   variable LOCALE_EN_US
    [javac]   location: class LocaleUtils_LLMTest
    [javac] /tmp/fix_test_suite.pl_5916_1702628952/llm/org/apache/commons/lang3/LocaleUtils_LLMTest.java:288: error: cannot find symbol
    [javac]         assertLocaleLookupList(LOCALE_EN_US, LOCALE_EN_US, 
    [javac]                                              ^
    [javac]   symbol:   variable LOCALE_EN_US
    [javac]   location: class LocaleUtils_LLMTest
    [javac] /tmp/fix_test_suite.pl_5916_1702628952/llm/org/apache/commons/lang3/LocaleUtils_LLMTest.java:290: error: cannot find symbol
    [javac]                 LOCALE_EN_US,
    [javac]                 ^
    [javac]   symbol:   variable LOCALE_EN_US
    [javac]   location: class LocaleUtils_LLMTest
    [javac] /tmp/fix_test_suite.pl_5916_1702628952/llm/org/apache/commons/lang3/LocaleUtils_LLMTest.java:291: error: cannot find symbol
    [javac]                 LOCALE_EN}); // original test case
    [javac]                 ^
    [javac]   symbol:   variable LOCALE_EN
    [javac]   location: class LocaleUtils_LLMTest
    [javac] /tmp/fix_test_suite.pl_5916_1702628952/llm/org/apache/commons/lang3/LocaleUtils_LLMTest.java:292: error: cannot find symbol
    [javac]         assertLocaleLookupList(LOCALE_EN_US, LOCALE_QQ,
    [javac]                                ^
    [javac]   symbol:   variable LOCALE_EN_US
    [javac]   location: class LocaleUtils_LLMTest
    [javac] /tmp/fix_test_suite.pl_5916_1702628952/llm/org/apache/commons/lang3/LocaleUtils_LLMTest.java:292: error: cannot find symbol
    [javac]         assertLocaleLookupList(LOCALE_EN_US, LOCALE_QQ,
    [javac]                                              ^
    [javac]   symbol:   variable LOCALE_QQ
    [javac]   location: class LocaleUtils_LLMTest
    [javac] /tmp/fix_test_suite.pl_5916_1702628952/llm/org/apache/commons/lang3/LocaleUtils_LLMTest.java:294: error: cannot find symbol
    [javac]                 LOCALE_EN_US,
    [javac]                 ^
    [javac]   symbol:   variable LOCALE_EN_US
    [javac]   location: class LocaleUtils_LLMTest
    [javac] /tmp/fix_test_suite.pl_5916_1702628952/llm/org/apache/commons/lang3/LocaleUtils_LLMTest.java:295: error: cannot find symbol
    [javac]                 LOCALE_EN,
    [javac]                 ^
    [javac]   symbol:   variable LOCALE_EN
    [javac]   location: class LocaleUtils_LLMTest
    [javac] /tmp/fix_test_suite.pl_5916_1702628952/llm/org/apache/commons/lang3/LocaleUtils_LLMTest.java:296: error: cannot find symbol
    [javac]                 LOCALE_QQ}); // original test case
    [javac]                 ^
    [javac]   symbol:   variable LOCALE_QQ
    [javac]   location: class LocaleUtils_LLMTest
    [javac] /tmp/fix_test_suite.pl_5916_1702628952/llm/org/apache/commons/lang3/LocaleUtils_LLMTest.java:297: error: cannot find symbol
    [javac]         assertLocaleLookupList(LOCALE_EN_US, LOCALE_QQ_ZZ,
    [javac]                                ^
    [javac]   symbol:   variable LOCALE_EN_US
    [javac]   location: class LocaleUtils_LLMTest
    [javac] /tmp/fix_test_suite.pl_5916_1702628952/llm/org/apache/commons/lang3/LocaleUtils_LLMTest.java:297: error: cannot find symbol
    [javac]         assertLocaleLookupList(LOCALE_EN_US, LOCALE_QQ_ZZ,
    [javac]                                              ^
    [javac]   symbol:   variable LOCALE_QQ_ZZ
    [javac]   location: class LocaleUtils_LLMTest
    [javac] /tmp/fix_test_suite.pl_5916_1702628952/llm/org/apache/commons/lang3/LocaleUtils_LLMTest.java:299: error: cannot find symbol
    [javac]                 LOCALE_EN_US,
    [javac]                 ^
    [javac]   symbol:   variable LOCALE_EN_US
    [javac]   location: class LocaleUtils_LLMTest
    [javac] /tmp/fix_test_suite.pl_5916_1702628952/llm/org/apache/commons/lang3/LocaleUtils_LLMTest.java:300: error: cannot find symbol
    [javac]                 LOCALE_EN,
    [javac]                 ^
    [javac]   symbol:   variable LOCALE_EN
    [javac]   location: class LocaleUtils_LLMTest
    [javac] /tmp/fix_test_suite.pl_5916_1702628952/llm/org/apache/commons/lang3/LocaleUtils_LLMTest.java:301: error: cannot find symbol
    [javac]                 LOCALE_QQ_ZZ}); // original test case
    [javac]                 ^
    [javac]   symbol:   variable LOCALE_QQ_ZZ
    [javac]   location: class LocaleUtils_LLMTest
    [javac] /tmp/fix_test_suite.pl_5916_1702628952/llm/org/apache/commons/lang3/LocaleUtils_LLMTest.java:303: error: cannot find symbol
    [javac]         assertLocaleLookupList(LOCALE_EN_US_ZZZZ, null,
    [javac]                                ^
    [javac]   symbol:   variable LOCALE_EN_US_ZZZZ
    [javac]   location: class LocaleUtils_LLMTest
    [javac] /tmp/fix_test_suite.pl_5916_1702628952/llm/org/apache/commons/lang3/LocaleUtils_LLMTest.java:305: error: cannot find symbol
    [javac]                 LOCALE_EN_US_ZZZZ,
    [javac]                 ^
    [javac]   symbol:   variable LOCALE_EN_US_ZZZZ
    [javac]   location: class LocaleUtils_LLMTest
    [javac] /tmp/fix_test_suite.pl_5916_1702628952/llm/org/apache/commons/lang3/LocaleUtils_LLMTest.java:306: error: cannot find symbol
    [javac]                 LOCALE_EN_US,
    [javac]                 ^
    [javac]   symbol:   variable LOCALE_EN_US
    [javac]   location: class LocaleUtils_LLMTest
    [javac] /tmp/fix_test_suite.pl_5916_1702628952/llm/org/apache/commons/lang3/LocaleUtils_LLMTest.java:307: error: cannot find symbol
    [javac]                 LOCALE_EN}); // original test case
    [javac]                 ^
    [javac]   symbol:   variable LOCALE_EN
    [javac]   location: class LocaleUtils_LLMTest
    [javac] /tmp/fix_test_suite.pl_5916_1702628952/llm/org/apache/commons/lang3/LocaleUtils_LLMTest.java:308: error: cannot find symbol
    [javac]         assertLocaleLookupList(LOCALE_EN_US_ZZZZ, LOCALE_EN_US_ZZZZ,
    [javac]                                ^
    [javac]   symbol:   variable LOCALE_EN_US_ZZZZ
    [javac]   location: class LocaleUtils_LLMTest
    [javac] /tmp/fix_test_suite.pl_5916_1702628952/llm/org/apache/commons/lang3/LocaleUtils_LLMTest.java:308: error: cannot find symbol
    [javac]         assertLocaleLookupList(LOCALE_EN_US_ZZZZ, LOCALE_EN_US_ZZZZ,
    [javac]                                                   ^
    [javac]   symbol:   variable LOCALE_EN_US_ZZZZ
    [javac]   location: class LocaleUtils_LLMTest
    [javac] /tmp/fix_test_suite.pl_5916_1702628952/llm/org/apache/commons/lang3/LocaleUtils_LLMTest.java:310: error: cannot find symbol
    [javac]                 LOCALE_EN_US_ZZZZ,
    [javac]                 ^
    [javac]   symbol:   variable LOCALE_EN_US_ZZZZ
    [javac]   location: class LocaleUtils_LLMTest
    [javac] /tmp/fix_test_suite.pl_5916_1702628952/llm/org/apache/commons/lang3/LocaleUtils_LLMTest.java:311: error: cannot find symbol
    [javac]                 LOCALE_EN_US,
    [javac]                 ^
    [javac]   symbol:   variable LOCALE_EN_US
    [javac]   location: class LocaleUtils_LLMTest
    [javac] /tmp/fix_test_suite.pl_5916_1702628952/llm/org/apache/commons/lang3/LocaleUtils_LLMTest.java:312: error: cannot find symbol
    [javac]                 LOCALE_EN});
    [javac]                 ^
    [javac]   symbol:   variable LOCALE_EN
    [javac]   location: class LocaleUtils_LLMTest
    [javac] /tmp/fix_test_suite.pl_5916_1702628952/llm/org/apache/commons/lang3/LocaleUtils_LLMTest.java:313: error: cannot find symbol
    [javac]         assertLocaleLookupList(LOCALE_EN_US_ZZZZ, LOCALE_QQ,
    [javac]                                ^
    [javac]   symbol:   variable LOCALE_EN_US_ZZZZ
    [javac]   location: class LocaleUtils_LLMTest
    [javac] /tmp/fix_test_suite.pl_5916_1702628952/llm/org/apache/commons/lang3/LocaleUtils_LLMTest.java:313: error: cannot find symbol
    [javac]         assertLocaleLookupList(LOCALE_EN_US_ZZZZ, LOCALE_QQ,
    [javac]                                                   ^
    [javac]   symbol:   variable LOCALE_QQ
    [javac]   location: class LocaleUtils_LLMTest
    [javac] /tmp/fix_test_suite.pl_5916_1702628952/llm/org/apache/commons/lang3/LocaleUtils_LLMTest.java:315: error: cannot find symbol
    [javac]                 LOCALE_EN_US_ZZZZ,
    [javac]                 ^
    [javac]   symbol:   variable LOCALE_EN_US_ZZZZ
    [javac]   location: class LocaleUtils_LLMTest
    [javac] /tmp/fix_test_suite.pl_5916_1702628952/llm/org/apache/commons/lang3/LocaleUtils_LLMTest.java:316: error: cannot find symbol
    [javac]                 LOCALE_EN_US,
    [javac]                 ^
    [javac]   symbol:   variable LOCALE_EN_US
    [javac]   location: class LocaleUtils_LLMTest
    [javac] /tmp/fix_test_suite.pl_5916_1702628952/llm/org/apache/commons/lang3/LocaleUtils_LLMTest.java:317: error: cannot find symbol
    [javac]                 LOCALE_EN,
    [javac]                 ^
    [javac]   symbol:   variable LOCALE_EN
    [javac]   location: class LocaleUtils_LLMTest
    [javac] /tmp/fix_test_suite.pl_5916_1702628952/llm/org/apache/commons/lang3/LocaleUtils_LLMTest.java:318: error: cannot find symbol
    [javac]                 LOCALE_QQ}); // additional test case
    [javac]                 ^
    [javac]   symbol:   variable LOCALE_QQ
    [javac]   location: class LocaleUtils_LLMTest
    [javac] /tmp/fix_test_suite.pl_5916_1702628952/llm/org/apache/commons/lang3/LocaleUtils_LLMTest.java:319: error: cannot find symbol
    [javac]         assertLocaleLookupList(LOCALE_EN_US_ZZZZ, LOCALE_QQ_ZZ,
    [javac]                                ^
    [javac]   symbol:   variable LOCALE_EN_US_ZZZZ
    [javac]   location: class LocaleUtils_LLMTest
    [javac] /tmp/fix_test_suite.pl_5916_1702628952/llm/org/apache/commons/lang3/LocaleUtils_LLMTest.java:319: error: cannot find symbol
    [javac]         assertLocaleLookupList(LOCALE_EN_US_ZZZZ, LOCALE_QQ_ZZ,
    [javac]                                                   ^
    [javac]   symbol:   variable LOCALE_QQ_ZZ
    [javac]   location: class LocaleUtils_LLMTest
    [javac] /tmp/fix_test_suite.pl_5916_1702628952/llm/org/apache/commons/lang3/LocaleUtils_LLMTest.java:321: error: cannot find symbol
    [javac]                 LOCALE_EN_US_ZZZZ,
    [javac]                 ^
    [javac]   symbol:   variable LOCALE_EN_US_ZZZZ
    [javac]   location: class LocaleUtils_LLMTest
    [javac] /tmp/fix_test_suite.pl_5916_1702628952/llm/org/apache/commons/lang3/LocaleUtils_LLMTest.java:322: error: cannot find symbol
    [javac]                 LOCALE_EN_US,
    [javac]                 ^
    [javac]   symbol:   variable LOCALE_EN_US
    [javac]   location: class LocaleUtils_LLMTest
    [javac] /tmp/fix_test_suite.pl_5916_1702628952/llm/org/apache/commons/lang3/LocaleUtils_LLMTest.java:323: error: cannot find symbol
    [javac]                 LOCALE_EN,
    [javac]                 ^
    [javac]   symbol:   variable LOCALE_EN
    [javac]   location: class LocaleUtils_LLMTest
    [javac] /tmp/fix_test_suite.pl_5916_1702628952/llm/org/apache/commons/lang3/LocaleUtils_LLMTest.java:324: error: cannot find symbol
    [javac]                 LOCALE_QQ_ZZ}); // additional test case
    [javac]                 ^
    [javac]   symbol:   variable LOCALE_QQ_ZZ
    [javac]   location: class LocaleUtils_LLMTest
    [javac] /tmp/fix_test_suite.pl_5916_1702628952/llm/org/apache/commons/lang3/LocaleUtils_LLMTest.java:325: error: cannot find symbol
    [javac]         assertLocaleLookupList(LOCALE_FR_CA, LOCALE_EN,
    [javac]                                ^
    [javac]   symbol:   variable LOCALE_FR_CA
    [javac]   location: class LocaleUtils_LLMTest
    [javac] /tmp/fix_test_suite.pl_5916_1702628952/llm/org/apache/commons/lang3/LocaleUtils_LLMTest.java:325: error: cannot find symbol
    [javac]         assertLocaleLookupList(LOCALE_FR_CA, LOCALE_EN,
    [javac]                                              ^
    [javac]   symbol:   variable LOCALE_EN
    [javac]   location: class LocaleUtils_LLMTest
    [javac] /tmp/fix_test_suite.pl_5916_1702628952/llm/org/apache/commons/lang3/LocaleUtils_LLMTest.java:327: error: cannot find symbol
    [javac]                 LOCALE_FR_CA,
    [javac]                 ^
    [javac]   symbol:   variable LOCALE_FR_CA
    [javac]   location: class LocaleUtils_LLMTest
    [javac] /tmp/fix_test_suite.pl_5916_1702628952/llm/org/apache/commons/lang3/LocaleUtils_LLMTest.java:328: error: cannot find symbol
    [javac]                 LOCALE_FR,
    [javac]                 ^
    [javac]   symbol:   variable LOCALE_FR
    [javac]   location: class LocaleUtils_LLMTest
    [javac] /tmp/fix_test_suite.pl_5916_1702628952/llm/org/apache/commons/lang3/LocaleUtils_LLMTest.java:329: error: cannot find symbol
    [javac]                 LOCALE_EN}); // additional test case
    [javac]                 ^
    [javac]   symbol:   variable LOCALE_EN
    [javac]   location: class LocaleUtils_LLMTest
    [javac] /tmp/fix_test_suite.pl_5916_1702628952/llm/org/apache/commons/lang3/LocaleUtils_LLMTest.java:332: error: cannot find symbol
    [javac]   assertLocaleLookupList(LOCALE_QQ_ZZ, null,
    [javac]                          ^
    [javac]   symbol:   variable LOCALE_QQ_ZZ
    [javac]   location: class LocaleUtils_LLMTest
    [javac] /tmp/fix_test_suite.pl_5916_1702628952/llm/org/apache/commons/lang3/LocaleUtils_LLMTest.java:334: error: cannot find symbol
    [javac]                 LOCALE_QQ_ZZ,
    [javac]                 ^
    [javac]   symbol:   variable LOCALE_QQ_ZZ
    [javac]   location: class LocaleUtils_LLMTest
    [javac] /tmp/fix_test_suite.pl_5916_1702628952/llm/org/apache/commons/lang3/LocaleUtils_LLMTest.java:335: error: cannot find symbol
    [javac]                 LOCALE_QQ});
    [javac]                 ^
    [javac]   symbol:   variable LOCALE_QQ
    [javac]   location: class LocaleUtils_LLMTest
    [javac] /tmp/fix_test_suite.pl_5916_1702628952/llm/org/apache/commons/lang3/LocaleUtils_LLMTest.java:343: error: cannot find symbol
    [javac]         assertUnmodifiableCollection(set);
    [javac]         ^
    [javac]   symbol:   method assertUnmodifiableCollection(Set<Locale>)
    [javac]   location: class LocaleUtils_LLMTest
    [javac] warning: /root/.sdkman/candidates/java/8.0.302-open/lib/ct.sym(META-INF/sym/rt.jar/java/util/AbstractSet.class): major version 52 is newer than 51, the highest major version supported by this compiler.
    [javac]   It is recommended that the compiler be upgraded.
    [javac] /root/.sdkman/candidates/java/8.0.302-open/lib/ct.sym(META-INF/sym/rt.jar/java/util/AbstractSet.class): warning: Cannot find annotation method 'value()' in type 'Profile+Annotation'
    [javac] warning: /root/.sdkman/candidates/java/8.0.302-open/lib/ct.sym(META-INF/sym/rt.jar/java/util/AbstractCollection.class): major version 52 is newer than 51, the highest major version supported by this compiler.
    [javac]   It is recommended that the compiler be upgraded.
    [javac] /root/.sdkman/candidates/java/8.0.302-open/lib/ct.sym(META-INF/sym/rt.jar/java/util/AbstractCollection.class): warning: Cannot find annotation method 'value()' in type 'Profile+Annotation'
    [javac] warning: /root/.sdkman/candidates/java/8.0.302-open/lib/ct.sym(META-INF/sym/rt.jar/java/lang/Iterable.class): major version 52 is newer than 51, the highest major version supported by this compiler.
    [javac]   It is recommended that the compiler be upgraded.
    [javac] /root/.sdkman/candidates/java/8.0.302-open/lib/ct.sym(META-INF/sym/rt.jar/java/lang/Iterable.class): warning: Cannot find annotation method 'value()' in type 'Profile+Annotation'
    [javac] /tmp/fix_test_suite.pl_5916_1702628952/llm/org/apache/commons/lang3/LocaleUtils_LLMTest.java:349: error: cannot find symbol
    [javac]         assertFalse(set.contains(LOCALE_FR_CA));
    [javac]                                  ^
    [javac]   symbol:   variable LOCALE_FR_CA
    [javac]   location: class LocaleUtils_LLMTest
    [javac] /tmp/fix_test_suite.pl_5916_1702628952/llm/org/apache/commons/lang3/LocaleUtils_LLMTest.java:357: error: cannot find symbol
    [javac]         assertUnmodifiableCollection(list);
    [javac]         ^
    [javac]   symbol:   method assertUnmodifiableCollection(List<Locale>)
    [javac]   location: class LocaleUtils_LLMTest
    [javac] /tmp/fix_test_suite.pl_5916_1702628952/llm/org/apache/commons/lang3/LocaleUtils_LLMTest.java:362: error: cannot find symbol
    [javac]         assertFalse(list.contains(LOCALE_FR_CA));
    [javac]                                   ^
    [javac]   symbol:   variable LOCALE_FR_CA
    [javac]   location: class LocaleUtils_LLMTest
    [javac] /tmp/fix_test_suite.pl_5916_1702628952/llm/org/apache/commons/lang3/LocaleUtils_LLMTest.java:366: error: cannot find symbol
    [javac]         assertLocaleLookupList(null, null, new Locale[0]);
    [javac]         ^
    [javac]   symbol:   method assertLocaleLookupList(<null>,<null>,Locale[])
    [javac]   location: class LocaleUtils_LLMTest
    [javac] /tmp/fix_test_suite.pl_5916_1702628952/llm/org/apache/commons/lang3/LocaleUtils_LLMTest.java:367: error: cannot find symbol
    [javac]         assertLocaleLookupList(LOCALE_QQ, null, new Locale[]{LOCALE_QQ});
    [javac]                                ^
    [javac]   symbol:   variable LOCALE_QQ
    [javac]   location: class LocaleUtils_LLMTest
    [javac] /tmp/fix_test_suite.pl_5916_1702628952/llm/org/apache/commons/lang3/LocaleUtils_LLMTest.java:367: error: cannot find symbol
    [javac]         assertLocaleLookupList(LOCALE_QQ, null, new Locale[]{LOCALE_QQ});
    [javac]                                                              ^
    [javac]   symbol:   variable LOCALE_QQ
    [javac]   location: class LocaleUtils_LLMTest
    [javac] /tmp/fix_test_suite.pl_5916_1702628952/llm/org/apache/commons/lang3/LocaleUtils_LLMTest.java:368: error: cannot find symbol
    [javac]         assertLocaleLookupList(LOCALE_EN, null, new Locale[]{LOCALE_EN});
    [javac]                                ^
    [javac]   symbol:   variable LOCALE_EN
    [javac]   location: class LocaleUtils_LLMTest
    [javac] /tmp/fix_test_suite.pl_5916_1702628952/llm/org/apache/commons/lang3/LocaleUtils_LLMTest.java:368: error: cannot find symbol
    [javac]         assertLocaleLookupList(LOCALE_EN, null, new Locale[]{LOCALE_EN});
    [javac]                                                              ^
    [javac]   symbol:   variable LOCALE_EN
    [javac]   location: class LocaleUtils_LLMTest
    [javac] /tmp/fix_test_suite.pl_5916_1702628952/llm/org/apache/commons/lang3/LocaleUtils_LLMTest.java:369: error: cannot find symbol
    [javac]         assertLocaleLookupList(LOCALE_EN, null, new Locale[]{LOCALE_EN});
    [javac]                                ^
    [javac]   symbol:   variable LOCALE_EN
    [javac]   location: class LocaleUtils_LLMTest
    [javac] /tmp/fix_test_suite.pl_5916_1702628952/llm/org/apache/commons/lang3/LocaleUtils_LLMTest.java:369: error: cannot find symbol
    [javac]         assertLocaleLookupList(LOCALE_EN, null, new Locale[]{LOCALE_EN});
    [javac]                                                              ^
    [javac]   symbol:   variable LOCALE_EN
    [javac]   location: class LocaleUtils_LLMTest
    [javac] /tmp/fix_test_suite.pl_5916_1702628952/llm/org/apache/commons/lang3/LocaleUtils_LLMTest.java:370: error: cannot find symbol
    [javac]         assertLocaleLookupList(LOCALE_EN_US, null,
    [javac]                                ^
    [javac]   symbol:   variable LOCALE_EN_US
    [javac]   location: class LocaleUtils_LLMTest
    [javac] /tmp/fix_test_suite.pl_5916_1702628952/llm/org/apache/commons/lang3/LocaleUtils_LLMTest.java:372: error: cannot find symbol
    [javac]                 LOCALE_EN_US,
    [javac]                 ^
    [javac]   symbol:   variable LOCALE_EN_US
    [javac]   location: class LocaleUtils_LLMTest
    [javac] /tmp/fix_test_suite.pl_5916_1702628952/llm/org/apache/commons/lang3/LocaleUtils_LLMTest.java:373: error: cannot find symbol
    [javac]                 LOCALE_EN});
    [javac]                 ^
    [javac]   symbol:   variable LOCALE_EN
    [javac]   location: class LocaleUtils_LLMTest
    [javac] /tmp/fix_test_suite.pl_5916_1702628952/llm/org/apache/commons/lang3/LocaleUtils_LLMTest.java:374: error: cannot find symbol
    [javac]         assertLocaleLookupList(LOCALE_EN_US_ZZZZ, null,
    [javac]                                ^
    [javac]   symbol:   variable LOCALE_EN_US_ZZZZ
    [javac]   location: class LocaleUtils_LLMTest
    [javac] /tmp/fix_test_suite.pl_5916_1702628952/llm/org/apache/commons/lang3/LocaleUtils_LLMTest.java:376: error: cannot find symbol
    [javac]                 LOCALE_EN_US_ZZZZ,
    [javac]                 ^
    [javac]   symbol:   variable LOCALE_EN_US_ZZZZ
    [javac]   location: class LocaleUtils_LLMTest
    [javac] /tmp/fix_test_suite.pl_5916_1702628952/llm/org/apache/commons/lang3/LocaleUtils_LLMTest.java:377: error: cannot find symbol
    [javac]                 LOCALE_EN_US,
    [javac]                 ^
    [javac]   symbol:   variable LOCALE_EN_US
    [javac]   location: class LocaleUtils_LLMTest
    [javac] /tmp/fix_test_suite.pl_5916_1702628952/llm/org/apache/commons/lang3/LocaleUtils_LLMTest.java:378: error: cannot find symbol
    [javac]                 LOCALE_EN});
    [javac]                 ^
    [javac]   symbol:   variable LOCALE_EN
    [javac]   location: class LocaleUtils_LLMTest
    [javac] /tmp/fix_test_suite.pl_5916_1702628952/llm/org/apache/commons/lang3/LocaleUtils_LLMTest.java:379: error: cannot find symbol
    [javac]         assertFalse(list.contains(LOCALE_FR_CA));
    [javac]                                   ^
    [javac]   symbol:   variable LOCALE_FR_CA
    [javac]   location: class LocaleUtils_LLMTest
    [javac] /tmp/fix_test_suite.pl_5916_1702628952/llm/org/apache/commons/lang3/LocaleUtils_LLMTest.java:379: error: cannot find symbol
    [javac]         assertFalse(list.contains(LOCALE_FR_CA));
    [javac]                     ^
    [javac]   symbol:   variable list
    [javac]   location: class LocaleUtils_LLMTest
    [javac] warning: /root/.sdkman/candidates/java/8.0.302-open/lib/ct.sym(META-INF/sym/rt.jar/java/lang/String.class): major version 52 is newer than 51, the highest major version supported by this compiler.
    [javac]   It is recommended that the compiler be upgraded.
    [javac] /root/.sdkman/candidates/java/8.0.302-open/lib/ct.sym(META-INF/sym/rt.jar/java/lang/String.class): warning: Cannot find annotation method 'value()' in type 'Profile+Annotation'
    [javac] /tmp/fix_test_suite.pl_5916_1702628952/llm/org/apache/commons/lang3/LocaleUtils_LLMTest.java:383: error: cannot find symbol
    [javac]         assertValidToLocale("fr__P", "fr", "", "P");
    [javac]         ^
    [javac]   symbol:   method assertValidToLocale(String,String,String,String)
    [javac]   location: class LocaleUtils_LLMTest
    [javac] /tmp/fix_test_suite.pl_5916_1702628952/llm/org/apache/commons/lang3/LocaleUtils_LLMTest.java:384: error: cannot find symbol
    [javac]         assertValidToLocale("fr__POSIX", "fr", "", "POSIX");
    [javac]         ^
    [javac]   symbol:   method assertValidToLocale(String,String,String,String)
    [javac]   location: class LocaleUtils_LLMTest
    [javac] /tmp/fix_test_suite.pl_5916_1702628952/llm/org/apache/commons/lang3/LocaleUtils_LLMTest.java:385: error: cannot find symbol
    [javac]         assertFalse(set.contains(LOCALE_FR_CA));
    [javac]                                  ^
    [javac]   symbol:   variable LOCALE_FR_CA
    [javac]   location: class LocaleUtils_LLMTest
    [javac] /tmp/fix_test_suite.pl_5916_1702628952/llm/org/apache/commons/lang3/LocaleUtils_LLMTest.java:385: error: cannot find symbol
    [javac]         assertFalse(set.contains(LOCALE_FR_CA));
    [javac]                     ^
    [javac]   symbol:   variable set
    [javac]   location: class LocaleUtils_LLMTest
    [javac] /tmp/fix_test_suite.pl_5916_1702628952/llm/org/apache/commons/lang3/LocaleUtils_LLMTest.java:389: error: cannot find symbol
    [javac]         assertLanguageByCountry(null, new String[0]);
    [javac]         ^
    [javac]   symbol:   method assertLanguageByCountry(<null>,String[])
    [javac]   location: class LocaleUtils_LLMTest
    [javac] /tmp/fix_test_suite.pl_5916_1702628952/llm/org/apache/commons/lang3/LocaleUtils_LLMTest.java:390: error: cannot find symbol
    [javac]         assertLanguageByCountry("GB", new String[]{"en"});
    [javac]         ^
    [javac]   symbol:   method assertLanguageByCountry(String,String[])
    [javac]   location: class LocaleUtils_LLMTest
    [javac] /tmp/fix_test_suite.pl_5916_1702628952/llm/org/apache/commons/lang3/LocaleUtils_LLMTest.java:391: error: cannot find symbol
    [javac]         assertLanguageByCountry("ZZ", new String[0]);
    [javac]         ^
    [javac]   symbol:   method assertLanguageByCountry(String,String[])
    [javac]   location: class LocaleUtils_LLMTest
    [javac] /tmp/fix_test_suite.pl_5916_1702628952/llm/org/apache/commons/lang3/LocaleUtils_LLMTest.java:392: error: cannot find symbol
    [javac]         assertLanguageByCountry("CH", new String[]{"fr", "de", "it"});
    [javac]         ^
    [javac]   symbol:   method assertLanguageByCountry(String,String[])
    [javac]   location: class LocaleUtils_LLMTest
    [javac] /tmp/fix_test_suite.pl_5916_1702628952/llm/org/apache/commons/lang3/LocaleUtils_LLMTest.java:393: error: cannot find symbol
    [javac]         assertLanguageByCountry("FR", new String[]{"fr"});
    [javac]         ^
    [javac]   symbol:   method assertLanguageByCountry(String,String[])
    [javac]   location: class LocaleUtils_LLMTest
    [javac] /tmp/fix_test_suite.pl_5916_1702628952/llm/org/apache/commons/lang3/LocaleUtils_LLMTest.java:398: error: AVAILABLE_LOCALE_SET has private access in SyncAvoid
    [javac]         LocaleUtils.SyncAvoid.AVAILABLE_LOCALE_SET = new HashSet<>(Arrays.asList(emptyLocaleArray));
    [javac]                              ^
    [javac] /tmp/fix_test_suite.pl_5916_1702628952/llm/org/apache/commons/lang3/LocaleUtils_LLMTest.java:406: error: AVAILABLE_LOCALE_SET has private access in SyncAvoid
    [javac]         LocaleUtils.SyncAvoid.AVAILABLE_LOCALE_SET = null;
    [javac]                              ^
    [javac] /tmp/fix_test_suite.pl_5916_1702628952/llm/org/apache/commons/lang3/LocaleUtils_LLMTest.java:418: error: AVAILABLE_LOCALE_SET has private access in SyncAvoid
    [javac]         LocaleUtils.SyncAvoid.AVAILABLE_LOCALE_SET = new HashSet<>(Arrays.asList(Locale.getAvailableLocales()));
    [javac]                              ^
    [javac] /tmp/fix_test_suite.pl_5916_1702628952/llm/org/apache/commons/lang3/LocaleUtils_LLMTest.java:420: error: cannot find symbol
    [javac]         assertFalse(LocaleUtils.isAvailableLocale(LOCALE_FA));
    [javac]                                                   ^
    [javac]   symbol:   variable LOCALE_FA
    [javac]   location: class LocaleUtils_LLMTest
    [javac] /tmp/fix_test_suite.pl_5916_1702628952/llm/org/apache/commons/lang3/LocaleUtils_LLMTest.java:453: error: cannot find symbol
    [javac]         assertLanguageByCountry(null, new String[0]);
    [javac]         ^
    [javac]   symbol:   method assertLanguageByCountry(<null>,String[])
    [javac]   location: class LocaleUtils_LLMTest
    [javac] /tmp/fix_test_suite.pl_5916_1702628952/llm/org/apache/commons/lang3/LocaleUtils_LLMTest.java:454: error: cannot find symbol
    [javac]         assertLanguageByCountry("GB", new String[]{"en"});
    [javac]         ^
    [javac]   symbol:   method assertLanguageByCountry(String,String[])
    [javac]   location: class LocaleUtils_LLMTest
    [javac] /tmp/fix_test_suite.pl_5916_1702628952/llm/org/apache/commons/lang3/LocaleUtils_LLMTest.java:455: error: cannot find symbol
    [javac]         assertLanguageByCountry("ZZ", new String[0]);
    [javac]         ^
    [javac]   symbol:   method assertLanguageByCountry(String,String[])
    [javac]   location: class LocaleUtils_LLMTest
    [javac] /tmp/fix_test_suite.pl_5916_1702628952/llm/org/apache/commons/lang3/LocaleUtils_LLMTest.java:456: error: cannot find symbol
    [javac]         assertLanguageByCountry("CH", new String[]{"fr", "de", "it"});
    [javac]         ^
    [javac]   symbol:   method assertLanguageByCountry(String,String[])
    [javac]   location: class LocaleUtils_LLMTest
    [javac] 100 errors
    [javac] 46 warnings

BUILD FAILED
/defects4j/framework/projects/defects4j.build.xml:265: Compile failed; see the compiler error output for details.

Total time: 0 seconds
- Compilation issues: Lang-5b-llm.25.tar.bz2
Picked up JAVA_TOOL_OPTIONS: -Dfile.encoding=UTF8
OpenJDK 64-Bit Server VM warning: ignoring option MaxPermSize=1G; support was removed in 8.0
Buildfile: /defects4j/framework/projects/defects4j.build.xml

init:
     [echo] -------- commons-lang3 3.2-SNAPSHOT --------

compile:

compile.gen.tests:
     [echo] classes.dir: target/classes
     [echo] build.home: target
   [delete] Deleting directory /tmp/fix_test_suite.pl_5916_1702628952/.classes_testgen
    [mkdir] Created dir: /tmp/fix_test_suite.pl_5916_1702628952/.classes_testgen
    [javac] /defects4j/framework/projects/defects4j.build.xml:265: warning: 'includeantruntime' was not set, defaulting to build.sysclasspath=last; set to false for repeatable builds
    [javac] Compiling 1 source file to /tmp/fix_test_suite.pl_5916_1702628952/.classes_testgen
    [javac] warning: /root/.sdkman/candidates/java/8.0.302-open/lib/ct.sym(META-INF/sym/rt.jar/java/lang/Enum.class): major version 52 is newer than 51, the highest major version supported by this compiler.
    [javac]   It is recommended that the compiler be upgraded.
    [javac] warning: /root/.sdkman/candidates/java/8.0.302-open/lib/ct.sym(META-INF/sym/rt.jar/java/lang/Object.class): major version 52 is newer than 51, the highest major version supported by this compiler.
    [javac]   It is recommended that the compiler be upgraded.
    [javac] warning: /root/.sdkman/candidates/java/8.0.302-open/lib/ct.sym(META-INF/sym/rt.jar/java/lang/Comparable.class): major version 52 is newer than 51, the highest major version supported by this compiler.
    [javac]   It is recommended that the compiler be upgraded.
    [javac] warning: /root/.sdkman/candidates/java/8.0.302-open/lib/ct.sym(META-INF/sym/rt.jar/java/io/Serializable.class): major version 52 is newer than 51, the highest major version supported by this compiler.
    [javac]   It is recommended that the compiler be upgraded.
    [javac] warning: /root/.sdkman/candidates/java/8.0.302-open/lib/ct.sym(META-INF/sym/rt.jar/java/lang/reflect/Constructor.class): major version 52 is newer than 51, the highest major version supported by this compiler.
    [javac]   It is recommended that the compiler be upgraded.
    [javac] warning: /root/.sdkman/candidates/java/8.0.302-open/lib/ct.sym(META-INF/sym/rt.jar/java/lang/reflect/Modifier.class): major version 52 is newer than 51, the highest major version supported by this compiler.
    [javac]   It is recommended that the compiler be upgraded.
    [javac] warning: /root/.sdkman/candidates/java/8.0.302-open/lib/ct.sym(META-INF/sym/rt.jar/java/util/Arrays.class): major version 52 is newer than 51, the highest major version supported by this compiler.
    [javac]   It is recommended that the compiler be upgraded.
    [javac] warning: /root/.sdkman/candidates/java/8.0.302-open/lib/ct.sym(META-INF/sym/rt.jar/java/util/Collection.class): major version 52 is newer than 51, the highest major version supported by this compiler.
    [javac]   It is recommended that the compiler be upgraded.
    [javac] warning: /root/.sdkman/candidates/java/8.0.302-open/lib/ct.sym(META-INF/sym/rt.jar/java/util/HashSet.class): major version 52 is newer than 51, the highest major version supported by this compiler.
    [javac]   It is recommended that the compiler be upgraded.
    [javac] warning: /root/.sdkman/candidates/java/8.0.302-open/lib/ct.sym(META-INF/sym/rt.jar/java/util/Iterator.class): major version 52 is newer than 51, the highest major version supported by this compiler.
    [javac]   It is recommended that the compiler be upgraded.
    [javac] warning: /root/.sdkman/candidates/java/8.0.302-open/lib/ct.sym(META-INF/sym/rt.jar/java/util/List.class): major version 52 is newer than 51, the highest major version supported by this compiler.
    [javac]   It is recommended that the compiler be upgraded.
    [javac] warning: /root/.sdkman/candidates/java/8.0.302-open/lib/ct.sym(META-INF/sym/rt.jar/java/util/Locale.class): major version 52 is newer than 51, the highest major version supported by this compiler.
    [javac]   It is recommended that the compiler be upgraded.
    [javac] warning: /root/.sdkman/candidates/java/8.0.302-open/lib/ct.sym(META-INF/sym/rt.jar/java/util/Set.class): major version 52 is newer than 51, the highest major version supported by this compiler.
    [javac]   It is recommended that the compiler be upgraded.
    [javac] /root/.sdkman/candidates/java/8.0.302-open/lib/ct.sym(META-INF/sym/rt.jar/java/lang/Enum.class): warning: Cannot find annotation method 'value()' in type 'Profile+Annotation': class file for jdk.Profile+Annotation not found
    [javac] /root/.sdkman/candidates/java/8.0.302-open/lib/ct.sym(META-INF/sym/rt.jar/java/lang/Object.class): warning: Cannot find annotation method 'value()' in type 'Profile+Annotation'
    [javac] /root/.sdkman/candidates/java/8.0.302-open/lib/ct.sym(META-INF/sym/rt.jar/java/lang/Comparable.class): warning: Cannot find annotation method 'value()' in type 'Profile+Annotation'
    [javac] /root/.sdkman/candidates/java/8.0.302-open/lib/ct.sym(META-INF/sym/rt.jar/java/io/Serializable.class): warning: Cannot find annotation method 'value()' in type 'Profile+Annotation'
    [javac] /root/.sdkman/candidates/java/8.0.302-open/lib/ct.sym(META-INF/sym/rt.jar/java/lang/reflect/Constructor.class): warning: Cannot find annotation method 'value()' in type 'Profile+Annotation'
    [javac] /root/.sdkman/candidates/java/8.0.302-open/lib/ct.sym(META-INF/sym/rt.jar/java/lang/reflect/Modifier.class): warning: Cannot find annotation method 'value()' in type 'Profile+Annotation'
    [javac] /root/.sdkman/candidates/java/8.0.302-open/lib/ct.sym(META-INF/sym/rt.jar/java/util/Arrays.class): warning: Cannot find annotation method 'value()' in type 'Profile+Annotation'
    [javac] /root/.sdkman/candidates/java/8.0.302-open/lib/ct.sym(META-INF/sym/rt.jar/java/util/Collection.class): warning: Cannot find annotation method 'value()' in type 'Profile+Annotation'
    [javac] /root/.sdkman/candidates/java/8.0.302-open/lib/ct.sym(META-INF/sym/rt.jar/java/util/HashSet.class): warning: Cannot find annotation method 'value()' in type 'Profile+Annotation'
    [javac] /root/.sdkman/candidates/java/8.0.302-open/lib/ct.sym(META-INF/sym/rt.jar/java/util/Iterator.class): warning: Cannot find annotation method 'value()' in type 'Profile+Annotation'
    [javac] /root/.sdkman/candidates/java/8.0.302-open/lib/ct.sym(META-INF/sym/rt.jar/java/util/List.class): warning: Cannot find annotation method 'value()' in type 'Profile+Annotation'
    [javac] /root/.sdkman/candidates/java/8.0.302-open/lib/ct.sym(META-INF/sym/rt.jar/java/util/Locale.class): warning: Cannot find annotation method 'value()' in type 'Profile+Annotation'
    [javac] /root/.sdkman/candidates/java/8.0.302-open/lib/ct.sym(META-INF/sym/rt.jar/java/util/Set.class): warning: Cannot find annotation method 'value()' in type 'Profile+Annotation'
    [javac] warning: /root/.sdkman/candidates/java/8.0.302-open/lib/ct.sym(META-INF/sym/rt.jar/java/lang/annotation/Retention.class): major version 52 is newer than 51, the highest major version supported by this compiler.
    [javac]   It is recommended that the compiler be upgraded.
    [javac] warning: /root/.sdkman/candidates/java/8.0.302-open/lib/ct.sym(META-INF/sym/rt.jar/java/lang/annotation/RetentionPolicy.class): major version 52 is newer than 51, the highest major version supported by this compiler.
    [javac]   It is recommended that the compiler be upgraded.
    [javac] warning: /root/.sdkman/candidates/java/8.0.302-open/lib/ct.sym(META-INF/sym/rt.jar/java/lang/annotation/Target.class): major version 52 is newer than 51, the highest major version supported by this compiler.
    [javac]   It is recommended that the compiler be upgraded.
    [javac] warning: /root/.sdkman/candidates/java/8.0.302-open/lib/ct.sym(META-INF/sym/rt.jar/java/lang/annotation/ElementType.class): major version 52 is newer than 51, the highest major version supported by this compiler.
    [javac]   It is recommended that the compiler be upgraded.
    [javac] warning: /root/.sdkman/candidates/java/8.0.302-open/lib/ct.sym(META-INF/sym/rt.jar/java/lang/annotation/Annotation.class): major version 52 is newer than 51, the highest major version supported by this compiler.
    [javac]   It is recommended that the compiler be upgraded.
    [javac] /root/.sdkman/candidates/java/8.0.302-open/lib/ct.sym(META-INF/sym/rt.jar/java/lang/annotation/Retention.class): warning: Cannot find annotation method 'value()' in type 'Profile+Annotation'
    [javac] /root/.sdkman/candidates/java/8.0.302-open/lib/ct.sym(META-INF/sym/rt.jar/java/lang/annotation/RetentionPolicy.class): warning: Cannot find annotation method 'value()' in type 'Profile+Annotation'
    [javac] /root/.sdkman/candidates/java/8.0.302-open/lib/ct.sym(META-INF/sym/rt.jar/java/lang/annotation/Target.class): warning: Cannot find annotation method 'value()' in type 'Profile+Annotation'
    [javac] /root/.sdkman/candidates/java/8.0.302-open/lib/ct.sym(META-INF/sym/rt.jar/java/lang/annotation/ElementType.class): warning: Cannot find annotation method 'value()' in type 'Profile+Annotation'
    [javac] /root/.sdkman/candidates/java/8.0.302-open/lib/ct.sym(META-INF/sym/rt.jar/java/lang/annotation/Annotation.class): warning: Cannot find annotation method 'value()' in type 'Profile+Annotation'
    [javac] warning: /root/.sdkman/candidates/java/8.0.302-open/lib/ct.sym(META-INF/sym/rt.jar/java/lang/AutoCloseable.class): major version 52 is newer than 51, the highest major version supported by this compiler.
    [javac]   It is recommended that the compiler be upgraded.
    [javac] /root/.sdkman/candidates/java/8.0.302-open/lib/ct.sym(META-INF/sym/rt.jar/java/lang/AutoCloseable.class): warning: Cannot find annotation method 'value()' in type 'Profile+Annotation'
    [javac] warning: /root/.sdkman/candidates/java/8.0.302-open/lib/ct.sym(META-INF/sym/rt.jar/java/lang/String.class): major version 52 is newer than 51, the highest major version supported by this compiler.
    [javac]   It is recommended that the compiler be upgraded.
    [javac] /root/.sdkman/candidates/java/8.0.302-open/lib/ct.sym(META-INF/sym/rt.jar/java/lang/String.class): warning: Cannot find annotation method 'value()' in type 'Profile+Annotation'
    [javac] /tmp/fix_test_suite.pl_5916_1702628952/llm/org/apache/commons/lang3/LocaleUtils_LLMTest.java:503: error: cannot find symbol
    [javac]         assertCountriesByLanguage(null, new String[0]);
    [javac]         ^
    [javac]   symbol:   method assertCountriesByLanguage(<null>,String[])
    [javac]   location: class LocaleUtils_LLMTest
    [javac] /tmp/fix_test_suite.pl_5916_1702628952/llm/org/apache/commons/lang3/LocaleUtils_LLMTest.java:504: error: cannot find symbol
    [javac]         assertCountriesByLanguage("de", new String[]{"DE", "CH", "AT", "LU"});
    [javac]         ^
    [javac]   symbol:   method assertCountriesByLanguage(String,String[])
    [javac]   location: class LocaleUtils_LLMTest
    [javac] /tmp/fix_test_suite.pl_5916_1702628952/llm/org/apache/commons/lang3/LocaleUtils_LLMTest.java:505: error: cannot find symbol
    [javac]         assertCountriesByLanguage("zz", new String[0]);
    [javac]         ^
    [javac]   symbol:   method assertCountriesByLanguage(String,String[])
    [javac]   location: class LocaleUtils_LLMTest
    [javac] /tmp/fix_test_suite.pl_5916_1702628952/llm/org/apache/commons/lang3/LocaleUtils_LLMTest.java:506: error: cannot find symbol
    [javac]         assertCountriesByLanguage("it", new String[]{"IT", "CH"});
    [javac]         ^
    [javac]   symbol:   method assertCountriesByLanguage(String,String[])
    [javac]   location: class LocaleUtils_LLMTest
    [javac] /tmp/fix_test_suite.pl_5916_1702628952/llm/org/apache/commons/lang3/LocaleUtils_LLMTest.java:512: error: cannot find symbol
    [javac]         assertCountriesByLanguage("th", new String[0]);
    [javac]         ^
    [javac]   symbol:   method assertCountriesByLanguage(String,String[])
    [javac]   location: class LocaleUtils_LLMTest
    [javac] /tmp/fix_test_suite.pl_5916_1702628952/llm/org/apache/commons/lang3/LocaleUtils_LLMTest.java:516: error: cannot find symbol
    [javac]         assertCountriesByLanguage("de", new String[]{"DE", "CH", "AT", "LU"});
    [javac]         ^
    [javac]   symbol:   method assertCountriesByLanguage(String,String[])
    [javac]   location: class LocaleUtils_LLMTest
    [javac] /tmp/fix_test_suite.pl_5916_1702628952/llm/org/apache/commons/lang3/LocaleUtils_LLMTest.java:520: error: cannot find symbol
    [javac]         assertCountriesByLanguage("it", new String[]{"IT", "CH"});
    [javac]         ^
    [javac]   symbol:   method assertCountriesByLanguage(String,String[])
    [javac]   location: class LocaleUtils_LLMTest
    [javac] /tmp/fix_test_suite.pl_5916_1702628952/llm/org/apache/commons/lang3/LocaleUtils_LLMTest.java:524: error: cannot find symbol
    [javac]         assertCountriesByLanguage("en", new String[0]);
    [javac]         ^
    [javac]   symbol:   method assertCountriesByLanguage(String,String[])
    [javac]   location: class LocaleUtils_LLMTest
    [javac] /tmp/fix_test_suite.pl_5916_1702628952/llm/org/apache/commons/lang3/LocaleUtils_LLMTest.java:528: error: cannot find symbol
    [javac]         assertCountriesByLanguage("fr", new String[0]);
    [javac]         ^
    [javac]   symbol:   method assertCountriesByLanguage(String,String[])
    [javac]   location: class LocaleUtils_LLMTest
    [javac] 9 errors
    [javac] 40 warnings

BUILD FAILED
/defects4j/framework/projects/defects4j.build.xml:265: Compile failed; see the compiler error output for details.

Total time: 0 seconds
