- Compilation issues: Codec-11b-llm.29.tar.bz2
Picked up JAVA_TOOL_OPTIONS: -Dfile.encoding=UTF8
OpenJDK 64-Bit Server VM warning: ignoring option MaxPermSize=1G; support was removed in 8.0
Buildfile: /defects4j/framework/projects/defects4j.build.xml

init:
     [echo] -------- commons-codec 1.6-SNAPSHOT --------

prepare:
    [mkdir] Created dir: /tmp/fix_test_suite.pl_22470_1702815801/target
    [mkdir] Created dir: /tmp/fix_test_suite.pl_22470_1702815801/target/classes
    [mkdir] Created dir: /tmp/fix_test_suite.pl_22470_1702815801/target/tests
    [mkdir] Created dir: /tmp/fix_test_suite.pl_22470_1702815801/target/test-reports

static:

compile:
    [javac] Compiling 47 source files to /tmp/fix_test_suite.pl_22470_1702815801/target/classes
    [javac] warning: [options] bootstrap class path not set in conjunction with -source 1.5
    [javac] warning: /root/.sdkman/candidates/java/8.0.302-open/lib/ct.sym(META-INF/sym/rt.jar/java/lang/Object.class): major version 52 is newer than 51, the highest major version supported by this compiler.
    [javac]   It is recommended that the compiler be upgraded.
    [javac] warning: /root/.sdkman/candidates/java/8.0.302-open/lib/ct.sym(META-INF/sym/rt.jar/java/lang/Exception.class): major version 52 is newer than 51, the highest major version supported by this compiler.
    [javac]   It is recommended that the compiler be upgraded.
    [javac] warning: /root/.sdkman/candidates/java/8.0.302-open/lib/ct.sym(META-INF/sym/rt.jar/java/lang/Throwable.class): major version 52 is newer than 51, the highest major version supported by this compiler.
    [javac]   It is recommended that the compiler be upgraded.
    [javac] warning: /root/.sdkman/candidates/java/8.0.302-open/lib/ct.sym(META-INF/sym/rt.jar/java/io/Serializable.class): major version 52 is newer than 51, the highest major version supported by this compiler.
    [javac]   It is recommended that the compiler be upgraded.
    [javac] warning: /root/.sdkman/candidates/java/8.0.302-open/lib/ct.sym(META-INF/sym/rt.jar/java/lang/String.class): major version 52 is newer than 51, the highest major version supported by this compiler.
    [javac]   It is recommended that the compiler be upgraded.
    [javac] warning: /root/.sdkman/candidates/java/8.0.302-open/lib/ct.sym(META-INF/sym/rt.jar/java/util/Comparator.class): major version 52 is newer than 51, the highest major version supported by this compiler.
    [javac]   It is recommended that the compiler be upgraded.
    [javac] warning: /root/.sdkman/candidates/java/8.0.302-open/lib/ct.sym(META-INF/sym/rt.jar/java/io/InputStream.class): major version 52 is newer than 51, the highest major version supported by this compiler.
    [javac]   It is recommended that the compiler be upgraded.
    [javac] warning: /root/.sdkman/candidates/java/8.0.302-open/lib/ct.sym(META-INF/sym/rt.jar/java/io/FilterInputStream.class): major version 52 is newer than 51, the highest major version supported by this compiler.
    [javac]   It is recommended that the compiler be upgraded.
    [javac] warning: /root/.sdkman/candidates/java/8.0.302-open/lib/ct.sym(META-INF/sym/rt.jar/java/io/IOException.class): major version 52 is newer than 51, the highest major version supported by this compiler.
    [javac]   It is recommended that the compiler be upgraded.
    [javac] warning: /root/.sdkman/candidates/java/8.0.302-open/lib/ct.sym(META-INF/sym/rt.jar/java/io/Closeable.class): major version 52 is newer than 51, the highest major version supported by this compiler.
    [javac]   It is recommended that the compiler be upgraded.
    [javac] warning: /root/.sdkman/candidates/java/8.0.302-open/lib/ct.sym(META-INF/sym/rt.jar/java/lang/AutoCloseable.class): major version 52 is newer than 51, the highest major version supported by this compiler.
    [javac]   It is recommended that the compiler be upgraded.
    [javac] warning: /root/.sdkman/candidates/java/8.0.302-open/lib/ct.sym(META-INF/sym/rt.jar/java/io/OutputStream.class): major version 52 is newer than 51, the highest major version supported by this compiler.
    [javac]   It is recommended that the compiler be upgraded.
    [javac] warning: /root/.sdkman/candidates/java/8.0.302-open/lib/ct.sym(META-INF/sym/rt.jar/java/io/FilterOutputStream.class): major version 52 is newer than 51, the highest major version supported by this compiler.
    [javac]   It is recommended that the compiler be upgraded.
    [javac] warning: /root/.sdkman/candidates/java/8.0.302-open/lib/ct.sym(META-INF/sym/rt.jar/java/io/Flushable.class): major version 52 is newer than 51, the highest major version supported by this compiler.
    [javac]   It is recommended that the compiler be upgraded.
    [javac] warning: /root/.sdkman/candidates/java/8.0.302-open/lib/ct.sym(META-INF/sym/rt.jar/java/math/BigInteger.class): major version 52 is newer than 51, the highest major version supported by this compiler.
    [javac]   It is recommended that the compiler be upgraded.
    [javac] warning: /root/.sdkman/candidates/java/8.0.302-open/lib/ct.sym(META-INF/sym/rt.jar/java/io/UnsupportedEncodingException.class): major version 52 is newer than 51, the highest major version supported by this compiler.
    [javac]   It is recommended that the compiler be upgraded.
    [javac] warning: /root/.sdkman/candidates/java/8.0.302-open/lib/ct.sym(META-INF/sym/rt.jar/java/lang/IllegalStateException.class): major version 52 is newer than 51, the highest major version supported by this compiler.
    [javac]   It is recommended that the compiler be upgraded.
    [javac] warning: /root/.sdkman/candidates/java/8.0.302-open/lib/ct.sym(META-INF/sym/rt.jar/java/security/MessageDigest.class): major version 52 is newer than 51, the highest major version supported by this compiler.
    [javac]   It is recommended that the compiler be upgraded.
    [javac] warning: /root/.sdkman/candidates/java/8.0.302-open/lib/ct.sym(META-INF/sym/rt.jar/java/security/NoSuchAlgorithmException.class): major version 52 is newer than 51, the highest major version supported by this compiler.
    [javac]   It is recommended that the compiler be upgraded.
    [javac] warning: /root/.sdkman/candidates/java/8.0.302-open/lib/ct.sym(META-INF/sym/rt.jar/java/util/Locale.class): major version 52 is newer than 51, the highest major version supported by this compiler.
    [javac]   It is recommended that the compiler be upgraded.
    [javac] warning: /root/.sdkman/candidates/java/8.0.302-open/lib/ct.sym(META-INF/sym/rt.jar/java/lang/StringBuffer.class): major version 52 is newer than 51, the highest major version supported by this compiler.
    [javac]   It is recommended that the compiler be upgraded.
    [javac] warning: /root/.sdkman/candidates/java/8.0.302-open/lib/ct.sym(META-INF/sym/rt.jar/java/util/ArrayList.class): major version 52 is newer than 51, the highest major version supported by this compiler.
    [javac]   It is recommended that the compiler be upgraded.
    [javac] warning: /root/.sdkman/candidates/java/8.0.302-open/lib/ct.sym(META-INF/sym/rt.jar/java/util/Arrays.class): major version 52 is newer than 51, the highest major version supported by this compiler.
    [javac]   It is recommended that the compiler be upgraded.
    [javac] warning: /root/.sdkman/candidates/java/8.0.302-open/lib/ct.sym(META-INF/sym/rt.jar/java/util/Collections.class): major version 52 is newer than 51, the highest major version supported by this compiler.
    [javac]   It is recommended that the compiler be upgraded.
    [javac] warning: /root/.sdkman/candidates/java/8.0.302-open/lib/ct.sym(META-INF/sym/rt.jar/java/util/EnumMap.class): major version 52 is newer than 51, the highest major version supported by this compiler.
    [javac]   It is recommended that the compiler be upgraded.
    [javac] warning: /root/.sdkman/candidates/java/8.0.302-open/lib/ct.sym(META-INF/sym/rt.jar/java/util/HashSet.class): major version 52 is newer than 51, the highest major version supported by this compiler.
    [javac]   It is recommended that the compiler be upgraded.
    [javac] warning: /root/.sdkman/candidates/java/8.0.302-open/lib/ct.sym(META-INF/sym/rt.jar/java/util/Iterator.class): major version 52 is newer than 51, the highest major version supported by this compiler.
    [javac]   It is recommended that the compiler be upgraded.
    [javac] warning: /root/.sdkman/candidates/java/8.0.302-open/lib/ct.sym(META-INF/sym/rt.jar/java/util/List.class): major version 52 is newer than 51, the highest major version supported by this compiler.
    [javac]   It is recommended that the compiler be upgraded.
    [javac] warning: /root/.sdkman/candidates/java/8.0.302-open/lib/ct.sym(META-INF/sym/rt.jar/java/util/Map.class): major version 52 is newer than 51, the highest major version supported by this compiler.
    [javac]   It is recommended that the compiler be upgraded.
    [javac] warning: /root/.sdkman/candidates/java/8.0.302-open/lib/ct.sym(META-INF/sym/rt.jar/java/util/Set.class): major version 52 is newer than 51, the highest major version supported by this compiler.
    [javac]   It is recommended that the compiler be upgraded.
    [javac] warning: /root/.sdkman/candidates/java/8.0.302-open/lib/ct.sym(META-INF/sym/rt.jar/java/util/TreeSet.class): major version 52 is newer than 51, the highest major version supported by this compiler.
    [javac]   It is recommended that the compiler be upgraded.
    [javac] warning: /root/.sdkman/candidates/java/8.0.302-open/lib/ct.sym(META-INF/sym/rt.jar/java/lang/Enum.class): major version 52 is newer than 51, the highest major version supported by this compiler.
    [javac]   It is recommended that the compiler be upgraded.
    [javac] warning: /root/.sdkman/candidates/java/8.0.302-open/lib/ct.sym(META-INF/sym/rt.jar/java/lang/Comparable.class): major version 52 is newer than 51, the highest major version supported by this compiler.
    [javac]   It is recommended that the compiler be upgraded.
    [javac] warning: /root/.sdkman/candidates/java/8.0.302-open/lib/ct.sym(META-INF/sym/rt.jar/java/lang/CharSequence.class): major version 52 is newer than 51, the highest major version supported by this compiler.
    [javac]   It is recommended that the compiler be upgraded.
    [javac] warning: /root/.sdkman/candidates/java/8.0.302-open/lib/ct.sym(META-INF/sym/rt.jar/java/lang/Iterable.class): major version 52 is newer than 51, the highest major version supported by this compiler.
    [javac]   It is recommended that the compiler be upgraded.
    [javac] warning: /root/.sdkman/candidates/java/8.0.302-open/lib/ct.sym(META-INF/sym/rt.jar/java/util/Scanner.class): major version 52 is newer than 51, the highest major version supported by this compiler.
    [javac]   It is recommended that the compiler be upgraded.
    [javac] warning: /root/.sdkman/candidates/java/8.0.302-open/lib/ct.sym(META-INF/sym/rt.jar/java/util/regex/Pattern.class): major version 52 is newer than 51, the highest major version supported by this compiler.
    [javac]   It is recommended that the compiler be upgraded.
    [javac] warning: /root/.sdkman/candidates/java/8.0.302-open/lib/ct.sym(META-INF/sym/rt.jar/java/util/HashMap.class): major version 52 is newer than 51, the highest major version supported by this compiler.
    [javac]   It is recommended that the compiler be upgraded.
    [javac] warning: /root/.sdkman/candidates/java/8.0.302-open/lib/ct.sym(META-INF/sym/rt.jar/java/util/regex/Matcher.class): major version 52 is newer than 51, the highest major version supported by this compiler.
    [javac]   It is recommended that the compiler be upgraded.
    [javac] warning: /root/.sdkman/candidates/java/8.0.302-open/lib/ct.sym(META-INF/sym/rt.jar/java/util/NoSuchElementException.class): major version 52 is newer than 51, the highest major version supported by this compiler.
    [javac]   It is recommended that the compiler be upgraded.
    [javac] warning: /root/.sdkman/candidates/java/8.0.302-open/lib/ct.sym(META-INF/sym/rt.jar/java/util/BitSet.class): major version 52 is newer than 51, the highest major version supported by this compiler.
    [javac]   It is recommended that the compiler be upgraded.
    [javac] warning: /root/.sdkman/candidates/java/8.0.302-open/lib/ct.sym(META-INF/sym/rt.jar/java/io/ByteArrayOutputStream.class): major version 52 is newer than 51, the highest major version supported by this compiler.
    [javac]   It is recommended that the compiler be upgraded.
    [javac] /root/.sdkman/candidates/java/8.0.302-open/lib/ct.sym(META-INF/sym/rt.jar/java/lang/Object.class): warning: Cannot find annotation method 'value()' in type 'Profile+Annotation': class file for jdk.Profile+Annotation not found
    [javac] /root/.sdkman/candidates/java/8.0.302-open/lib/ct.sym(META-INF/sym/rt.jar/java/lang/Exception.class): warning: Cannot find annotation method 'value()' in type 'Profile+Annotation'
    [javac] /root/.sdkman/candidates/java/8.0.302-open/lib/ct.sym(META-INF/sym/rt.jar/java/lang/Throwable.class): warning: Cannot find annotation method 'value()' in type 'Profile+Annotation'
    [javac] /root/.sdkman/candidates/java/8.0.302-open/lib/ct.sym(META-INF/sym/rt.jar/java/io/Serializable.class): warning: Cannot find annotation method 'value()' in type 'Profile+Annotation'
    [javac] /root/.sdkman/candidates/java/8.0.302-open/lib/ct.sym(META-INF/sym/rt.jar/java/lang/String.class): warning: Cannot find annotation method 'value()' in type 'Profile+Annotation'
    [javac] /root/.sdkman/candidates/java/8.0.302-open/lib/ct.sym(META-INF/sym/rt.jar/java/util/Comparator.class): warning: Cannot find annotation method 'value()' in type 'Profile+Annotation'
    [javac] warning: /root/.sdkman/candidates/java/8.0.302-open/lib/ct.sym(META-INF/sym/rt.jar/java/lang/Override.class): major version 52 is newer than 51, the highest major version supported by this compiler.
    [javac]   It is recommended that the compiler be upgraded.
    [javac] warning: /root/.sdkman/candidates/java/8.0.302-open/lib/ct.sym(META-INF/sym/rt.jar/java/lang/annotation/Annotation.class): major version 52 is newer than 51, the highest major version supported by this compiler.
    [javac]   It is recommended that the compiler be upgraded.
    [javac] /root/.sdkman/candidates/java/8.0.302-open/lib/ct.sym(META-INF/sym/rt.jar/java/io/InputStream.class): warning: Cannot find annotation method 'value()' in type 'Profile+Annotation'
    [javac] /root/.sdkman/candidates/java/8.0.302-open/lib/ct.sym(META-INF/sym/rt.jar/java/io/FilterInputStream.class): warning: Cannot find annotation method 'value()' in type 'Profile+Annotation'
    [javac] /root/.sdkman/candidates/java/8.0.302-open/lib/ct.sym(META-INF/sym/rt.jar/java/io/IOException.class): warning: Cannot find annotation method 'value()' in type 'Profile+Annotation'
    [javac] /root/.sdkman/candidates/java/8.0.302-open/lib/ct.sym(META-INF/sym/rt.jar/java/io/Closeable.class): warning: Cannot find annotation method 'value()' in type 'Profile+Annotation'
    [javac] /root/.sdkman/candidates/java/8.0.302-open/lib/ct.sym(META-INF/sym/rt.jar/java/lang/AutoCloseable.class): warning: Cannot find annotation method 'value()' in type 'Profile+Annotation'
    [javac] /root/.sdkman/candidates/java/8.0.302-open/lib/ct.sym(META-INF/sym/rt.jar/java/io/OutputStream.class): warning: Cannot find annotation method 'value()' in type 'Profile+Annotation'
    [javac] /root/.sdkman/candidates/java/8.0.302-open/lib/ct.sym(META-INF/sym/rt.jar/java/io/FilterOutputStream.class): warning: Cannot find annotation method 'value()' in type 'Profile+Annotation'
    [javac] /root/.sdkman/candidates/java/8.0.302-open/lib/ct.sym(META-INF/sym/rt.jar/java/io/Flushable.class): warning: Cannot find annotation method 'value()' in type 'Profile+Annotation'
    [javac] /root/.sdkman/candidates/java/8.0.302-open/lib/ct.sym(META-INF/sym/rt.jar/java/math/BigInteger.class): warning: Cannot find annotation method 'value()' in type 'Profile+Annotation'
    [javac] /root/.sdkman/candidates/java/8.0.302-open/lib/ct.sym(META-INF/sym/rt.jar/java/io/UnsupportedEncodingException.class): warning: Cannot find annotation method 'value()' in type 'Profile+Annotation'
    [javac] /root/.sdkman/candidates/java/8.0.302-open/lib/ct.sym(META-INF/sym/rt.jar/java/lang/IllegalStateException.class): warning: Cannot find annotation method 'value()' in type 'Profile+Annotation'
    [javac] /root/.sdkman/candidates/java/8.0.302-open/lib/ct.sym(META-INF/sym/rt.jar/java/security/MessageDigest.class): warning: Cannot find annotation method 'value()' in type 'Profile+Annotation'
    [javac] /root/.sdkman/candidates/java/8.0.302-open/lib/ct.sym(META-INF/sym/rt.jar/java/security/NoSuchAlgorithmException.class): warning: Cannot find annotation method 'value()' in type 'Profile+Annotation'
    [javac] /root/.sdkman/candidates/java/8.0.302-open/lib/ct.sym(META-INF/sym/rt.jar/java/util/Locale.class): warning: Cannot find annotation method 'value()' in type 'Profile+Annotation'
    [javac] /root/.sdkman/candidates/java/8.0.302-open/lib/ct.sym(META-INF/sym/rt.jar/java/lang/StringBuffer.class): warning: Cannot find annotation method 'value()' in type 'Profile+Annotation'
    [javac] /root/.sdkman/candidates/java/8.0.302-open/lib/ct.sym(META-INF/sym/rt.jar/java/util/ArrayList.class): warning: Cannot find annotation method 'value()' in type 'Profile+Annotation'
    [javac] /root/.sdkman/candidates/java/8.0.302-open/lib/ct.sym(META-INF/sym/rt.jar/java/util/Arrays.class): warning: Cannot find annotation method 'value()' in type 'Profile+Annotation'
    [javac] /root/.sdkman/candidates/java/8.0.302-open/lib/ct.sym(META-INF/sym/rt.jar/java/util/Collections.class): warning: Cannot find annotation method 'value()' in type 'Profile+Annotation'
    [javac] /root/.sdkman/candidates/java/8.0.302-open/lib/ct.sym(META-INF/sym/rt.jar/java/util/EnumMap.class): warning: Cannot find annotation method 'value()' in type 'Profile+Annotation'
    [javac] /root/.sdkman/candidates/java/8.0.302-open/lib/ct.sym(META-INF/sym/rt.jar/java/util/HashSet.class): warning: Cannot find annotation method 'value()' in type 'Profile+Annotation'
    [javac] /root/.sdkman/candidates/java/8.0.302-open/lib/ct.sym(META-INF/sym/rt.jar/java/util/Iterator.class): warning: Cannot find annotation method 'value()' in type 'Profile+Annotation'
    [javac] /root/.sdkman/candidates/java/8.0.302-open/lib/ct.sym(META-INF/sym/rt.jar/java/util/List.class): warning: Cannot find annotation method 'value()' in type 'Profile+Annotation'
    [javac] /root/.sdkman/candidates/java/8.0.302-open/lib/ct.sym(META-INF/sym/rt.jar/java/util/Map.class): warning: Cannot find annotation method 'value()' in type 'Profile+Annotation'
    [javac] /root/.sdkman/candidates/java/8.0.302-open/lib/ct.sym(META-INF/sym/rt.jar/java/util/Set.class): warning: Cannot find annotation method 'value()' in type 'Profile+Annotation'
    [javac] /root/.sdkman/candidates/java/8.0.302-open/lib/ct.sym(META-INF/sym/rt.jar/java/util/TreeSet.class): warning: Cannot find annotation method 'value()' in type 'Profile+Annotation'
    [javac] /root/.sdkman/candidates/java/8.0.302-open/lib/ct.sym(META-INF/sym/rt.jar/java/lang/Enum.class): warning: Cannot find annotation method 'value()' in type 'Profile+Annotation'
    [javac] /root/.sdkman/candidates/java/8.0.302-open/lib/ct.sym(META-INF/sym/rt.jar/java/lang/Comparable.class): warning: Cannot find annotation method 'value()' in type 'Profile+Annotation'
    [javac] /root/.sdkman/candidates/java/8.0.302-open/lib/ct.sym(META-INF/sym/rt.jar/java/lang/CharSequence.class): warning: Cannot find annotation method 'value()' in type 'Profile+Annotation'
    [javac] /root/.sdkman/candidates/java/8.0.302-open/lib/ct.sym(META-INF/sym/rt.jar/java/lang/Iterable.class): warning: Cannot find annotation method 'value()' in type 'Profile+Annotation'
    [javac] /root/.sdkman/candidates/java/8.0.302-open/lib/ct.sym(META-INF/sym/rt.jar/java/util/Scanner.class): warning: Cannot find annotation method 'value()' in type 'Profile+Annotation'
    [javac] /root/.sdkman/candidates/java/8.0.302-open/lib/ct.sym(META-INF/sym/rt.jar/java/util/regex/Pattern.class): warning: Cannot find annotation method 'value()' in type 'Profile+Annotation'
    [javac] /root/.sdkman/candidates/java/8.0.302-open/lib/ct.sym(META-INF/sym/rt.jar/java/util/HashMap.class): warning: Cannot find annotation method 'value()' in type 'Profile+Annotation'
    [javac] /root/.sdkman/candidates/java/8.0.302-open/lib/ct.sym(META-INF/sym/rt.jar/java/util/regex/Matcher.class): warning: Cannot find annotation method 'value()' in type 'Profile+Annotation'
    [javac] /root/.sdkman/candidates/java/8.0.302-open/lib/ct.sym(META-INF/sym/rt.jar/java/util/NoSuchElementException.class): warning: Cannot find annotation method 'value()' in type 'Profile+Annotation'
    [javac] /root/.sdkman/candidates/java/8.0.302-open/lib/ct.sym(META-INF/sym/rt.jar/java/util/BitSet.class): warning: Cannot find annotation method 'value()' in type 'Profile+Annotation'
    [javac] /root/.sdkman/candidates/java/8.0.302-open/lib/ct.sym(META-INF/sym/rt.jar/java/io/ByteArrayOutputStream.class): warning: Cannot find annotation method 'value()' in type 'Profile+Annotation'
    [javac] warning: /root/.sdkman/candidates/java/8.0.302-open/lib/ct.sym(META-INF/sym/rt.jar/java/lang/annotation/Target.class): major version 52 is newer than 51, the highest major version supported by this compiler.
    [javac]   It is recommended that the compiler be upgraded.
    [javac] warning: /root/.sdkman/candidates/java/8.0.302-open/lib/ct.sym(META-INF/sym/rt.jar/java/lang/annotation/ElementType.class): major version 52 is newer than 51, the highest major version supported by this compiler.
    [javac]   It is recommended that the compiler be upgraded.
    [javac] warning: /root/.sdkman/candidates/java/8.0.302-open/lib/ct.sym(META-INF/sym/rt.jar/java/lang/annotation/Retention.class): major version 52 is newer than 51, the highest major version supported by this compiler.
    [javac]   It is recommended that the compiler be upgraded.
    [javac] warning: /root/.sdkman/candidates/java/8.0.302-open/lib/ct.sym(META-INF/sym/rt.jar/java/lang/annotation/RetentionPolicy.class): major version 52 is newer than 51, the highest major version supported by this compiler.
    [javac]   It is recommended that the compiler be upgraded.
    [javac] /root/.sdkman/candidates/java/8.0.302-open/lib/ct.sym(META-INF/sym/rt.jar/java/lang/Override.class): warning: Cannot find annotation method 'value()' in type 'Profile+Annotation'
    [javac] /root/.sdkman/candidates/java/8.0.302-open/lib/ct.sym(META-INF/sym/rt.jar/java/lang/annotation/Annotation.class): warning: Cannot find annotation method 'value()' in type 'Profile+Annotation'
    [javac] /root/.sdkman/candidates/java/8.0.302-open/lib/ct.sym(META-INF/sym/rt.jar/java/lang/annotation/Target.class): warning: Cannot find annotation method 'value()' in type 'Profile+Annotation'
    [javac] /root/.sdkman/candidates/java/8.0.302-open/lib/ct.sym(META-INF/sym/rt.jar/java/lang/annotation/ElementType.class): warning: Cannot find annotation method 'value()' in type 'Profile+Annotation'
    [javac] /root/.sdkman/candidates/java/8.0.302-open/lib/ct.sym(META-INF/sym/rt.jar/java/lang/annotation/Retention.class): warning: Cannot find annotation method 'value()' in type 'Profile+Annotation'
    [javac] /root/.sdkman/candidates/java/8.0.302-open/lib/ct.sym(META-INF/sym/rt.jar/java/lang/annotation/RetentionPolicy.class): warning: Cannot find annotation method 'value()' in type 'Profile+Annotation'
    [javac] warning: /root/.sdkman/candidates/java/8.0.302-open/lib/ct.sym(META-INF/sym/rt.jar/java/lang/Error.class): major version 52 is newer than 51, the highest major version supported by this compiler.
    [javac]   It is recommended that the compiler be upgraded.
    [javac] /root/.sdkman/candidates/java/8.0.302-open/lib/ct.sym(META-INF/sym/rt.jar/java/lang/Error.class): warning: Cannot find annotation method 'value()' in type 'Profile+Annotation'
    [javac] warning: /root/.sdkman/candidates/java/8.0.302-open/lib/ct.sym(META-INF/sym/rt.jar/java/lang/RuntimeException.class): major version 52 is newer than 51, the highest major version supported by this compiler.
    [javac]   It is recommended that the compiler be upgraded.
    [javac] Note: /tmp/fix_test_suite.pl_22470_1702815801/src/main/java/org/apache/commons/codec/StringEncoderComparator.java uses unchecked or unsafe operations.
    [javac] Note: Recompile with -Xlint:unchecked for details.
    [javac] 100 warnings
     [copy] Copying 6 files to /tmp/fix_test_suite.pl_22470_1702815801/target/classes

compile.gen.tests:
     [echo] classes.dir: /tmp/fix_test_suite.pl_22470_1702815801/target/classes/
     [echo] build.home: target
    [mkdir] Created dir: /tmp/fix_test_suite.pl_22470_1702815801/.classes_testgen
    [javac] /defects4j/framework/projects/defects4j.build.xml:265: warning: 'includeantruntime' was not set, defaulting to build.sysclasspath=last; set to false for repeatable builds
    [javac] Compiling 1 source file to /tmp/fix_test_suite.pl_22470_1702815801/.classes_testgen
    [javac] /tmp/fix_test_suite.pl_22470_1702815801/llm/org/apache/commons/codec/net/QuotedPrintableCodec_LLMTest.java:2034: error: illegal start of expression
    [javac]     ...
    [javac]     ^
    [javac] /tmp/fix_test_suite.pl_22470_1702815801/llm/org/apache/commons/codec/net/QuotedPrintableCodec_LLMTest.java:2038: error: illegal start of expression
    [javac]     ...
    [javac]     ^
    [javac] /tmp/fix_test_suite.pl_22470_1702815801/llm/org/apache/commons/codec/net/QuotedPrintableCodec_LLMTest.java:2042: error: illegal start of expression
    [javac]     ...
    [javac]     ^
    [javac] /tmp/fix_test_suite.pl_22470_1702815801/llm/org/apache/commons/codec/net/QuotedPrintableCodec_LLMTest.java:2046: error: illegal start of expression
    [javac]     ...
    [javac]     ^
    [javac] /tmp/fix_test_suite.pl_22470_1702815801/llm/org/apache/commons/codec/net/QuotedPrintableCodec_LLMTest.java:2050: error: illegal start of expression
    [javac]     ...
    [javac]     ^
    [javac] /tmp/fix_test_suite.pl_22470_1702815801/llm/org/apache/commons/codec/net/QuotedPrintableCodec_LLMTest.java:2054: error: illegal start of expression
    [javac]     ...
    [javac]     ^
    [javac] /tmp/fix_test_suite.pl_22470_1702815801/llm/org/apache/commons/codec/net/QuotedPrintableCodec_LLMTest.java:2058: error: illegal start of expression
    [javac]     ...
    [javac]     ^
    [javac] /tmp/fix_test_suite.pl_22470_1702815801/llm/org/apache/commons/codec/net/QuotedPrintableCodec_LLMTest.java:2062: error: illegal start of expression
    [javac]     ...
    [javac]     ^
    [javac] /tmp/fix_test_suite.pl_22470_1702815801/llm/org/apache/commons/codec/net/QuotedPrintableCodec_LLMTest.java:2066: error: illegal start of expression
    [javac]     ...
    [javac]     ^
    [javac] /tmp/fix_test_suite.pl_22470_1702815801/llm/org/apache/commons/codec/net/QuotedPrintableCodec_LLMTest.java:2070: error: illegal start of expression
    [javac]     ...
    [javac]     ^
    [javac] /tmp/fix_test_suite.pl_22470_1702815801/llm/org/apache/commons/codec/net/QuotedPrintableCodec_LLMTest.java:2074: error: illegal start of expression
    [javac]     ...
    [javac]     ^
    [javac] /tmp/fix_test_suite.pl_22470_1702815801/llm/org/apache/commons/codec/net/QuotedPrintableCodec_LLMTest.java:2078: error: illegal start of expression
    [javac]     ...
    [javac]     ^
    [javac] /tmp/fix_test_suite.pl_22470_1702815801/llm/org/apache/commons/codec/net/QuotedPrintableCodec_LLMTest.java:2082: error: illegal start of expression
    [javac]     ...
    [javac]     ^
    [javac] 13 errors

BUILD FAILED
/defects4j/framework/projects/defects4j.build.xml:265: Compile failed; see the compiler error output for details.

Total time: 0 seconds
- Compilation issues: Codec-11b-llm.29.tar.bz2
Picked up JAVA_TOOL_OPTIONS: -Dfile.encoding=UTF8
OpenJDK 64-Bit Server VM warning: ignoring option MaxPermSize=1G; support was removed in 8.0
Buildfile: /defects4j/framework/projects/defects4j.build.xml

init:
     [echo] -------- commons-codec 1.6-SNAPSHOT --------

prepare:

static:

compile:

compile.gen.tests:
     [echo] classes.dir: /tmp/fix_test_suite.pl_22470_1702815801/target/classes/
     [echo] build.home: target
   [delete] Deleting directory /tmp/fix_test_suite.pl_22470_1702815801/.classes_testgen
    [mkdir] Created dir: /tmp/fix_test_suite.pl_22470_1702815801/.classes_testgen
    [javac] /defects4j/framework/projects/defects4j.build.xml:265: warning: 'includeantruntime' was not set, defaulting to build.sysclasspath=last; set to false for repeatable builds
    [javac] Compiling 1 source file to /tmp/fix_test_suite.pl_22470_1702815801/.classes_testgen
    [javac] warning: /root/.sdkman/candidates/java/8.0.302-open/lib/ct.sym(META-INF/sym/rt.jar/java/lang/Object.class): major version 52 is newer than 51, the highest major version supported by this compiler.
    [javac]   It is recommended that the compiler be upgraded.
    [javac] warning: /root/.sdkman/candidates/java/8.0.302-open/lib/ct.sym(META-INF/sym/rt.jar/java/lang/Exception.class): major version 52 is newer than 51, the highest major version supported by this compiler.
    [javac]   It is recommended that the compiler be upgraded.
    [javac] /root/.sdkman/candidates/java/8.0.302-open/lib/ct.sym(META-INF/sym/rt.jar/java/lang/Object.class): warning: Cannot find annotation method 'value()' in type 'Profile+Annotation': class file for jdk.Profile+Annotation not found
    [javac] warning: /root/.sdkman/candidates/java/8.0.302-open/lib/ct.sym(META-INF/sym/rt.jar/java/lang/annotation/Retention.class): major version 52 is newer than 51, the highest major version supported by this compiler.
    [javac]   It is recommended that the compiler be upgraded.
    [javac] warning: /root/.sdkman/candidates/java/8.0.302-open/lib/ct.sym(META-INF/sym/rt.jar/java/lang/annotation/RetentionPolicy.class): major version 52 is newer than 51, the highest major version supported by this compiler.
    [javac]   It is recommended that the compiler be upgraded.
    [javac] warning: /root/.sdkman/candidates/java/8.0.302-open/lib/ct.sym(META-INF/sym/rt.jar/java/lang/annotation/Target.class): major version 52 is newer than 51, the highest major version supported by this compiler.
    [javac]   It is recommended that the compiler be upgraded.
    [javac] warning: /root/.sdkman/candidates/java/8.0.302-open/lib/ct.sym(META-INF/sym/rt.jar/java/lang/annotation/ElementType.class): major version 52 is newer than 51, the highest major version supported by this compiler.
    [javac]   It is recommended that the compiler be upgraded.
    [javac] /root/.sdkman/candidates/java/8.0.302-open/lib/ct.sym(META-INF/sym/rt.jar/java/lang/Exception.class): warning: Cannot find annotation method 'value()' in type 'Profile+Annotation'
    [javac] warning: /root/.sdkman/candidates/java/8.0.302-open/lib/ct.sym(META-INF/sym/rt.jar/java/lang/annotation/Annotation.class): major version 52 is newer than 51, the highest major version supported by this compiler.
    [javac]   It is recommended that the compiler be upgraded.
    [javac] /root/.sdkman/candidates/java/8.0.302-open/lib/ct.sym(META-INF/sym/rt.jar/java/lang/annotation/Retention.class): warning: Cannot find annotation method 'value()' in type 'Profile+Annotation'
    [javac] /root/.sdkman/candidates/java/8.0.302-open/lib/ct.sym(META-INF/sym/rt.jar/java/lang/annotation/RetentionPolicy.class): warning: Cannot find annotation method 'value()' in type 'Profile+Annotation'
    [javac] /root/.sdkman/candidates/java/8.0.302-open/lib/ct.sym(META-INF/sym/rt.jar/java/lang/annotation/Target.class): warning: Cannot find annotation method 'value()' in type 'Profile+Annotation'
    [javac] /root/.sdkman/candidates/java/8.0.302-open/lib/ct.sym(META-INF/sym/rt.jar/java/lang/annotation/ElementType.class): warning: Cannot find annotation method 'value()' in type 'Profile+Annotation'
    [javac] /root/.sdkman/candidates/java/8.0.302-open/lib/ct.sym(META-INF/sym/rt.jar/java/lang/annotation/Annotation.class): warning: Cannot find annotation method 'value()' in type 'Profile+Annotation'
    [javac] warning: /root/.sdkman/candidates/java/8.0.302-open/lib/ct.sym(META-INF/sym/rt.jar/java/lang/AutoCloseable.class): major version 52 is newer than 51, the highest major version supported by this compiler.
    [javac]   It is recommended that the compiler be upgraded.
    [javac] /root/.sdkman/candidates/java/8.0.302-open/lib/ct.sym(META-INF/sym/rt.jar/java/lang/AutoCloseable.class): warning: Cannot find annotation method 'value()' in type 'Profile+Annotation'
    [javac] warning: /root/.sdkman/candidates/java/8.0.302-open/lib/ct.sym(META-INF/sym/rt.jar/java/lang/Throwable.class): major version 52 is newer than 51, the highest major version supported by this compiler.
    [javac]   It is recommended that the compiler be upgraded.
    [javac] /root/.sdkman/candidates/java/8.0.302-open/lib/ct.sym(META-INF/sym/rt.jar/java/lang/Throwable.class): warning: Cannot find annotation method 'value()' in type 'Profile+Annotation'
    [javac] warning: /root/.sdkman/candidates/java/8.0.302-open/lib/ct.sym(META-INF/sym/rt.jar/java/lang/String.class): major version 52 is newer than 51, the highest major version supported by this compiler.
    [javac]   It is recommended that the compiler be upgraded.
    [javac] /root/.sdkman/candidates/java/8.0.302-open/lib/ct.sym(META-INF/sym/rt.jar/java/lang/String.class): warning: Cannot find annotation method 'value()' in type 'Profile+Annotation'
    [javac] warning: /root/.sdkman/candidates/java/8.0.302-open/lib/ct.sym(META-INF/sym/rt.jar/java/nio/charset/Charset.class): major version 52 is newer than 51, the highest major version supported by this compiler.
    [javac]   It is recommended that the compiler be upgraded.
    [javac] /root/.sdkman/candidates/java/8.0.302-open/lib/ct.sym(META-INF/sym/rt.jar/java/nio/charset/Charset.class): warning: Cannot find annotation method 'value()' in type 'Profile+Annotation'
    [javac] warning: /root/.sdkman/candidates/java/8.0.302-open/lib/ct.sym(META-INF/sym/rt.jar/java/lang/StringBuilder.class): major version 52 is newer than 51, the highest major version supported by this compiler.
    [javac]   It is recommended that the compiler be upgraded.
    [javac] /root/.sdkman/candidates/java/8.0.302-open/lib/ct.sym(META-INF/sym/rt.jar/java/lang/StringBuilder.class): warning: Cannot find annotation method 'value()' in type 'Profile+Annotation'
    [javac] warning: /root/.sdkman/candidates/java/8.0.302-open/lib/ct.sym(META-INF/sym/rt.jar/java/lang/StringBuffer.class): major version 52 is newer than 51, the highest major version supported by this compiler.
    [javac]   It is recommended that the compiler be upgraded.
    [javac] /root/.sdkman/candidates/java/8.0.302-open/lib/ct.sym(META-INF/sym/rt.jar/java/lang/StringBuffer.class): warning: Cannot find annotation method 'value()' in type 'Profile+Annotation'
    [javac] warning: /root/.sdkman/candidates/java/8.0.302-open/lib/ct.sym(META-INF/sym/rt.jar/java/lang/Double.class): major version 52 is newer than 51, the highest major version supported by this compiler.
    [javac]   It is recommended that the compiler be upgraded.
    [javac] /root/.sdkman/candidates/java/8.0.302-open/lib/ct.sym(META-INF/sym/rt.jar/java/lang/Double.class): warning: Cannot find annotation method 'value()' in type 'Profile+Annotation'
    [javac] warning: /root/.sdkman/candidates/java/8.0.302-open/lib/ct.sym(META-INF/sym/rt.jar/java/lang/Number.class): major version 52 is newer than 51, the highest major version supported by this compiler.
    [javac]   It is recommended that the compiler be upgraded.
    [javac] /root/.sdkman/candidates/java/8.0.302-open/lib/ct.sym(META-INF/sym/rt.jar/java/lang/Number.class): warning: Cannot find annotation method 'value()' in type 'Profile+Annotation'
    [javac] /tmp/fix_test_suite.pl_22470_1702815801/llm/org/apache/commons/codec/net/QuotedPrintableCodec_LLMTest.java:359: error: cannot find symbol
    [javac]         String ru_msg = constructString(RUSSIAN_STUFF_UNICODE); 
    [javac]                                         ^
    [javac]   symbol:   variable RUSSIAN_STUFF_UNICODE
    [javac]   location: class QuotedPrintableCodec_LLMTest
    [javac] /tmp/fix_test_suite.pl_22470_1702815801/llm/org/apache/commons/codec/net/QuotedPrintableCodec_LLMTest.java:360: error: cannot find symbol
    [javac]         String ch_msg = constructString(SWISS_GERMAN_STUFF_UNICODE); 
    [javac]                                         ^
    [javac]   symbol:   variable SWISS_GERMAN_STUFF_UNICODE
    [javac]   location: class QuotedPrintableCodec_LLMTest
    [javac] /tmp/fix_test_suite.pl_22470_1702815801/llm/org/apache/commons/codec/net/QuotedPrintableCodec_LLMTest.java:374: error: cannot find symbol
    [javac]         ru_msg = constructString(RUSSIAN_STUFF_UNICODE) + "!@#$%^&*()_+=,./<>?`~\"';:[]{}|";
    [javac]                                  ^
    [javac]   symbol:   variable RUSSIAN_STUFF_UNICODE
    [javac]   location: class QuotedPrintableCodec_LLMTest
    [javac] /tmp/fix_test_suite.pl_22470_1702815801/llm/org/apache/commons/codec/net/QuotedPrintableCodec_LLMTest.java:375: error: cannot find symbol
    [javac]         ch_msg = constructString(SWISS_GERMAN_STUFF_UNICODE) + "!@#$%^&*()_+=,./<>?`~\"';:[]{}|";
    [javac]                                  ^
    [javac]   symbol:   variable SWISS_GERMAN_STUFF_UNICODE
    [javac]   location: class QuotedPrintableCodec_LLMTest
    [javac] /tmp/fix_test_suite.pl_22470_1702815801/llm/org/apache/commons/codec/net/QuotedPrintableCodec_LLMTest.java:669: error: cannot find symbol
    [javac]         String ru_msg = constructString(RUSSIAN_STUFF_UNICODE); 
    [javac]                                         ^
    [javac]   symbol:   variable RUSSIAN_STUFF_UNICODE
    [javac]   location: class QuotedPrintableCodec_LLMTest
    [javac] /tmp/fix_test_suite.pl_22470_1702815801/llm/org/apache/commons/codec/net/QuotedPrintableCodec_LLMTest.java:670: error: cannot find symbol
    [javac]         String ch_msg = constructString(SWISS_GERMAN_STUFF_UNICODE); 
    [javac]                                         ^
    [javac]   symbol:   variable SWISS_GERMAN_STUFF_UNICODE
    [javac]   location: class QuotedPrintableCodec_LLMTest
    [javac] /tmp/fix_test_suite.pl_22470_1702815801/llm/org/apache/commons/codec/net/QuotedPrintableCodec_LLMTest.java:686: error: cannot find symbol
    [javac]         String ru_msg = constructString(RUSSIAN_STUFF_UNICODE); 
    [javac]                                         ^
    [javac]   symbol:   variable RUSSIAN_STUFF_UNICODE
    [javac]   location: class QuotedPrintableCodec_LLMTest
    [javac] /tmp/fix_test_suite.pl_22470_1702815801/llm/org/apache/commons/codec/net/QuotedPrintableCodec_LLMTest.java:687: error: cannot find symbol
    [javac]         String ch_msg = constructString(SWISS_GERMAN_STUFF_UNICODE); 
    [javac]                                         ^
    [javac]   symbol:   variable SWISS_GERMAN_STUFF_UNICODE
    [javac]   location: class QuotedPrintableCodec_LLMTest
    [javac] /tmp/fix_test_suite.pl_22470_1702815801/llm/org/apache/commons/codec/net/QuotedPrintableCodec_LLMTest.java:838: error: cannot find symbol
    [javac]         BitSet bitSet = new BitSet();
    [javac]         ^
    [javac]   symbol:   class BitSet
    [javac]   location: class QuotedPrintableCodec_LLMTest
    [javac] /tmp/fix_test_suite.pl_22470_1702815801/llm/org/apache/commons/codec/net/QuotedPrintableCodec_LLMTest.java:838: error: cannot find symbol
    [javac]         BitSet bitSet = new BitSet();
    [javac]                             ^
    [javac]   symbol:   class BitSet
    [javac]   location: class QuotedPrintableCodec_LLMTest
    [javac] warning: /root/.sdkman/candidates/java/8.0.302-open/lib/ct.sym(META-INF/sym/rt.jar/java/io/ByteArrayOutputStream.class): major version 52 is newer than 51, the highest major version supported by this compiler.
    [javac]   It is recommended that the compiler be upgraded.
    [javac] /root/.sdkman/candidates/java/8.0.302-open/lib/ct.sym(META-INF/sym/rt.jar/java/io/ByteArrayOutputStream.class): warning: Cannot find annotation method 'value()' in type 'Profile+Annotation'
    [javac] warning: /root/.sdkman/candidates/java/8.0.302-open/lib/ct.sym(META-INF/sym/rt.jar/java/lang/AbstractStringBuilder.class): major version 52 is newer than 51, the highest major version supported by this compiler.
    [javac]   It is recommended that the compiler be upgraded.
    [javac] /root/.sdkman/candidates/java/8.0.302-open/lib/ct.sym(META-INF/sym/rt.jar/java/lang/AbstractStringBuilder.class): warning: Cannot find annotation method 'value()' in type 'Profile+Annotation'
    [javac] /tmp/fix_test_suite.pl_22470_1702815801/llm/org/apache/commons/codec/net/QuotedPrintableCodec_LLMTest.java:897: error: cannot find symbol
    [javac]         String ru_msg = constructString(RUSSIAN_STUFF_UNICODE); 
    [javac]                                         ^
    [javac]   symbol:   variable RUSSIAN_STUFF_UNICODE
    [javac]   location: class QuotedPrintableCodec_LLMTest
    [javac] /tmp/fix_test_suite.pl_22470_1702815801/llm/org/apache/commons/codec/net/QuotedPrintableCodec_LLMTest.java:898: error: cannot find symbol
    [javac]         String ch_msg = constructString(SWISS_GERMAN_STUFF_UNICODE); 
    [javac]                                         ^
    [javac]   symbol:   variable SWISS_GERMAN_STUFF_UNICODE
    [javac]   location: class QuotedPrintableCodec_LLMTest
    [javac] warning: /root/.sdkman/candidates/java/8.0.302-open/lib/ct.sym(META-INF/sym/rt.jar/java/lang/Boolean.class): major version 52 is newer than 51, the highest major version supported by this compiler.
    [javac]   It is recommended that the compiler be upgraded.
    [javac] /root/.sdkman/candidates/java/8.0.302-open/lib/ct.sym(META-INF/sym/rt.jar/java/lang/Boolean.class): warning: Cannot find annotation method 'value()' in type 'Profile+Annotation'
    [javac] /tmp/fix_test_suite.pl_22470_1702815801/llm/org/apache/commons/codec/net/QuotedPrintableCodec_LLMTest.java:1093: error: cannot find symbol
    [javac]         String ru_msg = constructString(RUSSIAN_STUFF_UNICODE + "EXTRA"); 
    [javac]                                         ^
    [javac]   symbol:   variable RUSSIAN_STUFF_UNICODE
    [javac]   location: class QuotedPrintableCodec_LLMTest
    [javac] /tmp/fix_test_suite.pl_22470_1702815801/llm/org/apache/commons/codec/net/QuotedPrintableCodec_LLMTest.java:1094: error: cannot find symbol
    [javac]         String ch_msg = constructString(SWISS_GERMAN_STUFF_UNICODE + "EXTRA"); 
    [javac]                                         ^
    [javac]   symbol:   variable SWISS_GERMAN_STUFF_UNICODE
    [javac]   location: class QuotedPrintableCodec_LLMTest
    [javac] /tmp/fix_test_suite.pl_22470_1702815801/llm/org/apache/commons/codec/net/QuotedPrintableCodec_LLMTest.java:1246: error: cannot find symbol
    [javac]         String ru_msg = constructString(RUSSIAN_STUFF_UNICODE); 
    [javac]                                         ^
    [javac]   symbol:   variable RUSSIAN_STUFF_UNICODE
    [javac]   location: class QuotedPrintableCodec_LLMTest
    [javac] /tmp/fix_test_suite.pl_22470_1702815801/llm/org/apache/commons/codec/net/QuotedPrintableCodec_LLMTest.java:1247: error: cannot find symbol
    [javac]         String ch_msg = constructString(SWISS_GERMAN_STUFF_UNICODE); 
    [javac]                                         ^
    [javac]   symbol:   variable SWISS_GERMAN_STUFF_UNICODE
    [javac]   location: class QuotedPrintableCodec_LLMTest
    [javac] /tmp/fix_test_suite.pl_22470_1702815801/llm/org/apache/commons/codec/net/QuotedPrintableCodec_LLMTest.java:1357: error: cannot find symbol
    [javac]         assertEquals("abc ", qpcodec.encode("abc "));
    [javac]                              ^
    [javac]   symbol:   variable qpcodec
    [javac]   location: class QuotedPrintableCodec_LLMTest
    [javac] /tmp/fix_test_suite.pl_22470_1702815801/llm/org/apache/commons/codec/net/QuotedPrintableCodec_LLMTest.java:1358: error: cannot find symbol
    [javac]         assertEquals("abc ", qpcodec.decode("abc "));
    [javac]                              ^
    [javac]   symbol:   variable qpcodec
    [javac]   location: class QuotedPrintableCodec_LLMTest
    [javac] /tmp/fix_test_suite.pl_22470_1702815801/llm/org/apache/commons/codec/net/QuotedPrintableCodec_LLMTest.java:1385: error: cannot find symbol
    [javac]         assertArrayEquals(new byte[0], qpcodec.encode(new byte[0]));
    [javac]         ^
    [javac]   symbol:   method assertArrayEquals(byte[],byte[])
    [javac]   location: class QuotedPrintableCodec_LLMTest
    [javac] /tmp/fix_test_suite.pl_22470_1702815801/llm/org/apache/commons/codec/net/QuotedPrintableCodec_LLMTest.java:1480: error: cannot find symbol
    [javac]         } catch (IllegalCharsetNameException | IllegalArgumentException e) {
    [javac]                  ^
    [javac]   symbol:   class IllegalCharsetNameException
    [javac]   location: class QuotedPrintableCodec_LLMTest
    [javac] warning: /root/.sdkman/candidates/java/8.0.302-open/lib/ct.sym(META-INF/sym/rt.jar/java/lang/IllegalArgumentException.class): major version 52 is newer than 51, the highest major version supported by this compiler.
    [javac]   It is recommended that the compiler be upgraded.
    [javac] /root/.sdkman/candidates/java/8.0.302-open/lib/ct.sym(META-INF/sym/rt.jar/java/lang/IllegalArgumentException.class): warning: Cannot find annotation method 'value()' in type 'Profile+Annotation'
    [javac] warning: /root/.sdkman/candidates/java/8.0.302-open/lib/ct.sym(META-INF/sym/rt.jar/java/lang/RuntimeException.class): major version 52 is newer than 51, the highest major version supported by this compiler.
    [javac]   It is recommended that the compiler be upgraded.
    [javac] /root/.sdkman/candidates/java/8.0.302-open/lib/ct.sym(META-INF/sym/rt.jar/java/lang/RuntimeException.class): warning: Cannot find annotation method 'value()' in type 'Profile+Annotation'
    [javac] warning: /root/.sdkman/candidates/java/8.0.302-open/lib/ct.sym(META-INF/sym/rt.jar/java/io/Serializable.class): major version 52 is newer than 51, the highest major version supported by this compiler.
    [javac]   It is recommended that the compiler be upgraded.
    [javac] /root/.sdkman/candidates/java/8.0.302-open/lib/ct.sym(META-INF/sym/rt.jar/java/io/Serializable.class): warning: Cannot find annotation method 'value()' in type 'Profile+Annotation'
    [javac] /tmp/fix_test_suite.pl_22470_1702815801/llm/org/apache/commons/codec/net/QuotedPrintableCodec_LLMTest.java:1525: error: cannot find symbol
    [javac]         String ru_msg = constructString(RUSSIAN_STUFF_UNICODE); 
    [javac]                                         ^
    [javac]   symbol:   variable RUSSIAN_STUFF_UNICODE
    [javac]   location: class QuotedPrintableCodec_LLMTest
    [javac] /tmp/fix_test_suite.pl_22470_1702815801/llm/org/apache/commons/codec/net/QuotedPrintableCodec_LLMTest.java:1526: error: cannot find symbol
    [javac]         String ch_msg = constructString(SWISS_GERMAN_STUFF_UNICODE); 
    [javac]                                         ^
    [javac]   symbol:   variable SWISS_GERMAN_STUFF_UNICODE
    [javac]   location: class QuotedPrintableCodec_LLMTest
    [javac] /tmp/fix_test_suite.pl_22470_1702815801/llm/org/apache/commons/codec/net/QuotedPrintableCodec_LLMTest.java:1543: error: cannot find symbol
    [javac]         } catch (UnsupportedEncodingException e) {
    [javac]                  ^
    [javac]   symbol:   class UnsupportedEncodingException
    [javac]   location: class QuotedPrintableCodec_LLMTest
    [javac] /tmp/fix_test_suite.pl_22470_1702815801/llm/org/apache/commons/codec/net/QuotedPrintableCodec_LLMTest.java:1772: error: cannot find symbol
    [javac]         String ru_msg = constructString(RUSSIAN_STUFF_UNICODE); 
    [javac]                                         ^
    [javac]   symbol:   variable RUSSIAN_STUFF_UNICODE
    [javac]   location: class QuotedPrintableCodec_LLMTest
    [javac] /tmp/fix_test_suite.pl_22470_1702815801/llm/org/apache/commons/codec/net/QuotedPrintableCodec_LLMTest.java:1773: error: cannot find symbol
    [javac]         String ch_msg = constructString(SWISS_GERMAN_STUFF_UNICODE); 
    [javac]                                         ^
    [javac]   symbol:   variable SWISS_GERMAN_STUFF_UNICODE
    [javac]   location: class QuotedPrintableCodec_LLMTest
    [javac] /tmp/fix_test_suite.pl_22470_1702815801/llm/org/apache/commons/codec/net/QuotedPrintableCodec_LLMTest.java:1958: error: cannot find symbol
    [javac]         String ru_msg = constructString(RUSSIAN_STUFF_UNICODE); 
    [javac]                                         ^
    [javac]   symbol:   variable RUSSIAN_STUFF_UNICODE
    [javac]   location: class QuotedPrintableCodec_LLMTest
    [javac] /tmp/fix_test_suite.pl_22470_1702815801/llm/org/apache/commons/codec/net/QuotedPrintableCodec_LLMTest.java:1959: error: cannot find symbol
    [javac]         String ch_msg = constructString(SWISS_GERMAN_STUFF_UNICODE); 
    [javac]                                         ^
    [javac]   symbol:   variable SWISS_GERMAN_STUFF_UNICODE
    [javac]   location: class QuotedPrintableCodec_LLMTest
    [javac] /tmp/fix_test_suite.pl_22470_1702815801/llm/org/apache/commons/codec/net/QuotedPrintableCodec_LLMTest.java:2131: error: cannot find symbol
    [javac]     assertArrayEquals(objectArray, qpcodec.decode(expected));
    [javac]     ^
    [javac]   symbol:   method assertArrayEquals(Object[],String)
    [javac]   location: class QuotedPrintableCodec_LLMTest
    [javac] warning: /root/.sdkman/candidates/java/8.0.302-open/lib/ct.sym(META-INF/sym/rt.jar/java/lang/Character.class): major version 52 is newer than 51, the highest major version supported by this compiler.
    [javac]   It is recommended that the compiler be upgraded.
    [javac] /root/.sdkman/candidates/java/8.0.302-open/lib/ct.sym(META-INF/sym/rt.jar/java/lang/Character.class): warning: Cannot find annotation method 'value()' in type 'Profile+Annotation'
    [javac] /tmp/fix_test_suite.pl_22470_1702815801/llm/org/apache/commons/codec/net/QuotedPrintableCodec_LLMTest.java:2376: error: cannot find symbol
    [javac]         String ru_msg = constructString(RUSSIAN_STUFF_UNICODE); 
    [javac]                                         ^
    [javac]   symbol:   variable RUSSIAN_STUFF_UNICODE
    [javac]   location: class QuotedPrintableCodec_LLMTest
    [javac] /tmp/fix_test_suite.pl_22470_1702815801/llm/org/apache/commons/codec/net/QuotedPrintableCodec_LLMTest.java:2377: error: cannot find symbol
    [javac]         String ch_msg = constructString(SWISS_GERMAN_STUFF_UNICODE); 
    [javac]                                         ^
    [javac]   symbol:   variable SWISS_GERMAN_STUFF_UNICODE
    [javac]   location: class QuotedPrintableCodec_LLMTest
    [javac] /tmp/fix_test_suite.pl_22470_1702815801/llm/org/apache/commons/codec/net/QuotedPrintableCodec_LLMTest.java:2390: error: cannot find symbol
    [javac]         String newRu_msg = constructString(new int[]{1072,1091,1074}); 
    [javac]                            ^
    [javac]   symbol:   method constructString(int[])
    [javac]   location: class QuotedPrintableCodec_LLMTest
    [javac] /tmp/fix_test_suite.pl_22470_1702815801/llm/org/apache/commons/codec/net/QuotedPrintableCodec_LLMTest.java:2391: error: cannot find symbol
    [javac]         String newCh_msg = constructString(SWISS_GERMAN_STUFF_UNICODE); 
    [javac]                                            ^
    [javac]   symbol:   variable SWISS_GERMAN_STUFF_UNICODE
    [javac]   location: class QuotedPrintableCodec_LLMTest
    [javac] /tmp/fix_test_suite.pl_22470_1702815801/llm/org/apache/commons/codec/net/QuotedPrintableCodec_LLMTest.java:2535: error: cannot find symbol
    [javac]         assertArrayEquals(nonNullInput, qpcodec.encode(nonNullInput));
    [javac]         ^
    [javac]   symbol:   method assertArrayEquals(byte[],byte[])
    [javac]   location: class QuotedPrintableCodec_LLMTest
    [javac] /tmp/fix_test_suite.pl_22470_1702815801/llm/org/apache/commons/codec/net/QuotedPrintableCodec_LLMTest.java:2689: error: cannot find symbol
    [javac]         String ru_msg = constructString(RUSSIAN_STUFF_UNICODE); 
    [javac]                                         ^
    [javac]   symbol:   variable RUSSIAN_STUFF_UNICODE
    [javac]   location: class QuotedPrintableCodec_LLMTest
    [javac] /tmp/fix_test_suite.pl_22470_1702815801/llm/org/apache/commons/codec/net/QuotedPrintableCodec_LLMTest.java:2690: error: cannot find symbol
    [javac]         String ch_msg = constructString(SWISS_GERMAN_STUFF_UNICODE); 
    [javac]                                         ^
    [javac]   symbol:   variable SWISS_GERMAN_STUFF_UNICODE
    [javac]   location: class QuotedPrintableCodec_LLMTest
    [javac] 35 errors
    [javac] 44 warnings

BUILD FAILED
/defects4j/framework/projects/defects4j.build.xml:265: Compile failed; see the compiler error output for details.

Total time: 0 seconds
- Compilation issues: Codec-11b-llm.29.tar.bz2
Picked up JAVA_TOOL_OPTIONS: -Dfile.encoding=UTF8
OpenJDK 64-Bit Server VM warning: ignoring option MaxPermSize=1G; support was removed in 8.0
Buildfile: /defects4j/framework/projects/defects4j.build.xml

init:
     [echo] -------- commons-codec 1.6-SNAPSHOT --------

prepare:

static:

compile:

compile.gen.tests:
     [echo] classes.dir: /tmp/fix_test_suite.pl_22470_1702815801/target/classes/
     [echo] build.home: target
   [delete] Deleting directory /tmp/fix_test_suite.pl_22470_1702815801/.classes_testgen
    [mkdir] Created dir: /tmp/fix_test_suite.pl_22470_1702815801/.classes_testgen
    [javac] /defects4j/framework/projects/defects4j.build.xml:265: warning: 'includeantruntime' was not set, defaulting to build.sysclasspath=last; set to false for repeatable builds
    [javac] Compiling 1 source file to /tmp/fix_test_suite.pl_22470_1702815801/.classes_testgen
    [javac] warning: /root/.sdkman/candidates/java/8.0.302-open/lib/ct.sym(META-INF/sym/rt.jar/java/lang/Object.class): major version 52 is newer than 51, the highest major version supported by this compiler.
    [javac]   It is recommended that the compiler be upgraded.
    [javac] warning: /root/.sdkman/candidates/java/8.0.302-open/lib/ct.sym(META-INF/sym/rt.jar/java/lang/Exception.class): major version 52 is newer than 51, the highest major version supported by this compiler.
    [javac]   It is recommended that the compiler be upgraded.
    [javac] /root/.sdkman/candidates/java/8.0.302-open/lib/ct.sym(META-INF/sym/rt.jar/java/lang/Object.class): warning: Cannot find annotation method 'value()' in type 'Profile+Annotation': class file for jdk.Profile+Annotation not found
    [javac] warning: /root/.sdkman/candidates/java/8.0.302-open/lib/ct.sym(META-INF/sym/rt.jar/java/lang/annotation/Retention.class): major version 52 is newer than 51, the highest major version supported by this compiler.
    [javac]   It is recommended that the compiler be upgraded.
    [javac] warning: /root/.sdkman/candidates/java/8.0.302-open/lib/ct.sym(META-INF/sym/rt.jar/java/lang/annotation/RetentionPolicy.class): major version 52 is newer than 51, the highest major version supported by this compiler.
    [javac]   It is recommended that the compiler be upgraded.
    [javac] warning: /root/.sdkman/candidates/java/8.0.302-open/lib/ct.sym(META-INF/sym/rt.jar/java/lang/annotation/Target.class): major version 52 is newer than 51, the highest major version supported by this compiler.
    [javac]   It is recommended that the compiler be upgraded.
    [javac] warning: /root/.sdkman/candidates/java/8.0.302-open/lib/ct.sym(META-INF/sym/rt.jar/java/lang/annotation/ElementType.class): major version 52 is newer than 51, the highest major version supported by this compiler.
    [javac]   It is recommended that the compiler be upgraded.
    [javac] /root/.sdkman/candidates/java/8.0.302-open/lib/ct.sym(META-INF/sym/rt.jar/java/lang/Exception.class): warning: Cannot find annotation method 'value()' in type 'Profile+Annotation'
    [javac] warning: /root/.sdkman/candidates/java/8.0.302-open/lib/ct.sym(META-INF/sym/rt.jar/java/lang/annotation/Annotation.class): major version 52 is newer than 51, the highest major version supported by this compiler.
    [javac]   It is recommended that the compiler be upgraded.
    [javac] /root/.sdkman/candidates/java/8.0.302-open/lib/ct.sym(META-INF/sym/rt.jar/java/lang/annotation/Retention.class): warning: Cannot find annotation method 'value()' in type 'Profile+Annotation'
    [javac] /root/.sdkman/candidates/java/8.0.302-open/lib/ct.sym(META-INF/sym/rt.jar/java/lang/annotation/RetentionPolicy.class): warning: Cannot find annotation method 'value()' in type 'Profile+Annotation'
    [javac] /root/.sdkman/candidates/java/8.0.302-open/lib/ct.sym(META-INF/sym/rt.jar/java/lang/annotation/Target.class): warning: Cannot find annotation method 'value()' in type 'Profile+Annotation'
    [javac] /root/.sdkman/candidates/java/8.0.302-open/lib/ct.sym(META-INF/sym/rt.jar/java/lang/annotation/ElementType.class): warning: Cannot find annotation method 'value()' in type 'Profile+Annotation'
    [javac] /root/.sdkman/candidates/java/8.0.302-open/lib/ct.sym(META-INF/sym/rt.jar/java/lang/annotation/Annotation.class): warning: Cannot find annotation method 'value()' in type 'Profile+Annotation'
    [javac] warning: /root/.sdkman/candidates/java/8.0.302-open/lib/ct.sym(META-INF/sym/rt.jar/java/lang/AutoCloseable.class): major version 52 is newer than 51, the highest major version supported by this compiler.
    [javac]   It is recommended that the compiler be upgraded.
    [javac] /root/.sdkman/candidates/java/8.0.302-open/lib/ct.sym(META-INF/sym/rt.jar/java/lang/AutoCloseable.class): warning: Cannot find annotation method 'value()' in type 'Profile+Annotation'
    [javac] warning: /root/.sdkman/candidates/java/8.0.302-open/lib/ct.sym(META-INF/sym/rt.jar/java/lang/Throwable.class): major version 52 is newer than 51, the highest major version supported by this compiler.
    [javac]   It is recommended that the compiler be upgraded.
    [javac] /root/.sdkman/candidates/java/8.0.302-open/lib/ct.sym(META-INF/sym/rt.jar/java/lang/Throwable.class): warning: Cannot find annotation method 'value()' in type 'Profile+Annotation'
    [javac] warning: /root/.sdkman/candidates/java/8.0.302-open/lib/ct.sym(META-INF/sym/rt.jar/java/lang/String.class): major version 52 is newer than 51, the highest major version supported by this compiler.
    [javac]   It is recommended that the compiler be upgraded.
    [javac] /root/.sdkman/candidates/java/8.0.302-open/lib/ct.sym(META-INF/sym/rt.jar/java/lang/String.class): warning: Cannot find annotation method 'value()' in type 'Profile+Annotation'
    [javac] warning: /root/.sdkman/candidates/java/8.0.302-open/lib/ct.sym(META-INF/sym/rt.jar/java/nio/charset/Charset.class): major version 52 is newer than 51, the highest major version supported by this compiler.
    [javac]   It is recommended that the compiler be upgraded.
    [javac] /root/.sdkman/candidates/java/8.0.302-open/lib/ct.sym(META-INF/sym/rt.jar/java/nio/charset/Charset.class): warning: Cannot find annotation method 'value()' in type 'Profile+Annotation'
    [javac] warning: /root/.sdkman/candidates/java/8.0.302-open/lib/ct.sym(META-INF/sym/rt.jar/java/lang/StringBuilder.class): major version 52 is newer than 51, the highest major version supported by this compiler.
    [javac]   It is recommended that the compiler be upgraded.
    [javac] /root/.sdkman/candidates/java/8.0.302-open/lib/ct.sym(META-INF/sym/rt.jar/java/lang/StringBuilder.class): warning: Cannot find annotation method 'value()' in type 'Profile+Annotation'
    [javac] warning: /root/.sdkman/candidates/java/8.0.302-open/lib/ct.sym(META-INF/sym/rt.jar/java/lang/StringBuffer.class): major version 52 is newer than 51, the highest major version supported by this compiler.
    [javac]   It is recommended that the compiler be upgraded.
    [javac] /root/.sdkman/candidates/java/8.0.302-open/lib/ct.sym(META-INF/sym/rt.jar/java/lang/StringBuffer.class): warning: Cannot find annotation method 'value()' in type 'Profile+Annotation'
    [javac] warning: /root/.sdkman/candidates/java/8.0.302-open/lib/ct.sym(META-INF/sym/rt.jar/java/lang/Double.class): major version 52 is newer than 51, the highest major version supported by this compiler.
    [javac]   It is recommended that the compiler be upgraded.
    [javac] /root/.sdkman/candidates/java/8.0.302-open/lib/ct.sym(META-INF/sym/rt.jar/java/lang/Double.class): warning: Cannot find annotation method 'value()' in type 'Profile+Annotation'
    [javac] warning: /root/.sdkman/candidates/java/8.0.302-open/lib/ct.sym(META-INF/sym/rt.jar/java/lang/Number.class): major version 52 is newer than 51, the highest major version supported by this compiler.
    [javac]   It is recommended that the compiler be upgraded.
    [javac] /root/.sdkman/candidates/java/8.0.302-open/lib/ct.sym(META-INF/sym/rt.jar/java/lang/Number.class): warning: Cannot find annotation method 'value()' in type 'Profile+Annotation'
    [javac] warning: /root/.sdkman/candidates/java/8.0.302-open/lib/ct.sym(META-INF/sym/rt.jar/java/lang/Boolean.class): major version 52 is newer than 51, the highest major version supported by this compiler.
    [javac]   It is recommended that the compiler be upgraded.
    [javac] /root/.sdkman/candidates/java/8.0.302-open/lib/ct.sym(META-INF/sym/rt.jar/java/lang/Boolean.class): warning: Cannot find annotation method 'value()' in type 'Profile+Annotation'
    [javac] warning: /root/.sdkman/candidates/java/8.0.302-open/lib/ct.sym(META-INF/sym/rt.jar/java/lang/Character.class): major version 52 is newer than 51, the highest major version supported by this compiler.
    [javac]   It is recommended that the compiler be upgraded.
    [javac] /root/.sdkman/candidates/java/8.0.302-open/lib/ct.sym(META-INF/sym/rt.jar/java/lang/Character.class): warning: Cannot find annotation method 'value()' in type 'Profile+Annotation'
    [javac] warning: /root/.sdkman/candidates/java/8.0.302-open/lib/ct.sym(META-INF/sym/rt.jar/java/lang/Error.class): major version 52 is newer than 51, the highest major version supported by this compiler.
    [javac]   It is recommended that the compiler be upgraded.
    [javac] /root/.sdkman/candidates/java/8.0.302-open/lib/ct.sym(META-INF/sym/rt.jar/java/lang/Error.class): warning: Cannot find annotation method 'value()' in type 'Profile+Annotation'
    [javac] warning: /root/.sdkman/candidates/java/8.0.302-open/lib/ct.sym(META-INF/sym/rt.jar/java/lang/RuntimeException.class): major version 52 is newer than 51, the highest major version supported by this compiler.
    [javac]   It is recommended that the compiler be upgraded.
    [javac] /root/.sdkman/candidates/java/8.0.302-open/lib/ct.sym(META-INF/sym/rt.jar/java/lang/RuntimeException.class): warning: Cannot find annotation method 'value()' in type 'Profile+Annotation'
    [javac] warning: /root/.sdkman/candidates/java/8.0.302-open/lib/ct.sym(META-INF/sym/rt.jar/java/io/UnsupportedEncodingException.class): major version 52 is newer than 51, the highest major version supported by this compiler.
    [javac]   It is recommended that the compiler be upgraded.
    [javac] /root/.sdkman/candidates/java/8.0.302-open/lib/ct.sym(META-INF/sym/rt.jar/java/io/UnsupportedEncodingException.class): warning: Cannot find annotation method 'value()' in type 'Profile+Annotation'
    [javac] warning: /root/.sdkman/candidates/java/8.0.302-open/lib/ct.sym(META-INF/sym/rt.jar/java/io/IOException.class): major version 52 is newer than 51, the highest major version supported by this compiler.
    [javac]   It is recommended that the compiler be upgraded.
    [javac] /root/.sdkman/candidates/java/8.0.302-open/lib/ct.sym(META-INF/sym/rt.jar/java/io/IOException.class): warning: Cannot find annotation method 'value()' in type 'Profile+Annotation'
    [javac] /tmp/fix_test_suite.pl_22470_1702815801/llm/org/apache/commons/codec/net/QuotedPrintableCodec_LLMTest.java:1709: error: unreported exception EncoderException; must be caught or declared to be thrown
    [javac]         assertEquals("Hello there!", validCodec.encode(plain));
    [javac]                                                       ^
    [javac] /tmp/fix_test_suite.pl_22470_1702815801/llm/org/apache/commons/codec/net/QuotedPrintableCodec_LLMTest.java:1710: error: unreported exception DecoderException; must be caught or declared to be thrown
    [javac]         assertEquals("Hello there!", validCodec.decode(plain));
    [javac]                                                       ^
    [javac] /tmp/fix_test_suite.pl_22470_1702815801/llm/org/apache/commons/codec/net/QuotedPrintableCodec_LLMTest.java:1713: error: unreported exception EncoderException; must be caught or declared to be thrown
    [javac]         assertEquals("", qpcodec.encode(""));
    [javac]                                        ^
    [javac] /tmp/fix_test_suite.pl_22470_1702815801/llm/org/apache/commons/codec/net/QuotedPrintableCodec_LLMTest.java:1714: error: unreported exception DecoderException; must be caught or declared to be thrown
    [javac]         assertNull(qpcodec.decode(""));
    [javac]                                  ^
    [javac] /tmp/fix_test_suite.pl_22470_1702815801/llm/org/apache/commons/codec/net/QuotedPrintableCodec_LLMTest.java:2492: error: unreported exception EncoderException; must be caught or declared to be thrown
    [javac]     String encoded = qpcodec.encode(plain);
    [javac]                                    ^
    [javac] /tmp/fix_test_suite.pl_22470_1702815801/llm/org/apache/commons/codec/net/QuotedPrintableCodec_LLMTest.java:2494: error: unreported exception DecoderException; must be caught or declared to be thrown
    [javac]     assertEquals("Empty string decoding test", plain, qpcodec.decode(encoded));
    [javac]                                                                     ^
    [javac] /tmp/fix_test_suite.pl_22470_1702815801/llm/org/apache/commons/codec/net/QuotedPrintableCodec_LLMTest.java:2500: error: unreported exception EncoderException; must be caught or declared to be thrown
    [javac]     String encoded = qpcodec.encode(plain);
    [javac]                                    ^
    [javac] /tmp/fix_test_suite.pl_22470_1702815801/llm/org/apache/commons/codec/net/QuotedPrintableCodec_LLMTest.java:2502: error: unreported exception DecoderException; must be caught or declared to be thrown
    [javac]     assertNull("Null string decoding test", qpcodec.decode(encoded));
    [javac]                                                           ^
    [javac] /tmp/fix_test_suite.pl_22470_1702815801/llm/org/apache/commons/codec/net/QuotedPrintableCodec_LLMTest.java:2508: error: unreported exception EncoderException; must be caught or declared to be thrown
    [javac]     String encoded = qpcodec.encode(plain);
    [javac]                                    ^
    [javac] /tmp/fix_test_suite.pl_22470_1702815801/llm/org/apache/commons/codec/net/QuotedPrintableCodec_LLMTest.java:2510: error: unreported exception DecoderException; must be caught or declared to be thrown
    [javac]     assertEquals("Special characters decoding test", plain, qpcodec.decode(encoded));
    [javac]                                                                           ^
    [javac] 10 errors
    [javac] 42 warnings

BUILD FAILED
/defects4j/framework/projects/defects4j.build.xml:265: Compile failed; see the compiler error output for details.

Total time: 0 seconds
