- Compilation issues: Codec-11b-llm.5.tar.bz2
Picked up JAVA_TOOL_OPTIONS: -Dfile.encoding=UTF8
OpenJDK 64-Bit Server VM warning: ignoring option MaxPermSize=1G; support was removed in 8.0
Buildfile: /defects4j/framework/projects/defects4j.build.xml

init:
     [echo] -------- commons-codec 1.6-SNAPSHOT --------

prepare:
    [mkdir] Created dir: /tmp/fix_test_suite.pl_1854_1702791422/target
    [mkdir] Created dir: /tmp/fix_test_suite.pl_1854_1702791422/target/classes
    [mkdir] Created dir: /tmp/fix_test_suite.pl_1854_1702791422/target/tests
    [mkdir] Created dir: /tmp/fix_test_suite.pl_1854_1702791422/target/test-reports

static:

compile:
    [javac] Compiling 47 source files to /tmp/fix_test_suite.pl_1854_1702791422/target/classes
    [javac] warning: [options] bootstrap class path not set in conjunction with -source 1.5
    [javac] warning: /root/.sdkman/candidates/java/8.0.302-open/lib/ct.sym(META-INF/sym/rt.jar/java/lang/Object.class): major version 52 is newer than 51, the highest major version supported by this compiler.
    [javac]   It is recommended that the compiler be upgraded.
    [javac] warning: /root/.sdkman/candidates/java/8.0.302-open/lib/ct.sym(META-INF/sym/rt.jar/java/lang/Exception.class): major version 52 is newer than 51, the highest major version supported by this compiler.
    [javac]   It is recommended that the compiler be upgraded.
    [javac] warning: /root/.sdkman/candidates/java/8.0.302-open/lib/ct.sym(META-INF/sym/rt.jar/java/lang/Throwable.class): major version 52 is newer than 51, the highest major version supported by this compiler.
    [javac]   It is recommended that the compiler be upgraded.
    [javac] warning: /root/.sdkman/candidates/java/8.0.302-open/lib/ct.sym(META-INF/sym/rt.jar/java/io/Serializable.class): major version 52 is newer than 51, the highest major version supported by this compiler.
    [javac]   It is recommended that the compiler be upgraded.
    [javac] warning: /root/.sdkman/candidates/java/8.0.302-open/lib/ct.sym(META-INF/sym/rt.jar/java/lang/String.class): major version 52 is newer than 51, the highest major version supported by this compiler.
    [javac]   It is recommended that the compiler be upgraded.
    [javac] warning: /root/.sdkman/candidates/java/8.0.302-open/lib/ct.sym(META-INF/sym/rt.jar/java/util/Comparator.class): major version 52 is newer than 51, the highest major version supported by this compiler.
    [javac]   It is recommended that the compiler be upgraded.
    [javac] warning: /root/.sdkman/candidates/java/8.0.302-open/lib/ct.sym(META-INF/sym/rt.jar/java/io/InputStream.class): major version 52 is newer than 51, the highest major version supported by this compiler.
    [javac]   It is recommended that the compiler be upgraded.
    [javac] warning: /root/.sdkman/candidates/java/8.0.302-open/lib/ct.sym(META-INF/sym/rt.jar/java/io/FilterInputStream.class): major version 52 is newer than 51, the highest major version supported by this compiler.
    [javac]   It is recommended that the compiler be upgraded.
    [javac] warning: /root/.sdkman/candidates/java/8.0.302-open/lib/ct.sym(META-INF/sym/rt.jar/java/io/IOException.class): major version 52 is newer than 51, the highest major version supported by this compiler.
    [javac]   It is recommended that the compiler be upgraded.
    [javac] warning: /root/.sdkman/candidates/java/8.0.302-open/lib/ct.sym(META-INF/sym/rt.jar/java/io/Closeable.class): major version 52 is newer than 51, the highest major version supported by this compiler.
    [javac]   It is recommended that the compiler be upgraded.
    [javac] warning: /root/.sdkman/candidates/java/8.0.302-open/lib/ct.sym(META-INF/sym/rt.jar/java/lang/AutoCloseable.class): major version 52 is newer than 51, the highest major version supported by this compiler.
    [javac]   It is recommended that the compiler be upgraded.
    [javac] warning: /root/.sdkman/candidates/java/8.0.302-open/lib/ct.sym(META-INF/sym/rt.jar/java/io/OutputStream.class): major version 52 is newer than 51, the highest major version supported by this compiler.
    [javac]   It is recommended that the compiler be upgraded.
    [javac] warning: /root/.sdkman/candidates/java/8.0.302-open/lib/ct.sym(META-INF/sym/rt.jar/java/io/FilterOutputStream.class): major version 52 is newer than 51, the highest major version supported by this compiler.
    [javac]   It is recommended that the compiler be upgraded.
    [javac] warning: /root/.sdkman/candidates/java/8.0.302-open/lib/ct.sym(META-INF/sym/rt.jar/java/io/Flushable.class): major version 52 is newer than 51, the highest major version supported by this compiler.
    [javac]   It is recommended that the compiler be upgraded.
    [javac] warning: /root/.sdkman/candidates/java/8.0.302-open/lib/ct.sym(META-INF/sym/rt.jar/java/math/BigInteger.class): major version 52 is newer than 51, the highest major version supported by this compiler.
    [javac]   It is recommended that the compiler be upgraded.
    [javac] warning: /root/.sdkman/candidates/java/8.0.302-open/lib/ct.sym(META-INF/sym/rt.jar/java/io/UnsupportedEncodingException.class): major version 52 is newer than 51, the highest major version supported by this compiler.
    [javac]   It is recommended that the compiler be upgraded.
    [javac] warning: /root/.sdkman/candidates/java/8.0.302-open/lib/ct.sym(META-INF/sym/rt.jar/java/lang/IllegalStateException.class): major version 52 is newer than 51, the highest major version supported by this compiler.
    [javac]   It is recommended that the compiler be upgraded.
    [javac] warning: /root/.sdkman/candidates/java/8.0.302-open/lib/ct.sym(META-INF/sym/rt.jar/java/security/MessageDigest.class): major version 52 is newer than 51, the highest major version supported by this compiler.
    [javac]   It is recommended that the compiler be upgraded.
    [javac] warning: /root/.sdkman/candidates/java/8.0.302-open/lib/ct.sym(META-INF/sym/rt.jar/java/security/NoSuchAlgorithmException.class): major version 52 is newer than 51, the highest major version supported by this compiler.
    [javac]   It is recommended that the compiler be upgraded.
    [javac] warning: /root/.sdkman/candidates/java/8.0.302-open/lib/ct.sym(META-INF/sym/rt.jar/java/util/Locale.class): major version 52 is newer than 51, the highest major version supported by this compiler.
    [javac]   It is recommended that the compiler be upgraded.
    [javac] warning: /root/.sdkman/candidates/java/8.0.302-open/lib/ct.sym(META-INF/sym/rt.jar/java/lang/StringBuffer.class): major version 52 is newer than 51, the highest major version supported by this compiler.
    [javac]   It is recommended that the compiler be upgraded.
    [javac] warning: /root/.sdkman/candidates/java/8.0.302-open/lib/ct.sym(META-INF/sym/rt.jar/java/util/ArrayList.class): major version 52 is newer than 51, the highest major version supported by this compiler.
    [javac]   It is recommended that the compiler be upgraded.
    [javac] warning: /root/.sdkman/candidates/java/8.0.302-open/lib/ct.sym(META-INF/sym/rt.jar/java/util/Arrays.class): major version 52 is newer than 51, the highest major version supported by this compiler.
    [javac]   It is recommended that the compiler be upgraded.
    [javac] warning: /root/.sdkman/candidates/java/8.0.302-open/lib/ct.sym(META-INF/sym/rt.jar/java/util/Collections.class): major version 52 is newer than 51, the highest major version supported by this compiler.
    [javac]   It is recommended that the compiler be upgraded.
    [javac] warning: /root/.sdkman/candidates/java/8.0.302-open/lib/ct.sym(META-INF/sym/rt.jar/java/util/EnumMap.class): major version 52 is newer than 51, the highest major version supported by this compiler.
    [javac]   It is recommended that the compiler be upgraded.
    [javac] warning: /root/.sdkman/candidates/java/8.0.302-open/lib/ct.sym(META-INF/sym/rt.jar/java/util/HashSet.class): major version 52 is newer than 51, the highest major version supported by this compiler.
    [javac]   It is recommended that the compiler be upgraded.
    [javac] warning: /root/.sdkman/candidates/java/8.0.302-open/lib/ct.sym(META-INF/sym/rt.jar/java/util/Iterator.class): major version 52 is newer than 51, the highest major version supported by this compiler.
    [javac]   It is recommended that the compiler be upgraded.
    [javac] warning: /root/.sdkman/candidates/java/8.0.302-open/lib/ct.sym(META-INF/sym/rt.jar/java/util/List.class): major version 52 is newer than 51, the highest major version supported by this compiler.
    [javac]   It is recommended that the compiler be upgraded.
    [javac] warning: /root/.sdkman/candidates/java/8.0.302-open/lib/ct.sym(META-INF/sym/rt.jar/java/util/Map.class): major version 52 is newer than 51, the highest major version supported by this compiler.
    [javac]   It is recommended that the compiler be upgraded.
    [javac] warning: /root/.sdkman/candidates/java/8.0.302-open/lib/ct.sym(META-INF/sym/rt.jar/java/util/Set.class): major version 52 is newer than 51, the highest major version supported by this compiler.
    [javac]   It is recommended that the compiler be upgraded.
    [javac] warning: /root/.sdkman/candidates/java/8.0.302-open/lib/ct.sym(META-INF/sym/rt.jar/java/util/TreeSet.class): major version 52 is newer than 51, the highest major version supported by this compiler.
    [javac]   It is recommended that the compiler be upgraded.
    [javac] warning: /root/.sdkman/candidates/java/8.0.302-open/lib/ct.sym(META-INF/sym/rt.jar/java/lang/Enum.class): major version 52 is newer than 51, the highest major version supported by this compiler.
    [javac]   It is recommended that the compiler be upgraded.
    [javac] warning: /root/.sdkman/candidates/java/8.0.302-open/lib/ct.sym(META-INF/sym/rt.jar/java/lang/Comparable.class): major version 52 is newer than 51, the highest major version supported by this compiler.
    [javac]   It is recommended that the compiler be upgraded.
    [javac] warning: /root/.sdkman/candidates/java/8.0.302-open/lib/ct.sym(META-INF/sym/rt.jar/java/lang/CharSequence.class): major version 52 is newer than 51, the highest major version supported by this compiler.
    [javac]   It is recommended that the compiler be upgraded.
    [javac] warning: /root/.sdkman/candidates/java/8.0.302-open/lib/ct.sym(META-INF/sym/rt.jar/java/lang/Iterable.class): major version 52 is newer than 51, the highest major version supported by this compiler.
    [javac]   It is recommended that the compiler be upgraded.
    [javac] warning: /root/.sdkman/candidates/java/8.0.302-open/lib/ct.sym(META-INF/sym/rt.jar/java/util/Scanner.class): major version 52 is newer than 51, the highest major version supported by this compiler.
    [javac]   It is recommended that the compiler be upgraded.
    [javac] warning: /root/.sdkman/candidates/java/8.0.302-open/lib/ct.sym(META-INF/sym/rt.jar/java/util/regex/Pattern.class): major version 52 is newer than 51, the highest major version supported by this compiler.
    [javac]   It is recommended that the compiler be upgraded.
    [javac] warning: /root/.sdkman/candidates/java/8.0.302-open/lib/ct.sym(META-INF/sym/rt.jar/java/util/HashMap.class): major version 52 is newer than 51, the highest major version supported by this compiler.
    [javac]   It is recommended that the compiler be upgraded.
    [javac] warning: /root/.sdkman/candidates/java/8.0.302-open/lib/ct.sym(META-INF/sym/rt.jar/java/util/regex/Matcher.class): major version 52 is newer than 51, the highest major version supported by this compiler.
    [javac]   It is recommended that the compiler be upgraded.
    [javac] warning: /root/.sdkman/candidates/java/8.0.302-open/lib/ct.sym(META-INF/sym/rt.jar/java/util/NoSuchElementException.class): major version 52 is newer than 51, the highest major version supported by this compiler.
    [javac]   It is recommended that the compiler be upgraded.
    [javac] warning: /root/.sdkman/candidates/java/8.0.302-open/lib/ct.sym(META-INF/sym/rt.jar/java/util/BitSet.class): major version 52 is newer than 51, the highest major version supported by this compiler.
    [javac]   It is recommended that the compiler be upgraded.
    [javac] warning: /root/.sdkman/candidates/java/8.0.302-open/lib/ct.sym(META-INF/sym/rt.jar/java/io/ByteArrayOutputStream.class): major version 52 is newer than 51, the highest major version supported by this compiler.
    [javac]   It is recommended that the compiler be upgraded.
    [javac] /root/.sdkman/candidates/java/8.0.302-open/lib/ct.sym(META-INF/sym/rt.jar/java/lang/Object.class): warning: Cannot find annotation method 'value()' in type 'Profile+Annotation': class file for jdk.Profile+Annotation not found
    [javac] /root/.sdkman/candidates/java/8.0.302-open/lib/ct.sym(META-INF/sym/rt.jar/java/lang/Exception.class): warning: Cannot find annotation method 'value()' in type 'Profile+Annotation'
    [javac] /root/.sdkman/candidates/java/8.0.302-open/lib/ct.sym(META-INF/sym/rt.jar/java/lang/Throwable.class): warning: Cannot find annotation method 'value()' in type 'Profile+Annotation'
    [javac] /root/.sdkman/candidates/java/8.0.302-open/lib/ct.sym(META-INF/sym/rt.jar/java/io/Serializable.class): warning: Cannot find annotation method 'value()' in type 'Profile+Annotation'
    [javac] /root/.sdkman/candidates/java/8.0.302-open/lib/ct.sym(META-INF/sym/rt.jar/java/lang/String.class): warning: Cannot find annotation method 'value()' in type 'Profile+Annotation'
    [javac] /root/.sdkman/candidates/java/8.0.302-open/lib/ct.sym(META-INF/sym/rt.jar/java/util/Comparator.class): warning: Cannot find annotation method 'value()' in type 'Profile+Annotation'
    [javac] warning: /root/.sdkman/candidates/java/8.0.302-open/lib/ct.sym(META-INF/sym/rt.jar/java/lang/Override.class): major version 52 is newer than 51, the highest major version supported by this compiler.
    [javac]   It is recommended that the compiler be upgraded.
    [javac] warning: /root/.sdkman/candidates/java/8.0.302-open/lib/ct.sym(META-INF/sym/rt.jar/java/lang/annotation/Annotation.class): major version 52 is newer than 51, the highest major version supported by this compiler.
    [javac]   It is recommended that the compiler be upgraded.
    [javac] /root/.sdkman/candidates/java/8.0.302-open/lib/ct.sym(META-INF/sym/rt.jar/java/io/InputStream.class): warning: Cannot find annotation method 'value()' in type 'Profile+Annotation'
    [javac] /root/.sdkman/candidates/java/8.0.302-open/lib/ct.sym(META-INF/sym/rt.jar/java/io/FilterInputStream.class): warning: Cannot find annotation method 'value()' in type 'Profile+Annotation'
    [javac] /root/.sdkman/candidates/java/8.0.302-open/lib/ct.sym(META-INF/sym/rt.jar/java/io/IOException.class): warning: Cannot find annotation method 'value()' in type 'Profile+Annotation'
    [javac] /root/.sdkman/candidates/java/8.0.302-open/lib/ct.sym(META-INF/sym/rt.jar/java/io/Closeable.class): warning: Cannot find annotation method 'value()' in type 'Profile+Annotation'
    [javac] /root/.sdkman/candidates/java/8.0.302-open/lib/ct.sym(META-INF/sym/rt.jar/java/lang/AutoCloseable.class): warning: Cannot find annotation method 'value()' in type 'Profile+Annotation'
    [javac] /root/.sdkman/candidates/java/8.0.302-open/lib/ct.sym(META-INF/sym/rt.jar/java/io/OutputStream.class): warning: Cannot find annotation method 'value()' in type 'Profile+Annotation'
    [javac] /root/.sdkman/candidates/java/8.0.302-open/lib/ct.sym(META-INF/sym/rt.jar/java/io/FilterOutputStream.class): warning: Cannot find annotation method 'value()' in type 'Profile+Annotation'
    [javac] /root/.sdkman/candidates/java/8.0.302-open/lib/ct.sym(META-INF/sym/rt.jar/java/io/Flushable.class): warning: Cannot find annotation method 'value()' in type 'Profile+Annotation'
    [javac] /root/.sdkman/candidates/java/8.0.302-open/lib/ct.sym(META-INF/sym/rt.jar/java/math/BigInteger.class): warning: Cannot find annotation method 'value()' in type 'Profile+Annotation'
    [javac] /root/.sdkman/candidates/java/8.0.302-open/lib/ct.sym(META-INF/sym/rt.jar/java/io/UnsupportedEncodingException.class): warning: Cannot find annotation method 'value()' in type 'Profile+Annotation'
    [javac] /root/.sdkman/candidates/java/8.0.302-open/lib/ct.sym(META-INF/sym/rt.jar/java/lang/IllegalStateException.class): warning: Cannot find annotation method 'value()' in type 'Profile+Annotation'
    [javac] /root/.sdkman/candidates/java/8.0.302-open/lib/ct.sym(META-INF/sym/rt.jar/java/security/MessageDigest.class): warning: Cannot find annotation method 'value()' in type 'Profile+Annotation'
    [javac] /root/.sdkman/candidates/java/8.0.302-open/lib/ct.sym(META-INF/sym/rt.jar/java/security/NoSuchAlgorithmException.class): warning: Cannot find annotation method 'value()' in type 'Profile+Annotation'
    [javac] /root/.sdkman/candidates/java/8.0.302-open/lib/ct.sym(META-INF/sym/rt.jar/java/util/Locale.class): warning: Cannot find annotation method 'value()' in type 'Profile+Annotation'
    [javac] /root/.sdkman/candidates/java/8.0.302-open/lib/ct.sym(META-INF/sym/rt.jar/java/lang/StringBuffer.class): warning: Cannot find annotation method 'value()' in type 'Profile+Annotation'
    [javac] /root/.sdkman/candidates/java/8.0.302-open/lib/ct.sym(META-INF/sym/rt.jar/java/util/ArrayList.class): warning: Cannot find annotation method 'value()' in type 'Profile+Annotation'
    [javac] /root/.sdkman/candidates/java/8.0.302-open/lib/ct.sym(META-INF/sym/rt.jar/java/util/Arrays.class): warning: Cannot find annotation method 'value()' in type 'Profile+Annotation'
    [javac] /root/.sdkman/candidates/java/8.0.302-open/lib/ct.sym(META-INF/sym/rt.jar/java/util/Collections.class): warning: Cannot find annotation method 'value()' in type 'Profile+Annotation'
    [javac] /root/.sdkman/candidates/java/8.0.302-open/lib/ct.sym(META-INF/sym/rt.jar/java/util/EnumMap.class): warning: Cannot find annotation method 'value()' in type 'Profile+Annotation'
    [javac] /root/.sdkman/candidates/java/8.0.302-open/lib/ct.sym(META-INF/sym/rt.jar/java/util/HashSet.class): warning: Cannot find annotation method 'value()' in type 'Profile+Annotation'
    [javac] /root/.sdkman/candidates/java/8.0.302-open/lib/ct.sym(META-INF/sym/rt.jar/java/util/Iterator.class): warning: Cannot find annotation method 'value()' in type 'Profile+Annotation'
    [javac] /root/.sdkman/candidates/java/8.0.302-open/lib/ct.sym(META-INF/sym/rt.jar/java/util/List.class): warning: Cannot find annotation method 'value()' in type 'Profile+Annotation'
    [javac] /root/.sdkman/candidates/java/8.0.302-open/lib/ct.sym(META-INF/sym/rt.jar/java/util/Map.class): warning: Cannot find annotation method 'value()' in type 'Profile+Annotation'
    [javac] /root/.sdkman/candidates/java/8.0.302-open/lib/ct.sym(META-INF/sym/rt.jar/java/util/Set.class): warning: Cannot find annotation method 'value()' in type 'Profile+Annotation'
    [javac] /root/.sdkman/candidates/java/8.0.302-open/lib/ct.sym(META-INF/sym/rt.jar/java/util/TreeSet.class): warning: Cannot find annotation method 'value()' in type 'Profile+Annotation'
    [javac] /root/.sdkman/candidates/java/8.0.302-open/lib/ct.sym(META-INF/sym/rt.jar/java/lang/Enum.class): warning: Cannot find annotation method 'value()' in type 'Profile+Annotation'
    [javac] /root/.sdkman/candidates/java/8.0.302-open/lib/ct.sym(META-INF/sym/rt.jar/java/lang/Comparable.class): warning: Cannot find annotation method 'value()' in type 'Profile+Annotation'
    [javac] /root/.sdkman/candidates/java/8.0.302-open/lib/ct.sym(META-INF/sym/rt.jar/java/lang/CharSequence.class): warning: Cannot find annotation method 'value()' in type 'Profile+Annotation'
    [javac] /root/.sdkman/candidates/java/8.0.302-open/lib/ct.sym(META-INF/sym/rt.jar/java/lang/Iterable.class): warning: Cannot find annotation method 'value()' in type 'Profile+Annotation'
    [javac] /root/.sdkman/candidates/java/8.0.302-open/lib/ct.sym(META-INF/sym/rt.jar/java/util/Scanner.class): warning: Cannot find annotation method 'value()' in type 'Profile+Annotation'
    [javac] /root/.sdkman/candidates/java/8.0.302-open/lib/ct.sym(META-INF/sym/rt.jar/java/util/regex/Pattern.class): warning: Cannot find annotation method 'value()' in type 'Profile+Annotation'
    [javac] /root/.sdkman/candidates/java/8.0.302-open/lib/ct.sym(META-INF/sym/rt.jar/java/util/HashMap.class): warning: Cannot find annotation method 'value()' in type 'Profile+Annotation'
    [javac] /root/.sdkman/candidates/java/8.0.302-open/lib/ct.sym(META-INF/sym/rt.jar/java/util/regex/Matcher.class): warning: Cannot find annotation method 'value()' in type 'Profile+Annotation'
    [javac] /root/.sdkman/candidates/java/8.0.302-open/lib/ct.sym(META-INF/sym/rt.jar/java/util/NoSuchElementException.class): warning: Cannot find annotation method 'value()' in type 'Profile+Annotation'
    [javac] /root/.sdkman/candidates/java/8.0.302-open/lib/ct.sym(META-INF/sym/rt.jar/java/util/BitSet.class): warning: Cannot find annotation method 'value()' in type 'Profile+Annotation'
    [javac] /root/.sdkman/candidates/java/8.0.302-open/lib/ct.sym(META-INF/sym/rt.jar/java/io/ByteArrayOutputStream.class): warning: Cannot find annotation method 'value()' in type 'Profile+Annotation'
    [javac] warning: /root/.sdkman/candidates/java/8.0.302-open/lib/ct.sym(META-INF/sym/rt.jar/java/lang/annotation/Target.class): major version 52 is newer than 51, the highest major version supported by this compiler.
    [javac]   It is recommended that the compiler be upgraded.
    [javac] warning: /root/.sdkman/candidates/java/8.0.302-open/lib/ct.sym(META-INF/sym/rt.jar/java/lang/annotation/ElementType.class): major version 52 is newer than 51, the highest major version supported by this compiler.
    [javac]   It is recommended that the compiler be upgraded.
    [javac] warning: /root/.sdkman/candidates/java/8.0.302-open/lib/ct.sym(META-INF/sym/rt.jar/java/lang/annotation/Retention.class): major version 52 is newer than 51, the highest major version supported by this compiler.
    [javac]   It is recommended that the compiler be upgraded.
    [javac] warning: /root/.sdkman/candidates/java/8.0.302-open/lib/ct.sym(META-INF/sym/rt.jar/java/lang/annotation/RetentionPolicy.class): major version 52 is newer than 51, the highest major version supported by this compiler.
    [javac]   It is recommended that the compiler be upgraded.
    [javac] /root/.sdkman/candidates/java/8.0.302-open/lib/ct.sym(META-INF/sym/rt.jar/java/lang/Override.class): warning: Cannot find annotation method 'value()' in type 'Profile+Annotation'
    [javac] /root/.sdkman/candidates/java/8.0.302-open/lib/ct.sym(META-INF/sym/rt.jar/java/lang/annotation/Annotation.class): warning: Cannot find annotation method 'value()' in type 'Profile+Annotation'
    [javac] /root/.sdkman/candidates/java/8.0.302-open/lib/ct.sym(META-INF/sym/rt.jar/java/lang/annotation/Target.class): warning: Cannot find annotation method 'value()' in type 'Profile+Annotation'
    [javac] /root/.sdkman/candidates/java/8.0.302-open/lib/ct.sym(META-INF/sym/rt.jar/java/lang/annotation/ElementType.class): warning: Cannot find annotation method 'value()' in type 'Profile+Annotation'
    [javac] /root/.sdkman/candidates/java/8.0.302-open/lib/ct.sym(META-INF/sym/rt.jar/java/lang/annotation/Retention.class): warning: Cannot find annotation method 'value()' in type 'Profile+Annotation'
    [javac] /root/.sdkman/candidates/java/8.0.302-open/lib/ct.sym(META-INF/sym/rt.jar/java/lang/annotation/RetentionPolicy.class): warning: Cannot find annotation method 'value()' in type 'Profile+Annotation'
    [javac] warning: /root/.sdkman/candidates/java/8.0.302-open/lib/ct.sym(META-INF/sym/rt.jar/java/lang/Error.class): major version 52 is newer than 51, the highest major version supported by this compiler.
    [javac]   It is recommended that the compiler be upgraded.
    [javac] /root/.sdkman/candidates/java/8.0.302-open/lib/ct.sym(META-INF/sym/rt.jar/java/lang/Error.class): warning: Cannot find annotation method 'value()' in type 'Profile+Annotation'
    [javac] warning: /root/.sdkman/candidates/java/8.0.302-open/lib/ct.sym(META-INF/sym/rt.jar/java/lang/RuntimeException.class): major version 52 is newer than 51, the highest major version supported by this compiler.
    [javac]   It is recommended that the compiler be upgraded.
    [javac] Note: /tmp/fix_test_suite.pl_1854_1702791422/src/main/java/org/apache/commons/codec/StringEncoderComparator.java uses unchecked or unsafe operations.
    [javac] Note: Recompile with -Xlint:unchecked for details.
    [javac] 100 warnings
     [copy] Copying 6 files to /tmp/fix_test_suite.pl_1854_1702791422/target/classes

compile.gen.tests:
     [echo] classes.dir: /tmp/fix_test_suite.pl_1854_1702791422/target/classes/
     [echo] build.home: target
    [mkdir] Created dir: /tmp/fix_test_suite.pl_1854_1702791422/.classes_testgen
    [javac] /defects4j/framework/projects/defects4j.build.xml:265: warning: 'includeantruntime' was not set, defaulting to build.sysclasspath=last; set to false for repeatable builds
    [javac] Compiling 1 source file to /tmp/fix_test_suite.pl_1854_1702791422/.classes_testgen
    [javac] warning: /root/.sdkman/candidates/java/8.0.302-open/lib/ct.sym(META-INF/sym/rt.jar/java/lang/Object.class): major version 52 is newer than 51, the highest major version supported by this compiler.
    [javac]   It is recommended that the compiler be upgraded.
    [javac] warning: /root/.sdkman/candidates/java/8.0.302-open/lib/ct.sym(META-INF/sym/rt.jar/java/lang/Exception.class): major version 52 is newer than 51, the highest major version supported by this compiler.
    [javac]   It is recommended that the compiler be upgraded.
    [javac] /root/.sdkman/candidates/java/8.0.302-open/lib/ct.sym(META-INF/sym/rt.jar/java/lang/Object.class): warning: Cannot find annotation method 'value()' in type 'Profile+Annotation': class file for jdk.Profile+Annotation not found
    [javac] warning: /root/.sdkman/candidates/java/8.0.302-open/lib/ct.sym(META-INF/sym/rt.jar/java/lang/annotation/Retention.class): major version 52 is newer than 51, the highest major version supported by this compiler.
    [javac]   It is recommended that the compiler be upgraded.
    [javac] warning: /root/.sdkman/candidates/java/8.0.302-open/lib/ct.sym(META-INF/sym/rt.jar/java/lang/annotation/RetentionPolicy.class): major version 52 is newer than 51, the highest major version supported by this compiler.
    [javac]   It is recommended that the compiler be upgraded.
    [javac] warning: /root/.sdkman/candidates/java/8.0.302-open/lib/ct.sym(META-INF/sym/rt.jar/java/lang/annotation/Target.class): major version 52 is newer than 51, the highest major version supported by this compiler.
    [javac]   It is recommended that the compiler be upgraded.
    [javac] warning: /root/.sdkman/candidates/java/8.0.302-open/lib/ct.sym(META-INF/sym/rt.jar/java/lang/annotation/ElementType.class): major version 52 is newer than 51, the highest major version supported by this compiler.
    [javac]   It is recommended that the compiler be upgraded.
    [javac] /root/.sdkman/candidates/java/8.0.302-open/lib/ct.sym(META-INF/sym/rt.jar/java/lang/Exception.class): warning: Cannot find annotation method 'value()' in type 'Profile+Annotation'
    [javac] warning: /root/.sdkman/candidates/java/8.0.302-open/lib/ct.sym(META-INF/sym/rt.jar/java/lang/annotation/Annotation.class): major version 52 is newer than 51, the highest major version supported by this compiler.
    [javac]   It is recommended that the compiler be upgraded.
    [javac] /root/.sdkman/candidates/java/8.0.302-open/lib/ct.sym(META-INF/sym/rt.jar/java/lang/annotation/Retention.class): warning: Cannot find annotation method 'value()' in type 'Profile+Annotation'
    [javac] /root/.sdkman/candidates/java/8.0.302-open/lib/ct.sym(META-INF/sym/rt.jar/java/lang/annotation/RetentionPolicy.class): warning: Cannot find annotation method 'value()' in type 'Profile+Annotation'
    [javac] /root/.sdkman/candidates/java/8.0.302-open/lib/ct.sym(META-INF/sym/rt.jar/java/lang/annotation/Target.class): warning: Cannot find annotation method 'value()' in type 'Profile+Annotation'
    [javac] /root/.sdkman/candidates/java/8.0.302-open/lib/ct.sym(META-INF/sym/rt.jar/java/lang/annotation/ElementType.class): warning: Cannot find annotation method 'value()' in type 'Profile+Annotation'
    [javac] /root/.sdkman/candidates/java/8.0.302-open/lib/ct.sym(META-INF/sym/rt.jar/java/lang/annotation/Annotation.class): warning: Cannot find annotation method 'value()' in type 'Profile+Annotation'
    [javac] warning: /root/.sdkman/candidates/java/8.0.302-open/lib/ct.sym(META-INF/sym/rt.jar/java/lang/AutoCloseable.class): major version 52 is newer than 51, the highest major version supported by this compiler.
    [javac]   It is recommended that the compiler be upgraded.
    [javac] /root/.sdkman/candidates/java/8.0.302-open/lib/ct.sym(META-INF/sym/rt.jar/java/lang/AutoCloseable.class): warning: Cannot find annotation method 'value()' in type 'Profile+Annotation'
    [javac] warning: /root/.sdkman/candidates/java/8.0.302-open/lib/ct.sym(META-INF/sym/rt.jar/java/lang/Throwable.class): major version 52 is newer than 51, the highest major version supported by this compiler.
    [javac]   It is recommended that the compiler be upgraded.
    [javac] /root/.sdkman/candidates/java/8.0.302-open/lib/ct.sym(META-INF/sym/rt.jar/java/lang/Throwable.class): warning: Cannot find annotation method 'value()' in type 'Profile+Annotation'
    [javac] warning: /root/.sdkman/candidates/java/8.0.302-open/lib/ct.sym(META-INF/sym/rt.jar/java/lang/String.class): major version 52 is newer than 51, the highest major version supported by this compiler.
    [javac]   It is recommended that the compiler be upgraded.
    [javac] /root/.sdkman/candidates/java/8.0.302-open/lib/ct.sym(META-INF/sym/rt.jar/java/lang/String.class): warning: Cannot find annotation method 'value()' in type 'Profile+Annotation'
    [javac] warning: /root/.sdkman/candidates/java/8.0.302-open/lib/ct.sym(META-INF/sym/rt.jar/java/nio/charset/Charset.class): major version 52 is newer than 51, the highest major version supported by this compiler.
    [javac]   It is recommended that the compiler be upgraded.
    [javac] /root/.sdkman/candidates/java/8.0.302-open/lib/ct.sym(META-INF/sym/rt.jar/java/nio/charset/Charset.class): warning: Cannot find annotation method 'value()' in type 'Profile+Annotation'
    [javac] warning: /root/.sdkman/candidates/java/8.0.302-open/lib/ct.sym(META-INF/sym/rt.jar/java/lang/StringBuilder.class): major version 52 is newer than 51, the highest major version supported by this compiler.
    [javac]   It is recommended that the compiler be upgraded.
    [javac] /root/.sdkman/candidates/java/8.0.302-open/lib/ct.sym(META-INF/sym/rt.jar/java/lang/StringBuilder.class): warning: Cannot find annotation method 'value()' in type 'Profile+Annotation'
    [javac] warning: /root/.sdkman/candidates/java/8.0.302-open/lib/ct.sym(META-INF/sym/rt.jar/java/lang/StringBuffer.class): major version 52 is newer than 51, the highest major version supported by this compiler.
    [javac]   It is recommended that the compiler be upgraded.
    [javac] /root/.sdkman/candidates/java/8.0.302-open/lib/ct.sym(META-INF/sym/rt.jar/java/lang/StringBuffer.class): warning: Cannot find annotation method 'value()' in type 'Profile+Annotation'
    [javac] warning: /root/.sdkman/candidates/java/8.0.302-open/lib/ct.sym(META-INF/sym/rt.jar/java/lang/Double.class): major version 52 is newer than 51, the highest major version supported by this compiler.
    [javac]   It is recommended that the compiler be upgraded.
    [javac] /root/.sdkman/candidates/java/8.0.302-open/lib/ct.sym(META-INF/sym/rt.jar/java/lang/Double.class): warning: Cannot find annotation method 'value()' in type 'Profile+Annotation'
    [javac] warning: /root/.sdkman/candidates/java/8.0.302-open/lib/ct.sym(META-INF/sym/rt.jar/java/lang/Number.class): major version 52 is newer than 51, the highest major version supported by this compiler.
    [javac]   It is recommended that the compiler be upgraded.
    [javac] /root/.sdkman/candidates/java/8.0.302-open/lib/ct.sym(META-INF/sym/rt.jar/java/lang/Number.class): warning: Cannot find annotation method 'value()' in type 'Profile+Annotation'
    [javac] /tmp/fix_test_suite.pl_1854_1702791422/llm/org/apache/commons/codec/net/QuotedPrintableCodec_LLMTest.java:128: error: cannot find symbol
    [javac]         String ru_msg = constructString(RUSSIAN_STUFF_UNICODE); 
    [javac]                                         ^
    [javac]   symbol:   variable RUSSIAN_STUFF_UNICODE
    [javac]   location: class QuotedPrintableCodec_LLMTest
    [javac] /tmp/fix_test_suite.pl_1854_1702791422/llm/org/apache/commons/codec/net/QuotedPrintableCodec_LLMTest.java:129: error: cannot find symbol
    [javac]         String ch_msg = constructString(SWISS_GERMAN_STUFF_UNICODE); 
    [javac]                                         ^
    [javac]   symbol:   variable SWISS_GERMAN_STUFF_UNICODE
    [javac]   location: class QuotedPrintableCodec_LLMTest
    [javac] /tmp/fix_test_suite.pl_1854_1702791422/llm/org/apache/commons/codec/net/QuotedPrintableCodec_LLMTest.java:288: error: cannot find symbol
    [javac]         String ru_msg = constructString(RUSSIAN_STUFF_UNICODE); 
    [javac]                                         ^
    [javac]   symbol:   variable RUSSIAN_STUFF_UNICODE
    [javac]   location: class QuotedPrintableCodec_LLMTest
    [javac] /tmp/fix_test_suite.pl_1854_1702791422/llm/org/apache/commons/codec/net/QuotedPrintableCodec_LLMTest.java:289: error: cannot find symbol
    [javac]         String ch_msg = constructString(SWISS_GERMAN_STUFF_UNICODE); 
    [javac]                                         ^
    [javac]   symbol:   variable SWISS_GERMAN_STUFF_UNICODE
    [javac]   location: class QuotedPrintableCodec_LLMTest
    [javac] /tmp/fix_test_suite.pl_1854_1702791422/llm/org/apache/commons/codec/net/QuotedPrintableCodec_LLMTest.java:448: error: cannot find symbol
    [javac]         String ru_msg = constructString(RUSSIAN_STUFF_UNICODE); 
    [javac]                                         ^
    [javac]   symbol:   variable RUSSIAN_STUFF_UNICODE
    [javac]   location: class QuotedPrintableCodec_LLMTest
    [javac] /tmp/fix_test_suite.pl_1854_1702791422/llm/org/apache/commons/codec/net/QuotedPrintableCodec_LLMTest.java:449: error: cannot find symbol
    [javac]         String ch_msg = constructString(SWISS_GERMAN_STUFF_UNICODE); 
    [javac]                                         ^
    [javac]   symbol:   variable SWISS_GERMAN_STUFF_UNICODE
    [javac]   location: class QuotedPrintableCodec_LLMTest
    [javac] /tmp/fix_test_suite.pl_1854_1702791422/llm/org/apache/commons/codec/net/QuotedPrintableCodec_LLMTest.java:608: error: cannot find symbol
    [javac]         String ru_msg = constructString(RUSSIAN_STUFF_UNICODE); 
    [javac]                                         ^
    [javac]   symbol:   variable RUSSIAN_STUFF_UNICODE
    [javac]   location: class QuotedPrintableCodec_LLMTest
    [javac] /tmp/fix_test_suite.pl_1854_1702791422/llm/org/apache/commons/codec/net/QuotedPrintableCodec_LLMTest.java:609: error: cannot find symbol
    [javac]         String ch_msg = constructString(SWISS_GERMAN_STUFF_UNICODE); 
    [javac]                                         ^
    [javac]   symbol:   variable SWISS_GERMAN_STUFF_UNICODE
    [javac]   location: class QuotedPrintableCodec_LLMTest
    [javac] /tmp/fix_test_suite.pl_1854_1702791422/llm/org/apache/commons/codec/net/QuotedPrintableCodec_LLMTest.java:768: error: cannot find symbol
    [javac]         String ru_msg = constructString(RUSSIAN_STUFF_UNICODE); 
    [javac]                                         ^
    [javac]   symbol:   variable RUSSIAN_STUFF_UNICODE
    [javac]   location: class QuotedPrintableCodec_LLMTest
    [javac] /tmp/fix_test_suite.pl_1854_1702791422/llm/org/apache/commons/codec/net/QuotedPrintableCodec_LLMTest.java:769: error: cannot find symbol
    [javac]         String ch_msg = constructString(SWISS_GERMAN_STUFF_UNICODE); 
    [javac]                                         ^
    [javac]   symbol:   variable SWISS_GERMAN_STUFF_UNICODE
    [javac]   location: class QuotedPrintableCodec_LLMTest
    [javac] /tmp/fix_test_suite.pl_1854_1702791422/llm/org/apache/commons/codec/net/QuotedPrintableCodec_LLMTest.java:928: error: cannot find symbol
    [javac]         String ru_msg = constructString(RUSSIAN_STUFF_UNICODE); 
    [javac]                                         ^
    [javac]   symbol:   variable RUSSIAN_STUFF_UNICODE
    [javac]   location: class QuotedPrintableCodec_LLMTest
    [javac] /tmp/fix_test_suite.pl_1854_1702791422/llm/org/apache/commons/codec/net/QuotedPrintableCodec_LLMTest.java:929: error: cannot find symbol
    [javac]         String ch_msg = constructString(SWISS_GERMAN_STUFF_UNICODE); 
    [javac]                                         ^
    [javac]   symbol:   variable SWISS_GERMAN_STUFF_UNICODE
    [javac]   location: class QuotedPrintableCodec_LLMTest
    [javac] /tmp/fix_test_suite.pl_1854_1702791422/llm/org/apache/commons/codec/net/QuotedPrintableCodec_LLMTest.java:1088: error: cannot find symbol
    [javac]         String ru_msg = constructString(RUSSIAN_STUFF_UNICODE); 
    [javac]                                         ^
    [javac]   symbol:   variable RUSSIAN_STUFF_UNICODE
    [javac]   location: class QuotedPrintableCodec_LLMTest
    [javac] /tmp/fix_test_suite.pl_1854_1702791422/llm/org/apache/commons/codec/net/QuotedPrintableCodec_LLMTest.java:1089: error: cannot find symbol
    [javac]         String ch_msg = constructString(SWISS_GERMAN_STUFF_UNICODE); 
    [javac]                                         ^
    [javac]   symbol:   variable SWISS_GERMAN_STUFF_UNICODE
    [javac]   location: class QuotedPrintableCodec_LLMTest
    [javac] /tmp/fix_test_suite.pl_1854_1702791422/llm/org/apache/commons/codec/net/QuotedPrintableCodec_LLMTest.java:1248: error: cannot find symbol
    [javac]         String ru_msg = constructString(RUSSIAN_STUFF_UNICODE); 
    [javac]                                         ^
    [javac]   symbol:   variable RUSSIAN_STUFF_UNICODE
    [javac]   location: class QuotedPrintableCodec_LLMTest
    [javac] /tmp/fix_test_suite.pl_1854_1702791422/llm/org/apache/commons/codec/net/QuotedPrintableCodec_LLMTest.java:1249: error: cannot find symbol
    [javac]         String ch_msg = constructString(SWISS_GERMAN_STUFF_UNICODE); 
    [javac]                                         ^
    [javac]   symbol:   variable SWISS_GERMAN_STUFF_UNICODE
    [javac]   location: class QuotedPrintableCodec_LLMTest
    [javac] /tmp/fix_test_suite.pl_1854_1702791422/llm/org/apache/commons/codec/net/QuotedPrintableCodec_LLMTest.java:1408: error: cannot find symbol
    [javac]         String ru_msg = constructString(RUSSIAN_STUFF_UNICODE); 
    [javac]                                         ^
    [javac]   symbol:   variable RUSSIAN_STUFF_UNICODE
    [javac]   location: class QuotedPrintableCodec_LLMTest
    [javac] /tmp/fix_test_suite.pl_1854_1702791422/llm/org/apache/commons/codec/net/QuotedPrintableCodec_LLMTest.java:1409: error: cannot find symbol
    [javac]         String ch_msg = constructString(SWISS_GERMAN_STUFF_UNICODE); 
    [javac]                                         ^
    [javac]   symbol:   variable SWISS_GERMAN_STUFF_UNICODE
    [javac]   location: class QuotedPrintableCodec_LLMTest
    [javac] /tmp/fix_test_suite.pl_1854_1702791422/llm/org/apache/commons/codec/net/QuotedPrintableCodec_LLMTest.java:1574: error: cannot find symbol
    [javac]         String ru_msg = constructString(RUSSIAN_STUFF_UNICODE); 
    [javac]                                         ^
    [javac]   symbol:   variable RUSSIAN_STUFF_UNICODE
    [javac]   location: class QuotedPrintableCodec_LLMTest
    [javac] /tmp/fix_test_suite.pl_1854_1702791422/llm/org/apache/commons/codec/net/QuotedPrintableCodec_LLMTest.java:1575: error: cannot find symbol
    [javac]         String ch_msg = constructString(SWISS_GERMAN_STUFF_UNICODE); 
    [javac]                                         ^
    [javac]   symbol:   variable SWISS_GERMAN_STUFF_UNICODE
    [javac]   location: class QuotedPrintableCodec_LLMTest
    [javac] /tmp/fix_test_suite.pl_1854_1702791422/llm/org/apache/commons/codec/net/QuotedPrintableCodec_LLMTest.java:1781: error: cannot find symbol
    [javac]         String ru_msg = constructString(RUSSIAN_STUFF_UNICODE); 
    [javac]                                         ^
    [javac]   symbol:   variable RUSSIAN_STUFF_UNICODE
    [javac]   location: class QuotedPrintableCodec_LLMTest
    [javac] /tmp/fix_test_suite.pl_1854_1702791422/llm/org/apache/commons/codec/net/QuotedPrintableCodec_LLMTest.java:1782: error: cannot find symbol
    [javac]         String ch_msg = constructString(SWISS_GERMAN_STUFF_UNICODE); 
    [javac]                                         ^
    [javac]   symbol:   variable SWISS_GERMAN_STUFF_UNICODE
    [javac]   location: class QuotedPrintableCodec_LLMTest
    [javac] /tmp/fix_test_suite.pl_1854_1702791422/llm/org/apache/commons/codec/net/QuotedPrintableCodec_LLMTest.java:1946: error: cannot find symbol
    [javac]         String ru_msg = constructString(RUSSIAN_STUFF_UNICODE); 
    [javac]                                         ^
    [javac]   symbol:   variable RUSSIAN_STUFF_UNICODE
    [javac]   location: class QuotedPrintableCodec_LLMTest
    [javac] /tmp/fix_test_suite.pl_1854_1702791422/llm/org/apache/commons/codec/net/QuotedPrintableCodec_LLMTest.java:1947: error: cannot find symbol
    [javac]         String ch_msg = constructString(SWISS_GERMAN_STUFF_UNICODE); 
    [javac]                                         ^
    [javac]   symbol:   variable SWISS_GERMAN_STUFF_UNICODE
    [javac]   location: class QuotedPrintableCodec_LLMTest
    [javac] /tmp/fix_test_suite.pl_1854_1702791422/llm/org/apache/commons/codec/net/QuotedPrintableCodec_LLMTest.java:2043: error: reference to encode is ambiguous, both method encode(byte[]) in QuotedPrintableCodec and method encode(String) in QuotedPrintableCodec match
    [javac]                 qpcodec.encode(null));
    [javac]                        ^
    [javac] /tmp/fix_test_suite.pl_1854_1702791422/llm/org/apache/commons/codec/net/QuotedPrintableCodec_LLMTest.java:2045: error: reference to decode is ambiguous, both method decode(byte[]) in QuotedPrintableCodec and method decode(String) in QuotedPrintableCodec match
    [javac]                 qpcodec.decode(null));
    [javac]                        ^
    [javac] /tmp/fix_test_suite.pl_1854_1702791422/llm/org/apache/commons/codec/net/QuotedPrintableCodec_LLMTest.java:2216: error: cannot find symbol
    [javac]         String ru_msg = constructString(RUSSIAN_STUFF_UNICODE);
    [javac]                                         ^
    [javac]   symbol:   variable RUSSIAN_STUFF_UNICODE
    [javac]   location: class QuotedPrintableCodec_LLMTest
    [javac] /tmp/fix_test_suite.pl_1854_1702791422/llm/org/apache/commons/codec/net/QuotedPrintableCodec_LLMTest.java:2217: error: cannot find symbol
    [javac]         String ch_msg = constructString(SWISS_GERMAN_STUFF_UNICODE);
    [javac]                                         ^
    [javac]   symbol:   variable SWISS_GERMAN_STUFF_UNICODE
    [javac]   location: class QuotedPrintableCodec_LLMTest
    [javac] /tmp/fix_test_suite.pl_1854_1702791422/llm/org/apache/commons/codec/net/QuotedPrintableCodec_LLMTest.java:2416: error: cannot find symbol
    [javac]         String ru_msg = constructString(RUSSIAN_STUFF_UNICODE); 
    [javac]                                         ^
    [javac]   symbol:   variable RUSSIAN_STUFF_UNICODE
    [javac]   location: class QuotedPrintableCodec_LLMTest
    [javac] /tmp/fix_test_suite.pl_1854_1702791422/llm/org/apache/commons/codec/net/QuotedPrintableCodec_LLMTest.java:2417: error: cannot find symbol
    [javac]         String ch_msg = constructString(SWISS_GERMAN_STUFF_UNICODE); 
    [javac]                                         ^
    [javac]   symbol:   variable SWISS_GERMAN_STUFF_UNICODE
    [javac]   location: class QuotedPrintableCodec_LLMTest
    [javac] /tmp/fix_test_suite.pl_1854_1702791422/llm/org/apache/commons/codec/net/QuotedPrintableCodec_LLMTest.java:2431: error: cannot find symbol
    [javac]         ru_msg = constructString(SWISS_GERMAN_STUFF_UNICODE); 
    [javac]                                  ^
    [javac]   symbol:   variable SWISS_GERMAN_STUFF_UNICODE
    [javac]   location: class QuotedPrintableCodec_LLMTest
    [javac] /tmp/fix_test_suite.pl_1854_1702791422/llm/org/apache/commons/codec/net/QuotedPrintableCodec_LLMTest.java:2432: error: cannot find symbol
    [javac]         ch_msg = constructString(RUSSIAN_STUFF_UNICODE); 
    [javac]                                  ^
    [javac]   symbol:   variable RUSSIAN_STUFF_UNICODE
    [javac]   location: class QuotedPrintableCodec_LLMTest
    [javac] /tmp/fix_test_suite.pl_1854_1702791422/llm/org/apache/commons/codec/net/QuotedPrintableCodec_LLMTest.java:2779: error: cannot find symbol
    [javac]         String ru_msg = constructString(RUSSIAN_STUFF_UNICODE); 
    [javac]                                         ^
    [javac]   symbol:   variable RUSSIAN_STUFF_UNICODE
    [javac]   location: class QuotedPrintableCodec_LLMTest
    [javac] /tmp/fix_test_suite.pl_1854_1702791422/llm/org/apache/commons/codec/net/QuotedPrintableCodec_LLMTest.java:2780: error: cannot find symbol
    [javac]         String ch_msg = constructString(SWISS_GERMAN_STUFF_UNICODE); 
    [javac]                                         ^
    [javac]   symbol:   variable SWISS_GERMAN_STUFF_UNICODE
    [javac]   location: class QuotedPrintableCodec_LLMTest
    [javac] /tmp/fix_test_suite.pl_1854_1702791422/llm/org/apache/commons/codec/net/QuotedPrintableCodec_LLMTest.java:2913: error: cannot find symbol
    [javac]         String ru_msg = constructString(RUSSIAN_STUFF_UNICODE); 
    [javac]                                         ^
    [javac]   symbol:   variable RUSSIAN_STUFF_UNICODE
    [javac]   location: class QuotedPrintableCodec_LLMTest
    [javac] /tmp/fix_test_suite.pl_1854_1702791422/llm/org/apache/commons/codec/net/QuotedPrintableCodec_LLMTest.java:2914: error: cannot find symbol
    [javac]         String ch_msg = constructString(SWISS_GERMAN_STUFF_UNICODE); 
    [javac]                                         ^
    [javac]   symbol:   variable SWISS_GERMAN_STUFF_UNICODE
    [javac]   location: class QuotedPrintableCodec_LLMTest
    [javac] warning: /root/.sdkman/candidates/java/8.0.302-open/lib/ct.sym(META-INF/sym/rt.jar/java/lang/Integer.class): major version 52 is newer than 51, the highest major version supported by this compiler.
    [javac]   It is recommended that the compiler be upgraded.
    [javac] /root/.sdkman/candidates/java/8.0.302-open/lib/ct.sym(META-INF/sym/rt.jar/java/lang/Integer.class): warning: Cannot find annotation method 'value()' in type 'Profile+Annotation'
    [javac] warning: /root/.sdkman/candidates/java/8.0.302-open/lib/ct.sym(META-INF/sym/rt.jar/java/lang/Byte.class): major version 52 is newer than 51, the highest major version supported by this compiler.
    [javac]   It is recommended that the compiler be upgraded.
    [javac] /root/.sdkman/candidates/java/8.0.302-open/lib/ct.sym(META-INF/sym/rt.jar/java/lang/Byte.class): warning: Cannot find annotation method 'value()' in type 'Profile+Annotation'
    [javac] warning: /root/.sdkman/candidates/java/8.0.302-open/lib/ct.sym(META-INF/sym/rt.jar/java/lang/Character.class): major version 52 is newer than 51, the highest major version supported by this compiler.
    [javac]   It is recommended that the compiler be upgraded.
    [javac] /root/.sdkman/candidates/java/8.0.302-open/lib/ct.sym(META-INF/sym/rt.jar/java/lang/Character.class): warning: Cannot find annotation method 'value()' in type 'Profile+Annotation'
    [javac] warning: /root/.sdkman/candidates/java/8.0.302-open/lib/ct.sym(META-INF/sym/rt.jar/java/lang/Short.class): major version 52 is newer than 51, the highest major version supported by this compiler.
    [javac]   It is recommended that the compiler be upgraded.
    [javac] /root/.sdkman/candidates/java/8.0.302-open/lib/ct.sym(META-INF/sym/rt.jar/java/lang/Short.class): warning: Cannot find annotation method 'value()' in type 'Profile+Annotation'
    [javac] /tmp/fix_test_suite.pl_1854_1702791422/llm/org/apache/commons/codec/net/QuotedPrintableCodec_LLMTest.java:3000: error: incompatible types
    [javac]         String result = qpcodec.decode(encoded);
    [javac]                                       ^
    [javac]   required: String
    [javac]   found:    Object
    [javac] /tmp/fix_test_suite.pl_1854_1702791422/llm/org/apache/commons/codec/net/QuotedPrintableCodec_LLMTest.java:3008: error: cannot find symbol
    [javac]         assertNotNull(result);
    [javac]         ^
    [javac]   symbol:   method assertNotNull(String)
    [javac]   location: class QuotedPrintableCodec_LLMTest
    [javac] /tmp/fix_test_suite.pl_1854_1702791422/llm/org/apache/commons/codec/net/QuotedPrintableCodec_LLMTest.java:3014: error: cannot find symbol
    [javac]         qpcodec.setDefaultCharset("utf-8");
    [javac]                ^
    [javac]   symbol:   method setDefaultCharset(String)
    [javac]   location: variable qpcodec of type QuotedPrintableCodec
    [javac] /tmp/fix_test_suite.pl_1854_1702791422/llm/org/apache/commons/codec/net/QuotedPrintableCodec_LLMTest.java:3016: error: cannot find symbol
    [javac]         assertNotNull(result);
    [javac]         ^
    [javac]   symbol:   method assertNotNull(String)
    [javac]   location: class QuotedPrintableCodec_LLMTest
    [javac] /tmp/fix_test_suite.pl_1854_1702791422/llm/org/apache/commons/codec/net/QuotedPrintableCodec_LLMTest.java:3022: error: cannot find symbol
    [javac]         qpcodec.setDefaultCharset("UTF-8");
    [javac]                ^
    [javac]   symbol:   method setDefaultCharset(String)
    [javac]   location: variable qpcodec of type QuotedPrintableCodec
    [javac] /tmp/fix_test_suite.pl_1854_1702791422/llm/org/apache/commons/codec/net/QuotedPrintableCodec_LLMTest.java:3024: error: cannot find symbol
    [javac]         assertNotNull(result);
    [javac]         ^
    [javac]   symbol:   method assertNotNull(String)
    [javac]   location: class QuotedPrintableCodec_LLMTest
    [javac] /tmp/fix_test_suite.pl_1854_1702791422/llm/org/apache/commons/codec/net/QuotedPrintableCodec_LLMTest.java:3030: error: cannot find symbol
    [javac]         qpcodec.setDefaultCharset("UtF-8");
    [javac]                ^
    [javac]   symbol:   method setDefaultCharset(String)
    [javac]   location: variable qpcodec of type QuotedPrintableCodec
    [javac] /tmp/fix_test_suite.pl_1854_1702791422/llm/org/apache/commons/codec/net/QuotedPrintableCodec_LLMTest.java:3032: error: cannot find symbol
    [javac]         assertNotNull(result);
    [javac]         ^
    [javac]   symbol:   method assertNotNull(String)
    [javac]   location: class QuotedPrintableCodec_LLMTest
    [javac] 44 errors
    [javac] 38 warnings

BUILD FAILED
/defects4j/framework/projects/defects4j.build.xml:265: Compile failed; see the compiler error output for details.

Total time: 1 second
