- Compilation issues: Codec-11b-llm.25.tar.bz2
Picked up JAVA_TOOL_OPTIONS: -Dfile.encoding=UTF8
OpenJDK 64-Bit Server VM warning: ignoring option MaxPermSize=1G; support was removed in 8.0
Buildfile: /defects4j/framework/projects/defects4j.build.xml

init:
     [echo] -------- commons-codec 1.6-SNAPSHOT --------

prepare:
    [mkdir] Created dir: /tmp/fix_test_suite.pl_16445_1702813211/target
    [mkdir] Created dir: /tmp/fix_test_suite.pl_16445_1702813211/target/classes
    [mkdir] Created dir: /tmp/fix_test_suite.pl_16445_1702813211/target/tests
    [mkdir] Created dir: /tmp/fix_test_suite.pl_16445_1702813211/target/test-reports

static:

compile:
    [javac] Compiling 47 source files to /tmp/fix_test_suite.pl_16445_1702813211/target/classes
    [javac] warning: [options] bootstrap class path not set in conjunction with -source 1.5
    [javac] warning: /root/.sdkman/candidates/java/8.0.302-open/lib/ct.sym(META-INF/sym/rt.jar/java/lang/Object.class): major version 52 is newer than 51, the highest major version supported by this compiler.
    [javac]   It is recommended that the compiler be upgraded.
    [javac] warning: /root/.sdkman/candidates/java/8.0.302-open/lib/ct.sym(META-INF/sym/rt.jar/java/lang/Exception.class): major version 52 is newer than 51, the highest major version supported by this compiler.
    [javac]   It is recommended that the compiler be upgraded.
    [javac] warning: /root/.sdkman/candidates/java/8.0.302-open/lib/ct.sym(META-INF/sym/rt.jar/java/lang/Throwable.class): major version 52 is newer than 51, the highest major version supported by this compiler.
    [javac]   It is recommended that the compiler be upgraded.
    [javac] warning: /root/.sdkman/candidates/java/8.0.302-open/lib/ct.sym(META-INF/sym/rt.jar/java/io/Serializable.class): major version 52 is newer than 51, the highest major version supported by this compiler.
    [javac]   It is recommended that the compiler be upgraded.
    [javac] warning: /root/.sdkman/candidates/java/8.0.302-open/lib/ct.sym(META-INF/sym/rt.jar/java/lang/String.class): major version 52 is newer than 51, the highest major version supported by this compiler.
    [javac]   It is recommended that the compiler be upgraded.
    [javac] warning: /root/.sdkman/candidates/java/8.0.302-open/lib/ct.sym(META-INF/sym/rt.jar/java/util/Comparator.class): major version 52 is newer than 51, the highest major version supported by this compiler.
    [javac]   It is recommended that the compiler be upgraded.
    [javac] warning: /root/.sdkman/candidates/java/8.0.302-open/lib/ct.sym(META-INF/sym/rt.jar/java/io/InputStream.class): major version 52 is newer than 51, the highest major version supported by this compiler.
    [javac]   It is recommended that the compiler be upgraded.
    [javac] warning: /root/.sdkman/candidates/java/8.0.302-open/lib/ct.sym(META-INF/sym/rt.jar/java/io/FilterInputStream.class): major version 52 is newer than 51, the highest major version supported by this compiler.
    [javac]   It is recommended that the compiler be upgraded.
    [javac] warning: /root/.sdkman/candidates/java/8.0.302-open/lib/ct.sym(META-INF/sym/rt.jar/java/io/IOException.class): major version 52 is newer than 51, the highest major version supported by this compiler.
    [javac]   It is recommended that the compiler be upgraded.
    [javac] warning: /root/.sdkman/candidates/java/8.0.302-open/lib/ct.sym(META-INF/sym/rt.jar/java/io/Closeable.class): major version 52 is newer than 51, the highest major version supported by this compiler.
    [javac]   It is recommended that the compiler be upgraded.
    [javac] warning: /root/.sdkman/candidates/java/8.0.302-open/lib/ct.sym(META-INF/sym/rt.jar/java/lang/AutoCloseable.class): major version 52 is newer than 51, the highest major version supported by this compiler.
    [javac]   It is recommended that the compiler be upgraded.
    [javac] warning: /root/.sdkman/candidates/java/8.0.302-open/lib/ct.sym(META-INF/sym/rt.jar/java/io/OutputStream.class): major version 52 is newer than 51, the highest major version supported by this compiler.
    [javac]   It is recommended that the compiler be upgraded.
    [javac] warning: /root/.sdkman/candidates/java/8.0.302-open/lib/ct.sym(META-INF/sym/rt.jar/java/io/FilterOutputStream.class): major version 52 is newer than 51, the highest major version supported by this compiler.
    [javac]   It is recommended that the compiler be upgraded.
    [javac] warning: /root/.sdkman/candidates/java/8.0.302-open/lib/ct.sym(META-INF/sym/rt.jar/java/io/Flushable.class): major version 52 is newer than 51, the highest major version supported by this compiler.
    [javac]   It is recommended that the compiler be upgraded.
    [javac] warning: /root/.sdkman/candidates/java/8.0.302-open/lib/ct.sym(META-INF/sym/rt.jar/java/math/BigInteger.class): major version 52 is newer than 51, the highest major version supported by this compiler.
    [javac]   It is recommended that the compiler be upgraded.
    [javac] warning: /root/.sdkman/candidates/java/8.0.302-open/lib/ct.sym(META-INF/sym/rt.jar/java/io/UnsupportedEncodingException.class): major version 52 is newer than 51, the highest major version supported by this compiler.
    [javac]   It is recommended that the compiler be upgraded.
    [javac] warning: /root/.sdkman/candidates/java/8.0.302-open/lib/ct.sym(META-INF/sym/rt.jar/java/lang/IllegalStateException.class): major version 52 is newer than 51, the highest major version supported by this compiler.
    [javac]   It is recommended that the compiler be upgraded.
    [javac] warning: /root/.sdkman/candidates/java/8.0.302-open/lib/ct.sym(META-INF/sym/rt.jar/java/security/MessageDigest.class): major version 52 is newer than 51, the highest major version supported by this compiler.
    [javac]   It is recommended that the compiler be upgraded.
    [javac] warning: /root/.sdkman/candidates/java/8.0.302-open/lib/ct.sym(META-INF/sym/rt.jar/java/security/NoSuchAlgorithmException.class): major version 52 is newer than 51, the highest major version supported by this compiler.
    [javac]   It is recommended that the compiler be upgraded.
    [javac] warning: /root/.sdkman/candidates/java/8.0.302-open/lib/ct.sym(META-INF/sym/rt.jar/java/util/Locale.class): major version 52 is newer than 51, the highest major version supported by this compiler.
    [javac]   It is recommended that the compiler be upgraded.
    [javac] warning: /root/.sdkman/candidates/java/8.0.302-open/lib/ct.sym(META-INF/sym/rt.jar/java/lang/StringBuffer.class): major version 52 is newer than 51, the highest major version supported by this compiler.
    [javac]   It is recommended that the compiler be upgraded.
    [javac] warning: /root/.sdkman/candidates/java/8.0.302-open/lib/ct.sym(META-INF/sym/rt.jar/java/util/ArrayList.class): major version 52 is newer than 51, the highest major version supported by this compiler.
    [javac]   It is recommended that the compiler be upgraded.
    [javac] warning: /root/.sdkman/candidates/java/8.0.302-open/lib/ct.sym(META-INF/sym/rt.jar/java/util/Arrays.class): major version 52 is newer than 51, the highest major version supported by this compiler.
    [javac]   It is recommended that the compiler be upgraded.
    [javac] warning: /root/.sdkman/candidates/java/8.0.302-open/lib/ct.sym(META-INF/sym/rt.jar/java/util/Collections.class): major version 52 is newer than 51, the highest major version supported by this compiler.
    [javac]   It is recommended that the compiler be upgraded.
    [javac] warning: /root/.sdkman/candidates/java/8.0.302-open/lib/ct.sym(META-INF/sym/rt.jar/java/util/EnumMap.class): major version 52 is newer than 51, the highest major version supported by this compiler.
    [javac]   It is recommended that the compiler be upgraded.
    [javac] warning: /root/.sdkman/candidates/java/8.0.302-open/lib/ct.sym(META-INF/sym/rt.jar/java/util/HashSet.class): major version 52 is newer than 51, the highest major version supported by this compiler.
    [javac]   It is recommended that the compiler be upgraded.
    [javac] warning: /root/.sdkman/candidates/java/8.0.302-open/lib/ct.sym(META-INF/sym/rt.jar/java/util/Iterator.class): major version 52 is newer than 51, the highest major version supported by this compiler.
    [javac]   It is recommended that the compiler be upgraded.
    [javac] warning: /root/.sdkman/candidates/java/8.0.302-open/lib/ct.sym(META-INF/sym/rt.jar/java/util/List.class): major version 52 is newer than 51, the highest major version supported by this compiler.
    [javac]   It is recommended that the compiler be upgraded.
    [javac] warning: /root/.sdkman/candidates/java/8.0.302-open/lib/ct.sym(META-INF/sym/rt.jar/java/util/Map.class): major version 52 is newer than 51, the highest major version supported by this compiler.
    [javac]   It is recommended that the compiler be upgraded.
    [javac] warning: /root/.sdkman/candidates/java/8.0.302-open/lib/ct.sym(META-INF/sym/rt.jar/java/util/Set.class): major version 52 is newer than 51, the highest major version supported by this compiler.
    [javac]   It is recommended that the compiler be upgraded.
    [javac] warning: /root/.sdkman/candidates/java/8.0.302-open/lib/ct.sym(META-INF/sym/rt.jar/java/util/TreeSet.class): major version 52 is newer than 51, the highest major version supported by this compiler.
    [javac]   It is recommended that the compiler be upgraded.
    [javac] warning: /root/.sdkman/candidates/java/8.0.302-open/lib/ct.sym(META-INF/sym/rt.jar/java/lang/Enum.class): major version 52 is newer than 51, the highest major version supported by this compiler.
    [javac]   It is recommended that the compiler be upgraded.
    [javac] warning: /root/.sdkman/candidates/java/8.0.302-open/lib/ct.sym(META-INF/sym/rt.jar/java/lang/Comparable.class): major version 52 is newer than 51, the highest major version supported by this compiler.
    [javac]   It is recommended that the compiler be upgraded.
    [javac] warning: /root/.sdkman/candidates/java/8.0.302-open/lib/ct.sym(META-INF/sym/rt.jar/java/lang/CharSequence.class): major version 52 is newer than 51, the highest major version supported by this compiler.
    [javac]   It is recommended that the compiler be upgraded.
    [javac] warning: /root/.sdkman/candidates/java/8.0.302-open/lib/ct.sym(META-INF/sym/rt.jar/java/lang/Iterable.class): major version 52 is newer than 51, the highest major version supported by this compiler.
    [javac]   It is recommended that the compiler be upgraded.
    [javac] warning: /root/.sdkman/candidates/java/8.0.302-open/lib/ct.sym(META-INF/sym/rt.jar/java/util/Scanner.class): major version 52 is newer than 51, the highest major version supported by this compiler.
    [javac]   It is recommended that the compiler be upgraded.
    [javac] warning: /root/.sdkman/candidates/java/8.0.302-open/lib/ct.sym(META-INF/sym/rt.jar/java/util/regex/Pattern.class): major version 52 is newer than 51, the highest major version supported by this compiler.
    [javac]   It is recommended that the compiler be upgraded.
    [javac] warning: /root/.sdkman/candidates/java/8.0.302-open/lib/ct.sym(META-INF/sym/rt.jar/java/util/HashMap.class): major version 52 is newer than 51, the highest major version supported by this compiler.
    [javac]   It is recommended that the compiler be upgraded.
    [javac] warning: /root/.sdkman/candidates/java/8.0.302-open/lib/ct.sym(META-INF/sym/rt.jar/java/util/regex/Matcher.class): major version 52 is newer than 51, the highest major version supported by this compiler.
    [javac]   It is recommended that the compiler be upgraded.
    [javac] warning: /root/.sdkman/candidates/java/8.0.302-open/lib/ct.sym(META-INF/sym/rt.jar/java/util/NoSuchElementException.class): major version 52 is newer than 51, the highest major version supported by this compiler.
    [javac]   It is recommended that the compiler be upgraded.
    [javac] warning: /root/.sdkman/candidates/java/8.0.302-open/lib/ct.sym(META-INF/sym/rt.jar/java/util/BitSet.class): major version 52 is newer than 51, the highest major version supported by this compiler.
    [javac]   It is recommended that the compiler be upgraded.
    [javac] warning: /root/.sdkman/candidates/java/8.0.302-open/lib/ct.sym(META-INF/sym/rt.jar/java/io/ByteArrayOutputStream.class): major version 52 is newer than 51, the highest major version supported by this compiler.
    [javac]   It is recommended that the compiler be upgraded.
    [javac] /root/.sdkman/candidates/java/8.0.302-open/lib/ct.sym(META-INF/sym/rt.jar/java/lang/Object.class): warning: Cannot find annotation method 'value()' in type 'Profile+Annotation': class file for jdk.Profile+Annotation not found
    [javac] /root/.sdkman/candidates/java/8.0.302-open/lib/ct.sym(META-INF/sym/rt.jar/java/lang/Exception.class): warning: Cannot find annotation method 'value()' in type 'Profile+Annotation'
    [javac] /root/.sdkman/candidates/java/8.0.302-open/lib/ct.sym(META-INF/sym/rt.jar/java/lang/Throwable.class): warning: Cannot find annotation method 'value()' in type 'Profile+Annotation'
    [javac] /root/.sdkman/candidates/java/8.0.302-open/lib/ct.sym(META-INF/sym/rt.jar/java/io/Serializable.class): warning: Cannot find annotation method 'value()' in type 'Profile+Annotation'
    [javac] /root/.sdkman/candidates/java/8.0.302-open/lib/ct.sym(META-INF/sym/rt.jar/java/lang/String.class): warning: Cannot find annotation method 'value()' in type 'Profile+Annotation'
    [javac] /root/.sdkman/candidates/java/8.0.302-open/lib/ct.sym(META-INF/sym/rt.jar/java/util/Comparator.class): warning: Cannot find annotation method 'value()' in type 'Profile+Annotation'
    [javac] warning: /root/.sdkman/candidates/java/8.0.302-open/lib/ct.sym(META-INF/sym/rt.jar/java/lang/Override.class): major version 52 is newer than 51, the highest major version supported by this compiler.
    [javac]   It is recommended that the compiler be upgraded.
    [javac] warning: /root/.sdkman/candidates/java/8.0.302-open/lib/ct.sym(META-INF/sym/rt.jar/java/lang/annotation/Annotation.class): major version 52 is newer than 51, the highest major version supported by this compiler.
    [javac]   It is recommended that the compiler be upgraded.
    [javac] /root/.sdkman/candidates/java/8.0.302-open/lib/ct.sym(META-INF/sym/rt.jar/java/io/InputStream.class): warning: Cannot find annotation method 'value()' in type 'Profile+Annotation'
    [javac] /root/.sdkman/candidates/java/8.0.302-open/lib/ct.sym(META-INF/sym/rt.jar/java/io/FilterInputStream.class): warning: Cannot find annotation method 'value()' in type 'Profile+Annotation'
    [javac] /root/.sdkman/candidates/java/8.0.302-open/lib/ct.sym(META-INF/sym/rt.jar/java/io/IOException.class): warning: Cannot find annotation method 'value()' in type 'Profile+Annotation'
    [javac] /root/.sdkman/candidates/java/8.0.302-open/lib/ct.sym(META-INF/sym/rt.jar/java/io/Closeable.class): warning: Cannot find annotation method 'value()' in type 'Profile+Annotation'
    [javac] /root/.sdkman/candidates/java/8.0.302-open/lib/ct.sym(META-INF/sym/rt.jar/java/lang/AutoCloseable.class): warning: Cannot find annotation method 'value()' in type 'Profile+Annotation'
    [javac] /root/.sdkman/candidates/java/8.0.302-open/lib/ct.sym(META-INF/sym/rt.jar/java/io/OutputStream.class): warning: Cannot find annotation method 'value()' in type 'Profile+Annotation'
    [javac] /root/.sdkman/candidates/java/8.0.302-open/lib/ct.sym(META-INF/sym/rt.jar/java/io/FilterOutputStream.class): warning: Cannot find annotation method 'value()' in type 'Profile+Annotation'
    [javac] /root/.sdkman/candidates/java/8.0.302-open/lib/ct.sym(META-INF/sym/rt.jar/java/io/Flushable.class): warning: Cannot find annotation method 'value()' in type 'Profile+Annotation'
    [javac] /root/.sdkman/candidates/java/8.0.302-open/lib/ct.sym(META-INF/sym/rt.jar/java/math/BigInteger.class): warning: Cannot find annotation method 'value()' in type 'Profile+Annotation'
    [javac] /root/.sdkman/candidates/java/8.0.302-open/lib/ct.sym(META-INF/sym/rt.jar/java/io/UnsupportedEncodingException.class): warning: Cannot find annotation method 'value()' in type 'Profile+Annotation'
    [javac] /root/.sdkman/candidates/java/8.0.302-open/lib/ct.sym(META-INF/sym/rt.jar/java/lang/IllegalStateException.class): warning: Cannot find annotation method 'value()' in type 'Profile+Annotation'
    [javac] /root/.sdkman/candidates/java/8.0.302-open/lib/ct.sym(META-INF/sym/rt.jar/java/security/MessageDigest.class): warning: Cannot find annotation method 'value()' in type 'Profile+Annotation'
    [javac] /root/.sdkman/candidates/java/8.0.302-open/lib/ct.sym(META-INF/sym/rt.jar/java/security/NoSuchAlgorithmException.class): warning: Cannot find annotation method 'value()' in type 'Profile+Annotation'
    [javac] /root/.sdkman/candidates/java/8.0.302-open/lib/ct.sym(META-INF/sym/rt.jar/java/util/Locale.class): warning: Cannot find annotation method 'value()' in type 'Profile+Annotation'
    [javac] /root/.sdkman/candidates/java/8.0.302-open/lib/ct.sym(META-INF/sym/rt.jar/java/lang/StringBuffer.class): warning: Cannot find annotation method 'value()' in type 'Profile+Annotation'
    [javac] /root/.sdkman/candidates/java/8.0.302-open/lib/ct.sym(META-INF/sym/rt.jar/java/util/ArrayList.class): warning: Cannot find annotation method 'value()' in type 'Profile+Annotation'
    [javac] /root/.sdkman/candidates/java/8.0.302-open/lib/ct.sym(META-INF/sym/rt.jar/java/util/Arrays.class): warning: Cannot find annotation method 'value()' in type 'Profile+Annotation'
    [javac] /root/.sdkman/candidates/java/8.0.302-open/lib/ct.sym(META-INF/sym/rt.jar/java/util/Collections.class): warning: Cannot find annotation method 'value()' in type 'Profile+Annotation'
    [javac] /root/.sdkman/candidates/java/8.0.302-open/lib/ct.sym(META-INF/sym/rt.jar/java/util/EnumMap.class): warning: Cannot find annotation method 'value()' in type 'Profile+Annotation'
    [javac] /root/.sdkman/candidates/java/8.0.302-open/lib/ct.sym(META-INF/sym/rt.jar/java/util/HashSet.class): warning: Cannot find annotation method 'value()' in type 'Profile+Annotation'
    [javac] /root/.sdkman/candidates/java/8.0.302-open/lib/ct.sym(META-INF/sym/rt.jar/java/util/Iterator.class): warning: Cannot find annotation method 'value()' in type 'Profile+Annotation'
    [javac] /root/.sdkman/candidates/java/8.0.302-open/lib/ct.sym(META-INF/sym/rt.jar/java/util/List.class): warning: Cannot find annotation method 'value()' in type 'Profile+Annotation'
    [javac] /root/.sdkman/candidates/java/8.0.302-open/lib/ct.sym(META-INF/sym/rt.jar/java/util/Map.class): warning: Cannot find annotation method 'value()' in type 'Profile+Annotation'
    [javac] /root/.sdkman/candidates/java/8.0.302-open/lib/ct.sym(META-INF/sym/rt.jar/java/util/Set.class): warning: Cannot find annotation method 'value()' in type 'Profile+Annotation'
    [javac] /root/.sdkman/candidates/java/8.0.302-open/lib/ct.sym(META-INF/sym/rt.jar/java/util/TreeSet.class): warning: Cannot find annotation method 'value()' in type 'Profile+Annotation'
    [javac] /root/.sdkman/candidates/java/8.0.302-open/lib/ct.sym(META-INF/sym/rt.jar/java/lang/Enum.class): warning: Cannot find annotation method 'value()' in type 'Profile+Annotation'
    [javac] /root/.sdkman/candidates/java/8.0.302-open/lib/ct.sym(META-INF/sym/rt.jar/java/lang/Comparable.class): warning: Cannot find annotation method 'value()' in type 'Profile+Annotation'
    [javac] /root/.sdkman/candidates/java/8.0.302-open/lib/ct.sym(META-INF/sym/rt.jar/java/lang/CharSequence.class): warning: Cannot find annotation method 'value()' in type 'Profile+Annotation'
    [javac] /root/.sdkman/candidates/java/8.0.302-open/lib/ct.sym(META-INF/sym/rt.jar/java/lang/Iterable.class): warning: Cannot find annotation method 'value()' in type 'Profile+Annotation'
    [javac] /root/.sdkman/candidates/java/8.0.302-open/lib/ct.sym(META-INF/sym/rt.jar/java/util/Scanner.class): warning: Cannot find annotation method 'value()' in type 'Profile+Annotation'
    [javac] /root/.sdkman/candidates/java/8.0.302-open/lib/ct.sym(META-INF/sym/rt.jar/java/util/regex/Pattern.class): warning: Cannot find annotation method 'value()' in type 'Profile+Annotation'
    [javac] /root/.sdkman/candidates/java/8.0.302-open/lib/ct.sym(META-INF/sym/rt.jar/java/util/HashMap.class): warning: Cannot find annotation method 'value()' in type 'Profile+Annotation'
    [javac] /root/.sdkman/candidates/java/8.0.302-open/lib/ct.sym(META-INF/sym/rt.jar/java/util/regex/Matcher.class): warning: Cannot find annotation method 'value()' in type 'Profile+Annotation'
    [javac] /root/.sdkman/candidates/java/8.0.302-open/lib/ct.sym(META-INF/sym/rt.jar/java/util/NoSuchElementException.class): warning: Cannot find annotation method 'value()' in type 'Profile+Annotation'
    [javac] /root/.sdkman/candidates/java/8.0.302-open/lib/ct.sym(META-INF/sym/rt.jar/java/util/BitSet.class): warning: Cannot find annotation method 'value()' in type 'Profile+Annotation'
    [javac] /root/.sdkman/candidates/java/8.0.302-open/lib/ct.sym(META-INF/sym/rt.jar/java/io/ByteArrayOutputStream.class): warning: Cannot find annotation method 'value()' in type 'Profile+Annotation'
    [javac] warning: /root/.sdkman/candidates/java/8.0.302-open/lib/ct.sym(META-INF/sym/rt.jar/java/lang/annotation/Target.class): major version 52 is newer than 51, the highest major version supported by this compiler.
    [javac]   It is recommended that the compiler be upgraded.
    [javac] warning: /root/.sdkman/candidates/java/8.0.302-open/lib/ct.sym(META-INF/sym/rt.jar/java/lang/annotation/ElementType.class): major version 52 is newer than 51, the highest major version supported by this compiler.
    [javac]   It is recommended that the compiler be upgraded.
    [javac] warning: /root/.sdkman/candidates/java/8.0.302-open/lib/ct.sym(META-INF/sym/rt.jar/java/lang/annotation/Retention.class): major version 52 is newer than 51, the highest major version supported by this compiler.
    [javac]   It is recommended that the compiler be upgraded.
    [javac] warning: /root/.sdkman/candidates/java/8.0.302-open/lib/ct.sym(META-INF/sym/rt.jar/java/lang/annotation/RetentionPolicy.class): major version 52 is newer than 51, the highest major version supported by this compiler.
    [javac]   It is recommended that the compiler be upgraded.
    [javac] /root/.sdkman/candidates/java/8.0.302-open/lib/ct.sym(META-INF/sym/rt.jar/java/lang/Override.class): warning: Cannot find annotation method 'value()' in type 'Profile+Annotation'
    [javac] /root/.sdkman/candidates/java/8.0.302-open/lib/ct.sym(META-INF/sym/rt.jar/java/lang/annotation/Annotation.class): warning: Cannot find annotation method 'value()' in type 'Profile+Annotation'
    [javac] /root/.sdkman/candidates/java/8.0.302-open/lib/ct.sym(META-INF/sym/rt.jar/java/lang/annotation/Target.class): warning: Cannot find annotation method 'value()' in type 'Profile+Annotation'
    [javac] /root/.sdkman/candidates/java/8.0.302-open/lib/ct.sym(META-INF/sym/rt.jar/java/lang/annotation/ElementType.class): warning: Cannot find annotation method 'value()' in type 'Profile+Annotation'
    [javac] /root/.sdkman/candidates/java/8.0.302-open/lib/ct.sym(META-INF/sym/rt.jar/java/lang/annotation/Retention.class): warning: Cannot find annotation method 'value()' in type 'Profile+Annotation'
    [javac] /root/.sdkman/candidates/java/8.0.302-open/lib/ct.sym(META-INF/sym/rt.jar/java/lang/annotation/RetentionPolicy.class): warning: Cannot find annotation method 'value()' in type 'Profile+Annotation'
    [javac] warning: /root/.sdkman/candidates/java/8.0.302-open/lib/ct.sym(META-INF/sym/rt.jar/java/lang/Error.class): major version 52 is newer than 51, the highest major version supported by this compiler.
    [javac]   It is recommended that the compiler be upgraded.
    [javac] /root/.sdkman/candidates/java/8.0.302-open/lib/ct.sym(META-INF/sym/rt.jar/java/lang/Error.class): warning: Cannot find annotation method 'value()' in type 'Profile+Annotation'
    [javac] warning: /root/.sdkman/candidates/java/8.0.302-open/lib/ct.sym(META-INF/sym/rt.jar/java/lang/RuntimeException.class): major version 52 is newer than 51, the highest major version supported by this compiler.
    [javac]   It is recommended that the compiler be upgraded.
    [javac] Note: /tmp/fix_test_suite.pl_16445_1702813211/src/main/java/org/apache/commons/codec/StringEncoderComparator.java uses unchecked or unsafe operations.
    [javac] Note: Recompile with -Xlint:unchecked for details.
    [javac] 100 warnings
     [copy] Copying 6 files to /tmp/fix_test_suite.pl_16445_1702813211/target/classes

compile.gen.tests:
     [echo] classes.dir: /tmp/fix_test_suite.pl_16445_1702813211/target/classes/
     [echo] build.home: target
    [mkdir] Created dir: /tmp/fix_test_suite.pl_16445_1702813211/.classes_testgen
    [javac] /defects4j/framework/projects/defects4j.build.xml:265: warning: 'includeantruntime' was not set, defaulting to build.sysclasspath=last; set to false for repeatable builds
    [javac] Compiling 1 source file to /tmp/fix_test_suite.pl_16445_1702813211/.classes_testgen
    [javac] warning: /root/.sdkman/candidates/java/8.0.302-open/lib/ct.sym(META-INF/sym/rt.jar/java/lang/Object.class): major version 52 is newer than 51, the highest major version supported by this compiler.
    [javac]   It is recommended that the compiler be upgraded.
    [javac] warning: /root/.sdkman/candidates/java/8.0.302-open/lib/ct.sym(META-INF/sym/rt.jar/java/lang/Exception.class): major version 52 is newer than 51, the highest major version supported by this compiler.
    [javac]   It is recommended that the compiler be upgraded.
    [javac] /root/.sdkman/candidates/java/8.0.302-open/lib/ct.sym(META-INF/sym/rt.jar/java/lang/Object.class): warning: Cannot find annotation method 'value()' in type 'Profile+Annotation': class file for jdk.Profile+Annotation not found
    [javac] warning: /root/.sdkman/candidates/java/8.0.302-open/lib/ct.sym(META-INF/sym/rt.jar/java/lang/annotation/Retention.class): major version 52 is newer than 51, the highest major version supported by this compiler.
    [javac]   It is recommended that the compiler be upgraded.
    [javac] warning: /root/.sdkman/candidates/java/8.0.302-open/lib/ct.sym(META-INF/sym/rt.jar/java/lang/annotation/RetentionPolicy.class): major version 52 is newer than 51, the highest major version supported by this compiler.
    [javac]   It is recommended that the compiler be upgraded.
    [javac] warning: /root/.sdkman/candidates/java/8.0.302-open/lib/ct.sym(META-INF/sym/rt.jar/java/lang/annotation/Target.class): major version 52 is newer than 51, the highest major version supported by this compiler.
    [javac]   It is recommended that the compiler be upgraded.
    [javac] warning: /root/.sdkman/candidates/java/8.0.302-open/lib/ct.sym(META-INF/sym/rt.jar/java/lang/annotation/ElementType.class): major version 52 is newer than 51, the highest major version supported by this compiler.
    [javac]   It is recommended that the compiler be upgraded.
    [javac] /root/.sdkman/candidates/java/8.0.302-open/lib/ct.sym(META-INF/sym/rt.jar/java/lang/Exception.class): warning: Cannot find annotation method 'value()' in type 'Profile+Annotation'
    [javac] warning: /root/.sdkman/candidates/java/8.0.302-open/lib/ct.sym(META-INF/sym/rt.jar/java/lang/annotation/Annotation.class): major version 52 is newer than 51, the highest major version supported by this compiler.
    [javac]   It is recommended that the compiler be upgraded.
    [javac] /root/.sdkman/candidates/java/8.0.302-open/lib/ct.sym(META-INF/sym/rt.jar/java/lang/annotation/Retention.class): warning: Cannot find annotation method 'value()' in type 'Profile+Annotation'
    [javac] /root/.sdkman/candidates/java/8.0.302-open/lib/ct.sym(META-INF/sym/rt.jar/java/lang/annotation/RetentionPolicy.class): warning: Cannot find annotation method 'value()' in type 'Profile+Annotation'
    [javac] /root/.sdkman/candidates/java/8.0.302-open/lib/ct.sym(META-INF/sym/rt.jar/java/lang/annotation/Target.class): warning: Cannot find annotation method 'value()' in type 'Profile+Annotation'
    [javac] /root/.sdkman/candidates/java/8.0.302-open/lib/ct.sym(META-INF/sym/rt.jar/java/lang/annotation/ElementType.class): warning: Cannot find annotation method 'value()' in type 'Profile+Annotation'
    [javac] /root/.sdkman/candidates/java/8.0.302-open/lib/ct.sym(META-INF/sym/rt.jar/java/lang/annotation/Annotation.class): warning: Cannot find annotation method 'value()' in type 'Profile+Annotation'
    [javac] warning: /root/.sdkman/candidates/java/8.0.302-open/lib/ct.sym(META-INF/sym/rt.jar/java/lang/AutoCloseable.class): major version 52 is newer than 51, the highest major version supported by this compiler.
    [javac]   It is recommended that the compiler be upgraded.
    [javac] /root/.sdkman/candidates/java/8.0.302-open/lib/ct.sym(META-INF/sym/rt.jar/java/lang/AutoCloseable.class): warning: Cannot find annotation method 'value()' in type 'Profile+Annotation'
    [javac] warning: /root/.sdkman/candidates/java/8.0.302-open/lib/ct.sym(META-INF/sym/rt.jar/java/lang/Throwable.class): major version 52 is newer than 51, the highest major version supported by this compiler.
    [javac]   It is recommended that the compiler be upgraded.
    [javac] /root/.sdkman/candidates/java/8.0.302-open/lib/ct.sym(META-INF/sym/rt.jar/java/lang/Throwable.class): warning: Cannot find annotation method 'value()' in type 'Profile+Annotation'
    [javac] warning: /root/.sdkman/candidates/java/8.0.302-open/lib/ct.sym(META-INF/sym/rt.jar/java/lang/String.class): major version 52 is newer than 51, the highest major version supported by this compiler.
    [javac]   It is recommended that the compiler be upgraded.
    [javac] /root/.sdkman/candidates/java/8.0.302-open/lib/ct.sym(META-INF/sym/rt.jar/java/lang/String.class): warning: Cannot find annotation method 'value()' in type 'Profile+Annotation'
    [javac] warning: /root/.sdkman/candidates/java/8.0.302-open/lib/ct.sym(META-INF/sym/rt.jar/java/nio/charset/Charset.class): major version 52 is newer than 51, the highest major version supported by this compiler.
    [javac]   It is recommended that the compiler be upgraded.
    [javac] /root/.sdkman/candidates/java/8.0.302-open/lib/ct.sym(META-INF/sym/rt.jar/java/nio/charset/Charset.class): warning: Cannot find annotation method 'value()' in type 'Profile+Annotation'
    [javac] warning: /root/.sdkman/candidates/java/8.0.302-open/lib/ct.sym(META-INF/sym/rt.jar/java/lang/StringBuilder.class): major version 52 is newer than 51, the highest major version supported by this compiler.
    [javac]   It is recommended that the compiler be upgraded.
    [javac] /root/.sdkman/candidates/java/8.0.302-open/lib/ct.sym(META-INF/sym/rt.jar/java/lang/StringBuilder.class): warning: Cannot find annotation method 'value()' in type 'Profile+Annotation'
    [javac] warning: /root/.sdkman/candidates/java/8.0.302-open/lib/ct.sym(META-INF/sym/rt.jar/java/lang/StringBuffer.class): major version 52 is newer than 51, the highest major version supported by this compiler.
    [javac]   It is recommended that the compiler be upgraded.
    [javac] /root/.sdkman/candidates/java/8.0.302-open/lib/ct.sym(META-INF/sym/rt.jar/java/lang/StringBuffer.class): warning: Cannot find annotation method 'value()' in type 'Profile+Annotation'
    [javac] /tmp/fix_test_suite.pl_16445_1702813211/llm/org/apache/commons/codec/net/QuotedPrintableCodec_LLMTest.java:113: error: cannot find symbol
    [javac]         String ru_msg = constructString(RUSSIAN_STUFF_UNICODE); 
    [javac]                                         ^
    [javac]   symbol:   variable RUSSIAN_STUFF_UNICODE
    [javac]   location: class QuotedPrintableCodec_LLMTest
    [javac] /tmp/fix_test_suite.pl_16445_1702813211/llm/org/apache/commons/codec/net/QuotedPrintableCodec_LLMTest.java:114: error: cannot find symbol
    [javac]         String ch_msg = constructString(SWISS_GERMAN_STUFF_UNICODE); 
    [javac]                                         ^
    [javac]   symbol:   variable SWISS_GERMAN_STUFF_UNICODE
    [javac]   location: class QuotedPrintableCodec_LLMTest
    [javac] warning: /root/.sdkman/candidates/java/8.0.302-open/lib/ct.sym(META-INF/sym/rt.jar/java/lang/Double.class): major version 52 is newer than 51, the highest major version supported by this compiler.
    [javac]   It is recommended that the compiler be upgraded.
    [javac] /root/.sdkman/candidates/java/8.0.302-open/lib/ct.sym(META-INF/sym/rt.jar/java/lang/Double.class): warning: Cannot find annotation method 'value()' in type 'Profile+Annotation'
    [javac] warning: /root/.sdkman/candidates/java/8.0.302-open/lib/ct.sym(META-INF/sym/rt.jar/java/lang/Number.class): major version 52 is newer than 51, the highest major version supported by this compiler.
    [javac]   It is recommended that the compiler be upgraded.
    [javac] /root/.sdkman/candidates/java/8.0.302-open/lib/ct.sym(META-INF/sym/rt.jar/java/lang/Number.class): warning: Cannot find annotation method 'value()' in type 'Profile+Annotation'
    [javac] /tmp/fix_test_suite.pl_16445_1702813211/llm/org/apache/commons/codec/net/QuotedPrintableCodec_LLMTest.java:273: error: cannot find symbol
    [javac]         String ru_msg = constructString(RUSSIAN_STUFF_UNICODE); 
    [javac]                                         ^
    [javac]   symbol:   variable RUSSIAN_STUFF_UNICODE
    [javac]   location: class QuotedPrintableCodec_LLMTest
    [javac] /tmp/fix_test_suite.pl_16445_1702813211/llm/org/apache/commons/codec/net/QuotedPrintableCodec_LLMTest.java:274: error: cannot find symbol
    [javac]         String ch_msg = constructString(SWISS_GERMAN_STUFF_UNICODE); 
    [javac]                                         ^
    [javac]   symbol:   variable SWISS_GERMAN_STUFF_UNICODE
    [javac]   location: class QuotedPrintableCodec_LLMTest
    [javac] /tmp/fix_test_suite.pl_16445_1702813211/llm/org/apache/commons/codec/net/QuotedPrintableCodec_LLMTest.java:417: error: cannot find symbol
    [javac]         String ru_msg = constructString(RUSSIAN_STUFF_UNICODE); 
    [javac]                                         ^
    [javac]   symbol:   variable RUSSIAN_STUFF_UNICODE
    [javac]   location: class QuotedPrintableCodec_LLMTest
    [javac] /tmp/fix_test_suite.pl_16445_1702813211/llm/org/apache/commons/codec/net/QuotedPrintableCodec_LLMTest.java:418: error: cannot find symbol
    [javac]         String ch_msg = constructString(SWISS_GERMAN_STUFF_UNICODE); 
    [javac]                                         ^
    [javac]   symbol:   variable SWISS_GERMAN_STUFF_UNICODE
    [javac]   location: class QuotedPrintableCodec_LLMTest
    [javac] /tmp/fix_test_suite.pl_16445_1702813211/llm/org/apache/commons/codec/net/QuotedPrintableCodec_LLMTest.java:640: error: cannot find symbol
    [javac]         String ru_msg = constructString(RUSSIAN_STUFF_UNICODE); 
    [javac]                                         ^
    [javac]   symbol:   variable RUSSIAN_STUFF_UNICODE
    [javac]   location: class QuotedPrintableCodec_LLMTest
    [javac] /tmp/fix_test_suite.pl_16445_1702813211/llm/org/apache/commons/codec/net/QuotedPrintableCodec_LLMTest.java:641: error: cannot find symbol
    [javac]         String ch_msg = constructString(SWISS_GERMAN_STUFF_UNICODE); 
    [javac]                                         ^
    [javac]   symbol:   variable SWISS_GERMAN_STUFF_UNICODE
    [javac]   location: class QuotedPrintableCodec_LLMTest
    [javac] /tmp/fix_test_suite.pl_16445_1702813211/llm/org/apache/commons/codec/net/QuotedPrintableCodec_LLMTest.java:656: error: cannot find symbol
    [javac]             byteRU = ru_msg.getBytes(Charset.forName("UTF-8"));
    [javac]                                      ^
    [javac]   symbol:   variable Charset
    [javac]   location: class QuotedPrintableCodec_LLMTest
    [javac] /tmp/fix_test_suite.pl_16445_1702813211/llm/org/apache/commons/codec/net/QuotedPrintableCodec_LLMTest.java:657: error: cannot find symbol
    [javac]             byteCH = ch_msg.getBytes(Charset.forName("UTF-8"));
    [javac]                                      ^
    [javac]   symbol:   variable Charset
    [javac]   location: class QuotedPrintableCodec_LLMTest
    [javac] /tmp/fix_test_suite.pl_16445_1702813211/llm/org/apache/commons/codec/net/QuotedPrintableCodec_LLMTest.java:659: error: no suitable method found for decode(byte[],String)
    [javac]         assertEquals("Reg test 5", qpcodec.decode(qpcodec.encode(byteRU), CharEncoding.UTF_8), byteRU);
    [javac]                                           ^
    [javac]     method QuotedPrintableCodec.decode(Object) is not applicable
    [javac]       (actual and formal argument lists differ in length)
    [javac]     method QuotedPrintableCodec.decode(String) is not applicable
    [javac]       (actual and formal argument lists differ in length)
    [javac]     method QuotedPrintableCodec.decode(String,String) is not applicable
    [javac]       (actual argument byte[] cannot be converted to String by method invocation conversion)
    [javac]     method QuotedPrintableCodec.decode(byte[]) is not applicable
    [javac]       (actual and formal argument lists differ in length)
    [javac] /tmp/fix_test_suite.pl_16445_1702813211/llm/org/apache/commons/codec/net/QuotedPrintableCodec_LLMTest.java:660: error: no suitable method found for decode(byte[],String)
    [javac]         assertEquals("Reg test 6", qpcodec.decode(qpcodec.encode(byteCH), CharEncoding.UTF_8), byteCH);
    [javac]                                           ^
    [javac]     method QuotedPrintableCodec.decode(Object) is not applicable
    [javac]       (actual and formal argument lists differ in length)
    [javac]     method QuotedPrintableCodec.decode(String) is not applicable
    [javac]       (actual and formal argument lists differ in length)
    [javac]     method QuotedPrintableCodec.decode(String,String) is not applicable
    [javac]       (actual argument byte[] cannot be converted to String by method invocation conversion)
    [javac]     method QuotedPrintableCodec.decode(byte[]) is not applicable
    [javac]       (actual and formal argument lists differ in length)
    [javac] /tmp/fix_test_suite.pl_16445_1702813211/llm/org/apache/commons/codec/net/QuotedPrintableCodec_LLMTest.java:722: error: cannot find symbol
    [javac]             qpcodec.encode( dObj );
    [javac]             ^
    [javac]   symbol:   variable qpcodec
    [javac]   location: class QuotedPrintableCodec_LLMTest
    [javac] /tmp/fix_test_suite.pl_16445_1702813211/llm/org/apache/commons/codec/net/QuotedPrintableCodec_LLMTest.java:734: error: cannot find symbol
    [javac]            qpcodec.encode(plain);
    [javac]                           ^
    [javac]   symbol:   variable plain
    [javac]   location: class QuotedPrintableCodec_LLMTest
    [javac] /tmp/fix_test_suite.pl_16445_1702813211/llm/org/apache/commons/codec/net/QuotedPrintableCodec_LLMTest.java:734: error: cannot find symbol
    [javac]            qpcodec.encode(plain);
    [javac]            ^
    [javac]   symbol:   variable qpcodec
    [javac]   location: class QuotedPrintableCodec_LLMTest
    [javac] /tmp/fix_test_suite.pl_16445_1702813211/llm/org/apache/commons/codec/net/QuotedPrintableCodec_LLMTest.java:740: error: cannot find symbol
    [javac]            qpcodec.decode(plain);
    [javac]                           ^
    [javac]   symbol:   variable plain
    [javac]   location: class QuotedPrintableCodec_LLMTest
    [javac] /tmp/fix_test_suite.pl_16445_1702813211/llm/org/apache/commons/codec/net/QuotedPrintableCodec_LLMTest.java:740: error: cannot find symbol
    [javac]            qpcodec.decode(plain);
    [javac]            ^
    [javac]   symbol:   variable qpcodec
    [javac]   location: class QuotedPrintableCodec_LLMTest
    [javac] /tmp/fix_test_suite.pl_16445_1702813211/llm/org/apache/commons/codec/net/QuotedPrintableCodec_LLMTest.java:785: error: cannot find symbol
    [javac]            qpcodec.encode(plain);
    [javac]                           ^
    [javac]   symbol:   variable plain
    [javac]   location: class QuotedPrintableCodec_LLMTest
    [javac] /tmp/fix_test_suite.pl_16445_1702813211/llm/org/apache/commons/codec/net/QuotedPrintableCodec_LLMTest.java:785: error: cannot find symbol
    [javac]            qpcodec.encode(plain);
    [javac]            ^
    [javac]   symbol:   variable qpcodec
    [javac]   location: class QuotedPrintableCodec_LLMTest
    [javac] /tmp/fix_test_suite.pl_16445_1702813211/llm/org/apache/commons/codec/net/QuotedPrintableCodec_LLMTest.java:791: error: cannot find symbol
    [javac]            qpcodec.decode(plain);
    [javac]                           ^
    [javac]   symbol:   variable plain
    [javac]   location: class QuotedPrintableCodec_LLMTest
    [javac] /tmp/fix_test_suite.pl_16445_1702813211/llm/org/apache/commons/codec/net/QuotedPrintableCodec_LLMTest.java:791: error: cannot find symbol
    [javac]            qpcodec.decode(plain);
    [javac]            ^
    [javac]   symbol:   variable qpcodec
    [javac]   location: class QuotedPrintableCodec_LLMTest
    [javac] /tmp/fix_test_suite.pl_16445_1702813211/llm/org/apache/commons/codec/net/QuotedPrintableCodec_LLMTest.java:806: error: cannot find symbol
    [javac]         qpcodec.decode( dObj );
    [javac]         ^
    [javac]   symbol:   variable qpcodec
    [javac]   location: class QuotedPrintableCodec_LLMTest
    [javac] /tmp/fix_test_suite.pl_16445_1702813211/llm/org/apache/commons/codec/net/QuotedPrintableCodec_LLMTest.java:828: error: cannot find symbol
    [javac]         qpcodec.decode("=");
    [javac]         ^
    [javac]   symbol:   variable qpcodec
    [javac]   location: class QuotedPrintableCodec_LLMTest
    [javac] /tmp/fix_test_suite.pl_16445_1702813211/llm/org/apache/commons/codec/net/QuotedPrintableCodec_LLMTest.java:834: error: cannot find symbol
    [javac]         qpcodec.decode("=A");
    [javac]         ^
    [javac]   symbol:   variable qpcodec
    [javac]   location: class QuotedPrintableCodec_LLMTest
    [javac] /tmp/fix_test_suite.pl_16445_1702813211/llm/org/apache/commons/codec/net/QuotedPrintableCodec_LLMTest.java:840: error: cannot find symbol
    [javac]         qpcodec.decode("=WW");
    [javac]         ^
    [javac]   symbol:   variable qpcodec
    [javac]   location: class QuotedPrintableCodec_LLMTest
    [javac] /tmp/fix_test_suite.pl_16445_1702813211/llm/org/apache/commons/codec/net/QuotedPrintableCodec_LLMTest.java:870: error: cannot find symbol
    [javac]            qpcodec.encode(plain);
    [javac]                           ^
    [javac]   symbol:   variable plain
    [javac]   location: class QuotedPrintableCodec_LLMTest
    [javac] /tmp/fix_test_suite.pl_16445_1702813211/llm/org/apache/commons/codec/net/QuotedPrintableCodec_LLMTest.java:870: error: cannot find symbol
    [javac]            qpcodec.encode(plain);
    [javac]            ^
    [javac]   symbol:   variable qpcodec
    [javac]   location: class QuotedPrintableCodec_LLMTest
    [javac] /tmp/fix_test_suite.pl_16445_1702813211/llm/org/apache/commons/codec/net/QuotedPrintableCodec_LLMTest.java:876: error: cannot find symbol
    [javac]            qpcodec.decode(plain);
    [javac]                           ^
    [javac]   symbol:   variable plain
    [javac]   location: class QuotedPrintableCodec_LLMTest
    [javac] /tmp/fix_test_suite.pl_16445_1702813211/llm/org/apache/commons/codec/net/QuotedPrintableCodec_LLMTest.java:876: error: cannot find symbol
    [javac]            qpcodec.decode(plain);
    [javac]            ^
    [javac]   symbol:   variable qpcodec
    [javac]   location: class QuotedPrintableCodec_LLMTest
    [javac] /tmp/fix_test_suite.pl_16445_1702813211/llm/org/apache/commons/codec/net/QuotedPrintableCodec_LLMTest.java:891: error: cannot find symbol
    [javac]         qpcodec.decode( dObj );
    [javac]         ^
    [javac]   symbol:   variable qpcodec
    [javac]   location: class QuotedPrintableCodec_LLMTest
    [javac] /tmp/fix_test_suite.pl_16445_1702813211/llm/org/apache/commons/codec/net/QuotedPrintableCodec_LLMTest.java:913: error: cannot find symbol
    [javac]         qpcodec.decode("=");
    [javac]         ^
    [javac]   symbol:   variable qpcodec
    [javac]   location: class QuotedPrintableCodec_LLMTest
    [javac] /tmp/fix_test_suite.pl_16445_1702813211/llm/org/apache/commons/codec/net/QuotedPrintableCodec_LLMTest.java:919: error: cannot find symbol
    [javac]         qpcodec.decode("=A");
    [javac]         ^
    [javac]   symbol:   variable qpcodec
    [javac]   location: class QuotedPrintableCodec_LLMTest
    [javac] /tmp/fix_test_suite.pl_16445_1702813211/llm/org/apache/commons/codec/net/QuotedPrintableCodec_LLMTest.java:925: error: cannot find symbol
    [javac]         qpcodec.decode("=WW");
    [javac]         ^
    [javac]   symbol:   variable qpcodec
    [javac]   location: class QuotedPrintableCodec_LLMTest
    [javac] /tmp/fix_test_suite.pl_16445_1702813211/llm/org/apache/commons/codec/net/QuotedPrintableCodec_LLMTest.java:939: error: cannot find symbol
    [javac]         qpcodec.encode(plain, "INVALID_CHARSET");
    [javac]                        ^
    [javac]   symbol:   variable plain
    [javac]   location: class QuotedPrintableCodec_LLMTest
    [javac] /tmp/fix_test_suite.pl_16445_1702813211/llm/org/apache/commons/codec/net/QuotedPrintableCodec_LLMTest.java:939: error: cannot find symbol
    [javac]         qpcodec.encode(plain, "INVALID_CHARSET");
    [javac]         ^
    [javac]   symbol:   variable qpcodec
    [javac]   location: class QuotedPrintableCodec_LLMTest
    [javac] /tmp/fix_test_suite.pl_16445_1702813211/llm/org/apache/commons/codec/net/QuotedPrintableCodec_LLMTest.java:945: error: cannot find symbol
    [javac]         qpcodec.decode(plain, "INVALID CHARSET");
    [javac]                        ^
    [javac]   symbol:   variable plain
    [javac]   location: class QuotedPrintableCodec_LLMTest
    [javac] /tmp/fix_test_suite.pl_16445_1702813211/llm/org/apache/commons/codec/net/QuotedPrintableCodec_LLMTest.java:945: error: cannot find symbol
    [javac]         qpcodec.decode(plain, "INVALID CHARSET");
    [javac]         ^
    [javac]   symbol:   variable qpcodec
    [javac]   location: class QuotedPrintableCodec_LLMTest
    [javac] /tmp/fix_test_suite.pl_16445_1702813211/llm/org/apache/commons/codec/net/QuotedPrintableCodec_LLMTest.java:986: error: cannot find symbol
    [javac]                qpcodec.encode(plain);
    [javac]                               ^
    [javac]   symbol:   variable plain
    [javac]   location: class QuotedPrintableCodec_LLMTest
    [javac] /tmp/fix_test_suite.pl_16445_1702813211/llm/org/apache/commons/codec/net/QuotedPrintableCodec_LLMTest.java:986: error: cannot find symbol
    [javac]                qpcodec.encode(plain);
    [javac]                ^
    [javac]   symbol:   variable qpcodec
    [javac]   location: class QuotedPrintableCodec_LLMTest
    [javac] /tmp/fix_test_suite.pl_16445_1702813211/llm/org/apache/commons/codec/net/QuotedPrintableCodec_LLMTest.java:992: error: cannot find symbol
    [javac]                qpcodec.decode(plain);
    [javac]                               ^
    [javac]   symbol:   variable plain
    [javac]   location: class QuotedPrintableCodec_LLMTest
    [javac] /tmp/fix_test_suite.pl_16445_1702813211/llm/org/apache/commons/codec/net/QuotedPrintableCodec_LLMTest.java:992: error: cannot find symbol
    [javac]                qpcodec.decode(plain);
    [javac]                ^
    [javac]   symbol:   variable qpcodec
    [javac]   location: class QuotedPrintableCodec_LLMTest
    [javac] /tmp/fix_test_suite.pl_16445_1702813211/llm/org/apache/commons/codec/net/QuotedPrintableCodec_LLMTest.java:1005: error: cannot find symbol
    [javac]             qpcodec.decode( dObj );
    [javac]             ^
    [javac]   symbol:   variable qpcodec
    [javac]   location: class QuotedPrintableCodec_LLMTest
    [javac] /tmp/fix_test_suite.pl_16445_1702813211/llm/org/apache/commons/codec/net/QuotedPrintableCodec_LLMTest.java:1023: error: cannot find symbol
    [javac]             qpcodec.decode("=");
    [javac]             ^
    [javac]   symbol:   variable qpcodec
    [javac]   location: class QuotedPrintableCodec_LLMTest
    [javac] /tmp/fix_test_suite.pl_16445_1702813211/llm/org/apache/commons/codec/net/QuotedPrintableCodec_LLMTest.java:1029: error: cannot find symbol
    [javac]             qpcodec.decode("=A");
    [javac]             ^
    [javac]   symbol:   variable qpcodec
    [javac]   location: class QuotedPrintableCodec_LLMTest
    [javac] /tmp/fix_test_suite.pl_16445_1702813211/llm/org/apache/commons/codec/net/QuotedPrintableCodec_LLMTest.java:1035: error: cannot find symbol
    [javac]             qpcodec.decode("=WW");
    [javac]             ^
    [javac]   symbol:   variable qpcodec
    [javac]   location: class QuotedPrintableCodec_LLMTest
    [javac] /tmp/fix_test_suite.pl_16445_1702813211/llm/org/apache/commons/codec/net/QuotedPrintableCodec_LLMTest.java:1084: error: cannot find symbol
    [javac]             qpcodec.encode( dObj );
    [javac]             ^
    [javac]   symbol:   variable qpcodec
    [javac]   location: class QuotedPrintableCodec_LLMTest
    [javac] /tmp/fix_test_suite.pl_16445_1702813211/llm/org/apache/commons/codec/net/QuotedPrintableCodec_LLMTest.java:1098: error: cannot find symbol
    [javac]             qpcodec.encode(plain);
    [javac]                            ^
    [javac]   symbol:   variable plain
    [javac]   location: class QuotedPrintableCodec_LLMTest
    [javac] /tmp/fix_test_suite.pl_16445_1702813211/llm/org/apache/commons/codec/net/QuotedPrintableCodec_LLMTest.java:1098: error: cannot find symbol
    [javac]             qpcodec.encode(plain);
    [javac]             ^
    [javac]   symbol:   variable qpcodec
    [javac]   location: class QuotedPrintableCodec_LLMTest
    [javac] /tmp/fix_test_suite.pl_16445_1702813211/llm/org/apache/commons/codec/net/QuotedPrintableCodec_LLMTest.java:1104: error: cannot find symbol
    [javac]            qpcodec.decode(plain);
    [javac]                           ^
    [javac]   symbol:   variable plain
    [javac]   location: class QuotedPrintableCodec_LLMTest
    [javac] /tmp/fix_test_suite.pl_16445_1702813211/llm/org/apache/commons/codec/net/QuotedPrintableCodec_LLMTest.java:1104: error: cannot find symbol
    [javac]            qpcodec.decode(plain);
    [javac]            ^
    [javac]   symbol:   variable qpcodec
    [javac]   location: class QuotedPrintableCodec_LLMTest
    [javac] /tmp/fix_test_suite.pl_16445_1702813211/llm/org/apache/commons/codec/net/QuotedPrintableCodec_LLMTest.java:1136: error: cannot find symbol
    [javac]             qpcodec.encode(obj);
    [javac]             ^
    [javac]   symbol:   variable qpcodec
    [javac]   location: class QuotedPrintableCodec_LLMTest
    [javac] /tmp/fix_test_suite.pl_16445_1702813211/llm/org/apache/commons/codec/net/QuotedPrintableCodec_LLMTest.java:1171: error: cannot find symbol
    [javac]             qpcodec.decode(plain);
    [javac]                            ^
    [javac]   symbol:   variable plain
    [javac]   location: class QuotedPrintableCodec_LLMTest
    [javac] /tmp/fix_test_suite.pl_16445_1702813211/llm/org/apache/commons/codec/net/QuotedPrintableCodec_LLMTest.java:1171: error: cannot find symbol
    [javac]             qpcodec.decode(plain);
    [javac]             ^
    [javac]   symbol:   variable qpcodec
    [javac]   location: class QuotedPrintableCodec_LLMTest
    [javac] /tmp/fix_test_suite.pl_16445_1702813211/llm/org/apache/commons/codec/net/QuotedPrintableCodec_LLMTest.java:1216: error: cannot find symbol
    [javac]             qpcodec.encode( dObj );
    [javac]             ^
    [javac]   symbol:   variable qpcodec
    [javac]   location: class QuotedPrintableCodec_LLMTest
    [javac] /tmp/fix_test_suite.pl_16445_1702813211/llm/org/apache/commons/codec/net/QuotedPrintableCodec_LLMTest.java:1230: error: cannot find symbol
    [javac]            qpcodec.encode(plain);
    [javac]                           ^
    [javac]   symbol:   variable plain
    [javac]   location: class QuotedPrintableCodec_LLMTest
    [javac] /tmp/fix_test_suite.pl_16445_1702813211/llm/org/apache/commons/codec/net/QuotedPrintableCodec_LLMTest.java:1230: error: cannot find symbol
    [javac]            qpcodec.encode(plain);
    [javac]            ^
    [javac]   symbol:   variable qpcodec
    [javac]   location: class QuotedPrintableCodec_LLMTest
    [javac] /tmp/fix_test_suite.pl_16445_1702813211/llm/org/apache/commons/codec/net/QuotedPrintableCodec_LLMTest.java:1236: error: cannot find symbol
    [javac]            qpcodec.decode(plain);
    [javac]                           ^
    [javac]   symbol:   variable plain
    [javac]   location: class QuotedPrintableCodec_LLMTest
    [javac] /tmp/fix_test_suite.pl_16445_1702813211/llm/org/apache/commons/codec/net/QuotedPrintableCodec_LLMTest.java:1236: error: cannot find symbol
    [javac]            qpcodec.decode(plain);
    [javac]            ^
    [javac]   symbol:   variable qpcodec
    [javac]   location: class QuotedPrintableCodec_LLMTest
    [javac] 58 errors
    [javac] 30 warnings

BUILD FAILED
/defects4j/framework/projects/defects4j.build.xml:265: Compile failed; see the compiler error output for details.

Total time: 1 second
