- Compilation issues: Codec-17b-llm.35.tar.bz2
Picked up JAVA_TOOL_OPTIONS: -Dfile.encoding=UTF8
OpenJDK 64-Bit Server VM warning: ignoring option MaxPermSize=1G; support was removed in 8.0
Buildfile: /defects4j/framework/projects/defects4j.build.xml

test-offline:

get-deps:

commons-codec-from-maven.compile:
    [mkdir] Created dir: /tmp/fix_test_suite.pl_19607_1702822346/target/classes
    [javac] /tmp/fix_test_suite.pl_19607_1702822346/maven-build.xml:78: warning: 'includeantruntime' was not set, defaulting to build.sysclasspath=last; set to false for repeatable builds
    [javac] Compiling 63 source files to /tmp/fix_test_suite.pl_19607_1702822346/target/classes
    [javac] warning: [options] bootstrap class path not set in conjunction with -source 1.6
    [javac] warning: /root/.sdkman/candidates/java/8.0.302-open/lib/ct.sym(META-INF/sym/rt.jar/java/lang/Object.class): major version 52 is newer than 51, the highest major version supported by this compiler.
    [javac]   It is recommended that the compiler be upgraded.
    [javac] warning: /root/.sdkman/candidates/java/8.0.302-open/lib/ct.sym(META-INF/sym/rt.jar/java/lang/Exception.class): major version 52 is newer than 51, the highest major version supported by this compiler.
    [javac]   It is recommended that the compiler be upgraded.
    [javac] warning: /root/.sdkman/candidates/java/8.0.302-open/lib/ct.sym(META-INF/sym/rt.jar/java/lang/Throwable.class): major version 52 is newer than 51, the highest major version supported by this compiler.
    [javac]   It is recommended that the compiler be upgraded.
    [javac] warning: /root/.sdkman/candidates/java/8.0.302-open/lib/ct.sym(META-INF/sym/rt.jar/java/io/Serializable.class): major version 52 is newer than 51, the highest major version supported by this compiler.
    [javac]   It is recommended that the compiler be upgraded.
    [javac] warning: /root/.sdkman/candidates/java/8.0.302-open/lib/ct.sym(META-INF/sym/rt.jar/java/lang/String.class): major version 52 is newer than 51, the highest major version supported by this compiler.
    [javac]   It is recommended that the compiler be upgraded.
    [javac] warning: /root/.sdkman/candidates/java/8.0.302-open/lib/ct.sym(META-INF/sym/rt.jar/java/nio/charset/Charset.class): major version 52 is newer than 51, the highest major version supported by this compiler.
    [javac]   It is recommended that the compiler be upgraded.
    [javac] warning: /root/.sdkman/candidates/java/8.0.302-open/lib/ct.sym(META-INF/sym/rt.jar/java/util/Comparator.class): major version 52 is newer than 51, the highest major version supported by this compiler.
    [javac]   It is recommended that the compiler be upgraded.
    [javac] warning: /root/.sdkman/candidates/java/8.0.302-open/lib/ct.sym(META-INF/sym/rt.jar/java/lang/SuppressWarnings.class): major version 52 is newer than 51, the highest major version supported by this compiler.
    [javac]   It is recommended that the compiler be upgraded.
    [javac] warning: /root/.sdkman/candidates/java/8.0.302-open/lib/ct.sym(META-INF/sym/rt.jar/java/util/Arrays.class): major version 52 is newer than 51, the highest major version supported by this compiler.
    [javac]   It is recommended that the compiler be upgraded.
    [javac] warning: /root/.sdkman/candidates/java/8.0.302-open/lib/ct.sym(META-INF/sym/rt.jar/java/io/InputStream.class): major version 52 is newer than 51, the highest major version supported by this compiler.
    [javac]   It is recommended that the compiler be upgraded.
    [javac] warning: /root/.sdkman/candidates/java/8.0.302-open/lib/ct.sym(META-INF/sym/rt.jar/java/io/FilterInputStream.class): major version 52 is newer than 51, the highest major version supported by this compiler.
    [javac]   It is recommended that the compiler be upgraded.
    [javac] warning: /root/.sdkman/candidates/java/8.0.302-open/lib/ct.sym(META-INF/sym/rt.jar/java/io/IOException.class): major version 52 is newer than 51, the highest major version supported by this compiler.
    [javac]   It is recommended that the compiler be upgraded.
    [javac] warning: /root/.sdkman/candidates/java/8.0.302-open/lib/ct.sym(META-INF/sym/rt.jar/java/io/Closeable.class): major version 52 is newer than 51, the highest major version supported by this compiler.
    [javac]   It is recommended that the compiler be upgraded.
    [javac] warning: /root/.sdkman/candidates/java/8.0.302-open/lib/ct.sym(META-INF/sym/rt.jar/java/lang/AutoCloseable.class): major version 52 is newer than 51, the highest major version supported by this compiler.
    [javac]   It is recommended that the compiler be upgraded.
    [javac] warning: /root/.sdkman/candidates/java/8.0.302-open/lib/ct.sym(META-INF/sym/rt.jar/java/io/OutputStream.class): major version 52 is newer than 51, the highest major version supported by this compiler.
    [javac]   It is recommended that the compiler be upgraded.
    [javac] warning: /root/.sdkman/candidates/java/8.0.302-open/lib/ct.sym(META-INF/sym/rt.jar/java/io/FilterOutputStream.class): major version 52 is newer than 51, the highest major version supported by this compiler.
    [javac]   It is recommended that the compiler be upgraded.
    [javac] warning: /root/.sdkman/candidates/java/8.0.302-open/lib/ct.sym(META-INF/sym/rt.jar/java/io/Flushable.class): major version 52 is newer than 51, the highest major version supported by this compiler.
    [javac]   It is recommended that the compiler be upgraded.
    [javac] warning: /root/.sdkman/candidates/java/8.0.302-open/lib/ct.sym(META-INF/sym/rt.jar/java/math/BigInteger.class): major version 52 is newer than 51, the highest major version supported by this compiler.
    [javac]   It is recommended that the compiler be upgraded.
    [javac] warning: /root/.sdkman/candidates/java/8.0.302-open/lib/ct.sym(META-INF/sym/rt.jar/java/lang/CharSequence.class): major version 52 is newer than 51, the highest major version supported by this compiler.
    [javac]   It is recommended that the compiler be upgraded.
    [javac] warning: /root/.sdkman/candidates/java/8.0.302-open/lib/ct.sym(META-INF/sym/rt.jar/java/nio/ByteBuffer.class): major version 52 is newer than 51, the highest major version supported by this compiler.
    [javac]   It is recommended that the compiler be upgraded.
    [javac] warning: /root/.sdkman/candidates/java/8.0.302-open/lib/ct.sym(META-INF/sym/rt.jar/java/io/UnsupportedEncodingException.class): major version 52 is newer than 51, the highest major version supported by this compiler.
    [javac]   It is recommended that the compiler be upgraded.
    [javac] warning: /root/.sdkman/candidates/java/8.0.302-open/lib/ct.sym(META-INF/sym/rt.jar/java/lang/IllegalStateException.class): major version 52 is newer than 51, the highest major version supported by this compiler.
    [javac]   It is recommended that the compiler be upgraded.
    [javac] warning: /root/.sdkman/candidates/java/8.0.302-open/lib/ct.sym(META-INF/sym/rt.jar/java/io/File.class): major version 52 is newer than 51, the highest major version supported by this compiler.
    [javac]   It is recommended that the compiler be upgraded.
    [javac] warning: /root/.sdkman/candidates/java/8.0.302-open/lib/ct.sym(META-INF/sym/rt.jar/java/security/MessageDigest.class): major version 52 is newer than 51, the highest major version supported by this compiler.
    [javac]   It is recommended that the compiler be upgraded.
    [javac] warning: /root/.sdkman/candidates/java/8.0.302-open/lib/ct.sym(META-INF/sym/rt.jar/java/util/Locale.class): major version 52 is newer than 51, the highest major version supported by this compiler.
    [javac]   It is recommended that the compiler be upgraded.
    [javac] warning: /root/.sdkman/candidates/java/8.0.302-open/lib/ct.sym(META-INF/sym/rt.jar/java/util/Random.class): major version 52 is newer than 51, the highest major version supported by this compiler.
    [javac]   It is recommended that the compiler be upgraded.
    [javac] warning: /root/.sdkman/candidates/java/8.0.302-open/lib/ct.sym(META-INF/sym/rt.jar/java/lang/StringBuilder.class): major version 52 is newer than 51, the highest major version supported by this compiler.
    [javac]   It is recommended that the compiler be upgraded.
    [javac] warning: /root/.sdkman/candidates/java/8.0.302-open/lib/ct.sym(META-INF/sym/rt.jar/java/io/BufferedInputStream.class): major version 52 is newer than 51, the highest major version supported by this compiler.
    [javac]   It is recommended that the compiler be upgraded.
    [javac] warning: /root/.sdkman/candidates/java/8.0.302-open/lib/ct.sym(META-INF/sym/rt.jar/java/io/FileInputStream.class): major version 52 is newer than 51, the highest major version supported by this compiler.
    [javac]   It is recommended that the compiler be upgraded.
    [javac] warning: /root/.sdkman/candidates/java/8.0.302-open/lib/ct.sym(META-INF/sym/rt.jar/java/security/NoSuchAlgorithmException.class): major version 52 is newer than 51, the highest major version supported by this compiler.
    [javac]   It is recommended that the compiler be upgraded.
    [javac] warning: /root/.sdkman/candidates/java/8.0.302-open/lib/ct.sym(META-INF/sym/rt.jar/java/lang/Enum.class): major version 52 is newer than 51, the highest major version supported by this compiler.
    [javac]   It is recommended that the compiler be upgraded.
    [javac] warning: /root/.sdkman/candidates/java/8.0.302-open/lib/ct.sym(META-INF/sym/rt.jar/java/lang/Comparable.class): major version 52 is newer than 51, the highest major version supported by this compiler.
    [javac]   It is recommended that the compiler be upgraded.
    [javac] warning: /root/.sdkman/candidates/java/8.0.302-open/lib/ct.sym(META-INF/sym/rt.jar/java/security/InvalidKeyException.class): major version 52 is newer than 51, the highest major version supported by this compiler.
    [javac]   It is recommended that the compiler be upgraded.
    [javac] warning: /root/.sdkman/candidates/java/8.0.302-open/lib/ct.sym(META-INF/sym/rt.jar/java/security/Key.class): major version 52 is newer than 51, the highest major version supported by this compiler.
    [javac]   It is recommended that the compiler be upgraded.
    [javac] warning: /root/.sdkman/candidates/java/8.0.302-open/jre/lib/jce.jar(javax/crypto/Mac.class): major version 52 is newer than 51, the highest major version supported by this compiler.
    [javac]   It is recommended that the compiler be upgraded.
    [javac] warning: /root/.sdkman/candidates/java/8.0.302-open/jre/lib/jce.jar(javax/crypto/spec/SecretKeySpec.class): major version 52 is newer than 51, the highest major version supported by this compiler.
    [javac]   It is recommended that the compiler be upgraded.
    [javac] warning: /root/.sdkman/candidates/java/8.0.302-open/lib/ct.sym(META-INF/sym/rt.jar/java/util/regex/Matcher.class): major version 52 is newer than 51, the highest major version supported by this compiler.
    [javac]   It is recommended that the compiler be upgraded.
    [javac] warning: /root/.sdkman/candidates/java/8.0.302-open/lib/ct.sym(META-INF/sym/rt.jar/java/util/regex/Pattern.class): major version 52 is newer than 51, the highest major version supported by this compiler.
    [javac]   It is recommended that the compiler be upgraded.
    [javac] warning: /root/.sdkman/candidates/java/8.0.302-open/lib/ct.sym(META-INF/sym/rt.jar/java/util/zip/Checksum.class): major version 52 is newer than 51, the highest major version supported by this compiler.
    [javac]   It is recommended that the compiler be upgraded.
    [javac] warning: /root/.sdkman/candidates/java/8.0.302-open/lib/ct.sym(META-INF/sym/rt.jar/java/lang/Deprecated.class): major version 52 is newer than 51, the highest major version supported by this compiler.
    [javac]   It is recommended that the compiler be upgraded.
    [javac] warning: /root/.sdkman/candidates/java/8.0.302-open/lib/ct.sym(META-INF/sym/rt.jar/java/util/ArrayList.class): major version 52 is newer than 51, the highest major version supported by this compiler.
    [javac]   It is recommended that the compiler be upgraded.
    [javac] warning: /root/.sdkman/candidates/java/8.0.302-open/lib/ct.sym(META-INF/sym/rt.jar/java/util/Collections.class): major version 52 is newer than 51, the highest major version supported by this compiler.
    [javac]   It is recommended that the compiler be upgraded.
    [javac] warning: /root/.sdkman/candidates/java/8.0.302-open/lib/ct.sym(META-INF/sym/rt.jar/java/util/HashMap.class): major version 52 is newer than 51, the highest major version supported by this compiler.
    [javac]   It is recommended that the compiler be upgraded.
    [javac] warning: /root/.sdkman/candidates/java/8.0.302-open/lib/ct.sym(META-INF/sym/rt.jar/java/util/LinkedHashSet.class): major version 52 is newer than 51, the highest major version supported by this compiler.
    [javac]   It is recommended that the compiler be upgraded.
    [javac] warning: /root/.sdkman/candidates/java/8.0.302-open/lib/ct.sym(META-INF/sym/rt.jar/java/util/List.class): major version 52 is newer than 51, the highest major version supported by this compiler.
    [javac]   It is recommended that the compiler be upgraded.
    [javac] warning: /root/.sdkman/candidates/java/8.0.302-open/lib/ct.sym(META-INF/sym/rt.jar/java/util/Map.class): major version 52 is newer than 51, the highest major version supported by this compiler.
    [javac]   It is recommended that the compiler be upgraded.
    [javac] warning: /root/.sdkman/candidates/java/8.0.302-open/lib/ct.sym(META-INF/sym/rt.jar/java/util/Scanner.class): major version 52 is newer than 51, the highest major version supported by this compiler.
    [javac]   It is recommended that the compiler be upgraded.
    [javac] warning: /root/.sdkman/candidates/java/8.0.302-open/lib/ct.sym(META-INF/sym/rt.jar/java/util/Set.class): major version 52 is newer than 51, the highest major version supported by this compiler.
    [javac]   It is recommended that the compiler be upgraded.
    [javac] warning: /root/.sdkman/candidates/java/8.0.302-open/lib/ct.sym(META-INF/sym/rt.jar/java/lang/Character.class): major version 52 is newer than 51, the highest major version supported by this compiler.
    [javac]   It is recommended that the compiler be upgraded.
    [javac] warning: /root/.sdkman/candidates/java/8.0.302-open/lib/ct.sym(META-INF/sym/rt.jar/java/util/EnumMap.class): major version 52 is newer than 51, the highest major version supported by this compiler.
    [javac]   It is recommended that the compiler be upgraded.
    [javac] warning: /root/.sdkman/candidates/java/8.0.302-open/lib/ct.sym(META-INF/sym/rt.jar/java/util/HashSet.class): major version 52 is newer than 51, the highest major version supported by this compiler.
    [javac]   It is recommended that the compiler be upgraded.
    [javac] warning: /root/.sdkman/candidates/java/8.0.302-open/lib/ct.sym(META-INF/sym/rt.jar/java/util/Iterator.class): major version 52 is newer than 51, the highest major version supported by this compiler.
    [javac]   It is recommended that the compiler be upgraded.
    [javac] warning: /root/.sdkman/candidates/java/8.0.302-open/lib/ct.sym(META-INF/sym/rt.jar/java/util/TreeMap.class): major version 52 is newer than 51, the highest major version supported by this compiler.
    [javac]   It is recommended that the compiler be upgraded.
    [javac] warning: /root/.sdkman/candidates/java/8.0.302-open/lib/ct.sym(META-INF/sym/rt.jar/java/util/NoSuchElementException.class): major version 52 is newer than 51, the highest major version supported by this compiler.
    [javac]   It is recommended that the compiler be upgraded.
    [javac] warning: /root/.sdkman/candidates/java/8.0.302-open/lib/ct.sym(META-INF/sym/rt.jar/java/lang/Iterable.class): major version 52 is newer than 51, the highest major version supported by this compiler.
    [javac]   It is recommended that the compiler be upgraded.
    [javac] warning: /root/.sdkman/candidates/java/8.0.302-open/lib/ct.sym(META-INF/sym/rt.jar/java/util/BitSet.class): major version 52 is newer than 51, the highest major version supported by this compiler.
    [javac]   It is recommended that the compiler be upgraded.
    [javac] warning: /root/.sdkman/candidates/java/8.0.302-open/lib/ct.sym(META-INF/sym/rt.jar/java/io/ByteArrayOutputStream.class): major version 52 is newer than 51, the highest major version supported by this compiler.
    [javac]   It is recommended that the compiler be upgraded.
    [javac] warning: /root/.sdkman/candidates/java/8.0.302-open/lib/ct.sym(META-INF/sym/rt.jar/java/nio/charset/IllegalCharsetNameException.class): major version 52 is newer than 51, the highest major version supported by this compiler.
    [javac]   It is recommended that the compiler be upgraded.
    [javac] warning: /root/.sdkman/candidates/java/8.0.302-open/lib/ct.sym(META-INF/sym/rt.jar/java/nio/charset/UnsupportedCharsetException.class): major version 52 is newer than 51, the highest major version supported by this compiler.
    [javac]   It is recommended that the compiler be upgraded.
    [javac] warning: /root/.sdkman/candidates/java/8.0.302-open/lib/ct.sym(META-INF/sym/rt.jar/java/lang/IllegalArgumentException.class): major version 52 is newer than 51, the highest major version supported by this compiler.
    [javac]   It is recommended that the compiler be upgraded.
    [javac] /root/.sdkman/candidates/java/8.0.302-open/lib/ct.sym(META-INF/sym/rt.jar/java/lang/Object.class): warning: Cannot find annotation method 'value()' in type 'Profile+Annotation': class file for jdk.Profile+Annotation not found
    [javac] /root/.sdkman/candidates/java/8.0.302-open/lib/ct.sym(META-INF/sym/rt.jar/java/lang/Exception.class): warning: Cannot find annotation method 'value()' in type 'Profile+Annotation'
    [javac] /root/.sdkman/candidates/java/8.0.302-open/lib/ct.sym(META-INF/sym/rt.jar/java/lang/Throwable.class): warning: Cannot find annotation method 'value()' in type 'Profile+Annotation'
    [javac] /root/.sdkman/candidates/java/8.0.302-open/lib/ct.sym(META-INF/sym/rt.jar/java/io/Serializable.class): warning: Cannot find annotation method 'value()' in type 'Profile+Annotation'
    [javac] /root/.sdkman/candidates/java/8.0.302-open/lib/ct.sym(META-INF/sym/rt.jar/java/lang/String.class): warning: Cannot find annotation method 'value()' in type 'Profile+Annotation'
    [javac] /root/.sdkman/candidates/java/8.0.302-open/lib/ct.sym(META-INF/sym/rt.jar/java/nio/charset/Charset.class): warning: Cannot find annotation method 'value()' in type 'Profile+Annotation'
    [javac] /root/.sdkman/candidates/java/8.0.302-open/lib/ct.sym(META-INF/sym/rt.jar/java/util/Comparator.class): warning: Cannot find annotation method 'value()' in type 'Profile+Annotation'
    [javac] warning: /root/.sdkman/candidates/java/8.0.302-open/lib/ct.sym(META-INF/sym/rt.jar/java/lang/annotation/Target.class): major version 52 is newer than 51, the highest major version supported by this compiler.
    [javac]   It is recommended that the compiler be upgraded.
    [javac] warning: /root/.sdkman/candidates/java/8.0.302-open/lib/ct.sym(META-INF/sym/rt.jar/java/lang/annotation/ElementType.class): major version 52 is newer than 51, the highest major version supported by this compiler.
    [javac]   It is recommended that the compiler be upgraded.
    [javac] warning: /root/.sdkman/candidates/java/8.0.302-open/lib/ct.sym(META-INF/sym/rt.jar/java/lang/annotation/Retention.class): major version 52 is newer than 51, the highest major version supported by this compiler.
    [javac]   It is recommended that the compiler be upgraded.
    [javac] warning: /root/.sdkman/candidates/java/8.0.302-open/lib/ct.sym(META-INF/sym/rt.jar/java/lang/annotation/RetentionPolicy.class): major version 52 is newer than 51, the highest major version supported by this compiler.
    [javac]   It is recommended that the compiler be upgraded.
    [javac] /root/.sdkman/candidates/java/8.0.302-open/lib/ct.sym(META-INF/sym/rt.jar/java/lang/SuppressWarnings.class): warning: Cannot find annotation method 'value()' in type 'Profile+Annotation'
    [javac] warning: /root/.sdkman/candidates/java/8.0.302-open/lib/ct.sym(META-INF/sym/rt.jar/java/lang/annotation/Annotation.class): major version 52 is newer than 51, the highest major version supported by this compiler.
    [javac]   It is recommended that the compiler be upgraded.
    [javac] warning: /root/.sdkman/candidates/java/8.0.302-open/lib/ct.sym(META-INF/sym/rt.jar/java/lang/Override.class): major version 52 is newer than 51, the highest major version supported by this compiler.
    [javac]   It is recommended that the compiler be upgraded.
    [javac] /root/.sdkman/candidates/java/8.0.302-open/lib/ct.sym(META-INF/sym/rt.jar/java/util/Arrays.class): warning: Cannot find annotation method 'value()' in type 'Profile+Annotation'
    [javac] /root/.sdkman/candidates/java/8.0.302-open/lib/ct.sym(META-INF/sym/rt.jar/java/io/InputStream.class): warning: Cannot find annotation method 'value()' in type 'Profile+Annotation'
    [javac] /root/.sdkman/candidates/java/8.0.302-open/lib/ct.sym(META-INF/sym/rt.jar/java/io/FilterInputStream.class): warning: Cannot find annotation method 'value()' in type 'Profile+Annotation'
    [javac] /root/.sdkman/candidates/java/8.0.302-open/lib/ct.sym(META-INF/sym/rt.jar/java/io/IOException.class): warning: Cannot find annotation method 'value()' in type 'Profile+Annotation'
    [javac] /root/.sdkman/candidates/java/8.0.302-open/lib/ct.sym(META-INF/sym/rt.jar/java/io/Closeable.class): warning: Cannot find annotation method 'value()' in type 'Profile+Annotation'
    [javac] /root/.sdkman/candidates/java/8.0.302-open/lib/ct.sym(META-INF/sym/rt.jar/java/lang/AutoCloseable.class): warning: Cannot find annotation method 'value()' in type 'Profile+Annotation'
    [javac] /root/.sdkman/candidates/java/8.0.302-open/lib/ct.sym(META-INF/sym/rt.jar/java/io/OutputStream.class): warning: Cannot find annotation method 'value()' in type 'Profile+Annotation'
    [javac] /root/.sdkman/candidates/java/8.0.302-open/lib/ct.sym(META-INF/sym/rt.jar/java/io/FilterOutputStream.class): warning: Cannot find annotation method 'value()' in type 'Profile+Annotation'
    [javac] /root/.sdkman/candidates/java/8.0.302-open/lib/ct.sym(META-INF/sym/rt.jar/java/io/Flushable.class): warning: Cannot find annotation method 'value()' in type 'Profile+Annotation'
    [javac] /root/.sdkman/candidates/java/8.0.302-open/lib/ct.sym(META-INF/sym/rt.jar/java/math/BigInteger.class): warning: Cannot find annotation method 'value()' in type 'Profile+Annotation'
    [javac] /root/.sdkman/candidates/java/8.0.302-open/lib/ct.sym(META-INF/sym/rt.jar/java/lang/CharSequence.class): warning: Cannot find annotation method 'value()' in type 'Profile+Annotation'
    [javac] /root/.sdkman/candidates/java/8.0.302-open/lib/ct.sym(META-INF/sym/rt.jar/java/nio/ByteBuffer.class): warning: Cannot find annotation method 'value()' in type 'Profile+Annotation'
    [javac] /root/.sdkman/candidates/java/8.0.302-open/lib/ct.sym(META-INF/sym/rt.jar/java/io/UnsupportedEncodingException.class): warning: Cannot find annotation method 'value()' in type 'Profile+Annotation'
    [javac] /root/.sdkman/candidates/java/8.0.302-open/lib/ct.sym(META-INF/sym/rt.jar/java/lang/IllegalStateException.class): warning: Cannot find annotation method 'value()' in type 'Profile+Annotation'
    [javac] /root/.sdkman/candidates/java/8.0.302-open/lib/ct.sym(META-INF/sym/rt.jar/java/io/File.class): warning: Cannot find annotation method 'value()' in type 'Profile+Annotation'
    [javac] /root/.sdkman/candidates/java/8.0.302-open/lib/ct.sym(META-INF/sym/rt.jar/java/security/MessageDigest.class): warning: Cannot find annotation method 'value()' in type 'Profile+Annotation'
    [javac] /root/.sdkman/candidates/java/8.0.302-open/lib/ct.sym(META-INF/sym/rt.jar/java/util/Locale.class): warning: Cannot find annotation method 'value()' in type 'Profile+Annotation'
    [javac] /root/.sdkman/candidates/java/8.0.302-open/lib/ct.sym(META-INF/sym/rt.jar/java/util/Random.class): warning: Cannot find annotation method 'value()' in type 'Profile+Annotation'
    [javac] /root/.sdkman/candidates/java/8.0.302-open/lib/ct.sym(META-INF/sym/rt.jar/java/lang/StringBuilder.class): warning: Cannot find annotation method 'value()' in type 'Profile+Annotation'
    [javac] /root/.sdkman/candidates/java/8.0.302-open/lib/ct.sym(META-INF/sym/rt.jar/java/io/BufferedInputStream.class): warning: Cannot find annotation method 'value()' in type 'Profile+Annotation'
    [javac] /root/.sdkman/candidates/java/8.0.302-open/lib/ct.sym(META-INF/sym/rt.jar/java/io/FileInputStream.class): warning: Cannot find annotation method 'value()' in type 'Profile+Annotation'
    [javac] /root/.sdkman/candidates/java/8.0.302-open/lib/ct.sym(META-INF/sym/rt.jar/java/security/NoSuchAlgorithmException.class): warning: Cannot find annotation method 'value()' in type 'Profile+Annotation'
    [javac] /root/.sdkman/candidates/java/8.0.302-open/lib/ct.sym(META-INF/sym/rt.jar/java/lang/Enum.class): warning: Cannot find annotation method 'value()' in type 'Profile+Annotation'
    [javac] /root/.sdkman/candidates/java/8.0.302-open/lib/ct.sym(META-INF/sym/rt.jar/java/lang/Comparable.class): warning: Cannot find annotation method 'value()' in type 'Profile+Annotation'
    [javac] /root/.sdkman/candidates/java/8.0.302-open/lib/ct.sym(META-INF/sym/rt.jar/java/security/InvalidKeyException.class): warning: Cannot find annotation method 'value()' in type 'Profile+Annotation'
    [javac] 100 warnings
     [copy] Copying 129 files to /tmp/fix_test_suite.pl_19607_1702822346/target/classes
    [mkdir] Created dir: /tmp/fix_test_suite.pl_19607_1702822346/target/classes/META-INF
     [copy] Copying 2 files to /tmp/fix_test_suite.pl_19607_1702822346/target/classes/META-INF

compile:

compile.gen.tests:
     [echo] classes.dir: target/classes
     [echo] build.home: target/classes/..
    [mkdir] Created dir: /tmp/fix_test_suite.pl_19607_1702822346/.classes_testgen
    [javac] /defects4j/framework/projects/defects4j.build.xml:265: warning: 'includeantruntime' was not set, defaulting to build.sysclasspath=last; set to false for repeatable builds
    [javac] Compiling 1 source file to /tmp/fix_test_suite.pl_19607_1702822346/.classes_testgen
    [javac] warning: /root/.sdkman/candidates/java/8.0.302-open/lib/ct.sym(META-INF/sym/rt.jar/java/io/UnsupportedEncodingException.class): major version 52 is newer than 51, the highest major version supported by this compiler.
    [javac]   It is recommended that the compiler be upgraded.
    [javac] warning: /root/.sdkman/candidates/java/8.0.302-open/lib/ct.sym(META-INF/sym/rt.jar/java/util/Arrays.class): major version 52 is newer than 51, the highest major version supported by this compiler.
    [javac]   It is recommended that the compiler be upgraded.
    [javac] warning: /root/.sdkman/candidates/java/8.0.302-open/lib/ct.sym(META-INF/sym/rt.jar/java/lang/Object.class): major version 52 is newer than 51, the highest major version supported by this compiler.
    [javac]   It is recommended that the compiler be upgraded.
    [javac] warning: /root/.sdkman/candidates/java/8.0.302-open/lib/ct.sym(META-INF/sym/rt.jar/java/lang/String.class): major version 52 is newer than 51, the highest major version supported by this compiler.
    [javac]   It is recommended that the compiler be upgraded.
    [javac] /root/.sdkman/candidates/java/8.0.302-open/lib/ct.sym(META-INF/sym/rt.jar/java/io/UnsupportedEncodingException.class): warning: Cannot find annotation method 'value()' in type 'Profile+Annotation': class file for jdk.Profile+Annotation not found
    [javac] /root/.sdkman/candidates/java/8.0.302-open/lib/ct.sym(META-INF/sym/rt.jar/java/util/Arrays.class): warning: Cannot find annotation method 'value()' in type 'Profile+Annotation'
    [javac] warning: /root/.sdkman/candidates/java/8.0.302-open/lib/ct.sym(META-INF/sym/rt.jar/java/lang/annotation/Retention.class): major version 52 is newer than 51, the highest major version supported by this compiler.
    [javac]   It is recommended that the compiler be upgraded.
    [javac] warning: /root/.sdkman/candidates/java/8.0.302-open/lib/ct.sym(META-INF/sym/rt.jar/java/lang/annotation/RetentionPolicy.class): major version 52 is newer than 51, the highest major version supported by this compiler.
    [javac]   It is recommended that the compiler be upgraded.
    [javac] warning: /root/.sdkman/candidates/java/8.0.302-open/lib/ct.sym(META-INF/sym/rt.jar/java/lang/annotation/Target.class): major version 52 is newer than 51, the highest major version supported by this compiler.
    [javac]   It is recommended that the compiler be upgraded.
    [javac] warning: /root/.sdkman/candidates/java/8.0.302-open/lib/ct.sym(META-INF/sym/rt.jar/java/lang/annotation/ElementType.class): major version 52 is newer than 51, the highest major version supported by this compiler.
    [javac]   It is recommended that the compiler be upgraded.
    [javac] /root/.sdkman/candidates/java/8.0.302-open/lib/ct.sym(META-INF/sym/rt.jar/java/lang/Object.class): warning: Cannot find annotation method 'value()' in type 'Profile+Annotation'
    [javac] warning: /root/.sdkman/candidates/java/8.0.302-open/lib/ct.sym(META-INF/sym/rt.jar/java/lang/annotation/Annotation.class): major version 52 is newer than 51, the highest major version supported by this compiler.
    [javac]   It is recommended that the compiler be upgraded.
    [javac] /root/.sdkman/candidates/java/8.0.302-open/lib/ct.sym(META-INF/sym/rt.jar/java/lang/String.class): warning: Cannot find annotation method 'value()' in type 'Profile+Annotation'
    [javac] /root/.sdkman/candidates/java/8.0.302-open/lib/ct.sym(META-INF/sym/rt.jar/java/lang/annotation/Retention.class): warning: Cannot find annotation method 'value()' in type 'Profile+Annotation'
    [javac] /root/.sdkman/candidates/java/8.0.302-open/lib/ct.sym(META-INF/sym/rt.jar/java/lang/annotation/RetentionPolicy.class): warning: Cannot find annotation method 'value()' in type 'Profile+Annotation'
    [javac] /root/.sdkman/candidates/java/8.0.302-open/lib/ct.sym(META-INF/sym/rt.jar/java/lang/annotation/Target.class): warning: Cannot find annotation method 'value()' in type 'Profile+Annotation'
    [javac] /root/.sdkman/candidates/java/8.0.302-open/lib/ct.sym(META-INF/sym/rt.jar/java/lang/annotation/ElementType.class): warning: Cannot find annotation method 'value()' in type 'Profile+Annotation'
    [javac] /root/.sdkman/candidates/java/8.0.302-open/lib/ct.sym(META-INF/sym/rt.jar/java/lang/annotation/Annotation.class): warning: Cannot find annotation method 'value()' in type 'Profile+Annotation'
    [javac] warning: /root/.sdkman/candidates/java/8.0.302-open/lib/ct.sym(META-INF/sym/rt.jar/java/lang/AutoCloseable.class): major version 52 is newer than 51, the highest major version supported by this compiler.
    [javac]   It is recommended that the compiler be upgraded.
    [javac] /root/.sdkman/candidates/java/8.0.302-open/lib/ct.sym(META-INF/sym/rt.jar/java/lang/AutoCloseable.class): warning: Cannot find annotation method 'value()' in type 'Profile+Annotation'
    [javac] warning: /root/.sdkman/candidates/java/8.0.302-open/lib/ct.sym(META-INF/sym/rt.jar/java/io/IOException.class): major version 52 is newer than 51, the highest major version supported by this compiler.
    [javac]   It is recommended that the compiler be upgraded.
    [javac] /root/.sdkman/candidates/java/8.0.302-open/lib/ct.sym(META-INF/sym/rt.jar/java/io/IOException.class): warning: Cannot find annotation method 'value()' in type 'Profile+Annotation'
    [javac] warning: /root/.sdkman/candidates/java/8.0.302-open/lib/ct.sym(META-INF/sym/rt.jar/java/lang/Exception.class): major version 52 is newer than 51, the highest major version supported by this compiler.
    [javac]   It is recommended that the compiler be upgraded.
    [javac] /root/.sdkman/candidates/java/8.0.302-open/lib/ct.sym(META-INF/sym/rt.jar/java/lang/Exception.class): warning: Cannot find annotation method 'value()' in type 'Profile+Annotation'
    [javac] warning: /root/.sdkman/candidates/java/8.0.302-open/lib/ct.sym(META-INF/sym/rt.jar/java/lang/Throwable.class): major version 52 is newer than 51, the highest major version supported by this compiler.
    [javac]   It is recommended that the compiler be upgraded.
    [javac] /root/.sdkman/candidates/java/8.0.302-open/lib/ct.sym(META-INF/sym/rt.jar/java/lang/Throwable.class): warning: Cannot find annotation method 'value()' in type 'Profile+Annotation'
    [javac] /tmp/fix_test_suite.pl_19607_1702822346/llm/org/apache/commons/codec/binary/StringUtils_LLMTest.java:12: error: cannot find symbol
    [javac]         testGetBytesUnchecked(charsetName);
    [javac]         ^
    [javac]   symbol:   method testGetBytesUnchecked(String)
    [javac]   location: class StringUtils_LLMTest
    [javac] warning: /root/.sdkman/candidates/java/8.0.302-open/lib/ct.sym(META-INF/sym/rt.jar/java/nio/charset/Charset.class): major version 52 is newer than 51, the highest major version supported by this compiler.
    [javac]   It is recommended that the compiler be upgraded.
    [javac] /root/.sdkman/candidates/java/8.0.302-open/lib/ct.sym(META-INF/sym/rt.jar/java/nio/charset/Charset.class): warning: Cannot find annotation method 'value()' in type 'Profile+Annotation'
    [javac] /tmp/fix_test_suite.pl_19607_1702822346/llm/org/apache/commons/codec/binary/StringUtils_LLMTest.java:21: error: cannot find symbol
    [javac]         testGetBytesUnchecked(charsetName);
    [javac]         ^
    [javac]   symbol:   method testGetBytesUnchecked(String)
    [javac]   location: class StringUtils_LLMTest
    [javac] /tmp/fix_test_suite.pl_19607_1702822346/llm/org/apache/commons/codec/binary/StringUtils_LLMTest.java:30: error: cannot find symbol
    [javac]         testGetBytesUnchecked(charsetName);
    [javac]         ^
    [javac]   symbol:   method testGetBytesUnchecked(String)
    [javac]   location: class StringUtils_LLMTest
    [javac] /tmp/fix_test_suite.pl_19607_1702822346/llm/org/apache/commons/codec/binary/StringUtils_LLMTest.java:39: error: cannot find symbol
    [javac]         testGetBytesUnchecked(charsetName);
    [javac]         ^
    [javac]   symbol:   method testGetBytesUnchecked(String)
    [javac]   location: class StringUtils_LLMTest
    [javac] /tmp/fix_test_suite.pl_19607_1702822346/llm/org/apache/commons/codec/binary/StringUtils_LLMTest.java:48: error: cannot find symbol
    [javac]         testGetBytesUnchecked(charsetName);
    [javac]         ^
    [javac]   symbol:   method testGetBytesUnchecked(String)
    [javac]   location: class StringUtils_LLMTest
    [javac] /tmp/fix_test_suite.pl_19607_1702822346/llm/org/apache/commons/codec/binary/StringUtils_LLMTest.java:57: error: cannot find symbol
    [javac]         testGetBytesUnchecked(charsetName);
    [javac]         ^
    [javac]   symbol:   method testGetBytesUnchecked(String)
    [javac]   location: class StringUtils_LLMTest
    [javac] /tmp/fix_test_suite.pl_19607_1702822346/llm/org/apache/commons/codec/binary/StringUtils_LLMTest.java:65: error: cannot find symbol
    [javac]     testGetBytesUnchecked(charsetName);
    [javac]     ^
    [javac]   symbol:   method testGetBytesUnchecked(String)
    [javac]   location: class StringUtils_LLMTest
    [javac] /tmp/fix_test_suite.pl_19607_1702822346/llm/org/apache/commons/codec/binary/StringUtils_LLMTest.java:66: error: cannot find symbol
    [javac]     final byte[] expected = STRING_FIXTURE.getBytes(charsetName);
    [javac]                             ^
    [javac]   symbol:   variable STRING_FIXTURE
    [javac]   location: class StringUtils_LLMTest
    [javac] /tmp/fix_test_suite.pl_19607_1702822346/llm/org/apache/commons/codec/binary/StringUtils_LLMTest.java:67: error: cannot find symbol
    [javac]     final byte[] actual = StringUtils.getBytesIso8859_1(STRING_FIXTURE);
    [javac]                                                         ^
    [javac]   symbol:   variable STRING_FIXTURE
    [javac]   location: class StringUtils_LLMTest
    [javac] /tmp/fix_test_suite.pl_19607_1702822346/llm/org/apache/commons/codec/binary/StringUtils_LLMTest.java:122: error: cannot find symbol
    [javac]             StringUtils.getBytesUnchecked(STRING_FIXTURE, charsetName);
    [javac]                                           ^
    [javac]   symbol:   variable STRING_FIXTURE
    [javac]   location: class StringUtils_LLMTest
    [javac] warning: /root/.sdkman/candidates/java/8.0.302-open/lib/ct.sym(META-INF/sym/rt.jar/java/lang/IllegalStateException.class): major version 52 is newer than 51, the highest major version supported by this compiler.
    [javac]   It is recommended that the compiler be upgraded.
    [javac] /root/.sdkman/candidates/java/8.0.302-open/lib/ct.sym(META-INF/sym/rt.jar/java/lang/IllegalStateException.class): warning: Cannot find annotation method 'value()' in type 'Profile+Annotation'
    [javac] warning: /root/.sdkman/candidates/java/8.0.302-open/lib/ct.sym(META-INF/sym/rt.jar/java/lang/Class.class): major version 52 is newer than 51, the highest major version supported by this compiler.
    [javac]   It is recommended that the compiler be upgraded.
    [javac] /root/.sdkman/candidates/java/8.0.302-open/lib/ct.sym(META-INF/sym/rt.jar/java/lang/Class.class): warning: Cannot find annotation method 'value()' in type 'Profile+Annotation'
    [javac] warning: /root/.sdkman/candidates/java/8.0.302-open/lib/ct.sym(META-INF/sym/rt.jar/java/lang/RuntimeException.class): major version 52 is newer than 51, the highest major version supported by this compiler.
    [javac]   It is recommended that the compiler be upgraded.
    [javac] /root/.sdkman/candidates/java/8.0.302-open/lib/ct.sym(META-INF/sym/rt.jar/java/lang/RuntimeException.class): warning: Cannot find annotation method 'value()' in type 'Profile+Annotation'
    [javac] /tmp/fix_test_suite.pl_19607_1702822346/llm/org/apache/commons/codec/binary/StringUtils_LLMTest.java:132: error: cannot find symbol
    [javac]             StringUtils.getBytesUnchecked(STRING_FIXTURE, charsetName);
    [javac]                                           ^
    [javac]   symbol:   variable STRING_FIXTURE
    [javac]   location: class StringUtils_LLMTest
    [javac] /tmp/fix_test_suite.pl_19607_1702822346/llm/org/apache/commons/codec/binary/StringUtils_LLMTest.java:142: error: cannot find symbol
    [javac]             StringUtils.getBytesUnchecked(STRING_FIXTURE, charsetName);
    [javac]                                           ^
    [javac]   symbol:   variable STRING_FIXTURE
    [javac]   location: class StringUtils_LLMTest
    [javac] /tmp/fix_test_suite.pl_19607_1702822346/llm/org/apache/commons/codec/binary/StringUtils_LLMTest.java:152: error: cannot find symbol
    [javac]             StringUtils.getBytesUnchecked(STRING_FIXTURE, charsetName);
    [javac]                                           ^
    [javac]   symbol:   variable STRING_FIXTURE
    [javac]   location: class StringUtils_LLMTest
    [javac] /tmp/fix_test_suite.pl_19607_1702822346/llm/org/apache/commons/codec/binary/StringUtils_LLMTest.java:162: error: cannot find symbol
    [javac]             StringUtils.getBytesUnchecked(STRING_FIXTURE, charsetName);
    [javac]                                           ^
    [javac]   symbol:   variable STRING_FIXTURE
    [javac]   location: class StringUtils_LLMTest
    [javac] /tmp/fix_test_suite.pl_19607_1702822346/llm/org/apache/commons/codec/binary/StringUtils_LLMTest.java:172: error: cannot find symbol
    [javac]             StringUtils.getBytesUnchecked(STRING_FIXTURE, charsetName);
    [javac]                                           ^
    [javac]   symbol:   variable STRING_FIXTURE
    [javac]   location: class StringUtils_LLMTest
    [javac] /tmp/fix_test_suite.pl_19607_1702822346/llm/org/apache/commons/codec/binary/StringUtils_LLMTest.java:181: error: cannot find symbol
    [javac]         testGetBytesUnchecked(charsetName);
    [javac]         ^
    [javac]   symbol:   method testGetBytesUnchecked(String)
    [javac]   location: class StringUtils_LLMTest
    [javac] /tmp/fix_test_suite.pl_19607_1702822346/llm/org/apache/commons/codec/binary/StringUtils_LLMTest.java:189: error: cannot find symbol
    [javac]         testGetBytesUnchecked(charsetName);
    [javac]         ^
    [javac]   symbol:   method testGetBytesUnchecked(String)
    [javac]   location: class StringUtils_LLMTest
    [javac] /tmp/fix_test_suite.pl_19607_1702822346/llm/org/apache/commons/codec/binary/StringUtils_LLMTest.java:197: error: cannot find symbol
    [javac]         testGetBytesUnchecked(charsetName);
    [javac]         ^
    [javac]   symbol:   method testGetBytesUnchecked(String)
    [javac]   location: class StringUtils_LLMTest
    [javac] /tmp/fix_test_suite.pl_19607_1702822346/llm/org/apache/commons/codec/binary/StringUtils_LLMTest.java:205: error: cannot find symbol
    [javac]         testGetBytesUnchecked(charsetName);
    [javac]         ^
    [javac]   symbol:   method testGetBytesUnchecked(String)
    [javac]   location: class StringUtils_LLMTest
    [javac] /tmp/fix_test_suite.pl_19607_1702822346/llm/org/apache/commons/codec/binary/StringUtils_LLMTest.java:206: error: cannot find symbol
    [javac]         final byte[] expected = STRING_FIXTURE.getBytes(charsetName);
    [javac]                                 ^
    [javac]   symbol:   variable STRING_FIXTURE
    [javac]   location: class StringUtils_LLMTest
    [javac] /tmp/fix_test_suite.pl_19607_1702822346/llm/org/apache/commons/codec/binary/StringUtils_LLMTest.java:207: error: cannot find symbol
    [javac]         final byte[] actual = StringUtils.getBytesUtf16(STRING_FIXTURE);
    [javac]                                                         ^
    [javac]   symbol:   variable STRING_FIXTURE
    [javac]   location: class StringUtils_LLMTest
    [javac] /tmp/fix_test_suite.pl_19607_1702822346/llm/org/apache/commons/codec/binary/StringUtils_LLMTest.java:219: error: cannot find symbol
    [javac]         testGetBytesUnchecked(charsetName);
    [javac]         ^
    [javac]   symbol:   method testGetBytesUnchecked(String)
    [javac]   location: class StringUtils_LLMTest
    [javac] /tmp/fix_test_suite.pl_19607_1702822346/llm/org/apache/commons/codec/binary/StringUtils_LLMTest.java:220: error: cannot find symbol
    [javac]         final byte[] expected = STRING_FIXTURE.getBytes(charsetName);
    [javac]                                 ^
    [javac]   symbol:   variable STRING_FIXTURE
    [javac]   location: class StringUtils_LLMTest
    [javac] /tmp/fix_test_suite.pl_19607_1702822346/llm/org/apache/commons/codec/binary/StringUtils_LLMTest.java:221: error: cannot find symbol
    [javac]         final byte[] actual = StringUtils.getBytesUtf16Be(STRING_FIXTURE);
    [javac]                                                           ^
    [javac]   symbol:   variable STRING_FIXTURE
    [javac]   location: class StringUtils_LLMTest
    [javac] /tmp/fix_test_suite.pl_19607_1702822346/llm/org/apache/commons/codec/binary/StringUtils_LLMTest.java:227: error: cannot find symbol
    [javac]         testGetBytesUnchecked(charsetName);
    [javac]         ^
    [javac]   symbol:   method testGetBytesUnchecked(String)
    [javac]   location: class StringUtils_LLMTest
    [javac] /tmp/fix_test_suite.pl_19607_1702822346/llm/org/apache/commons/codec/binary/StringUtils_LLMTest.java:235: error: cannot find symbol
    [javac]         testGetBytesUnchecked(charsetName);
    [javac]         ^
    [javac]   symbol:   method testGetBytesUnchecked(String)
    [javac]   location: class StringUtils_LLMTest
    [javac] /tmp/fix_test_suite.pl_19607_1702822346/llm/org/apache/commons/codec/binary/StringUtils_LLMTest.java:244: error: cannot find symbol
    [javac]         testGetBytesUnchecked(charsetName);
    [javac]         ^
    [javac]   symbol:   method testGetBytesUnchecked(String)
    [javac]   location: class StringUtils_LLMTest
    [javac] /tmp/fix_test_suite.pl_19607_1702822346/llm/org/apache/commons/codec/binary/StringUtils_LLMTest.java:252: error: cannot find symbol
    [javac]         testGetBytesUnchecked(charsetName);
    [javac]         ^
    [javac]   symbol:   method testGetBytesUnchecked(String)
    [javac]   location: class StringUtils_LLMTest
    [javac] /tmp/fix_test_suite.pl_19607_1702822346/llm/org/apache/commons/codec/binary/StringUtils_LLMTest.java:253: error: method getBytes in class StringUtils cannot be applied to given types;
    [javac]         final byte[] expected = StringUtils.getBytes(charsetName);
    [javac]                                            ^
    [javac]   required: String,Charset
    [javac]   found: String
    [javac]   reason: actual and formal argument lists differ in length
    [javac] /tmp/fix_test_suite.pl_19607_1702822346/llm/org/apache/commons/codec/binary/StringUtils_LLMTest.java:260: error: cannot find symbol
    [javac]         testGetBytesUnchecked(charsetName);
    [javac]         ^
    [javac]   symbol:   method testGetBytesUnchecked(String)
    [javac]   location: class StringUtils_LLMTest
    [javac] /tmp/fix_test_suite.pl_19607_1702822346/llm/org/apache/commons/codec/binary/StringUtils_LLMTest.java:261: error: method getBytes in class StringUtils cannot be applied to given types;
    [javac]         final byte[] expected = StringUtils.getBytes(charsetName);
    [javac]                                            ^
    [javac]   required: String,Charset
    [javac]   found: String
    [javac]   reason: actual and formal argument lists differ in length
    [javac] /tmp/fix_test_suite.pl_19607_1702822346/llm/org/apache/commons/codec/binary/StringUtils_LLMTest.java:268: error: cannot find symbol
    [javac]         testGetBytesUnchecked(charsetName);
    [javac]         ^
    [javac]   symbol:   method testGetBytesUnchecked(String)
    [javac]   location: class StringUtils_LLMTest
    [javac] /tmp/fix_test_suite.pl_19607_1702822346/llm/org/apache/commons/codec/binary/StringUtils_LLMTest.java:269: error: method getBytes in class StringUtils cannot be applied to given types;
    [javac]         final byte[] expected = StringUtils.getBytes(charsetName);
    [javac]                                            ^
    [javac]   required: String,Charset
    [javac]   found: String
    [javac]   reason: actual and formal argument lists differ in length
    [javac] /tmp/fix_test_suite.pl_19607_1702822346/llm/org/apache/commons/codec/binary/StringUtils_LLMTest.java:276: error: cannot find symbol
    [javac]         testGetBytesUnchecked(charsetName);
    [javac]         ^
    [javac]   symbol:   method testGetBytesUnchecked(String)
    [javac]   location: class StringUtils_LLMTest
    [javac] /tmp/fix_test_suite.pl_19607_1702822346/llm/org/apache/commons/codec/binary/StringUtils_LLMTest.java:277: error: cannot find symbol
    [javac]         final byte[] expected = STRING_FIXTURE.getBytes(charsetName);
    [javac]                                 ^
    [javac]   symbol:   variable STRING_FIXTURE
    [javac]   location: class StringUtils_LLMTest
    [javac] /tmp/fix_test_suite.pl_19607_1702822346/llm/org/apache/commons/codec/binary/StringUtils_LLMTest.java:278: error: cannot find symbol
    [javac]         final byte[] actual = StringUtils.getBytesUtf8(STRING_FIXTURE);
    [javac]                                                        ^
    [javac]   symbol:   variable STRING_FIXTURE
    [javac]   location: class StringUtils_LLMTest
    [javac] /tmp/fix_test_suite.pl_19607_1702822346/llm/org/apache/commons/codec/binary/StringUtils_LLMTest.java:284: error: cannot find symbol
    [javac]         testGetBytesUnchecked(charsetName);
    [javac]         ^
    [javac]   symbol:   method testGetBytesUnchecked(String)
    [javac]   location: class StringUtils_LLMTest
    [javac] /tmp/fix_test_suite.pl_19607_1702822346/llm/org/apache/commons/codec/binary/StringUtils_LLMTest.java:292: error: cannot find symbol
    [javac]         testGetBytesUnchecked(charsetName);
    [javac]         ^
    [javac]   symbol:   method testGetBytesUnchecked(String)
    [javac]   location: class StringUtils_LLMTest
    [javac] /tmp/fix_test_suite.pl_19607_1702822346/llm/org/apache/commons/codec/binary/StringUtils_LLMTest.java:300: error: cannot find symbol
    [javac]         testGetBytesUnchecked(charsetName);
    [javac]         ^
    [javac]   symbol:   method testGetBytesUnchecked(String)
    [javac]   location: class StringUtils_LLMTest
    [javac] /tmp/fix_test_suite.pl_19607_1702822346/llm/org/apache/commons/codec/binary/StringUtils_LLMTest.java:308: error: cannot find symbol
    [javac]         testGetBytesUnchecked(charsetName);
    [javac]         ^
    [javac]   symbol:   method testGetBytesUnchecked(String)
    [javac]   location: class StringUtils_LLMTest
    [javac] /tmp/fix_test_suite.pl_19607_1702822346/llm/org/apache/commons/codec/binary/StringUtils_LLMTest.java:316: error: cannot find symbol
    [javac]         StringUtils.newString(BYTES_FIXTURE, "UTF-16");
    [javac]                               ^
    [javac]   symbol:   variable BYTES_FIXTURE
    [javac]   location: class StringUtils_LLMTest
    [javac] /tmp/fix_test_suite.pl_19607_1702822346/llm/org/apache/commons/codec/binary/StringUtils_LLMTest.java:325: error: cannot find symbol
    [javac]         StringUtils.getBytesUnchecked(STRING_FIXTURE, "UTF-16");
    [javac]                                       ^
    [javac]   symbol:   variable STRING_FIXTURE
    [javac]   location: class StringUtils_LLMTest
    [javac] /tmp/fix_test_suite.pl_19607_1702822346/llm/org/apache/commons/codec/binary/StringUtils_LLMTest.java:334: error: cannot find symbol
    [javac]         StringUtils.newString(BYTES_FIXTURE, "ISO-8859-1");
    [javac]                               ^
    [javac]   symbol:   variable BYTES_FIXTURE
    [javac]   location: class StringUtils_LLMTest
    [javac] /tmp/fix_test_suite.pl_19607_1702822346/llm/org/apache/commons/codec/binary/StringUtils_LLMTest.java:343: error: cannot find symbol
    [javac]         StringUtils.getBytesUnchecked(STRING_FIXTURE, "ISO-8859-1");
    [javac]                                       ^
    [javac]   symbol:   variable STRING_FIXTURE
    [javac]   location: class StringUtils_LLMTest
    [javac] /tmp/fix_test_suite.pl_19607_1702822346/llm/org/apache/commons/codec/binary/StringUtils_LLMTest.java:352: error: cannot find symbol
    [javac]         testNewString(charsetName);
    [javac]         ^
    [javac]   symbol:   method testNewString(String)
    [javac]   location: class StringUtils_LLMTest
    [javac] /tmp/fix_test_suite.pl_19607_1702822346/llm/org/apache/commons/codec/binary/StringUtils_LLMTest.java:360: error: cannot find symbol
    [javac]         testNewString(charsetName);
    [javac]         ^
    [javac]   symbol:   method testNewString(String)
    [javac]   location: class StringUtils_LLMTest
    [javac] /tmp/fix_test_suite.pl_19607_1702822346/llm/org/apache/commons/codec/binary/StringUtils_LLMTest.java:361: error: cannot find symbol
    [javac]         final String expected = new String(BYTES_FIXTURE, charsetName);
    [javac]                                            ^
    [javac]   symbol:   variable BYTES_FIXTURE
    [javac]   location: class StringUtils_LLMTest
    [javac] /tmp/fix_test_suite.pl_19607_1702822346/llm/org/apache/commons/codec/binary/StringUtils_LLMTest.java:367: error: cannot find symbol
    [javac]         Assert.assertNull(StringUtils.newStringUtf8(BYTES_FIXTURE)); // change input to BYTES_FIXTURE
    [javac]                                                     ^
    [javac]   symbol:   variable BYTES_FIXTURE
    [javac]   location: class StringUtils_LLMTest
    [javac] /tmp/fix_test_suite.pl_19607_1702822346/llm/org/apache/commons/codec/binary/StringUtils_LLMTest.java:368: error: cannot find symbol
    [javac]         Assert.assertNull(StringUtils.newStringIso8859_1(BYTES_FIXTURE)); // change input to BYTES_FIXTURE
    [javac]                                                          ^
    [javac]   symbol:   variable BYTES_FIXTURE
    [javac]   location: class StringUtils_LLMTest
    [javac] /tmp/fix_test_suite.pl_19607_1702822346/llm/org/apache/commons/codec/binary/StringUtils_LLMTest.java:369: error: cannot find symbol
    [javac]         Assert.assertNull(StringUtils.newStringUsAscii(BYTES_FIXTURE)); // change input to BYTES_FIXTURE
    [javac]                                                        ^
    [javac]   symbol:   variable BYTES_FIXTURE
    [javac]   location: class StringUtils_LLMTest
    [javac] /tmp/fix_test_suite.pl_19607_1702822346/llm/org/apache/commons/codec/binary/StringUtils_LLMTest.java:370: error: cannot find symbol
    [javac]         Assert.assertNull(StringUtils.newStringUtf16(BYTES_FIXTURE)); // change input to BYTES_FIXTURE
    [javac]                                                      ^
    [javac]   symbol:   variable BYTES_FIXTURE
    [javac]   location: class StringUtils_LLMTest
    [javac] /tmp/fix_test_suite.pl_19607_1702822346/llm/org/apache/commons/codec/binary/StringUtils_LLMTest.java:371: error: cannot find symbol
    [javac]         Assert.assertNull(StringUtils.newStringUtf16Be(BYTES_FIXTURE)); // change input to BYTES_FIXTURE
    [javac]                                                        ^
    [javac]   symbol:   variable BYTES_FIXTURE
    [javac]   location: class StringUtils_LLMTest
    [javac] /tmp/fix_test_suite.pl_19607_1702822346/llm/org/apache/commons/codec/binary/StringUtils_LLMTest.java:372: error: cannot find symbol
    [javac]         Assert.assertNull(StringUtils.newStringUtf16Le(BYTES_FIXTURE)); // change input to BYTES_FIXTURE
    [javac]                                                        ^
    [javac]   symbol:   variable BYTES_FIXTURE
    [javac]   location: class StringUtils_LLMTest
    [javac] /tmp/fix_test_suite.pl_19607_1702822346/llm/org/apache/commons/codec/binary/StringUtils_LLMTest.java:377: error: cannot find symbol
    [javac]         testNewString(charsetName);
    [javac]         ^
    [javac]   symbol:   method testNewString(String)
    [javac]   location: class StringUtils_LLMTest
    [javac] /tmp/fix_test_suite.pl_19607_1702822346/llm/org/apache/commons/codec/binary/StringUtils_LLMTest.java:378: error: cannot find symbol
    [javac]         final String expected = new String(BYTES_FIXTURE, charsetName);
    [javac]                                            ^
    [javac]   symbol:   variable BYTES_FIXTURE
    [javac]   location: class StringUtils_LLMTest
    [javac] /tmp/fix_test_suite.pl_19607_1702822346/llm/org/apache/commons/codec/binary/StringUtils_LLMTest.java:385: error: cannot find symbol
    [javac]         testNewString(charsetName);
    [javac]         ^
    [javac]   symbol:   method testNewString(String)
    [javac]   location: class StringUtils_LLMTest
    [javac] /tmp/fix_test_suite.pl_19607_1702822346/llm/org/apache/commons/codec/binary/StringUtils_LLMTest.java:386: error: cannot find symbol
    [javac]         final String expected = new String(BYTES_FIXTURE, charsetName);
    [javac]                                            ^
    [javac]   symbol:   variable BYTES_FIXTURE
    [javac]   location: class StringUtils_LLMTest
    [javac] /tmp/fix_test_suite.pl_19607_1702822346/llm/org/apache/commons/codec/binary/StringUtils_LLMTest.java:393: error: cannot find symbol
    [javac]         testNewString(charsetName);
    [javac]         ^
    [javac]   symbol:   method testNewString(String)
    [javac]   location: class StringUtils_LLMTest
    [javac] /tmp/fix_test_suite.pl_19607_1702822346/llm/org/apache/commons/codec/binary/StringUtils_LLMTest.java:394: error: cannot find symbol
    [javac]         final String expected = new String(BYTES_FIXTURE, charsetName);
    [javac]                                            ^
    [javac]   symbol:   variable BYTES_FIXTURE
    [javac]   location: class StringUtils_LLMTest
    [javac] /tmp/fix_test_suite.pl_19607_1702822346/llm/org/apache/commons/codec/binary/StringUtils_LLMTest.java:415: error: cannot find symbol
    [javac]         testNewString(charsetName);
    [javac]         ^
    [javac]   symbol:   method testNewString(String)
    [javac]   location: class StringUtils_LLMTest
    [javac] /tmp/fix_test_suite.pl_19607_1702822346/llm/org/apache/commons/codec/binary/StringUtils_LLMTest.java:416: error: cannot find symbol
    [javac]         final String expected = new String(BYTES_FIXTURE_16LE, charsetName);
    [javac]                                            ^
    [javac]   symbol:   variable BYTES_FIXTURE_16LE
    [javac]   location: class StringUtils_LLMTest
    [javac] /tmp/fix_test_suite.pl_19607_1702822346/llm/org/apache/commons/codec/binary/StringUtils_LLMTest.java:491: error: cannot find symbol
    [javac]         testNewString(charsetName);
    [javac]         ^
    [javac]   symbol:   method testNewString(String)
    [javac]   location: class StringUtils_LLMTest
    [javac] /tmp/fix_test_suite.pl_19607_1702822346/llm/org/apache/commons/codec/binary/StringUtils_LLMTest.java:492: error: cannot find symbol
    [javac]         final String expected = new String(BYTES_FIXTURE, charsetName);
    [javac]                                            ^
    [javac]   symbol:   variable BYTES_FIXTURE
    [javac]   location: class StringUtils_LLMTest
    [javac] /tmp/fix_test_suite.pl_19607_1702822346/llm/org/apache/commons/codec/binary/StringUtils_LLMTest.java:493: error: cannot find symbol
    [javac]         final String actual = StringUtils.newStringIso8859_1(BYTES_FIXTURE);
    [javac]                                                              ^
    [javac]   symbol:   variable BYTES_FIXTURE
    [javac]   location: class StringUtils_LLMTest
    [javac] /tmp/fix_test_suite.pl_19607_1702822346/llm/org/apache/commons/codec/binary/StringUtils_LLMTest.java:524: error: cannot find symbol
    [javac]         final String expected = new String(bytes, Charsets.US_ASCII);
    [javac]                                                   ^
    [javac]   symbol:   variable Charsets
    [javac]   location: class StringUtils_LLMTest
    [javac] /tmp/fix_test_suite.pl_19607_1702822346/llm/org/apache/commons/codec/binary/StringUtils_LLMTest.java:526: error: cannot find symbol
    [javac]         assertEquals(expected, actual);
    [javac]         ^
    [javac]   symbol:   method assertEquals(String,String)
    [javac]   location: class StringUtils_LLMTest
    [javac] /tmp/fix_test_suite.pl_19607_1702822346/llm/org/apache/commons/codec/binary/StringUtils_LLMTest.java:533: error: cannot find symbol
    [javac]         assertEquals(expected, actual);
    [javac]         ^
    [javac]   symbol:   method assertEquals(String,String)
    [javac]   location: class StringUtils_LLMTest
    [javac] /tmp/fix_test_suite.pl_19607_1702822346/llm/org/apache/commons/codec/binary/StringUtils_LLMTest.java:538: error: cannot find symbol
    [javac]         final String expected = new String(bytes, Charsets.US_ASCII);
    [javac]                                                   ^
    [javac]   symbol:   variable Charsets
    [javac]   location: class StringUtils_LLMTest
    [javac] /tmp/fix_test_suite.pl_19607_1702822346/llm/org/apache/commons/codec/binary/StringUtils_LLMTest.java:540: error: cannot find symbol
    [javac]         assertEquals(expected, actual);
    [javac]         ^
    [javac]   symbol:   method assertEquals(String,String)
    [javac]   location: class StringUtils_LLMTest
    [javac] /tmp/fix_test_suite.pl_19607_1702822346/llm/org/apache/commons/codec/binary/StringUtils_LLMTest.java:545: error: cannot find symbol
    [javac]         testNewString(charsetName);
    [javac]         ^
    [javac]   symbol:   method testNewString(String)
    [javac]   location: class StringUtils_LLMTest
    [javac] /tmp/fix_test_suite.pl_19607_1702822346/llm/org/apache/commons/codec/binary/StringUtils_LLMTest.java:546: error: cannot find symbol
    [javac]         final String expected = new String(BYTES_FIXTURE, charsetName);
    [javac]                                            ^
    [javac]   symbol:   variable BYTES_FIXTURE
    [javac]   location: class StringUtils_LLMTest
    [javac] /tmp/fix_test_suite.pl_19607_1702822346/llm/org/apache/commons/codec/binary/StringUtils_LLMTest.java:547: error: cannot find symbol
    [javac]         final String actual = StringUtils.newStringUtf16(BYTES_FIXTURE);
    [javac]                                                          ^
    [javac]   symbol:   variable BYTES_FIXTURE
    [javac]   location: class StringUtils_LLMTest
    [javac] /tmp/fix_test_suite.pl_19607_1702822346/llm/org/apache/commons/codec/binary/StringUtils_LLMTest.java:553: error: cannot find symbol
    [javac]         testNewString(charsetName);
    [javac]         ^
    [javac]   symbol:   method testNewString(String)
    [javac]   location: class StringUtils_LLMTest
    [javac] /tmp/fix_test_suite.pl_19607_1702822346/llm/org/apache/commons/codec/binary/StringUtils_LLMTest.java:561: error: cannot find symbol
    [javac]         testNewString(charsetName);
    [javac]         ^
    [javac]   symbol:   method testNewString(String)
    [javac]   location: class StringUtils_LLMTest
    [javac] /tmp/fix_test_suite.pl_19607_1702822346/llm/org/apache/commons/codec/binary/StringUtils_LLMTest.java:569: error: cannot find symbol
    [javac]         testNewString(charsetName);
    [javac]         ^
    [javac]   symbol:   method testNewString(String)
    [javac]   location: class StringUtils_LLMTest
    [javac] /tmp/fix_test_suite.pl_19607_1702822346/llm/org/apache/commons/codec/binary/StringUtils_LLMTest.java:578: error: cannot find symbol
    [javac]         final String expected = new String(bytes, Charsets.UTF_16BE);
    [javac]                                                   ^
    [javac]   symbol:   variable Charsets
    [javac]   location: class StringUtils_LLMTest
    [javac] /tmp/fix_test_suite.pl_19607_1702822346/llm/org/apache/commons/codec/binary/StringUtils_LLMTest.java:592: error: cannot find symbol
    [javac]         final String expected = new String(bytes, Charsets.UTF_16BE);
    [javac]                                                   ^
    [javac]   symbol:   variable Charsets
    [javac]   location: class StringUtils_LLMTest
    [javac] /tmp/fix_test_suite.pl_19607_1702822346/llm/org/apache/commons/codec/binary/StringUtils_LLMTest.java:599: error: cannot find symbol
    [javac]         final String expected = new String(bytes, Charsets.UTF_16BE);
    [javac]                                                   ^
    [javac]   symbol:   variable Charsets
    [javac]   location: class StringUtils_LLMTest
    [javac] /tmp/fix_test_suite.pl_19607_1702822346/llm/org/apache/commons/codec/binary/StringUtils_LLMTest.java:632: error: cannot find symbol
    [javac]         testNewString(charsetName);
    [javac]         ^
    [javac]   symbol:   method testNewString(String)
    [javac]   location: class StringUtils_LLMTest
    [javac] /tmp/fix_test_suite.pl_19607_1702822346/llm/org/apache/commons/codec/binary/StringUtils_LLMTest.java:633: error: cannot find symbol
    [javac]         final String expected = new String(BYTES_FIXTURE, charsetName);
    [javac]                                            ^
    [javac]   symbol:   variable BYTES_FIXTURE
    [javac]   location: class StringUtils_LLMTest
    [javac] /tmp/fix_test_suite.pl_19607_1702822346/llm/org/apache/commons/codec/binary/StringUtils_LLMTest.java:634: error: cannot find symbol
    [javac]         final String actual = StringUtils.newStringUtf8(BYTES_FIXTURE);
    [javac]                                                         ^
    [javac]   symbol:   variable BYTES_FIXTURE
    [javac]   location: class StringUtils_LLMTest
    [javac] /tmp/fix_test_suite.pl_19607_1702822346/llm/org/apache/commons/codec/binary/StringUtils_LLMTest.java:640: error: cannot find symbol
    [javac]         byte[] zeroBytes = new byte[BYTES_FIXTURE.length];
    [javac]                                     ^
    [javac]   symbol:   variable BYTES_FIXTURE
    [javac]   location: class StringUtils_LLMTest
    [javac] /tmp/fix_test_suite.pl_19607_1702822346/llm/org/apache/commons/codec/binary/StringUtils_LLMTest.java:647: error: cannot find symbol
    [javac]         byte[] maxBytes = new byte[BYTES_FIXTURE.length];
    [javac]                                    ^
    [javac]   symbol:   variable BYTES_FIXTURE
    [javac]   location: class StringUtils_LLMTest
    [javac] 83 errors
    [javac] 34 warnings

BUILD FAILED
/defects4j/framework/projects/defects4j.build.xml:265: Compile failed; see the compiler error output for details.

Total time: 1 second
