- Compilation issues: Codec-17b-llm.6.tar.bz2
Picked up JAVA_TOOL_OPTIONS: -Dfile.encoding=UTF8
OpenJDK 64-Bit Server VM warning: ignoring option MaxPermSize=1G; support was removed in 8.0
Buildfile: /defects4j/framework/projects/defects4j.build.xml

test-offline:

get-deps:

commons-codec-from-maven.compile:
    [mkdir] Created dir: /tmp/fix_test_suite.pl_27481_1702612546/target/classes
    [javac] /tmp/fix_test_suite.pl_27481_1702612546/maven-build.xml:78: warning: 'includeantruntime' was not set, defaulting to build.sysclasspath=last; set to false for repeatable builds
    [javac] Compiling 63 source files to /tmp/fix_test_suite.pl_27481_1702612546/target/classes
    [javac] warning: [options] bootstrap class path not set in conjunction with -source 1.6
    [javac] warning: /root/.sdkman/candidates/java/8.0.302-open/lib/ct.sym(META-INF/sym/rt.jar/java/lang/Object.class): major version 52 is newer than 51, the highest major version supported by this compiler.
    [javac]   It is recommended that the compiler be upgraded.
    [javac] warning: /root/.sdkman/candidates/java/8.0.302-open/lib/ct.sym(META-INF/sym/rt.jar/java/lang/Exception.class): major version 52 is newer than 51, the highest major version supported by this compiler.
    [javac]   It is recommended that the compiler be upgraded.
    [javac] warning: /root/.sdkman/candidates/java/8.0.302-open/lib/ct.sym(META-INF/sym/rt.jar/java/lang/Throwable.class): major version 52 is newer than 51, the highest major version supported by this compiler.
    [javac]   It is recommended that the compiler be upgraded.
    [javac] warning: /root/.sdkman/candidates/java/8.0.302-open/lib/ct.sym(META-INF/sym/rt.jar/java/io/Serializable.class): major version 52 is newer than 51, the highest major version supported by this compiler.
    [javac]   It is recommended that the compiler be upgraded.
    [javac] warning: /root/.sdkman/candidates/java/8.0.302-open/lib/ct.sym(META-INF/sym/rt.jar/java/lang/String.class): major version 52 is newer than 51, the highest major version supported by this compiler.
    [javac]   It is recommended that the compiler be upgraded.
    [javac] warning: /root/.sdkman/candidates/java/8.0.302-open/lib/ct.sym(META-INF/sym/rt.jar/java/nio/charset/Charset.class): major version 52 is newer than 51, the highest major version supported by this compiler.
    [javac]   It is recommended that the compiler be upgraded.
    [javac] warning: /root/.sdkman/candidates/java/8.0.302-open/lib/ct.sym(META-INF/sym/rt.jar/java/util/Comparator.class): major version 52 is newer than 51, the highest major version supported by this compiler.
    [javac]   It is recommended that the compiler be upgraded.
    [javac] warning: /root/.sdkman/candidates/java/8.0.302-open/lib/ct.sym(META-INF/sym/rt.jar/java/lang/SuppressWarnings.class): major version 52 is newer than 51, the highest major version supported by this compiler.
    [javac]   It is recommended that the compiler be upgraded.
    [javac] warning: /root/.sdkman/candidates/java/8.0.302-open/lib/ct.sym(META-INF/sym/rt.jar/java/util/Arrays.class): major version 52 is newer than 51, the highest major version supported by this compiler.
    [javac]   It is recommended that the compiler be upgraded.
    [javac] warning: /root/.sdkman/candidates/java/8.0.302-open/lib/ct.sym(META-INF/sym/rt.jar/java/io/InputStream.class): major version 52 is newer than 51, the highest major version supported by this compiler.
    [javac]   It is recommended that the compiler be upgraded.
    [javac] warning: /root/.sdkman/candidates/java/8.0.302-open/lib/ct.sym(META-INF/sym/rt.jar/java/io/FilterInputStream.class): major version 52 is newer than 51, the highest major version supported by this compiler.
    [javac]   It is recommended that the compiler be upgraded.
    [javac] warning: /root/.sdkman/candidates/java/8.0.302-open/lib/ct.sym(META-INF/sym/rt.jar/java/io/IOException.class): major version 52 is newer than 51, the highest major version supported by this compiler.
    [javac]   It is recommended that the compiler be upgraded.
    [javac] warning: /root/.sdkman/candidates/java/8.0.302-open/lib/ct.sym(META-INF/sym/rt.jar/java/io/Closeable.class): major version 52 is newer than 51, the highest major version supported by this compiler.
    [javac]   It is recommended that the compiler be upgraded.
    [javac] warning: /root/.sdkman/candidates/java/8.0.302-open/lib/ct.sym(META-INF/sym/rt.jar/java/lang/AutoCloseable.class): major version 52 is newer than 51, the highest major version supported by this compiler.
    [javac]   It is recommended that the compiler be upgraded.
    [javac] warning: /root/.sdkman/candidates/java/8.0.302-open/lib/ct.sym(META-INF/sym/rt.jar/java/io/OutputStream.class): major version 52 is newer than 51, the highest major version supported by this compiler.
    [javac]   It is recommended that the compiler be upgraded.
    [javac] warning: /root/.sdkman/candidates/java/8.0.302-open/lib/ct.sym(META-INF/sym/rt.jar/java/io/FilterOutputStream.class): major version 52 is newer than 51, the highest major version supported by this compiler.
    [javac]   It is recommended that the compiler be upgraded.
    [javac] warning: /root/.sdkman/candidates/java/8.0.302-open/lib/ct.sym(META-INF/sym/rt.jar/java/io/Flushable.class): major version 52 is newer than 51, the highest major version supported by this compiler.
    [javac]   It is recommended that the compiler be upgraded.
    [javac] warning: /root/.sdkman/candidates/java/8.0.302-open/lib/ct.sym(META-INF/sym/rt.jar/java/math/BigInteger.class): major version 52 is newer than 51, the highest major version supported by this compiler.
    [javac]   It is recommended that the compiler be upgraded.
    [javac] warning: /root/.sdkman/candidates/java/8.0.302-open/lib/ct.sym(META-INF/sym/rt.jar/java/lang/CharSequence.class): major version 52 is newer than 51, the highest major version supported by this compiler.
    [javac]   It is recommended that the compiler be upgraded.
    [javac] warning: /root/.sdkman/candidates/java/8.0.302-open/lib/ct.sym(META-INF/sym/rt.jar/java/nio/ByteBuffer.class): major version 52 is newer than 51, the highest major version supported by this compiler.
    [javac]   It is recommended that the compiler be upgraded.
    [javac] warning: /root/.sdkman/candidates/java/8.0.302-open/lib/ct.sym(META-INF/sym/rt.jar/java/io/UnsupportedEncodingException.class): major version 52 is newer than 51, the highest major version supported by this compiler.
    [javac]   It is recommended that the compiler be upgraded.
    [javac] warning: /root/.sdkman/candidates/java/8.0.302-open/lib/ct.sym(META-INF/sym/rt.jar/java/lang/IllegalStateException.class): major version 52 is newer than 51, the highest major version supported by this compiler.
    [javac]   It is recommended that the compiler be upgraded.
    [javac] warning: /root/.sdkman/candidates/java/8.0.302-open/lib/ct.sym(META-INF/sym/rt.jar/java/io/File.class): major version 52 is newer than 51, the highest major version supported by this compiler.
    [javac]   It is recommended that the compiler be upgraded.
    [javac] warning: /root/.sdkman/candidates/java/8.0.302-open/lib/ct.sym(META-INF/sym/rt.jar/java/security/MessageDigest.class): major version 52 is newer than 51, the highest major version supported by this compiler.
    [javac]   It is recommended that the compiler be upgraded.
    [javac] warning: /root/.sdkman/candidates/java/8.0.302-open/lib/ct.sym(META-INF/sym/rt.jar/java/util/Locale.class): major version 52 is newer than 51, the highest major version supported by this compiler.
    [javac]   It is recommended that the compiler be upgraded.
    [javac] warning: /root/.sdkman/candidates/java/8.0.302-open/lib/ct.sym(META-INF/sym/rt.jar/java/util/Random.class): major version 52 is newer than 51, the highest major version supported by this compiler.
    [javac]   It is recommended that the compiler be upgraded.
    [javac] warning: /root/.sdkman/candidates/java/8.0.302-open/lib/ct.sym(META-INF/sym/rt.jar/java/lang/StringBuilder.class): major version 52 is newer than 51, the highest major version supported by this compiler.
    [javac]   It is recommended that the compiler be upgraded.
    [javac] warning: /root/.sdkman/candidates/java/8.0.302-open/lib/ct.sym(META-INF/sym/rt.jar/java/io/BufferedInputStream.class): major version 52 is newer than 51, the highest major version supported by this compiler.
    [javac]   It is recommended that the compiler be upgraded.
    [javac] warning: /root/.sdkman/candidates/java/8.0.302-open/lib/ct.sym(META-INF/sym/rt.jar/java/io/FileInputStream.class): major version 52 is newer than 51, the highest major version supported by this compiler.
    [javac]   It is recommended that the compiler be upgraded.
    [javac] warning: /root/.sdkman/candidates/java/8.0.302-open/lib/ct.sym(META-INF/sym/rt.jar/java/security/NoSuchAlgorithmException.class): major version 52 is newer than 51, the highest major version supported by this compiler.
    [javac]   It is recommended that the compiler be upgraded.
    [javac] warning: /root/.sdkman/candidates/java/8.0.302-open/lib/ct.sym(META-INF/sym/rt.jar/java/lang/Enum.class): major version 52 is newer than 51, the highest major version supported by this compiler.
    [javac]   It is recommended that the compiler be upgraded.
    [javac] warning: /root/.sdkman/candidates/java/8.0.302-open/lib/ct.sym(META-INF/sym/rt.jar/java/lang/Comparable.class): major version 52 is newer than 51, the highest major version supported by this compiler.
    [javac]   It is recommended that the compiler be upgraded.
    [javac] warning: /root/.sdkman/candidates/java/8.0.302-open/lib/ct.sym(META-INF/sym/rt.jar/java/security/InvalidKeyException.class): major version 52 is newer than 51, the highest major version supported by this compiler.
    [javac]   It is recommended that the compiler be upgraded.
    [javac] warning: /root/.sdkman/candidates/java/8.0.302-open/lib/ct.sym(META-INF/sym/rt.jar/java/security/Key.class): major version 52 is newer than 51, the highest major version supported by this compiler.
    [javac]   It is recommended that the compiler be upgraded.
    [javac] warning: /root/.sdkman/candidates/java/8.0.302-open/jre/lib/jce.jar(javax/crypto/Mac.class): major version 52 is newer than 51, the highest major version supported by this compiler.
    [javac]   It is recommended that the compiler be upgraded.
    [javac] warning: /root/.sdkman/candidates/java/8.0.302-open/jre/lib/jce.jar(javax/crypto/spec/SecretKeySpec.class): major version 52 is newer than 51, the highest major version supported by this compiler.
    [javac]   It is recommended that the compiler be upgraded.
    [javac] warning: /root/.sdkman/candidates/java/8.0.302-open/lib/ct.sym(META-INF/sym/rt.jar/java/util/regex/Matcher.class): major version 52 is newer than 51, the highest major version supported by this compiler.
    [javac]   It is recommended that the compiler be upgraded.
    [javac] warning: /root/.sdkman/candidates/java/8.0.302-open/lib/ct.sym(META-INF/sym/rt.jar/java/util/regex/Pattern.class): major version 52 is newer than 51, the highest major version supported by this compiler.
    [javac]   It is recommended that the compiler be upgraded.
    [javac] warning: /root/.sdkman/candidates/java/8.0.302-open/lib/ct.sym(META-INF/sym/rt.jar/java/util/zip/Checksum.class): major version 52 is newer than 51, the highest major version supported by this compiler.
    [javac]   It is recommended that the compiler be upgraded.
    [javac] warning: /root/.sdkman/candidates/java/8.0.302-open/lib/ct.sym(META-INF/sym/rt.jar/java/lang/Deprecated.class): major version 52 is newer than 51, the highest major version supported by this compiler.
    [javac]   It is recommended that the compiler be upgraded.
    [javac] warning: /root/.sdkman/candidates/java/8.0.302-open/lib/ct.sym(META-INF/sym/rt.jar/java/util/ArrayList.class): major version 52 is newer than 51, the highest major version supported by this compiler.
    [javac]   It is recommended that the compiler be upgraded.
    [javac] warning: /root/.sdkman/candidates/java/8.0.302-open/lib/ct.sym(META-INF/sym/rt.jar/java/util/Collections.class): major version 52 is newer than 51, the highest major version supported by this compiler.
    [javac]   It is recommended that the compiler be upgraded.
    [javac] warning: /root/.sdkman/candidates/java/8.0.302-open/lib/ct.sym(META-INF/sym/rt.jar/java/util/HashMap.class): major version 52 is newer than 51, the highest major version supported by this compiler.
    [javac]   It is recommended that the compiler be upgraded.
    [javac] warning: /root/.sdkman/candidates/java/8.0.302-open/lib/ct.sym(META-INF/sym/rt.jar/java/util/LinkedHashSet.class): major version 52 is newer than 51, the highest major version supported by this compiler.
    [javac]   It is recommended that the compiler be upgraded.
    [javac] warning: /root/.sdkman/candidates/java/8.0.302-open/lib/ct.sym(META-INF/sym/rt.jar/java/util/List.class): major version 52 is newer than 51, the highest major version supported by this compiler.
    [javac]   It is recommended that the compiler be upgraded.
    [javac] warning: /root/.sdkman/candidates/java/8.0.302-open/lib/ct.sym(META-INF/sym/rt.jar/java/util/Map.class): major version 52 is newer than 51, the highest major version supported by this compiler.
    [javac]   It is recommended that the compiler be upgraded.
    [javac] warning: /root/.sdkman/candidates/java/8.0.302-open/lib/ct.sym(META-INF/sym/rt.jar/java/util/Scanner.class): major version 52 is newer than 51, the highest major version supported by this compiler.
    [javac]   It is recommended that the compiler be upgraded.
    [javac] warning: /root/.sdkman/candidates/java/8.0.302-open/lib/ct.sym(META-INF/sym/rt.jar/java/util/Set.class): major version 52 is newer than 51, the highest major version supported by this compiler.
    [javac]   It is recommended that the compiler be upgraded.
    [javac] warning: /root/.sdkman/candidates/java/8.0.302-open/lib/ct.sym(META-INF/sym/rt.jar/java/lang/Character.class): major version 52 is newer than 51, the highest major version supported by this compiler.
    [javac]   It is recommended that the compiler be upgraded.
    [javac] warning: /root/.sdkman/candidates/java/8.0.302-open/lib/ct.sym(META-INF/sym/rt.jar/java/util/EnumMap.class): major version 52 is newer than 51, the highest major version supported by this compiler.
    [javac]   It is recommended that the compiler be upgraded.
    [javac] warning: /root/.sdkman/candidates/java/8.0.302-open/lib/ct.sym(META-INF/sym/rt.jar/java/util/HashSet.class): major version 52 is newer than 51, the highest major version supported by this compiler.
    [javac]   It is recommended that the compiler be upgraded.
    [javac] warning: /root/.sdkman/candidates/java/8.0.302-open/lib/ct.sym(META-INF/sym/rt.jar/java/util/Iterator.class): major version 52 is newer than 51, the highest major version supported by this compiler.
    [javac]   It is recommended that the compiler be upgraded.
    [javac] warning: /root/.sdkman/candidates/java/8.0.302-open/lib/ct.sym(META-INF/sym/rt.jar/java/util/TreeMap.class): major version 52 is newer than 51, the highest major version supported by this compiler.
    [javac]   It is recommended that the compiler be upgraded.
    [javac] warning: /root/.sdkman/candidates/java/8.0.302-open/lib/ct.sym(META-INF/sym/rt.jar/java/util/NoSuchElementException.class): major version 52 is newer than 51, the highest major version supported by this compiler.
    [javac]   It is recommended that the compiler be upgraded.
    [javac] warning: /root/.sdkman/candidates/java/8.0.302-open/lib/ct.sym(META-INF/sym/rt.jar/java/lang/Iterable.class): major version 52 is newer than 51, the highest major version supported by this compiler.
    [javac]   It is recommended that the compiler be upgraded.
    [javac] warning: /root/.sdkman/candidates/java/8.0.302-open/lib/ct.sym(META-INF/sym/rt.jar/java/util/BitSet.class): major version 52 is newer than 51, the highest major version supported by this compiler.
    [javac]   It is recommended that the compiler be upgraded.
    [javac] warning: /root/.sdkman/candidates/java/8.0.302-open/lib/ct.sym(META-INF/sym/rt.jar/java/io/ByteArrayOutputStream.class): major version 52 is newer than 51, the highest major version supported by this compiler.
    [javac]   It is recommended that the compiler be upgraded.
    [javac] warning: /root/.sdkman/candidates/java/8.0.302-open/lib/ct.sym(META-INF/sym/rt.jar/java/nio/charset/IllegalCharsetNameException.class): major version 52 is newer than 51, the highest major version supported by this compiler.
    [javac]   It is recommended that the compiler be upgraded.
    [javac] warning: /root/.sdkman/candidates/java/8.0.302-open/lib/ct.sym(META-INF/sym/rt.jar/java/nio/charset/UnsupportedCharsetException.class): major version 52 is newer than 51, the highest major version supported by this compiler.
    [javac]   It is recommended that the compiler be upgraded.
    [javac] warning: /root/.sdkman/candidates/java/8.0.302-open/lib/ct.sym(META-INF/sym/rt.jar/java/lang/IllegalArgumentException.class): major version 52 is newer than 51, the highest major version supported by this compiler.
    [javac]   It is recommended that the compiler be upgraded.
    [javac] /root/.sdkman/candidates/java/8.0.302-open/lib/ct.sym(META-INF/sym/rt.jar/java/lang/Object.class): warning: Cannot find annotation method 'value()' in type 'Profile+Annotation': class file for jdk.Profile+Annotation not found
    [javac] /root/.sdkman/candidates/java/8.0.302-open/lib/ct.sym(META-INF/sym/rt.jar/java/lang/Exception.class): warning: Cannot find annotation method 'value()' in type 'Profile+Annotation'
    [javac] /root/.sdkman/candidates/java/8.0.302-open/lib/ct.sym(META-INF/sym/rt.jar/java/lang/Throwable.class): warning: Cannot find annotation method 'value()' in type 'Profile+Annotation'
    [javac] /root/.sdkman/candidates/java/8.0.302-open/lib/ct.sym(META-INF/sym/rt.jar/java/io/Serializable.class): warning: Cannot find annotation method 'value()' in type 'Profile+Annotation'
    [javac] /root/.sdkman/candidates/java/8.0.302-open/lib/ct.sym(META-INF/sym/rt.jar/java/lang/String.class): warning: Cannot find annotation method 'value()' in type 'Profile+Annotation'
    [javac] /root/.sdkman/candidates/java/8.0.302-open/lib/ct.sym(META-INF/sym/rt.jar/java/nio/charset/Charset.class): warning: Cannot find annotation method 'value()' in type 'Profile+Annotation'
    [javac] /root/.sdkman/candidates/java/8.0.302-open/lib/ct.sym(META-INF/sym/rt.jar/java/util/Comparator.class): warning: Cannot find annotation method 'value()' in type 'Profile+Annotation'
    [javac] warning: /root/.sdkman/candidates/java/8.0.302-open/lib/ct.sym(META-INF/sym/rt.jar/java/lang/annotation/Target.class): major version 52 is newer than 51, the highest major version supported by this compiler.
    [javac]   It is recommended that the compiler be upgraded.
    [javac] warning: /root/.sdkman/candidates/java/8.0.302-open/lib/ct.sym(META-INF/sym/rt.jar/java/lang/annotation/ElementType.class): major version 52 is newer than 51, the highest major version supported by this compiler.
    [javac]   It is recommended that the compiler be upgraded.
    [javac] warning: /root/.sdkman/candidates/java/8.0.302-open/lib/ct.sym(META-INF/sym/rt.jar/java/lang/annotation/Retention.class): major version 52 is newer than 51, the highest major version supported by this compiler.
    [javac]   It is recommended that the compiler be upgraded.
    [javac] warning: /root/.sdkman/candidates/java/8.0.302-open/lib/ct.sym(META-INF/sym/rt.jar/java/lang/annotation/RetentionPolicy.class): major version 52 is newer than 51, the highest major version supported by this compiler.
    [javac]   It is recommended that the compiler be upgraded.
    [javac] /root/.sdkman/candidates/java/8.0.302-open/lib/ct.sym(META-INF/sym/rt.jar/java/lang/SuppressWarnings.class): warning: Cannot find annotation method 'value()' in type 'Profile+Annotation'
    [javac] warning: /root/.sdkman/candidates/java/8.0.302-open/lib/ct.sym(META-INF/sym/rt.jar/java/lang/annotation/Annotation.class): major version 52 is newer than 51, the highest major version supported by this compiler.
    [javac]   It is recommended that the compiler be upgraded.
    [javac] warning: /root/.sdkman/candidates/java/8.0.302-open/lib/ct.sym(META-INF/sym/rt.jar/java/lang/Override.class): major version 52 is newer than 51, the highest major version supported by this compiler.
    [javac]   It is recommended that the compiler be upgraded.
    [javac] /root/.sdkman/candidates/java/8.0.302-open/lib/ct.sym(META-INF/sym/rt.jar/java/util/Arrays.class): warning: Cannot find annotation method 'value()' in type 'Profile+Annotation'
    [javac] /root/.sdkman/candidates/java/8.0.302-open/lib/ct.sym(META-INF/sym/rt.jar/java/io/InputStream.class): warning: Cannot find annotation method 'value()' in type 'Profile+Annotation'
    [javac] /root/.sdkman/candidates/java/8.0.302-open/lib/ct.sym(META-INF/sym/rt.jar/java/io/FilterInputStream.class): warning: Cannot find annotation method 'value()' in type 'Profile+Annotation'
    [javac] /root/.sdkman/candidates/java/8.0.302-open/lib/ct.sym(META-INF/sym/rt.jar/java/io/IOException.class): warning: Cannot find annotation method 'value()' in type 'Profile+Annotation'
    [javac] /root/.sdkman/candidates/java/8.0.302-open/lib/ct.sym(META-INF/sym/rt.jar/java/io/Closeable.class): warning: Cannot find annotation method 'value()' in type 'Profile+Annotation'
    [javac] /root/.sdkman/candidates/java/8.0.302-open/lib/ct.sym(META-INF/sym/rt.jar/java/lang/AutoCloseable.class): warning: Cannot find annotation method 'value()' in type 'Profile+Annotation'
    [javac] /root/.sdkman/candidates/java/8.0.302-open/lib/ct.sym(META-INF/sym/rt.jar/java/io/OutputStream.class): warning: Cannot find annotation method 'value()' in type 'Profile+Annotation'
    [javac] /root/.sdkman/candidates/java/8.0.302-open/lib/ct.sym(META-INF/sym/rt.jar/java/io/FilterOutputStream.class): warning: Cannot find annotation method 'value()' in type 'Profile+Annotation'
    [javac] /root/.sdkman/candidates/java/8.0.302-open/lib/ct.sym(META-INF/sym/rt.jar/java/io/Flushable.class): warning: Cannot find annotation method 'value()' in type 'Profile+Annotation'
    [javac] /root/.sdkman/candidates/java/8.0.302-open/lib/ct.sym(META-INF/sym/rt.jar/java/math/BigInteger.class): warning: Cannot find annotation method 'value()' in type 'Profile+Annotation'
    [javac] /root/.sdkman/candidates/java/8.0.302-open/lib/ct.sym(META-INF/sym/rt.jar/java/lang/CharSequence.class): warning: Cannot find annotation method 'value()' in type 'Profile+Annotation'
    [javac] /root/.sdkman/candidates/java/8.0.302-open/lib/ct.sym(META-INF/sym/rt.jar/java/nio/ByteBuffer.class): warning: Cannot find annotation method 'value()' in type 'Profile+Annotation'
    [javac] /root/.sdkman/candidates/java/8.0.302-open/lib/ct.sym(META-INF/sym/rt.jar/java/io/UnsupportedEncodingException.class): warning: Cannot find annotation method 'value()' in type 'Profile+Annotation'
    [javac] /root/.sdkman/candidates/java/8.0.302-open/lib/ct.sym(META-INF/sym/rt.jar/java/lang/IllegalStateException.class): warning: Cannot find annotation method 'value()' in type 'Profile+Annotation'
    [javac] /root/.sdkman/candidates/java/8.0.302-open/lib/ct.sym(META-INF/sym/rt.jar/java/io/File.class): warning: Cannot find annotation method 'value()' in type 'Profile+Annotation'
    [javac] /root/.sdkman/candidates/java/8.0.302-open/lib/ct.sym(META-INF/sym/rt.jar/java/security/MessageDigest.class): warning: Cannot find annotation method 'value()' in type 'Profile+Annotation'
    [javac] /root/.sdkman/candidates/java/8.0.302-open/lib/ct.sym(META-INF/sym/rt.jar/java/util/Locale.class): warning: Cannot find annotation method 'value()' in type 'Profile+Annotation'
    [javac] /root/.sdkman/candidates/java/8.0.302-open/lib/ct.sym(META-INF/sym/rt.jar/java/util/Random.class): warning: Cannot find annotation method 'value()' in type 'Profile+Annotation'
    [javac] /root/.sdkman/candidates/java/8.0.302-open/lib/ct.sym(META-INF/sym/rt.jar/java/lang/StringBuilder.class): warning: Cannot find annotation method 'value()' in type 'Profile+Annotation'
    [javac] /root/.sdkman/candidates/java/8.0.302-open/lib/ct.sym(META-INF/sym/rt.jar/java/io/BufferedInputStream.class): warning: Cannot find annotation method 'value()' in type 'Profile+Annotation'
    [javac] /root/.sdkman/candidates/java/8.0.302-open/lib/ct.sym(META-INF/sym/rt.jar/java/io/FileInputStream.class): warning: Cannot find annotation method 'value()' in type 'Profile+Annotation'
    [javac] /root/.sdkman/candidates/java/8.0.302-open/lib/ct.sym(META-INF/sym/rt.jar/java/security/NoSuchAlgorithmException.class): warning: Cannot find annotation method 'value()' in type 'Profile+Annotation'
    [javac] /root/.sdkman/candidates/java/8.0.302-open/lib/ct.sym(META-INF/sym/rt.jar/java/lang/Enum.class): warning: Cannot find annotation method 'value()' in type 'Profile+Annotation'
    [javac] /root/.sdkman/candidates/java/8.0.302-open/lib/ct.sym(META-INF/sym/rt.jar/java/lang/Comparable.class): warning: Cannot find annotation method 'value()' in type 'Profile+Annotation'
    [javac] /root/.sdkman/candidates/java/8.0.302-open/lib/ct.sym(META-INF/sym/rt.jar/java/security/InvalidKeyException.class): warning: Cannot find annotation method 'value()' in type 'Profile+Annotation'
    [javac] 100 warnings
     [copy] Copying 129 files to /tmp/fix_test_suite.pl_27481_1702612546/target/classes
    [mkdir] Created dir: /tmp/fix_test_suite.pl_27481_1702612546/target/classes/META-INF
     [copy] Copying 2 files to /tmp/fix_test_suite.pl_27481_1702612546/target/classes/META-INF

compile:

compile.gen.tests:
     [echo] classes.dir: target/classes
     [echo] build.home: target/classes/..
    [mkdir] Created dir: /tmp/fix_test_suite.pl_27481_1702612546/.classes_testgen
    [javac] /defects4j/framework/projects/defects4j.build.xml:265: warning: 'includeantruntime' was not set, defaulting to build.sysclasspath=last; set to false for repeatable builds
    [javac] Compiling 1 source file to /tmp/fix_test_suite.pl_27481_1702612546/.classes_testgen
    [javac] warning: /root/.sdkman/candidates/java/8.0.302-open/lib/ct.sym(META-INF/sym/rt.jar/java/io/UnsupportedEncodingException.class): major version 52 is newer than 51, the highest major version supported by this compiler.
    [javac]   It is recommended that the compiler be upgraded.
    [javac] warning: /root/.sdkman/candidates/java/8.0.302-open/lib/ct.sym(META-INF/sym/rt.jar/java/util/Arrays.class): major version 52 is newer than 51, the highest major version supported by this compiler.
    [javac]   It is recommended that the compiler be upgraded.
    [javac] warning: /root/.sdkman/candidates/java/8.0.302-open/lib/ct.sym(META-INF/sym/rt.jar/java/lang/Object.class): major version 52 is newer than 51, the highest major version supported by this compiler.
    [javac]   It is recommended that the compiler be upgraded.
    [javac] warning: /root/.sdkman/candidates/java/8.0.302-open/lib/ct.sym(META-INF/sym/rt.jar/java/lang/String.class): major version 52 is newer than 51, the highest major version supported by this compiler.
    [javac]   It is recommended that the compiler be upgraded.
    [javac] /root/.sdkman/candidates/java/8.0.302-open/lib/ct.sym(META-INF/sym/rt.jar/java/io/UnsupportedEncodingException.class): warning: Cannot find annotation method 'value()' in type 'Profile+Annotation': class file for jdk.Profile+Annotation not found
    [javac] /root/.sdkman/candidates/java/8.0.302-open/lib/ct.sym(META-INF/sym/rt.jar/java/util/Arrays.class): warning: Cannot find annotation method 'value()' in type 'Profile+Annotation'
    [javac] warning: /root/.sdkman/candidates/java/8.0.302-open/lib/ct.sym(META-INF/sym/rt.jar/java/lang/annotation/Retention.class): major version 52 is newer than 51, the highest major version supported by this compiler.
    [javac]   It is recommended that the compiler be upgraded.
    [javac] warning: /root/.sdkman/candidates/java/8.0.302-open/lib/ct.sym(META-INF/sym/rt.jar/java/lang/annotation/RetentionPolicy.class): major version 52 is newer than 51, the highest major version supported by this compiler.
    [javac]   It is recommended that the compiler be upgraded.
    [javac] warning: /root/.sdkman/candidates/java/8.0.302-open/lib/ct.sym(META-INF/sym/rt.jar/java/lang/annotation/Target.class): major version 52 is newer than 51, the highest major version supported by this compiler.
    [javac]   It is recommended that the compiler be upgraded.
    [javac] warning: /root/.sdkman/candidates/java/8.0.302-open/lib/ct.sym(META-INF/sym/rt.jar/java/lang/annotation/ElementType.class): major version 52 is newer than 51, the highest major version supported by this compiler.
    [javac]   It is recommended that the compiler be upgraded.
    [javac] /root/.sdkman/candidates/java/8.0.302-open/lib/ct.sym(META-INF/sym/rt.jar/java/lang/Object.class): warning: Cannot find annotation method 'value()' in type 'Profile+Annotation'
    [javac] warning: /root/.sdkman/candidates/java/8.0.302-open/lib/ct.sym(META-INF/sym/rt.jar/java/lang/annotation/Annotation.class): major version 52 is newer than 51, the highest major version supported by this compiler.
    [javac]   It is recommended that the compiler be upgraded.
    [javac] /root/.sdkman/candidates/java/8.0.302-open/lib/ct.sym(META-INF/sym/rt.jar/java/lang/String.class): warning: Cannot find annotation method 'value()' in type 'Profile+Annotation'
    [javac] /root/.sdkman/candidates/java/8.0.302-open/lib/ct.sym(META-INF/sym/rt.jar/java/lang/annotation/Retention.class): warning: Cannot find annotation method 'value()' in type 'Profile+Annotation'
    [javac] /root/.sdkman/candidates/java/8.0.302-open/lib/ct.sym(META-INF/sym/rt.jar/java/lang/annotation/RetentionPolicy.class): warning: Cannot find annotation method 'value()' in type 'Profile+Annotation'
    [javac] /root/.sdkman/candidates/java/8.0.302-open/lib/ct.sym(META-INF/sym/rt.jar/java/lang/annotation/Target.class): warning: Cannot find annotation method 'value()' in type 'Profile+Annotation'
    [javac] /root/.sdkman/candidates/java/8.0.302-open/lib/ct.sym(META-INF/sym/rt.jar/java/lang/annotation/ElementType.class): warning: Cannot find annotation method 'value()' in type 'Profile+Annotation'
    [javac] /root/.sdkman/candidates/java/8.0.302-open/lib/ct.sym(META-INF/sym/rt.jar/java/lang/annotation/Annotation.class): warning: Cannot find annotation method 'value()' in type 'Profile+Annotation'
    [javac] warning: /root/.sdkman/candidates/java/8.0.302-open/lib/ct.sym(META-INF/sym/rt.jar/java/lang/AutoCloseable.class): major version 52 is newer than 51, the highest major version supported by this compiler.
    [javac]   It is recommended that the compiler be upgraded.
    [javac] /root/.sdkman/candidates/java/8.0.302-open/lib/ct.sym(META-INF/sym/rt.jar/java/lang/AutoCloseable.class): warning: Cannot find annotation method 'value()' in type 'Profile+Annotation'
    [javac] /tmp/fix_test_suite.pl_27481_1702612546/llm/org/apache/commons/codec/binary/StringUtils_LLMTest.java:11: error: method equals in class Object cannot be applied to given types;
    [javac]     assertTrue(equals("hello", "hello"));
    [javac]                ^
    [javac]   required: Object
    [javac]   found: String,String
    [javac]   reason: actual and formal argument lists differ in length
    [javac] /tmp/fix_test_suite.pl_27481_1702612546/llm/org/apache/commons/codec/binary/StringUtils_LLMTest.java:14: error: method equals in class Object cannot be applied to given types;
    [javac]     assertFalse(equals("hello", "world"));
    [javac]                 ^
    [javac]   required: Object
    [javac]   found: String,String
    [javac]   reason: actual and formal argument lists differ in length
    [javac] /tmp/fix_test_suite.pl_27481_1702612546/llm/org/apache/commons/codec/binary/StringUtils_LLMTest.java:17: error: method equals in class Object cannot be applied to given types;
    [javac]     assertFalse(equals("hello", null));
    [javac]                 ^
    [javac]   required: Object
    [javac]   found: String,<null>
    [javac]   reason: actual and formal argument lists differ in length
    [javac] /tmp/fix_test_suite.pl_27481_1702612546/llm/org/apache/commons/codec/binary/StringUtils_LLMTest.java:20: error: method equals in class Object cannot be applied to given types;
    [javac]     assertFalse(equals(null, null));
    [javac]                 ^
    [javac]   required: Object
    [javac]   found: <null>,<null>
    [javac]   reason: actual and formal argument lists differ in length
    [javac] warning: /root/.sdkman/candidates/java/8.0.302-open/lib/ct.sym(META-INF/sym/rt.jar/java/lang/StringBuilder.class): major version 52 is newer than 51, the highest major version supported by this compiler.
    [javac]   It is recommended that the compiler be upgraded.
    [javac] /root/.sdkman/candidates/java/8.0.302-open/lib/ct.sym(META-INF/sym/rt.jar/java/lang/StringBuilder.class): warning: Cannot find annotation method 'value()' in type 'Profile+Annotation'
    [javac] warning: /root/.sdkman/candidates/java/8.0.302-open/lib/ct.sym(META-INF/sym/rt.jar/java/lang/CharSequence.class): major version 52 is newer than 51, the highest major version supported by this compiler.
    [javac]   It is recommended that the compiler be upgraded.
    [javac] /root/.sdkman/candidates/java/8.0.302-open/lib/ct.sym(META-INF/sym/rt.jar/java/lang/CharSequence.class): warning: Cannot find annotation method 'value()' in type 'Profile+Annotation'
    [javac] warning: /root/.sdkman/candidates/java/8.0.302-open/lib/ct.sym(META-INF/sym/rt.jar/java/io/Serializable.class): major version 52 is newer than 51, the highest major version supported by this compiler.
    [javac]   It is recommended that the compiler be upgraded.
    [javac] /root/.sdkman/candidates/java/8.0.302-open/lib/ct.sym(META-INF/sym/rt.jar/java/io/Serializable.class): warning: Cannot find annotation method 'value()' in type 'Profile+Annotation'
    [javac] warning: /root/.sdkman/candidates/java/8.0.302-open/lib/ct.sym(META-INF/sym/rt.jar/java/lang/Comparable.class): major version 52 is newer than 51, the highest major version supported by this compiler.
    [javac]   It is recommended that the compiler be upgraded.
    [javac] /root/.sdkman/candidates/java/8.0.302-open/lib/ct.sym(META-INF/sym/rt.jar/java/lang/Comparable.class): warning: Cannot find annotation method 'value()' in type 'Profile+Annotation'
    [javac] warning: /root/.sdkman/candidates/java/8.0.302-open/lib/ct.sym(META-INF/sym/rt.jar/java/lang/StringBuffer.class): major version 52 is newer than 51, the highest major version supported by this compiler.
    [javac]   It is recommended that the compiler be upgraded.
    [javac] /root/.sdkman/candidates/java/8.0.302-open/lib/ct.sym(META-INF/sym/rt.jar/java/lang/StringBuffer.class): warning: Cannot find annotation method 'value()' in type 'Profile+Annotation'
    [javac] /tmp/fix_test_suite.pl_27481_1702612546/llm/org/apache/commons/codec/binary/StringUtils_LLMTest.java:23: error: method equals in class Object cannot be applied to given types;
    [javac]     assertFalse(equals(new StringBuilder("hello"), new StringBuffer("hello")));
    [javac]                 ^
    [javac]   required: Object
    [javac]   found: StringBuilder,StringBuffer
    [javac]   reason: actual and formal argument lists differ in length
    [javac] /tmp/fix_test_suite.pl_27481_1702612546/llm/org/apache/commons/codec/binary/StringUtils_LLMTest.java:26: error: method equals in class Object cannot be applied to given types;
    [javac]     assertTrue(equals("", ""));
    [javac]                ^
    [javac]   required: Object
    [javac]   found: String,String
    [javac]   reason: actual and formal argument lists differ in length
    [javac] /tmp/fix_test_suite.pl_27481_1702612546/llm/org/apache/commons/codec/binary/StringUtils_LLMTest.java:29: error: method equals in class Object cannot be applied to given types;
    [javac]     assertFalse(equals("hello", ""));
    [javac]                 ^
    [javac]   required: Object
    [javac]   found: String,String
    [javac]   reason: actual and formal argument lists differ in length
    [javac] /tmp/fix_test_suite.pl_27481_1702612546/llm/org/apache/commons/codec/binary/StringUtils_LLMTest.java:32: error: method equals in class Object cannot be applied to given types;
    [javac]     assertFalse(equals("hello world", "hello"));
    [javac]                 ^
    [javac]   required: Object
    [javac]   found: String,String
    [javac]   reason: actual and formal argument lists differ in length
    [javac] /tmp/fix_test_suite.pl_27481_1702612546/llm/org/apache/commons/codec/binary/StringUtils_LLMTest.java:35: error: method equals in class Object cannot be applied to given types;
    [javac]     assertFalse(equals("HELLO", "hello"));
    [javac]                 ^
    [javac]   required: Object
    [javac]   found: String,String
    [javac]   reason: actual and formal argument lists differ in length
    [javac] warning: /root/.sdkman/candidates/java/8.0.302-open/lib/ct.sym(META-INF/sym/rt.jar/java/io/IOException.class): major version 52 is newer than 51, the highest major version supported by this compiler.
    [javac]   It is recommended that the compiler be upgraded.
    [javac] /root/.sdkman/candidates/java/8.0.302-open/lib/ct.sym(META-INF/sym/rt.jar/java/io/IOException.class): warning: Cannot find annotation method 'value()' in type 'Profile+Annotation'
    [javac] warning: /root/.sdkman/candidates/java/8.0.302-open/lib/ct.sym(META-INF/sym/rt.jar/java/lang/Exception.class): major version 52 is newer than 51, the highest major version supported by this compiler.
    [javac]   It is recommended that the compiler be upgraded.
    [javac] /root/.sdkman/candidates/java/8.0.302-open/lib/ct.sym(META-INF/sym/rt.jar/java/lang/Exception.class): warning: Cannot find annotation method 'value()' in type 'Profile+Annotation'
    [javac] warning: /root/.sdkman/candidates/java/8.0.302-open/lib/ct.sym(META-INF/sym/rt.jar/java/lang/Throwable.class): major version 52 is newer than 51, the highest major version supported by this compiler.
    [javac]   It is recommended that the compiler be upgraded.
    [javac] /root/.sdkman/candidates/java/8.0.302-open/lib/ct.sym(META-INF/sym/rt.jar/java/lang/Throwable.class): warning: Cannot find annotation method 'value()' in type 'Profile+Annotation'
    [javac] /tmp/fix_test_suite.pl_27481_1702612546/llm/org/apache/commons/codec/binary/StringUtils_LLMTest.java:40: error: cannot find symbol
    [javac]         testGetBytesUnchecked(charsetName);
    [javac]         ^
    [javac]   symbol:   method testGetBytesUnchecked(String)
    [javac]   location: class StringUtils_LLMTest
    [javac] /tmp/fix_test_suite.pl_27481_1702612546/llm/org/apache/commons/codec/binary/StringUtils_LLMTest.java:41: error: cannot find symbol
    [javac]         final byte[] expected = STRING_FIXTURE.getBytes(charsetName);
    [javac]                                 ^
    [javac]   symbol:   variable STRING_FIXTURE
    [javac]   location: class StringUtils_LLMTest
    [javac] /tmp/fix_test_suite.pl_27481_1702612546/llm/org/apache/commons/codec/binary/StringUtils_LLMTest.java:48: error: cannot find symbol
    [javac]         testGetBytesUnchecked(charsetName);
    [javac]         ^
    [javac]   symbol:   method testGetBytesUnchecked(String)
    [javac]   location: class StringUtils_LLMTest
    [javac] /tmp/fix_test_suite.pl_27481_1702612546/llm/org/apache/commons/codec/binary/StringUtils_LLMTest.java:49: error: cannot find symbol
    [javac]         final byte[] expected = STRING_FIXTURE.getBytes(charsetName);
    [javac]                                 ^
    [javac]   symbol:   variable STRING_FIXTURE
    [javac]   location: class StringUtils_LLMTest
    [javac] /tmp/fix_test_suite.pl_27481_1702612546/llm/org/apache/commons/codec/binary/StringUtils_LLMTest.java:56: error: cannot find symbol
    [javac]         testGetBytesUnchecked(charsetName);
    [javac]         ^
    [javac]   symbol:   method testGetBytesUnchecked(String)
    [javac]   location: class StringUtils_LLMTest
    [javac] /tmp/fix_test_suite.pl_27481_1702612546/llm/org/apache/commons/codec/binary/StringUtils_LLMTest.java:57: error: cannot find symbol
    [javac]         final byte[] expected = STRING_FIXTURE.getBytes(charsetName);
    [javac]                                 ^
    [javac]   symbol:   variable STRING_FIXTURE
    [javac]   location: class StringUtils_LLMTest
    [javac] /tmp/fix_test_suite.pl_27481_1702612546/llm/org/apache/commons/codec/binary/StringUtils_LLMTest.java:64: error: cannot find symbol
    [javac]         testGetBytesUnchecked(charsetName);
    [javac]         ^
    [javac]   symbol:   method testGetBytesUnchecked(String)
    [javac]   location: class StringUtils_LLMTest
    [javac] /tmp/fix_test_suite.pl_27481_1702612546/llm/org/apache/commons/codec/binary/StringUtils_LLMTest.java:65: error: cannot find symbol
    [javac]         final byte[] expected = STRING_FIXTURE.getBytes(charsetName);
    [javac]                                 ^
    [javac]   symbol:   variable STRING_FIXTURE
    [javac]   location: class StringUtils_LLMTest
    [javac] /tmp/fix_test_suite.pl_27481_1702612546/llm/org/apache/commons/codec/binary/StringUtils_LLMTest.java:72: error: cannot find symbol
    [javac]         testGetBytesUnchecked(charsetName);
    [javac]         ^
    [javac]   symbol:   method testGetBytesUnchecked(String)
    [javac]   location: class StringUtils_LLMTest
    [javac] /tmp/fix_test_suite.pl_27481_1702612546/llm/org/apache/commons/codec/binary/StringUtils_LLMTest.java:73: error: cannot find symbol
    [javac]         final byte[] expected = STRING_FIXTURE.getBytes(charsetName);
    [javac]                                 ^
    [javac]   symbol:   variable STRING_FIXTURE
    [javac]   location: class StringUtils_LLMTest
    [javac] /tmp/fix_test_suite.pl_27481_1702612546/llm/org/apache/commons/codec/binary/StringUtils_LLMTest.java:80: error: cannot find symbol
    [javac]         testGetBytesUnchecked(charsetName);
    [javac]         ^
    [javac]   symbol:   method testGetBytesUnchecked(String)
    [javac]   location: class StringUtils_LLMTest
    [javac] /tmp/fix_test_suite.pl_27481_1702612546/llm/org/apache/commons/codec/binary/StringUtils_LLMTest.java:81: error: cannot find symbol
    [javac]         final byte[] expected = STRING_FIXTURE.getBytes(charsetName);
    [javac]                                 ^
    [javac]   symbol:   variable STRING_FIXTURE
    [javac]   location: class StringUtils_LLMTest
    [javac] /tmp/fix_test_suite.pl_27481_1702612546/llm/org/apache/commons/codec/binary/StringUtils_LLMTest.java:88: error: cannot find symbol
    [javac]     Charset charset = StandardCharsets.UTF_8;
    [javac]     ^
    [javac]   symbol:   class Charset
    [javac]   location: class StringUtils_LLMTest
    [javac] /tmp/fix_test_suite.pl_27481_1702612546/llm/org/apache/commons/codec/binary/StringUtils_LLMTest.java:88: error: cannot find symbol
    [javac]     Charset charset = StandardCharsets.UTF_8;
    [javac]                       ^
    [javac]   symbol:   variable StandardCharsets
    [javac]   location: class StringUtils_LLMTest
    [javac] /tmp/fix_test_suite.pl_27481_1702612546/llm/org/apache/commons/codec/binary/StringUtils_LLMTest.java:89: error: cannot find symbol
    [javac]     ByteBuffer result = getByteBuffer(input, charset);
    [javac]     ^
    [javac]   symbol:   class ByteBuffer
    [javac]   location: class StringUtils_LLMTest
    [javac] /tmp/fix_test_suite.pl_27481_1702612546/llm/org/apache/commons/codec/binary/StringUtils_LLMTest.java:95: error: cannot find symbol
    [javac]     Charset charset = StandardCharsets.UTF_8;
    [javac]     ^
    [javac]   symbol:   class Charset
    [javac]   location: class StringUtils_LLMTest
    [javac] /tmp/fix_test_suite.pl_27481_1702612546/llm/org/apache/commons/codec/binary/StringUtils_LLMTest.java:95: error: cannot find symbol
    [javac]     Charset charset = StandardCharsets.UTF_8;
    [javac]                       ^
    [javac]   symbol:   variable StandardCharsets
    [javac]   location: class StringUtils_LLMTest
    [javac] /tmp/fix_test_suite.pl_27481_1702612546/llm/org/apache/commons/codec/binary/StringUtils_LLMTest.java:96: error: cannot find symbol
    [javac]     ByteBuffer result = getByteBuffer(input, charset);
    [javac]     ^
    [javac]   symbol:   class ByteBuffer
    [javac]   location: class StringUtils_LLMTest
    [javac] /tmp/fix_test_suite.pl_27481_1702612546/llm/org/apache/commons/codec/binary/StringUtils_LLMTest.java:102: error: cannot find symbol
    [javac]     Charset charset = StandardCharsets.UTF_8;
    [javac]     ^
    [javac]   symbol:   class Charset
    [javac]   location: class StringUtils_LLMTest
    [javac] /tmp/fix_test_suite.pl_27481_1702612546/llm/org/apache/commons/codec/binary/StringUtils_LLMTest.java:102: error: cannot find symbol
    [javac]     Charset charset = StandardCharsets.UTF_8;
    [javac]                       ^
    [javac]   symbol:   variable StandardCharsets
    [javac]   location: class StringUtils_LLMTest
    [javac] /tmp/fix_test_suite.pl_27481_1702612546/llm/org/apache/commons/codec/binary/StringUtils_LLMTest.java:103: error: cannot find symbol
    [javac]     ByteBuffer result = getByteBuffer(input, charset);
    [javac]     ^
    [javac]   symbol:   class ByteBuffer
    [javac]   location: class StringUtils_LLMTest
    [javac] /tmp/fix_test_suite.pl_27481_1702612546/llm/org/apache/commons/codec/binary/StringUtils_LLMTest.java:110: error: cannot find symbol
    [javac]     ByteBuffer byteBuffer1 = ByteBuffer.wrap(string1.getBytes(Charsets.UTF_8));
    [javac]     ^
    [javac]   symbol:   class ByteBuffer
    [javac]   location: class StringUtils_LLMTest
    [javac] /tmp/fix_test_suite.pl_27481_1702612546/llm/org/apache/commons/codec/binary/StringUtils_LLMTest.java:110: error: cannot find symbol
    [javac]     ByteBuffer byteBuffer1 = ByteBuffer.wrap(string1.getBytes(Charsets.UTF_8));
    [javac]                                                               ^
    [javac]   symbol:   variable Charsets
    [javac]   location: class StringUtils_LLMTest
    [javac] warning: /root/.sdkman/candidates/java/8.0.302-open/lib/ct.sym(META-INF/sym/rt.jar/java/nio/charset/Charset.class): major version 52 is newer than 51, the highest major version supported by this compiler.
    [javac]   It is recommended that the compiler be upgraded.
    [javac] /root/.sdkman/candidates/java/8.0.302-open/lib/ct.sym(META-INF/sym/rt.jar/java/nio/charset/Charset.class): warning: Cannot find annotation method 'value()' in type 'Profile+Annotation'
    [javac] /tmp/fix_test_suite.pl_27481_1702612546/llm/org/apache/commons/codec/binary/StringUtils_LLMTest.java:110: error: cannot find symbol
    [javac]     ByteBuffer byteBuffer1 = ByteBuffer.wrap(string1.getBytes(Charsets.UTF_8));
    [javac]                              ^
    [javac]   symbol:   variable ByteBuffer
    [javac]   location: class StringUtils_LLMTest
    [javac] /tmp/fix_test_suite.pl_27481_1702612546/llm/org/apache/commons/codec/binary/StringUtils_LLMTest.java:111: error: cannot find symbol
    [javac]     assertEquals(byteBuffer1, getByteBufferUtf8(string1));
    [javac]                               ^
    [javac]   symbol:   method getByteBufferUtf8(String)
    [javac]   location: class StringUtils_LLMTest
    [javac] /tmp/fix_test_suite.pl_27481_1702612546/llm/org/apache/commons/codec/binary/StringUtils_LLMTest.java:115: error: cannot find symbol
    [javac]     ByteBuffer byteBuffer2 = ByteBuffer.wrap(string2.getBytes(Charsets.UTF_8));
    [javac]     ^
    [javac]   symbol:   class ByteBuffer
    [javac]   location: class StringUtils_LLMTest
    [javac] /tmp/fix_test_suite.pl_27481_1702612546/llm/org/apache/commons/codec/binary/StringUtils_LLMTest.java:115: error: cannot find symbol
    [javac]     ByteBuffer byteBuffer2 = ByteBuffer.wrap(string2.getBytes(Charsets.UTF_8));
    [javac]                                                               ^
    [javac]   symbol:   variable Charsets
    [javac]   location: class StringUtils_LLMTest
    [javac] /tmp/fix_test_suite.pl_27481_1702612546/llm/org/apache/commons/codec/binary/StringUtils_LLMTest.java:115: error: cannot find symbol
    [javac]     ByteBuffer byteBuffer2 = ByteBuffer.wrap(string2.getBytes(Charsets.UTF_8));
    [javac]                              ^
    [javac]   symbol:   variable ByteBuffer
    [javac]   location: class StringUtils_LLMTest
    [javac] /tmp/fix_test_suite.pl_27481_1702612546/llm/org/apache/commons/codec/binary/StringUtils_LLMTest.java:116: error: cannot find symbol
    [javac]     assertEquals(byteBuffer2, getByteBufferUtf8(string2));
    [javac]                               ^
    [javac]   symbol:   method getByteBufferUtf8(String)
    [javac]   location: class StringUtils_LLMTest
    [javac] /tmp/fix_test_suite.pl_27481_1702612546/llm/org/apache/commons/codec/binary/StringUtils_LLMTest.java:120: error: cannot find symbol
    [javac]     ByteBuffer byteBuffer3 = ByteBuffer.wrap(string3.getBytes(Charsets.UTF_8));
    [javac]     ^
    [javac]   symbol:   class ByteBuffer
    [javac]   location: class StringUtils_LLMTest
    [javac] /tmp/fix_test_suite.pl_27481_1702612546/llm/org/apache/commons/codec/binary/StringUtils_LLMTest.java:120: error: cannot find symbol
    [javac]     ByteBuffer byteBuffer3 = ByteBuffer.wrap(string3.getBytes(Charsets.UTF_8));
    [javac]                                                               ^
    [javac]   symbol:   variable Charsets
    [javac]   location: class StringUtils_LLMTest
    [javac] /tmp/fix_test_suite.pl_27481_1702612546/llm/org/apache/commons/codec/binary/StringUtils_LLMTest.java:120: error: cannot find symbol
    [javac]     ByteBuffer byteBuffer3 = ByteBuffer.wrap(string3.getBytes(Charsets.UTF_8));
    [javac]                              ^
    [javac]   symbol:   variable ByteBuffer
    [javac]   location: class StringUtils_LLMTest
    [javac] /tmp/fix_test_suite.pl_27481_1702612546/llm/org/apache/commons/codec/binary/StringUtils_LLMTest.java:121: error: cannot find symbol
    [javac]     assertEquals(byteBuffer3, getByteBufferUtf8(string3));
    [javac]                               ^
    [javac]   symbol:   method getByteBufferUtf8(String)
    [javac]   location: class StringUtils_LLMTest
    [javac] /tmp/fix_test_suite.pl_27481_1702612546/llm/org/apache/commons/codec/binary/StringUtils_LLMTest.java:126: error: cannot find symbol
    [javac]         testGetBytesUnchecked(charsetName);
    [javac]         ^
    [javac]   symbol:   method testGetBytesUnchecked(String)
    [javac]   location: class StringUtils_LLMTest
    [javac] /tmp/fix_test_suite.pl_27481_1702612546/llm/org/apache/commons/codec/binary/StringUtils_LLMTest.java:127: error: cannot find symbol
    [javac]         final byte[] expected = STRING_FIXTURE.getBytes(charsetName);
    [javac]                                 ^
    [javac]   symbol:   variable STRING_FIXTURE
    [javac]   location: class StringUtils_LLMTest
    [javac] /tmp/fix_test_suite.pl_27481_1702612546/llm/org/apache/commons/codec/binary/StringUtils_LLMTest.java:128: error: cannot find symbol
    [javac]         final byte[] actual = StringUtils.getBytesIso8859_1(STRING_FIXTURE);
    [javac]                                                             ^
    [javac]   symbol:   variable STRING_FIXTURE
    [javac]   location: class StringUtils_LLMTest
    [javac] /tmp/fix_test_suite.pl_27481_1702612546/llm/org/apache/commons/codec/binary/StringUtils_LLMTest.java:134: error: cannot find symbol
    [javac]         testGetBytesUnchecked(charsetName);
    [javac]         ^
    [javac]   symbol:   method testGetBytesUnchecked(String)
    [javac]   location: class StringUtils_LLMTest
    [javac] /tmp/fix_test_suite.pl_27481_1702612546/llm/org/apache/commons/codec/binary/StringUtils_LLMTest.java:135: error: cannot find symbol
    [javac]         final byte[] expected = STRING_FIXTURE.getBytes(charsetName);
    [javac]                                 ^
    [javac]   symbol:   variable STRING_FIXTURE
    [javac]   location: class StringUtils_LLMTest
    [javac] /tmp/fix_test_suite.pl_27481_1702612546/llm/org/apache/commons/codec/binary/StringUtils_LLMTest.java:136: error: cannot find symbol
    [javac]         final byte[] actual = StringUtils.getBytesIso8859_1(STRING_FIXTURE);
    [javac]                                                             ^
    [javac]   symbol:   variable STRING_FIXTURE
    [javac]   location: class StringUtils_LLMTest
    [javac] /tmp/fix_test_suite.pl_27481_1702612546/llm/org/apache/commons/codec/binary/StringUtils_LLMTest.java:142: error: cannot find symbol
    [javac]         testGetBytesUnchecked(charsetName);
    [javac]         ^
    [javac]   symbol:   method testGetBytesUnchecked(String)
    [javac]   location: class StringUtils_LLMTest
    [javac] /tmp/fix_test_suite.pl_27481_1702612546/llm/org/apache/commons/codec/binary/StringUtils_LLMTest.java:143: error: cannot find symbol
    [javac]         final byte[] expected = STRING_FIXTURE.getBytes(charsetName);
    [javac]                                 ^
    [javac]   symbol:   variable STRING_FIXTURE
    [javac]   location: class StringUtils_LLMTest
    [javac] /tmp/fix_test_suite.pl_27481_1702612546/llm/org/apache/commons/codec/binary/StringUtils_LLMTest.java:144: error: cannot find symbol
    [javac]         final byte[] actual = StringUtils.getBytesIso8859_1(STRING_FIXTURE);
    [javac]                                                             ^
    [javac]   symbol:   variable STRING_FIXTURE
    [javac]   location: class StringUtils_LLMTest
    [javac] warning: /root/.sdkman/candidates/java/8.0.302-open/lib/ct.sym(META-INF/sym/rt.jar/java/lang/IllegalStateException.class): major version 52 is newer than 51, the highest major version supported by this compiler.
    [javac]   It is recommended that the compiler be upgraded.
    [javac] /root/.sdkman/candidates/java/8.0.302-open/lib/ct.sym(META-INF/sym/rt.jar/java/lang/IllegalStateException.class): warning: Cannot find annotation method 'value()' in type 'Profile+Annotation'
    [javac] warning: /root/.sdkman/candidates/java/8.0.302-open/lib/ct.sym(META-INF/sym/rt.jar/java/lang/Class.class): major version 52 is newer than 51, the highest major version supported by this compiler.
    [javac]   It is recommended that the compiler be upgraded.
    [javac] /root/.sdkman/candidates/java/8.0.302-open/lib/ct.sym(META-INF/sym/rt.jar/java/lang/Class.class): warning: Cannot find annotation method 'value()' in type 'Profile+Annotation'
    [javac] warning: /root/.sdkman/candidates/java/8.0.302-open/lib/ct.sym(META-INF/sym/rt.jar/java/lang/RuntimeException.class): major version 52 is newer than 51, the highest major version supported by this compiler.
    [javac]   It is recommended that the compiler be upgraded.
    [javac] /root/.sdkman/candidates/java/8.0.302-open/lib/ct.sym(META-INF/sym/rt.jar/java/lang/RuntimeException.class): warning: Cannot find annotation method 'value()' in type 'Profile+Annotation'
    [javac] /tmp/fix_test_suite.pl_27481_1702612546/llm/org/apache/commons/codec/binary/StringUtils_LLMTest.java:219: error: cannot find symbol
    [javac]         testGetBytesUnchecked(charsetName);
    [javac]         ^
    [javac]   symbol:   method testGetBytesUnchecked(String)
    [javac]   location: class StringUtils_LLMTest
    [javac] /tmp/fix_test_suite.pl_27481_1702612546/llm/org/apache/commons/codec/binary/StringUtils_LLMTest.java:220: error: cannot find symbol
    [javac]         final byte[] expected = STRING_FIXTURE.getBytes(charsetName);
    [javac]                                 ^
    [javac]   symbol:   variable STRING_FIXTURE
    [javac]   location: class StringUtils_LLMTest
    [javac] /tmp/fix_test_suite.pl_27481_1702612546/llm/org/apache/commons/codec/binary/StringUtils_LLMTest.java:221: error: cannot find symbol
    [javac]         final byte[] actual = StringUtils.getBytesUsAscii(STRING_FIXTURE);
    [javac]                                                           ^
    [javac]   symbol:   variable STRING_FIXTURE
    [javac]   location: class StringUtils_LLMTest
    [javac] /tmp/fix_test_suite.pl_27481_1702612546/llm/org/apache/commons/codec/binary/StringUtils_LLMTest.java:251: error: cannot find symbol
    [javac]         testGetBytesUnchecked(charsetName);
    [javac]         ^
    [javac]   symbol:   method testGetBytesUnchecked(String)
    [javac]   location: class StringUtils_LLMTest
    [javac] /tmp/fix_test_suite.pl_27481_1702612546/llm/org/apache/commons/codec/binary/StringUtils_LLMTest.java:252: error: cannot find symbol
    [javac]         final byte[] expected = STRING_FIXTURE.getBytes(charsetName);
    [javac]                                 ^
    [javac]   symbol:   variable STRING_FIXTURE
    [javac]   location: class StringUtils_LLMTest
    [javac] /tmp/fix_test_suite.pl_27481_1702612546/llm/org/apache/commons/codec/binary/StringUtils_LLMTest.java:253: error: cannot find symbol
    [javac]         final byte[] actual = StringUtils.getBytesUtf16(STRING_FIXTURE);
    [javac]                                                         ^
    [javac]   symbol:   variable STRING_FIXTURE
    [javac]   location: class StringUtils_LLMTest
    [javac] /tmp/fix_test_suite.pl_27481_1702612546/llm/org/apache/commons/codec/binary/StringUtils_LLMTest.java:277: error: cannot find symbol
    [javac]         testGetBytesUnchecked(charsetName);
    [javac]         ^
    [javac]   symbol:   method testGetBytesUnchecked(String)
    [javac]   location: class StringUtils_LLMTest
    [javac] /tmp/fix_test_suite.pl_27481_1702612546/llm/org/apache/commons/codec/binary/StringUtils_LLMTest.java:285: error: cannot find symbol
    [javac]         testGetBytesUnchecked(charsetName);
    [javac]         ^
    [javac]   symbol:   method testGetBytesUnchecked(String)
    [javac]   location: class StringUtils_LLMTest
    [javac] /tmp/fix_test_suite.pl_27481_1702612546/llm/org/apache/commons/codec/binary/StringUtils_LLMTest.java:293: error: cannot find symbol
    [javac]         testGetBytesUnchecked(charsetName);
    [javac]         ^
    [javac]   symbol:   method testGetBytesUnchecked(String)
    [javac]   location: class StringUtils_LLMTest
    [javac] /tmp/fix_test_suite.pl_27481_1702612546/llm/org/apache/commons/codec/binary/StringUtils_LLMTest.java:301: error: cannot find symbol
    [javac]         testGetBytesUnchecked(charsetName);
    [javac]         ^
    [javac]   symbol:   method testGetBytesUnchecked(String)
    [javac]   location: class StringUtils_LLMTest
    [javac] /tmp/fix_test_suite.pl_27481_1702612546/llm/org/apache/commons/codec/binary/StringUtils_LLMTest.java:309: error: cannot find symbol
    [javac]         testGetBytesUnchecked(charsetName);
    [javac]         ^
    [javac]   symbol:   method testGetBytesUnchecked(String)
    [javac]   location: class StringUtils_LLMTest
    [javac] /tmp/fix_test_suite.pl_27481_1702612546/llm/org/apache/commons/codec/binary/StringUtils_LLMTest.java:310: error: cannot find symbol
    [javac]         final byte[] expected = STRING_FIXTURE.getBytes(charsetName);
    [javac]                                 ^
    [javac]   symbol:   variable STRING_FIXTURE
    [javac]   location: class StringUtils_LLMTest
    [javac] /tmp/fix_test_suite.pl_27481_1702612546/llm/org/apache/commons/codec/binary/StringUtils_LLMTest.java:311: error: cannot find symbol
    [javac]         final byte[] actual = StringUtils.getBytesUtf16Le(STRING_FIXTURE);
    [javac]                                                           ^
    [javac]   symbol:   variable STRING_FIXTURE
    [javac]   location: class StringUtils_LLMTest
    [javac] /tmp/fix_test_suite.pl_27481_1702612546/llm/org/apache/commons/codec/binary/StringUtils_LLMTest.java:334: error: cannot find symbol
    [javac]         testGetBytesUnchecked(charsetName);
    [javac]         ^
    [javac]   symbol:   method testGetBytesUnchecked(String)
    [javac]   location: class StringUtils_LLMTest
    [javac] /tmp/fix_test_suite.pl_27481_1702612546/llm/org/apache/commons/codec/binary/StringUtils_LLMTest.java:342: error: cannot find symbol
    [javac]         testGetBytesUnchecked(charsetName);
    [javac]         ^
    [javac]   symbol:   method testGetBytesUnchecked(String)
    [javac]   location: class StringUtils_LLMTest
    [javac] /tmp/fix_test_suite.pl_27481_1702612546/llm/org/apache/commons/codec/binary/StringUtils_LLMTest.java:350: error: cannot find symbol
    [javac]         testGetBytesUnchecked(charsetName);
    [javac]         ^
    [javac]   symbol:   method testGetBytesUnchecked(String)
    [javac]   location: class StringUtils_LLMTest
    [javac] /tmp/fix_test_suite.pl_27481_1702612546/llm/org/apache/commons/codec/binary/StringUtils_LLMTest.java:358: error: cannot find symbol
    [javac]             StringUtils.getBytesUnchecked(STRING_FIXTURE, "UTF-9");
    [javac]                                           ^
    [javac]   symbol:   variable STRING_FIXTURE
    [javac]   location: class StringUtils_LLMTest
    [javac] /tmp/fix_test_suite.pl_27481_1702612546/llm/org/apache/commons/codec/binary/StringUtils_LLMTest.java:367: error: cannot find symbol
    [javac]             StringUtils.newString(BYTES_FIXTURE, "UTF-9");
    [javac]                                   ^
    [javac]   symbol:   variable BYTES_FIXTURE
    [javac]   location: class StringUtils_LLMTest
    [javac] /tmp/fix_test_suite.pl_27481_1702612546/llm/org/apache/commons/codec/binary/StringUtils_LLMTest.java:376: error: cannot find symbol
    [javac]             StringUtils.getBytesUnchecked(STRING_FIXTURE, "ISO-55");
    [javac]                                           ^
    [javac]   symbol:   variable STRING_FIXTURE
    [javac]   location: class StringUtils_LLMTest
    [javac] /tmp/fix_test_suite.pl_27481_1702612546/llm/org/apache/commons/codec/binary/StringUtils_LLMTest.java:385: error: cannot find symbol
    [javac]             StringUtils.newString(BYTES_FIXTURE, "ISO-55");
    [javac]                                   ^
    [javac]   symbol:   variable BYTES_FIXTURE
    [javac]   location: class StringUtils_LLMTest
    [javac] /tmp/fix_test_suite.pl_27481_1702612546/llm/org/apache/commons/codec/binary/StringUtils_LLMTest.java:503: error: cannot find symbol
    [javac]         testNewString(charsetName);
    [javac]         ^
    [javac]   symbol:   method testNewString(String)
    [javac]   location: class StringUtils_LLMTest
    [javac] /tmp/fix_test_suite.pl_27481_1702612546/llm/org/apache/commons/codec/binary/StringUtils_LLMTest.java:504: error: cannot find symbol
    [javac]         final String expected = new String(BYTES_FIXTURE, charsetName);
    [javac]                                            ^
    [javac]   symbol:   variable BYTES_FIXTURE
    [javac]   location: class StringUtils_LLMTest
    [javac] /tmp/fix_test_suite.pl_27481_1702612546/llm/org/apache/commons/codec/binary/StringUtils_LLMTest.java:505: error: cannot find symbol
    [javac]         final String actual = StringUtils.newStringIso8859_1(BYTES_FIXTURE);
    [javac]                                                              ^
    [javac]   symbol:   variable BYTES_FIXTURE
    [javac]   location: class StringUtils_LLMTest
    [javac] /tmp/fix_test_suite.pl_27481_1702612546/llm/org/apache/commons/codec/binary/StringUtils_LLMTest.java:536: error: cannot find symbol
    [javac]         testNewString(charsetName);
    [javac]         ^
    [javac]   symbol:   method testNewString(String)
    [javac]   location: class StringUtils_LLMTest
    [javac] /tmp/fix_test_suite.pl_27481_1702612546/llm/org/apache/commons/codec/binary/StringUtils_LLMTest.java:561: error: cannot find symbol
    [javac]         testNewString(charsetName);
    [javac]         ^
    [javac]   symbol:   method testNewString(String)
    [javac]   location: class StringUtils_LLMTest
    [javac] /tmp/fix_test_suite.pl_27481_1702612546/llm/org/apache/commons/codec/binary/StringUtils_LLMTest.java:562: error: cannot find symbol
    [javac]         final String expected = new String(BYTES_FIXTURE, charsetName);
    [javac]                                            ^
    [javac]   symbol:   variable BYTES_FIXTURE
    [javac]   location: class StringUtils_LLMTest
    [javac] /tmp/fix_test_suite.pl_27481_1702612546/llm/org/apache/commons/codec/binary/StringUtils_LLMTest.java:563: error: cannot find symbol
    [javac]         final String actual = StringUtils.newStringUtf16(BYTES_FIXTURE);
    [javac]                                                          ^
    [javac]   symbol:   variable BYTES_FIXTURE
    [javac]   location: class StringUtils_LLMTest
    [javac] /tmp/fix_test_suite.pl_27481_1702612546/llm/org/apache/commons/codec/binary/StringUtils_LLMTest.java:567: error: cannot find symbol
    [javac]         final String expectedRegression1 = new String(BYTES_FIXTURE, charsetName);
    [javac]                                                       ^
    [javac]   symbol:   variable BYTES_FIXTURE
    [javac]   location: class StringUtils_LLMTest
    [javac] /tmp/fix_test_suite.pl_27481_1702612546/llm/org/apache/commons/codec/binary/StringUtils_LLMTest.java:571: error: cannot find symbol
    [javac]         final String expectedRegression2 = new String(BYTES_FIXTURE, charsetName);
    [javac]                                                       ^
    [javac]   symbol:   variable BYTES_FIXTURE
    [javac]   location: class StringUtils_LLMTest
    [javac] /tmp/fix_test_suite.pl_27481_1702612546/llm/org/apache/commons/codec/binary/StringUtils_LLMTest.java:575: error: cannot find symbol
    [javac]         final String expectedRegression3 = new String(BYTES_FIXTURE, charsetName);
    [javac]                                                       ^
    [javac]   symbol:   variable BYTES_FIXTURE
    [javac]   location: class StringUtils_LLMTest
    [javac] /tmp/fix_test_suite.pl_27481_1702612546/llm/org/apache/commons/codec/binary/StringUtils_LLMTest.java:582: error: cannot find symbol
    [javac]         testNewString(charsetName);
    [javac]         ^
    [javac]   symbol:   method testNewString(String)
    [javac]   location: class StringUtils_LLMTest
    [javac] /tmp/fix_test_suite.pl_27481_1702612546/llm/org/apache/commons/codec/binary/StringUtils_LLMTest.java:583: error: cannot find symbol
    [javac]         final String expected = new String(BYTES_FIXTURE_16BE, charsetName);
    [javac]                                            ^
    [javac]   symbol:   variable BYTES_FIXTURE_16BE
    [javac]   location: class StringUtils_LLMTest
    [javac] /tmp/fix_test_suite.pl_27481_1702612546/llm/org/apache/commons/codec/binary/StringUtils_LLMTest.java:584: error: cannot find symbol
    [javac]         final String actual = StringUtils.newStringUtf16Be(BYTES_FIXTURE_16BE);
    [javac]                                                            ^
    [javac]   symbol:   variable BYTES_FIXTURE_16BE
    [javac]   location: class StringUtils_LLMTest
    [javac] /tmp/fix_test_suite.pl_27481_1702612546/llm/org/apache/commons/codec/binary/StringUtils_LLMTest.java:630: error: cannot find symbol
    [javac]         testNewString(charsetName);
    [javac]         ^
    [javac]   symbol:   method testNewString(String)
    [javac]   location: class StringUtils_LLMTest
    [javac] /tmp/fix_test_suite.pl_27481_1702612546/llm/org/apache/commons/codec/binary/StringUtils_LLMTest.java:631: error: cannot find symbol
    [javac]         final String expected = new String(BYTES_FIXTURE, charsetName);
    [javac]                                            ^
    [javac]   symbol:   variable BYTES_FIXTURE
    [javac]   location: class StringUtils_LLMTest
    [javac] /tmp/fix_test_suite.pl_27481_1702612546/llm/org/apache/commons/codec/binary/StringUtils_LLMTest.java:638: error: cannot find symbol
    [javac]         testNewString(charsetName);
    [javac]         ^
    [javac]   symbol:   method testNewString(String)
    [javac]   location: class StringUtils_LLMTest
    [javac] /tmp/fix_test_suite.pl_27481_1702612546/llm/org/apache/commons/codec/binary/StringUtils_LLMTest.java:639: error: cannot find symbol
    [javac]         final String expected = new String(BYTES_FIXTURE, charsetName);
    [javac]                                            ^
    [javac]   symbol:   variable BYTES_FIXTURE
    [javac]   location: class StringUtils_LLMTest
    [javac] 88 errors
    [javac] 44 warnings

BUILD FAILED
/defects4j/framework/projects/defects4j.build.xml:265: Compile failed; see the compiler error output for details.

Total time: 1 second
