- Compilation issues: Codec-11b-llm.21.tar.bz2
Picked up JAVA_TOOL_OPTIONS: -Dfile.encoding=UTF8
OpenJDK 64-Bit Server VM warning: ignoring option MaxPermSize=1G; support was removed in 8.0
Buildfile: /defects4j/framework/projects/defects4j.build.xml

init:
     [echo] -------- commons-codec 1.6-SNAPSHOT --------

prepare:
    [mkdir] Created dir: /tmp/fix_test_suite.pl_11347_1702810897/target
    [mkdir] Created dir: /tmp/fix_test_suite.pl_11347_1702810897/target/classes
    [mkdir] Created dir: /tmp/fix_test_suite.pl_11347_1702810897/target/tests
    [mkdir] Created dir: /tmp/fix_test_suite.pl_11347_1702810897/target/test-reports

static:

compile:
    [javac] Compiling 47 source files to /tmp/fix_test_suite.pl_11347_1702810897/target/classes
    [javac] warning: [options] bootstrap class path not set in conjunction with -source 1.5
    [javac] warning: /root/.sdkman/candidates/java/8.0.302-open/lib/ct.sym(META-INF/sym/rt.jar/java/lang/Object.class): major version 52 is newer than 51, the highest major version supported by this compiler.
    [javac]   It is recommended that the compiler be upgraded.
    [javac] warning: /root/.sdkman/candidates/java/8.0.302-open/lib/ct.sym(META-INF/sym/rt.jar/java/lang/Exception.class): major version 52 is newer than 51, the highest major version supported by this compiler.
    [javac]   It is recommended that the compiler be upgraded.
    [javac] warning: /root/.sdkman/candidates/java/8.0.302-open/lib/ct.sym(META-INF/sym/rt.jar/java/lang/Throwable.class): major version 52 is newer than 51, the highest major version supported by this compiler.
    [javac]   It is recommended that the compiler be upgraded.
    [javac] warning: /root/.sdkman/candidates/java/8.0.302-open/lib/ct.sym(META-INF/sym/rt.jar/java/io/Serializable.class): major version 52 is newer than 51, the highest major version supported by this compiler.
    [javac]   It is recommended that the compiler be upgraded.
    [javac] warning: /root/.sdkman/candidates/java/8.0.302-open/lib/ct.sym(META-INF/sym/rt.jar/java/lang/String.class): major version 52 is newer than 51, the highest major version supported by this compiler.
    [javac]   It is recommended that the compiler be upgraded.
    [javac] warning: /root/.sdkman/candidates/java/8.0.302-open/lib/ct.sym(META-INF/sym/rt.jar/java/util/Comparator.class): major version 52 is newer than 51, the highest major version supported by this compiler.
    [javac]   It is recommended that the compiler be upgraded.
    [javac] warning: /root/.sdkman/candidates/java/8.0.302-open/lib/ct.sym(META-INF/sym/rt.jar/java/io/InputStream.class): major version 52 is newer than 51, the highest major version supported by this compiler.
    [javac]   It is recommended that the compiler be upgraded.
    [javac] warning: /root/.sdkman/candidates/java/8.0.302-open/lib/ct.sym(META-INF/sym/rt.jar/java/io/FilterInputStream.class): major version 52 is newer than 51, the highest major version supported by this compiler.
    [javac]   It is recommended that the compiler be upgraded.
    [javac] warning: /root/.sdkman/candidates/java/8.0.302-open/lib/ct.sym(META-INF/sym/rt.jar/java/io/IOException.class): major version 52 is newer than 51, the highest major version supported by this compiler.
    [javac]   It is recommended that the compiler be upgraded.
    [javac] warning: /root/.sdkman/candidates/java/8.0.302-open/lib/ct.sym(META-INF/sym/rt.jar/java/io/Closeable.class): major version 52 is newer than 51, the highest major version supported by this compiler.
    [javac]   It is recommended that the compiler be upgraded.
    [javac] warning: /root/.sdkman/candidates/java/8.0.302-open/lib/ct.sym(META-INF/sym/rt.jar/java/lang/AutoCloseable.class): major version 52 is newer than 51, the highest major version supported by this compiler.
    [javac]   It is recommended that the compiler be upgraded.
    [javac] warning: /root/.sdkman/candidates/java/8.0.302-open/lib/ct.sym(META-INF/sym/rt.jar/java/io/OutputStream.class): major version 52 is newer than 51, the highest major version supported by this compiler.
    [javac]   It is recommended that the compiler be upgraded.
    [javac] warning: /root/.sdkman/candidates/java/8.0.302-open/lib/ct.sym(META-INF/sym/rt.jar/java/io/FilterOutputStream.class): major version 52 is newer than 51, the highest major version supported by this compiler.
    [javac]   It is recommended that the compiler be upgraded.
    [javac] warning: /root/.sdkman/candidates/java/8.0.302-open/lib/ct.sym(META-INF/sym/rt.jar/java/io/Flushable.class): major version 52 is newer than 51, the highest major version supported by this compiler.
    [javac]   It is recommended that the compiler be upgraded.
    [javac] warning: /root/.sdkman/candidates/java/8.0.302-open/lib/ct.sym(META-INF/sym/rt.jar/java/math/BigInteger.class): major version 52 is newer than 51, the highest major version supported by this compiler.
    [javac]   It is recommended that the compiler be upgraded.
    [javac] warning: /root/.sdkman/candidates/java/8.0.302-open/lib/ct.sym(META-INF/sym/rt.jar/java/io/UnsupportedEncodingException.class): major version 52 is newer than 51, the highest major version supported by this compiler.
    [javac]   It is recommended that the compiler be upgraded.
    [javac] warning: /root/.sdkman/candidates/java/8.0.302-open/lib/ct.sym(META-INF/sym/rt.jar/java/lang/IllegalStateException.class): major version 52 is newer than 51, the highest major version supported by this compiler.
    [javac]   It is recommended that the compiler be upgraded.
    [javac] warning: /root/.sdkman/candidates/java/8.0.302-open/lib/ct.sym(META-INF/sym/rt.jar/java/security/MessageDigest.class): major version 52 is newer than 51, the highest major version supported by this compiler.
    [javac]   It is recommended that the compiler be upgraded.
    [javac] warning: /root/.sdkman/candidates/java/8.0.302-open/lib/ct.sym(META-INF/sym/rt.jar/java/security/NoSuchAlgorithmException.class): major version 52 is newer than 51, the highest major version supported by this compiler.
    [javac]   It is recommended that the compiler be upgraded.
    [javac] warning: /root/.sdkman/candidates/java/8.0.302-open/lib/ct.sym(META-INF/sym/rt.jar/java/util/Locale.class): major version 52 is newer than 51, the highest major version supported by this compiler.
    [javac]   It is recommended that the compiler be upgraded.
    [javac] warning: /root/.sdkman/candidates/java/8.0.302-open/lib/ct.sym(META-INF/sym/rt.jar/java/lang/StringBuffer.class): major version 52 is newer than 51, the highest major version supported by this compiler.
    [javac]   It is recommended that the compiler be upgraded.
    [javac] warning: /root/.sdkman/candidates/java/8.0.302-open/lib/ct.sym(META-INF/sym/rt.jar/java/util/ArrayList.class): major version 52 is newer than 51, the highest major version supported by this compiler.
    [javac]   It is recommended that the compiler be upgraded.
    [javac] warning: /root/.sdkman/candidates/java/8.0.302-open/lib/ct.sym(META-INF/sym/rt.jar/java/util/Arrays.class): major version 52 is newer than 51, the highest major version supported by this compiler.
    [javac]   It is recommended that the compiler be upgraded.
    [javac] warning: /root/.sdkman/candidates/java/8.0.302-open/lib/ct.sym(META-INF/sym/rt.jar/java/util/Collections.class): major version 52 is newer than 51, the highest major version supported by this compiler.
    [javac]   It is recommended that the compiler be upgraded.
    [javac] warning: /root/.sdkman/candidates/java/8.0.302-open/lib/ct.sym(META-INF/sym/rt.jar/java/util/EnumMap.class): major version 52 is newer than 51, the highest major version supported by this compiler.
    [javac]   It is recommended that the compiler be upgraded.
    [javac] warning: /root/.sdkman/candidates/java/8.0.302-open/lib/ct.sym(META-INF/sym/rt.jar/java/util/HashSet.class): major version 52 is newer than 51, the highest major version supported by this compiler.
    [javac]   It is recommended that the compiler be upgraded.
    [javac] warning: /root/.sdkman/candidates/java/8.0.302-open/lib/ct.sym(META-INF/sym/rt.jar/java/util/Iterator.class): major version 52 is newer than 51, the highest major version supported by this compiler.
    [javac]   It is recommended that the compiler be upgraded.
    [javac] warning: /root/.sdkman/candidates/java/8.0.302-open/lib/ct.sym(META-INF/sym/rt.jar/java/util/List.class): major version 52 is newer than 51, the highest major version supported by this compiler.
    [javac]   It is recommended that the compiler be upgraded.
    [javac] warning: /root/.sdkman/candidates/java/8.0.302-open/lib/ct.sym(META-INF/sym/rt.jar/java/util/Map.class): major version 52 is newer than 51, the highest major version supported by this compiler.
    [javac]   It is recommended that the compiler be upgraded.
    [javac] warning: /root/.sdkman/candidates/java/8.0.302-open/lib/ct.sym(META-INF/sym/rt.jar/java/util/Set.class): major version 52 is newer than 51, the highest major version supported by this compiler.
    [javac]   It is recommended that the compiler be upgraded.
    [javac] warning: /root/.sdkman/candidates/java/8.0.302-open/lib/ct.sym(META-INF/sym/rt.jar/java/util/TreeSet.class): major version 52 is newer than 51, the highest major version supported by this compiler.
    [javac]   It is recommended that the compiler be upgraded.
    [javac] warning: /root/.sdkman/candidates/java/8.0.302-open/lib/ct.sym(META-INF/sym/rt.jar/java/lang/Enum.class): major version 52 is newer than 51, the highest major version supported by this compiler.
    [javac]   It is recommended that the compiler be upgraded.
    [javac] warning: /root/.sdkman/candidates/java/8.0.302-open/lib/ct.sym(META-INF/sym/rt.jar/java/lang/Comparable.class): major version 52 is newer than 51, the highest major version supported by this compiler.
    [javac]   It is recommended that the compiler be upgraded.
    [javac] warning: /root/.sdkman/candidates/java/8.0.302-open/lib/ct.sym(META-INF/sym/rt.jar/java/lang/CharSequence.class): major version 52 is newer than 51, the highest major version supported by this compiler.
    [javac]   It is recommended that the compiler be upgraded.
    [javac] warning: /root/.sdkman/candidates/java/8.0.302-open/lib/ct.sym(META-INF/sym/rt.jar/java/lang/Iterable.class): major version 52 is newer than 51, the highest major version supported by this compiler.
    [javac]   It is recommended that the compiler be upgraded.
    [javac] warning: /root/.sdkman/candidates/java/8.0.302-open/lib/ct.sym(META-INF/sym/rt.jar/java/util/Scanner.class): major version 52 is newer than 51, the highest major version supported by this compiler.
    [javac]   It is recommended that the compiler be upgraded.
    [javac] warning: /root/.sdkman/candidates/java/8.0.302-open/lib/ct.sym(META-INF/sym/rt.jar/java/util/regex/Pattern.class): major version 52 is newer than 51, the highest major version supported by this compiler.
    [javac]   It is recommended that the compiler be upgraded.
    [javac] warning: /root/.sdkman/candidates/java/8.0.302-open/lib/ct.sym(META-INF/sym/rt.jar/java/util/HashMap.class): major version 52 is newer than 51, the highest major version supported by this compiler.
    [javac]   It is recommended that the compiler be upgraded.
    [javac] warning: /root/.sdkman/candidates/java/8.0.302-open/lib/ct.sym(META-INF/sym/rt.jar/java/util/regex/Matcher.class): major version 52 is newer than 51, the highest major version supported by this compiler.
    [javac]   It is recommended that the compiler be upgraded.
    [javac] warning: /root/.sdkman/candidates/java/8.0.302-open/lib/ct.sym(META-INF/sym/rt.jar/java/util/NoSuchElementException.class): major version 52 is newer than 51, the highest major version supported by this compiler.
    [javac]   It is recommended that the compiler be upgraded.
    [javac] warning: /root/.sdkman/candidates/java/8.0.302-open/lib/ct.sym(META-INF/sym/rt.jar/java/util/BitSet.class): major version 52 is newer than 51, the highest major version supported by this compiler.
    [javac]   It is recommended that the compiler be upgraded.
    [javac] warning: /root/.sdkman/candidates/java/8.0.302-open/lib/ct.sym(META-INF/sym/rt.jar/java/io/ByteArrayOutputStream.class): major version 52 is newer than 51, the highest major version supported by this compiler.
    [javac]   It is recommended that the compiler be upgraded.
    [javac] /root/.sdkman/candidates/java/8.0.302-open/lib/ct.sym(META-INF/sym/rt.jar/java/lang/Object.class): warning: Cannot find annotation method 'value()' in type 'Profile+Annotation': class file for jdk.Profile+Annotation not found
    [javac] /root/.sdkman/candidates/java/8.0.302-open/lib/ct.sym(META-INF/sym/rt.jar/java/lang/Exception.class): warning: Cannot find annotation method 'value()' in type 'Profile+Annotation'
    [javac] /root/.sdkman/candidates/java/8.0.302-open/lib/ct.sym(META-INF/sym/rt.jar/java/lang/Throwable.class): warning: Cannot find annotation method 'value()' in type 'Profile+Annotation'
    [javac] /root/.sdkman/candidates/java/8.0.302-open/lib/ct.sym(META-INF/sym/rt.jar/java/io/Serializable.class): warning: Cannot find annotation method 'value()' in type 'Profile+Annotation'
    [javac] /root/.sdkman/candidates/java/8.0.302-open/lib/ct.sym(META-INF/sym/rt.jar/java/lang/String.class): warning: Cannot find annotation method 'value()' in type 'Profile+Annotation'
    [javac] /root/.sdkman/candidates/java/8.0.302-open/lib/ct.sym(META-INF/sym/rt.jar/java/util/Comparator.class): warning: Cannot find annotation method 'value()' in type 'Profile+Annotation'
    [javac] warning: /root/.sdkman/candidates/java/8.0.302-open/lib/ct.sym(META-INF/sym/rt.jar/java/lang/Override.class): major version 52 is newer than 51, the highest major version supported by this compiler.
    [javac]   It is recommended that the compiler be upgraded.
    [javac] warning: /root/.sdkman/candidates/java/8.0.302-open/lib/ct.sym(META-INF/sym/rt.jar/java/lang/annotation/Annotation.class): major version 52 is newer than 51, the highest major version supported by this compiler.
    [javac]   It is recommended that the compiler be upgraded.
    [javac] /root/.sdkman/candidates/java/8.0.302-open/lib/ct.sym(META-INF/sym/rt.jar/java/io/InputStream.class): warning: Cannot find annotation method 'value()' in type 'Profile+Annotation'
    [javac] /root/.sdkman/candidates/java/8.0.302-open/lib/ct.sym(META-INF/sym/rt.jar/java/io/FilterInputStream.class): warning: Cannot find annotation method 'value()' in type 'Profile+Annotation'
    [javac] /root/.sdkman/candidates/java/8.0.302-open/lib/ct.sym(META-INF/sym/rt.jar/java/io/IOException.class): warning: Cannot find annotation method 'value()' in type 'Profile+Annotation'
    [javac] /root/.sdkman/candidates/java/8.0.302-open/lib/ct.sym(META-INF/sym/rt.jar/java/io/Closeable.class): warning: Cannot find annotation method 'value()' in type 'Profile+Annotation'
    [javac] /root/.sdkman/candidates/java/8.0.302-open/lib/ct.sym(META-INF/sym/rt.jar/java/lang/AutoCloseable.class): warning: Cannot find annotation method 'value()' in type 'Profile+Annotation'
    [javac] /root/.sdkman/candidates/java/8.0.302-open/lib/ct.sym(META-INF/sym/rt.jar/java/io/OutputStream.class): warning: Cannot find annotation method 'value()' in type 'Profile+Annotation'
    [javac] /root/.sdkman/candidates/java/8.0.302-open/lib/ct.sym(META-INF/sym/rt.jar/java/io/FilterOutputStream.class): warning: Cannot find annotation method 'value()' in type 'Profile+Annotation'
    [javac] /root/.sdkman/candidates/java/8.0.302-open/lib/ct.sym(META-INF/sym/rt.jar/java/io/Flushable.class): warning: Cannot find annotation method 'value()' in type 'Profile+Annotation'
    [javac] /root/.sdkman/candidates/java/8.0.302-open/lib/ct.sym(META-INF/sym/rt.jar/java/math/BigInteger.class): warning: Cannot find annotation method 'value()' in type 'Profile+Annotation'
    [javac] /root/.sdkman/candidates/java/8.0.302-open/lib/ct.sym(META-INF/sym/rt.jar/java/io/UnsupportedEncodingException.class): warning: Cannot find annotation method 'value()' in type 'Profile+Annotation'
    [javac] /root/.sdkman/candidates/java/8.0.302-open/lib/ct.sym(META-INF/sym/rt.jar/java/lang/IllegalStateException.class): warning: Cannot find annotation method 'value()' in type 'Profile+Annotation'
    [javac] /root/.sdkman/candidates/java/8.0.302-open/lib/ct.sym(META-INF/sym/rt.jar/java/security/MessageDigest.class): warning: Cannot find annotation method 'value()' in type 'Profile+Annotation'
    [javac] /root/.sdkman/candidates/java/8.0.302-open/lib/ct.sym(META-INF/sym/rt.jar/java/security/NoSuchAlgorithmException.class): warning: Cannot find annotation method 'value()' in type 'Profile+Annotation'
    [javac] /root/.sdkman/candidates/java/8.0.302-open/lib/ct.sym(META-INF/sym/rt.jar/java/util/Locale.class): warning: Cannot find annotation method 'value()' in type 'Profile+Annotation'
    [javac] /root/.sdkman/candidates/java/8.0.302-open/lib/ct.sym(META-INF/sym/rt.jar/java/lang/StringBuffer.class): warning: Cannot find annotation method 'value()' in type 'Profile+Annotation'
    [javac] /root/.sdkman/candidates/java/8.0.302-open/lib/ct.sym(META-INF/sym/rt.jar/java/util/ArrayList.class): warning: Cannot find annotation method 'value()' in type 'Profile+Annotation'
    [javac] /root/.sdkman/candidates/java/8.0.302-open/lib/ct.sym(META-INF/sym/rt.jar/java/util/Arrays.class): warning: Cannot find annotation method 'value()' in type 'Profile+Annotation'
    [javac] /root/.sdkman/candidates/java/8.0.302-open/lib/ct.sym(META-INF/sym/rt.jar/java/util/Collections.class): warning: Cannot find annotation method 'value()' in type 'Profile+Annotation'
    [javac] /root/.sdkman/candidates/java/8.0.302-open/lib/ct.sym(META-INF/sym/rt.jar/java/util/EnumMap.class): warning: Cannot find annotation method 'value()' in type 'Profile+Annotation'
    [javac] /root/.sdkman/candidates/java/8.0.302-open/lib/ct.sym(META-INF/sym/rt.jar/java/util/HashSet.class): warning: Cannot find annotation method 'value()' in type 'Profile+Annotation'
    [javac] /root/.sdkman/candidates/java/8.0.302-open/lib/ct.sym(META-INF/sym/rt.jar/java/util/Iterator.class): warning: Cannot find annotation method 'value()' in type 'Profile+Annotation'
    [javac] /root/.sdkman/candidates/java/8.0.302-open/lib/ct.sym(META-INF/sym/rt.jar/java/util/List.class): warning: Cannot find annotation method 'value()' in type 'Profile+Annotation'
    [javac] /root/.sdkman/candidates/java/8.0.302-open/lib/ct.sym(META-INF/sym/rt.jar/java/util/Map.class): warning: Cannot find annotation method 'value()' in type 'Profile+Annotation'
    [javac] /root/.sdkman/candidates/java/8.0.302-open/lib/ct.sym(META-INF/sym/rt.jar/java/util/Set.class): warning: Cannot find annotation method 'value()' in type 'Profile+Annotation'
    [javac] /root/.sdkman/candidates/java/8.0.302-open/lib/ct.sym(META-INF/sym/rt.jar/java/util/TreeSet.class): warning: Cannot find annotation method 'value()' in type 'Profile+Annotation'
    [javac] /root/.sdkman/candidates/java/8.0.302-open/lib/ct.sym(META-INF/sym/rt.jar/java/lang/Enum.class): warning: Cannot find annotation method 'value()' in type 'Profile+Annotation'
    [javac] /root/.sdkman/candidates/java/8.0.302-open/lib/ct.sym(META-INF/sym/rt.jar/java/lang/Comparable.class): warning: Cannot find annotation method 'value()' in type 'Profile+Annotation'
    [javac] /root/.sdkman/candidates/java/8.0.302-open/lib/ct.sym(META-INF/sym/rt.jar/java/lang/CharSequence.class): warning: Cannot find annotation method 'value()' in type 'Profile+Annotation'
    [javac] /root/.sdkman/candidates/java/8.0.302-open/lib/ct.sym(META-INF/sym/rt.jar/java/lang/Iterable.class): warning: Cannot find annotation method 'value()' in type 'Profile+Annotation'
    [javac] /root/.sdkman/candidates/java/8.0.302-open/lib/ct.sym(META-INF/sym/rt.jar/java/util/Scanner.class): warning: Cannot find annotation method 'value()' in type 'Profile+Annotation'
    [javac] /root/.sdkman/candidates/java/8.0.302-open/lib/ct.sym(META-INF/sym/rt.jar/java/util/regex/Pattern.class): warning: Cannot find annotation method 'value()' in type 'Profile+Annotation'
    [javac] /root/.sdkman/candidates/java/8.0.302-open/lib/ct.sym(META-INF/sym/rt.jar/java/util/HashMap.class): warning: Cannot find annotation method 'value()' in type 'Profile+Annotation'
    [javac] /root/.sdkman/candidates/java/8.0.302-open/lib/ct.sym(META-INF/sym/rt.jar/java/util/regex/Matcher.class): warning: Cannot find annotation method 'value()' in type 'Profile+Annotation'
    [javac] /root/.sdkman/candidates/java/8.0.302-open/lib/ct.sym(META-INF/sym/rt.jar/java/util/NoSuchElementException.class): warning: Cannot find annotation method 'value()' in type 'Profile+Annotation'
    [javac] /root/.sdkman/candidates/java/8.0.302-open/lib/ct.sym(META-INF/sym/rt.jar/java/util/BitSet.class): warning: Cannot find annotation method 'value()' in type 'Profile+Annotation'
    [javac] /root/.sdkman/candidates/java/8.0.302-open/lib/ct.sym(META-INF/sym/rt.jar/java/io/ByteArrayOutputStream.class): warning: Cannot find annotation method 'value()' in type 'Profile+Annotation'
    [javac] warning: /root/.sdkman/candidates/java/8.0.302-open/lib/ct.sym(META-INF/sym/rt.jar/java/lang/annotation/Target.class): major version 52 is newer than 51, the highest major version supported by this compiler.
    [javac]   It is recommended that the compiler be upgraded.
    [javac] warning: /root/.sdkman/candidates/java/8.0.302-open/lib/ct.sym(META-INF/sym/rt.jar/java/lang/annotation/ElementType.class): major version 52 is newer than 51, the highest major version supported by this compiler.
    [javac]   It is recommended that the compiler be upgraded.
    [javac] warning: /root/.sdkman/candidates/java/8.0.302-open/lib/ct.sym(META-INF/sym/rt.jar/java/lang/annotation/Retention.class): major version 52 is newer than 51, the highest major version supported by this compiler.
    [javac]   It is recommended that the compiler be upgraded.
    [javac] warning: /root/.sdkman/candidates/java/8.0.302-open/lib/ct.sym(META-INF/sym/rt.jar/java/lang/annotation/RetentionPolicy.class): major version 52 is newer than 51, the highest major version supported by this compiler.
    [javac]   It is recommended that the compiler be upgraded.
    [javac] /root/.sdkman/candidates/java/8.0.302-open/lib/ct.sym(META-INF/sym/rt.jar/java/lang/Override.class): warning: Cannot find annotation method 'value()' in type 'Profile+Annotation'
    [javac] /root/.sdkman/candidates/java/8.0.302-open/lib/ct.sym(META-INF/sym/rt.jar/java/lang/annotation/Annotation.class): warning: Cannot find annotation method 'value()' in type 'Profile+Annotation'
    [javac] /root/.sdkman/candidates/java/8.0.302-open/lib/ct.sym(META-INF/sym/rt.jar/java/lang/annotation/Target.class): warning: Cannot find annotation method 'value()' in type 'Profile+Annotation'
    [javac] /root/.sdkman/candidates/java/8.0.302-open/lib/ct.sym(META-INF/sym/rt.jar/java/lang/annotation/ElementType.class): warning: Cannot find annotation method 'value()' in type 'Profile+Annotation'
    [javac] /root/.sdkman/candidates/java/8.0.302-open/lib/ct.sym(META-INF/sym/rt.jar/java/lang/annotation/Retention.class): warning: Cannot find annotation method 'value()' in type 'Profile+Annotation'
    [javac] /root/.sdkman/candidates/java/8.0.302-open/lib/ct.sym(META-INF/sym/rt.jar/java/lang/annotation/RetentionPolicy.class): warning: Cannot find annotation method 'value()' in type 'Profile+Annotation'
    [javac] warning: /root/.sdkman/candidates/java/8.0.302-open/lib/ct.sym(META-INF/sym/rt.jar/java/lang/Error.class): major version 52 is newer than 51, the highest major version supported by this compiler.
    [javac]   It is recommended that the compiler be upgraded.
    [javac] /root/.sdkman/candidates/java/8.0.302-open/lib/ct.sym(META-INF/sym/rt.jar/java/lang/Error.class): warning: Cannot find annotation method 'value()' in type 'Profile+Annotation'
    [javac] warning: /root/.sdkman/candidates/java/8.0.302-open/lib/ct.sym(META-INF/sym/rt.jar/java/lang/RuntimeException.class): major version 52 is newer than 51, the highest major version supported by this compiler.
    [javac]   It is recommended that the compiler be upgraded.
    [javac] Note: /tmp/fix_test_suite.pl_11347_1702810897/src/main/java/org/apache/commons/codec/StringEncoderComparator.java uses unchecked or unsafe operations.
    [javac] Note: Recompile with -Xlint:unchecked for details.
    [javac] 100 warnings
     [copy] Copying 6 files to /tmp/fix_test_suite.pl_11347_1702810897/target/classes

compile.gen.tests:
     [echo] classes.dir: /tmp/fix_test_suite.pl_11347_1702810897/target/classes/
     [echo] build.home: target
    [mkdir] Created dir: /tmp/fix_test_suite.pl_11347_1702810897/.classes_testgen
    [javac] /defects4j/framework/projects/defects4j.build.xml:265: warning: 'includeantruntime' was not set, defaulting to build.sysclasspath=last; set to false for repeatable builds
    [javac] Compiling 1 source file to /tmp/fix_test_suite.pl_11347_1702810897/.classes_testgen
    [javac] warning: /root/.sdkman/candidates/java/8.0.302-open/lib/ct.sym(META-INF/sym/rt.jar/java/lang/Object.class): major version 52 is newer than 51, the highest major version supported by this compiler.
    [javac]   It is recommended that the compiler be upgraded.
    [javac] warning: /root/.sdkman/candidates/java/8.0.302-open/lib/ct.sym(META-INF/sym/rt.jar/java/lang/Exception.class): major version 52 is newer than 51, the highest major version supported by this compiler.
    [javac]   It is recommended that the compiler be upgraded.
    [javac] /root/.sdkman/candidates/java/8.0.302-open/lib/ct.sym(META-INF/sym/rt.jar/java/lang/Object.class): warning: Cannot find annotation method 'value()' in type 'Profile+Annotation': class file for jdk.Profile+Annotation not found
    [javac] warning: /root/.sdkman/candidates/java/8.0.302-open/lib/ct.sym(META-INF/sym/rt.jar/java/lang/annotation/Retention.class): major version 52 is newer than 51, the highest major version supported by this compiler.
    [javac]   It is recommended that the compiler be upgraded.
    [javac] warning: /root/.sdkman/candidates/java/8.0.302-open/lib/ct.sym(META-INF/sym/rt.jar/java/lang/annotation/RetentionPolicy.class): major version 52 is newer than 51, the highest major version supported by this compiler.
    [javac]   It is recommended that the compiler be upgraded.
    [javac] warning: /root/.sdkman/candidates/java/8.0.302-open/lib/ct.sym(META-INF/sym/rt.jar/java/lang/annotation/Target.class): major version 52 is newer than 51, the highest major version supported by this compiler.
    [javac]   It is recommended that the compiler be upgraded.
    [javac] warning: /root/.sdkman/candidates/java/8.0.302-open/lib/ct.sym(META-INF/sym/rt.jar/java/lang/annotation/ElementType.class): major version 52 is newer than 51, the highest major version supported by this compiler.
    [javac]   It is recommended that the compiler be upgraded.
    [javac] /root/.sdkman/candidates/java/8.0.302-open/lib/ct.sym(META-INF/sym/rt.jar/java/lang/Exception.class): warning: Cannot find annotation method 'value()' in type 'Profile+Annotation'
    [javac] warning: /root/.sdkman/candidates/java/8.0.302-open/lib/ct.sym(META-INF/sym/rt.jar/java/lang/annotation/Annotation.class): major version 52 is newer than 51, the highest major version supported by this compiler.
    [javac]   It is recommended that the compiler be upgraded.
    [javac] /root/.sdkman/candidates/java/8.0.302-open/lib/ct.sym(META-INF/sym/rt.jar/java/lang/annotation/Retention.class): warning: Cannot find annotation method 'value()' in type 'Profile+Annotation'
    [javac] /root/.sdkman/candidates/java/8.0.302-open/lib/ct.sym(META-INF/sym/rt.jar/java/lang/annotation/RetentionPolicy.class): warning: Cannot find annotation method 'value()' in type 'Profile+Annotation'
    [javac] /root/.sdkman/candidates/java/8.0.302-open/lib/ct.sym(META-INF/sym/rt.jar/java/lang/annotation/Target.class): warning: Cannot find annotation method 'value()' in type 'Profile+Annotation'
    [javac] /root/.sdkman/candidates/java/8.0.302-open/lib/ct.sym(META-INF/sym/rt.jar/java/lang/annotation/ElementType.class): warning: Cannot find annotation method 'value()' in type 'Profile+Annotation'
    [javac] /root/.sdkman/candidates/java/8.0.302-open/lib/ct.sym(META-INF/sym/rt.jar/java/lang/annotation/Annotation.class): warning: Cannot find annotation method 'value()' in type 'Profile+Annotation'
    [javac] warning: /root/.sdkman/candidates/java/8.0.302-open/lib/ct.sym(META-INF/sym/rt.jar/java/lang/AutoCloseable.class): major version 52 is newer than 51, the highest major version supported by this compiler.
    [javac]   It is recommended that the compiler be upgraded.
    [javac] /root/.sdkman/candidates/java/8.0.302-open/lib/ct.sym(META-INF/sym/rt.jar/java/lang/AutoCloseable.class): warning: Cannot find annotation method 'value()' in type 'Profile+Annotation'
    [javac] warning: /root/.sdkman/candidates/java/8.0.302-open/lib/ct.sym(META-INF/sym/rt.jar/java/lang/Throwable.class): major version 52 is newer than 51, the highest major version supported by this compiler.
    [javac]   It is recommended that the compiler be upgraded.
    [javac] /root/.sdkman/candidates/java/8.0.302-open/lib/ct.sym(META-INF/sym/rt.jar/java/lang/Throwable.class): warning: Cannot find annotation method 'value()' in type 'Profile+Annotation'
    [javac] warning: /root/.sdkman/candidates/java/8.0.302-open/lib/ct.sym(META-INF/sym/rt.jar/java/lang/String.class): major version 52 is newer than 51, the highest major version supported by this compiler.
    [javac]   It is recommended that the compiler be upgraded.
    [javac] /root/.sdkman/candidates/java/8.0.302-open/lib/ct.sym(META-INF/sym/rt.jar/java/lang/String.class): warning: Cannot find annotation method 'value()' in type 'Profile+Annotation'
    [javac] /tmp/fix_test_suite.pl_11347_1702810897/llm/org/apache/commons/codec/net/QuotedPrintableCodec_LLMTest.java:16: error: variable plain is already defined in method test0()
    [javac]         String plain = "test123";
    [javac]                ^
    [javac] /tmp/fix_test_suite.pl_11347_1702810897/llm/org/apache/commons/codec/net/QuotedPrintableCodec_LLMTest.java:28: error: variable plain is already defined in method test1()
    [javac]         String plain ="This is a test.";
    [javac]                ^
    [javac] /tmp/fix_test_suite.pl_11347_1702810897/llm/org/apache/commons/codec/net/QuotedPrintableCodec_LLMTest.java:32: error: variable expected is already defined in method test1()
    [javac]         String expected = "This symbol is not encoded.";
    [javac]                ^
    [javac] /tmp/fix_test_suite.pl_11347_1702810897/llm/org/apache/commons/codec/net/QuotedPrintableCodec_LLMTest.java:42: error: variable plain is already defined in method test2()
    [javac]         String plain ="This is a test.";
    [javac]                ^
    [javac] /tmp/fix_test_suite.pl_11347_1702810897/llm/org/apache/commons/codec/net/QuotedPrintableCodec_LLMTest.java:46: error: variable expected is already defined in method test2()
    [javac]         String expected = "This symbol is not encoded.";
    [javac]                ^
    [javac] /tmp/fix_test_suite.pl_11347_1702810897/llm/org/apache/commons/codec/net/QuotedPrintableCodec_LLMTest.java:52: error: variable plain is already defined in method test2()
    [javac]         String plain ="This is a test.";
    [javac]                ^
    [javac] /tmp/fix_test_suite.pl_11347_1702810897/llm/org/apache/commons/codec/net/QuotedPrintableCodec_LLMTest.java:56: error: variable expected is already defined in method test2()
    [javac]         String expected = "This symbol is not encoded.";
    [javac]                ^
    [javac] /tmp/fix_test_suite.pl_11347_1702810897/llm/org/apache/commons/codec/net/QuotedPrintableCodec_LLMTest.java:65: error: variable plain is already defined in method test3()
    [javac]         byte[] plain = "test".getBytes("UTF-8");
    [javac]                ^
    [javac] warning: /root/.sdkman/candidates/java/8.0.302-open/lib/ct.sym(META-INF/sym/rt.jar/java/nio/charset/Charset.class): major version 52 is newer than 51, the highest major version supported by this compiler.
    [javac]   It is recommended that the compiler be upgraded.
    [javac] /root/.sdkman/candidates/java/8.0.302-open/lib/ct.sym(META-INF/sym/rt.jar/java/nio/charset/Charset.class): warning: Cannot find annotation method 'value()' in type 'Profile+Annotation'
    [javac] /tmp/fix_test_suite.pl_11347_1702810897/llm/org/apache/commons/codec/net/QuotedPrintableCodec_LLMTest.java:76: error: variable plain is already defined in method test4()
    [javac]         String plain ="This is a test.";
    [javac]                ^
    [javac] /tmp/fix_test_suite.pl_11347_1702810897/llm/org/apache/commons/codec/net/QuotedPrintableCodec_LLMTest.java:80: error: variable expected is already defined in method test4()
    [javac]         String expected = "This symbol is not encoded.";
    [javac]                ^
    [javac] /tmp/fix_test_suite.pl_11347_1702810897/llm/org/apache/commons/codec/net/QuotedPrintableCodec_LLMTest.java:86: error: variable plain is already defined in method test4()
    [javac]         String plain ="This is a test.";
    [javac]                ^
    [javac] /tmp/fix_test_suite.pl_11347_1702810897/llm/org/apache/commons/codec/net/QuotedPrintableCodec_LLMTest.java:90: error: variable expected is already defined in method test4()
    [javac]         String expected = "This symbol is not encoded.";
    [javac]                ^
    [javac] /tmp/fix_test_suite.pl_11347_1702810897/llm/org/apache/commons/codec/net/QuotedPrintableCodec_LLMTest.java:97: error: variable plain is already defined in method test4()
    [javac]         String plain ="This is a test.";
    [javac]                ^
    [javac] /tmp/fix_test_suite.pl_11347_1702810897/llm/org/apache/commons/codec/net/QuotedPrintableCodec_LLMTest.java:101: error: variable expected is already defined in method test4()
    [javac]         String expected = "This symbol is not encoded.";
    [javac]                ^
    [javac] /tmp/fix_test_suite.pl_11347_1702810897/llm/org/apache/commons/codec/net/QuotedPrintableCodec_LLMTest.java:108: error: variable plain is already defined in method test4()
    [javac]         String plain ="This is a test.";
    [javac]                ^
    [javac] /tmp/fix_test_suite.pl_11347_1702810897/llm/org/apache/commons/codec/net/QuotedPrintableCodec_LLMTest.java:112: error: variable expected is already defined in method test4()
    [javac]         String expected = "This symbol is not encoded.";
    [javac]                ^
    [javac] /tmp/fix_test_suite.pl_11347_1702810897/llm/org/apache/commons/codec/net/QuotedPrintableCodec_LLMTest.java:121: error: variable plain is already defined in method test5()
    [javac]         String plain = "test123";
    [javac]                ^
    [javac] warning: /root/.sdkman/candidates/java/8.0.302-open/lib/ct.sym(META-INF/sym/rt.jar/java/lang/StringBuilder.class): major version 52 is newer than 51, the highest major version supported by this compiler.
    [javac]   It is recommended that the compiler be upgraded.
    [javac] /root/.sdkman/candidates/java/8.0.302-open/lib/ct.sym(META-INF/sym/rt.jar/java/lang/StringBuilder.class): warning: Cannot find annotation method 'value()' in type 'Profile+Annotation'
    [javac] warning: /root/.sdkman/candidates/java/8.0.302-open/lib/ct.sym(META-INF/sym/rt.jar/java/lang/StringBuffer.class): major version 52 is newer than 51, the highest major version supported by this compiler.
    [javac]   It is recommended that the compiler be upgraded.
    [javac] /root/.sdkman/candidates/java/8.0.302-open/lib/ct.sym(META-INF/sym/rt.jar/java/lang/StringBuffer.class): warning: Cannot find annotation method 'value()' in type 'Profile+Annotation'
    [javac] warning: /root/.sdkman/candidates/java/8.0.302-open/lib/ct.sym(META-INF/sym/rt.jar/java/lang/Double.class): major version 52 is newer than 51, the highest major version supported by this compiler.
    [javac]   It is recommended that the compiler be upgraded.
    [javac] /root/.sdkman/candidates/java/8.0.302-open/lib/ct.sym(META-INF/sym/rt.jar/java/lang/Double.class): warning: Cannot find annotation method 'value()' in type 'Profile+Annotation'
    [javac] warning: /root/.sdkman/candidates/java/8.0.302-open/lib/ct.sym(META-INF/sym/rt.jar/java/lang/Number.class): major version 52 is newer than 51, the highest major version supported by this compiler.
    [javac]   It is recommended that the compiler be upgraded.
    [javac] /root/.sdkman/candidates/java/8.0.302-open/lib/ct.sym(META-INF/sym/rt.jar/java/lang/Number.class): warning: Cannot find annotation method 'value()' in type 'Profile+Annotation'
    [javac] /tmp/fix_test_suite.pl_11347_1702810897/llm/org/apache/commons/codec/net/QuotedPrintableCodec_LLMTest.java:157: error: variable plain is already defined in method test7()
    [javac]         String plain = "test123";
    [javac]                ^
    [javac] /tmp/fix_test_suite.pl_11347_1702810897/llm/org/apache/commons/codec/net/QuotedPrintableCodec_LLMTest.java:171: error: variable plain is already defined in method test8()
    [javac]         String plain = "=test123";
    [javac]                ^
    [javac] /tmp/fix_test_suite.pl_11347_1702810897/llm/org/apache/commons/codec/net/QuotedPrintableCodec_LLMTest.java:183: error: variable plain is already defined in method test9()
    [javac]         String plain = "= test =\r\n";
    [javac]                ^
    [javac] /tmp/fix_test_suite.pl_11347_1702810897/llm/org/apache/commons/codec/net/QuotedPrintableCodec_LLMTest.java:193: error: cannot find symbol
    [javac]         String ru_msg = constructString(RUSSIAN_STUFF_UNICODE); 
    [javac]                                         ^
    [javac]   symbol:   variable RUSSIAN_STUFF_UNICODE
    [javac]   location: class QuotedPrintableCodec_LLMTest
    [javac] /tmp/fix_test_suite.pl_11347_1702810897/llm/org/apache/commons/codec/net/QuotedPrintableCodec_LLMTest.java:194: error: cannot find symbol
    [javac]         String ch_msg = constructString(SWISS_GERMAN_STUFF_UNICODE); 
    [javac]                                         ^
    [javac]   symbol:   variable SWISS_GERMAN_STUFF_UNICODE
    [javac]   location: class QuotedPrintableCodec_LLMTest
    [javac] /tmp/fix_test_suite.pl_11347_1702810897/llm/org/apache/commons/codec/net/QuotedPrintableCodec_LLMTest.java:203: error: variable ru_msg is already defined in method test10()
    [javac]         String ru_msg = "This is a test.";
    [javac]                ^
    [javac] /tmp/fix_test_suite.pl_11347_1702810897/llm/org/apache/commons/codec/net/QuotedPrintableCodec_LLMTest.java:214: error: variable qpdata is already defined in method test11()
    [javac]         String qpdata = "This is a test.";
    [javac]                ^
    [javac] /tmp/fix_test_suite.pl_11347_1702810897/llm/org/apache/commons/codec/net/QuotedPrintableCodec_LLMTest.java:312: error: cannot find symbol
    [javac]         assertArrayEquals("Encoding a byte array should return the same byte array", 
    [javac]         ^
    [javac]   symbol:   method assertArrayEquals(String,byte[],byte[])
    [javac]   location: class QuotedPrintableCodec_LLMTest
    [javac] /tmp/fix_test_suite.pl_11347_1702810897/llm/org/apache/commons/codec/net/QuotedPrintableCodec_LLMTest.java:455: error: cannot find symbol
    [javac]         String ru_msg = constructString(RUSSIAN_STUFF_UNICODE); 
    [javac]                                         ^
    [javac]   symbol:   variable RUSSIAN_STUFF_UNICODE
    [javac]   location: class QuotedPrintableCodec_LLMTest
    [javac] /tmp/fix_test_suite.pl_11347_1702810897/llm/org/apache/commons/codec/net/QuotedPrintableCodec_LLMTest.java:456: error: cannot find symbol
    [javac]         String ch_msg = constructString(SWISS_GERMAN_STUFF_UNICODE); 
    [javac]                                         ^
    [javac]   symbol:   variable SWISS_GERMAN_STUFF_UNICODE
    [javac]   location: class QuotedPrintableCodec_LLMTest
    [javac] /tmp/fix_test_suite.pl_11347_1702810897/llm/org/apache/commons/codec/net/QuotedPrintableCodec_LLMTest.java:475: error: cannot find symbol
    [javac]         ru_msg = constructString(SPECIAL_CHARS_UNICODE); 
    [javac]                                  ^
    [javac]   symbol:   variable SPECIAL_CHARS_UNICODE
    [javac]   location: class QuotedPrintableCodec_LLMTest
    [javac] /tmp/fix_test_suite.pl_11347_1702810897/llm/org/apache/commons/codec/net/QuotedPrintableCodec_LLMTest.java:485: error: cannot find symbol
    [javac]         ch_msg = constructString(SPECIAL_CHARS_UNICODE); 
    [javac]                                  ^
    [javac]   symbol:   variable SPECIAL_CHARS_UNICODE
    [javac]   location: class QuotedPrintableCodec_LLMTest
    [javac] /tmp/fix_test_suite.pl_11347_1702810897/llm/org/apache/commons/codec/net/QuotedPrintableCodec_LLMTest.java:708: error: cannot find symbol
    [javac]         String plain = generateLongString(10000);
    [javac]                        ^
    [javac]   symbol:   method generateLongString(int)
    [javac]   location: class QuotedPrintableCodec_LLMTest
    [javac] warning: /root/.sdkman/candidates/java/8.0.302-open/lib/ct.sym(META-INF/sym/rt.jar/java/lang/CharSequence.class): major version 52 is newer than 51, the highest major version supported by this compiler.
    [javac]   It is recommended that the compiler be upgraded.
    [javac] /root/.sdkman/candidates/java/8.0.302-open/lib/ct.sym(META-INF/sym/rt.jar/java/lang/CharSequence.class): warning: Cannot find annotation method 'value()' in type 'Profile+Annotation'
    [javac] warning: /root/.sdkman/candidates/java/8.0.302-open/lib/ct.sym(META-INF/sym/rt.jar/java/io/Serializable.class): major version 52 is newer than 51, the highest major version supported by this compiler.
    [javac]   It is recommended that the compiler be upgraded.
    [javac] /root/.sdkman/candidates/java/8.0.302-open/lib/ct.sym(META-INF/sym/rt.jar/java/io/Serializable.class): warning: Cannot find annotation method 'value()' in type 'Profile+Annotation'
    [javac] warning: /root/.sdkman/candidates/java/8.0.302-open/lib/ct.sym(META-INF/sym/rt.jar/java/lang/Comparable.class): major version 52 is newer than 51, the highest major version supported by this compiler.
    [javac]   It is recommended that the compiler be upgraded.
    [javac] /root/.sdkman/candidates/java/8.0.302-open/lib/ct.sym(META-INF/sym/rt.jar/java/lang/Comparable.class): warning: Cannot find annotation method 'value()' in type 'Profile+Annotation'
    [javac] warning: /root/.sdkman/candidates/java/8.0.302-open/lib/ct.sym(META-INF/sym/rt.jar/java/lang/Integer.class): major version 52 is newer than 51, the highest major version supported by this compiler.
    [javac]   It is recommended that the compiler be upgraded.
    [javac] /root/.sdkman/candidates/java/8.0.302-open/lib/ct.sym(META-INF/sym/rt.jar/java/lang/Integer.class): warning: Cannot find annotation method 'value()' in type 'Profile+Annotation'
    [javac] /tmp/fix_test_suite.pl_11347_1702810897/llm/org/apache/commons/codec/net/QuotedPrintableCodec_LLMTest.java:930: error: cannot find symbol
    [javac]         String ru_msg = constructString(RUSSIAN_STUFF_UNICODE); 
    [javac]                                         ^
    [javac]   symbol:   variable RUSSIAN_STUFF_UNICODE
    [javac]   location: class QuotedPrintableCodec_LLMTest
    [javac] /tmp/fix_test_suite.pl_11347_1702810897/llm/org/apache/commons/codec/net/QuotedPrintableCodec_LLMTest.java:931: error: cannot find symbol
    [javac]         String ch_msg = constructString(SWISS_GERMAN_STUFF_UNICODE); 
    [javac]                                         ^
    [javac]   symbol:   variable SWISS_GERMAN_STUFF_UNICODE
    [javac]   location: class QuotedPrintableCodec_LLMTest
    [javac] /tmp/fix_test_suite.pl_11347_1702810897/llm/org/apache/commons/codec/net/QuotedPrintableCodec_LLMTest.java:945: error: cannot find symbol
    [javac]         String newRuMsg = constructString(RUSSIAN_STUFF_UNICODE) + "!";
    [javac]                                           ^
    [javac]   symbol:   variable RUSSIAN_STUFF_UNICODE
    [javac]   location: class QuotedPrintableCodec_LLMTest
    [javac] /tmp/fix_test_suite.pl_11347_1702810897/llm/org/apache/commons/codec/net/QuotedPrintableCodec_LLMTest.java:946: error: cannot find symbol
    [javac]         String newChMsg = constructString(SWISS_GERMAN_STUFF_UNICODE) + "!";
    [javac]                                           ^
    [javac]   symbol:   variable SWISS_GERMAN_STUFF_UNICODE
    [javac]   location: class QuotedPrintableCodec_LLMTest
    [javac] /tmp/fix_test_suite.pl_11347_1702810897/llm/org/apache/commons/codec/net/QuotedPrintableCodec_LLMTest.java:1162: error: cannot find symbol
    [javac]         } catch (UnsupportedEncodingException e) {
    [javac]                  ^
    [javac]   symbol:   class UnsupportedEncodingException
    [javac]   location: class QuotedPrintableCodec_LLMTest
    [javac] /tmp/fix_test_suite.pl_11347_1702810897/llm/org/apache/commons/codec/net/QuotedPrintableCodec_LLMTest.java:1228: error: cannot find symbol
    [javac]         String ru_msg = constructString(RUSSIAN_STUFF_UNICODE); 
    [javac]                                         ^
    [javac]   symbol:   variable RUSSIAN_STUFF_UNICODE
    [javac]   location: class QuotedPrintableCodec_LLMTest
    [javac] /tmp/fix_test_suite.pl_11347_1702810897/llm/org/apache/commons/codec/net/QuotedPrintableCodec_LLMTest.java:1229: error: cannot find symbol
    [javac]         String ch_msg = constructString(SWISS_GERMAN_STUFF_UNICODE); 
    [javac]                                         ^
    [javac]   symbol:   variable SWISS_GERMAN_STUFF_UNICODE
    [javac]   location: class QuotedPrintableCodec_LLMTest
    [javac] /tmp/fix_test_suite.pl_11347_1702810897/llm/org/apache/commons/codec/net/QuotedPrintableCodec_LLMTest.java:1280: error: cannot find symbol
    [javac]         assertNotNull("Empty string quoted-printable encoding test", 
    [javac]         ^
    [javac]   symbol:   method assertNotNull(String,String)
    [javac]   location: class QuotedPrintableCodec_LLMTest
    [javac] /tmp/fix_test_suite.pl_11347_1702810897/llm/org/apache/commons/codec/net/QuotedPrintableCodec_LLMTest.java:1282: error: cannot find symbol
    [javac]         assertNotNull("Empty string quoted-printable decoding test", 
    [javac]         ^
    [javac]   symbol:   method assertNotNull(String,String)
    [javac]   location: class QuotedPrintableCodec_LLMTest
    [javac] /tmp/fix_test_suite.pl_11347_1702810897/llm/org/apache/commons/codec/net/QuotedPrintableCodec_LLMTest.java:1487: error: cannot find symbol
    [javac]         String ru_msg = constructString(RUSSIAN_STUFF_UNICODE); 
    [javac]                                         ^
    [javac]   symbol:   variable RUSSIAN_STUFF_UNICODE
    [javac]   location: class QuotedPrintableCodec_LLMTest
    [javac] /tmp/fix_test_suite.pl_11347_1702810897/llm/org/apache/commons/codec/net/QuotedPrintableCodec_LLMTest.java:1488: error: cannot find symbol
    [javac]         String ch_msg = constructString(SWISS_GERMAN_STUFF_UNICODE); 
    [javac]                                         ^
    [javac]   symbol:   variable SWISS_GERMAN_STUFF_UNICODE
    [javac]   location: class QuotedPrintableCodec_LLMTest
    [javac] /tmp/fix_test_suite.pl_11347_1702810897/llm/org/apache/commons/codec/net/QuotedPrintableCodec_LLMTest.java:1682: error: cannot find symbol
    [javac]         String ru_msg = constructString(RUSSIAN_STUFF_UNICODE); 
    [javac]                                         ^
    [javac]   symbol:   variable RUSSIAN_STUFF_UNICODE
    [javac]   location: class QuotedPrintableCodec_LLMTest
    [javac] /tmp/fix_test_suite.pl_11347_1702810897/llm/org/apache/commons/codec/net/QuotedPrintableCodec_LLMTest.java:1683: error: cannot find symbol
    [javac]         String ch_msg = constructString(SWISS_GERMAN_STUFF_UNICODE); 
    [javac]                                         ^
    [javac]   symbol:   variable SWISS_GERMAN_STUFF_UNICODE
    [javac]   location: class QuotedPrintableCodec_LLMTest
    [javac] /tmp/fix_test_suite.pl_11347_1702810897/llm/org/apache/commons/codec/net/QuotedPrintableCodec_LLMTest.java:1733: error: cannot find symbol
    [javac]         String longString = "1234567890".repeat(100);
    [javac]                                         ^
    [javac]   symbol:   method repeat(int)
    [javac]   location: class String
    [javac] /tmp/fix_test_suite.pl_11347_1702810897/llm/org/apache/commons/codec/net/QuotedPrintableCodec_LLMTest.java:1971: error: cannot find symbol
    [javac]         String ru_msg = constructString(RUSSIAN_STUFF_UNICODE); 
    [javac]                                         ^
    [javac]   symbol:   variable RUSSIAN_STUFF_UNICODE
    [javac]   location: class QuotedPrintableCodec_LLMTest
    [javac] /tmp/fix_test_suite.pl_11347_1702810897/llm/org/apache/commons/codec/net/QuotedPrintableCodec_LLMTest.java:1972: error: cannot find symbol
    [javac]         String ch_msg = constructString(SWISS_GERMAN_STUFF_UNICODE); 
    [javac]                                         ^
    [javac]   symbol:   variable SWISS_GERMAN_STUFF_UNICODE
    [javac]   location: class QuotedPrintableCodec_LLMTest
    [javac] warning: /root/.sdkman/candidates/java/8.0.302-open/lib/ct.sym(META-INF/sym/rt.jar/java/lang/Byte.class): major version 52 is newer than 51, the highest major version supported by this compiler.
    [javac]   It is recommended that the compiler be upgraded.
    [javac] /root/.sdkman/candidates/java/8.0.302-open/lib/ct.sym(META-INF/sym/rt.jar/java/lang/Byte.class): warning: Cannot find annotation method 'value()' in type 'Profile+Annotation'
    [javac] warning: /root/.sdkman/candidates/java/8.0.302-open/lib/ct.sym(META-INF/sym/rt.jar/java/lang/Character.class): major version 52 is newer than 51, the highest major version supported by this compiler.
    [javac]   It is recommended that the compiler be upgraded.
    [javac] /root/.sdkman/candidates/java/8.0.302-open/lib/ct.sym(META-INF/sym/rt.jar/java/lang/Character.class): warning: Cannot find annotation method 'value()' in type 'Profile+Annotation'
    [javac] warning: /root/.sdkman/candidates/java/8.0.302-open/lib/ct.sym(META-INF/sym/rt.jar/java/lang/Short.class): major version 52 is newer than 51, the highest major version supported by this compiler.
    [javac]   It is recommended that the compiler be upgraded.
    [javac] /root/.sdkman/candidates/java/8.0.302-open/lib/ct.sym(META-INF/sym/rt.jar/java/lang/Short.class): warning: Cannot find annotation method 'value()' in type 'Profile+Annotation'
    [javac] warning: /root/.sdkman/candidates/java/8.0.302-open/lib/ct.sym(META-INF/sym/rt.jar/java/lang/Long.class): major version 52 is newer than 51, the highest major version supported by this compiler.
    [javac]   It is recommended that the compiler be upgraded.
    [javac] /root/.sdkman/candidates/java/8.0.302-open/lib/ct.sym(META-INF/sym/rt.jar/java/lang/Long.class): warning: Cannot find annotation method 'value()' in type 'Profile+Annotation'
    [javac] warning: /root/.sdkman/candidates/java/8.0.302-open/lib/ct.sym(META-INF/sym/rt.jar/java/lang/Float.class): major version 52 is newer than 51, the highest major version supported by this compiler.
    [javac]   It is recommended that the compiler be upgraded.
    [javac] /root/.sdkman/candidates/java/8.0.302-open/lib/ct.sym(META-INF/sym/rt.jar/java/lang/Float.class): warning: Cannot find annotation method 'value()' in type 'Profile+Annotation'
    [javac] warning: /root/.sdkman/candidates/java/8.0.302-open/lib/ct.sym(META-INF/sym/rt.jar/java/lang/Boolean.class): major version 52 is newer than 51, the highest major version supported by this compiler.
    [javac]   It is recommended that the compiler be upgraded.
    [javac] /root/.sdkman/candidates/java/8.0.302-open/lib/ct.sym(META-INF/sym/rt.jar/java/lang/Boolean.class): warning: Cannot find annotation method 'value()' in type 'Profile+Annotation'
    [javac] warning: /root/.sdkman/candidates/java/8.0.302-open/lib/ct.sym(META-INF/sym/rt.jar/java/lang/Void.class): major version 52 is newer than 51, the highest major version supported by this compiler.
    [javac]   It is recommended that the compiler be upgraded.
    [javac] /root/.sdkman/candidates/java/8.0.302-open/lib/ct.sym(META-INF/sym/rt.jar/java/lang/Void.class): warning: Cannot find annotation method 'value()' in type 'Profile+Annotation'
    [javac] /tmp/fix_test_suite.pl_11347_1702810897/llm/org/apache/commons/codec/net/QuotedPrintableCodec_LLMTest.java:2305: error: cannot find symbol
    [javac]     String ru_msg = constructString(RUSSIAN_STUFF_UNICODE); 
    [javac]                                     ^
    [javac]   symbol:   variable RUSSIAN_STUFF_UNICODE
    [javac]   location: class QuotedPrintableCodec_LLMTest
    [javac] /tmp/fix_test_suite.pl_11347_1702810897/llm/org/apache/commons/codec/net/QuotedPrintableCodec_LLMTest.java:2306: error: cannot find symbol
    [javac]     String ch_msg = constructString(SWISS_GERMAN_STUFF_UNICODE); 
    [javac]                                     ^
    [javac]   symbol:   variable SWISS_GERMAN_STUFF_UNICODE
    [javac]   location: class QuotedPrintableCodec_LLMTest
    [javac] 48 errors
    [javac] 52 warnings

BUILD FAILED
/defects4j/framework/projects/defects4j.build.xml:265: Compile failed; see the compiler error output for details.

Total time: 1 second
