- Compilation issues: Codec-17b-llm.13.tar.bz2
Picked up JAVA_TOOL_OPTIONS: -Dfile.encoding=UTF8
OpenJDK 64-Bit Server VM warning: ignoring option MaxPermSize=1G; support was removed in 8.0
Buildfile: /defects4j/framework/projects/defects4j.build.xml

test-offline:

get-deps:

commons-codec-from-maven.compile:
    [mkdir] Created dir: /tmp/fix_test_suite.pl_973_1702614151/target/classes
    [javac] /tmp/fix_test_suite.pl_973_1702614151/maven-build.xml:78: warning: 'includeantruntime' was not set, defaulting to build.sysclasspath=last; set to false for repeatable builds
    [javac] Compiling 63 source files to /tmp/fix_test_suite.pl_973_1702614151/target/classes
    [javac] warning: [options] bootstrap class path not set in conjunction with -source 1.6
    [javac] warning: /root/.sdkman/candidates/java/8.0.302-open/lib/ct.sym(META-INF/sym/rt.jar/java/lang/Object.class): major version 52 is newer than 51, the highest major version supported by this compiler.
    [javac]   It is recommended that the compiler be upgraded.
    [javac] warning: /root/.sdkman/candidates/java/8.0.302-open/lib/ct.sym(META-INF/sym/rt.jar/java/lang/Exception.class): major version 52 is newer than 51, the highest major version supported by this compiler.
    [javac]   It is recommended that the compiler be upgraded.
    [javac] warning: /root/.sdkman/candidates/java/8.0.302-open/lib/ct.sym(META-INF/sym/rt.jar/java/lang/Throwable.class): major version 52 is newer than 51, the highest major version supported by this compiler.
    [javac]   It is recommended that the compiler be upgraded.
    [javac] warning: /root/.sdkman/candidates/java/8.0.302-open/lib/ct.sym(META-INF/sym/rt.jar/java/io/Serializable.class): major version 52 is newer than 51, the highest major version supported by this compiler.
    [javac]   It is recommended that the compiler be upgraded.
    [javac] warning: /root/.sdkman/candidates/java/8.0.302-open/lib/ct.sym(META-INF/sym/rt.jar/java/lang/String.class): major version 52 is newer than 51, the highest major version supported by this compiler.
    [javac]   It is recommended that the compiler be upgraded.
    [javac] warning: /root/.sdkman/candidates/java/8.0.302-open/lib/ct.sym(META-INF/sym/rt.jar/java/nio/charset/Charset.class): major version 52 is newer than 51, the highest major version supported by this compiler.
    [javac]   It is recommended that the compiler be upgraded.
    [javac] warning: /root/.sdkman/candidates/java/8.0.302-open/lib/ct.sym(META-INF/sym/rt.jar/java/util/Comparator.class): major version 52 is newer than 51, the highest major version supported by this compiler.
    [javac]   It is recommended that the compiler be upgraded.
    [javac] warning: /root/.sdkman/candidates/java/8.0.302-open/lib/ct.sym(META-INF/sym/rt.jar/java/lang/SuppressWarnings.class): major version 52 is newer than 51, the highest major version supported by this compiler.
    [javac]   It is recommended that the compiler be upgraded.
    [javac] warning: /root/.sdkman/candidates/java/8.0.302-open/lib/ct.sym(META-INF/sym/rt.jar/java/util/Arrays.class): major version 52 is newer than 51, the highest major version supported by this compiler.
    [javac]   It is recommended that the compiler be upgraded.
    [javac] warning: /root/.sdkman/candidates/java/8.0.302-open/lib/ct.sym(META-INF/sym/rt.jar/java/io/InputStream.class): major version 52 is newer than 51, the highest major version supported by this compiler.
    [javac]   It is recommended that the compiler be upgraded.
    [javac] warning: /root/.sdkman/candidates/java/8.0.302-open/lib/ct.sym(META-INF/sym/rt.jar/java/io/FilterInputStream.class): major version 52 is newer than 51, the highest major version supported by this compiler.
    [javac]   It is recommended that the compiler be upgraded.
    [javac] warning: /root/.sdkman/candidates/java/8.0.302-open/lib/ct.sym(META-INF/sym/rt.jar/java/io/IOException.class): major version 52 is newer than 51, the highest major version supported by this compiler.
    [javac]   It is recommended that the compiler be upgraded.
    [javac] warning: /root/.sdkman/candidates/java/8.0.302-open/lib/ct.sym(META-INF/sym/rt.jar/java/io/Closeable.class): major version 52 is newer than 51, the highest major version supported by this compiler.
    [javac]   It is recommended that the compiler be upgraded.
    [javac] warning: /root/.sdkman/candidates/java/8.0.302-open/lib/ct.sym(META-INF/sym/rt.jar/java/lang/AutoCloseable.class): major version 52 is newer than 51, the highest major version supported by this compiler.
    [javac]   It is recommended that the compiler be upgraded.
    [javac] warning: /root/.sdkman/candidates/java/8.0.302-open/lib/ct.sym(META-INF/sym/rt.jar/java/io/OutputStream.class): major version 52 is newer than 51, the highest major version supported by this compiler.
    [javac]   It is recommended that the compiler be upgraded.
    [javac] warning: /root/.sdkman/candidates/java/8.0.302-open/lib/ct.sym(META-INF/sym/rt.jar/java/io/FilterOutputStream.class): major version 52 is newer than 51, the highest major version supported by this compiler.
    [javac]   It is recommended that the compiler be upgraded.
    [javac] warning: /root/.sdkman/candidates/java/8.0.302-open/lib/ct.sym(META-INF/sym/rt.jar/java/io/Flushable.class): major version 52 is newer than 51, the highest major version supported by this compiler.
    [javac]   It is recommended that the compiler be upgraded.
    [javac] warning: /root/.sdkman/candidates/java/8.0.302-open/lib/ct.sym(META-INF/sym/rt.jar/java/math/BigInteger.class): major version 52 is newer than 51, the highest major version supported by this compiler.
    [javac]   It is recommended that the compiler be upgraded.
    [javac] warning: /root/.sdkman/candidates/java/8.0.302-open/lib/ct.sym(META-INF/sym/rt.jar/java/lang/CharSequence.class): major version 52 is newer than 51, the highest major version supported by this compiler.
    [javac]   It is recommended that the compiler be upgraded.
    [javac] warning: /root/.sdkman/candidates/java/8.0.302-open/lib/ct.sym(META-INF/sym/rt.jar/java/nio/ByteBuffer.class): major version 52 is newer than 51, the highest major version supported by this compiler.
    [javac]   It is recommended that the compiler be upgraded.
    [javac] warning: /root/.sdkman/candidates/java/8.0.302-open/lib/ct.sym(META-INF/sym/rt.jar/java/io/UnsupportedEncodingException.class): major version 52 is newer than 51, the highest major version supported by this compiler.
    [javac]   It is recommended that the compiler be upgraded.
    [javac] warning: /root/.sdkman/candidates/java/8.0.302-open/lib/ct.sym(META-INF/sym/rt.jar/java/lang/IllegalStateException.class): major version 52 is newer than 51, the highest major version supported by this compiler.
    [javac]   It is recommended that the compiler be upgraded.
    [javac] warning: /root/.sdkman/candidates/java/8.0.302-open/lib/ct.sym(META-INF/sym/rt.jar/java/io/File.class): major version 52 is newer than 51, the highest major version supported by this compiler.
    [javac]   It is recommended that the compiler be upgraded.
    [javac] warning: /root/.sdkman/candidates/java/8.0.302-open/lib/ct.sym(META-INF/sym/rt.jar/java/security/MessageDigest.class): major version 52 is newer than 51, the highest major version supported by this compiler.
    [javac]   It is recommended that the compiler be upgraded.
    [javac] warning: /root/.sdkman/candidates/java/8.0.302-open/lib/ct.sym(META-INF/sym/rt.jar/java/util/Locale.class): major version 52 is newer than 51, the highest major version supported by this compiler.
    [javac]   It is recommended that the compiler be upgraded.
    [javac] warning: /root/.sdkman/candidates/java/8.0.302-open/lib/ct.sym(META-INF/sym/rt.jar/java/util/Random.class): major version 52 is newer than 51, the highest major version supported by this compiler.
    [javac]   It is recommended that the compiler be upgraded.
    [javac] warning: /root/.sdkman/candidates/java/8.0.302-open/lib/ct.sym(META-INF/sym/rt.jar/java/lang/StringBuilder.class): major version 52 is newer than 51, the highest major version supported by this compiler.
    [javac]   It is recommended that the compiler be upgraded.
    [javac] warning: /root/.sdkman/candidates/java/8.0.302-open/lib/ct.sym(META-INF/sym/rt.jar/java/io/BufferedInputStream.class): major version 52 is newer than 51, the highest major version supported by this compiler.
    [javac]   It is recommended that the compiler be upgraded.
    [javac] warning: /root/.sdkman/candidates/java/8.0.302-open/lib/ct.sym(META-INF/sym/rt.jar/java/io/FileInputStream.class): major version 52 is newer than 51, the highest major version supported by this compiler.
    [javac]   It is recommended that the compiler be upgraded.
    [javac] warning: /root/.sdkman/candidates/java/8.0.302-open/lib/ct.sym(META-INF/sym/rt.jar/java/security/NoSuchAlgorithmException.class): major version 52 is newer than 51, the highest major version supported by this compiler.
    [javac]   It is recommended that the compiler be upgraded.
    [javac] warning: /root/.sdkman/candidates/java/8.0.302-open/lib/ct.sym(META-INF/sym/rt.jar/java/lang/Enum.class): major version 52 is newer than 51, the highest major version supported by this compiler.
    [javac]   It is recommended that the compiler be upgraded.
    [javac] warning: /root/.sdkman/candidates/java/8.0.302-open/lib/ct.sym(META-INF/sym/rt.jar/java/lang/Comparable.class): major version 52 is newer than 51, the highest major version supported by this compiler.
    [javac]   It is recommended that the compiler be upgraded.
    [javac] warning: /root/.sdkman/candidates/java/8.0.302-open/lib/ct.sym(META-INF/sym/rt.jar/java/security/InvalidKeyException.class): major version 52 is newer than 51, the highest major version supported by this compiler.
    [javac]   It is recommended that the compiler be upgraded.
    [javac] warning: /root/.sdkman/candidates/java/8.0.302-open/lib/ct.sym(META-INF/sym/rt.jar/java/security/Key.class): major version 52 is newer than 51, the highest major version supported by this compiler.
    [javac]   It is recommended that the compiler be upgraded.
    [javac] warning: /root/.sdkman/candidates/java/8.0.302-open/jre/lib/jce.jar(javax/crypto/Mac.class): major version 52 is newer than 51, the highest major version supported by this compiler.
    [javac]   It is recommended that the compiler be upgraded.
    [javac] warning: /root/.sdkman/candidates/java/8.0.302-open/jre/lib/jce.jar(javax/crypto/spec/SecretKeySpec.class): major version 52 is newer than 51, the highest major version supported by this compiler.
    [javac]   It is recommended that the compiler be upgraded.
    [javac] warning: /root/.sdkman/candidates/java/8.0.302-open/lib/ct.sym(META-INF/sym/rt.jar/java/util/regex/Matcher.class): major version 52 is newer than 51, the highest major version supported by this compiler.
    [javac]   It is recommended that the compiler be upgraded.
    [javac] warning: /root/.sdkman/candidates/java/8.0.302-open/lib/ct.sym(META-INF/sym/rt.jar/java/util/regex/Pattern.class): major version 52 is newer than 51, the highest major version supported by this compiler.
    [javac]   It is recommended that the compiler be upgraded.
    [javac] warning: /root/.sdkman/candidates/java/8.0.302-open/lib/ct.sym(META-INF/sym/rt.jar/java/util/zip/Checksum.class): major version 52 is newer than 51, the highest major version supported by this compiler.
    [javac]   It is recommended that the compiler be upgraded.
    [javac] warning: /root/.sdkman/candidates/java/8.0.302-open/lib/ct.sym(META-INF/sym/rt.jar/java/lang/Deprecated.class): major version 52 is newer than 51, the highest major version supported by this compiler.
    [javac]   It is recommended that the compiler be upgraded.
    [javac] warning: /root/.sdkman/candidates/java/8.0.302-open/lib/ct.sym(META-INF/sym/rt.jar/java/util/ArrayList.class): major version 52 is newer than 51, the highest major version supported by this compiler.
    [javac]   It is recommended that the compiler be upgraded.
    [javac] warning: /root/.sdkman/candidates/java/8.0.302-open/lib/ct.sym(META-INF/sym/rt.jar/java/util/Collections.class): major version 52 is newer than 51, the highest major version supported by this compiler.
    [javac]   It is recommended that the compiler be upgraded.
    [javac] warning: /root/.sdkman/candidates/java/8.0.302-open/lib/ct.sym(META-INF/sym/rt.jar/java/util/HashMap.class): major version 52 is newer than 51, the highest major version supported by this compiler.
    [javac]   It is recommended that the compiler be upgraded.
    [javac] warning: /root/.sdkman/candidates/java/8.0.302-open/lib/ct.sym(META-INF/sym/rt.jar/java/util/LinkedHashSet.class): major version 52 is newer than 51, the highest major version supported by this compiler.
    [javac]   It is recommended that the compiler be upgraded.
    [javac] warning: /root/.sdkman/candidates/java/8.0.302-open/lib/ct.sym(META-INF/sym/rt.jar/java/util/List.class): major version 52 is newer than 51, the highest major version supported by this compiler.
    [javac]   It is recommended that the compiler be upgraded.
    [javac] warning: /root/.sdkman/candidates/java/8.0.302-open/lib/ct.sym(META-INF/sym/rt.jar/java/util/Map.class): major version 52 is newer than 51, the highest major version supported by this compiler.
    [javac]   It is recommended that the compiler be upgraded.
    [javac] warning: /root/.sdkman/candidates/java/8.0.302-open/lib/ct.sym(META-INF/sym/rt.jar/java/util/Scanner.class): major version 52 is newer than 51, the highest major version supported by this compiler.
    [javac]   It is recommended that the compiler be upgraded.
    [javac] warning: /root/.sdkman/candidates/java/8.0.302-open/lib/ct.sym(META-INF/sym/rt.jar/java/util/Set.class): major version 52 is newer than 51, the highest major version supported by this compiler.
    [javac]   It is recommended that the compiler be upgraded.
    [javac] warning: /root/.sdkman/candidates/java/8.0.302-open/lib/ct.sym(META-INF/sym/rt.jar/java/lang/Character.class): major version 52 is newer than 51, the highest major version supported by this compiler.
    [javac]   It is recommended that the compiler be upgraded.
    [javac] warning: /root/.sdkman/candidates/java/8.0.302-open/lib/ct.sym(META-INF/sym/rt.jar/java/util/EnumMap.class): major version 52 is newer than 51, the highest major version supported by this compiler.
    [javac]   It is recommended that the compiler be upgraded.
    [javac] warning: /root/.sdkman/candidates/java/8.0.302-open/lib/ct.sym(META-INF/sym/rt.jar/java/util/HashSet.class): major version 52 is newer than 51, the highest major version supported by this compiler.
    [javac]   It is recommended that the compiler be upgraded.
    [javac] warning: /root/.sdkman/candidates/java/8.0.302-open/lib/ct.sym(META-INF/sym/rt.jar/java/util/Iterator.class): major version 52 is newer than 51, the highest major version supported by this compiler.
    [javac]   It is recommended that the compiler be upgraded.
    [javac] warning: /root/.sdkman/candidates/java/8.0.302-open/lib/ct.sym(META-INF/sym/rt.jar/java/util/TreeMap.class): major version 52 is newer than 51, the highest major version supported by this compiler.
    [javac]   It is recommended that the compiler be upgraded.
    [javac] warning: /root/.sdkman/candidates/java/8.0.302-open/lib/ct.sym(META-INF/sym/rt.jar/java/util/NoSuchElementException.class): major version 52 is newer than 51, the highest major version supported by this compiler.
    [javac]   It is recommended that the compiler be upgraded.
    [javac] warning: /root/.sdkman/candidates/java/8.0.302-open/lib/ct.sym(META-INF/sym/rt.jar/java/lang/Iterable.class): major version 52 is newer than 51, the highest major version supported by this compiler.
    [javac]   It is recommended that the compiler be upgraded.
    [javac] warning: /root/.sdkman/candidates/java/8.0.302-open/lib/ct.sym(META-INF/sym/rt.jar/java/util/BitSet.class): major version 52 is newer than 51, the highest major version supported by this compiler.
    [javac]   It is recommended that the compiler be upgraded.
    [javac] warning: /root/.sdkman/candidates/java/8.0.302-open/lib/ct.sym(META-INF/sym/rt.jar/java/io/ByteArrayOutputStream.class): major version 52 is newer than 51, the highest major version supported by this compiler.
    [javac]   It is recommended that the compiler be upgraded.
    [javac] warning: /root/.sdkman/candidates/java/8.0.302-open/lib/ct.sym(META-INF/sym/rt.jar/java/nio/charset/IllegalCharsetNameException.class): major version 52 is newer than 51, the highest major version supported by this compiler.
    [javac]   It is recommended that the compiler be upgraded.
    [javac] warning: /root/.sdkman/candidates/java/8.0.302-open/lib/ct.sym(META-INF/sym/rt.jar/java/nio/charset/UnsupportedCharsetException.class): major version 52 is newer than 51, the highest major version supported by this compiler.
    [javac]   It is recommended that the compiler be upgraded.
    [javac] warning: /root/.sdkman/candidates/java/8.0.302-open/lib/ct.sym(META-INF/sym/rt.jar/java/lang/IllegalArgumentException.class): major version 52 is newer than 51, the highest major version supported by this compiler.
    [javac]   It is recommended that the compiler be upgraded.
    [javac] /root/.sdkman/candidates/java/8.0.302-open/lib/ct.sym(META-INF/sym/rt.jar/java/lang/Object.class): warning: Cannot find annotation method 'value()' in type 'Profile+Annotation': class file for jdk.Profile+Annotation not found
    [javac] /root/.sdkman/candidates/java/8.0.302-open/lib/ct.sym(META-INF/sym/rt.jar/java/lang/Exception.class): warning: Cannot find annotation method 'value()' in type 'Profile+Annotation'
    [javac] /root/.sdkman/candidates/java/8.0.302-open/lib/ct.sym(META-INF/sym/rt.jar/java/lang/Throwable.class): warning: Cannot find annotation method 'value()' in type 'Profile+Annotation'
    [javac] /root/.sdkman/candidates/java/8.0.302-open/lib/ct.sym(META-INF/sym/rt.jar/java/io/Serializable.class): warning: Cannot find annotation method 'value()' in type 'Profile+Annotation'
    [javac] /root/.sdkman/candidates/java/8.0.302-open/lib/ct.sym(META-INF/sym/rt.jar/java/lang/String.class): warning: Cannot find annotation method 'value()' in type 'Profile+Annotation'
    [javac] /root/.sdkman/candidates/java/8.0.302-open/lib/ct.sym(META-INF/sym/rt.jar/java/nio/charset/Charset.class): warning: Cannot find annotation method 'value()' in type 'Profile+Annotation'
    [javac] /root/.sdkman/candidates/java/8.0.302-open/lib/ct.sym(META-INF/sym/rt.jar/java/util/Comparator.class): warning: Cannot find annotation method 'value()' in type 'Profile+Annotation'
    [javac] warning: /root/.sdkman/candidates/java/8.0.302-open/lib/ct.sym(META-INF/sym/rt.jar/java/lang/annotation/Target.class): major version 52 is newer than 51, the highest major version supported by this compiler.
    [javac]   It is recommended that the compiler be upgraded.
    [javac] warning: /root/.sdkman/candidates/java/8.0.302-open/lib/ct.sym(META-INF/sym/rt.jar/java/lang/annotation/ElementType.class): major version 52 is newer than 51, the highest major version supported by this compiler.
    [javac]   It is recommended that the compiler be upgraded.
    [javac] warning: /root/.sdkman/candidates/java/8.0.302-open/lib/ct.sym(META-INF/sym/rt.jar/java/lang/annotation/Retention.class): major version 52 is newer than 51, the highest major version supported by this compiler.
    [javac]   It is recommended that the compiler be upgraded.
    [javac] warning: /root/.sdkman/candidates/java/8.0.302-open/lib/ct.sym(META-INF/sym/rt.jar/java/lang/annotation/RetentionPolicy.class): major version 52 is newer than 51, the highest major version supported by this compiler.
    [javac]   It is recommended that the compiler be upgraded.
    [javac] /root/.sdkman/candidates/java/8.0.302-open/lib/ct.sym(META-INF/sym/rt.jar/java/lang/SuppressWarnings.class): warning: Cannot find annotation method 'value()' in type 'Profile+Annotation'
    [javac] warning: /root/.sdkman/candidates/java/8.0.302-open/lib/ct.sym(META-INF/sym/rt.jar/java/lang/annotation/Annotation.class): major version 52 is newer than 51, the highest major version supported by this compiler.
    [javac]   It is recommended that the compiler be upgraded.
    [javac] warning: /root/.sdkman/candidates/java/8.0.302-open/lib/ct.sym(META-INF/sym/rt.jar/java/lang/Override.class): major version 52 is newer than 51, the highest major version supported by this compiler.
    [javac]   It is recommended that the compiler be upgraded.
    [javac] /root/.sdkman/candidates/java/8.0.302-open/lib/ct.sym(META-INF/sym/rt.jar/java/util/Arrays.class): warning: Cannot find annotation method 'value()' in type 'Profile+Annotation'
    [javac] /root/.sdkman/candidates/java/8.0.302-open/lib/ct.sym(META-INF/sym/rt.jar/java/io/InputStream.class): warning: Cannot find annotation method 'value()' in type 'Profile+Annotation'
    [javac] /root/.sdkman/candidates/java/8.0.302-open/lib/ct.sym(META-INF/sym/rt.jar/java/io/FilterInputStream.class): warning: Cannot find annotation method 'value()' in type 'Profile+Annotation'
    [javac] /root/.sdkman/candidates/java/8.0.302-open/lib/ct.sym(META-INF/sym/rt.jar/java/io/IOException.class): warning: Cannot find annotation method 'value()' in type 'Profile+Annotation'
    [javac] /root/.sdkman/candidates/java/8.0.302-open/lib/ct.sym(META-INF/sym/rt.jar/java/io/Closeable.class): warning: Cannot find annotation method 'value()' in type 'Profile+Annotation'
    [javac] /root/.sdkman/candidates/java/8.0.302-open/lib/ct.sym(META-INF/sym/rt.jar/java/lang/AutoCloseable.class): warning: Cannot find annotation method 'value()' in type 'Profile+Annotation'
    [javac] /root/.sdkman/candidates/java/8.0.302-open/lib/ct.sym(META-INF/sym/rt.jar/java/io/OutputStream.class): warning: Cannot find annotation method 'value()' in type 'Profile+Annotation'
    [javac] /root/.sdkman/candidates/java/8.0.302-open/lib/ct.sym(META-INF/sym/rt.jar/java/io/FilterOutputStream.class): warning: Cannot find annotation method 'value()' in type 'Profile+Annotation'
    [javac] /root/.sdkman/candidates/java/8.0.302-open/lib/ct.sym(META-INF/sym/rt.jar/java/io/Flushable.class): warning: Cannot find annotation method 'value()' in type 'Profile+Annotation'
    [javac] /root/.sdkman/candidates/java/8.0.302-open/lib/ct.sym(META-INF/sym/rt.jar/java/math/BigInteger.class): warning: Cannot find annotation method 'value()' in type 'Profile+Annotation'
    [javac] /root/.sdkman/candidates/java/8.0.302-open/lib/ct.sym(META-INF/sym/rt.jar/java/lang/CharSequence.class): warning: Cannot find annotation method 'value()' in type 'Profile+Annotation'
    [javac] /root/.sdkman/candidates/java/8.0.302-open/lib/ct.sym(META-INF/sym/rt.jar/java/nio/ByteBuffer.class): warning: Cannot find annotation method 'value()' in type 'Profile+Annotation'
    [javac] /root/.sdkman/candidates/java/8.0.302-open/lib/ct.sym(META-INF/sym/rt.jar/java/io/UnsupportedEncodingException.class): warning: Cannot find annotation method 'value()' in type 'Profile+Annotation'
    [javac] /root/.sdkman/candidates/java/8.0.302-open/lib/ct.sym(META-INF/sym/rt.jar/java/lang/IllegalStateException.class): warning: Cannot find annotation method 'value()' in type 'Profile+Annotation'
    [javac] /root/.sdkman/candidates/java/8.0.302-open/lib/ct.sym(META-INF/sym/rt.jar/java/io/File.class): warning: Cannot find annotation method 'value()' in type 'Profile+Annotation'
    [javac] /root/.sdkman/candidates/java/8.0.302-open/lib/ct.sym(META-INF/sym/rt.jar/java/security/MessageDigest.class): warning: Cannot find annotation method 'value()' in type 'Profile+Annotation'
    [javac] /root/.sdkman/candidates/java/8.0.302-open/lib/ct.sym(META-INF/sym/rt.jar/java/util/Locale.class): warning: Cannot find annotation method 'value()' in type 'Profile+Annotation'
    [javac] /root/.sdkman/candidates/java/8.0.302-open/lib/ct.sym(META-INF/sym/rt.jar/java/util/Random.class): warning: Cannot find annotation method 'value()' in type 'Profile+Annotation'
    [javac] /root/.sdkman/candidates/java/8.0.302-open/lib/ct.sym(META-INF/sym/rt.jar/java/lang/StringBuilder.class): warning: Cannot find annotation method 'value()' in type 'Profile+Annotation'
    [javac] /root/.sdkman/candidates/java/8.0.302-open/lib/ct.sym(META-INF/sym/rt.jar/java/io/BufferedInputStream.class): warning: Cannot find annotation method 'value()' in type 'Profile+Annotation'
    [javac] /root/.sdkman/candidates/java/8.0.302-open/lib/ct.sym(META-INF/sym/rt.jar/java/io/FileInputStream.class): warning: Cannot find annotation method 'value()' in type 'Profile+Annotation'
    [javac] /root/.sdkman/candidates/java/8.0.302-open/lib/ct.sym(META-INF/sym/rt.jar/java/security/NoSuchAlgorithmException.class): warning: Cannot find annotation method 'value()' in type 'Profile+Annotation'
    [javac] /root/.sdkman/candidates/java/8.0.302-open/lib/ct.sym(META-INF/sym/rt.jar/java/lang/Enum.class): warning: Cannot find annotation method 'value()' in type 'Profile+Annotation'
    [javac] /root/.sdkman/candidates/java/8.0.302-open/lib/ct.sym(META-INF/sym/rt.jar/java/lang/Comparable.class): warning: Cannot find annotation method 'value()' in type 'Profile+Annotation'
    [javac] /root/.sdkman/candidates/java/8.0.302-open/lib/ct.sym(META-INF/sym/rt.jar/java/security/InvalidKeyException.class): warning: Cannot find annotation method 'value()' in type 'Profile+Annotation'
    [javac] 100 warnings
     [copy] Copying 129 files to /tmp/fix_test_suite.pl_973_1702614151/target/classes
    [mkdir] Created dir: /tmp/fix_test_suite.pl_973_1702614151/target/classes/META-INF
     [copy] Copying 2 files to /tmp/fix_test_suite.pl_973_1702614151/target/classes/META-INF

compile:

compile.gen.tests:
     [echo] classes.dir: target/classes
     [echo] build.home: target/classes/..
    [mkdir] Created dir: /tmp/fix_test_suite.pl_973_1702614151/.classes_testgen
    [javac] /defects4j/framework/projects/defects4j.build.xml:265: warning: 'includeantruntime' was not set, defaulting to build.sysclasspath=last; set to false for repeatable builds
    [javac] Compiling 1 source file to /tmp/fix_test_suite.pl_973_1702614151/.classes_testgen
    [javac] warning: /root/.sdkman/candidates/java/8.0.302-open/lib/ct.sym(META-INF/sym/rt.jar/java/io/UnsupportedEncodingException.class): major version 52 is newer than 51, the highest major version supported by this compiler.
    [javac]   It is recommended that the compiler be upgraded.
    [javac] warning: /root/.sdkman/candidates/java/8.0.302-open/lib/ct.sym(META-INF/sym/rt.jar/java/util/Arrays.class): major version 52 is newer than 51, the highest major version supported by this compiler.
    [javac]   It is recommended that the compiler be upgraded.
    [javac] warning: /root/.sdkman/candidates/java/8.0.302-open/lib/ct.sym(META-INF/sym/rt.jar/java/lang/Object.class): major version 52 is newer than 51, the highest major version supported by this compiler.
    [javac]   It is recommended that the compiler be upgraded.
    [javac] /root/.sdkman/candidates/java/8.0.302-open/lib/ct.sym(META-INF/sym/rt.jar/java/io/UnsupportedEncodingException.class): warning: Cannot find annotation method 'value()' in type 'Profile+Annotation': class file for jdk.Profile+Annotation not found
    [javac] /root/.sdkman/candidates/java/8.0.302-open/lib/ct.sym(META-INF/sym/rt.jar/java/util/Arrays.class): warning: Cannot find annotation method 'value()' in type 'Profile+Annotation'
    [javac] warning: /root/.sdkman/candidates/java/8.0.302-open/lib/ct.sym(META-INF/sym/rt.jar/java/lang/annotation/Retention.class): major version 52 is newer than 51, the highest major version supported by this compiler.
    [javac]   It is recommended that the compiler be upgraded.
    [javac] warning: /root/.sdkman/candidates/java/8.0.302-open/lib/ct.sym(META-INF/sym/rt.jar/java/lang/annotation/RetentionPolicy.class): major version 52 is newer than 51, the highest major version supported by this compiler.
    [javac]   It is recommended that the compiler be upgraded.
    [javac] warning: /root/.sdkman/candidates/java/8.0.302-open/lib/ct.sym(META-INF/sym/rt.jar/java/lang/annotation/Target.class): major version 52 is newer than 51, the highest major version supported by this compiler.
    [javac]   It is recommended that the compiler be upgraded.
    [javac] warning: /root/.sdkman/candidates/java/8.0.302-open/lib/ct.sym(META-INF/sym/rt.jar/java/lang/annotation/ElementType.class): major version 52 is newer than 51, the highest major version supported by this compiler.
    [javac]   It is recommended that the compiler be upgraded.
    [javac] /root/.sdkman/candidates/java/8.0.302-open/lib/ct.sym(META-INF/sym/rt.jar/java/lang/Object.class): warning: Cannot find annotation method 'value()' in type 'Profile+Annotation'
    [javac] warning: /root/.sdkman/candidates/java/8.0.302-open/lib/ct.sym(META-INF/sym/rt.jar/java/lang/annotation/Annotation.class): major version 52 is newer than 51, the highest major version supported by this compiler.
    [javac]   It is recommended that the compiler be upgraded.
    [javac] /root/.sdkman/candidates/java/8.0.302-open/lib/ct.sym(META-INF/sym/rt.jar/java/lang/annotation/Retention.class): warning: Cannot find annotation method 'value()' in type 'Profile+Annotation'
    [javac] /root/.sdkman/candidates/java/8.0.302-open/lib/ct.sym(META-INF/sym/rt.jar/java/lang/annotation/RetentionPolicy.class): warning: Cannot find annotation method 'value()' in type 'Profile+Annotation'
    [javac] /root/.sdkman/candidates/java/8.0.302-open/lib/ct.sym(META-INF/sym/rt.jar/java/lang/annotation/Target.class): warning: Cannot find annotation method 'value()' in type 'Profile+Annotation'
    [javac] /root/.sdkman/candidates/java/8.0.302-open/lib/ct.sym(META-INF/sym/rt.jar/java/lang/annotation/ElementType.class): warning: Cannot find annotation method 'value()' in type 'Profile+Annotation'
    [javac] /root/.sdkman/candidates/java/8.0.302-open/lib/ct.sym(META-INF/sym/rt.jar/java/lang/annotation/Annotation.class): warning: Cannot find annotation method 'value()' in type 'Profile+Annotation'
    [javac] warning: /root/.sdkman/candidates/java/8.0.302-open/lib/ct.sym(META-INF/sym/rt.jar/java/lang/AutoCloseable.class): major version 52 is newer than 51, the highest major version supported by this compiler.
    [javac]   It is recommended that the compiler be upgraded.
    [javac] /root/.sdkman/candidates/java/8.0.302-open/lib/ct.sym(META-INF/sym/rt.jar/java/lang/AutoCloseable.class): warning: Cannot find annotation method 'value()' in type 'Profile+Annotation'
    [javac] warning: /root/.sdkman/candidates/java/8.0.302-open/lib/ct.sym(META-INF/sym/rt.jar/java/io/IOException.class): major version 52 is newer than 51, the highest major version supported by this compiler.
    [javac]   It is recommended that the compiler be upgraded.
    [javac] /root/.sdkman/candidates/java/8.0.302-open/lib/ct.sym(META-INF/sym/rt.jar/java/io/IOException.class): warning: Cannot find annotation method 'value()' in type 'Profile+Annotation'
    [javac] warning: /root/.sdkman/candidates/java/8.0.302-open/lib/ct.sym(META-INF/sym/rt.jar/java/lang/Exception.class): major version 52 is newer than 51, the highest major version supported by this compiler.
    [javac]   It is recommended that the compiler be upgraded.
    [javac] /root/.sdkman/candidates/java/8.0.302-open/lib/ct.sym(META-INF/sym/rt.jar/java/lang/Exception.class): warning: Cannot find annotation method 'value()' in type 'Profile+Annotation'
    [javac] warning: /root/.sdkman/candidates/java/8.0.302-open/lib/ct.sym(META-INF/sym/rt.jar/java/lang/Throwable.class): major version 52 is newer than 51, the highest major version supported by this compiler.
    [javac]   It is recommended that the compiler be upgraded.
    [javac] /root/.sdkman/candidates/java/8.0.302-open/lib/ct.sym(META-INF/sym/rt.jar/java/lang/Throwable.class): warning: Cannot find annotation method 'value()' in type 'Profile+Annotation'
    [javac] warning: /root/.sdkman/candidates/java/8.0.302-open/lib/ct.sym(META-INF/sym/rt.jar/java/lang/String.class): major version 52 is newer than 51, the highest major version supported by this compiler.
    [javac]   It is recommended that the compiler be upgraded.
    [javac] /root/.sdkman/candidates/java/8.0.302-open/lib/ct.sym(META-INF/sym/rt.jar/java/lang/String.class): warning: Cannot find annotation method 'value()' in type 'Profile+Annotation'
    [javac] /tmp/fix_test_suite.pl_973_1702614151/llm/org/apache/commons/codec/binary/StringUtils_LLMTest.java:11: error: cannot find symbol
    [javac]         testGetBytesUnchecked(charsetName);
    [javac]         ^
    [javac]   symbol:   method testGetBytesUnchecked(String)
    [javac]   location: class StringUtils_LLMTest
    [javac] /tmp/fix_test_suite.pl_973_1702614151/llm/org/apache/commons/codec/binary/StringUtils_LLMTest.java:12: error: cannot find symbol
    [javac]         final byte[] expected = STRING_FIXTURE.getBytes(charsetName);
    [javac]                                 ^
    [javac]   symbol:   variable STRING_FIXTURE
    [javac]   location: class StringUtils_LLMTest
    [javac] /tmp/fix_test_suite.pl_973_1702614151/llm/org/apache/commons/codec/binary/StringUtils_LLMTest.java:19: error: cannot find symbol
    [javac]         testGetBytesUnchecked(charsetName);
    [javac]         ^
    [javac]   symbol:   method testGetBytesUnchecked(String)
    [javac]   location: class StringUtils_LLMTest
    [javac] /tmp/fix_test_suite.pl_973_1702614151/llm/org/apache/commons/codec/binary/StringUtils_LLMTest.java:20: error: cannot find symbol
    [javac]         final byte[] expected = STRING_FIXTURE.getBytes(charsetName);
    [javac]                                 ^
    [javac]   symbol:   variable STRING_FIXTURE
    [javac]   location: class StringUtils_LLMTest
    [javac] /tmp/fix_test_suite.pl_973_1702614151/llm/org/apache/commons/codec/binary/StringUtils_LLMTest.java:27: error: cannot find symbol
    [javac]         testGetBytesUnchecked(charsetName);
    [javac]         ^
    [javac]   symbol:   method testGetBytesUnchecked(String)
    [javac]   location: class StringUtils_LLMTest
    [javac] /tmp/fix_test_suite.pl_973_1702614151/llm/org/apache/commons/codec/binary/StringUtils_LLMTest.java:28: error: cannot find symbol
    [javac]         final byte[] expected = STRING_FIXTURE.getBytes(charsetName);
    [javac]                                 ^
    [javac]   symbol:   variable STRING_FIXTURE
    [javac]   location: class StringUtils_LLMTest
    [javac] /tmp/fix_test_suite.pl_973_1702614151/llm/org/apache/commons/codec/binary/StringUtils_LLMTest.java:35: error: cannot find symbol
    [javac]         testGetBytesUnchecked(charsetName);
    [javac]         ^
    [javac]   symbol:   method testGetBytesUnchecked(String)
    [javac]   location: class StringUtils_LLMTest
    [javac] /tmp/fix_test_suite.pl_973_1702614151/llm/org/apache/commons/codec/binary/StringUtils_LLMTest.java:36: error: cannot find symbol
    [javac]         final byte[] expected = STRING_FIXTURE.getBytes(charsetName);
    [javac]                                 ^
    [javac]   symbol:   variable STRING_FIXTURE
    [javac]   location: class StringUtils_LLMTest
    [javac] /tmp/fix_test_suite.pl_973_1702614151/llm/org/apache/commons/codec/binary/StringUtils_LLMTest.java:43: error: cannot find symbol
    [javac]         testGetBytesUnchecked(charsetName);
    [javac]         ^
    [javac]   symbol:   method testGetBytesUnchecked(String)
    [javac]   location: class StringUtils_LLMTest
    [javac] /tmp/fix_test_suite.pl_973_1702614151/llm/org/apache/commons/codec/binary/StringUtils_LLMTest.java:44: error: cannot find symbol
    [javac]         final byte[] expected = STRING_FIXTURE.getBytes(charsetName);
    [javac]                                 ^
    [javac]   symbol:   variable STRING_FIXTURE
    [javac]   location: class StringUtils_LLMTest
    [javac] /tmp/fix_test_suite.pl_973_1702614151/llm/org/apache/commons/codec/binary/StringUtils_LLMTest.java:51: error: cannot find symbol
    [javac]         testGetBytesUnchecked(charsetName);
    [javac]         ^
    [javac]   symbol:   method testGetBytesUnchecked(String)
    [javac]   location: class StringUtils_LLMTest
    [javac] /tmp/fix_test_suite.pl_973_1702614151/llm/org/apache/commons/codec/binary/StringUtils_LLMTest.java:52: error: cannot find symbol
    [javac]         final byte[] expected = STRING_FIXTURE.getBytes(charsetName);
    [javac]                                 ^
    [javac]   symbol:   variable STRING_FIXTURE
    [javac]   location: class StringUtils_LLMTest
    [javac] /tmp/fix_test_suite.pl_973_1702614151/llm/org/apache/commons/codec/binary/StringUtils_LLMTest.java:58: error: cannot find symbol
    [javac]     ByteBuffer buffer = getByteBuffer(null, Charset.defaultCharset());
    [javac]     ^
    [javac]   symbol:   class ByteBuffer
    [javac]   location: class StringUtils_LLMTest
    [javac] /tmp/fix_test_suite.pl_973_1702614151/llm/org/apache/commons/codec/binary/StringUtils_LLMTest.java:58: error: cannot find symbol
    [javac]     ByteBuffer buffer = getByteBuffer(null, Charset.defaultCharset());
    [javac]                                             ^
    [javac]   symbol:   variable Charset
    [javac]   location: class StringUtils_LLMTest
    [javac] /tmp/fix_test_suite.pl_973_1702614151/llm/org/apache/commons/codec/binary/StringUtils_LLMTest.java:63: error: cannot find symbol
    [javac]     ByteBuffer buffer = getByteBuffer("", Charset.defaultCharset());
    [javac]     ^
    [javac]   symbol:   class ByteBuffer
    [javac]   location: class StringUtils_LLMTest
    [javac] /tmp/fix_test_suite.pl_973_1702614151/llm/org/apache/commons/codec/binary/StringUtils_LLMTest.java:63: error: cannot find symbol
    [javac]     ByteBuffer buffer = getByteBuffer("", Charset.defaultCharset());
    [javac]                                           ^
    [javac]   symbol:   variable Charset
    [javac]   location: class StringUtils_LLMTest
    [javac] /tmp/fix_test_suite.pl_973_1702614151/llm/org/apache/commons/codec/binary/StringUtils_LLMTest.java:68: error: cannot find symbol
    [javac]     ByteBuffer buffer = getByteBuffer("Hello World", Charset.defaultCharset());
    [javac]     ^
    [javac]   symbol:   class ByteBuffer
    [javac]   location: class StringUtils_LLMTest
    [javac] /tmp/fix_test_suite.pl_973_1702614151/llm/org/apache/commons/codec/binary/StringUtils_LLMTest.java:68: error: cannot find symbol
    [javac]     ByteBuffer buffer = getByteBuffer("Hello World", Charset.defaultCharset());
    [javac]                                                      ^
    [javac]   symbol:   variable Charset
    [javac]   location: class StringUtils_LLMTest
    [javac] /tmp/fix_test_suite.pl_973_1702614151/llm/org/apache/commons/codec/binary/StringUtils_LLMTest.java:69: error: cannot find symbol
    [javac]     assertArrayEquals("Hello World".getBytes(Charset.defaultCharset()), buffer.array());
    [javac]                                              ^
    [javac]   symbol:   variable Charset
    [javac]   location: class StringUtils_LLMTest
    [javac] warning: /root/.sdkman/candidates/java/8.0.302-open/lib/ct.sym(META-INF/sym/rt.jar/java/nio/charset/Charset.class): major version 52 is newer than 51, the highest major version supported by this compiler.
    [javac]   It is recommended that the compiler be upgraded.
    [javac] /root/.sdkman/candidates/java/8.0.302-open/lib/ct.sym(META-INF/sym/rt.jar/java/nio/charset/Charset.class): warning: Cannot find annotation method 'value()' in type 'Profile+Annotation'
    [javac] /tmp/fix_test_suite.pl_973_1702614151/llm/org/apache/commons/codec/binary/StringUtils_LLMTest.java:73: error: cannot find symbol
    [javac]     ByteBuffer buffer = getByteBuffer("Hello World", Charset.forName("UTF-16"));
    [javac]     ^
    [javac]   symbol:   class ByteBuffer
    [javac]   location: class StringUtils_LLMTest
    [javac] /tmp/fix_test_suite.pl_973_1702614151/llm/org/apache/commons/codec/binary/StringUtils_LLMTest.java:73: error: cannot find symbol
    [javac]     ByteBuffer buffer = getByteBuffer("Hello World", Charset.forName("UTF-16"));
    [javac]                                                      ^
    [javac]   symbol:   variable Charset
    [javac]   location: class StringUtils_LLMTest
    [javac] /tmp/fix_test_suite.pl_973_1702614151/llm/org/apache/commons/codec/binary/StringUtils_LLMTest.java:74: error: cannot find symbol
    [javac]     assertArrayEquals("Hello World".getBytes(Charset.forName("UTF-16")), buffer.array());
    [javac]                                              ^
    [javac]   symbol:   variable Charset
    [javac]   location: class StringUtils_LLMTest
    [javac] /tmp/fix_test_suite.pl_973_1702614151/llm/org/apache/commons/codec/binary/StringUtils_LLMTest.java:80: error: cannot find symbol
    [javac]     ByteBuffer result1 = getByteBufferUtf8(emptyString);
    [javac]     ^
    [javac]   symbol:   class ByteBuffer
    [javac]   location: class StringUtils_LLMTest
    [javac] /tmp/fix_test_suite.pl_973_1702614151/llm/org/apache/commons/codec/binary/StringUtils_LLMTest.java:80: error: cannot find symbol
    [javac]     ByteBuffer result1 = getByteBufferUtf8(emptyString);
    [javac]                          ^
    [javac]   symbol:   method getByteBufferUtf8(String)
    [javac]   location: class StringUtils_LLMTest
    [javac] /tmp/fix_test_suite.pl_973_1702614151/llm/org/apache/commons/codec/binary/StringUtils_LLMTest.java:85: error: cannot find symbol
    [javac]     ByteBuffer result2 = getByteBufferUtf8(singleChar);
    [javac]     ^
    [javac]   symbol:   class ByteBuffer
    [javac]   location: class StringUtils_LLMTest
    [javac] /tmp/fix_test_suite.pl_973_1702614151/llm/org/apache/commons/codec/binary/StringUtils_LLMTest.java:85: error: cannot find symbol
    [javac]     ByteBuffer result2 = getByteBufferUtf8(singleChar);
    [javac]                          ^
    [javac]   symbol:   method getByteBufferUtf8(String)
    [javac]   location: class StringUtils_LLMTest
    [javac] /tmp/fix_test_suite.pl_973_1702614151/llm/org/apache/commons/codec/binary/StringUtils_LLMTest.java:91: error: cannot find symbol
    [javac]     ByteBuffer result3 = getByteBufferUtf8(multipleChars);
    [javac]     ^
    [javac]   symbol:   class ByteBuffer
    [javac]   location: class StringUtils_LLMTest
    [javac] /tmp/fix_test_suite.pl_973_1702614151/llm/org/apache/commons/codec/binary/StringUtils_LLMTest.java:91: error: cannot find symbol
    [javac]     ByteBuffer result3 = getByteBufferUtf8(multipleChars);
    [javac]                          ^
    [javac]   symbol:   method getByteBufferUtf8(String)
    [javac]   location: class StringUtils_LLMTest
    [javac] /tmp/fix_test_suite.pl_973_1702614151/llm/org/apache/commons/codec/binary/StringUtils_LLMTest.java:99: error: cannot find symbol
    [javac]     ByteBuffer result4 = getByteBufferUtf8(nonAsciiChars);
    [javac]     ^
    [javac]   symbol:   class ByteBuffer
    [javac]   location: class StringUtils_LLMTest
    [javac] /tmp/fix_test_suite.pl_973_1702614151/llm/org/apache/commons/codec/binary/StringUtils_LLMTest.java:99: error: cannot find symbol
    [javac]     ByteBuffer result4 = getByteBufferUtf8(nonAsciiChars);
    [javac]                          ^
    [javac]   symbol:   method getByteBufferUtf8(String)
    [javac]   location: class StringUtils_LLMTest
    [javac] /tmp/fix_test_suite.pl_973_1702614151/llm/org/apache/commons/codec/binary/StringUtils_LLMTest.java:110: error: cannot find symbol
    [javac]         testGetBytesUnchecked(charsetName);
    [javac]         ^
    [javac]   symbol:   method testGetBytesUnchecked(String)
    [javac]   location: class StringUtils_LLMTest
    [javac] /tmp/fix_test_suite.pl_973_1702614151/llm/org/apache/commons/codec/binary/StringUtils_LLMTest.java:111: error: cannot find symbol
    [javac]         final byte[] expected = STRING_FIXTURE.getBytes(charsetName);
    [javac]                                 ^
    [javac]   symbol:   variable STRING_FIXTURE
    [javac]   location: class StringUtils_LLMTest
    [javac] /tmp/fix_test_suite.pl_973_1702614151/llm/org/apache/commons/codec/binary/StringUtils_LLMTest.java:112: error: cannot find symbol
    [javac]         final byte[] actual = StringUtils.getBytesIso8859_1(STRING_FIXTURE);
    [javac]                                                             ^
    [javac]   symbol:   variable STRING_FIXTURE
    [javac]   location: class StringUtils_LLMTest
    [javac] /tmp/fix_test_suite.pl_973_1702614151/llm/org/apache/commons/codec/binary/StringUtils_LLMTest.java:135: error: cannot find symbol
    [javac]     testGetBytesUnchecked(charsetName);
    [javac]     ^
    [javac]   symbol:   method testGetBytesUnchecked(String)
    [javac]   location: class StringUtils_LLMTest
    [javac] /tmp/fix_test_suite.pl_973_1702614151/llm/org/apache/commons/codec/binary/StringUtils_LLMTest.java:136: error: cannot find symbol
    [javac]     final byte[] expected = STRING_FIXTURE.getBytes(charsetName);
    [javac]                             ^
    [javac]   symbol:   variable STRING_FIXTURE
    [javac]   location: class StringUtils_LLMTest
    [javac] /tmp/fix_test_suite.pl_973_1702614151/llm/org/apache/commons/codec/binary/StringUtils_LLMTest.java:137: error: cannot find symbol
    [javac]     final byte[] actual = StringUtils.getBytesUsAscii(OTHER_STRING_FIXTURE);
    [javac]                                                       ^
    [javac]   symbol:   variable OTHER_STRING_FIXTURE
    [javac]   location: class StringUtils_LLMTest
    [javac] /tmp/fix_test_suite.pl_973_1702614151/llm/org/apache/commons/codec/binary/StringUtils_LLMTest.java:143: error: cannot find symbol
    [javac]     testGetBytesUnchecked(charsetName);
    [javac]     ^
    [javac]   symbol:   method testGetBytesUnchecked(String)
    [javac]   location: class StringUtils_LLMTest
    [javac] /tmp/fix_test_suite.pl_973_1702614151/llm/org/apache/commons/codec/binary/StringUtils_LLMTest.java:144: error: cannot find symbol
    [javac]     final byte[] expected = STRING_FIXTURE.getBytes(charsetName);
    [javac]                             ^
    [javac]   symbol:   variable STRING_FIXTURE
    [javac]   location: class StringUtils_LLMTest
    [javac] /tmp/fix_test_suite.pl_973_1702614151/llm/org/apache/commons/codec/binary/StringUtils_LLMTest.java:145: error: cannot find symbol
    [javac]     final byte[] actual = StringUtils.getBytesUtf16Be(OTHER_STRING_FIXTURE);
    [javac]                                                       ^
    [javac]   symbol:   variable OTHER_STRING_FIXTURE
    [javac]   location: class StringUtils_LLMTest
    [javac] /tmp/fix_test_suite.pl_973_1702614151/llm/org/apache/commons/codec/binary/StringUtils_LLMTest.java:151: error: cannot find symbol
    [javac]     testGetBytesUnchecked(charsetName);
    [javac]     ^
    [javac]   symbol:   method testGetBytesUnchecked(String)
    [javac]   location: class StringUtils_LLMTest
    [javac] /tmp/fix_test_suite.pl_973_1702614151/llm/org/apache/commons/codec/binary/StringUtils_LLMTest.java:152: error: cannot find symbol
    [javac]     final byte[] expected = STRING_FIXTURE.getBytes(charsetName);
    [javac]                             ^
    [javac]   symbol:   variable STRING_FIXTURE
    [javac]   location: class StringUtils_LLMTest
    [javac] /tmp/fix_test_suite.pl_973_1702614151/llm/org/apache/commons/codec/binary/StringUtils_LLMTest.java:153: error: cannot find symbol
    [javac]     final byte[] actual = StringUtils.getBytesUtf16Le(OTHER_STRING_FIXTURE);
    [javac]                                                       ^
    [javac]   symbol:   variable OTHER_STRING_FIXTURE
    [javac]   location: class StringUtils_LLMTest
    [javac] /tmp/fix_test_suite.pl_973_1702614151/llm/org/apache/commons/codec/binary/StringUtils_LLMTest.java:159: error: cannot find symbol
    [javac]         StringUtils.getBytesUnchecked(OTHER_STRING_FIXTURE, "UNKNOWN");
    [javac]                                       ^
    [javac]   symbol:   variable OTHER_STRING_FIXTURE
    [javac]   location: class StringUtils_LLMTest
    [javac] warning: /root/.sdkman/candidates/java/8.0.302-open/lib/ct.sym(META-INF/sym/rt.jar/java/lang/IllegalStateException.class): major version 52 is newer than 51, the highest major version supported by this compiler.
    [javac]   It is recommended that the compiler be upgraded.
    [javac] /root/.sdkman/candidates/java/8.0.302-open/lib/ct.sym(META-INF/sym/rt.jar/java/lang/IllegalStateException.class): warning: Cannot find annotation method 'value()' in type 'Profile+Annotation'
    [javac] warning: /root/.sdkman/candidates/java/8.0.302-open/lib/ct.sym(META-INF/sym/rt.jar/java/lang/Class.class): major version 52 is newer than 51, the highest major version supported by this compiler.
    [javac]   It is recommended that the compiler be upgraded.
    [javac] /root/.sdkman/candidates/java/8.0.302-open/lib/ct.sym(META-INF/sym/rt.jar/java/lang/Class.class): warning: Cannot find annotation method 'value()' in type 'Profile+Annotation'
    [javac] warning: /root/.sdkman/candidates/java/8.0.302-open/lib/ct.sym(META-INF/sym/rt.jar/java/lang/RuntimeException.class): major version 52 is newer than 51, the highest major version supported by this compiler.
    [javac]   It is recommended that the compiler be upgraded.
    [javac] /root/.sdkman/candidates/java/8.0.302-open/lib/ct.sym(META-INF/sym/rt.jar/java/lang/RuntimeException.class): warning: Cannot find annotation method 'value()' in type 'Profile+Annotation'
    [javac] /tmp/fix_test_suite.pl_973_1702614151/llm/org/apache/commons/codec/binary/StringUtils_LLMTest.java:168: error: cannot find symbol
    [javac]     testGetBytesUnchecked(charsetName);
    [javac]     ^
    [javac]   symbol:   method testGetBytesUnchecked(String)
    [javac]   location: class StringUtils_LLMTest
    [javac] /tmp/fix_test_suite.pl_973_1702614151/llm/org/apache/commons/codec/binary/StringUtils_LLMTest.java:169: error: cannot find symbol
    [javac]     final byte[] expected = STRING_FIXTURE.getBytes(charsetName);
    [javac]                             ^
    [javac]   symbol:   variable STRING_FIXTURE
    [javac]   location: class StringUtils_LLMTest
    [javac] /tmp/fix_test_suite.pl_973_1702614151/llm/org/apache/commons/codec/binary/StringUtils_LLMTest.java:170: error: cannot find symbol
    [javac]     final byte[] actual = StringUtils.getBytesIso8859_1(OTHER_STRING_FIXTURE);
    [javac]                                                         ^
    [javac]   symbol:   variable OTHER_STRING_FIXTURE
    [javac]   location: class StringUtils_LLMTest
    [javac] /tmp/fix_test_suite.pl_973_1702614151/llm/org/apache/commons/codec/binary/StringUtils_LLMTest.java:176: error: cannot find symbol
    [javac]     testGetBytesUnchecked(charsetName);
    [javac]     ^
    [javac]   symbol:   method testGetBytesUnchecked(String)
    [javac]   location: class StringUtils_LLMTest
    [javac] /tmp/fix_test_suite.pl_973_1702614151/llm/org/apache/commons/codec/binary/StringUtils_LLMTest.java:177: error: cannot find symbol
    [javac]     final byte[] expected = STRING_FIXTURE.getBytes(charsetName);
    [javac]                             ^
    [javac]   symbol:   variable STRING_FIXTURE
    [javac]   location: class StringUtils_LLMTest
    [javac] /tmp/fix_test_suite.pl_973_1702614151/llm/org/apache/commons/codec/binary/StringUtils_LLMTest.java:178: error: cannot find symbol
    [javac]     final byte[] actual = StringUtils.getBytesUtf16(OTHER_STRING_FIXTURE);
    [javac]                                                     ^
    [javac]   symbol:   variable OTHER_STRING_FIXTURE
    [javac]   location: class StringUtils_LLMTest
    [javac] /tmp/fix_test_suite.pl_973_1702614151/llm/org/apache/commons/codec/binary/StringUtils_LLMTest.java:184: error: cannot find symbol
    [javac]     testGetBytesUnchecked(charsetName);
    [javac]     ^
    [javac]   symbol:   method testGetBytesUnchecked(String)
    [javac]   location: class StringUtils_LLMTest
    [javac] /tmp/fix_test_suite.pl_973_1702614151/llm/org/apache/commons/codec/binary/StringUtils_LLMTest.java:185: error: cannot find symbol
    [javac]     final byte[] expected = STRING_FIXTURE.getBytes(charsetName);
    [javac]                             ^
    [javac]   symbol:   variable STRING_FIXTURE
    [javac]   location: class StringUtils_LLMTest
    [javac] /tmp/fix_test_suite.pl_973_1702614151/llm/org/apache/commons/codec/binary/StringUtils_LLMTest.java:186: error: cannot find symbol
    [javac]     final byte[] actual = StringUtils.getBytesUtf8(OTHER_STRING_FIXTURE);
    [javac]                                                    ^
    [javac]   symbol:   variable OTHER_STRING_FIXTURE
    [javac]   location: class StringUtils_LLMTest
    [javac] /tmp/fix_test_suite.pl_973_1702614151/llm/org/apache/commons/codec/binary/StringUtils_LLMTest.java:198: error: cannot find symbol
    [javac]         testGetBytesUnchecked(charsetName);
    [javac]         ^
    [javac]   symbol:   method testGetBytesUnchecked(String)
    [javac]   location: class StringUtils_LLMTest
    [javac] /tmp/fix_test_suite.pl_973_1702614151/llm/org/apache/commons/codec/binary/StringUtils_LLMTest.java:204: error: cannot find symbol
    [javac]         testGetBytesUnchecked(charsetName);
    [javac]         ^
    [javac]   symbol:   method testGetBytesUnchecked(String)
    [javac]   location: class StringUtils_LLMTest
    [javac] /tmp/fix_test_suite.pl_973_1702614151/llm/org/apache/commons/codec/binary/StringUtils_LLMTest.java:210: error: cannot find symbol
    [javac]         testGetBytesUnchecked(charsetName);
    [javac]         ^
    [javac]   symbol:   method testGetBytesUnchecked(String)
    [javac]   location: class StringUtils_LLMTest
    [javac] /tmp/fix_test_suite.pl_973_1702614151/llm/org/apache/commons/codec/binary/StringUtils_LLMTest.java:220: error: cannot find symbol
    [javac]         testGetBytesUnchecked(charsetName);
    [javac]         ^
    [javac]   symbol:   method testGetBytesUnchecked(String)
    [javac]   location: class StringUtils_LLMTest
    [javac] /tmp/fix_test_suite.pl_973_1702614151/llm/org/apache/commons/codec/binary/StringUtils_LLMTest.java:226: error: cannot find symbol
    [javac]         testGetBytesUnchecked(charsetName);
    [javac]         ^
    [javac]   symbol:   method testGetBytesUnchecked(String)
    [javac]   location: class StringUtils_LLMTest
    [javac] /tmp/fix_test_suite.pl_973_1702614151/llm/org/apache/commons/codec/binary/StringUtils_LLMTest.java:232: error: cannot find symbol
    [javac]         testGetBytesUnchecked(charsetName);
    [javac]         ^
    [javac]   symbol:   method testGetBytesUnchecked(String)
    [javac]   location: class StringUtils_LLMTest
    [javac] /tmp/fix_test_suite.pl_973_1702614151/llm/org/apache/commons/codec/binary/StringUtils_LLMTest.java:240: error: cannot find symbol
    [javac]         testGetBytesUnchecked(charsetName);
    [javac]         ^
    [javac]   symbol:   method testGetBytesUnchecked(String)
    [javac]   location: class StringUtils_LLMTest
    [javac] /tmp/fix_test_suite.pl_973_1702614151/llm/org/apache/commons/codec/binary/StringUtils_LLMTest.java:248: error: cannot find symbol
    [javac]         testGetBytesUnchecked(charsetName);
    [javac]         ^
    [javac]   symbol:   method testGetBytesUnchecked(String)
    [javac]   location: class StringUtils_LLMTest
    [javac] /tmp/fix_test_suite.pl_973_1702614151/llm/org/apache/commons/codec/binary/StringUtils_LLMTest.java:256: error: cannot find symbol
    [javac]         testGetBytesUnchecked(charsetName);
    [javac]         ^
    [javac]   symbol:   method testGetBytesUnchecked(String)
    [javac]   location: class StringUtils_LLMTest
    [javac] /tmp/fix_test_suite.pl_973_1702614151/llm/org/apache/commons/codec/binary/StringUtils_LLMTest.java:264: error: cannot find symbol
    [javac]         testGetBytesUnchecked(charsetName);
    [javac]         ^
    [javac]   symbol:   method testGetBytesUnchecked(String)
    [javac]   location: class StringUtils_LLMTest
    [javac] /tmp/fix_test_suite.pl_973_1702614151/llm/org/apache/commons/codec/binary/StringUtils_LLMTest.java:265: error: cannot find symbol
    [javac]         final byte[] expected = STRING_FIXTURE.getBytes(charsetName);
    [javac]                                 ^
    [javac]   symbol:   variable STRING_FIXTURE
    [javac]   location: class StringUtils_LLMTest
    [javac] /tmp/fix_test_suite.pl_973_1702614151/llm/org/apache/commons/codec/binary/StringUtils_LLMTest.java:266: error: cannot find symbol
    [javac]         final byte[] actual = StringUtils.getBytesUtf16Le(STRING_FIXTURE);
    [javac]                                                           ^
    [javac]   symbol:   variable STRING_FIXTURE
    [javac]   location: class StringUtils_LLMTest
    [javac] /tmp/fix_test_suite.pl_973_1702614151/llm/org/apache/commons/codec/binary/StringUtils_LLMTest.java:287: error: cannot find symbol
    [javac]         testGetBytesUnchecked_regression1(charsetName);
    [javac]         ^
    [javac]   symbol:   method testGetBytesUnchecked_regression1(String)
    [javac]   location: class StringUtils_LLMTest
    [javac] /tmp/fix_test_suite.pl_973_1702614151/llm/org/apache/commons/codec/binary/StringUtils_LLMTest.java:288: error: cannot find symbol
    [javac]         final byte[] expected = STRING_FIXTURE.getBytes(charsetName);
    [javac]                                 ^
    [javac]   symbol:   variable STRING_FIXTURE
    [javac]   location: class StringUtils_LLMTest
    [javac] /tmp/fix_test_suite.pl_973_1702614151/llm/org/apache/commons/codec/binary/StringUtils_LLMTest.java:295: error: cannot find symbol
    [javac]         testGetBytesUnchecked_regression2(charsetName);
    [javac]         ^
    [javac]   symbol:   method testGetBytesUnchecked_regression2(String)
    [javac]   location: class StringUtils_LLMTest
    [javac] /tmp/fix_test_suite.pl_973_1702614151/llm/org/apache/commons/codec/binary/StringUtils_LLMTest.java:296: error: cannot find symbol
    [javac]         final byte[] expected = STRING_FIXTURE.getBytes(charsetName);
    [javac]                                 ^
    [javac]   symbol:   variable STRING_FIXTURE
    [javac]   location: class StringUtils_LLMTest
    [javac] /tmp/fix_test_suite.pl_973_1702614151/llm/org/apache/commons/codec/binary/StringUtils_LLMTest.java:303: error: cannot find symbol
    [javac]         testGetBytesUnchecked_regression3(charsetName);
    [javac]         ^
    [javac]   symbol:   method testGetBytesUnchecked_regression3(String)
    [javac]   location: class StringUtils_LLMTest
    [javac] /tmp/fix_test_suite.pl_973_1702614151/llm/org/apache/commons/codec/binary/StringUtils_LLMTest.java:304: error: cannot find symbol
    [javac]         final byte[] expected = STRING_FIXTURE.getBytes(charsetName);
    [javac]                                 ^
    [javac]   symbol:   variable STRING_FIXTURE
    [javac]   location: class StringUtils_LLMTest
    [javac] /tmp/fix_test_suite.pl_973_1702614151/llm/org/apache/commons/codec/binary/StringUtils_LLMTest.java:311: error: cannot find symbol
    [javac]         testGetBytesUnchecked_regression4(charsetName);
    [javac]         ^
    [javac]   symbol:   method testGetBytesUnchecked_regression4(String)
    [javac]   location: class StringUtils_LLMTest
    [javac] /tmp/fix_test_suite.pl_973_1702614151/llm/org/apache/commons/codec/binary/StringUtils_LLMTest.java:312: error: cannot find symbol
    [javac]         final byte[] expected = STRING_FIXTURE.getBytes(charsetName);
    [javac]                                 ^
    [javac]   symbol:   variable STRING_FIXTURE
    [javac]   location: class StringUtils_LLMTest
    [javac] /tmp/fix_test_suite.pl_973_1702614151/llm/org/apache/commons/codec/binary/StringUtils_LLMTest.java:319: error: cannot find symbol
    [javac]             StringUtils.getBytesUnchecked(STRING_FIXTURE, "UTF-8");
    [javac]                                           ^
    [javac]   symbol:   variable STRING_FIXTURE
    [javac]   location: class StringUtils_LLMTest
    [javac] /tmp/fix_test_suite.pl_973_1702614151/llm/org/apache/commons/codec/binary/StringUtils_LLMTest.java:328: error: cannot find symbol
    [javac]             StringUtils.newString(BYTES_FIXTURE, "UTF-8");
    [javac]                                   ^
    [javac]   symbol:   variable BYTES_FIXTURE
    [javac]   location: class StringUtils_LLMTest
    [javac] /tmp/fix_test_suite.pl_973_1702614151/llm/org/apache/commons/codec/binary/StringUtils_LLMTest.java:337: error: cannot find symbol
    [javac]             StringUtils.getBytesUnchecked(STRING_FIXTURE, "ASCII");
    [javac]                                           ^
    [javac]   symbol:   variable STRING_FIXTURE
    [javac]   location: class StringUtils_LLMTest
    [javac] /tmp/fix_test_suite.pl_973_1702614151/llm/org/apache/commons/codec/binary/StringUtils_LLMTest.java:346: error: cannot find symbol
    [javac]             StringUtils.newString(BYTES_FIXTURE, "ASCII");
    [javac]                                   ^
    [javac]   symbol:   variable BYTES_FIXTURE
    [javac]   location: class StringUtils_LLMTest
    [javac] /tmp/fix_test_suite.pl_973_1702614151/llm/org/apache/commons/codec/binary/StringUtils_LLMTest.java:355: error: cannot find symbol
    [javac]         testNewString(charsetName);
    [javac]         ^
    [javac]   symbol:   method testNewString(String)
    [javac]   location: class StringUtils_LLMTest
    [javac] /tmp/fix_test_suite.pl_973_1702614151/llm/org/apache/commons/codec/binary/StringUtils_LLMTest.java:356: error: cannot find symbol
    [javac]         final String expected = new String(BYTES_FIXTURE_16BE, charsetName);
    [javac]                                            ^
    [javac]   symbol:   variable BYTES_FIXTURE_16BE
    [javac]   location: class StringUtils_LLMTest
    [javac] /tmp/fix_test_suite.pl_973_1702614151/llm/org/apache/commons/codec/binary/StringUtils_LLMTest.java:357: error: cannot find symbol
    [javac]         final String actual = StringUtils.newStringUtf16Be(BYTES_FIXTURE_16BE);
    [javac]                                                            ^
    [javac]   symbol:   variable BYTES_FIXTURE_16BE
    [javac]   location: class StringUtils_LLMTest
    [javac] /tmp/fix_test_suite.pl_973_1702614151/llm/org/apache/commons/codec/binary/StringUtils_LLMTest.java:370: error: cannot find symbol
    [javac]         testNewString(charsetName);
    [javac]         ^
    [javac]   symbol:   method testNewString(String)
    [javac]   location: class StringUtils_LLMTest
    [javac] /tmp/fix_test_suite.pl_973_1702614151/llm/org/apache/commons/codec/binary/StringUtils_LLMTest.java:371: error: cannot find symbol
    [javac]         final String expected = new String(BYTES_FIXTURE, charsetName);
    [javac]                                            ^
    [javac]   symbol:   variable BYTES_FIXTURE
    [javac]   location: class StringUtils_LLMTest
    [javac] /tmp/fix_test_suite.pl_973_1702614151/llm/org/apache/commons/codec/binary/StringUtils_LLMTest.java:372: error: cannot find symbol
    [javac]         final String actual = StringUtils.newStringUsAscii(BYTES_FIXTURE);
    [javac]                                                            ^
    [javac]   symbol:   variable BYTES_FIXTURE
    [javac]   location: class StringUtils_LLMTest
    [javac] /tmp/fix_test_suite.pl_973_1702614151/llm/org/apache/commons/codec/binary/StringUtils_LLMTest.java:385: error: cannot find symbol
    [javac]         testNewString(charsetName);
    [javac]         ^
    [javac]   symbol:   method testNewString(String)
    [javac]   location: class StringUtils_LLMTest
    [javac] /tmp/fix_test_suite.pl_973_1702614151/llm/org/apache/commons/codec/binary/StringUtils_LLMTest.java:386: error: cannot find symbol
    [javac]         final String expected = new String(BYTES_FIXTURE, charsetName);
    [javac]                                            ^
    [javac]   symbol:   variable BYTES_FIXTURE
    [javac]   location: class StringUtils_LLMTest
    [javac] /tmp/fix_test_suite.pl_973_1702614151/llm/org/apache/commons/codec/binary/StringUtils_LLMTest.java:387: error: cannot find symbol
    [javac]         final String actual = StringUtils.newStringIso8859_1(BYTES_FIXTURE);
    [javac]                                                              ^
    [javac]   symbol:   variable BYTES_FIXTURE
    [javac]   location: class StringUtils_LLMTest
    [javac] /tmp/fix_test_suite.pl_973_1702614151/llm/org/apache/commons/codec/binary/StringUtils_LLMTest.java:400: error: cannot find symbol
    [javac]         testNewString(charsetName);
    [javac]         ^
    [javac]   symbol:   method testNewString(String)
    [javac]   location: class StringUtils_LLMTest
    [javac] /tmp/fix_test_suite.pl_973_1702614151/llm/org/apache/commons/codec/binary/StringUtils_LLMTest.java:401: error: cannot find symbol
    [javac]         final String expected = new String(BYTES_FIXTURE, charsetName);
    [javac]                                            ^
    [javac]   symbol:   variable BYTES_FIXTURE
    [javac]   location: class StringUtils_LLMTest
    [javac] /tmp/fix_test_suite.pl_973_1702614151/llm/org/apache/commons/codec/binary/StringUtils_LLMTest.java:402: error: cannot find symbol
    [javac]         final String actual = StringUtils.newStringUtf16(BYTES_FIXTURE);
    [javac]                                                          ^
    [javac]   symbol:   variable BYTES_FIXTURE
    [javac]   location: class StringUtils_LLMTest
    [javac] /tmp/fix_test_suite.pl_973_1702614151/llm/org/apache/commons/codec/binary/StringUtils_LLMTest.java:415: error: cannot find symbol
    [javac]         testNewString(charsetName);
    [javac]         ^
    [javac]   symbol:   method testNewString(String)
    [javac]   location: class StringUtils_LLMTest
    [javac] /tmp/fix_test_suite.pl_973_1702614151/llm/org/apache/commons/codec/binary/StringUtils_LLMTest.java:416: error: cannot find symbol
    [javac]         final String expected = new String(BYTES_FIXTURE_16LE, charsetName);
    [javac]                                            ^
    [javac]   symbol:   variable BYTES_FIXTURE_16LE
    [javac]   location: class StringUtils_LLMTest
    [javac] /tmp/fix_test_suite.pl_973_1702614151/llm/org/apache/commons/codec/binary/StringUtils_LLMTest.java:417: error: cannot find symbol
    [javac]         final String actual = StringUtils.newStringUtf16Le(BYTES_FIXTURE_16LE);
    [javac]                                                            ^
    [javac]   symbol:   variable BYTES_FIXTURE_16LE
    [javac]   location: class StringUtils_LLMTest
    [javac] /tmp/fix_test_suite.pl_973_1702614151/llm/org/apache/commons/codec/binary/StringUtils_LLMTest.java:430: error: cannot find symbol
    [javac]         testNewString(charsetName);
    [javac]         ^
    [javac]   symbol:   method testNewString(String)
    [javac]   location: class StringUtils_LLMTest
    [javac] /tmp/fix_test_suite.pl_973_1702614151/llm/org/apache/commons/codec/binary/StringUtils_LLMTest.java:431: error: cannot find symbol
    [javac]         final String expected = new String(BYTES_FIXTURE, charsetName);
    [javac]                                            ^
    [javac]   symbol:   variable BYTES_FIXTURE
    [javac]   location: class StringUtils_LLMTest
    [javac] /tmp/fix_test_suite.pl_973_1702614151/llm/org/apache/commons/codec/binary/StringUtils_LLMTest.java:432: error: cannot find symbol
    [javac]         final String actual = StringUtils.newStringUtf8(BYTES_FIXTURE);
    [javac]                                                         ^
    [javac]   symbol:   variable BYTES_FIXTURE
    [javac]   location: class StringUtils_LLMTest
    [javac] /tmp/fix_test_suite.pl_973_1702614151/llm/org/apache/commons/codec/binary/StringUtils_LLMTest.java:445: error: cannot find symbol
    [javac]     testNewString_regression(charsetName);
    [javac]     ^
    [javac]   symbol:   method testNewString_regression(String)
    [javac]   location: class StringUtils_LLMTest
    [javac] /tmp/fix_test_suite.pl_973_1702614151/llm/org/apache/commons/codec/binary/StringUtils_LLMTest.java:446: error: cannot find symbol
    [javac]     final String expected = new String(BYTES_FIXTURE_16BE_REGRESSION, charsetName);
    [javac]                                        ^
    [javac]   symbol:   variable BYTES_FIXTURE_16BE_REGRESSION
    [javac]   location: class StringUtils_LLMTest
    [javac] /tmp/fix_test_suite.pl_973_1702614151/llm/org/apache/commons/codec/binary/StringUtils_LLMTest.java:447: error: cannot find symbol
    [javac]     final String actual = StringUtils.newStringUtf16Be(BYTES_FIXTURE_16BE_REGRESSION);
    [javac]                                                        ^
    [javac]   symbol:   variable BYTES_FIXTURE_16BE_REGRESSION
    [javac]   location: class StringUtils_LLMTest
    [javac] /tmp/fix_test_suite.pl_973_1702614151/llm/org/apache/commons/codec/binary/StringUtils_LLMTest.java:453: error: cannot find symbol
    [javac]     testNewString_regression(charsetName);
    [javac]     ^
    [javac]   symbol:   method testNewString_regression(String)
    [javac]   location: class StringUtils_LLMTest
    [javac] /tmp/fix_test_suite.pl_973_1702614151/llm/org/apache/commons/codec/binary/StringUtils_LLMTest.java:454: error: cannot find symbol
    [javac]     final String expected = new String(BYTES_FIXTURE_REGRESSION, charsetName);
    [javac]                                        ^
    [javac]   symbol:   variable BYTES_FIXTURE_REGRESSION
    [javac]   location: class StringUtils_LLMTest
    [javac] /tmp/fix_test_suite.pl_973_1702614151/llm/org/apache/commons/codec/binary/StringUtils_LLMTest.java:455: error: cannot find symbol
    [javac]     final String actual = StringUtils.newStringUsAscii(BYTES_FIXTURE_REGRESSION);
    [javac]                                                        ^
    [javac]   symbol:   variable BYTES_FIXTURE_REGRESSION
    [javac]   location: class StringUtils_LLMTest
    [javac] 100 errors
    [javac] 34 warnings

BUILD FAILED
/defects4j/framework/projects/defects4j.build.xml:265: Compile failed; see the compiler error output for details.

Total time: 1 second
- Compilation issues: Codec-17b-llm.13.tar.bz2
Picked up JAVA_TOOL_OPTIONS: -Dfile.encoding=UTF8
OpenJDK 64-Bit Server VM warning: ignoring option MaxPermSize=1G; support was removed in 8.0
Buildfile: /defects4j/framework/projects/defects4j.build.xml

test-offline:

get-deps:

commons-codec-from-maven.compile:
    [javac] /tmp/fix_test_suite.pl_973_1702614151/maven-build.xml:78: warning: 'includeantruntime' was not set, defaulting to build.sysclasspath=last; set to false for repeatable builds

compile:

compile.gen.tests:
     [echo] classes.dir: target/classes
     [echo] build.home: target/classes/..
   [delete] Deleting directory /tmp/fix_test_suite.pl_973_1702614151/.classes_testgen
    [mkdir] Created dir: /tmp/fix_test_suite.pl_973_1702614151/.classes_testgen
    [javac] /defects4j/framework/projects/defects4j.build.xml:265: warning: 'includeantruntime' was not set, defaulting to build.sysclasspath=last; set to false for repeatable builds
    [javac] Compiling 1 source file to /tmp/fix_test_suite.pl_973_1702614151/.classes_testgen
    [javac] warning: /root/.sdkman/candidates/java/8.0.302-open/lib/ct.sym(META-INF/sym/rt.jar/java/io/UnsupportedEncodingException.class): major version 52 is newer than 51, the highest major version supported by this compiler.
    [javac]   It is recommended that the compiler be upgraded.
    [javac] warning: /root/.sdkman/candidates/java/8.0.302-open/lib/ct.sym(META-INF/sym/rt.jar/java/util/Arrays.class): major version 52 is newer than 51, the highest major version supported by this compiler.
    [javac]   It is recommended that the compiler be upgraded.
    [javac] warning: /root/.sdkman/candidates/java/8.0.302-open/lib/ct.sym(META-INF/sym/rt.jar/java/lang/Object.class): major version 52 is newer than 51, the highest major version supported by this compiler.
    [javac]   It is recommended that the compiler be upgraded.
    [javac] /root/.sdkman/candidates/java/8.0.302-open/lib/ct.sym(META-INF/sym/rt.jar/java/io/UnsupportedEncodingException.class): warning: Cannot find annotation method 'value()' in type 'Profile+Annotation': class file for jdk.Profile+Annotation not found
    [javac] /root/.sdkman/candidates/java/8.0.302-open/lib/ct.sym(META-INF/sym/rt.jar/java/util/Arrays.class): warning: Cannot find annotation method 'value()' in type 'Profile+Annotation'
    [javac] warning: /root/.sdkman/candidates/java/8.0.302-open/lib/ct.sym(META-INF/sym/rt.jar/java/lang/annotation/Retention.class): major version 52 is newer than 51, the highest major version supported by this compiler.
    [javac]   It is recommended that the compiler be upgraded.
    [javac] warning: /root/.sdkman/candidates/java/8.0.302-open/lib/ct.sym(META-INF/sym/rt.jar/java/lang/annotation/RetentionPolicy.class): major version 52 is newer than 51, the highest major version supported by this compiler.
    [javac]   It is recommended that the compiler be upgraded.
    [javac] warning: /root/.sdkman/candidates/java/8.0.302-open/lib/ct.sym(META-INF/sym/rt.jar/java/lang/annotation/Target.class): major version 52 is newer than 51, the highest major version supported by this compiler.
    [javac]   It is recommended that the compiler be upgraded.
    [javac] warning: /root/.sdkman/candidates/java/8.0.302-open/lib/ct.sym(META-INF/sym/rt.jar/java/lang/annotation/ElementType.class): major version 52 is newer than 51, the highest major version supported by this compiler.
    [javac]   It is recommended that the compiler be upgraded.
    [javac] /root/.sdkman/candidates/java/8.0.302-open/lib/ct.sym(META-INF/sym/rt.jar/java/lang/Object.class): warning: Cannot find annotation method 'value()' in type 'Profile+Annotation'
    [javac] warning: /root/.sdkman/candidates/java/8.0.302-open/lib/ct.sym(META-INF/sym/rt.jar/java/lang/annotation/Annotation.class): major version 52 is newer than 51, the highest major version supported by this compiler.
    [javac]   It is recommended that the compiler be upgraded.
    [javac] /root/.sdkman/candidates/java/8.0.302-open/lib/ct.sym(META-INF/sym/rt.jar/java/lang/annotation/Retention.class): warning: Cannot find annotation method 'value()' in type 'Profile+Annotation'
    [javac] /root/.sdkman/candidates/java/8.0.302-open/lib/ct.sym(META-INF/sym/rt.jar/java/lang/annotation/RetentionPolicy.class): warning: Cannot find annotation method 'value()' in type 'Profile+Annotation'
    [javac] /root/.sdkman/candidates/java/8.0.302-open/lib/ct.sym(META-INF/sym/rt.jar/java/lang/annotation/Target.class): warning: Cannot find annotation method 'value()' in type 'Profile+Annotation'
    [javac] /root/.sdkman/candidates/java/8.0.302-open/lib/ct.sym(META-INF/sym/rt.jar/java/lang/annotation/ElementType.class): warning: Cannot find annotation method 'value()' in type 'Profile+Annotation'
    [javac] /root/.sdkman/candidates/java/8.0.302-open/lib/ct.sym(META-INF/sym/rt.jar/java/lang/annotation/Annotation.class): warning: Cannot find annotation method 'value()' in type 'Profile+Annotation'
    [javac] warning: /root/.sdkman/candidates/java/8.0.302-open/lib/ct.sym(META-INF/sym/rt.jar/java/lang/AutoCloseable.class): major version 52 is newer than 51, the highest major version supported by this compiler.
    [javac]   It is recommended that the compiler be upgraded.
    [javac] /root/.sdkman/candidates/java/8.0.302-open/lib/ct.sym(META-INF/sym/rt.jar/java/lang/AutoCloseable.class): warning: Cannot find annotation method 'value()' in type 'Profile+Annotation'
    [javac] warning: /root/.sdkman/candidates/java/8.0.302-open/lib/ct.sym(META-INF/sym/rt.jar/java/lang/String.class): major version 52 is newer than 51, the highest major version supported by this compiler.
    [javac]   It is recommended that the compiler be upgraded.
    [javac] /root/.sdkman/candidates/java/8.0.302-open/lib/ct.sym(META-INF/sym/rt.jar/java/lang/String.class): warning: Cannot find annotation method 'value()' in type 'Profile+Annotation'
    [javac] warning: /root/.sdkman/candidates/java/8.0.302-open/lib/ct.sym(META-INF/sym/rt.jar/java/io/IOException.class): major version 52 is newer than 51, the highest major version supported by this compiler.
    [javac]   It is recommended that the compiler be upgraded.
    [javac] /root/.sdkman/candidates/java/8.0.302-open/lib/ct.sym(META-INF/sym/rt.jar/java/io/IOException.class): warning: Cannot find annotation method 'value()' in type 'Profile+Annotation'
    [javac] warning: /root/.sdkman/candidates/java/8.0.302-open/lib/ct.sym(META-INF/sym/rt.jar/java/lang/Exception.class): major version 52 is newer than 51, the highest major version supported by this compiler.
    [javac]   It is recommended that the compiler be upgraded.
    [javac] /root/.sdkman/candidates/java/8.0.302-open/lib/ct.sym(META-INF/sym/rt.jar/java/lang/Exception.class): warning: Cannot find annotation method 'value()' in type 'Profile+Annotation'
    [javac] warning: /root/.sdkman/candidates/java/8.0.302-open/lib/ct.sym(META-INF/sym/rt.jar/java/lang/Throwable.class): major version 52 is newer than 51, the highest major version supported by this compiler.
    [javac]   It is recommended that the compiler be upgraded.
    [javac] /root/.sdkman/candidates/java/8.0.302-open/lib/ct.sym(META-INF/sym/rt.jar/java/lang/Throwable.class): warning: Cannot find annotation method 'value()' in type 'Profile+Annotation'
    [javac] /tmp/fix_test_suite.pl_973_1702614151/llm/org/apache/commons/codec/binary/StringUtils_LLMTest.java:584: error: cannot find symbol
    [javac]     testNewString_regression(charsetName);
    [javac]     ^
    [javac]   symbol:   method testNewString_regression(String)
    [javac]   location: class StringUtils_LLMTest
    [javac] /tmp/fix_test_suite.pl_973_1702614151/llm/org/apache/commons/codec/binary/StringUtils_LLMTest.java:585: error: cannot find symbol
    [javac]     final String expected = new String(BYTES_FIXTURE_REGRESSION, charsetName);
    [javac]                                        ^
    [javac]   symbol:   variable BYTES_FIXTURE_REGRESSION
    [javac]   location: class StringUtils_LLMTest
    [javac] warning: /root/.sdkman/candidates/java/8.0.302-open/lib/ct.sym(META-INF/sym/rt.jar/java/nio/charset/Charset.class): major version 52 is newer than 51, the highest major version supported by this compiler.
    [javac]   It is recommended that the compiler be upgraded.
    [javac] /root/.sdkman/candidates/java/8.0.302-open/lib/ct.sym(META-INF/sym/rt.jar/java/nio/charset/Charset.class): warning: Cannot find annotation method 'value()' in type 'Profile+Annotation'
    [javac] /tmp/fix_test_suite.pl_973_1702614151/llm/org/apache/commons/codec/binary/StringUtils_LLMTest.java:586: error: cannot find symbol
    [javac]     final String actual = StringUtils.newStringIso8859_1(BYTES_FIXTURE_REGRESSION);
    [javac]                                                          ^
    [javac]   symbol:   variable BYTES_FIXTURE_REGRESSION
    [javac]   location: class StringUtils_LLMTest
    [javac] /tmp/fix_test_suite.pl_973_1702614151/llm/org/apache/commons/codec/binary/StringUtils_LLMTest.java:592: error: cannot find symbol
    [javac]     testNewString_regression(charsetName);
    [javac]     ^
    [javac]   symbol:   method testNewString_regression(String)
    [javac]   location: class StringUtils_LLMTest
    [javac] /tmp/fix_test_suite.pl_973_1702614151/llm/org/apache/commons/codec/binary/StringUtils_LLMTest.java:593: error: cannot find symbol
    [javac]     final String expected = new String(BYTES_FIXTURE_REGRESSION, charsetName);
    [javac]                                        ^
    [javac]   symbol:   variable BYTES_FIXTURE_REGRESSION
    [javac]   location: class StringUtils_LLMTest
    [javac] /tmp/fix_test_suite.pl_973_1702614151/llm/org/apache/commons/codec/binary/StringUtils_LLMTest.java:594: error: cannot find symbol
    [javac]     final String actual = StringUtils.newStringUtf16(BYTES_FIXTURE_REGRESSION);
    [javac]                                                      ^
    [javac]   symbol:   variable BYTES_FIXTURE_REGRESSION
    [javac]   location: class StringUtils_LLMTest
    [javac] /tmp/fix_test_suite.pl_973_1702614151/llm/org/apache/commons/codec/binary/StringUtils_LLMTest.java:600: error: cannot find symbol
    [javac]     testNewString_regression(charsetName);
    [javac]     ^
    [javac]   symbol:   method testNewString_regression(String)
    [javac]   location: class StringUtils_LLMTest
    [javac] /tmp/fix_test_suite.pl_973_1702614151/llm/org/apache/commons/codec/binary/StringUtils_LLMTest.java:601: error: cannot find symbol
    [javac]     final String expected = new String(BYTES_FIXTURE_16LE_REGRESSION, charsetName);
    [javac]                                        ^
    [javac]   symbol:   variable BYTES_FIXTURE_16LE_REGRESSION
    [javac]   location: class StringUtils_LLMTest
    [javac] /tmp/fix_test_suite.pl_973_1702614151/llm/org/apache/commons/codec/binary/StringUtils_LLMTest.java:602: error: cannot find symbol
    [javac]     final String actual = StringUtils.newStringUtf16Le(BYTES_FIXTURE_16LE_REGRESSION);
    [javac]                                                        ^
    [javac]   symbol:   variable BYTES_FIXTURE_16LE_REGRESSION
    [javac]   location: class StringUtils_LLMTest
    [javac] /tmp/fix_test_suite.pl_973_1702614151/llm/org/apache/commons/codec/binary/StringUtils_LLMTest.java:608: error: cannot find symbol
    [javac]     testNewString_regression(charsetName);
    [javac]     ^
    [javac]   symbol:   method testNewString_regression(String)
    [javac]   location: class StringUtils_LLMTest
    [javac] /tmp/fix_test_suite.pl_973_1702614151/llm/org/apache/commons/codec/binary/StringUtils_LLMTest.java:609: error: cannot find symbol
    [javac]     final String expected = new String(BYTES_FIXTURE_REGRESSION, charsetName);
    [javac]                                        ^
    [javac]   symbol:   variable BYTES_FIXTURE_REGRESSION
    [javac]   location: class StringUtils_LLMTest
    [javac] /tmp/fix_test_suite.pl_973_1702614151/llm/org/apache/commons/codec/binary/StringUtils_LLMTest.java:610: error: cannot find symbol
    [javac]     final String actual = StringUtils.newStringUtf8(BYTES_FIXTURE_REGRESSION);
    [javac]                                                     ^
    [javac]   symbol:   variable BYTES_FIXTURE_REGRESSION
    [javac]   location: class StringUtils_LLMTest
    [javac] /tmp/fix_test_suite.pl_973_1702614151/llm/org/apache/commons/codec/binary/StringUtils_LLMTest.java:616: error: cannot find symbol
    [javac]         testNewString(charsetName);
    [javac]         ^
    [javac]   symbol:   method testNewString(String)
    [javac]   location: class StringUtils_LLMTest
    [javac] /tmp/fix_test_suite.pl_973_1702614151/llm/org/apache/commons/codec/binary/StringUtils_LLMTest.java:617: error: cannot find symbol
    [javac]         final String expected = new String(BYTES_FIXTURE, charsetName);
    [javac]                                            ^
    [javac]   symbol:   variable BYTES_FIXTURE
    [javac]   location: class StringUtils_LLMTest
    [javac] /tmp/fix_test_suite.pl_973_1702614151/llm/org/apache/commons/codec/binary/StringUtils_LLMTest.java:618: error: cannot find symbol
    [javac]         final String actual = StringUtils.newStringIso8859_1(BYTES_FIXTURE);
    [javac]                                                              ^
    [javac]   symbol:   variable BYTES_FIXTURE
    [javac]   location: class StringUtils_LLMTest
    [javac] /tmp/fix_test_suite.pl_973_1702614151/llm/org/apache/commons/codec/binary/StringUtils_LLMTest.java:645: error: cannot find symbol
    [javac]         testNewString(charsetName);
    [javac]         ^
    [javac]   symbol:   method testNewString(String)
    [javac]   location: class StringUtils_LLMTest
    [javac] /tmp/fix_test_suite.pl_973_1702614151/llm/org/apache/commons/codec/binary/StringUtils_LLMTest.java:646: error: cannot find symbol
    [javac]         final String expected = new String(BYTES_FIXTURE, charsetName);
    [javac]                                            ^
    [javac]   symbol:   variable BYTES_FIXTURE
    [javac]   location: class StringUtils_LLMTest
    [javac] /tmp/fix_test_suite.pl_973_1702614151/llm/org/apache/commons/codec/binary/StringUtils_LLMTest.java:653: error: cannot find symbol
    [javac]         testNewString(charsetName);
    [javac]         ^
    [javac]   symbol:   method testNewString(String)
    [javac]   location: class StringUtils_LLMTest
    [javac] /tmp/fix_test_suite.pl_973_1702614151/llm/org/apache/commons/codec/binary/StringUtils_LLMTest.java:654: error: cannot find symbol
    [javac]         final String expected = new String(BYTES_FIXTURE, charsetName);
    [javac]                                            ^
    [javac]   symbol:   variable BYTES_FIXTURE
    [javac]   location: class StringUtils_LLMTest
    [javac] /tmp/fix_test_suite.pl_973_1702614151/llm/org/apache/commons/codec/binary/StringUtils_LLMTest.java:663: error: cannot find symbol
    [javac]         final String expected1 = new String(BYTES_FIXTURE, charsetName);
    [javac]                                             ^
    [javac]   symbol:   variable BYTES_FIXTURE
    [javac]   location: class StringUtils_LLMTest
    [javac] /tmp/fix_test_suite.pl_973_1702614151/llm/org/apache/commons/codec/binary/StringUtils_LLMTest.java:664: error: cannot find symbol
    [javac]         final String actual1 = StringUtils.newStringUtf16(BYTES_FIXTURE);
    [javac]                                                           ^
    [javac]   symbol:   variable BYTES_FIXTURE
    [javac]   location: class StringUtils_LLMTest
    [javac] /tmp/fix_test_suite.pl_973_1702614151/llm/org/apache/commons/codec/binary/StringUtils_LLMTest.java:685: error: cannot find symbol
    [javac]         testNewString(charsetName);
    [javac]         ^
    [javac]   symbol:   method testNewString(String)
    [javac]   location: class StringUtils_LLMTest
    [javac] /tmp/fix_test_suite.pl_973_1702614151/llm/org/apache/commons/codec/binary/StringUtils_LLMTest.java:694: error: cannot find symbol
    [javac]         testNewString(charsetName);
    [javac]         ^
    [javac]   symbol:   method testNewString(String)
    [javac]   location: class StringUtils_LLMTest
    [javac] /tmp/fix_test_suite.pl_973_1702614151/llm/org/apache/commons/codec/binary/StringUtils_LLMTest.java:703: error: cannot find symbol
    [javac]         testNewString(charsetName);
    [javac]         ^
    [javac]   symbol:   method testNewString(String)
    [javac]   location: class StringUtils_LLMTest
    [javac] /tmp/fix_test_suite.pl_973_1702614151/llm/org/apache/commons/codec/binary/StringUtils_LLMTest.java:756: error: cannot find symbol
    [javac]         testNewString(charsetName);
    [javac]         ^
    [javac]   symbol:   method testNewString(String)
    [javac]   location: class StringUtils_LLMTest
    [javac] 25 errors
    [javac] 28 warnings

BUILD FAILED
/defects4j/framework/projects/defects4j.build.xml:265: Compile failed; see the compiler error output for details.

Total time: 0 seconds
