- Compilation issues: Lang-5b-llm.10.tar.bz2
Picked up JAVA_TOOL_OPTIONS: -Dfile.encoding=UTF8
OpenJDK 64-Bit Server VM warning: ignoring option MaxPermSize=1G; support was removed in 8.0
Buildfile: /defects4j/framework/projects/defects4j.build.xml

init:
     [echo] -------- commons-lang3 3.2-SNAPSHOT --------
    [mkdir] Created dir: /tmp/fix_test_suite.pl_19860_1702625844/target

compile:
    [mkdir] Created dir: /tmp/fix_test_suite.pl_19860_1702625844/target/classes
    [javac] Compiling 108 source files to /tmp/fix_test_suite.pl_19860_1702625844/target/classes
    [javac] warning: [options] bootstrap class path not set in conjunction with -source 1.5
    [javac] warning: /root/.sdkman/candidates/java/8.0.302-open/lib/ct.sym(META-INF/sym/rt.jar/java/lang/annotation/Annotation.class): major version 52 is newer than 51, the highest major version supported by this compiler.
    [javac]   It is recommended that the compiler be upgraded.
    [javac] warning: /root/.sdkman/candidates/java/8.0.302-open/lib/ct.sym(META-INF/sym/rt.jar/java/lang/reflect/InvocationTargetException.class): major version 52 is newer than 51, the highest major version supported by this compiler.
    [javac]   It is recommended that the compiler be upgraded.
    [javac] warning: /root/.sdkman/candidates/java/8.0.302-open/lib/ct.sym(META-INF/sym/rt.jar/java/lang/reflect/Method.class): major version 52 is newer than 51, the highest major version supported by this compiler.
    [javac]   It is recommended that the compiler be upgraded.
    [javac] warning: /root/.sdkman/candidates/java/8.0.302-open/lib/ct.sym(META-INF/sym/rt.jar/java/util/Arrays.class): major version 52 is newer than 51, the highest major version supported by this compiler.
    [javac]   It is recommended that the compiler be upgraded.
    [javac] warning: /root/.sdkman/candidates/java/8.0.302-open/lib/ct.sym(META-INF/sym/rt.jar/java/lang/Object.class): major version 52 is newer than 51, the highest major version supported by this compiler.
    [javac]   It is recommended that the compiler be upgraded.
    [javac] warning: /root/.sdkman/candidates/java/8.0.302-open/lib/ct.sym(META-INF/sym/rt.jar/java/io/Serializable.class): major version 52 is newer than 51, the highest major version supported by this compiler.
    [javac]   It is recommended that the compiler be upgraded.
    [javac] warning: /root/.sdkman/candidates/java/8.0.302-open/lib/ct.sym(META-INF/sym/rt.jar/java/lang/reflect/Array.class): major version 52 is newer than 51, the highest major version supported by this compiler.
    [javac]   It is recommended that the compiler be upgraded.
    [javac] warning: /root/.sdkman/candidates/java/8.0.302-open/lib/ct.sym(META-INF/sym/rt.jar/java/util/Collection.class): major version 52 is newer than 51, the highest major version supported by this compiler.
    [javac]   It is recommended that the compiler be upgraded.
    [javac] warning: /root/.sdkman/candidates/java/8.0.302-open/lib/ct.sym(META-INF/sym/rt.jar/java/util/Map.class): major version 52 is newer than 51, the highest major version supported by this compiler.
    [javac]   It is recommended that the compiler be upgraded.
    [javac] warning: /root/.sdkman/candidates/java/8.0.302-open/lib/ct.sym(META-INF/sym/rt.jar/java/util/WeakHashMap.class): major version 52 is newer than 51, the highest major version supported by this compiler.
    [javac]   It is recommended that the compiler be upgraded.
    [javac] warning: /root/.sdkman/candidates/java/8.0.302-open/lib/ct.sym(META-INF/sym/rt.jar/java/lang/String.class): major version 52 is newer than 51, the highest major version supported by this compiler.
    [javac]   It is recommended that the compiler be upgraded.
    [javac] warning: /root/.sdkman/candidates/java/8.0.302-open/lib/ct.sym(META-INF/sym/rt.jar/java/lang/Class.class): major version 52 is newer than 51, the highest major version supported by this compiler.
    [javac]   It is recommended that the compiler be upgraded.
    [javac] warning: /root/.sdkman/candidates/java/8.0.302-open/lib/ct.sym(META-INF/sym/rt.jar/java/lang/ThreadLocal.class): major version 52 is newer than 51, the highest major version supported by this compiler.
    [javac]   It is recommended that the compiler be upgraded.
    [javac] warning: /root/.sdkman/candidates/java/8.0.302-open/lib/ct.sym(META-INF/sym/rt.jar/java/lang/StringBuffer.class): major version 52 is newer than 51, the highest major version supported by this compiler.
    [javac]   It is recommended that the compiler be upgraded.
    [javac] warning: /root/.sdkman/candidates/java/8.0.302-open/lib/ct.sym(META-INF/sym/rt.jar/java/lang/Boolean.class): major version 52 is newer than 51, the highest major version supported by this compiler.
    [javac]   It is recommended that the compiler be upgraded.
    [javac] warning: /root/.sdkman/candidates/java/8.0.302-open/lib/ct.sym(META-INF/sym/rt.jar/java/util/BitSet.class): major version 52 is newer than 51, the highest major version supported by this compiler.
    [javac]   It is recommended that the compiler be upgraded.
    [javac] warning: /root/.sdkman/candidates/java/8.0.302-open/lib/ct.sym(META-INF/sym/rt.jar/java/util/HashMap.class): major version 52 is newer than 51, the highest major version supported by this compiler.
    [javac]   It is recommended that the compiler be upgraded.
    [javac] warning: /root/.sdkman/candidates/java/8.0.302-open/lib/ct.sym(META-INF/sym/rt.jar/java/lang/Long.class): major version 52 is newer than 51, the highest major version supported by this compiler.
    [javac]   It is recommended that the compiler be upgraded.
    [javac] warning: /root/.sdkman/candidates/java/8.0.302-open/lib/ct.sym(META-INF/sym/rt.jar/java/lang/Integer.class): major version 52 is newer than 51, the highest major version supported by this compiler.
    [javac]   It is recommended that the compiler be upgraded.
    [javac] warning: /root/.sdkman/candidates/java/8.0.302-open/lib/ct.sym(META-INF/sym/rt.jar/java/lang/Short.class): major version 52 is newer than 51, the highest major version supported by this compiler.
    [javac]   It is recommended that the compiler be upgraded.
    [javac] warning: /root/.sdkman/candidates/java/8.0.302-open/lib/ct.sym(META-INF/sym/rt.jar/java/lang/Byte.class): major version 52 is newer than 51, the highest major version supported by this compiler.
    [javac]   It is recommended that the compiler be upgraded.
    [javac] warning: /root/.sdkman/candidates/java/8.0.302-open/lib/ct.sym(META-INF/sym/rt.jar/java/lang/Double.class): major version 52 is newer than 51, the highest major version supported by this compiler.
    [javac]   It is recommended that the compiler be upgraded.
    [javac] warning: /root/.sdkman/candidates/java/8.0.302-open/lib/ct.sym(META-INF/sym/rt.jar/java/lang/Float.class): major version 52 is newer than 51, the highest major version supported by this compiler.
    [javac]   It is recommended that the compiler be upgraded.
    [javac] warning: /root/.sdkman/candidates/java/8.0.302-open/lib/ct.sym(META-INF/sym/rt.jar/java/lang/Character.class): major version 52 is newer than 51, the highest major version supported by this compiler.
    [javac]   It is recommended that the compiler be upgraded.
    [javac] warning: /root/.sdkman/candidates/java/8.0.302-open/lib/ct.sym(META-INF/sym/rt.jar/java/nio/charset/Charset.class): major version 52 is newer than 51, the highest major version supported by this compiler.
    [javac]   It is recommended that the compiler be upgraded.
    [javac] warning: /root/.sdkman/candidates/java/8.0.302-open/lib/ct.sym(META-INF/sym/rt.jar/java/nio/charset/IllegalCharsetNameException.class): major version 52 is newer than 51, the highest major version supported by this compiler.
    [javac]   It is recommended that the compiler be upgraded.
    [javac] warning: /root/.sdkman/candidates/java/8.0.302-open/lib/ct.sym(META-INF/sym/rt.jar/java/util/Iterator.class): major version 52 is newer than 51, the highest major version supported by this compiler.
    [javac]   It is recommended that the compiler be upgraded.
    [javac] warning: /root/.sdkman/candidates/java/8.0.302-open/lib/ct.sym(META-INF/sym/rt.jar/java/util/NoSuchElementException.class): major version 52 is newer than 51, the highest major version supported by this compiler.
    [javac]   It is recommended that the compiler be upgraded.
    [javac] warning: /root/.sdkman/candidates/java/8.0.302-open/lib/ct.sym(META-INF/sym/rt.jar/java/lang/Iterable.class): major version 52 is newer than 51, the highest major version supported by this compiler.
    [javac]   It is recommended that the compiler be upgraded.
    [javac] warning: /root/.sdkman/candidates/java/8.0.302-open/lib/ct.sym(META-INF/sym/rt.jar/java/lang/CharSequence.class): major version 52 is newer than 51, the highest major version supported by this compiler.
    [javac]   It is recommended that the compiler be upgraded.
    [javac] warning: /root/.sdkman/candidates/java/8.0.302-open/lib/ct.sym(META-INF/sym/rt.jar/java/util/Collections.class): major version 52 is newer than 51, the highest major version supported by this compiler.
    [javac]   It is recommended that the compiler be upgraded.
    [javac] warning: /root/.sdkman/candidates/java/8.0.302-open/lib/ct.sym(META-INF/sym/rt.jar/java/util/HashSet.class): major version 52 is newer than 51, the highest major version supported by this compiler.
    [javac]   It is recommended that the compiler be upgraded.
    [javac] warning: /root/.sdkman/candidates/java/8.0.302-open/lib/ct.sym(META-INF/sym/rt.jar/java/util/Set.class): major version 52 is newer than 51, the highest major version supported by this compiler.
    [javac]   It is recommended that the compiler be upgraded.
    [javac] warning: /root/.sdkman/candidates/java/8.0.302-open/lib/ct.sym(META-INF/sym/rt.jar/java/lang/reflect/Modifier.class): major version 52 is newer than 51, the highest major version supported by this compiler.
    [javac]   It is recommended that the compiler be upgraded.
    [javac] warning: /root/.sdkman/candidates/java/8.0.302-open/lib/ct.sym(META-INF/sym/rt.jar/java/util/ArrayList.class): major version 52 is newer than 51, the highest major version supported by this compiler.
    [javac]   It is recommended that the compiler be upgraded.
    [javac] warning: /root/.sdkman/candidates/java/8.0.302-open/lib/ct.sym(META-INF/sym/rt.jar/java/util/LinkedHashSet.class): major version 52 is newer than 51, the highest major version supported by this compiler.
    [javac]   It is recommended that the compiler be upgraded.
    [javac] warning: /root/.sdkman/candidates/java/8.0.302-open/lib/ct.sym(META-INF/sym/rt.jar/java/util/List.class): major version 52 is newer than 51, the highest major version supported by this compiler.
    [javac]   It is recommended that the compiler be upgraded.
    [javac] warning: /root/.sdkman/candidates/java/8.0.302-open/lib/ct.sym(META-INF/sym/rt.jar/java/lang/ClassLoader.class): major version 52 is newer than 51, the highest major version supported by this compiler.
    [javac]   It is recommended that the compiler be upgraded.
    [javac] warning: /root/.sdkman/candidates/java/8.0.302-open/lib/ct.sym(META-INF/sym/rt.jar/java/lang/ClassNotFoundException.class): major version 52 is newer than 51, the highest major version supported by this compiler.
    [javac]   It is recommended that the compiler be upgraded.
    [javac] warning: /root/.sdkman/candidates/java/8.0.302-open/lib/ct.sym(META-INF/sym/rt.jar/java/lang/SecurityException.class): major version 52 is newer than 51, the highest major version supported by this compiler.
    [javac]   It is recommended that the compiler be upgraded.
    [javac] warning: /root/.sdkman/candidates/java/8.0.302-open/lib/ct.sym(META-INF/sym/rt.jar/java/lang/NoSuchMethodException.class): major version 52 is newer than 51, the highest major version supported by this compiler.
    [javac]   It is recommended that the compiler be upgraded.
    [javac] warning: /root/.sdkman/candidates/java/8.0.302-open/lib/ct.sym(META-INF/sym/rt.jar/java/util/UUID.class): major version 52 is newer than 51, the highest major version supported by this compiler.
    [javac]   It is recommended that the compiler be upgraded.
    [javac] warning: /root/.sdkman/candidates/java/8.0.302-open/lib/ct.sym(META-INF/sym/rt.jar/java/util/EnumSet.class): major version 52 is newer than 51, the highest major version supported by this compiler.
    [javac]   It is recommended that the compiler be upgraded.
    [javac] warning: /root/.sdkman/candidates/java/8.0.302-open/lib/ct.sym(META-INF/sym/rt.jar/java/util/LinkedHashMap.class): major version 52 is newer than 51, the highest major version supported by this compiler.
    [javac]   It is recommended that the compiler be upgraded.
    [javac] warning: /root/.sdkman/candidates/java/8.0.302-open/lib/ct.sym(META-INF/sym/rt.jar/java/lang/Enum.class): major version 52 is newer than 51, the highest major version supported by this compiler.
    [javac]   It is recommended that the compiler be upgraded.
    [javac] warning: /root/.sdkman/candidates/java/8.0.302-open/lib/ct.sym(META-INF/sym/rt.jar/java/lang/Comparable.class): major version 52 is newer than 51, the highest major version supported by this compiler.
    [javac]   It is recommended that the compiler be upgraded.
    [javac] warning: /root/.sdkman/candidates/java/8.0.302-open/lib/ct.sym(META-INF/sym/rt.jar/java/util/Locale.class): major version 52 is newer than 51, the highest major version supported by this compiler.
    [javac]   It is recommended that the compiler be upgraded.
    [javac] warning: /root/.sdkman/candidates/java/8.0.302-open/lib/ct.sym(META-INF/sym/rt.jar/java/util/concurrent/ConcurrentHashMap.class): major version 52 is newer than 51, the highest major version supported by this compiler.
    [javac]   It is recommended that the compiler be upgraded.
    [javac] warning: /root/.sdkman/candidates/java/8.0.302-open/lib/ct.sym(META-INF/sym/rt.jar/java/util/concurrent/ConcurrentMap.class): major version 52 is newer than 51, the highest major version supported by this compiler.
    [javac]   It is recommended that the compiler be upgraded.
    [javac] warning: /root/.sdkman/candidates/java/8.0.302-open/lib/ct.sym(META-INF/sym/rt.jar/java/util/Comparator.class): major version 52 is newer than 51, the highest major version supported by this compiler.
    [javac]   It is recommended that the compiler be upgraded.
    [javac] warning: /root/.sdkman/candidates/java/8.0.302-open/lib/ct.sym(META-INF/sym/rt.jar/java/util/TreeSet.class): major version 52 is newer than 51, the highest major version supported by this compiler.
    [javac]   It is recommended that the compiler be upgraded.
    [javac] warning: /root/.sdkman/candidates/java/8.0.302-open/lib/ct.sym(META-INF/sym/rt.jar/java/lang/IllegalArgumentException.class): major version 52 is newer than 51, the highest major version supported by this compiler.
    [javac]   It is recommended that the compiler be upgraded.
    [javac] warning: /root/.sdkman/candidates/java/8.0.302-open/lib/ct.sym(META-INF/sym/rt.jar/java/util/Random.class): major version 52 is newer than 51, the highest major version supported by this compiler.
    [javac]   It is recommended that the compiler be upgraded.
    [javac] warning: /root/.sdkman/candidates/java/8.0.302-open/lib/ct.sym(META-INF/sym/rt.jar/java/lang/SuppressWarnings.class): major version 52 is newer than 51, the highest major version supported by this compiler.
    [javac]   It is recommended that the compiler be upgraded.
    [javac] warning: /root/.sdkman/candidates/java/8.0.302-open/lib/ct.sym(META-INF/sym/rt.jar/java/lang/RuntimeException.class): major version 52 is newer than 51, the highest major version supported by this compiler.
    [javac]   It is recommended that the compiler be upgraded.
    [javac] warning: /root/.sdkman/candidates/java/8.0.302-open/lib/ct.sym(META-INF/sym/rt.jar/java/lang/Exception.class): major version 52 is newer than 51, the highest major version supported by this compiler.
    [javac]   It is recommended that the compiler be upgraded.
    [javac] warning: /root/.sdkman/candidates/java/8.0.302-open/lib/ct.sym(META-INF/sym/rt.jar/java/lang/Throwable.class): major version 52 is newer than 51, the highest major version supported by this compiler.
    [javac]   It is recommended that the compiler be upgraded.
    [javac] warning: /root/.sdkman/candidates/java/8.0.302-open/lib/ct.sym(META-INF/sym/rt.jar/java/io/ByteArrayInputStream.class): major version 52 is newer than 51, the highest major version supported by this compiler.
    [javac]   It is recommended that the compiler be upgraded.
    [javac] warning: /root/.sdkman/candidates/java/8.0.302-open/lib/ct.sym(META-INF/sym/rt.jar/java/io/ByteArrayOutputStream.class): major version 52 is newer than 51, the highest major version supported by this compiler.
    [javac]   It is recommended that the compiler be upgraded.
    [javac] warning: /root/.sdkman/candidates/java/8.0.302-open/lib/ct.sym(META-INF/sym/rt.jar/java/io/IOException.class): major version 52 is newer than 51, the highest major version supported by this compiler.
    [javac]   It is recommended that the compiler be upgraded.
    [javac] warning: /root/.sdkman/candidates/java/8.0.302-open/lib/ct.sym(META-INF/sym/rt.jar/java/io/InputStream.class): major version 52 is newer than 51, the highest major version supported by this compiler.
    [javac]   It is recommended that the compiler be upgraded.
    [javac] warning: /root/.sdkman/candidates/java/8.0.302-open/lib/ct.sym(META-INF/sym/rt.jar/java/io/ObjectInputStream.class): major version 52 is newer than 51, the highest major version supported by this compiler.
    [javac]   It is recommended that the compiler be upgraded.
    [javac] warning: /root/.sdkman/candidates/java/8.0.302-open/lib/ct.sym(META-INF/sym/rt.jar/java/io/ObjectOutputStream.class): major version 52 is newer than 51, the highest major version supported by this compiler.
    [javac]   It is recommended that the compiler be upgraded.
    [javac] warning: /root/.sdkman/candidates/java/8.0.302-open/lib/ct.sym(META-INF/sym/rt.jar/java/io/ObjectStreamClass.class): major version 52 is newer than 51, the highest major version supported by this compiler.
    [javac]   It is recommended that the compiler be upgraded.
    [javac] warning: /root/.sdkman/candidates/java/8.0.302-open/lib/ct.sym(META-INF/sym/rt.jar/java/io/OutputStream.class): major version 52 is newer than 51, the highest major version supported by this compiler.
    [javac]   It is recommended that the compiler be upgraded.
    [javac] warning: /root/.sdkman/candidates/java/8.0.302-open/lib/ct.sym(META-INF/sym/rt.jar/java/io/ObjectInput.class): major version 52 is newer than 51, the highest major version supported by this compiler.
    [javac]   It is recommended that the compiler be upgraded.
    [javac] warning: /root/.sdkman/candidates/java/8.0.302-open/lib/ct.sym(META-INF/sym/rt.jar/java/io/DataInput.class): major version 52 is newer than 51, the highest major version supported by this compiler.
    [javac]   It is recommended that the compiler be upgraded.
    [javac] warning: /root/.sdkman/candidates/java/8.0.302-open/lib/ct.sym(META-INF/sym/rt.jar/java/lang/AutoCloseable.class): major version 52 is newer than 51, the highest major version supported by this compiler.
    [javac]   It is recommended that the compiler be upgraded.
    [javac] warning: /root/.sdkman/candidates/java/8.0.302-open/lib/ct.sym(META-INF/sym/rt.jar/java/io/ObjectStreamConstants.class): major version 52 is newer than 51, the highest major version supported by this compiler.
    [javac]   It is recommended that the compiler be upgraded.
    [javac] warning: /root/.sdkman/candidates/java/8.0.302-open/lib/ct.sym(META-INF/sym/rt.jar/java/io/Closeable.class): major version 52 is newer than 51, the highest major version supported by this compiler.
    [javac]   It is recommended that the compiler be upgraded.
    [javac] warning: /root/.sdkman/candidates/java/8.0.302-open/lib/ct.sym(META-INF/sym/rt.jar/java/io/Writer.class): major version 52 is newer than 51, the highest major version supported by this compiler.
    [javac]   It is recommended that the compiler be upgraded.
    [javac] warning: /root/.sdkman/candidates/java/8.0.302-open/lib/ct.sym(META-INF/sym/rt.jar/java/io/StringWriter.class): major version 52 is newer than 51, the highest major version supported by this compiler.
    [javac]   It is recommended that the compiler be upgraded.
    [javac] warning: /root/.sdkman/candidates/java/8.0.302-open/lib/ct.sym(META-INF/sym/rt.jar/java/io/UnsupportedEncodingException.class): major version 52 is newer than 51, the highest major version supported by this compiler.
    [javac]   It is recommended that the compiler be upgraded.
    [javac] warning: /root/.sdkman/candidates/java/8.0.302-open/lib/ct.sym(META-INF/sym/rt.jar/java/text/Normalizer.class): major version 52 is newer than 51, the highest major version supported by this compiler.
    [javac]   It is recommended that the compiler be upgraded.
    [javac] warning: /root/.sdkman/candidates/java/8.0.302-open/lib/ct.sym(META-INF/sym/rt.jar/java/util/regex/Pattern.class): major version 52 is newer than 51, the highest major version supported by this compiler.
    [javac]   It is recommended that the compiler be upgraded.
    [javac] warning: /root/.sdkman/candidates/java/8.0.302-open/lib/ct.sym(META-INF/sym/rt.jar/java/io/File.class): major version 52 is newer than 51, the highest major version supported by this compiler.
    [javac]   It is recommended that the compiler be upgraded.
    [javac] warning: /root/.sdkman/candidates/java/8.0.302-open/lib/ct.sym(META-INF/sym/rt.jar/java/lang/reflect/AccessibleObject.class): major version 52 is newer than 51, the highest major version supported by this compiler.
    [javac]   It is recommended that the compiler be upgraded.
    [javac] warning: /root/.sdkman/candidates/java/8.0.302-open/lib/ct.sym(META-INF/sym/rt.jar/java/lang/reflect/Field.class): major version 52 is newer than 51, the highest major version supported by this compiler.
    [javac]   It is recommended that the compiler be upgraded.
    [javac] warning: /root/.sdkman/candidates/java/8.0.302-open/lib/ct.sym(META-INF/sym/rt.jar/java/util/Map$Entry.class): major version 52 is newer than 51, the highest major version supported by this compiler.
    [javac]   It is recommended that the compiler be upgraded.
    [javac] warning: /root/.sdkman/candidates/java/8.0.302-open/lib/ct.sym(META-INF/sym/rt.jar/java/lang/IllegalAccessException.class): major version 52 is newer than 51, the highest major version supported by this compiler.
    [javac]   It is recommended that the compiler be upgraded.
    [javac] warning: /root/.sdkman/candidates/java/8.0.302-open/lib/ct.sym(META-INF/sym/rt.jar/java/util/concurrent/atomic/AtomicReference.class): major version 52 is newer than 51, the highest major version supported by this compiler.
    [javac]   It is recommended that the compiler be upgraded.
    [javac] warning: /root/.sdkman/candidates/java/8.0.302-open/lib/ct.sym(META-INF/sym/rt.jar/java/util/concurrent/Callable.class): major version 52 is newer than 51, the highest major version supported by this compiler.
    [javac]   It is recommended that the compiler be upgraded.
    [javac] warning: /root/.sdkman/candidates/java/8.0.302-open/lib/ct.sym(META-INF/sym/rt.jar/java/util/concurrent/ExecutionException.class): major version 52 is newer than 51, the highest major version supported by this compiler.
    [javac]   It is recommended that the compiler be upgraded.
    [javac] warning: /root/.sdkman/candidates/java/8.0.302-open/lib/ct.sym(META-INF/sym/rt.jar/java/util/concurrent/ExecutorService.class): major version 52 is newer than 51, the highest major version supported by this compiler.
    [javac]   It is recommended that the compiler be upgraded.
    [javac] warning: /root/.sdkman/candidates/java/8.0.302-open/lib/ct.sym(META-INF/sym/rt.jar/java/util/concurrent/Executors.class): major version 52 is newer than 51, the highest major version supported by this compiler.
    [javac]   It is recommended that the compiler be upgraded.
    [javac] warning: /root/.sdkman/candidates/java/8.0.302-open/lib/ct.sym(META-INF/sym/rt.jar/java/util/concurrent/Future.class): major version 52 is newer than 51, the highest major version supported by this compiler.
    [javac]   It is recommended that the compiler be upgraded.
    [javac] warning: /root/.sdkman/candidates/java/8.0.302-open/lib/ct.sym(META-INF/sym/rt.jar/java/util/concurrent/ThreadFactory.class): major version 52 is newer than 51, the highest major version supported by this compiler.
    [javac]   It is recommended that the compiler be upgraded.
    [javac] warning: /root/.sdkman/candidates/java/8.0.302-open/lib/ct.sym(META-INF/sym/rt.jar/java/util/concurrent/atomic/AtomicLong.class): major version 52 is newer than 51, the highest major version supported by this compiler.
    [javac]   It is recommended that the compiler be upgraded.
    [javac] warning: /root/.sdkman/candidates/java/8.0.302-open/lib/ct.sym(META-INF/sym/rt.jar/java/lang/Thread.class): major version 52 is newer than 51, the highest major version supported by this compiler.
    [javac]   It is recommended that the compiler be upgraded.
    [javac] warning: /root/.sdkman/candidates/java/8.0.302-open/lib/ct.sym(META-INF/sym/rt.jar/java/lang/Thread$UncaughtExceptionHandler.class): major version 52 is newer than 51, the highest major version supported by this compiler.
    [javac]   It is recommended that the compiler be upgraded.
    [javac] warning: /root/.sdkman/candidates/java/8.0.302-open/lib/ct.sym(META-INF/sym/rt.jar/java/lang/Runnable.class): major version 52 is newer than 51, the highest major version supported by this compiler.
    [javac]   It is recommended that the compiler be upgraded.
    [javac] warning: /root/.sdkman/candidates/java/8.0.302-open/lib/ct.sym(META-INF/sym/rt.jar/java/util/concurrent/TimeUnit.class): major version 52 is newer than 51, the highest major version supported by this compiler.
    [javac]   It is recommended that the compiler be upgraded.
    [javac] warning: /root/.sdkman/candidates/java/8.0.302-open/lib/ct.sym(META-INF/sym/rt.jar/java/util/concurrent/ScheduledExecutorService.class): major version 52 is newer than 51, the highest major version supported by this compiler.
    [javac]   It is recommended that the compiler be upgraded.
    [javac] warning: /root/.sdkman/candidates/java/8.0.302-open/lib/ct.sym(META-INF/sym/rt.jar/java/util/concurrent/ScheduledFuture.class): major version 52 is newer than 51, the highest major version supported by this compiler.
    [javac]   It is recommended that the compiler be upgraded.
    [javac] warning: /root/.sdkman/candidates/java/8.0.302-open/lib/ct.sym(META-INF/sym/rt.jar/java/util/concurrent/ScheduledThreadPoolExecutor.class): major version 52 is newer than 51, the highest major version supported by this compiler.
    [javac]   It is recommended that the compiler be upgraded.
    [javac] warning: /root/.sdkman/candidates/java/8.0.302-open/lib/ct.sym(META-INF/sym/rt.jar/java/lang/InterruptedException.class): major version 52 is newer than 51, the highest major version supported by this compiler.
    [javac]   It is recommended that the compiler be upgraded.
    [javac] warning: /root/.sdkman/candidates/java/8.0.302-open/lib/ct.sym(META-INF/sym/rt.jar/java/lang/reflect/InvocationHandler.class): major version 52 is newer than 51, the highest major version supported by this compiler.
    [javac]   It is recommended that the compiler be upgraded.
    [javac] warning: /root/.sdkman/candidates/java/8.0.302-open/lib/ct.sym(META-INF/sym/rt.jar/java/lang/reflect/Proxy.class): major version 52 is newer than 51, the highest major version supported by this compiler.
    [javac]   It is recommended that the compiler be upgraded.
    [javac] warning: /root/.sdkman/candidates/java/8.0.302-open/lib/ct.sym(META-INF/sym/rt.jar/java/util/concurrent/CopyOnWriteArrayList.class): major version 52 is newer than 51, the highest major version supported by this compiler.
    [javac]   It is recommended that the compiler be upgraded.
    [javac] 100 warnings

compile.gen.tests:
     [echo] classes.dir: target/classes
     [echo] build.home: target
    [mkdir] Created dir: /tmp/fix_test_suite.pl_19860_1702625844/.classes_testgen
    [javac] /defects4j/framework/projects/defects4j.build.xml:265: warning: 'includeantruntime' was not set, defaulting to build.sysclasspath=last; set to false for repeatable builds
    [javac] Compiling 1 source file to /tmp/fix_test_suite.pl_19860_1702625844/.classes_testgen
    [javac] /tmp/fix_test_suite.pl_19860_1702625844/llm/org/apache/commons/lang3/LocaleUtils_LLMTest.java:424: error: illegal start of expression
    [javac]         assertThrows(NullPointerException.class, () -> {
    [javac]                                                   ^
    [javac] /tmp/fix_test_suite.pl_19860_1702625844/llm/org/apache/commons/lang3/LocaleUtils_LLMTest.java:424: error: illegal start of expression
    [javac]         assertThrows(NullPointerException.class, () -> {
    [javac]                                                      ^
    [javac] /tmp/fix_test_suite.pl_19860_1702625844/llm/org/apache/commons/lang3/LocaleUtils_LLMTest.java:424: error: illegal start of expression
    [javac]         assertThrows(NullPointerException.class, () -> {
    [javac]                                                        ^
    [javac] /tmp/fix_test_suite.pl_19860_1702625844/llm/org/apache/commons/lang3/LocaleUtils_LLMTest.java:424: error: ';' expected
    [javac]         assertThrows(NullPointerException.class, () -> {
    [javac]                                                         ^
    [javac] /tmp/fix_test_suite.pl_19860_1702625844/llm/org/apache/commons/lang3/LocaleUtils_LLMTest.java:425: error: illegal start of expression
    [javac]             Set<Locale> set3 = LocaleUtils.availableLocaleSet();
    [javac]                         ^
    [javac] /tmp/fix_test_suite.pl_19860_1702625844/llm/org/apache/commons/lang3/LocaleUtils_LLMTest.java:425: error: illegal start of expression
    [javac]             Set<Locale> set3 = LocaleUtils.availableLocaleSet();
    [javac]                              ^
    [javac] /tmp/fix_test_suite.pl_19860_1702625844/llm/org/apache/commons/lang3/LocaleUtils_LLMTest.java:425: error: ';' expected
    [javac]             Set<Locale> set3 = LocaleUtils.availableLocaleSet();
    [javac]                                           ^
    [javac] /tmp/fix_test_suite.pl_19860_1702625844/llm/org/apache/commons/lang3/LocaleUtils_LLMTest.java:427: error: illegal start of type
    [javac]         });
    [javac]          ^
    [javac] /tmp/fix_test_suite.pl_19860_1702625844/llm/org/apache/commons/lang3/LocaleUtils_LLMTest.java:428: error: invalid method declaration; return type required
    [javac]         assertThrows(NullPointerException.class, () -> {
    [javac]         ^
    [javac] /tmp/fix_test_suite.pl_19860_1702625844/llm/org/apache/commons/lang3/LocaleUtils_LLMTest.java:428: error: <identifier> expected
    [javac]         assertThrows(NullPointerException.class, () -> {
    [javac]                                           ^
    [javac] /tmp/fix_test_suite.pl_19860_1702625844/llm/org/apache/commons/lang3/LocaleUtils_LLMTest.java:428: error: illegal start of type
    [javac]         assertThrows(NullPointerException.class, () -> {
    [javac]                                                  ^
    [javac] /tmp/fix_test_suite.pl_19860_1702625844/llm/org/apache/commons/lang3/LocaleUtils_LLMTest.java:428: error: ';' expected
    [javac]         assertThrows(NullPointerException.class, () -> {
    [javac]                                                    ^
    [javac] /tmp/fix_test_suite.pl_19860_1702625844/llm/org/apache/commons/lang3/LocaleUtils_LLMTest.java:431: error: illegal start of type
    [javac]         });
    [javac]          ^
    [javac] /tmp/fix_test_suite.pl_19860_1702625844/llm/org/apache/commons/lang3/LocaleUtils_LLMTest.java:434: error: class, interface, or enum expected
    [javac]     public void test18() {
    [javac]            ^
    [javac] /tmp/fix_test_suite.pl_19860_1702625844/llm/org/apache/commons/lang3/LocaleUtils_LLMTest.java:439: error: class, interface, or enum expected
    [javac]         assertEquals(set.contains(LOCALE_EN), LocaleUtils.isAvailableLocale(LOCALE_EN));
    [javac]         ^
    [javac] /tmp/fix_test_suite.pl_19860_1702625844/llm/org/apache/commons/lang3/LocaleUtils_LLMTest.java:440: error: class, interface, or enum expected
    [javac]         assertEquals(set.contains(LOCALE_EN), LocaleUtils.isAvailableLocale(LOCALE_EN)); // same input value as before
    [javac]         ^
    [javac] /tmp/fix_test_suite.pl_19860_1702625844/llm/org/apache/commons/lang3/LocaleUtils_LLMTest.java:442: error: class, interface, or enum expected
    [javac]         assertFalse(LocaleUtils.isAvailableLocale(null)); // null input value
    [javac]         ^
    [javac] /tmp/fix_test_suite.pl_19860_1702625844/llm/org/apache/commons/lang3/LocaleUtils_LLMTest.java:444: error: class, interface, or enum expected
    [javac]         Locale unknownLocale = new Locale("en", "XX");
    [javac]         ^
    [javac] /tmp/fix_test_suite.pl_19860_1702625844/llm/org/apache/commons/lang3/LocaleUtils_LLMTest.java:445: error: class, interface, or enum expected
    [javac]         assertFalse(LocaleUtils.isAvailableLocale(unknownLocale)); // unknown locale
    [javac]         ^
    [javac] /tmp/fix_test_suite.pl_19860_1702625844/llm/org/apache/commons/lang3/LocaleUtils_LLMTest.java:447: error: class, interface, or enum expected
    [javac]         Locale unsupportedLocale = new Locale("aa", "AA", "AA");
    [javac]         ^
    [javac] /tmp/fix_test_suite.pl_19860_1702625844/llm/org/apache/commons/lang3/LocaleUtils_LLMTest.java:448: error: class, interface, or enum expected
    [javac]         assertFalse(LocaleUtils.isAvailableLocale(unsupportedLocale)); // unsupported locale
    [javac]         ^
    [javac] /tmp/fix_test_suite.pl_19860_1702625844/llm/org/apache/commons/lang3/LocaleUtils_LLMTest.java:450: error: class, interface, or enum expected
    [javac]         assertNotNull(LocaleUtils.isAvailableLocale(LOCALE_EN_US)); // not null output
    [javac]         ^
    [javac] /tmp/fix_test_suite.pl_19860_1702625844/llm/org/apache/commons/lang3/LocaleUtils_LLMTest.java:451: error: class, interface, or enum expected
    [javac]     }
    [javac]     ^
    [javac] /tmp/fix_test_suite.pl_19860_1702625844/llm/org/apache/commons/lang3/LocaleUtils_LLMTest.java:453: error: class, interface, or enum expected
    [javac]     public void test19() {
    [javac]            ^
    [javac] /tmp/fix_test_suite.pl_19860_1702625844/llm/org/apache/commons/lang3/LocaleUtils_LLMTest.java:455: error: class, interface, or enum expected
    [javac]     }
    [javac]     ^
    [javac] /tmp/fix_test_suite.pl_19860_1702625844/llm/org/apache/commons/lang3/LocaleUtils_LLMTest.java:457: error: class, interface, or enum expected
    [javac]     public void test20() {
    [javac]            ^
    [javac] /tmp/fix_test_suite.pl_19860_1702625844/llm/org/apache/commons/lang3/LocaleUtils_LLMTest.java:459: error: class, interface, or enum expected
    [javac]     }
    [javac]     ^
    [javac] /tmp/fix_test_suite.pl_19860_1702625844/llm/org/apache/commons/lang3/LocaleUtils_LLMTest.java:461: error: class, interface, or enum expected
    [javac]     public void test21() {
    [javac]            ^
    [javac] /tmp/fix_test_suite.pl_19860_1702625844/llm/org/apache/commons/lang3/LocaleUtils_LLMTest.java:463: error: class, interface, or enum expected
    [javac]     }
    [javac]     ^
    [javac] /tmp/fix_test_suite.pl_19860_1702625844/llm/org/apache/commons/lang3/LocaleUtils_LLMTest.java:465: error: class, interface, or enum expected
    [javac]     public void test22() {
    [javac]            ^
    [javac] /tmp/fix_test_suite.pl_19860_1702625844/llm/org/apache/commons/lang3/LocaleUtils_LLMTest.java:467: error: class, interface, or enum expected
    [javac]     }
    [javac]     ^
    [javac] /tmp/fix_test_suite.pl_19860_1702625844/llm/org/apache/commons/lang3/LocaleUtils_LLMTest.java:469: error: class, interface, or enum expected
    [javac]     public void test23() {
    [javac]            ^
    [javac] /tmp/fix_test_suite.pl_19860_1702625844/llm/org/apache/commons/lang3/LocaleUtils_LLMTest.java:471: error: class, interface, or enum expected
    [javac]     }
    [javac]     ^
    [javac] /tmp/fix_test_suite.pl_19860_1702625844/llm/org/apache/commons/lang3/LocaleUtils_LLMTest.java:473: error: class, interface, or enum expected
    [javac]     public void test24() {
    [javac]            ^
    [javac] /tmp/fix_test_suite.pl_19860_1702625844/llm/org/apache/commons/lang3/LocaleUtils_LLMTest.java:475: error: class, interface, or enum expected
    [javac]     }
    [javac]     ^
    [javac] /tmp/fix_test_suite.pl_19860_1702625844/llm/org/apache/commons/lang3/LocaleUtils_LLMTest.java:477: error: class, interface, or enum expected
    [javac]     public void test25() {
    [javac]            ^
    [javac] /tmp/fix_test_suite.pl_19860_1702625844/llm/org/apache/commons/lang3/LocaleUtils_LLMTest.java:479: error: class, interface, or enum expected
    [javac]     }
    [javac]     ^
    [javac] /tmp/fix_test_suite.pl_19860_1702625844/llm/org/apache/commons/lang3/LocaleUtils_LLMTest.java:481: error: class, interface, or enum expected
    [javac]     public void test26() {
    [javac]            ^
    [javac] /tmp/fix_test_suite.pl_19860_1702625844/llm/org/apache/commons/lang3/LocaleUtils_LLMTest.java:483: error: class, interface, or enum expected
    [javac]     }
    [javac]     ^
    [javac] /tmp/fix_test_suite.pl_19860_1702625844/llm/org/apache/commons/lang3/LocaleUtils_LLMTest.java:485: error: class, interface, or enum expected
    [javac]     public void test27() {
    [javac]            ^
    [javac] /tmp/fix_test_suite.pl_19860_1702625844/llm/org/apache/commons/lang3/LocaleUtils_LLMTest.java:487: error: class, interface, or enum expected
    [javac]     }
    [javac]     ^
    [javac] /tmp/fix_test_suite.pl_19860_1702625844/llm/org/apache/commons/lang3/LocaleUtils_LLMTest.java:489: error: class, interface, or enum expected
    [javac]     public void test28() {
    [javac]            ^
    [javac] /tmp/fix_test_suite.pl_19860_1702625844/llm/org/apache/commons/lang3/LocaleUtils_LLMTest.java:491: error: class, interface, or enum expected
    [javac]     }
    [javac]     ^
    [javac] /tmp/fix_test_suite.pl_19860_1702625844/llm/org/apache/commons/lang3/LocaleUtils_LLMTest.java:493: error: class, interface, or enum expected
    [javac]     public void test29() {
    [javac]            ^
    [javac] /tmp/fix_test_suite.pl_19860_1702625844/llm/org/apache/commons/lang3/LocaleUtils_LLMTest.java:495: error: class, interface, or enum expected
    [javac]         assertLanguageByCountry("", new String[0]);
    [javac]         ^
    [javac] /tmp/fix_test_suite.pl_19860_1702625844/llm/org/apache/commons/lang3/LocaleUtils_LLMTest.java:496: error: class, interface, or enum expected
    [javac]         assertLanguageByCountry("QQ", new String[0]);
    [javac]         ^
    [javac] /tmp/fix_test_suite.pl_19860_1702625844/llm/org/apache/commons/lang3/LocaleUtils_LLMTest.java:497: error: class, interface, or enum expected
    [javac]         assertLanguageByCountry("CA", new String[0]);
    [javac]         ^
    [javac] /tmp/fix_test_suite.pl_19860_1702625844/llm/org/apache/commons/lang3/LocaleUtils_LLMTest.java:498: error: class, interface, or enum expected
    [javac]         assertLanguageByCountry("GB", new String[]{"en"});
    [javac]         ^
    [javac] /tmp/fix_test_suite.pl_19860_1702625844/llm/org/apache/commons/lang3/LocaleUtils_LLMTest.java:499: error: class, interface, or enum expected
    [javac]         assertLanguageByCountry("CH", new String[]{"fr", "de", "it"});
    [javac]         ^
    [javac] /tmp/fix_test_suite.pl_19860_1702625844/llm/org/apache/commons/lang3/LocaleUtils_LLMTest.java:500: error: class, interface, or enum expected
    [javac]     }
    [javac]     ^
    [javac] /tmp/fix_test_suite.pl_19860_1702625844/llm/org/apache/commons/lang3/LocaleUtils_LLMTest.java:502: error: class, interface, or enum expected
    [javac]     public void test30() {
    [javac]            ^
    [javac] /tmp/fix_test_suite.pl_19860_1702625844/llm/org/apache/commons/lang3/LocaleUtils_LLMTest.java:505: error: class, interface, or enum expected
    [javac]         assertCountriesByLanguage("de", new String[]{"DE", "CH", "AT", "LU"});
    [javac]         ^
    [javac] /tmp/fix_test_suite.pl_19860_1702625844/llm/org/apache/commons/lang3/LocaleUtils_LLMTest.java:506: error: class, interface, or enum expected
    [javac]         assertCountriesByLanguage("zz", new String[0]);
    [javac]         ^
    [javac] /tmp/fix_test_suite.pl_19860_1702625844/llm/org/apache/commons/lang3/LocaleUtils_LLMTest.java:507: error: class, interface, or enum expected
    [javac]         assertCountriesByLanguage("it", new String[]{"IT", "CH"});
    [javac]         ^
    [javac] /tmp/fix_test_suite.pl_19860_1702625844/llm/org/apache/commons/lang3/LocaleUtils_LLMTest.java:510: error: class, interface, or enum expected
    [javac]         assertCountriesByLanguage("en", new String[]{"US", "GB", "AU", "CA", "IE"});
    [javac]         ^
    [javac] /tmp/fix_test_suite.pl_19860_1702625844/llm/org/apache/commons/lang3/LocaleUtils_LLMTest.java:511: error: class, interface, or enum expected
    [javac]         assertCountriesByLanguage("fr", new String[]{"FR", "CH", "BE", "CA"});
    [javac]         ^
    [javac] /tmp/fix_test_suite.pl_19860_1702625844/llm/org/apache/commons/lang3/LocaleUtils_LLMTest.java:512: error: class, interface, or enum expected
    [javac]         assertCountriesByLanguage("es", new String[]{"ES", "MX", "AR", "CO"});
    [javac]         ^
    [javac] /tmp/fix_test_suite.pl_19860_1702625844/llm/org/apache/commons/lang3/LocaleUtils_LLMTest.java:513: error: class, interface, or enum expected
    [javac]     }
    [javac]     ^
    [javac] 58 errors

BUILD FAILED
/defects4j/framework/projects/defects4j.build.xml:265: Compile failed; see the compiler error output for details.

Total time: 1 second
- Compilation issues: Lang-5b-llm.10.tar.bz2
Picked up JAVA_TOOL_OPTIONS: -Dfile.encoding=UTF8
OpenJDK 64-Bit Server VM warning: ignoring option MaxPermSize=1G; support was removed in 8.0
Buildfile: /defects4j/framework/projects/defects4j.build.xml

init:
     [echo] -------- commons-lang3 3.2-SNAPSHOT --------

compile:

compile.gen.tests:
     [echo] classes.dir: target/classes
     [echo] build.home: target
   [delete] Deleting directory /tmp/fix_test_suite.pl_19860_1702625844/.classes_testgen
    [mkdir] Created dir: /tmp/fix_test_suite.pl_19860_1702625844/.classes_testgen
    [javac] /defects4j/framework/projects/defects4j.build.xml:265: warning: 'includeantruntime' was not set, defaulting to build.sysclasspath=last; set to false for repeatable builds
    [javac] Compiling 1 source file to /tmp/fix_test_suite.pl_19860_1702625844/.classes_testgen
    [javac] warning: /root/.sdkman/candidates/java/8.0.302-open/lib/ct.sym(META-INF/sym/rt.jar/java/lang/Enum.class): major version 52 is newer than 51, the highest major version supported by this compiler.
    [javac]   It is recommended that the compiler be upgraded.
    [javac] warning: /root/.sdkman/candidates/java/8.0.302-open/lib/ct.sym(META-INF/sym/rt.jar/java/lang/Object.class): major version 52 is newer than 51, the highest major version supported by this compiler.
    [javac]   It is recommended that the compiler be upgraded.
    [javac] warning: /root/.sdkman/candidates/java/8.0.302-open/lib/ct.sym(META-INF/sym/rt.jar/java/lang/Comparable.class): major version 52 is newer than 51, the highest major version supported by this compiler.
    [javac]   It is recommended that the compiler be upgraded.
    [javac] warning: /root/.sdkman/candidates/java/8.0.302-open/lib/ct.sym(META-INF/sym/rt.jar/java/io/Serializable.class): major version 52 is newer than 51, the highest major version supported by this compiler.
    [javac]   It is recommended that the compiler be upgraded.
    [javac] warning: /root/.sdkman/candidates/java/8.0.302-open/lib/ct.sym(META-INF/sym/rt.jar/java/lang/reflect/Constructor.class): major version 52 is newer than 51, the highest major version supported by this compiler.
    [javac]   It is recommended that the compiler be upgraded.
    [javac] warning: /root/.sdkman/candidates/java/8.0.302-open/lib/ct.sym(META-INF/sym/rt.jar/java/lang/reflect/Modifier.class): major version 52 is newer than 51, the highest major version supported by this compiler.
    [javac]   It is recommended that the compiler be upgraded.
    [javac] warning: /root/.sdkman/candidates/java/8.0.302-open/lib/ct.sym(META-INF/sym/rt.jar/java/util/Arrays.class): major version 52 is newer than 51, the highest major version supported by this compiler.
    [javac]   It is recommended that the compiler be upgraded.
    [javac] warning: /root/.sdkman/candidates/java/8.0.302-open/lib/ct.sym(META-INF/sym/rt.jar/java/util/Collection.class): major version 52 is newer than 51, the highest major version supported by this compiler.
    [javac]   It is recommended that the compiler be upgraded.
    [javac] warning: /root/.sdkman/candidates/java/8.0.302-open/lib/ct.sym(META-INF/sym/rt.jar/java/util/HashSet.class): major version 52 is newer than 51, the highest major version supported by this compiler.
    [javac]   It is recommended that the compiler be upgraded.
    [javac] warning: /root/.sdkman/candidates/java/8.0.302-open/lib/ct.sym(META-INF/sym/rt.jar/java/util/Iterator.class): major version 52 is newer than 51, the highest major version supported by this compiler.
    [javac]   It is recommended that the compiler be upgraded.
    [javac] warning: /root/.sdkman/candidates/java/8.0.302-open/lib/ct.sym(META-INF/sym/rt.jar/java/util/List.class): major version 52 is newer than 51, the highest major version supported by this compiler.
    [javac]   It is recommended that the compiler be upgraded.
    [javac] warning: /root/.sdkman/candidates/java/8.0.302-open/lib/ct.sym(META-INF/sym/rt.jar/java/util/Locale.class): major version 52 is newer than 51, the highest major version supported by this compiler.
    [javac]   It is recommended that the compiler be upgraded.
    [javac] warning: /root/.sdkman/candidates/java/8.0.302-open/lib/ct.sym(META-INF/sym/rt.jar/java/util/Set.class): major version 52 is newer than 51, the highest major version supported by this compiler.
    [javac]   It is recommended that the compiler be upgraded.
    [javac] /root/.sdkman/candidates/java/8.0.302-open/lib/ct.sym(META-INF/sym/rt.jar/java/lang/Enum.class): warning: Cannot find annotation method 'value()' in type 'Profile+Annotation': class file for jdk.Profile+Annotation not found
    [javac] /root/.sdkman/candidates/java/8.0.302-open/lib/ct.sym(META-INF/sym/rt.jar/java/lang/Object.class): warning: Cannot find annotation method 'value()' in type 'Profile+Annotation'
    [javac] /root/.sdkman/candidates/java/8.0.302-open/lib/ct.sym(META-INF/sym/rt.jar/java/lang/Comparable.class): warning: Cannot find annotation method 'value()' in type 'Profile+Annotation'
    [javac] /root/.sdkman/candidates/java/8.0.302-open/lib/ct.sym(META-INF/sym/rt.jar/java/io/Serializable.class): warning: Cannot find annotation method 'value()' in type 'Profile+Annotation'
    [javac] /root/.sdkman/candidates/java/8.0.302-open/lib/ct.sym(META-INF/sym/rt.jar/java/lang/reflect/Constructor.class): warning: Cannot find annotation method 'value()' in type 'Profile+Annotation'
    [javac] /root/.sdkman/candidates/java/8.0.302-open/lib/ct.sym(META-INF/sym/rt.jar/java/lang/reflect/Modifier.class): warning: Cannot find annotation method 'value()' in type 'Profile+Annotation'
    [javac] /root/.sdkman/candidates/java/8.0.302-open/lib/ct.sym(META-INF/sym/rt.jar/java/util/Arrays.class): warning: Cannot find annotation method 'value()' in type 'Profile+Annotation'
    [javac] /root/.sdkman/candidates/java/8.0.302-open/lib/ct.sym(META-INF/sym/rt.jar/java/util/Collection.class): warning: Cannot find annotation method 'value()' in type 'Profile+Annotation'
    [javac] /root/.sdkman/candidates/java/8.0.302-open/lib/ct.sym(META-INF/sym/rt.jar/java/util/HashSet.class): warning: Cannot find annotation method 'value()' in type 'Profile+Annotation'
    [javac] /root/.sdkman/candidates/java/8.0.302-open/lib/ct.sym(META-INF/sym/rt.jar/java/util/Iterator.class): warning: Cannot find annotation method 'value()' in type 'Profile+Annotation'
    [javac] /root/.sdkman/candidates/java/8.0.302-open/lib/ct.sym(META-INF/sym/rt.jar/java/util/List.class): warning: Cannot find annotation method 'value()' in type 'Profile+Annotation'
    [javac] /root/.sdkman/candidates/java/8.0.302-open/lib/ct.sym(META-INF/sym/rt.jar/java/util/Locale.class): warning: Cannot find annotation method 'value()' in type 'Profile+Annotation'
    [javac] /root/.sdkman/candidates/java/8.0.302-open/lib/ct.sym(META-INF/sym/rt.jar/java/util/Set.class): warning: Cannot find annotation method 'value()' in type 'Profile+Annotation'
    [javac] warning: /root/.sdkman/candidates/java/8.0.302-open/lib/ct.sym(META-INF/sym/rt.jar/java/lang/annotation/Retention.class): major version 52 is newer than 51, the highest major version supported by this compiler.
    [javac]   It is recommended that the compiler be upgraded.
    [javac] warning: /root/.sdkman/candidates/java/8.0.302-open/lib/ct.sym(META-INF/sym/rt.jar/java/lang/annotation/RetentionPolicy.class): major version 52 is newer than 51, the highest major version supported by this compiler.
    [javac]   It is recommended that the compiler be upgraded.
    [javac] warning: /root/.sdkman/candidates/java/8.0.302-open/lib/ct.sym(META-INF/sym/rt.jar/java/lang/annotation/Target.class): major version 52 is newer than 51, the highest major version supported by this compiler.
    [javac]   It is recommended that the compiler be upgraded.
    [javac] warning: /root/.sdkman/candidates/java/8.0.302-open/lib/ct.sym(META-INF/sym/rt.jar/java/lang/annotation/ElementType.class): major version 52 is newer than 51, the highest major version supported by this compiler.
    [javac]   It is recommended that the compiler be upgraded.
    [javac] warning: /root/.sdkman/candidates/java/8.0.302-open/lib/ct.sym(META-INF/sym/rt.jar/java/lang/annotation/Annotation.class): major version 52 is newer than 51, the highest major version supported by this compiler.
    [javac]   It is recommended that the compiler be upgraded.
    [javac] /root/.sdkman/candidates/java/8.0.302-open/lib/ct.sym(META-INF/sym/rt.jar/java/lang/annotation/Retention.class): warning: Cannot find annotation method 'value()' in type 'Profile+Annotation'
    [javac] /root/.sdkman/candidates/java/8.0.302-open/lib/ct.sym(META-INF/sym/rt.jar/java/lang/annotation/RetentionPolicy.class): warning: Cannot find annotation method 'value()' in type 'Profile+Annotation'
    [javac] /root/.sdkman/candidates/java/8.0.302-open/lib/ct.sym(META-INF/sym/rt.jar/java/lang/annotation/Target.class): warning: Cannot find annotation method 'value()' in type 'Profile+Annotation'
    [javac] /root/.sdkman/candidates/java/8.0.302-open/lib/ct.sym(META-INF/sym/rt.jar/java/lang/annotation/ElementType.class): warning: Cannot find annotation method 'value()' in type 'Profile+Annotation'
    [javac] /root/.sdkman/candidates/java/8.0.302-open/lib/ct.sym(META-INF/sym/rt.jar/java/lang/annotation/Annotation.class): warning: Cannot find annotation method 'value()' in type 'Profile+Annotation'
    [javac] warning: /root/.sdkman/candidates/java/8.0.302-open/lib/ct.sym(META-INF/sym/rt.jar/java/lang/AutoCloseable.class): major version 52 is newer than 51, the highest major version supported by this compiler.
    [javac]   It is recommended that the compiler be upgraded.
    [javac] /root/.sdkman/candidates/java/8.0.302-open/lib/ct.sym(META-INF/sym/rt.jar/java/lang/AutoCloseable.class): warning: Cannot find annotation method 'value()' in type 'Profile+Annotation'
    [javac] warning: /root/.sdkman/candidates/java/8.0.302-open/lib/ct.sym(META-INF/sym/rt.jar/java/lang/String.class): major version 52 is newer than 51, the highest major version supported by this compiler.
    [javac]   It is recommended that the compiler be upgraded.
    [javac] /root/.sdkman/candidates/java/8.0.302-open/lib/ct.sym(META-INF/sym/rt.jar/java/lang/String.class): warning: Cannot find annotation method 'value()' in type 'Profile+Annotation'
    [javac] /tmp/fix_test_suite.pl_19860_1702625844/llm/org/apache/commons/lang3/LocaleUtils_LLMTest.java:24: error: cannot find symbol
    [javac]         assertLocaleLookupList(new Locale("test"), null, new Locale[]{new Locale("test")});
    [javac]         ^
    [javac]   symbol:   method assertLocaleLookupList(Locale,<null>,Locale[])
    [javac]   location: class LocaleUtils_LLMTest
    [javac] /tmp/fix_test_suite.pl_19860_1702625844/llm/org/apache/commons/lang3/LocaleUtils_LLMTest.java:25: error: cannot find symbol
    [javac]         assertLocaleLookupList(LOCALE_EN, null, new Locale[]{LOCALE_EN});
    [javac]                                ^
    [javac]   symbol:   variable LOCALE_EN
    [javac]   location: class LocaleUtils_LLMTest
    [javac] /tmp/fix_test_suite.pl_19860_1702625844/llm/org/apache/commons/lang3/LocaleUtils_LLMTest.java:25: error: cannot find symbol
    [javac]         assertLocaleLookupList(LOCALE_EN, null, new Locale[]{LOCALE_EN});
    [javac]                                                              ^
    [javac]   symbol:   variable LOCALE_EN
    [javac]   location: class LocaleUtils_LLMTest
    [javac] /tmp/fix_test_suite.pl_19860_1702625844/llm/org/apache/commons/lang3/LocaleUtils_LLMTest.java:26: error: cannot find symbol
    [javac]         assertLocaleLookupList(LOCALE_QQ, null, new Locale[]{LOCALE_QQ});
    [javac]                                ^
    [javac]   symbol:   variable LOCALE_QQ
    [javac]   location: class LocaleUtils_LLMTest
    [javac] /tmp/fix_test_suite.pl_19860_1702625844/llm/org/apache/commons/lang3/LocaleUtils_LLMTest.java:26: error: cannot find symbol
    [javac]         assertLocaleLookupList(LOCALE_QQ, null, new Locale[]{LOCALE_QQ});
    [javac]                                                              ^
    [javac]   symbol:   variable LOCALE_QQ
    [javac]   location: class LocaleUtils_LLMTest
    [javac] /tmp/fix_test_suite.pl_19860_1702625844/llm/org/apache/commons/lang3/LocaleUtils_LLMTest.java:27: error: cannot find symbol
    [javac]         assertLocaleLookupList(LOCALE_EN_US, null,
    [javac]                                ^
    [javac]   symbol:   variable LOCALE_EN_US
    [javac]   location: class LocaleUtils_LLMTest
    [javac] /tmp/fix_test_suite.pl_19860_1702625844/llm/org/apache/commons/lang3/LocaleUtils_LLMTest.java:29: error: cannot find symbol
    [javac]                 LOCALE_EN_US,
    [javac]                 ^
    [javac]   symbol:   variable LOCALE_EN_US
    [javac]   location: class LocaleUtils_LLMTest
    [javac] /tmp/fix_test_suite.pl_19860_1702625844/llm/org/apache/commons/lang3/LocaleUtils_LLMTest.java:30: error: cannot find symbol
    [javac]                 LOCALE_EN});
    [javac]                 ^
    [javac]   symbol:   variable LOCALE_EN
    [javac]   location: class LocaleUtils_LLMTest
    [javac] /tmp/fix_test_suite.pl_19860_1702625844/llm/org/apache/commons/lang3/LocaleUtils_LLMTest.java:31: error: cannot find symbol
    [javac]         assertLocaleLookupList(LOCALE_EN_US_ZZZZ, null,
    [javac]                                ^
    [javac]   symbol:   variable LOCALE_EN_US_ZZZZ
    [javac]   location: class LocaleUtils_LLMTest
    [javac] /tmp/fix_test_suite.pl_19860_1702625844/llm/org/apache/commons/lang3/LocaleUtils_LLMTest.java:33: error: cannot find symbol
    [javac]                 LOCALE_EN_US_ZZZZ,
    [javac]                 ^
    [javac]   symbol:   variable LOCALE_EN_US_ZZZZ
    [javac]   location: class LocaleUtils_LLMTest
    [javac] /tmp/fix_test_suite.pl_19860_1702625844/llm/org/apache/commons/lang3/LocaleUtils_LLMTest.java:34: error: cannot find symbol
    [javac]                 LOCALE_EN_US,
    [javac]                 ^
    [javac]   symbol:   variable LOCALE_EN_US
    [javac]   location: class LocaleUtils_LLMTest
    [javac] /tmp/fix_test_suite.pl_19860_1702625844/llm/org/apache/commons/lang3/LocaleUtils_LLMTest.java:35: error: cannot find symbol
    [javac]                 LOCALE_EN});
    [javac]                 ^
    [javac]   symbol:   variable LOCALE_EN
    [javac]   location: class LocaleUtils_LLMTest
    [javac] /tmp/fix_test_suite.pl_19860_1702625844/llm/org/apache/commons/lang3/LocaleUtils_LLMTest.java:39: error: cannot find symbol
    [javac]         assertLocaleLookupList(LOCALE_EN, LOCALE_QQ,
    [javac]                                ^
    [javac]   symbol:   variable LOCALE_EN
    [javac]   location: class LocaleUtils_LLMTest
    [javac] /tmp/fix_test_suite.pl_19860_1702625844/llm/org/apache/commons/lang3/LocaleUtils_LLMTest.java:39: error: cannot find symbol
    [javac]         assertLocaleLookupList(LOCALE_EN, LOCALE_QQ,
    [javac]                                           ^
    [javac]   symbol:   variable LOCALE_QQ
    [javac]   location: class LocaleUtils_LLMTest
    [javac] /tmp/fix_test_suite.pl_19860_1702625844/llm/org/apache/commons/lang3/LocaleUtils_LLMTest.java:41: error: cannot find symbol
    [javac]                 LOCALE_EN,
    [javac]                 ^
    [javac]   symbol:   variable LOCALE_EN
    [javac]   location: class LocaleUtils_LLMTest
    [javac] /tmp/fix_test_suite.pl_19860_1702625844/llm/org/apache/commons/lang3/LocaleUtils_LLMTest.java:42: error: cannot find symbol
    [javac]                 LOCALE_QQ});
    [javac]                 ^
    [javac]   symbol:   variable LOCALE_QQ
    [javac]   location: class LocaleUtils_LLMTest
    [javac] /tmp/fix_test_suite.pl_19860_1702625844/llm/org/apache/commons/lang3/LocaleUtils_LLMTest.java:43: error: cannot find symbol
    [javac]         assertLocaleLookupList(LOCALE_EN_US, LOCALE_QQ,
    [javac]                                ^
    [javac]   symbol:   variable LOCALE_EN_US
    [javac]   location: class LocaleUtils_LLMTest
    [javac] /tmp/fix_test_suite.pl_19860_1702625844/llm/org/apache/commons/lang3/LocaleUtils_LLMTest.java:43: error: cannot find symbol
    [javac]         assertLocaleLookupList(LOCALE_EN_US, LOCALE_QQ,
    [javac]                                              ^
    [javac]   symbol:   variable LOCALE_QQ
    [javac]   location: class LocaleUtils_LLMTest
    [javac] /tmp/fix_test_suite.pl_19860_1702625844/llm/org/apache/commons/lang3/LocaleUtils_LLMTest.java:45: error: cannot find symbol
    [javac]                 LOCALE_EN_US,
    [javac]                 ^
    [javac]   symbol:   variable LOCALE_EN_US
    [javac]   location: class LocaleUtils_LLMTest
    [javac] /tmp/fix_test_suite.pl_19860_1702625844/llm/org/apache/commons/lang3/LocaleUtils_LLMTest.java:46: error: cannot find symbol
    [javac]                 LOCALE_EN,
    [javac]                 ^
    [javac]   symbol:   variable LOCALE_EN
    [javac]   location: class LocaleUtils_LLMTest
    [javac] /tmp/fix_test_suite.pl_19860_1702625844/llm/org/apache/commons/lang3/LocaleUtils_LLMTest.java:47: error: cannot find symbol
    [javac]                 LOCALE_QQ});
    [javac]                 ^
    [javac]   symbol:   variable LOCALE_QQ
    [javac]   location: class LocaleUtils_LLMTest
    [javac] /tmp/fix_test_suite.pl_19860_1702625844/llm/org/apache/commons/lang3/LocaleUtils_LLMTest.java:48: error: cannot find symbol
    [javac]         assertLocaleLookupList(LOCALE_EN_US, LOCALE_QQ_ZZ,
    [javac]                                ^
    [javac]   symbol:   variable LOCALE_EN_US
    [javac]   location: class LocaleUtils_LLMTest
    [javac] /tmp/fix_test_suite.pl_19860_1702625844/llm/org/apache/commons/lang3/LocaleUtils_LLMTest.java:48: error: cannot find symbol
    [javac]         assertLocaleLookupList(LOCALE_EN_US, LOCALE_QQ_ZZ,
    [javac]                                              ^
    [javac]   symbol:   variable LOCALE_QQ_ZZ
    [javac]   location: class LocaleUtils_LLMTest
    [javac] /tmp/fix_test_suite.pl_19860_1702625844/llm/org/apache/commons/lang3/LocaleUtils_LLMTest.java:50: error: cannot find symbol
    [javac]                 LOCALE_EN_US,
    [javac]                 ^
    [javac]   symbol:   variable LOCALE_EN_US
    [javac]   location: class LocaleUtils_LLMTest
    [javac] /tmp/fix_test_suite.pl_19860_1702625844/llm/org/apache/commons/lang3/LocaleUtils_LLMTest.java:51: error: cannot find symbol
    [javac]                 LOCALE_EN,
    [javac]                 ^
    [javac]   symbol:   variable LOCALE_EN
    [javac]   location: class LocaleUtils_LLMTest
    [javac] /tmp/fix_test_suite.pl_19860_1702625844/llm/org/apache/commons/lang3/LocaleUtils_LLMTest.java:52: error: cannot find symbol
    [javac]                 LOCALE_QQ_ZZ});
    [javac]                 ^
    [javac]   symbol:   variable LOCALE_QQ_ZZ
    [javac]   location: class LocaleUtils_LLMTest
    [javac] /tmp/fix_test_suite.pl_19860_1702625844/llm/org/apache/commons/lang3/LocaleUtils_LLMTest.java:53: error: cannot find symbol
    [javac]         assertLocaleLookupList(LOCALE_EN_US_ZZZZ, LOCALE_QQ_ZZ,
    [javac]                                ^
    [javac]   symbol:   variable LOCALE_EN_US_ZZZZ
    [javac]   location: class LocaleUtils_LLMTest
    [javac] /tmp/fix_test_suite.pl_19860_1702625844/llm/org/apache/commons/lang3/LocaleUtils_LLMTest.java:53: error: cannot find symbol
    [javac]         assertLocaleLookupList(LOCALE_EN_US_ZZZZ, LOCALE_QQ_ZZ,
    [javac]                                                   ^
    [javac]   symbol:   variable LOCALE_QQ_ZZ
    [javac]   location: class LocaleUtils_LLMTest
    [javac] /tmp/fix_test_suite.pl_19860_1702625844/llm/org/apache/commons/lang3/LocaleUtils_LLMTest.java:55: error: cannot find symbol
    [javac]                 LOCALE_EN_US_ZZZZ,
    [javac]                 ^
    [javac]   symbol:   variable LOCALE_EN_US_ZZZZ
    [javac]   location: class LocaleUtils_LLMTest
    [javac] /tmp/fix_test_suite.pl_19860_1702625844/llm/org/apache/commons/lang3/LocaleUtils_LLMTest.java:56: error: cannot find symbol
    [javac]                 LOCALE_EN_US,
    [javac]                 ^
    [javac]   symbol:   variable LOCALE_EN_US
    [javac]   location: class LocaleUtils_LLMTest
    [javac] /tmp/fix_test_suite.pl_19860_1702625844/llm/org/apache/commons/lang3/LocaleUtils_LLMTest.java:57: error: cannot find symbol
    [javac]                 LOCALE_EN,
    [javac]                 ^
    [javac]   symbol:   variable LOCALE_EN
    [javac]   location: class LocaleUtils_LLMTest
    [javac] /tmp/fix_test_suite.pl_19860_1702625844/llm/org/apache/commons/lang3/LocaleUtils_LLMTest.java:58: error: cannot find symbol
    [javac]                 LOCALE_QQ_ZZ});
    [javac]                 ^
    [javac]   symbol:   variable LOCALE_QQ_ZZ
    [javac]   location: class LocaleUtils_LLMTest
    [javac] /tmp/fix_test_suite.pl_19860_1702625844/llm/org/apache/commons/lang3/LocaleUtils_LLMTest.java:59: error: cannot find symbol
    [javac]         assertLocaleLookupList(LOCALE_FR_CA, LOCALE_EN,
    [javac]                                ^
    [javac]   symbol:   variable LOCALE_FR_CA
    [javac]   location: class LocaleUtils_LLMTest
    [javac] /tmp/fix_test_suite.pl_19860_1702625844/llm/org/apache/commons/lang3/LocaleUtils_LLMTest.java:59: error: cannot find symbol
    [javac]         assertLocaleLookupList(LOCALE_FR_CA, LOCALE_EN,
    [javac]                                              ^
    [javac]   symbol:   variable LOCALE_EN
    [javac]   location: class LocaleUtils_LLMTest
    [javac] /tmp/fix_test_suite.pl_19860_1702625844/llm/org/apache/commons/lang3/LocaleUtils_LLMTest.java:61: error: cannot find symbol
    [javac]                 LOCALE_FR_CA,
    [javac]                 ^
    [javac]   symbol:   variable LOCALE_FR_CA
    [javac]   location: class LocaleUtils_LLMTest
    [javac] /tmp/fix_test_suite.pl_19860_1702625844/llm/org/apache/commons/lang3/LocaleUtils_LLMTest.java:62: error: cannot find symbol
    [javac]                 LOCALE_FR,
    [javac]                 ^
    [javac]   symbol:   variable LOCALE_FR
    [javac]   location: class LocaleUtils_LLMTest
    [javac] /tmp/fix_test_suite.pl_19860_1702625844/llm/org/apache/commons/lang3/LocaleUtils_LLMTest.java:63: error: cannot find symbol
    [javac]                 LOCALE_EN});
    [javac]                 ^
    [javac]   symbol:   variable LOCALE_EN
    [javac]   location: class LocaleUtils_LLMTest
    [javac] /tmp/fix_test_suite.pl_19860_1702625844/llm/org/apache/commons/lang3/LocaleUtils_LLMTest.java:64: error: cannot find symbol
    [javac]         assertLocaleLookupList(new Locale("test"), new Locale("test2"), 
    [javac]         ^
    [javac]   symbol:   method assertLocaleLookupList(Locale,Locale,Locale[])
    [javac]   location: class LocaleUtils_LLMTest
    [javac] /tmp/fix_test_suite.pl_19860_1702625844/llm/org/apache/commons/lang3/LocaleUtils_LLMTest.java:69: error: cannot find symbol
    [javac]         assertLocaleLookupList(null, null, new Locale[0]);
    [javac]         ^
    [javac]   symbol:   method assertLocaleLookupList(<null>,<null>,Locale[])
    [javac]   location: class LocaleUtils_LLMTest
    [javac] /tmp/fix_test_suite.pl_19860_1702625844/llm/org/apache/commons/lang3/LocaleUtils_LLMTest.java:70: error: cannot find symbol
    [javac]         assertLocaleLookupList(LOCALE_FR, null, new Locale[]{LOCALE_FR});
    [javac]                                ^
    [javac]   symbol:   variable LOCALE_FR
    [javac]   location: class LocaleUtils_LLMTest
    [javac] /tmp/fix_test_suite.pl_19860_1702625844/llm/org/apache/commons/lang3/LocaleUtils_LLMTest.java:70: error: cannot find symbol
    [javac]         assertLocaleLookupList(LOCALE_FR, null, new Locale[]{LOCALE_FR});
    [javac]                                                              ^
    [javac]   symbol:   variable LOCALE_FR
    [javac]   location: class LocaleUtils_LLMTest
    [javac] /tmp/fix_test_suite.pl_19860_1702625844/llm/org/apache/commons/lang3/LocaleUtils_LLMTest.java:71: error: cannot find symbol
    [javac]         assertLocaleLookupList(LOCALE_ES, null, new Locale[]{LOCALE_ES});
    [javac]                                ^
    [javac]   symbol:   variable LOCALE_ES
    [javac]   location: class LocaleUtils_LLMTest
    [javac] /tmp/fix_test_suite.pl_19860_1702625844/llm/org/apache/commons/lang3/LocaleUtils_LLMTest.java:71: error: cannot find symbol
    [javac]         assertLocaleLookupList(LOCALE_ES, null, new Locale[]{LOCALE_ES});
    [javac]                                                              ^
    [javac]   symbol:   variable LOCALE_ES
    [javac]   location: class LocaleUtils_LLMTest
    [javac] /tmp/fix_test_suite.pl_19860_1702625844/llm/org/apache/commons/lang3/LocaleUtils_LLMTest.java:72: error: cannot find symbol
    [javac]         assertLocaleLookupList(LOCALE_DE, null, new Locale[]{LOCALE_DE});
    [javac]                                ^
    [javac]   symbol:   variable LOCALE_DE
    [javac]   location: class LocaleUtils_LLMTest
    [javac] /tmp/fix_test_suite.pl_19860_1702625844/llm/org/apache/commons/lang3/LocaleUtils_LLMTest.java:72: error: cannot find symbol
    [javac]         assertLocaleLookupList(LOCALE_DE, null, new Locale[]{LOCALE_DE});
    [javac]                                                              ^
    [javac]   symbol:   variable LOCALE_DE
    [javac]   location: class LocaleUtils_LLMTest
    [javac] /tmp/fix_test_suite.pl_19860_1702625844/llm/org/apache/commons/lang3/LocaleUtils_LLMTest.java:73: error: cannot find symbol
    [javac]         assertLocaleLookupList(LOCALE_EN_US, null,
    [javac]                                ^
    [javac]   symbol:   variable LOCALE_EN_US
    [javac]   location: class LocaleUtils_LLMTest
    [javac] /tmp/fix_test_suite.pl_19860_1702625844/llm/org/apache/commons/lang3/LocaleUtils_LLMTest.java:75: error: cannot find symbol
    [javac]                 LOCALE_EN_US,
    [javac]                 ^
    [javac]   symbol:   variable LOCALE_EN_US
    [javac]   location: class LocaleUtils_LLMTest
    [javac] /tmp/fix_test_suite.pl_19860_1702625844/llm/org/apache/commons/lang3/LocaleUtils_LLMTest.java:76: error: cannot find symbol
    [javac]                 LOCALE_EN});
    [javac]                 ^
    [javac]   symbol:   variable LOCALE_EN
    [javac]   location: class LocaleUtils_LLMTest
    [javac] /tmp/fix_test_suite.pl_19860_1702625844/llm/org/apache/commons/lang3/LocaleUtils_LLMTest.java:77: error: cannot find symbol
    [javac]         assertLocaleLookupList(LOCALE_EN_US_ZZZZ, null,
    [javac]                                ^
    [javac]   symbol:   variable LOCALE_EN_US_ZZZZ
    [javac]   location: class LocaleUtils_LLMTest
    [javac] /tmp/fix_test_suite.pl_19860_1702625844/llm/org/apache/commons/lang3/LocaleUtils_LLMTest.java:79: error: cannot find symbol
    [javac]                 LOCALE_EN_US_ZZZZ,
    [javac]                 ^
    [javac]   symbol:   variable LOCALE_EN_US_ZZZZ
    [javac]   location: class LocaleUtils_LLMTest
    [javac] /tmp/fix_test_suite.pl_19860_1702625844/llm/org/apache/commons/lang3/LocaleUtils_LLMTest.java:80: error: cannot find symbol
    [javac]                 LOCALE_EN_US,
    [javac]                 ^
    [javac]   symbol:   variable LOCALE_EN_US
    [javac]   location: class LocaleUtils_LLMTest
    [javac] /tmp/fix_test_suite.pl_19860_1702625844/llm/org/apache/commons/lang3/LocaleUtils_LLMTest.java:81: error: cannot find symbol
    [javac]                 LOCALE_EN});
    [javac]                 ^
    [javac]   symbol:   variable LOCALE_EN
    [javac]   location: class LocaleUtils_LLMTest
    [javac] /tmp/fix_test_suite.pl_19860_1702625844/llm/org/apache/commons/lang3/LocaleUtils_LLMTest.java:82: error: cannot find symbol
    [javac]         assertLocaleLookupList(LOCALE_EN_US_ZZZZ, LOCALE_FR,
    [javac]                                ^
    [javac]   symbol:   variable LOCALE_EN_US_ZZZZ
    [javac]   location: class LocaleUtils_LLMTest
    [javac] /tmp/fix_test_suite.pl_19860_1702625844/llm/org/apache/commons/lang3/LocaleUtils_LLMTest.java:82: error: cannot find symbol
    [javac]         assertLocaleLookupList(LOCALE_EN_US_ZZZZ, LOCALE_FR,
    [javac]                                                   ^
    [javac]   symbol:   variable LOCALE_FR
    [javac]   location: class LocaleUtils_LLMTest
    [javac] /tmp/fix_test_suite.pl_19860_1702625844/llm/org/apache/commons/lang3/LocaleUtils_LLMTest.java:84: error: cannot find symbol
    [javac]                 LOCALE_EN_US_ZZZZ,
    [javac]                 ^
    [javac]   symbol:   variable LOCALE_EN_US_ZZZZ
    [javac]   location: class LocaleUtils_LLMTest
    [javac] /tmp/fix_test_suite.pl_19860_1702625844/llm/org/apache/commons/lang3/LocaleUtils_LLMTest.java:85: error: cannot find symbol
    [javac]                 LOCALE_EN_US,
    [javac]                 ^
    [javac]   symbol:   variable LOCALE_EN_US
    [javac]   location: class LocaleUtils_LLMTest
    [javac] /tmp/fix_test_suite.pl_19860_1702625844/llm/org/apache/commons/lang3/LocaleUtils_LLMTest.java:86: error: cannot find symbol
    [javac]                 LOCALE_EN,
    [javac]                 ^
    [javac]   symbol:   variable LOCALE_EN
    [javac]   location: class LocaleUtils_LLMTest
    [javac] /tmp/fix_test_suite.pl_19860_1702625844/llm/org/apache/commons/lang3/LocaleUtils_LLMTest.java:87: error: cannot find symbol
    [javac]                 LOCALE_FR});
    [javac]                 ^
    [javac]   symbol:   variable LOCALE_FR
    [javac]   location: class LocaleUtils_LLMTest
    [javac] /tmp/fix_test_suite.pl_19860_1702625844/llm/org/apache/commons/lang3/LocaleUtils_LLMTest.java:91: error: cannot find symbol
    [javac]         assertLocaleLookupList(LOCALE_FR, LOCALE_FR, 
    [javac]                                ^
    [javac]   symbol:   variable LOCALE_FR
    [javac]   location: class LocaleUtils_LLMTest
    [javac] /tmp/fix_test_suite.pl_19860_1702625844/llm/org/apache/commons/lang3/LocaleUtils_LLMTest.java:91: error: cannot find symbol
    [javac]         assertLocaleLookupList(LOCALE_FR, LOCALE_FR, 
    [javac]                                           ^
    [javac]   symbol:   variable LOCALE_FR
    [javac]   location: class LocaleUtils_LLMTest
    [javac] /tmp/fix_test_suite.pl_19860_1702625844/llm/org/apache/commons/lang3/LocaleUtils_LLMTest.java:92: error: cannot find symbol
    [javac]                 new Locale[]{LOCALE_FR});
    [javac]                              ^
    [javac]   symbol:   variable LOCALE_FR
    [javac]   location: class LocaleUtils_LLMTest
    [javac] /tmp/fix_test_suite.pl_19860_1702625844/llm/org/apache/commons/lang3/LocaleUtils_LLMTest.java:93: error: cannot find symbol
    [javac]         assertLocaleLookupList(LOCALE_ES, LOCALE_ES, 
    [javac]                                ^
    [javac]   symbol:   variable LOCALE_ES
    [javac]   location: class LocaleUtils_LLMTest
    [javac] /tmp/fix_test_suite.pl_19860_1702625844/llm/org/apache/commons/lang3/LocaleUtils_LLMTest.java:93: error: cannot find symbol
    [javac]         assertLocaleLookupList(LOCALE_ES, LOCALE_ES, 
    [javac]                                           ^
    [javac]   symbol:   variable LOCALE_ES
    [javac]   location: class LocaleUtils_LLMTest
    [javac] /tmp/fix_test_suite.pl_19860_1702625844/llm/org/apache/commons/lang3/LocaleUtils_LLMTest.java:94: error: cannot find symbol
    [javac]                 new Locale[]{LOCALE_ES});
    [javac]                              ^
    [javac]   symbol:   variable LOCALE_ES
    [javac]   location: class LocaleUtils_LLMTest
    [javac] /tmp/fix_test_suite.pl_19860_1702625844/llm/org/apache/commons/lang3/LocaleUtils_LLMTest.java:95: error: cannot find symbol
    [javac]         assertLocaleLookupList(LOCALE_DE, LOCALE_DE, 
    [javac]                                ^
    [javac]   symbol:   variable LOCALE_DE
    [javac]   location: class LocaleUtils_LLMTest
    [javac] /tmp/fix_test_suite.pl_19860_1702625844/llm/org/apache/commons/lang3/LocaleUtils_LLMTest.java:95: error: cannot find symbol
    [javac]         assertLocaleLookupList(LOCALE_DE, LOCALE_DE, 
    [javac]                                           ^
    [javac]   symbol:   variable LOCALE_DE
    [javac]   location: class LocaleUtils_LLMTest
    [javac] /tmp/fix_test_suite.pl_19860_1702625844/llm/org/apache/commons/lang3/LocaleUtils_LLMTest.java:96: error: cannot find symbol
    [javac]                 new Locale[]{LOCALE_DE});
    [javac]                              ^
    [javac]   symbol:   variable LOCALE_DE
    [javac]   location: class LocaleUtils_LLMTest
    [javac] /tmp/fix_test_suite.pl_19860_1702625844/llm/org/apache/commons/lang3/LocaleUtils_LLMTest.java:97: error: cannot find symbol
    [javac]         assertLocaleLookupList(LOCALE_EN_US, LOCALE_EN_US, 
    [javac]                                ^
    [javac]   symbol:   variable LOCALE_EN_US
    [javac]   location: class LocaleUtils_LLMTest
    [javac] /tmp/fix_test_suite.pl_19860_1702625844/llm/org/apache/commons/lang3/LocaleUtils_LLMTest.java:97: error: cannot find symbol
    [javac]         assertLocaleLookupList(LOCALE_EN_US, LOCALE_EN_US, 
    [javac]                                              ^
    [javac]   symbol:   variable LOCALE_EN_US
    [javac]   location: class LocaleUtils_LLMTest
    [javac] /tmp/fix_test_suite.pl_19860_1702625844/llm/org/apache/commons/lang3/LocaleUtils_LLMTest.java:99: error: cannot find symbol
    [javac]                 LOCALE_EN_US,
    [javac]                 ^
    [javac]   symbol:   variable LOCALE_EN_US
    [javac]   location: class LocaleUtils_LLMTest
    [javac] /tmp/fix_test_suite.pl_19860_1702625844/llm/org/apache/commons/lang3/LocaleUtils_LLMTest.java:100: error: cannot find symbol
    [javac]                 LOCALE_EN});
    [javac]                 ^
    [javac]   symbol:   variable LOCALE_EN
    [javac]   location: class LocaleUtils_LLMTest
    [javac] /tmp/fix_test_suite.pl_19860_1702625844/llm/org/apache/commons/lang3/LocaleUtils_LLMTest.java:101: error: cannot find symbol
    [javac]         assertLocaleLookupList(LOCALE_EN_US, LOCALE_FR,
    [javac]                                ^
    [javac]   symbol:   variable LOCALE_EN_US
    [javac]   location: class LocaleUtils_LLMTest
    [javac] /tmp/fix_test_suite.pl_19860_1702625844/llm/org/apache/commons/lang3/LocaleUtils_LLMTest.java:101: error: cannot find symbol
    [javac]         assertLocaleLookupList(LOCALE_EN_US, LOCALE_FR,
    [javac]                                              ^
    [javac]   symbol:   variable LOCALE_FR
    [javac]   location: class LocaleUtils_LLMTest
    [javac] /tmp/fix_test_suite.pl_19860_1702625844/llm/org/apache/commons/lang3/LocaleUtils_LLMTest.java:103: error: cannot find symbol
    [javac]                 LOCALE_EN_US,
    [javac]                 ^
    [javac]   symbol:   variable LOCALE_EN_US
    [javac]   location: class LocaleUtils_LLMTest
    [javac] /tmp/fix_test_suite.pl_19860_1702625844/llm/org/apache/commons/lang3/LocaleUtils_LLMTest.java:104: error: cannot find symbol
    [javac]                 LOCALE_EN,
    [javac]                 ^
    [javac]   symbol:   variable LOCALE_EN
    [javac]   location: class LocaleUtils_LLMTest
    [javac] /tmp/fix_test_suite.pl_19860_1702625844/llm/org/apache/commons/lang3/LocaleUtils_LLMTest.java:105: error: cannot find symbol
    [javac]                 LOCALE_FR});
    [javac]                 ^
    [javac]   symbol:   variable LOCALE_FR
    [javac]   location: class LocaleUtils_LLMTest
    [javac] /tmp/fix_test_suite.pl_19860_1702625844/llm/org/apache/commons/lang3/LocaleUtils_LLMTest.java:106: error: cannot find symbol
    [javac]         assertLocaleLookupList(LOCALE_EN_US, LOCALE_FR_CA,
    [javac]                                ^
    [javac]   symbol:   variable LOCALE_EN_US
    [javac]   location: class LocaleUtils_LLMTest
    [javac] /tmp/fix_test_suite.pl_19860_1702625844/llm/org/apache/commons/lang3/LocaleUtils_LLMTest.java:106: error: cannot find symbol
    [javac]         assertLocaleLookupList(LOCALE_EN_US, LOCALE_FR_CA,
    [javac]                                              ^
    [javac]   symbol:   variable LOCALE_FR_CA
    [javac]   location: class LocaleUtils_LLMTest
    [javac] /tmp/fix_test_suite.pl_19860_1702625844/llm/org/apache/commons/lang3/LocaleUtils_LLMTest.java:108: error: cannot find symbol
    [javac]                 LOCALE_EN_US,
    [javac]                 ^
    [javac]   symbol:   variable LOCALE_EN_US
    [javac]   location: class LocaleUtils_LLMTest
    [javac] /tmp/fix_test_suite.pl_19860_1702625844/llm/org/apache/commons/lang3/LocaleUtils_LLMTest.java:109: error: cannot find symbol
    [javac]                 LOCALE_EN,
    [javac]                 ^
    [javac]   symbol:   variable LOCALE_EN
    [javac]   location: class LocaleUtils_LLMTest
    [javac] /tmp/fix_test_suite.pl_19860_1702625844/llm/org/apache/commons/lang3/LocaleUtils_LLMTest.java:110: error: cannot find symbol
    [javac]                 LOCALE_FR_CA});
    [javac]                 ^
    [javac]   symbol:   variable LOCALE_FR_CA
    [javac]   location: class LocaleUtils_LLMTest
    [javac] /tmp/fix_test_suite.pl_19860_1702625844/llm/org/apache/commons/lang3/LocaleUtils_LLMTest.java:112: error: cannot find symbol
    [javac]         assertLocaleLookupList(LOCALE_EN_US_ZZZZ, null,
    [javac]                                ^
    [javac]   symbol:   variable LOCALE_EN_US_ZZZZ
    [javac]   location: class LocaleUtils_LLMTest
    [javac] /tmp/fix_test_suite.pl_19860_1702625844/llm/org/apache/commons/lang3/LocaleUtils_LLMTest.java:114: error: cannot find symbol
    [javac]                 LOCALE_EN_US_ZZZZ,
    [javac]                 ^
    [javac]   symbol:   variable LOCALE_EN_US_ZZZZ
    [javac]   location: class LocaleUtils_LLMTest
    [javac] /tmp/fix_test_suite.pl_19860_1702625844/llm/org/apache/commons/lang3/LocaleUtils_LLMTest.java:115: error: cannot find symbol
    [javac]                 LOCALE_EN_US,
    [javac]                 ^
    [javac]   symbol:   variable LOCALE_EN_US
    [javac]   location: class LocaleUtils_LLMTest
    [javac] /tmp/fix_test_suite.pl_19860_1702625844/llm/org/apache/commons/lang3/LocaleUtils_LLMTest.java:116: error: cannot find symbol
    [javac]                 LOCALE_EN});
    [javac]                 ^
    [javac]   symbol:   variable LOCALE_EN
    [javac]   location: class LocaleUtils_LLMTest
    [javac] /tmp/fix_test_suite.pl_19860_1702625844/llm/org/apache/commons/lang3/LocaleUtils_LLMTest.java:117: error: cannot find symbol
    [javac]         assertLocaleLookupList(LOCALE_EN_US_ZZZZ, LOCALE_EN_US_ZZZZ,
    [javac]                                ^
    [javac]   symbol:   variable LOCALE_EN_US_ZZZZ
    [javac]   location: class LocaleUtils_LLMTest
    [javac] /tmp/fix_test_suite.pl_19860_1702625844/llm/org/apache/commons/lang3/LocaleUtils_LLMTest.java:117: error: cannot find symbol
    [javac]         assertLocaleLookupList(LOCALE_EN_US_ZZZZ, LOCALE_EN_US_ZZZZ,
    [javac]                                                   ^
    [javac]   symbol:   variable LOCALE_EN_US_ZZZZ
    [javac]   location: class LocaleUtils_LLMTest
    [javac] /tmp/fix_test_suite.pl_19860_1702625844/llm/org/apache/commons/lang3/LocaleUtils_LLMTest.java:119: error: cannot find symbol
    [javac]                 LOCALE_EN_US_ZZZZ,
    [javac]                 ^
    [javac]   symbol:   variable LOCALE_EN_US_ZZZZ
    [javac]   location: class LocaleUtils_LLMTest
    [javac] /tmp/fix_test_suite.pl_19860_1702625844/llm/org/apache/commons/lang3/LocaleUtils_LLMTest.java:120: error: cannot find symbol
    [javac]                 LOCALE_EN_US,
    [javac]                 ^
    [javac]   symbol:   variable LOCALE_EN_US
    [javac]   location: class LocaleUtils_LLMTest
    [javac] /tmp/fix_test_suite.pl_19860_1702625844/llm/org/apache/commons/lang3/LocaleUtils_LLMTest.java:121: error: cannot find symbol
    [javac]                 LOCALE_EN});
    [javac]                 ^
    [javac]   symbol:   variable LOCALE_EN
    [javac]   location: class LocaleUtils_LLMTest
    [javac] /tmp/fix_test_suite.pl_19860_1702625844/llm/org/apache/commons/lang3/LocaleUtils_LLMTest.java:122: error: cannot find symbol
    [javac]         assertLocaleLookupList(LOCALE_EN_US_ZZZZ, LOCALE_FR,
    [javac]                                ^
    [javac]   symbol:   variable LOCALE_EN_US_ZZZZ
    [javac]   location: class LocaleUtils_LLMTest
    [javac] /tmp/fix_test_suite.pl_19860_1702625844/llm/org/apache/commons/lang3/LocaleUtils_LLMTest.java:122: error: cannot find symbol
    [javac]         assertLocaleLookupList(LOCALE_EN_US_ZZZZ, LOCALE_FR,
    [javac]                                                   ^
    [javac]   symbol:   variable LOCALE_FR
    [javac]   location: class LocaleUtils_LLMTest
    [javac] /tmp/fix_test_suite.pl_19860_1702625844/llm/org/apache/commons/lang3/LocaleUtils_LLMTest.java:124: error: cannot find symbol
    [javac]                 LOCALE_EN_US_ZZZZ,
    [javac]                 ^
    [javac]   symbol:   variable LOCALE_EN_US_ZZZZ
    [javac]   location: class LocaleUtils_LLMTest
    [javac] /tmp/fix_test_suite.pl_19860_1702625844/llm/org/apache/commons/lang3/LocaleUtils_LLMTest.java:125: error: cannot find symbol
    [javac]                 LOCALE_EN_US,
    [javac]                 ^
    [javac]   symbol:   variable LOCALE_EN_US
    [javac]   location: class LocaleUtils_LLMTest
    [javac] /tmp/fix_test_suite.pl_19860_1702625844/llm/org/apache/commons/lang3/LocaleUtils_LLMTest.java:126: error: cannot find symbol
    [javac]                 LOCALE_EN,
    [javac]                 ^
    [javac]   symbol:   variable LOCALE_EN
    [javac]   location: class LocaleUtils_LLMTest
    [javac] /tmp/fix_test_suite.pl_19860_1702625844/llm/org/apache/commons/lang3/LocaleUtils_LLMTest.java:127: error: cannot find symbol
    [javac]                 LOCALE_FR});
    [javac]                 ^
    [javac]   symbol:   variable LOCALE_FR
    [javac]   location: class LocaleUtils_LLMTest
    [javac] /tmp/fix_test_suite.pl_19860_1702625844/llm/org/apache/commons/lang3/LocaleUtils_LLMTest.java:128: error: cannot find symbol
    [javac]         assertLocaleLookupList(LOCALE_EN_US_ZZZZ, LOCALE_FR_CA,
    [javac]                                ^
    [javac]   symbol:   variable LOCALE_EN_US_ZZZZ
    [javac]   location: class LocaleUtils_LLMTest
    [javac] /tmp/fix_test_suite.pl_19860_1702625844/llm/org/apache/commons/lang3/LocaleUtils_LLMTest.java:128: error: cannot find symbol
    [javac]         assertLocaleLookupList(LOCALE_EN_US_ZZZZ, LOCALE_FR_CA,
    [javac]                                                   ^
    [javac]   symbol:   variable LOCALE_FR_CA
    [javac]   location: class LocaleUtils_LLMTest
    [javac] /tmp/fix_test_suite.pl_19860_1702625844/llm/org/apache/commons/lang3/LocaleUtils_LLMTest.java:130: error: cannot find symbol
    [javac]                 LOCALE_EN_US_ZZZZ,
    [javac]                 ^
    [javac]   symbol:   variable LOCALE_EN_US_ZZZZ
    [javac]   location: class LocaleUtils_LLMTest
    [javac] /tmp/fix_test_suite.pl_19860_1702625844/llm/org/apache/commons/lang3/LocaleUtils_LLMTest.java:131: error: cannot find symbol
    [javac]                 LOCALE_EN_US,
    [javac]                 ^
    [javac]   symbol:   variable LOCALE_EN_US
    [javac]   location: class LocaleUtils_LLMTest
    [javac] warning: /root/.sdkman/candidates/java/8.0.302-open/lib/ct.sym(META-INF/sym/rt.jar/java/lang/IllegalArgumentException.class): major version 52 is newer than 51, the highest major version supported by this compiler.
    [javac]   It is recommended that the compiler be upgraded.
    [javac] /root/.sdkman/candidates/java/8.0.302-open/lib/ct.sym(META-INF/sym/rt.jar/java/lang/IllegalArgumentException.class): warning: Cannot find annotation method 'value()' in type 'Profile+Annotation'
    [javac] warning: /root/.sdkman/candidates/java/8.0.302-open/lib/ct.sym(META-INF/sym/rt.jar/java/lang/RuntimeException.class): major version 52 is newer than 51, the highest major version supported by this compiler.
    [javac]   It is recommended that the compiler be upgraded.
    [javac] /root/.sdkman/candidates/java/8.0.302-open/lib/ct.sym(META-INF/sym/rt.jar/java/lang/RuntimeException.class): warning: Cannot find annotation method 'value()' in type 'Profile+Annotation'
    [javac] warning: /root/.sdkman/candidates/java/8.0.302-open/lib/ct.sym(META-INF/sym/rt.jar/java/lang/Exception.class): major version 52 is newer than 51, the highest major version supported by this compiler.
    [javac]   It is recommended that the compiler be upgraded.
    [javac] /root/.sdkman/candidates/java/8.0.302-open/lib/ct.sym(META-INF/sym/rt.jar/java/lang/Exception.class): warning: Cannot find annotation method 'value()' in type 'Profile+Annotation'
    [javac] warning: /root/.sdkman/candidates/java/8.0.302-open/lib/ct.sym(META-INF/sym/rt.jar/java/lang/Throwable.class): major version 52 is newer than 51, the highest major version supported by this compiler.
    [javac]   It is recommended that the compiler be upgraded.
    [javac] /root/.sdkman/candidates/java/8.0.302-open/lib/ct.sym(META-INF/sym/rt.jar/java/lang/Throwable.class): warning: Cannot find annotation method 'value()' in type 'Profile+Annotation'
    [javac] warning: /root/.sdkman/candidates/java/8.0.302-open/lib/ct.sym(META-INF/sym/rt.jar/java/util/AbstractSet.class): major version 52 is newer than 51, the highest major version supported by this compiler.
    [javac]   It is recommended that the compiler be upgraded.
    [javac] /root/.sdkman/candidates/java/8.0.302-open/lib/ct.sym(META-INF/sym/rt.jar/java/util/AbstractSet.class): warning: Cannot find annotation method 'value()' in type 'Profile+Annotation'
    [javac] warning: /root/.sdkman/candidates/java/8.0.302-open/lib/ct.sym(META-INF/sym/rt.jar/java/util/AbstractCollection.class): major version 52 is newer than 51, the highest major version supported by this compiler.
    [javac]   It is recommended that the compiler be upgraded.
    [javac] /root/.sdkman/candidates/java/8.0.302-open/lib/ct.sym(META-INF/sym/rt.jar/java/util/AbstractCollection.class): warning: Cannot find annotation method 'value()' in type 'Profile+Annotation'
    [javac] warning: /root/.sdkman/candidates/java/8.0.302-open/lib/ct.sym(META-INF/sym/rt.jar/java/lang/Iterable.class): major version 52 is newer than 51, the highest major version supported by this compiler.
    [javac]   It is recommended that the compiler be upgraded.
    [javac] /root/.sdkman/candidates/java/8.0.302-open/lib/ct.sym(META-INF/sym/rt.jar/java/lang/Iterable.class): warning: Cannot find annotation method 'value()' in type 'Profile+Annotation'
    [javac] warning: /root/.sdkman/candidates/java/8.0.302-open/lib/ct.sym(META-INF/sym/rt.jar/java/lang/Class.class): major version 52 is newer than 51, the highest major version supported by this compiler.
    [javac]   It is recommended that the compiler be upgraded.
    [javac] /root/.sdkman/candidates/java/8.0.302-open/lib/ct.sym(META-INF/sym/rt.jar/java/lang/Class.class): warning: Cannot find annotation method 'value()' in type 'Profile+Annotation'
    [javac] warning: /root/.sdkman/candidates/java/8.0.302-open/lib/ct.sym(META-INF/sym/rt.jar/java/lang/SecurityException.class): major version 52 is newer than 51, the highest major version supported by this compiler.
    [javac]   It is recommended that the compiler be upgraded.
    [javac] /root/.sdkman/candidates/java/8.0.302-open/lib/ct.sym(META-INF/sym/rt.jar/java/lang/SecurityException.class): warning: Cannot find annotation method 'value()' in type 'Profile+Annotation'
    [javac] warning: /root/.sdkman/candidates/java/8.0.302-open/lib/ct.sym(META-INF/sym/rt.jar/java/lang/reflect/Executable.class): major version 52 is newer than 51, the highest major version supported by this compiler.
    [javac]   It is recommended that the compiler be upgraded.
    [javac] /root/.sdkman/candidates/java/8.0.302-open/lib/ct.sym(META-INF/sym/rt.jar/java/lang/reflect/Executable.class): warning: Cannot find annotation method 'value()' in type 'Profile+Annotation'
    [javac] warning: /root/.sdkman/candidates/java/8.0.302-open/lib/ct.sym(META-INF/sym/rt.jar/java/lang/reflect/AccessibleObject.class): major version 52 is newer than 51, the highest major version supported by this compiler.
    [javac]   It is recommended that the compiler be upgraded.
    [javac] /root/.sdkman/candidates/java/8.0.302-open/lib/ct.sym(META-INF/sym/rt.jar/java/lang/reflect/AccessibleObject.class): warning: Cannot find annotation method 'value()' in type 'Profile+Annotation'
    [javac] 100 errors
    [javac] 62 warnings

BUILD FAILED
/defects4j/framework/projects/defects4j.build.xml:265: Compile failed; see the compiler error output for details.

Total time: 0 seconds
- Compilation issues: Lang-5b-llm.10.tar.bz2
Picked up JAVA_TOOL_OPTIONS: -Dfile.encoding=UTF8
OpenJDK 64-Bit Server VM warning: ignoring option MaxPermSize=1G; support was removed in 8.0
Buildfile: /defects4j/framework/projects/defects4j.build.xml

init:
     [echo] -------- commons-lang3 3.2-SNAPSHOT --------

compile:

compile.gen.tests:
     [echo] classes.dir: target/classes
     [echo] build.home: target
   [delete] Deleting directory /tmp/fix_test_suite.pl_19860_1702625844/.classes_testgen
    [mkdir] Created dir: /tmp/fix_test_suite.pl_19860_1702625844/.classes_testgen
    [javac] /defects4j/framework/projects/defects4j.build.xml:265: warning: 'includeantruntime' was not set, defaulting to build.sysclasspath=last; set to false for repeatable builds
    [javac] Compiling 1 source file to /tmp/fix_test_suite.pl_19860_1702625844/.classes_testgen
    [javac] warning: /root/.sdkman/candidates/java/8.0.302-open/lib/ct.sym(META-INF/sym/rt.jar/java/lang/Enum.class): major version 52 is newer than 51, the highest major version supported by this compiler.
    [javac]   It is recommended that the compiler be upgraded.
    [javac] warning: /root/.sdkman/candidates/java/8.0.302-open/lib/ct.sym(META-INF/sym/rt.jar/java/lang/Object.class): major version 52 is newer than 51, the highest major version supported by this compiler.
    [javac]   It is recommended that the compiler be upgraded.
    [javac] warning: /root/.sdkman/candidates/java/8.0.302-open/lib/ct.sym(META-INF/sym/rt.jar/java/lang/Comparable.class): major version 52 is newer than 51, the highest major version supported by this compiler.
    [javac]   It is recommended that the compiler be upgraded.
    [javac] warning: /root/.sdkman/candidates/java/8.0.302-open/lib/ct.sym(META-INF/sym/rt.jar/java/io/Serializable.class): major version 52 is newer than 51, the highest major version supported by this compiler.
    [javac]   It is recommended that the compiler be upgraded.
    [javac] warning: /root/.sdkman/candidates/java/8.0.302-open/lib/ct.sym(META-INF/sym/rt.jar/java/lang/reflect/Constructor.class): major version 52 is newer than 51, the highest major version supported by this compiler.
    [javac]   It is recommended that the compiler be upgraded.
    [javac] warning: /root/.sdkman/candidates/java/8.0.302-open/lib/ct.sym(META-INF/sym/rt.jar/java/lang/reflect/Modifier.class): major version 52 is newer than 51, the highest major version supported by this compiler.
    [javac]   It is recommended that the compiler be upgraded.
    [javac] warning: /root/.sdkman/candidates/java/8.0.302-open/lib/ct.sym(META-INF/sym/rt.jar/java/util/Arrays.class): major version 52 is newer than 51, the highest major version supported by this compiler.
    [javac]   It is recommended that the compiler be upgraded.
    [javac] warning: /root/.sdkman/candidates/java/8.0.302-open/lib/ct.sym(META-INF/sym/rt.jar/java/util/Collection.class): major version 52 is newer than 51, the highest major version supported by this compiler.
    [javac]   It is recommended that the compiler be upgraded.
    [javac] warning: /root/.sdkman/candidates/java/8.0.302-open/lib/ct.sym(META-INF/sym/rt.jar/java/util/HashSet.class): major version 52 is newer than 51, the highest major version supported by this compiler.
    [javac]   It is recommended that the compiler be upgraded.
    [javac] warning: /root/.sdkman/candidates/java/8.0.302-open/lib/ct.sym(META-INF/sym/rt.jar/java/util/Iterator.class): major version 52 is newer than 51, the highest major version supported by this compiler.
    [javac]   It is recommended that the compiler be upgraded.
    [javac] warning: /root/.sdkman/candidates/java/8.0.302-open/lib/ct.sym(META-INF/sym/rt.jar/java/util/List.class): major version 52 is newer than 51, the highest major version supported by this compiler.
    [javac]   It is recommended that the compiler be upgraded.
    [javac] warning: /root/.sdkman/candidates/java/8.0.302-open/lib/ct.sym(META-INF/sym/rt.jar/java/util/Locale.class): major version 52 is newer than 51, the highest major version supported by this compiler.
    [javac]   It is recommended that the compiler be upgraded.
    [javac] warning: /root/.sdkman/candidates/java/8.0.302-open/lib/ct.sym(META-INF/sym/rt.jar/java/util/Set.class): major version 52 is newer than 51, the highest major version supported by this compiler.
    [javac]   It is recommended that the compiler be upgraded.
    [javac] /root/.sdkman/candidates/java/8.0.302-open/lib/ct.sym(META-INF/sym/rt.jar/java/lang/Enum.class): warning: Cannot find annotation method 'value()' in type 'Profile+Annotation': class file for jdk.Profile+Annotation not found
    [javac] /root/.sdkman/candidates/java/8.0.302-open/lib/ct.sym(META-INF/sym/rt.jar/java/lang/Object.class): warning: Cannot find annotation method 'value()' in type 'Profile+Annotation'
    [javac] /root/.sdkman/candidates/java/8.0.302-open/lib/ct.sym(META-INF/sym/rt.jar/java/lang/Comparable.class): warning: Cannot find annotation method 'value()' in type 'Profile+Annotation'
    [javac] /root/.sdkman/candidates/java/8.0.302-open/lib/ct.sym(META-INF/sym/rt.jar/java/io/Serializable.class): warning: Cannot find annotation method 'value()' in type 'Profile+Annotation'
    [javac] /root/.sdkman/candidates/java/8.0.302-open/lib/ct.sym(META-INF/sym/rt.jar/java/lang/reflect/Constructor.class): warning: Cannot find annotation method 'value()' in type 'Profile+Annotation'
    [javac] /root/.sdkman/candidates/java/8.0.302-open/lib/ct.sym(META-INF/sym/rt.jar/java/lang/reflect/Modifier.class): warning: Cannot find annotation method 'value()' in type 'Profile+Annotation'
    [javac] /root/.sdkman/candidates/java/8.0.302-open/lib/ct.sym(META-INF/sym/rt.jar/java/util/Arrays.class): warning: Cannot find annotation method 'value()' in type 'Profile+Annotation'
    [javac] /root/.sdkman/candidates/java/8.0.302-open/lib/ct.sym(META-INF/sym/rt.jar/java/util/Collection.class): warning: Cannot find annotation method 'value()' in type 'Profile+Annotation'
    [javac] /root/.sdkman/candidates/java/8.0.302-open/lib/ct.sym(META-INF/sym/rt.jar/java/util/HashSet.class): warning: Cannot find annotation method 'value()' in type 'Profile+Annotation'
    [javac] /root/.sdkman/candidates/java/8.0.302-open/lib/ct.sym(META-INF/sym/rt.jar/java/util/Iterator.class): warning: Cannot find annotation method 'value()' in type 'Profile+Annotation'
    [javac] /root/.sdkman/candidates/java/8.0.302-open/lib/ct.sym(META-INF/sym/rt.jar/java/util/List.class): warning: Cannot find annotation method 'value()' in type 'Profile+Annotation'
    [javac] /root/.sdkman/candidates/java/8.0.302-open/lib/ct.sym(META-INF/sym/rt.jar/java/util/Locale.class): warning: Cannot find annotation method 'value()' in type 'Profile+Annotation'
    [javac] /root/.sdkman/candidates/java/8.0.302-open/lib/ct.sym(META-INF/sym/rt.jar/java/util/Set.class): warning: Cannot find annotation method 'value()' in type 'Profile+Annotation'
    [javac] warning: /root/.sdkman/candidates/java/8.0.302-open/lib/ct.sym(META-INF/sym/rt.jar/java/lang/annotation/Retention.class): major version 52 is newer than 51, the highest major version supported by this compiler.
    [javac]   It is recommended that the compiler be upgraded.
    [javac] warning: /root/.sdkman/candidates/java/8.0.302-open/lib/ct.sym(META-INF/sym/rt.jar/java/lang/annotation/RetentionPolicy.class): major version 52 is newer than 51, the highest major version supported by this compiler.
    [javac]   It is recommended that the compiler be upgraded.
    [javac] warning: /root/.sdkman/candidates/java/8.0.302-open/lib/ct.sym(META-INF/sym/rt.jar/java/lang/annotation/Target.class): major version 52 is newer than 51, the highest major version supported by this compiler.
    [javac]   It is recommended that the compiler be upgraded.
    [javac] warning: /root/.sdkman/candidates/java/8.0.302-open/lib/ct.sym(META-INF/sym/rt.jar/java/lang/annotation/ElementType.class): major version 52 is newer than 51, the highest major version supported by this compiler.
    [javac]   It is recommended that the compiler be upgraded.
    [javac] warning: /root/.sdkman/candidates/java/8.0.302-open/lib/ct.sym(META-INF/sym/rt.jar/java/lang/annotation/Annotation.class): major version 52 is newer than 51, the highest major version supported by this compiler.
    [javac]   It is recommended that the compiler be upgraded.
    [javac] /root/.sdkman/candidates/java/8.0.302-open/lib/ct.sym(META-INF/sym/rt.jar/java/lang/annotation/Retention.class): warning: Cannot find annotation method 'value()' in type 'Profile+Annotation'
    [javac] /root/.sdkman/candidates/java/8.0.302-open/lib/ct.sym(META-INF/sym/rt.jar/java/lang/annotation/RetentionPolicy.class): warning: Cannot find annotation method 'value()' in type 'Profile+Annotation'
    [javac] /root/.sdkman/candidates/java/8.0.302-open/lib/ct.sym(META-INF/sym/rt.jar/java/lang/annotation/Target.class): warning: Cannot find annotation method 'value()' in type 'Profile+Annotation'
    [javac] /root/.sdkman/candidates/java/8.0.302-open/lib/ct.sym(META-INF/sym/rt.jar/java/lang/annotation/ElementType.class): warning: Cannot find annotation method 'value()' in type 'Profile+Annotation'
    [javac] /root/.sdkman/candidates/java/8.0.302-open/lib/ct.sym(META-INF/sym/rt.jar/java/lang/annotation/Annotation.class): warning: Cannot find annotation method 'value()' in type 'Profile+Annotation'
    [javac] warning: /root/.sdkman/candidates/java/8.0.302-open/lib/ct.sym(META-INF/sym/rt.jar/java/lang/AutoCloseable.class): major version 52 is newer than 51, the highest major version supported by this compiler.
    [javac]   It is recommended that the compiler be upgraded.
    [javac] /root/.sdkman/candidates/java/8.0.302-open/lib/ct.sym(META-INF/sym/rt.jar/java/lang/AutoCloseable.class): warning: Cannot find annotation method 'value()' in type 'Profile+Annotation'
    [javac] warning: /root/.sdkman/candidates/java/8.0.302-open/lib/ct.sym(META-INF/sym/rt.jar/java/lang/String.class): major version 52 is newer than 51, the highest major version supported by this compiler.
    [javac]   It is recommended that the compiler be upgraded.
    [javac] /root/.sdkman/candidates/java/8.0.302-open/lib/ct.sym(META-INF/sym/rt.jar/java/lang/String.class): warning: Cannot find annotation method 'value()' in type 'Profile+Annotation'
    [javac] /tmp/fix_test_suite.pl_19860_1702625844/llm/org/apache/commons/lang3/LocaleUtils_LLMTest.java:154: error: cannot find symbol
    [javac]         assertValidToLocale("_GB", "", "GB", ""); // should fail with "_AB"
    [javac]         ^
    [javac]   symbol:   method assertValidToLocale(String,String,String,String)
    [javac]   location: class LocaleUtils_LLMTest
    [javac] /tmp/fix_test_suite.pl_19860_1702625844/llm/org/apache/commons/lang3/LocaleUtils_LLMTest.java:155: error: cannot find symbol
    [javac]         assertValidToLocale("_GB_P", "", "GB", "P"); // should fail with "_AB_P"
    [javac]         ^
    [javac]   symbol:   method assertValidToLocale(String,String,String,String)
    [javac]   location: class LocaleUtils_LLMTest
    [javac] /tmp/fix_test_suite.pl_19860_1702625844/llm/org/apache/commons/lang3/LocaleUtils_LLMTest.java:156: error: cannot find symbol
    [javac]         assertValidToLocale("_GB_POSIX", "", "GB", "POSIX"); // should fail with "_AB_P"
    [javac]         ^
    [javac]   symbol:   method assertValidToLocale(String,String,String,String)
    [javac]   location: class LocaleUtils_LLMTest
    [javac] warning: /root/.sdkman/candidates/java/8.0.302-open/lib/ct.sym(META-INF/sym/rt.jar/java/lang/IllegalArgumentException.class): major version 52 is newer than 51, the highest major version supported by this compiler.
    [javac]   It is recommended that the compiler be upgraded.
    [javac] /root/.sdkman/candidates/java/8.0.302-open/lib/ct.sym(META-INF/sym/rt.jar/java/lang/IllegalArgumentException.class): warning: Cannot find annotation method 'value()' in type 'Profile+Annotation'
    [javac] warning: /root/.sdkman/candidates/java/8.0.302-open/lib/ct.sym(META-INF/sym/rt.jar/java/lang/RuntimeException.class): major version 52 is newer than 51, the highest major version supported by this compiler.
    [javac]   It is recommended that the compiler be upgraded.
    [javac] /root/.sdkman/candidates/java/8.0.302-open/lib/ct.sym(META-INF/sym/rt.jar/java/lang/RuntimeException.class): warning: Cannot find annotation method 'value()' in type 'Profile+Annotation'
    [javac] warning: /root/.sdkman/candidates/java/8.0.302-open/lib/ct.sym(META-INF/sym/rt.jar/java/lang/Exception.class): major version 52 is newer than 51, the highest major version supported by this compiler.
    [javac]   It is recommended that the compiler be upgraded.
    [javac] /root/.sdkman/candidates/java/8.0.302-open/lib/ct.sym(META-INF/sym/rt.jar/java/lang/Exception.class): warning: Cannot find annotation method 'value()' in type 'Profile+Annotation'
    [javac] warning: /root/.sdkman/candidates/java/8.0.302-open/lib/ct.sym(META-INF/sym/rt.jar/java/lang/Throwable.class): major version 52 is newer than 51, the highest major version supported by this compiler.
    [javac]   It is recommended that the compiler be upgraded.
    [javac] /root/.sdkman/candidates/java/8.0.302-open/lib/ct.sym(META-INF/sym/rt.jar/java/lang/Throwable.class): warning: Cannot find annotation method 'value()' in type 'Profile+Annotation'
    [javac] /tmp/fix_test_suite.pl_19860_1702625844/llm/org/apache/commons/lang3/LocaleUtils_LLMTest.java:197: error: cannot find symbol
    [javac]         assertValidToLocale("us"); // should fail with "AB"
    [javac]         ^
    [javac]   symbol:   method assertValidToLocale(String)
    [javac]   location: class LocaleUtils_LLMTest
    [javac] /tmp/fix_test_suite.pl_19860_1702625844/llm/org/apache/commons/lang3/LocaleUtils_LLMTest.java:198: error: cannot find symbol
    [javac]         assertValidToLocale("fr"); // should fail with "AB"
    [javac]         ^
    [javac]   symbol:   method assertValidToLocale(String)
    [javac]   location: class LocaleUtils_LLMTest
    [javac] /tmp/fix_test_suite.pl_19860_1702625844/llm/org/apache/commons/lang3/LocaleUtils_LLMTest.java:199: error: cannot find symbol
    [javac]         assertValidToLocale("de"); // should fail with "AB"
    [javac]         ^
    [javac]   symbol:   method assertValidToLocale(String)
    [javac]   location: class LocaleUtils_LLMTest
    [javac] /tmp/fix_test_suite.pl_19860_1702625844/llm/org/apache/commons/lang3/LocaleUtils_LLMTest.java:200: error: cannot find symbol
    [javac]         assertValidToLocale("zh"); // should fail with "AB"
    [javac]         ^
    [javac]   symbol:   method assertValidToLocale(String)
    [javac]   location: class LocaleUtils_LLMTest
    [javac] /tmp/fix_test_suite.pl_19860_1702625844/llm/org/apache/commons/lang3/LocaleUtils_LLMTest.java:202: error: cannot find symbol
    [javac]         assertValidToLocale("qq"); // should fail with "AB"
    [javac]         ^
    [javac]   symbol:   method assertValidToLocale(String)
    [javac]   location: class LocaleUtils_LLMTest
    [javac] /tmp/fix_test_suite.pl_19860_1702625844/llm/org/apache/commons/lang3/LocaleUtils_LLMTest.java:242: error: cannot find symbol
    [javac]         assertUnmodifiableCollection(set);
    [javac]         ^
    [javac]   symbol:   method assertUnmodifiableCollection(Set<Locale>)
    [javac]   location: class LocaleUtils_LLMTest
    [javac] warning: /root/.sdkman/candidates/java/8.0.302-open/lib/ct.sym(META-INF/sym/rt.jar/java/util/AbstractSet.class): major version 52 is newer than 51, the highest major version supported by this compiler.
    [javac]   It is recommended that the compiler be upgraded.
    [javac] /root/.sdkman/candidates/java/8.0.302-open/lib/ct.sym(META-INF/sym/rt.jar/java/util/AbstractSet.class): warning: Cannot find annotation method 'value()' in type 'Profile+Annotation'
    [javac] warning: /root/.sdkman/candidates/java/8.0.302-open/lib/ct.sym(META-INF/sym/rt.jar/java/util/AbstractCollection.class): major version 52 is newer than 51, the highest major version supported by this compiler.
    [javac]   It is recommended that the compiler be upgraded.
    [javac] /root/.sdkman/candidates/java/8.0.302-open/lib/ct.sym(META-INF/sym/rt.jar/java/util/AbstractCollection.class): warning: Cannot find annotation method 'value()' in type 'Profile+Annotation'
    [javac] warning: /root/.sdkman/candidates/java/8.0.302-open/lib/ct.sym(META-INF/sym/rt.jar/java/lang/Iterable.class): major version 52 is newer than 51, the highest major version supported by this compiler.
    [javac]   It is recommended that the compiler be upgraded.
    [javac] /root/.sdkman/candidates/java/8.0.302-open/lib/ct.sym(META-INF/sym/rt.jar/java/lang/Iterable.class): warning: Cannot find annotation method 'value()' in type 'Profile+Annotation'
    [javac] /tmp/fix_test_suite.pl_19860_1702625844/llm/org/apache/commons/lang3/LocaleUtils_LLMTest.java:251: error: cannot find symbol
    [javac]         assertLocaleLookupList(null, null, new Locale[0]);
    [javac]         ^
    [javac]   symbol:   method assertLocaleLookupList(<null>,<null>,Locale[])
    [javac]   location: class LocaleUtils_LLMTest
    [javac] /tmp/fix_test_suite.pl_19860_1702625844/llm/org/apache/commons/lang3/LocaleUtils_LLMTest.java:252: error: cannot find symbol
    [javac]         assertLocaleLookupList(LOCALE_QQ, null, new Locale[]{LOCALE_QQ}); // should fail with LOCALE_AB
    [javac]                                ^
    [javac]   symbol:   variable LOCALE_QQ
    [javac]   location: class LocaleUtils_LLMTest
    [javac] /tmp/fix_test_suite.pl_19860_1702625844/llm/org/apache/commons/lang3/LocaleUtils_LLMTest.java:252: error: cannot find symbol
    [javac]         assertLocaleLookupList(LOCALE_QQ, null, new Locale[]{LOCALE_QQ}); // should fail with LOCALE_AB
    [javac]                                                              ^
    [javac]   symbol:   variable LOCALE_QQ
    [javac]   location: class LocaleUtils_LLMTest
    [javac] /tmp/fix_test_suite.pl_19860_1702625844/llm/org/apache/commons/lang3/LocaleUtils_LLMTest.java:253: error: cannot find symbol
    [javac]         assertLocaleLookupList(LOCALE_EN, null, new Locale[]{LOCALE_EN});
    [javac]                                ^
    [javac]   symbol:   variable LOCALE_EN
    [javac]   location: class LocaleUtils_LLMTest
    [javac] /tmp/fix_test_suite.pl_19860_1702625844/llm/org/apache/commons/lang3/LocaleUtils_LLMTest.java:253: error: cannot find symbol
    [javac]         assertLocaleLookupList(LOCALE_EN, null, new Locale[]{LOCALE_EN});
    [javac]                                                              ^
    [javac]   symbol:   variable LOCALE_EN
    [javac]   location: class LocaleUtils_LLMTest
    [javac] /tmp/fix_test_suite.pl_19860_1702625844/llm/org/apache/commons/lang3/LocaleUtils_LLMTest.java:254: error: cannot find symbol
    [javac]         assertLocaleLookupList(LOCALE_EN, null, new Locale[]{LOCALE_EN}); // should fail with LOCALE_AB
    [javac]                                ^
    [javac]   symbol:   variable LOCALE_EN
    [javac]   location: class LocaleUtils_LLMTest
    [javac] /tmp/fix_test_suite.pl_19860_1702625844/llm/org/apache/commons/lang3/LocaleUtils_LLMTest.java:254: error: cannot find symbol
    [javac]         assertLocaleLookupList(LOCALE_EN, null, new Locale[]{LOCALE_EN}); // should fail with LOCALE_AB
    [javac]                                                              ^
    [javac]   symbol:   variable LOCALE_EN
    [javac]   location: class LocaleUtils_LLMTest
    [javac] /tmp/fix_test_suite.pl_19860_1702625844/llm/org/apache/commons/lang3/LocaleUtils_LLMTest.java:255: error: cannot find symbol
    [javac]         assertLocaleLookupList(LOCALE_EN_US, null,
    [javac]                                ^
    [javac]   symbol:   variable LOCALE_EN_US
    [javac]   location: class LocaleUtils_LLMTest
    [javac] /tmp/fix_test_suite.pl_19860_1702625844/llm/org/apache/commons/lang3/LocaleUtils_LLMTest.java:257: error: cannot find symbol
    [javac]                 LOCALE_EN_US,
    [javac]                 ^
    [javac]   symbol:   variable LOCALE_EN_US
    [javac]   location: class LocaleUtils_LLMTest
    [javac] /tmp/fix_test_suite.pl_19860_1702625844/llm/org/apache/commons/lang3/LocaleUtils_LLMTest.java:258: error: cannot find symbol
    [javac]                 LOCALE_EN}); // should fail with LOCALE_AB
    [javac]                 ^
    [javac]   symbol:   variable LOCALE_EN
    [javac]   location: class LocaleUtils_LLMTest
    [javac] /tmp/fix_test_suite.pl_19860_1702625844/llm/org/apache/commons/lang3/LocaleUtils_LLMTest.java:259: error: cannot find symbol
    [javac]         assertLocaleLookupList(LOCALE_EN_US_ZZZZ, null,
    [javac]                                ^
    [javac]   symbol:   variable LOCALE_EN_US_ZZZZ
    [javac]   location: class LocaleUtils_LLMTest
    [javac] /tmp/fix_test_suite.pl_19860_1702625844/llm/org/apache/commons/lang3/LocaleUtils_LLMTest.java:261: error: cannot find symbol
    [javac]                 LOCALE_EN_US_ZZZZ,
    [javac]                 ^
    [javac]   symbol:   variable LOCALE_EN_US_ZZZZ
    [javac]   location: class LocaleUtils_LLMTest
    [javac] /tmp/fix_test_suite.pl_19860_1702625844/llm/org/apache/commons/lang3/LocaleUtils_LLMTest.java:262: error: cannot find symbol
    [javac]                 LOCALE_EN_US,
    [javac]                 ^
    [javac]   symbol:   variable LOCALE_EN_US
    [javac]   location: class LocaleUtils_LLMTest
    [javac] /tmp/fix_test_suite.pl_19860_1702625844/llm/org/apache/commons/lang3/LocaleUtils_LLMTest.java:263: error: cannot find symbol
    [javac]                 LOCALE_EN}); // should fail with LOCALE_AB
    [javac]                 ^
    [javac]   symbol:   variable LOCALE_EN
    [javac]   location: class LocaleUtils_LLMTest
    [javac] warning: /root/.sdkman/candidates/java/8.0.302-open/lib/ct.sym(META-INF/sym/rt.jar/java/lang/Class.class): major version 52 is newer than 51, the highest major version supported by this compiler.
    [javac]   It is recommended that the compiler be upgraded.
    [javac] /root/.sdkman/candidates/java/8.0.302-open/lib/ct.sym(META-INF/sym/rt.jar/java/lang/Class.class): warning: Cannot find annotation method 'value()' in type 'Profile+Annotation'
    [javac] warning: /root/.sdkman/candidates/java/8.0.302-open/lib/ct.sym(META-INF/sym/rt.jar/java/lang/SecurityException.class): major version 52 is newer than 51, the highest major version supported by this compiler.
    [javac]   It is recommended that the compiler be upgraded.
    [javac] /root/.sdkman/candidates/java/8.0.302-open/lib/ct.sym(META-INF/sym/rt.jar/java/lang/SecurityException.class): warning: Cannot find annotation method 'value()' in type 'Profile+Annotation'
    [javac] warning: /root/.sdkman/candidates/java/8.0.302-open/lib/ct.sym(META-INF/sym/rt.jar/java/lang/reflect/Executable.class): major version 52 is newer than 51, the highest major version supported by this compiler.
    [javac]   It is recommended that the compiler be upgraded.
    [javac] /root/.sdkman/candidates/java/8.0.302-open/lib/ct.sym(META-INF/sym/rt.jar/java/lang/reflect/Executable.class): warning: Cannot find annotation method 'value()' in type 'Profile+Annotation'
    [javac] warning: /root/.sdkman/candidates/java/8.0.302-open/lib/ct.sym(META-INF/sym/rt.jar/java/lang/reflect/AccessibleObject.class): major version 52 is newer than 51, the highest major version supported by this compiler.
    [javac]   It is recommended that the compiler be upgraded.
    [javac] /root/.sdkman/candidates/java/8.0.302-open/lib/ct.sym(META-INF/sym/rt.jar/java/lang/reflect/AccessibleObject.class): warning: Cannot find annotation method 'value()' in type 'Profile+Annotation'
    [javac] /tmp/fix_test_suite.pl_19860_1702625844/llm/org/apache/commons/lang3/LocaleUtils_LLMTest.java:276: error: cannot find symbol
    [javac]         assertValidToLocale("us_EN", "us", "EN"); // should fail with "ab_EN"
    [javac]         ^
    [javac]   symbol:   method assertValidToLocale(String,String,String)
    [javac]   location: class LocaleUtils_LLMTest
    [javac] /tmp/fix_test_suite.pl_19860_1702625844/llm/org/apache/commons/lang3/LocaleUtils_LLMTest.java:278: error: cannot find symbol
    [javac]         assertValidToLocale("us_ZH", "us", "ZH"); // should fail with "ab_ZH"
    [javac]         ^
    [javac]   symbol:   method assertValidToLocale(String,String,String)
    [javac]   location: class LocaleUtils_LLMTest
    [javac] /tmp/fix_test_suite.pl_19860_1702625844/llm/org/apache/commons/lang3/LocaleUtils_LLMTest.java:307: error: cannot find symbol
    [javac]         assertCountriesByLanguage(null, new String[0]);
    [javac]         ^
    [javac]   symbol:   method assertCountriesByLanguage(<null>,String[])
    [javac]   location: class LocaleUtils_LLMTest
    [javac] /tmp/fix_test_suite.pl_19860_1702625844/llm/org/apache/commons/lang3/LocaleUtils_LLMTest.java:308: error: cannot find symbol
    [javac]         assertCountriesByLanguage("de", new String[]{"DE", "CH", "AT", "LU"});
    [javac]         ^
    [javac]   symbol:   method assertCountriesByLanguage(String,String[])
    [javac]   location: class LocaleUtils_LLMTest
    [javac] /tmp/fix_test_suite.pl_19860_1702625844/llm/org/apache/commons/lang3/LocaleUtils_LLMTest.java:309: error: cannot find symbol
    [javac]         assertCountriesByLanguage("zz", new String[0]);
    [javac]         ^
    [javac]   symbol:   method assertCountriesByLanguage(String,String[])
    [javac]   location: class LocaleUtils_LLMTest
    [javac] /tmp/fix_test_suite.pl_19860_1702625844/llm/org/apache/commons/lang3/LocaleUtils_LLMTest.java:310: error: cannot find symbol
    [javac]         assertCountriesByLanguage("it", new String[]{"IT", "CH"});
    [javac]         ^
    [javac]   symbol:   method assertCountriesByLanguage(String,String[])
    [javac]   location: class LocaleUtils_LLMTest
    [javac] /tmp/fix_test_suite.pl_19860_1702625844/llm/org/apache/commons/lang3/LocaleUtils_LLMTest.java:314: error: cannot find symbol
    [javac]         assertLanguageByCountry(null, new String[0]);
    [javac]         ^
    [javac]   symbol:   method assertLanguageByCountry(<null>,String[])
    [javac]   location: class LocaleUtils_LLMTest
    [javac] /tmp/fix_test_suite.pl_19860_1702625844/llm/org/apache/commons/lang3/LocaleUtils_LLMTest.java:315: error: cannot find symbol
    [javac]         assertLanguageByCountry("GB", new String[]{"en"});
    [javac]         ^
    [javac]   symbol:   method assertLanguageByCountry(String,String[])
    [javac]   location: class LocaleUtils_LLMTest
    [javac] /tmp/fix_test_suite.pl_19860_1702625844/llm/org/apache/commons/lang3/LocaleUtils_LLMTest.java:316: error: cannot find symbol
    [javac]         assertLanguageByCountry("ZZ", new String[0]);
    [javac]         ^
    [javac]   symbol:   method assertLanguageByCountry(String,String[])
    [javac]   location: class LocaleUtils_LLMTest
    [javac] /tmp/fix_test_suite.pl_19860_1702625844/llm/org/apache/commons/lang3/LocaleUtils_LLMTest.java:317: error: cannot find symbol
    [javac]         assertLanguageByCountry("CH", new String[]{"fr", "de", "it"});
    [javac]         ^
    [javac]   symbol:   method assertLanguageByCountry(String,String[])
    [javac]   location: class LocaleUtils_LLMTest
    [javac] /tmp/fix_test_suite.pl_19860_1702625844/llm/org/apache/commons/lang3/LocaleUtils_LLMTest.java:321: error: cannot find symbol
    [javac]         assertValidToLocale("us_EN_A", "us", "EN", "A"); // should fail with "AB_EN_A"
    [javac]         ^
    [javac]   symbol:   method assertValidToLocale(String,String,String,String)
    [javac]   location: class LocaleUtils_LLMTest
    [javac] /tmp/fix_test_suite.pl_19860_1702625844/llm/org/apache/commons/lang3/LocaleUtils_LLMTest.java:325: error: cannot find symbol
    [javac]             assertValidToLocale("us_EN_a", "us", "EN", "a"); // should fail with "ab_EN_a"
    [javac]             ^
    [javac]   symbol:   method assertValidToLocale(String,String,String,String)
    [javac]   location: class LocaleUtils_LLMTest
    [javac] /tmp/fix_test_suite.pl_19860_1702625844/llm/org/apache/commons/lang3/LocaleUtils_LLMTest.java:326: error: cannot find symbol
    [javac]             assertValidToLocale("us_EN_SFsafdFDsdfF", "us", "EN", "SFsafdFDsdfF"); // should fail with "ab_EN_SFsafdFDsdfF"
    [javac]             ^
    [javac]   symbol:   method assertValidToLocale(String,String,String,String)
    [javac]   location: class LocaleUtils_LLMTest
    [javac] /tmp/fix_test_suite.pl_19860_1702625844/llm/org/apache/commons/lang3/LocaleUtils_LLMTest.java:328: error: cannot find symbol
    [javac]             assertValidToLocale("us_EN_a", "us", "EN", "A"); // should fail with "ab_EN_a"
    [javac]             ^
    [javac]   symbol:   method assertValidToLocale(String,String,String,String)
    [javac]   location: class LocaleUtils_LLMTest
    [javac] /tmp/fix_test_suite.pl_19860_1702625844/llm/org/apache/commons/lang3/LocaleUtils_LLMTest.java:329: error: cannot find symbol
    [javac]             assertValidToLocale("us_EN_SFsafdFDsdfF", "us", "EN", "SFSAFDFDSDFF"); // should fail with "ab_EN_SFsafdFDsdfF"
    [javac]             ^
    [javac]   symbol:   method assertValidToLocale(String,String,String,String)
    [javac]   location: class LocaleUtils_LLMTest
    [javac] /tmp/fix_test_suite.pl_19860_1702625844/llm/org/apache/commons/lang3/LocaleUtils_LLMTest.java:343: error: cannot find symbol
    [javac]         assertLocaleLookupList(LOCALE_QQ, LOCALE_QQ, 
    [javac]                                ^
    [javac]   symbol:   variable LOCALE_QQ
    [javac]   location: class LocaleUtils_LLMTest
    [javac] /tmp/fix_test_suite.pl_19860_1702625844/llm/org/apache/commons/lang3/LocaleUtils_LLMTest.java:343: error: cannot find symbol
    [javac]         assertLocaleLookupList(LOCALE_QQ, LOCALE_QQ, 
    [javac]                                           ^
    [javac]   symbol:   variable LOCALE_QQ
    [javac]   location: class LocaleUtils_LLMTest
    [javac] /tmp/fix_test_suite.pl_19860_1702625844/llm/org/apache/commons/lang3/LocaleUtils_LLMTest.java:344: error: cannot find symbol
    [javac]                 new Locale[]{LOCALE_QQ}); // should fail with LOCALE_AB
    [javac]                              ^
    [javac]   symbol:   variable LOCALE_QQ
    [javac]   location: class LocaleUtils_LLMTest
    [javac] /tmp/fix_test_suite.pl_19860_1702625844/llm/org/apache/commons/lang3/LocaleUtils_LLMTest.java:345: error: cannot find symbol
    [javac]         assertLocaleLookupList(LOCALE_EN, LOCALE_EN, 
    [javac]                                ^
    [javac]   symbol:   variable LOCALE_EN
    [javac]   location: class LocaleUtils_LLMTest
    [javac] /tmp/fix_test_suite.pl_19860_1702625844/llm/org/apache/commons/lang3/LocaleUtils_LLMTest.java:345: error: cannot find symbol
    [javac]         assertLocaleLookupList(LOCALE_EN, LOCALE_EN, 
    [javac]                                           ^
    [javac]   symbol:   variable LOCALE_EN
    [javac]   location: class LocaleUtils_LLMTest
    [javac] /tmp/fix_test_suite.pl_19860_1702625844/llm/org/apache/commons/lang3/LocaleUtils_LLMTest.java:346: error: cannot find symbol
    [javac]                 new Locale[]{LOCALE_EN});
    [javac]                              ^
    [javac]   symbol:   variable LOCALE_EN
    [javac]   location: class LocaleUtils_LLMTest
    [javac] /tmp/fix_test_suite.pl_19860_1702625844/llm/org/apache/commons/lang3/LocaleUtils_LLMTest.java:348: error: cannot find symbol
    [javac]         assertLocaleLookupList(LOCALE_EN_US, LOCALE_EN_US, 
    [javac]                                ^
    [javac]   symbol:   variable LOCALE_EN_US
    [javac]   location: class LocaleUtils_LLMTest
    [javac] /tmp/fix_test_suite.pl_19860_1702625844/llm/org/apache/commons/lang3/LocaleUtils_LLMTest.java:348: error: cannot find symbol
    [javac]         assertLocaleLookupList(LOCALE_EN_US, LOCALE_EN_US, 
    [javac]                                              ^
    [javac]   symbol:   variable LOCALE_EN_US
    [javac]   location: class LocaleUtils_LLMTest
    [javac] /tmp/fix_test_suite.pl_19860_1702625844/llm/org/apache/commons/lang3/LocaleUtils_LLMTest.java:350: error: cannot find symbol
    [javac]                 LOCALE_EN_US,
    [javac]                 ^
    [javac]   symbol:   variable LOCALE_EN_US
    [javac]   location: class LocaleUtils_LLMTest
    [javac] /tmp/fix_test_suite.pl_19860_1702625844/llm/org/apache/commons/lang3/LocaleUtils_LLMTest.java:351: error: cannot find symbol
    [javac]                 LOCALE_EN}); // should fail LOCALE_AB
    [javac]                 ^
    [javac]   symbol:   variable LOCALE_EN
    [javac]   location: class LocaleUtils_LLMTest
    [javac] /tmp/fix_test_suite.pl_19860_1702625844/llm/org/apache/commons/lang3/LocaleUtils_LLMTest.java:352: error: cannot find symbol
    [javac]         assertLocaleLookupList(LOCALE_EN_US, LOCALE_QQ,
    [javac]                                ^
    [javac]   symbol:   variable LOCALE_EN_US
    [javac]   location: class LocaleUtils_LLMTest
    [javac] /tmp/fix_test_suite.pl_19860_1702625844/llm/org/apache/commons/lang3/LocaleUtils_LLMTest.java:352: error: cannot find symbol
    [javac]         assertLocaleLookupList(LOCALE_EN_US, LOCALE_QQ,
    [javac]                                              ^
    [javac]   symbol:   variable LOCALE_QQ
    [javac]   location: class LocaleUtils_LLMTest
    [javac] /tmp/fix_test_suite.pl_19860_1702625844/llm/org/apache/commons/lang3/LocaleUtils_LLMTest.java:354: error: cannot find symbol
    [javac]                 LOCALE_EN_US,
    [javac]                 ^
    [javac]   symbol:   variable LOCALE_EN_US
    [javac]   location: class LocaleUtils_LLMTest
    [javac] /tmp/fix_test_suite.pl_19860_1702625844/llm/org/apache/commons/lang3/LocaleUtils_LLMTest.java:355: error: cannot find symbol
    [javac]                 LOCALE_EN,
    [javac]                 ^
    [javac]   symbol:   variable LOCALE_EN
    [javac]   location: class LocaleUtils_LLMTest
    [javac] /tmp/fix_test_suite.pl_19860_1702625844/llm/org/apache/commons/lang3/LocaleUtils_LLMTest.java:356: error: cannot find symbol
    [javac]                 LOCALE_QQ}); // should fail LOCALE_AB
    [javac]                 ^
    [javac]   symbol:   variable LOCALE_QQ
    [javac]   location: class LocaleUtils_LLMTest
    [javac] /tmp/fix_test_suite.pl_19860_1702625844/llm/org/apache/commons/lang3/LocaleUtils_LLMTest.java:357: error: cannot find symbol
    [javac]         assertLocaleLookupList(LOCALE_EN_US, LOCALE_QQ_ZZ,
    [javac]                                ^
    [javac]   symbol:   variable LOCALE_EN_US
    [javac]   location: class LocaleUtils_LLMTest
    [javac] /tmp/fix_test_suite.pl_19860_1702625844/llm/org/apache/commons/lang3/LocaleUtils_LLMTest.java:357: error: cannot find symbol
    [javac]         assertLocaleLookupList(LOCALE_EN_US, LOCALE_QQ_ZZ,
    [javac]                                              ^
    [javac]   symbol:   variable LOCALE_QQ_ZZ
    [javac]   location: class LocaleUtils_LLMTest
    [javac] /tmp/fix_test_suite.pl_19860_1702625844/llm/org/apache/commons/lang3/LocaleUtils_LLMTest.java:359: error: cannot find symbol
    [javac]                 LOCALE_EN_US,
    [javac]                 ^
    [javac]   symbol:   variable LOCALE_EN_US
    [javac]   location: class LocaleUtils_LLMTest
    [javac] /tmp/fix_test_suite.pl_19860_1702625844/llm/org/apache/commons/lang3/LocaleUtils_LLMTest.java:360: error: cannot find symbol
    [javac]                 LOCALE_EN,
    [javac]                 ^
    [javac]   symbol:   variable LOCALE_EN
    [javac]   location: class LocaleUtils_LLMTest
    [javac] /tmp/fix_test_suite.pl_19860_1702625844/llm/org/apache/commons/lang3/LocaleUtils_LLMTest.java:361: error: cannot find symbol
    [javac]                 LOCALE_QQ_ZZ}); // should fail LOCALE_AB
    [javac]                 ^
    [javac]   symbol:   variable LOCALE_QQ_ZZ
    [javac]   location: class LocaleUtils_LLMTest
    [javac] /tmp/fix_test_suite.pl_19860_1702625844/llm/org/apache/commons/lang3/LocaleUtils_LLMTest.java:363: error: cannot find symbol
    [javac]         assertLocaleLookupList(LOCALE_EN_US_ZZZZ, null,
    [javac]                                ^
    [javac]   symbol:   variable LOCALE_EN_US_ZZZZ
    [javac]   location: class LocaleUtils_LLMTest
    [javac] /tmp/fix_test_suite.pl_19860_1702625844/llm/org/apache/commons/lang3/LocaleUtils_LLMTest.java:365: error: cannot find symbol
    [javac]                 LOCALE_EN_US_ZZZZ,
    [javac]                 ^
    [javac]   symbol:   variable LOCALE_EN_US_ZZZZ
    [javac]   location: class LocaleUtils_LLMTest
    [javac] /tmp/fix_test_suite.pl_19860_1702625844/llm/org/apache/commons/lang3/LocaleUtils_LLMTest.java:366: error: cannot find symbol
    [javac]                 LOCALE_EN_US,
    [javac]                 ^
    [javac]   symbol:   variable LOCALE_EN_US
    [javac]   location: class LocaleUtils_LLMTest
    [javac] /tmp/fix_test_suite.pl_19860_1702625844/llm/org/apache/commons/lang3/LocaleUtils_LLMTest.java:367: error: cannot find symbol
    [javac]                 LOCALE_EN}); // should fail LOCALE_AB
    [javac]                 ^
    [javac]   symbol:   variable LOCALE_EN
    [javac]   location: class LocaleUtils_LLMTest
    [javac] /tmp/fix_test_suite.pl_19860_1702625844/llm/org/apache/commons/lang3/LocaleUtils_LLMTest.java:368: error: cannot find symbol
    [javac]         assertLocaleLookupList(LOCALE_EN_US_ZZZZ, LOCALE_EN_US_ZZZZ,
    [javac]                                ^
    [javac]   symbol:   variable LOCALE_EN_US_ZZZZ
    [javac]   location: class LocaleUtils_LLMTest
    [javac] /tmp/fix_test_suite.pl_19860_1702625844/llm/org/apache/commons/lang3/LocaleUtils_LLMTest.java:368: error: cannot find symbol
    [javac]         assertLocaleLookupList(LOCALE_EN_US_ZZZZ, LOCALE_EN_US_ZZZZ,
    [javac]                                                   ^
    [javac]   symbol:   variable LOCALE_EN_US_ZZZZ
    [javac]   location: class LocaleUtils_LLMTest
    [javac] /tmp/fix_test_suite.pl_19860_1702625844/llm/org/apache/commons/lang3/LocaleUtils_LLMTest.java:370: error: cannot find symbol
    [javac]                 LOCALE_EN_US_ZZZZ,
    [javac]                 ^
    [javac]   symbol:   variable LOCALE_EN_US_ZZZZ
    [javac]   location: class LocaleUtils_LLMTest
    [javac] /tmp/fix_test_suite.pl_19860_1702625844/llm/org/apache/commons/lang3/LocaleUtils_LLMTest.java:371: error: cannot find symbol
    [javac]                 LOCALE_EN_US,
    [javac]                 ^
    [javac]   symbol:   variable LOCALE_EN_US
    [javac]   location: class LocaleUtils_LLMTest
    [javac] /tmp/fix_test_suite.pl_19860_1702625844/llm/org/apache/commons/lang3/LocaleUtils_LLMTest.java:372: error: cannot find symbol
    [javac]                 LOCALE_EN}); // should fail LOCALE_AB
    [javac]                 ^
    [javac]   symbol:   variable LOCALE_EN
    [javac]   location: class LocaleUtils_LLMTest
    [javac] /tmp/fix_test_suite.pl_19860_1702625844/llm/org/apache/commons/lang3/LocaleUtils_LLMTest.java:373: error: cannot find symbol
    [javac]         assertLocaleLookupList(LOCALE_EN_US_ZZZZ, LOCALE_QQ,
    [javac]                                ^
    [javac]   symbol:   variable LOCALE_EN_US_ZZZZ
    [javac]   location: class LocaleUtils_LLMTest
    [javac] /tmp/fix_test_suite.pl_19860_1702625844/llm/org/apache/commons/lang3/LocaleUtils_LLMTest.java:373: error: cannot find symbol
    [javac]         assertLocaleLookupList(LOCALE_EN_US_ZZZZ, LOCALE_QQ,
    [javac]                                                   ^
    [javac]   symbol:   variable LOCALE_QQ
    [javac]   location: class LocaleUtils_LLMTest
    [javac] /tmp/fix_test_suite.pl_19860_1702625844/llm/org/apache/commons/lang3/LocaleUtils_LLMTest.java:375: error: cannot find symbol
    [javac]                 LOCALE_EN_US_ZZZZ,
    [javac]                 ^
    [javac]   symbol:   variable LOCALE_EN_US_ZZZZ
    [javac]   location: class LocaleUtils_LLMTest
    [javac] /tmp/fix_test_suite.pl_19860_1702625844/llm/org/apache/commons/lang3/LocaleUtils_LLMTest.java:376: error: cannot find symbol
    [javac]                 LOCALE_EN_US,
    [javac]                 ^
    [javac]   symbol:   variable LOCALE_EN_US
    [javac]   location: class LocaleUtils_LLMTest
    [javac] /tmp/fix_test_suite.pl_19860_1702625844/llm/org/apache/commons/lang3/LocaleUtils_LLMTest.java:377: error: cannot find symbol
    [javac]                 LOCALE_EN,
    [javac]                 ^
    [javac]   symbol:   variable LOCALE_EN
    [javac]   location: class LocaleUtils_LLMTest
    [javac] /tmp/fix_test_suite.pl_19860_1702625844/llm/org/apache/commons/lang3/LocaleUtils_LLMTest.java:378: error: cannot find symbol
    [javac]                 LOCALE_QQ}); // should fail LOCALE_AB
    [javac]                 ^
    [javac]   symbol:   variable LOCALE_QQ
    [javac]   location: class LocaleUtils_LLMTest
    [javac] /tmp/fix_test_suite.pl_19860_1702625844/llm/org/apache/commons/lang3/LocaleUtils_LLMTest.java:379: error: cannot find symbol
    [javac]         assertLocaleLookupList(LOCALE_EN_US_ZZZZ, LOCALE_QQ_ZZ,
    [javac]                                ^
    [javac]   symbol:   variable LOCALE_EN_US_ZZZZ
    [javac]   location: class LocaleUtils_LLMTest
    [javac] /tmp/fix_test_suite.pl_19860_1702625844/llm/org/apache/commons/lang3/LocaleUtils_LLMTest.java:379: error: cannot find symbol
    [javac]         assertLocaleLookupList(LOCALE_EN_US_ZZZZ, LOCALE_QQ_ZZ,
    [javac]                                                   ^
    [javac]   symbol:   variable LOCALE_QQ_ZZ
    [javac]   location: class LocaleUtils_LLMTest
    [javac] /tmp/fix_test_suite.pl_19860_1702625844/llm/org/apache/commons/lang3/LocaleUtils_LLMTest.java:381: error: cannot find symbol
    [javac]                 LOCALE_EN_US_ZZZZ,
    [javac]                 ^
    [javac]   symbol:   variable LOCALE_EN_US_ZZZZ
    [javac]   location: class LocaleUtils_LLMTest
    [javac] /tmp/fix_test_suite.pl_19860_1702625844/llm/org/apache/commons/lang3/LocaleUtils_LLMTest.java:382: error: cannot find symbol
    [javac]                 LOCALE_EN_US,
    [javac]                 ^
    [javac]   symbol:   variable LOCALE_EN_US
    [javac]   location: class LocaleUtils_LLMTest
    [javac] /tmp/fix_test_suite.pl_19860_1702625844/llm/org/apache/commons/lang3/LocaleUtils_LLMTest.java:383: error: cannot find symbol
    [javac]                 LOCALE_EN,
    [javac]                 ^
    [javac]   symbol:   variable LOCALE_EN
    [javac]   location: class LocaleUtils_LLMTest
    [javac] /tmp/fix_test_suite.pl_19860_1702625844/llm/org/apache/commons/lang3/LocaleUtils_LLMTest.java:384: error: cannot find symbol
    [javac]                 LOCALE_QQ_ZZ}); // should fail LOCALE_AB
    [javac]                 ^
    [javac]   symbol:   variable LOCALE_QQ_ZZ
    [javac]   location: class LocaleUtils_LLMTest
    [javac] /tmp/fix_test_suite.pl_19860_1702625844/llm/org/apache/commons/lang3/LocaleUtils_LLMTest.java:385: error: cannot find symbol
    [javac]         assertLocaleLookupList(LOCALE_FR_CA, LOCALE_EN,
    [javac]                                ^
    [javac]   symbol:   variable LOCALE_FR_CA
    [javac]   location: class LocaleUtils_LLMTest
    [javac] /tmp/fix_test_suite.pl_19860_1702625844/llm/org/apache/commons/lang3/LocaleUtils_LLMTest.java:385: error: cannot find symbol
    [javac]         assertLocaleLookupList(LOCALE_FR_CA, LOCALE_EN,
    [javac]                                              ^
    [javac]   symbol:   variable LOCALE_EN
    [javac]   location: class LocaleUtils_LLMTest
    [javac] /tmp/fix_test_suite.pl_19860_1702625844/llm/org/apache/commons/lang3/LocaleUtils_LLMTest.java:387: error: cannot find symbol
    [javac]                 LOCALE_FR_CA,
    [javac]                 ^
    [javac]   symbol:   variable LOCALE_FR_CA
    [javac]   location: class LocaleUtils_LLMTest
    [javac] /tmp/fix_test_suite.pl_19860_1702625844/llm/org/apache/commons/lang3/LocaleUtils_LLMTest.java:388: error: cannot find symbol
    [javac]                 LOCALE_FR,
    [javac]                 ^
    [javac]   symbol:   variable LOCALE_FR
    [javac]   location: class LocaleUtils_LLMTest
    [javac] /tmp/fix_test_suite.pl_19860_1702625844/llm/org/apache/commons/lang3/LocaleUtils_LLMTest.java:389: error: cannot find symbol
    [javac]                 LOCALE_EN}); // should fail LOCALE_ABI
    [javac]                 ^
    [javac]   symbol:   variable LOCALE_EN
    [javac]   location: class LocaleUtils_LLMTest
    [javac] /tmp/fix_test_suite.pl_19860_1702625844/llm/org/apache/commons/lang3/LocaleUtils_LLMTest.java:397: error: cannot find symbol
    [javac]         assertUnmodifiableCollection(list);
    [javac]         ^
    [javac]   symbol:   method assertUnmodifiableCollection(List<Locale>)
    [javac]   location: class LocaleUtils_LLMTest
    [javac] /tmp/fix_test_suite.pl_19860_1702625844/llm/org/apache/commons/lang3/LocaleUtils_LLMTest.java:405: error: cannot find symbol
    [javac]         assertValidToLocale("fr__P", "fr", "", "P"); // should fail with "ab__P"
    [javac]         ^
    [javac]   symbol:   method assertValidToLocale(String,String,String,String)
    [javac]   location: class LocaleUtils_LLMTest
    [javac] /tmp/fix_test_suite.pl_19860_1702625844/llm/org/apache/commons/lang3/LocaleUtils_LLMTest.java:406: error: cannot find symbol
    [javac]         assertValidToLocale("fr__POSIX", "fr", "", "POSIX"); // should fail with "ab__POSIX"
    [javac]         ^
    [javac]   symbol:   method assertValidToLocale(String,String,String,String)
    [javac]   location: class LocaleUtils_LLMTest
    [javac] /tmp/fix_test_suite.pl_19860_1702625844/llm/org/apache/commons/lang3/LocaleUtils_LLMTest.java:411: error: cannot find symbol
    [javac]         assertEquals(set.contains(LOCALE_EN), LocaleUtils.isAvailableLocale(LOCALE_EN));
    [javac]                                   ^
    [javac]   symbol:   variable LOCALE_EN
    [javac]   location: class LocaleUtils_LLMTest
    [javac] /tmp/fix_test_suite.pl_19860_1702625844/llm/org/apache/commons/lang3/LocaleUtils_LLMTest.java:411: error: cannot find symbol
    [javac]         assertEquals(set.contains(LOCALE_EN), LocaleUtils.isAvailableLocale(LOCALE_EN));
    [javac]                                                                             ^
    [javac]   symbol:   variable LOCALE_EN
    [javac]   location: class LocaleUtils_LLMTest
    [javac] /tmp/fix_test_suite.pl_19860_1702625844/llm/org/apache/commons/lang3/LocaleUtils_LLMTest.java:412: error: cannot find symbol
    [javac]         assertEquals(set.contains(LOCALE_EN_US), LocaleUtils.isAvailableLocale(LOCALE_EN_US));
    [javac]                                   ^
    [javac]   symbol:   variable LOCALE_EN_US
    [javac]   location: class LocaleUtils_LLMTest
    [javac] /tmp/fix_test_suite.pl_19860_1702625844/llm/org/apache/commons/lang3/LocaleUtils_LLMTest.java:412: error: cannot find symbol
    [javac]         assertEquals(set.contains(LOCALE_EN_US), LocaleUtils.isAvailableLocale(LOCALE_EN_US));
    [javac]                                                                                ^
    [javac]   symbol:   variable LOCALE_EN_US
    [javac]   location: class LocaleUtils_LLMTest
    [javac] /tmp/fix_test_suite.pl_19860_1702625844/llm/org/apache/commons/lang3/LocaleUtils_LLMTest.java:413: error: cannot find symbol
    [javac]         assertEquals(set.contains(LOCALE_EN_US_ZZZZ), LocaleUtils.isAvailableLocale(LOCALE_EN_US_ZZZZ));
    [javac]                                   ^
    [javac]   symbol:   variable LOCALE_EN_US_ZZZZ
    [javac]   location: class LocaleUtils_LLMTest
    [javac] /tmp/fix_test_suite.pl_19860_1702625844/llm/org/apache/commons/lang3/LocaleUtils_LLMTest.java:413: error: cannot find symbol
    [javac]         assertEquals(set.contains(LOCALE_EN_US_ZZZZ), LocaleUtils.isAvailableLocale(LOCALE_EN_US_ZZZZ));
    [javac]                                                                                     ^
    [javac]   symbol:   variable LOCALE_EN_US_ZZZZ
    [javac]   location: class LocaleUtils_LLMTest
    [javac] /tmp/fix_test_suite.pl_19860_1702625844/llm/org/apache/commons/lang3/LocaleUtils_LLMTest.java:414: error: cannot find symbol
    [javac]         assertEquals(set.contains(LOCALE_FR), LocaleUtils.isAvailableLocale(LOCALE_FR));
    [javac]                                   ^
    [javac]   symbol:   variable LOCALE_FR
    [javac]   location: class LocaleUtils_LLMTest
    [javac] /tmp/fix_test_suite.pl_19860_1702625844/llm/org/apache/commons/lang3/LocaleUtils_LLMTest.java:414: error: cannot find symbol
    [javac]         assertEquals(set.contains(LOCALE_FR), LocaleUtils.isAvailableLocale(LOCALE_FR));
    [javac]                                                                             ^
    [javac]   symbol:   variable LOCALE_FR
    [javac]   location: class LocaleUtils_LLMTest
    [javac] /tmp/fix_test_suite.pl_19860_1702625844/llm/org/apache/commons/lang3/LocaleUtils_LLMTest.java:415: error: cannot find symbol
    [javac]         assertEquals(set.contains(LOCALE_FR_CA), LocaleUtils.isAvailableLocale(LOCALE_FR_CA));
    [javac]                                   ^
    [javac]   symbol:   variable LOCALE_FR_CA
    [javac]   location: class LocaleUtils_LLMTest
    [javac] /tmp/fix_test_suite.pl_19860_1702625844/llm/org/apache/commons/lang3/LocaleUtils_LLMTest.java:415: error: cannot find symbol
    [javac]         assertEquals(set.contains(LOCALE_FR_CA), LocaleUtils.isAvailableLocale(LOCALE_FR_CA));
    [javac]                                                                                ^
    [javac]   symbol:   variable LOCALE_FR_CA
    [javac]   location: class LocaleUtils_LLMTest
    [javac] /tmp/fix_test_suite.pl_19860_1702625844/llm/org/apache/commons/lang3/LocaleUtils_LLMTest.java:416: error: cannot find symbol
    [javac]         assertEquals(set.contains(LOCALE_QQ), LocaleUtils.isAvailableLocale(LOCALE_QQ)); // should fail with LOCALE_AB
    [javac]                                   ^
    [javac]   symbol:   variable LOCALE_QQ
    [javac]   location: class LocaleUtils_LLMTest
    [javac] /tmp/fix_test_suite.pl_19860_1702625844/llm/org/apache/commons/lang3/LocaleUtils_LLMTest.java:416: error: cannot find symbol
    [javac]         assertEquals(set.contains(LOCALE_QQ), LocaleUtils.isAvailableLocale(LOCALE_QQ)); // should fail with LOCALE_AB
    [javac]                                                                             ^
    [javac]   symbol:   variable LOCALE_QQ
    [javac]   location: class LocaleUtils_LLMTest
    [javac] /tmp/fix_test_suite.pl_19860_1702625844/llm/org/apache/commons/lang3/LocaleUtils_LLMTest.java:417: error: cannot find symbol
    [javac]         assertEquals(set.contains(LOCALE_QQ_ZZ), LocaleUtils.isAvailableLocale(LOCALE_QQ_ZZ)); // should fail with LOCALE_AB
    [javac]                                   ^
    [javac]   symbol:   variable LOCALE_QQ_ZZ
    [javac]   location: class LocaleUtils_LLMTest
    [javac] 100 errors
    [javac] 62 warnings

BUILD FAILED
/defects4j/framework/projects/defects4j.build.xml:265: Compile failed; see the compiler error output for details.

Total time: 0 seconds
