- Compilation issues: Codec-18b-llm.3.tar.bz2
Picked up JAVA_TOOL_OPTIONS: -Dfile.encoding=UTF8
OpenJDK 64-Bit Server VM warning: ignoring option MaxPermSize=1G; support was removed in 8.0
Buildfile: /defects4j/framework/projects/defects4j.build.xml

test-offline:

get-deps:

commons-codec-from-maven.compile:
    [mkdir] Created dir: /tmp/fix_test_suite.pl_30885_1702803222/target/classes
    [javac] /tmp/fix_test_suite.pl_30885_1702803222/maven-build.xml:78: warning: 'includeantruntime' was not set, defaulting to build.sysclasspath=last; set to false for repeatable builds
    [javac] Compiling 63 source files to /tmp/fix_test_suite.pl_30885_1702803222/target/classes
    [javac] warning: [options] bootstrap class path not set in conjunction with -source 1.6
    [javac] warning: /root/.sdkman/candidates/java/8.0.302-open/lib/ct.sym(META-INF/sym/rt.jar/java/lang/Object.class): major version 52 is newer than 51, the highest major version supported by this compiler.
    [javac]   It is recommended that the compiler be upgraded.
    [javac] warning: /root/.sdkman/candidates/java/8.0.302-open/lib/ct.sym(META-INF/sym/rt.jar/java/lang/Exception.class): major version 52 is newer than 51, the highest major version supported by this compiler.
    [javac]   It is recommended that the compiler be upgraded.
    [javac] warning: /root/.sdkman/candidates/java/8.0.302-open/lib/ct.sym(META-INF/sym/rt.jar/java/lang/Throwable.class): major version 52 is newer than 51, the highest major version supported by this compiler.
    [javac]   It is recommended that the compiler be upgraded.
    [javac] warning: /root/.sdkman/candidates/java/8.0.302-open/lib/ct.sym(META-INF/sym/rt.jar/java/io/Serializable.class): major version 52 is newer than 51, the highest major version supported by this compiler.
    [javac]   It is recommended that the compiler be upgraded.
    [javac] warning: /root/.sdkman/candidates/java/8.0.302-open/lib/ct.sym(META-INF/sym/rt.jar/java/lang/String.class): major version 52 is newer than 51, the highest major version supported by this compiler.
    [javac]   It is recommended that the compiler be upgraded.
    [javac] warning: /root/.sdkman/candidates/java/8.0.302-open/lib/ct.sym(META-INF/sym/rt.jar/java/nio/charset/Charset.class): major version 52 is newer than 51, the highest major version supported by this compiler.
    [javac]   It is recommended that the compiler be upgraded.
    [javac] warning: /root/.sdkman/candidates/java/8.0.302-open/lib/ct.sym(META-INF/sym/rt.jar/java/util/Comparator.class): major version 52 is newer than 51, the highest major version supported by this compiler.
    [javac]   It is recommended that the compiler be upgraded.
    [javac] warning: /root/.sdkman/candidates/java/8.0.302-open/lib/ct.sym(META-INF/sym/rt.jar/java/lang/SuppressWarnings.class): major version 52 is newer than 51, the highest major version supported by this compiler.
    [javac]   It is recommended that the compiler be upgraded.
    [javac] warning: /root/.sdkman/candidates/java/8.0.302-open/lib/ct.sym(META-INF/sym/rt.jar/java/util/Arrays.class): major version 52 is newer than 51, the highest major version supported by this compiler.
    [javac]   It is recommended that the compiler be upgraded.
    [javac] warning: /root/.sdkman/candidates/java/8.0.302-open/lib/ct.sym(META-INF/sym/rt.jar/java/io/InputStream.class): major version 52 is newer than 51, the highest major version supported by this compiler.
    [javac]   It is recommended that the compiler be upgraded.
    [javac] warning: /root/.sdkman/candidates/java/8.0.302-open/lib/ct.sym(META-INF/sym/rt.jar/java/io/FilterInputStream.class): major version 52 is newer than 51, the highest major version supported by this compiler.
    [javac]   It is recommended that the compiler be upgraded.
    [javac] warning: /root/.sdkman/candidates/java/8.0.302-open/lib/ct.sym(META-INF/sym/rt.jar/java/io/IOException.class): major version 52 is newer than 51, the highest major version supported by this compiler.
    [javac]   It is recommended that the compiler be upgraded.
    [javac] warning: /root/.sdkman/candidates/java/8.0.302-open/lib/ct.sym(META-INF/sym/rt.jar/java/io/Closeable.class): major version 52 is newer than 51, the highest major version supported by this compiler.
    [javac]   It is recommended that the compiler be upgraded.
    [javac] warning: /root/.sdkman/candidates/java/8.0.302-open/lib/ct.sym(META-INF/sym/rt.jar/java/lang/AutoCloseable.class): major version 52 is newer than 51, the highest major version supported by this compiler.
    [javac]   It is recommended that the compiler be upgraded.
    [javac] warning: /root/.sdkman/candidates/java/8.0.302-open/lib/ct.sym(META-INF/sym/rt.jar/java/io/OutputStream.class): major version 52 is newer than 51, the highest major version supported by this compiler.
    [javac]   It is recommended that the compiler be upgraded.
    [javac] warning: /root/.sdkman/candidates/java/8.0.302-open/lib/ct.sym(META-INF/sym/rt.jar/java/io/FilterOutputStream.class): major version 52 is newer than 51, the highest major version supported by this compiler.
    [javac]   It is recommended that the compiler be upgraded.
    [javac] warning: /root/.sdkman/candidates/java/8.0.302-open/lib/ct.sym(META-INF/sym/rt.jar/java/io/Flushable.class): major version 52 is newer than 51, the highest major version supported by this compiler.
    [javac]   It is recommended that the compiler be upgraded.
    [javac] warning: /root/.sdkman/candidates/java/8.0.302-open/lib/ct.sym(META-INF/sym/rt.jar/java/math/BigInteger.class): major version 52 is newer than 51, the highest major version supported by this compiler.
    [javac]   It is recommended that the compiler be upgraded.
    [javac] warning: /root/.sdkman/candidates/java/8.0.302-open/lib/ct.sym(META-INF/sym/rt.jar/java/lang/CharSequence.class): major version 52 is newer than 51, the highest major version supported by this compiler.
    [javac]   It is recommended that the compiler be upgraded.
    [javac] warning: /root/.sdkman/candidates/java/8.0.302-open/lib/ct.sym(META-INF/sym/rt.jar/java/nio/ByteBuffer.class): major version 52 is newer than 51, the highest major version supported by this compiler.
    [javac]   It is recommended that the compiler be upgraded.
    [javac] warning: /root/.sdkman/candidates/java/8.0.302-open/lib/ct.sym(META-INF/sym/rt.jar/java/io/UnsupportedEncodingException.class): major version 52 is newer than 51, the highest major version supported by this compiler.
    [javac]   It is recommended that the compiler be upgraded.
    [javac] warning: /root/.sdkman/candidates/java/8.0.302-open/lib/ct.sym(META-INF/sym/rt.jar/java/lang/IllegalStateException.class): major version 52 is newer than 51, the highest major version supported by this compiler.
    [javac]   It is recommended that the compiler be upgraded.
    [javac] warning: /root/.sdkman/candidates/java/8.0.302-open/lib/ct.sym(META-INF/sym/rt.jar/java/io/File.class): major version 52 is newer than 51, the highest major version supported by this compiler.
    [javac]   It is recommended that the compiler be upgraded.
    [javac] warning: /root/.sdkman/candidates/java/8.0.302-open/lib/ct.sym(META-INF/sym/rt.jar/java/security/MessageDigest.class): major version 52 is newer than 51, the highest major version supported by this compiler.
    [javac]   It is recommended that the compiler be upgraded.
    [javac] warning: /root/.sdkman/candidates/java/8.0.302-open/lib/ct.sym(META-INF/sym/rt.jar/java/util/Locale.class): major version 52 is newer than 51, the highest major version supported by this compiler.
    [javac]   It is recommended that the compiler be upgraded.
    [javac] warning: /root/.sdkman/candidates/java/8.0.302-open/lib/ct.sym(META-INF/sym/rt.jar/java/util/Random.class): major version 52 is newer than 51, the highest major version supported by this compiler.
    [javac]   It is recommended that the compiler be upgraded.
    [javac] warning: /root/.sdkman/candidates/java/8.0.302-open/lib/ct.sym(META-INF/sym/rt.jar/java/lang/StringBuilder.class): major version 52 is newer than 51, the highest major version supported by this compiler.
    [javac]   It is recommended that the compiler be upgraded.
    [javac] warning: /root/.sdkman/candidates/java/8.0.302-open/lib/ct.sym(META-INF/sym/rt.jar/java/io/BufferedInputStream.class): major version 52 is newer than 51, the highest major version supported by this compiler.
    [javac]   It is recommended that the compiler be upgraded.
    [javac] warning: /root/.sdkman/candidates/java/8.0.302-open/lib/ct.sym(META-INF/sym/rt.jar/java/io/FileInputStream.class): major version 52 is newer than 51, the highest major version supported by this compiler.
    [javac]   It is recommended that the compiler be upgraded.
    [javac] warning: /root/.sdkman/candidates/java/8.0.302-open/lib/ct.sym(META-INF/sym/rt.jar/java/security/NoSuchAlgorithmException.class): major version 52 is newer than 51, the highest major version supported by this compiler.
    [javac]   It is recommended that the compiler be upgraded.
    [javac] warning: /root/.sdkman/candidates/java/8.0.302-open/lib/ct.sym(META-INF/sym/rt.jar/java/lang/Enum.class): major version 52 is newer than 51, the highest major version supported by this compiler.
    [javac]   It is recommended that the compiler be upgraded.
    [javac] warning: /root/.sdkman/candidates/java/8.0.302-open/lib/ct.sym(META-INF/sym/rt.jar/java/lang/Comparable.class): major version 52 is newer than 51, the highest major version supported by this compiler.
    [javac]   It is recommended that the compiler be upgraded.
    [javac] warning: /root/.sdkman/candidates/java/8.0.302-open/lib/ct.sym(META-INF/sym/rt.jar/java/security/InvalidKeyException.class): major version 52 is newer than 51, the highest major version supported by this compiler.
    [javac]   It is recommended that the compiler be upgraded.
    [javac] warning: /root/.sdkman/candidates/java/8.0.302-open/lib/ct.sym(META-INF/sym/rt.jar/java/security/Key.class): major version 52 is newer than 51, the highest major version supported by this compiler.
    [javac]   It is recommended that the compiler be upgraded.
    [javac] warning: /root/.sdkman/candidates/java/8.0.302-open/jre/lib/jce.jar(javax/crypto/Mac.class): major version 52 is newer than 51, the highest major version supported by this compiler.
    [javac]   It is recommended that the compiler be upgraded.
    [javac] warning: /root/.sdkman/candidates/java/8.0.302-open/jre/lib/jce.jar(javax/crypto/spec/SecretKeySpec.class): major version 52 is newer than 51, the highest major version supported by this compiler.
    [javac]   It is recommended that the compiler be upgraded.
    [javac] warning: /root/.sdkman/candidates/java/8.0.302-open/lib/ct.sym(META-INF/sym/rt.jar/java/util/regex/Matcher.class): major version 52 is newer than 51, the highest major version supported by this compiler.
    [javac]   It is recommended that the compiler be upgraded.
    [javac] warning: /root/.sdkman/candidates/java/8.0.302-open/lib/ct.sym(META-INF/sym/rt.jar/java/util/regex/Pattern.class): major version 52 is newer than 51, the highest major version supported by this compiler.
    [javac]   It is recommended that the compiler be upgraded.
    [javac] warning: /root/.sdkman/candidates/java/8.0.302-open/lib/ct.sym(META-INF/sym/rt.jar/java/util/zip/Checksum.class): major version 52 is newer than 51, the highest major version supported by this compiler.
    [javac]   It is recommended that the compiler be upgraded.
    [javac] warning: /root/.sdkman/candidates/java/8.0.302-open/lib/ct.sym(META-INF/sym/rt.jar/java/lang/Deprecated.class): major version 52 is newer than 51, the highest major version supported by this compiler.
    [javac]   It is recommended that the compiler be upgraded.
    [javac] warning: /root/.sdkman/candidates/java/8.0.302-open/lib/ct.sym(META-INF/sym/rt.jar/java/util/ArrayList.class): major version 52 is newer than 51, the highest major version supported by this compiler.
    [javac]   It is recommended that the compiler be upgraded.
    [javac] warning: /root/.sdkman/candidates/java/8.0.302-open/lib/ct.sym(META-INF/sym/rt.jar/java/util/Collections.class): major version 52 is newer than 51, the highest major version supported by this compiler.
    [javac]   It is recommended that the compiler be upgraded.
    [javac] warning: /root/.sdkman/candidates/java/8.0.302-open/lib/ct.sym(META-INF/sym/rt.jar/java/util/HashMap.class): major version 52 is newer than 51, the highest major version supported by this compiler.
    [javac]   It is recommended that the compiler be upgraded.
    [javac] warning: /root/.sdkman/candidates/java/8.0.302-open/lib/ct.sym(META-INF/sym/rt.jar/java/util/LinkedHashSet.class): major version 52 is newer than 51, the highest major version supported by this compiler.
    [javac]   It is recommended that the compiler be upgraded.
    [javac] warning: /root/.sdkman/candidates/java/8.0.302-open/lib/ct.sym(META-INF/sym/rt.jar/java/util/List.class): major version 52 is newer than 51, the highest major version supported by this compiler.
    [javac]   It is recommended that the compiler be upgraded.
    [javac] warning: /root/.sdkman/candidates/java/8.0.302-open/lib/ct.sym(META-INF/sym/rt.jar/java/util/Map.class): major version 52 is newer than 51, the highest major version supported by this compiler.
    [javac]   It is recommended that the compiler be upgraded.
    [javac] warning: /root/.sdkman/candidates/java/8.0.302-open/lib/ct.sym(META-INF/sym/rt.jar/java/util/Scanner.class): major version 52 is newer than 51, the highest major version supported by this compiler.
    [javac]   It is recommended that the compiler be upgraded.
    [javac] warning: /root/.sdkman/candidates/java/8.0.302-open/lib/ct.sym(META-INF/sym/rt.jar/java/util/Set.class): major version 52 is newer than 51, the highest major version supported by this compiler.
    [javac]   It is recommended that the compiler be upgraded.
    [javac] warning: /root/.sdkman/candidates/java/8.0.302-open/lib/ct.sym(META-INF/sym/rt.jar/java/lang/Character.class): major version 52 is newer than 51, the highest major version supported by this compiler.
    [javac]   It is recommended that the compiler be upgraded.
    [javac] warning: /root/.sdkman/candidates/java/8.0.302-open/lib/ct.sym(META-INF/sym/rt.jar/java/util/EnumMap.class): major version 52 is newer than 51, the highest major version supported by this compiler.
    [javac]   It is recommended that the compiler be upgraded.
    [javac] warning: /root/.sdkman/candidates/java/8.0.302-open/lib/ct.sym(META-INF/sym/rt.jar/java/util/HashSet.class): major version 52 is newer than 51, the highest major version supported by this compiler.
    [javac]   It is recommended that the compiler be upgraded.
    [javac] warning: /root/.sdkman/candidates/java/8.0.302-open/lib/ct.sym(META-INF/sym/rt.jar/java/util/Iterator.class): major version 52 is newer than 51, the highest major version supported by this compiler.
    [javac]   It is recommended that the compiler be upgraded.
    [javac] warning: /root/.sdkman/candidates/java/8.0.302-open/lib/ct.sym(META-INF/sym/rt.jar/java/util/TreeMap.class): major version 52 is newer than 51, the highest major version supported by this compiler.
    [javac]   It is recommended that the compiler be upgraded.
    [javac] warning: /root/.sdkman/candidates/java/8.0.302-open/lib/ct.sym(META-INF/sym/rt.jar/java/util/NoSuchElementException.class): major version 52 is newer than 51, the highest major version supported by this compiler.
    [javac]   It is recommended that the compiler be upgraded.
    [javac] warning: /root/.sdkman/candidates/java/8.0.302-open/lib/ct.sym(META-INF/sym/rt.jar/java/lang/Iterable.class): major version 52 is newer than 51, the highest major version supported by this compiler.
    [javac]   It is recommended that the compiler be upgraded.
    [javac] warning: /root/.sdkman/candidates/java/8.0.302-open/lib/ct.sym(META-INF/sym/rt.jar/java/util/BitSet.class): major version 52 is newer than 51, the highest major version supported by this compiler.
    [javac]   It is recommended that the compiler be upgraded.
    [javac] warning: /root/.sdkman/candidates/java/8.0.302-open/lib/ct.sym(META-INF/sym/rt.jar/java/io/ByteArrayOutputStream.class): major version 52 is newer than 51, the highest major version supported by this compiler.
    [javac]   It is recommended that the compiler be upgraded.
    [javac] warning: /root/.sdkman/candidates/java/8.0.302-open/lib/ct.sym(META-INF/sym/rt.jar/java/nio/charset/IllegalCharsetNameException.class): major version 52 is newer than 51, the highest major version supported by this compiler.
    [javac]   It is recommended that the compiler be upgraded.
    [javac] warning: /root/.sdkman/candidates/java/8.0.302-open/lib/ct.sym(META-INF/sym/rt.jar/java/nio/charset/UnsupportedCharsetException.class): major version 52 is newer than 51, the highest major version supported by this compiler.
    [javac]   It is recommended that the compiler be upgraded.
    [javac] warning: /root/.sdkman/candidates/java/8.0.302-open/lib/ct.sym(META-INF/sym/rt.jar/java/lang/IllegalArgumentException.class): major version 52 is newer than 51, the highest major version supported by this compiler.
    [javac]   It is recommended that the compiler be upgraded.
    [javac] /root/.sdkman/candidates/java/8.0.302-open/lib/ct.sym(META-INF/sym/rt.jar/java/lang/Object.class): warning: Cannot find annotation method 'value()' in type 'Profile+Annotation': class file for jdk.Profile+Annotation not found
    [javac] /root/.sdkman/candidates/java/8.0.302-open/lib/ct.sym(META-INF/sym/rt.jar/java/lang/Exception.class): warning: Cannot find annotation method 'value()' in type 'Profile+Annotation'
    [javac] /root/.sdkman/candidates/java/8.0.302-open/lib/ct.sym(META-INF/sym/rt.jar/java/lang/Throwable.class): warning: Cannot find annotation method 'value()' in type 'Profile+Annotation'
    [javac] /root/.sdkman/candidates/java/8.0.302-open/lib/ct.sym(META-INF/sym/rt.jar/java/io/Serializable.class): warning: Cannot find annotation method 'value()' in type 'Profile+Annotation'
    [javac] /root/.sdkman/candidates/java/8.0.302-open/lib/ct.sym(META-INF/sym/rt.jar/java/lang/String.class): warning: Cannot find annotation method 'value()' in type 'Profile+Annotation'
    [javac] /root/.sdkman/candidates/java/8.0.302-open/lib/ct.sym(META-INF/sym/rt.jar/java/nio/charset/Charset.class): warning: Cannot find annotation method 'value()' in type 'Profile+Annotation'
    [javac] /root/.sdkman/candidates/java/8.0.302-open/lib/ct.sym(META-INF/sym/rt.jar/java/util/Comparator.class): warning: Cannot find annotation method 'value()' in type 'Profile+Annotation'
    [javac] warning: /root/.sdkman/candidates/java/8.0.302-open/lib/ct.sym(META-INF/sym/rt.jar/java/lang/annotation/Target.class): major version 52 is newer than 51, the highest major version supported by this compiler.
    [javac]   It is recommended that the compiler be upgraded.
    [javac] warning: /root/.sdkman/candidates/java/8.0.302-open/lib/ct.sym(META-INF/sym/rt.jar/java/lang/annotation/ElementType.class): major version 52 is newer than 51, the highest major version supported by this compiler.
    [javac]   It is recommended that the compiler be upgraded.
    [javac] warning: /root/.sdkman/candidates/java/8.0.302-open/lib/ct.sym(META-INF/sym/rt.jar/java/lang/annotation/Retention.class): major version 52 is newer than 51, the highest major version supported by this compiler.
    [javac]   It is recommended that the compiler be upgraded.
    [javac] warning: /root/.sdkman/candidates/java/8.0.302-open/lib/ct.sym(META-INF/sym/rt.jar/java/lang/annotation/RetentionPolicy.class): major version 52 is newer than 51, the highest major version supported by this compiler.
    [javac]   It is recommended that the compiler be upgraded.
    [javac] /root/.sdkman/candidates/java/8.0.302-open/lib/ct.sym(META-INF/sym/rt.jar/java/lang/SuppressWarnings.class): warning: Cannot find annotation method 'value()' in type 'Profile+Annotation'
    [javac] warning: /root/.sdkman/candidates/java/8.0.302-open/lib/ct.sym(META-INF/sym/rt.jar/java/lang/annotation/Annotation.class): major version 52 is newer than 51, the highest major version supported by this compiler.
    [javac]   It is recommended that the compiler be upgraded.
    [javac] warning: /root/.sdkman/candidates/java/8.0.302-open/lib/ct.sym(META-INF/sym/rt.jar/java/lang/Override.class): major version 52 is newer than 51, the highest major version supported by this compiler.
    [javac]   It is recommended that the compiler be upgraded.
    [javac] /root/.sdkman/candidates/java/8.0.302-open/lib/ct.sym(META-INF/sym/rt.jar/java/util/Arrays.class): warning: Cannot find annotation method 'value()' in type 'Profile+Annotation'
    [javac] /root/.sdkman/candidates/java/8.0.302-open/lib/ct.sym(META-INF/sym/rt.jar/java/io/InputStream.class): warning: Cannot find annotation method 'value()' in type 'Profile+Annotation'
    [javac] /root/.sdkman/candidates/java/8.0.302-open/lib/ct.sym(META-INF/sym/rt.jar/java/io/FilterInputStream.class): warning: Cannot find annotation method 'value()' in type 'Profile+Annotation'
    [javac] /root/.sdkman/candidates/java/8.0.302-open/lib/ct.sym(META-INF/sym/rt.jar/java/io/IOException.class): warning: Cannot find annotation method 'value()' in type 'Profile+Annotation'
    [javac] /root/.sdkman/candidates/java/8.0.302-open/lib/ct.sym(META-INF/sym/rt.jar/java/io/Closeable.class): warning: Cannot find annotation method 'value()' in type 'Profile+Annotation'
    [javac] /root/.sdkman/candidates/java/8.0.302-open/lib/ct.sym(META-INF/sym/rt.jar/java/lang/AutoCloseable.class): warning: Cannot find annotation method 'value()' in type 'Profile+Annotation'
    [javac] /root/.sdkman/candidates/java/8.0.302-open/lib/ct.sym(META-INF/sym/rt.jar/java/io/OutputStream.class): warning: Cannot find annotation method 'value()' in type 'Profile+Annotation'
    [javac] /root/.sdkman/candidates/java/8.0.302-open/lib/ct.sym(META-INF/sym/rt.jar/java/io/FilterOutputStream.class): warning: Cannot find annotation method 'value()' in type 'Profile+Annotation'
    [javac] /root/.sdkman/candidates/java/8.0.302-open/lib/ct.sym(META-INF/sym/rt.jar/java/io/Flushable.class): warning: Cannot find annotation method 'value()' in type 'Profile+Annotation'
    [javac] /root/.sdkman/candidates/java/8.0.302-open/lib/ct.sym(META-INF/sym/rt.jar/java/math/BigInteger.class): warning: Cannot find annotation method 'value()' in type 'Profile+Annotation'
    [javac] /root/.sdkman/candidates/java/8.0.302-open/lib/ct.sym(META-INF/sym/rt.jar/java/lang/CharSequence.class): warning: Cannot find annotation method 'value()' in type 'Profile+Annotation'
    [javac] /root/.sdkman/candidates/java/8.0.302-open/lib/ct.sym(META-INF/sym/rt.jar/java/nio/ByteBuffer.class): warning: Cannot find annotation method 'value()' in type 'Profile+Annotation'
    [javac] /root/.sdkman/candidates/java/8.0.302-open/lib/ct.sym(META-INF/sym/rt.jar/java/io/UnsupportedEncodingException.class): warning: Cannot find annotation method 'value()' in type 'Profile+Annotation'
    [javac] /root/.sdkman/candidates/java/8.0.302-open/lib/ct.sym(META-INF/sym/rt.jar/java/lang/IllegalStateException.class): warning: Cannot find annotation method 'value()' in type 'Profile+Annotation'
    [javac] /root/.sdkman/candidates/java/8.0.302-open/lib/ct.sym(META-INF/sym/rt.jar/java/io/File.class): warning: Cannot find annotation method 'value()' in type 'Profile+Annotation'
    [javac] /root/.sdkman/candidates/java/8.0.302-open/lib/ct.sym(META-INF/sym/rt.jar/java/security/MessageDigest.class): warning: Cannot find annotation method 'value()' in type 'Profile+Annotation'
    [javac] /root/.sdkman/candidates/java/8.0.302-open/lib/ct.sym(META-INF/sym/rt.jar/java/util/Locale.class): warning: Cannot find annotation method 'value()' in type 'Profile+Annotation'
    [javac] /root/.sdkman/candidates/java/8.0.302-open/lib/ct.sym(META-INF/sym/rt.jar/java/util/Random.class): warning: Cannot find annotation method 'value()' in type 'Profile+Annotation'
    [javac] /root/.sdkman/candidates/java/8.0.302-open/lib/ct.sym(META-INF/sym/rt.jar/java/lang/StringBuilder.class): warning: Cannot find annotation method 'value()' in type 'Profile+Annotation'
    [javac] /root/.sdkman/candidates/java/8.0.302-open/lib/ct.sym(META-INF/sym/rt.jar/java/io/BufferedInputStream.class): warning: Cannot find annotation method 'value()' in type 'Profile+Annotation'
    [javac] /root/.sdkman/candidates/java/8.0.302-open/lib/ct.sym(META-INF/sym/rt.jar/java/io/FileInputStream.class): warning: Cannot find annotation method 'value()' in type 'Profile+Annotation'
    [javac] /root/.sdkman/candidates/java/8.0.302-open/lib/ct.sym(META-INF/sym/rt.jar/java/security/NoSuchAlgorithmException.class): warning: Cannot find annotation method 'value()' in type 'Profile+Annotation'
    [javac] /root/.sdkman/candidates/java/8.0.302-open/lib/ct.sym(META-INF/sym/rt.jar/java/lang/Enum.class): warning: Cannot find annotation method 'value()' in type 'Profile+Annotation'
    [javac] /root/.sdkman/candidates/java/8.0.302-open/lib/ct.sym(META-INF/sym/rt.jar/java/lang/Comparable.class): warning: Cannot find annotation method 'value()' in type 'Profile+Annotation'
    [javac] /root/.sdkman/candidates/java/8.0.302-open/lib/ct.sym(META-INF/sym/rt.jar/java/security/InvalidKeyException.class): warning: Cannot find annotation method 'value()' in type 'Profile+Annotation'
    [javac] 100 warnings
     [copy] Copying 129 files to /tmp/fix_test_suite.pl_30885_1702803222/target/classes
    [mkdir] Created dir: /tmp/fix_test_suite.pl_30885_1702803222/target/classes/META-INF
     [copy] Copying 2 files to /tmp/fix_test_suite.pl_30885_1702803222/target/classes/META-INF

compile:

compile.gen.tests:
     [echo] classes.dir: target/classes
     [echo] build.home: target/classes/..
    [mkdir] Created dir: /tmp/fix_test_suite.pl_30885_1702803222/.classes_testgen
    [javac] /defects4j/framework/projects/defects4j.build.xml:265: warning: 'includeantruntime' was not set, defaulting to build.sysclasspath=last; set to false for repeatable builds
    [javac] Compiling 1 source file to /tmp/fix_test_suite.pl_30885_1702803222/.classes_testgen
    [javac] /tmp/fix_test_suite.pl_30885_1702803222/llm/org/apache/commons/codec/binary/StringUtils_LLMTest.java:732: error: illegal start of expression
    [javac]         Assert.assertThrows(IllegalArgumentException.class, () -> {
    [javac]                                                              ^
    [javac] /tmp/fix_test_suite.pl_30885_1702803222/llm/org/apache/commons/codec/binary/StringUtils_LLMTest.java:732: error: illegal start of expression
    [javac]         Assert.assertThrows(IllegalArgumentException.class, () -> {
    [javac]                                                                 ^
    [javac] /tmp/fix_test_suite.pl_30885_1702803222/llm/org/apache/commons/codec/binary/StringUtils_LLMTest.java:732: error: illegal start of expression
    [javac]         Assert.assertThrows(IllegalArgumentException.class, () -> {
    [javac]                                                                   ^
    [javac] /tmp/fix_test_suite.pl_30885_1702803222/llm/org/apache/commons/codec/binary/StringUtils_LLMTest.java:732: error: ';' expected
    [javac]         Assert.assertThrows(IllegalArgumentException.class, () -> {
    [javac]                                                                    ^
    [javac] /tmp/fix_test_suite.pl_30885_1702803222/llm/org/apache/commons/codec/binary/StringUtils_LLMTest.java:733: error: illegal start of expression
    [javac]             StringUtils.newStringUtf16Be(invalidBytes);
    [javac]                        ^
    [javac] /tmp/fix_test_suite.pl_30885_1702803222/llm/org/apache/commons/codec/binary/StringUtils_LLMTest.java:733: error: ';' expected
    [javac]             StringUtils.newStringUtf16Be(invalidBytes);
    [javac]                                         ^
    [javac] /tmp/fix_test_suite.pl_30885_1702803222/llm/org/apache/commons/codec/binary/StringUtils_LLMTest.java:733: error: not a statement
    [javac]             StringUtils.newStringUtf16Be(invalidBytes);
    [javac]                                          ^
    [javac] /tmp/fix_test_suite.pl_30885_1702803222/llm/org/apache/commons/codec/binary/StringUtils_LLMTest.java:733: error: ';' expected
    [javac]             StringUtils.newStringUtf16Be(invalidBytes);
    [javac]                                                      ^
    [javac] /tmp/fix_test_suite.pl_30885_1702803222/llm/org/apache/commons/codec/binary/StringUtils_LLMTest.java:734: error: illegal start of type
    [javac]         });
    [javac]          ^
    [javac] /tmp/fix_test_suite.pl_30885_1702803222/llm/org/apache/commons/codec/binary/StringUtils_LLMTest.java:737: error: class, interface, or enum expected
    [javac]     public void test81() {
    [javac]            ^
    [javac] /tmp/fix_test_suite.pl_30885_1702803222/llm/org/apache/commons/codec/binary/StringUtils_LLMTest.java:739: error: class, interface, or enum expected
    [javac]         Assert.assertEquals("", StringUtils.newStringUtf16Be(emptyBytes));
    [javac]         ^
    [javac] /tmp/fix_test_suite.pl_30885_1702803222/llm/org/apache/commons/codec/binary/StringUtils_LLMTest.java:740: error: class, interface, or enum expected
    [javac]     }
    [javac]     ^
    [javac] /tmp/fix_test_suite.pl_30885_1702803222/llm/org/apache/commons/codec/binary/StringUtils_LLMTest.java:742: error: class, interface, or enum expected
    [javac]     public void test82() {
    [javac]            ^
    [javac] /tmp/fix_test_suite.pl_30885_1702803222/llm/org/apache/commons/codec/binary/StringUtils_LLMTest.java:744: error: class, interface, or enum expected
    [javac]     }
    [javac]     ^
    [javac] /tmp/fix_test_suite.pl_30885_1702803222/llm/org/apache/commons/codec/binary/StringUtils_LLMTest.java:746: error: class, interface, or enum expected
    [javac] public void test83() throws UnsupportedEncodingException {
    [javac]        ^
    [javac] /tmp/fix_test_suite.pl_30885_1702803222/llm/org/apache/commons/codec/binary/StringUtils_LLMTest.java:747: error: class, interface, or enum expected
    [javac]     final String charsetName = "UTF-16LE";
    [javac]           ^
    [javac] /tmp/fix_test_suite.pl_30885_1702803222/llm/org/apache/commons/codec/binary/StringUtils_LLMTest.java:748: error: class, interface, or enum expected
    [javac]     testNewString(charsetName);
    [javac]     ^
    [javac] /tmp/fix_test_suite.pl_30885_1702803222/llm/org/apache/commons/codec/binary/StringUtils_LLMTest.java:749: error: class, interface, or enum expected
    [javac]     final String expected = new String(BYTES_FIXTURE_16LE, charsetName);
    [javac]           ^
    [javac] /tmp/fix_test_suite.pl_30885_1702803222/llm/org/apache/commons/codec/binary/StringUtils_LLMTest.java:750: error: class, interface, or enum expected
    [javac]     final String actual = StringUtils.newStringUtf16Le(BYTES_FIXTURE_16LE);
    [javac]           ^
    [javac] /tmp/fix_test_suite.pl_30885_1702803222/llm/org/apache/commons/codec/binary/StringUtils_LLMTest.java:751: error: class, interface, or enum expected
    [javac]     Assert.assertEquals(expected, actual);
    [javac]     ^
    [javac] /tmp/fix_test_suite.pl_30885_1702803222/llm/org/apache/commons/codec/binary/StringUtils_LLMTest.java:754: error: class, interface, or enum expected
    [javac]     final String actual1 = StringUtils.newStringUtf16Le(new byte[0]);
    [javac]           ^
    [javac] /tmp/fix_test_suite.pl_30885_1702803222/llm/org/apache/commons/codec/binary/StringUtils_LLMTest.java:755: error: class, interface, or enum expected
    [javac]     Assert.assertEquals("", actual1);
    [javac]     ^
    [javac] /tmp/fix_test_suite.pl_30885_1702803222/llm/org/apache/commons/codec/binary/StringUtils_LLMTest.java:758: error: class, interface, or enum expected
    [javac]     final byte[] input2 = { 0x00 };
    [javac]           ^
    [javac] /tmp/fix_test_suite.pl_30885_1702803222/llm/org/apache/commons/codec/binary/StringUtils_LLMTest.java:759: error: class, interface, or enum expected
    [javac]     final String expected2 = "\u0000";
    [javac]           ^
    [javac] /tmp/fix_test_suite.pl_30885_1702803222/llm/org/apache/commons/codec/binary/StringUtils_LLMTest.java:760: error: class, interface, or enum expected
    [javac]     final String actual2 = StringUtils.newStringUtf16Le(input2);
    [javac]           ^
    [javac] /tmp/fix_test_suite.pl_30885_1702803222/llm/org/apache/commons/codec/binary/StringUtils_LLMTest.java:761: error: class, interface, or enum expected
    [javac]     Assert.assertEquals(expected2, actual2);
    [javac]     ^
    [javac] /tmp/fix_test_suite.pl_30885_1702803222/llm/org/apache/commons/codec/binary/StringUtils_LLMTest.java:762: error: class, interface, or enum expected
    [javac] }
    [javac] ^
    [javac] /tmp/fix_test_suite.pl_30885_1702803222/llm/org/apache/commons/codec/binary/StringUtils_LLMTest.java:764: error: class, interface, or enum expected
    [javac]     public void test84() throws UnsupportedEncodingException {
    [javac]            ^
    [javac] /tmp/fix_test_suite.pl_30885_1702803222/llm/org/apache/commons/codec/binary/StringUtils_LLMTest.java:765: error: class, interface, or enum expected
    [javac]         final String charsetName = "UTF-8";
    [javac]               ^
    [javac] /tmp/fix_test_suite.pl_30885_1702803222/llm/org/apache/commons/codec/binary/StringUtils_LLMTest.java:766: error: class, interface, or enum expected
    [javac]         testNewString(charsetName);
    [javac]         ^
    [javac] /tmp/fix_test_suite.pl_30885_1702803222/llm/org/apache/commons/codec/binary/StringUtils_LLMTest.java:767: error: class, interface, or enum expected
    [javac]         final String expected = new String(BYTES_FIXTURE, charsetName);
    [javac]               ^
    [javac] /tmp/fix_test_suite.pl_30885_1702803222/llm/org/apache/commons/codec/binary/StringUtils_LLMTest.java:768: error: class, interface, or enum expected
    [javac]         final String actual = StringUtils.newStringUtf8(BYTES_FIXTURE);
    [javac]               ^
    [javac] /tmp/fix_test_suite.pl_30885_1702803222/llm/org/apache/commons/codec/binary/StringUtils_LLMTest.java:769: error: class, interface, or enum expected
    [javac]         Assert.assertEquals(expected, actual);
    [javac]         ^
    [javac] /tmp/fix_test_suite.pl_30885_1702803222/llm/org/apache/commons/codec/binary/StringUtils_LLMTest.java:774: error: class, interface, or enum expected
    [javac]         final String expectedEmpty = "";
    [javac]               ^
    [javac] /tmp/fix_test_suite.pl_30885_1702803222/llm/org/apache/commons/codec/binary/StringUtils_LLMTest.java:775: error: class, interface, or enum expected
    [javac]         final String actualEmpty = StringUtils.newStringUtf8(new byte[0]);
    [javac]               ^
    [javac] /tmp/fix_test_suite.pl_30885_1702803222/llm/org/apache/commons/codec/binary/StringUtils_LLMTest.java:776: error: class, interface, or enum expected
    [javac]         Assert.assertEquals(expectedEmpty, actualEmpty);
    [javac]         ^
    [javac] /tmp/fix_test_suite.pl_30885_1702803222/llm/org/apache/commons/codec/binary/StringUtils_LLMTest.java:779: error: class, interface, or enum expected
    [javac]         final String expectedSingleByte = "A";
    [javac]               ^
    [javac] /tmp/fix_test_suite.pl_30885_1702803222/llm/org/apache/commons/codec/binary/StringUtils_LLMTest.java:780: error: class, interface, or enum expected
    [javac]         final String actualSingleByte = StringUtils.newStringUtf8(new byte[]{65});
    [javac]               ^
    [javac] /tmp/fix_test_suite.pl_30885_1702803222/llm/org/apache/commons/codec/binary/StringUtils_LLMTest.java:781: error: class, interface, or enum expected
    [javac]         Assert.assertEquals(expectedSingleByte, actualSingleByte);
    [javac]         ^
    [javac] /tmp/fix_test_suite.pl_30885_1702803222/llm/org/apache/commons/codec/binary/StringUtils_LLMTest.java:784: error: class, interface, or enum expected
    [javac]         final String expectedInvalid = "�";
    [javac]               ^
    [javac] /tmp/fix_test_suite.pl_30885_1702803222/llm/org/apache/commons/codec/binary/StringUtils_LLMTest.java:785: error: class, interface, or enum expected
    [javac]         final byte[] invalidBytes = {(byte) 0b11111100, (byte) 0b10000000, (byte) 0b10000000}; // Invalid byte sequence: 11111100 10000000 10000000
    [javac]               ^
    [javac] /tmp/fix_test_suite.pl_30885_1702803222/llm/org/apache/commons/codec/binary/StringUtils_LLMTest.java:786: error: class, interface, or enum expected
    [javac]         final String actualInvalid = StringUtils.newStringUtf8(invalidBytes);
    [javac]               ^
    [javac] /tmp/fix_test_suite.pl_30885_1702803222/llm/org/apache/commons/codec/binary/StringUtils_LLMTest.java:787: error: class, interface, or enum expected
    [javac]         Assert.assertEquals(expectedInvalid, actualInvalid);
    [javac]         ^
    [javac] /tmp/fix_test_suite.pl_30885_1702803222/llm/org/apache/commons/codec/binary/StringUtils_LLMTest.java:788: error: class, interface, or enum expected
    [javac]     }
    [javac]     ^
    [javac] /tmp/fix_test_suite.pl_30885_1702803222/llm/org/apache/commons/codec/binary/StringUtils_LLMTest.java:790: error: class, interface, or enum expected
    [javac]     public void test85() {
    [javac]            ^
    [javac] /tmp/fix_test_suite.pl_30885_1702803222/llm/org/apache/commons/codec/binary/StringUtils_LLMTest.java:792: error: class, interface, or enum expected
    [javac]         Assert.assertNull(StringUtils.newStringIso8859_1(null));
    [javac]         ^
    [javac] /tmp/fix_test_suite.pl_30885_1702803222/llm/org/apache/commons/codec/binary/StringUtils_LLMTest.java:793: error: class, interface, or enum expected
    [javac]         Assert.assertNull(StringUtils.newStringUsAscii(null));
    [javac]         ^
    [javac] /tmp/fix_test_suite.pl_30885_1702803222/llm/org/apache/commons/codec/binary/StringUtils_LLMTest.java:794: error: class, interface, or enum expected
    [javac]         Assert.assertNull(StringUtils.newStringUtf16(null));
    [javac]         ^
    [javac] /tmp/fix_test_suite.pl_30885_1702803222/llm/org/apache/commons/codec/binary/StringUtils_LLMTest.java:795: error: class, interface, or enum expected
    [javac]         Assert.assertNull(StringUtils.newStringUtf16Be(null));
    [javac]         ^
    [javac] /tmp/fix_test_suite.pl_30885_1702803222/llm/org/apache/commons/codec/binary/StringUtils_LLMTest.java:796: error: class, interface, or enum expected
    [javac]         Assert.assertNull(StringUtils.newStringUtf16Le(null));
    [javac]         ^
    [javac] /tmp/fix_test_suite.pl_30885_1702803222/llm/org/apache/commons/codec/binary/StringUtils_LLMTest.java:801: error: class, interface, or enum expected
    [javac]         final byte[] nullBytes = null;
    [javac]               ^
    [javac] /tmp/fix_test_suite.pl_30885_1702803222/llm/org/apache/commons/codec/binary/StringUtils_LLMTest.java:802: error: class, interface, or enum expected
    [javac]         final String expectedNull = null;
    [javac]               ^
    [javac] /tmp/fix_test_suite.pl_30885_1702803222/llm/org/apache/commons/codec/binary/StringUtils_LLMTest.java:803: error: class, interface, or enum expected
    [javac]         final String actualNull = StringUtils.newStringUtf8(nullBytes);
    [javac]               ^
    [javac] /tmp/fix_test_suite.pl_30885_1702803222/llm/org/apache/commons/codec/binary/StringUtils_LLMTest.java:804: error: class, interface, or enum expected
    [javac]         Assert.assertEquals(expectedNull, actualNull);
    [javac]         ^
    [javac] /tmp/fix_test_suite.pl_30885_1702803222/llm/org/apache/commons/codec/binary/StringUtils_LLMTest.java:805: error: class, interface, or enum expected
    [javac]     }
    [javac]     ^
    [javac] 55 errors

BUILD FAILED
/defects4j/framework/projects/defects4j.build.xml:265: Compile failed; see the compiler error output for details.

Total time: 1 second
- Compilation issues: Codec-18b-llm.3.tar.bz2
Picked up JAVA_TOOL_OPTIONS: -Dfile.encoding=UTF8
OpenJDK 64-Bit Server VM warning: ignoring option MaxPermSize=1G; support was removed in 8.0
Buildfile: /defects4j/framework/projects/defects4j.build.xml

test-offline:

get-deps:

commons-codec-from-maven.compile:
    [javac] /tmp/fix_test_suite.pl_30885_1702803222/maven-build.xml:78: warning: 'includeantruntime' was not set, defaulting to build.sysclasspath=last; set to false for repeatable builds

compile:

compile.gen.tests:
     [echo] classes.dir: target/classes
     [echo] build.home: target/classes/..
   [delete] Deleting directory /tmp/fix_test_suite.pl_30885_1702803222/.classes_testgen
    [mkdir] Created dir: /tmp/fix_test_suite.pl_30885_1702803222/.classes_testgen
    [javac] /defects4j/framework/projects/defects4j.build.xml:265: warning: 'includeantruntime' was not set, defaulting to build.sysclasspath=last; set to false for repeatable builds
    [javac] Compiling 1 source file to /tmp/fix_test_suite.pl_30885_1702803222/.classes_testgen
    [javac] warning: /root/.sdkman/candidates/java/8.0.302-open/lib/ct.sym(META-INF/sym/rt.jar/java/io/UnsupportedEncodingException.class): major version 52 is newer than 51, the highest major version supported by this compiler.
    [javac]   It is recommended that the compiler be upgraded.
    [javac] warning: /root/.sdkman/candidates/java/8.0.302-open/lib/ct.sym(META-INF/sym/rt.jar/java/util/Arrays.class): major version 52 is newer than 51, the highest major version supported by this compiler.
    [javac]   It is recommended that the compiler be upgraded.
    [javac] warning: /root/.sdkman/candidates/java/8.0.302-open/lib/ct.sym(META-INF/sym/rt.jar/java/lang/Object.class): major version 52 is newer than 51, the highest major version supported by this compiler.
    [javac]   It is recommended that the compiler be upgraded.
    [javac] /root/.sdkman/candidates/java/8.0.302-open/lib/ct.sym(META-INF/sym/rt.jar/java/io/UnsupportedEncodingException.class): warning: Cannot find annotation method 'value()' in type 'Profile+Annotation': class file for jdk.Profile+Annotation not found
    [javac] /root/.sdkman/candidates/java/8.0.302-open/lib/ct.sym(META-INF/sym/rt.jar/java/util/Arrays.class): warning: Cannot find annotation method 'value()' in type 'Profile+Annotation'
    [javac] warning: /root/.sdkman/candidates/java/8.0.302-open/lib/ct.sym(META-INF/sym/rt.jar/java/lang/annotation/Retention.class): major version 52 is newer than 51, the highest major version supported by this compiler.
    [javac]   It is recommended that the compiler be upgraded.
    [javac] warning: /root/.sdkman/candidates/java/8.0.302-open/lib/ct.sym(META-INF/sym/rt.jar/java/lang/annotation/RetentionPolicy.class): major version 52 is newer than 51, the highest major version supported by this compiler.
    [javac]   It is recommended that the compiler be upgraded.
    [javac] warning: /root/.sdkman/candidates/java/8.0.302-open/lib/ct.sym(META-INF/sym/rt.jar/java/lang/annotation/Target.class): major version 52 is newer than 51, the highest major version supported by this compiler.
    [javac]   It is recommended that the compiler be upgraded.
    [javac] warning: /root/.sdkman/candidates/java/8.0.302-open/lib/ct.sym(META-INF/sym/rt.jar/java/lang/annotation/ElementType.class): major version 52 is newer than 51, the highest major version supported by this compiler.
    [javac]   It is recommended that the compiler be upgraded.
    [javac] /root/.sdkman/candidates/java/8.0.302-open/lib/ct.sym(META-INF/sym/rt.jar/java/lang/Object.class): warning: Cannot find annotation method 'value()' in type 'Profile+Annotation'
    [javac] warning: /root/.sdkman/candidates/java/8.0.302-open/lib/ct.sym(META-INF/sym/rt.jar/java/lang/annotation/Annotation.class): major version 52 is newer than 51, the highest major version supported by this compiler.
    [javac]   It is recommended that the compiler be upgraded.
    [javac] /root/.sdkman/candidates/java/8.0.302-open/lib/ct.sym(META-INF/sym/rt.jar/java/lang/annotation/Retention.class): warning: Cannot find annotation method 'value()' in type 'Profile+Annotation'
    [javac] /root/.sdkman/candidates/java/8.0.302-open/lib/ct.sym(META-INF/sym/rt.jar/java/lang/annotation/RetentionPolicy.class): warning: Cannot find annotation method 'value()' in type 'Profile+Annotation'
    [javac] /root/.sdkman/candidates/java/8.0.302-open/lib/ct.sym(META-INF/sym/rt.jar/java/lang/annotation/Target.class): warning: Cannot find annotation method 'value()' in type 'Profile+Annotation'
    [javac] /root/.sdkman/candidates/java/8.0.302-open/lib/ct.sym(META-INF/sym/rt.jar/java/lang/annotation/ElementType.class): warning: Cannot find annotation method 'value()' in type 'Profile+Annotation'
    [javac] /root/.sdkman/candidates/java/8.0.302-open/lib/ct.sym(META-INF/sym/rt.jar/java/lang/annotation/Annotation.class): warning: Cannot find annotation method 'value()' in type 'Profile+Annotation'
    [javac] warning: /root/.sdkman/candidates/java/8.0.302-open/lib/ct.sym(META-INF/sym/rt.jar/java/lang/AutoCloseable.class): major version 52 is newer than 51, the highest major version supported by this compiler.
    [javac]   It is recommended that the compiler be upgraded.
    [javac] /root/.sdkman/candidates/java/8.0.302-open/lib/ct.sym(META-INF/sym/rt.jar/java/lang/AutoCloseable.class): warning: Cannot find annotation method 'value()' in type 'Profile+Annotation'
    [javac] warning: /root/.sdkman/candidates/java/8.0.302-open/lib/ct.sym(META-INF/sym/rt.jar/java/lang/StringBuilder.class): major version 52 is newer than 51, the highest major version supported by this compiler.
    [javac]   It is recommended that the compiler be upgraded.
    [javac] /root/.sdkman/candidates/java/8.0.302-open/lib/ct.sym(META-INF/sym/rt.jar/java/lang/StringBuilder.class): warning: Cannot find annotation method 'value()' in type 'Profile+Annotation'
    [javac] warning: /root/.sdkman/candidates/java/8.0.302-open/lib/ct.sym(META-INF/sym/rt.jar/java/lang/String.class): major version 52 is newer than 51, the highest major version supported by this compiler.
    [javac]   It is recommended that the compiler be upgraded.
    [javac] /root/.sdkman/candidates/java/8.0.302-open/lib/ct.sym(META-INF/sym/rt.jar/java/lang/String.class): warning: Cannot find annotation method 'value()' in type 'Profile+Annotation'
    [javac] warning: /root/.sdkman/candidates/java/8.0.302-open/lib/ct.sym(META-INF/sym/rt.jar/java/lang/CharSequence.class): major version 52 is newer than 51, the highest major version supported by this compiler.
    [javac]   It is recommended that the compiler be upgraded.
    [javac] /root/.sdkman/candidates/java/8.0.302-open/lib/ct.sym(META-INF/sym/rt.jar/java/lang/CharSequence.class): warning: Cannot find annotation method 'value()' in type 'Profile+Annotation'
    [javac] warning: /root/.sdkman/candidates/java/8.0.302-open/lib/ct.sym(META-INF/sym/rt.jar/java/io/Serializable.class): major version 52 is newer than 51, the highest major version supported by this compiler.
    [javac]   It is recommended that the compiler be upgraded.
    [javac] /root/.sdkman/candidates/java/8.0.302-open/lib/ct.sym(META-INF/sym/rt.jar/java/io/Serializable.class): warning: Cannot find annotation method 'value()' in type 'Profile+Annotation'
    [javac] warning: /root/.sdkman/candidates/java/8.0.302-open/lib/ct.sym(META-INF/sym/rt.jar/java/lang/Comparable.class): major version 52 is newer than 51, the highest major version supported by this compiler.
    [javac]   It is recommended that the compiler be upgraded.
    [javac] /root/.sdkman/candidates/java/8.0.302-open/lib/ct.sym(META-INF/sym/rt.jar/java/lang/Comparable.class): warning: Cannot find annotation method 'value()' in type 'Profile+Annotation'
    [javac] warning: /root/.sdkman/candidates/java/8.0.302-open/lib/ct.sym(META-INF/sym/rt.jar/java/lang/AbstractStringBuilder.class): major version 52 is newer than 51, the highest major version supported by this compiler.
    [javac]   It is recommended that the compiler be upgraded.
    [javac] /root/.sdkman/candidates/java/8.0.302-open/lib/ct.sym(META-INF/sym/rt.jar/java/lang/AbstractStringBuilder.class): warning: Cannot find annotation method 'value()' in type 'Profile+Annotation'
    [javac] warning: /root/.sdkman/candidates/java/8.0.302-open/lib/ct.sym(META-INF/sym/rt.jar/java/lang/Appendable.class): major version 52 is newer than 51, the highest major version supported by this compiler.
    [javac]   It is recommended that the compiler be upgraded.
    [javac] /root/.sdkman/candidates/java/8.0.302-open/lib/ct.sym(META-INF/sym/rt.jar/java/lang/Appendable.class): warning: Cannot find annotation method 'value()' in type 'Profile+Annotation'
    [javac] warning: /root/.sdkman/candidates/java/8.0.302-open/lib/ct.sym(META-INF/sym/rt.jar/java/io/IOException.class): major version 52 is newer than 51, the highest major version supported by this compiler.
    [javac]   It is recommended that the compiler be upgraded.
    [javac] /root/.sdkman/candidates/java/8.0.302-open/lib/ct.sym(META-INF/sym/rt.jar/java/io/IOException.class): warning: Cannot find annotation method 'value()' in type 'Profile+Annotation'
    [javac] warning: /root/.sdkman/candidates/java/8.0.302-open/lib/ct.sym(META-INF/sym/rt.jar/java/lang/Exception.class): major version 52 is newer than 51, the highest major version supported by this compiler.
    [javac]   It is recommended that the compiler be upgraded.
    [javac] /root/.sdkman/candidates/java/8.0.302-open/lib/ct.sym(META-INF/sym/rt.jar/java/lang/Exception.class): warning: Cannot find annotation method 'value()' in type 'Profile+Annotation'
    [javac] warning: /root/.sdkman/candidates/java/8.0.302-open/lib/ct.sym(META-INF/sym/rt.jar/java/lang/Throwable.class): major version 52 is newer than 51, the highest major version supported by this compiler.
    [javac]   It is recommended that the compiler be upgraded.
    [javac] /root/.sdkman/candidates/java/8.0.302-open/lib/ct.sym(META-INF/sym/rt.jar/java/lang/Throwable.class): warning: Cannot find annotation method 'value()' in type 'Profile+Annotation'
    [javac] /tmp/fix_test_suite.pl_30885_1702803222/llm/org/apache/commons/codec/binary/StringUtils_LLMTest.java:52: error: cannot find symbol
    [javac]         testGetBytesUnchecked(charsetName);
    [javac]         ^
    [javac]   symbol:   method testGetBytesUnchecked(String)
    [javac]   location: class StringUtils_LLMTest
    [javac] /tmp/fix_test_suite.pl_30885_1702803222/llm/org/apache/commons/codec/binary/StringUtils_LLMTest.java:53: error: cannot find symbol
    [javac]         final byte[] expected = StringUtils.getBytesUtf16Le(STRING_FIXTURE);
    [javac]                                                             ^
    [javac]   symbol:   variable STRING_FIXTURE
    [javac]   location: class StringUtils_LLMTest
    [javac] /tmp/fix_test_suite.pl_30885_1702803222/llm/org/apache/commons/codec/binary/StringUtils_LLMTest.java:60: error: cannot find symbol
    [javac]         testGetBytesUnchecked(charsetName);
    [javac]         ^
    [javac]   symbol:   method testGetBytesUnchecked(String)
    [javac]   location: class StringUtils_LLMTest
    [javac] /tmp/fix_test_suite.pl_30885_1702803222/llm/org/apache/commons/codec/binary/StringUtils_LLMTest.java:61: error: cannot find symbol
    [javac]         final byte[] expected = StringUtils.getBytesUtf16Be(STRING_FIXTURE);
    [javac]                                                             ^
    [javac]   symbol:   variable STRING_FIXTURE
    [javac]   location: class StringUtils_LLMTest
    [javac] /tmp/fix_test_suite.pl_30885_1702803222/llm/org/apache/commons/codec/binary/StringUtils_LLMTest.java:68: error: cannot find symbol
    [javac]         testGetBytesUnchecked(charsetName);
    [javac]         ^
    [javac]   symbol:   method testGetBytesUnchecked(String)
    [javac]   location: class StringUtils_LLMTest
    [javac] /tmp/fix_test_suite.pl_30885_1702803222/llm/org/apache/commons/codec/binary/StringUtils_LLMTest.java:69: error: cannot find symbol
    [javac]         final byte[] expected = StringUtils.getBytesIso8859_1(STRING_FIXTURE);
    [javac]                                                               ^
    [javac]   symbol:   variable STRING_FIXTURE
    [javac]   location: class StringUtils_LLMTest
    [javac] /tmp/fix_test_suite.pl_30885_1702803222/llm/org/apache/commons/codec/binary/StringUtils_LLMTest.java:76: error: cannot find symbol
    [javac]         testGetBytesUnchecked(charsetName);
    [javac]         ^
    [javac]   symbol:   method testGetBytesUnchecked(String)
    [javac]   location: class StringUtils_LLMTest
    [javac] /tmp/fix_test_suite.pl_30885_1702803222/llm/org/apache/commons/codec/binary/StringUtils_LLMTest.java:77: error: cannot find symbol
    [javac]         final byte[] expected = StringUtils.getBytesUtf8(STRING_FIXTURE);
    [javac]                                                          ^
    [javac]   symbol:   variable STRING_FIXTURE
    [javac]   location: class StringUtils_LLMTest
    [javac] /tmp/fix_test_suite.pl_30885_1702803222/llm/org/apache/commons/codec/binary/StringUtils_LLMTest.java:84: error: cannot find symbol
    [javac]         testGetBytesUnchecked(charsetName);
    [javac]         ^
    [javac]   symbol:   method testGetBytesUnchecked(String)
    [javac]   location: class StringUtils_LLMTest
    [javac] /tmp/fix_test_suite.pl_30885_1702803222/llm/org/apache/commons/codec/binary/StringUtils_LLMTest.java:85: error: cannot find symbol
    [javac]         final byte[] expected = StringUtils.getBytesUtf16(STRING_FIXTURE);
    [javac]                                                           ^
    [javac]   symbol:   variable STRING_FIXTURE
    [javac]   location: class StringUtils_LLMTest
    [javac] /tmp/fix_test_suite.pl_30885_1702803222/llm/org/apache/commons/codec/binary/StringUtils_LLMTest.java:92: error: cannot find symbol
    [javac]         testGetBytesUnchecked(charsetName);
    [javac]         ^
    [javac]   symbol:   method testGetBytesUnchecked(String)
    [javac]   location: class StringUtils_LLMTest
    [javac] /tmp/fix_test_suite.pl_30885_1702803222/llm/org/apache/commons/codec/binary/StringUtils_LLMTest.java:93: error: cannot find symbol
    [javac]         final byte[] expected = StringUtils.getBytesUsAscii(STRING_FIXTURE);
    [javac]                                                             ^
    [javac]   symbol:   variable STRING_FIXTURE
    [javac]   location: class StringUtils_LLMTest
    [javac] /tmp/fix_test_suite.pl_30885_1702803222/llm/org/apache/commons/codec/binary/StringUtils_LLMTest.java:100: error: cannot find symbol
    [javac]         testGetBytesUnchecked(charsetName);
    [javac]         ^
    [javac]   symbol:   method testGetBytesUnchecked(String)
    [javac]   location: class StringUtils_LLMTest
    [javac] warning: /root/.sdkman/candidates/java/8.0.302-open/lib/ct.sym(META-INF/sym/rt.jar/java/nio/charset/Charset.class): major version 52 is newer than 51, the highest major version supported by this compiler.
    [javac]   It is recommended that the compiler be upgraded.
    [javac] /root/.sdkman/candidates/java/8.0.302-open/lib/ct.sym(META-INF/sym/rt.jar/java/nio/charset/Charset.class): warning: Cannot find annotation method 'value()' in type 'Profile+Annotation'
    [javac] /tmp/fix_test_suite.pl_30885_1702803222/llm/org/apache/commons/codec/binary/StringUtils_LLMTest.java:108: error: cannot find symbol
    [javac]         testGetBytesUnchecked(charsetName);
    [javac]         ^
    [javac]   symbol:   method testGetBytesUnchecked(String)
    [javac]   location: class StringUtils_LLMTest
    [javac] /tmp/fix_test_suite.pl_30885_1702803222/llm/org/apache/commons/codec/binary/StringUtils_LLMTest.java:116: error: cannot find symbol
    [javac]         testGetBytesUnchecked(charsetName);
    [javac]         ^
    [javac]   symbol:   method testGetBytesUnchecked(String)
    [javac]   location: class StringUtils_LLMTest
    [javac] /tmp/fix_test_suite.pl_30885_1702803222/llm/org/apache/commons/codec/binary/StringUtils_LLMTest.java:124: error: cannot find symbol
    [javac]         testGetBytesUnchecked(charsetName);
    [javac]         ^
    [javac]   symbol:   method testGetBytesUnchecked(String)
    [javac]   location: class StringUtils_LLMTest
    [javac] /tmp/fix_test_suite.pl_30885_1702803222/llm/org/apache/commons/codec/binary/StringUtils_LLMTest.java:132: error: cannot find symbol
    [javac]             StringUtils.getBytesUnchecked(STRING_FIXTURE, "UNKNOWN");
    [javac]                                           ^
    [javac]   symbol:   variable STRING_FIXTURE
    [javac]   location: class StringUtils_LLMTest
    [javac] warning: /root/.sdkman/candidates/java/8.0.302-open/lib/ct.sym(META-INF/sym/rt.jar/java/lang/IllegalStateException.class): major version 52 is newer than 51, the highest major version supported by this compiler.
    [javac]   It is recommended that the compiler be upgraded.
    [javac] /root/.sdkman/candidates/java/8.0.302-open/lib/ct.sym(META-INF/sym/rt.jar/java/lang/IllegalStateException.class): warning: Cannot find annotation method 'value()' in type 'Profile+Annotation'
    [javac] warning: /root/.sdkman/candidates/java/8.0.302-open/lib/ct.sym(META-INF/sym/rt.jar/java/lang/Class.class): major version 52 is newer than 51, the highest major version supported by this compiler.
    [javac]   It is recommended that the compiler be upgraded.
    [javac] /root/.sdkman/candidates/java/8.0.302-open/lib/ct.sym(META-INF/sym/rt.jar/java/lang/Class.class): warning: Cannot find annotation method 'value()' in type 'Profile+Annotation'
    [javac] warning: /root/.sdkman/candidates/java/8.0.302-open/lib/ct.sym(META-INF/sym/rt.jar/java/lang/RuntimeException.class): major version 52 is newer than 51, the highest major version supported by this compiler.
    [javac]   It is recommended that the compiler be upgraded.
    [javac] /root/.sdkman/candidates/java/8.0.302-open/lib/ct.sym(META-INF/sym/rt.jar/java/lang/RuntimeException.class): warning: Cannot find annotation method 'value()' in type 'Profile+Annotation'
    [javac] /tmp/fix_test_suite.pl_30885_1702803222/llm/org/apache/commons/codec/binary/StringUtils_LLMTest.java:141: error: cannot find symbol
    [javac]         testGetBytesUnchecked(charsetName);
    [javac]         ^
    [javac]   symbol:   method testGetBytesUnchecked(String)
    [javac]   location: class StringUtils_LLMTest
    [javac] /tmp/fix_test_suite.pl_30885_1702803222/llm/org/apache/commons/codec/binary/StringUtils_LLMTest.java:142: error: cannot find symbol
    [javac]         final byte[] expected = STRING_FIXTURE.getBytes(charsetName);
    [javac]                                 ^
    [javac]   symbol:   variable STRING_FIXTURE
    [javac]   location: class StringUtils_LLMTest
    [javac] /tmp/fix_test_suite.pl_30885_1702803222/llm/org/apache/commons/codec/binary/StringUtils_LLMTest.java:143: error: cannot find symbol
    [javac]         final byte[] actual = StringUtils.getBytesIso8859_1(STRING_FIXTURE);
    [javac]                                                             ^
    [javac]   symbol:   variable STRING_FIXTURE
    [javac]   location: class StringUtils_LLMTest
    [javac] /tmp/fix_test_suite.pl_30885_1702803222/llm/org/apache/commons/codec/binary/StringUtils_LLMTest.java:153: error: cannot find symbol
    [javac]         testGetBytesUnchecked(charsetName);
    [javac]         ^
    [javac]   symbol:   method testGetBytesUnchecked(String)
    [javac]   location: class StringUtils_LLMTest
    [javac] /tmp/fix_test_suite.pl_30885_1702803222/llm/org/apache/commons/codec/binary/StringUtils_LLMTest.java:154: error: cannot find symbol
    [javac]         final byte[] expected = STRING_FIXTURE.getBytes(charsetName);
    [javac]                                 ^
    [javac]   symbol:   variable STRING_FIXTURE
    [javac]   location: class StringUtils_LLMTest
    [javac] /tmp/fix_test_suite.pl_30885_1702803222/llm/org/apache/commons/codec/binary/StringUtils_LLMTest.java:155: error: cannot find symbol
    [javac]         final byte[] actual = StringUtils.getBytesUtf16Le(STRING_FIXTURE);
    [javac]                                                           ^
    [javac]   symbol:   variable STRING_FIXTURE
    [javac]   location: class StringUtils_LLMTest
    [javac] /tmp/fix_test_suite.pl_30885_1702803222/llm/org/apache/commons/codec/binary/StringUtils_LLMTest.java:161: error: cannot find symbol
    [javac]         testGetBytesUnchecked(charsetName);
    [javac]         ^
    [javac]   symbol:   method testGetBytesUnchecked(String)
    [javac]   location: class StringUtils_LLMTest
    [javac] /tmp/fix_test_suite.pl_30885_1702803222/llm/org/apache/commons/codec/binary/StringUtils_LLMTest.java:162: error: cannot find symbol
    [javac]         final byte[] expected = STRING_FIXTURE.getBytes(charsetName);
    [javac]                                 ^
    [javac]   symbol:   variable STRING_FIXTURE
    [javac]   location: class StringUtils_LLMTest
    [javac] /tmp/fix_test_suite.pl_30885_1702803222/llm/org/apache/commons/codec/binary/StringUtils_LLMTest.java:163: error: cannot find symbol
    [javac]         final byte[] actual = StringUtils.getBytesUtf8(STRING_FIXTURE);
    [javac]                                                        ^
    [javac]   symbol:   variable STRING_FIXTURE
    [javac]   location: class StringUtils_LLMTest
    [javac] /tmp/fix_test_suite.pl_30885_1702803222/llm/org/apache/commons/codec/binary/StringUtils_LLMTest.java:169: error: cannot find symbol
    [javac]         testGetBytesUnchecked(charsetName);
    [javac]         ^
    [javac]   symbol:   method testGetBytesUnchecked(String)
    [javac]   location: class StringUtils_LLMTest
    [javac] /tmp/fix_test_suite.pl_30885_1702803222/llm/org/apache/commons/codec/binary/StringUtils_LLMTest.java:170: error: cannot find symbol
    [javac]         final byte[] expected = STRING_FIXTURE.getBytes(charsetName);
    [javac]                                 ^
    [javac]   symbol:   variable STRING_FIXTURE
    [javac]   location: class StringUtils_LLMTest
    [javac] /tmp/fix_test_suite.pl_30885_1702803222/llm/org/apache/commons/codec/binary/StringUtils_LLMTest.java:171: error: cannot find symbol
    [javac]         final byte[] actual = StringUtils.getBytesUsAscii(STRING_FIXTURE);
    [javac]                                                           ^
    [javac]   symbol:   variable STRING_FIXTURE
    [javac]   location: class StringUtils_LLMTest
    [javac] /tmp/fix_test_suite.pl_30885_1702803222/llm/org/apache/commons/codec/binary/StringUtils_LLMTest.java:177: error: cannot find symbol
    [javac]         testGetBytesUnchecked(charsetName);
    [javac]         ^
    [javac]   symbol:   method testGetBytesUnchecked(String)
    [javac]   location: class StringUtils_LLMTest
    [javac] /tmp/fix_test_suite.pl_30885_1702803222/llm/org/apache/commons/codec/binary/StringUtils_LLMTest.java:178: error: cannot find symbol
    [javac]         final byte[] expected = STRING_FIXTURE.getBytes(charsetName);
    [javac]                                 ^
    [javac]   symbol:   variable STRING_FIXTURE
    [javac]   location: class StringUtils_LLMTest
    [javac] /tmp/fix_test_suite.pl_30885_1702803222/llm/org/apache/commons/codec/binary/StringUtils_LLMTest.java:179: error: cannot find symbol
    [javac]         final byte[] actual = StringUtils.getBytesUtf16(STRING_FIXTURE);
    [javac]                                                         ^
    [javac]   symbol:   variable STRING_FIXTURE
    [javac]   location: class StringUtils_LLMTest
    [javac] /tmp/fix_test_suite.pl_30885_1702803222/llm/org/apache/commons/codec/binary/StringUtils_LLMTest.java:185: error: cannot find symbol
    [javac]         testGetBytesUnchecked(charsetName);
    [javac]         ^
    [javac]   symbol:   method testGetBytesUnchecked(String)
    [javac]   location: class StringUtils_LLMTest
    [javac] /tmp/fix_test_suite.pl_30885_1702803222/llm/org/apache/commons/codec/binary/StringUtils_LLMTest.java:186: error: cannot find symbol
    [javac]         final byte[] expected = STRING_FIXTURE.getBytes(charsetName);
    [javac]                                 ^
    [javac]   symbol:   variable STRING_FIXTURE
    [javac]   location: class StringUtils_LLMTest
    [javac] /tmp/fix_test_suite.pl_30885_1702803222/llm/org/apache/commons/codec/binary/StringUtils_LLMTest.java:187: error: cannot find symbol
    [javac]         final byte[] actual = StringUtils.getBytesUtf16Be(STRING_FIXTURE);
    [javac]                                                           ^
    [javac]   symbol:   variable STRING_FIXTURE
    [javac]   location: class StringUtils_LLMTest
    [javac] /tmp/fix_test_suite.pl_30885_1702803222/llm/org/apache/commons/codec/binary/StringUtils_LLMTest.java:193: error: cannot find symbol
    [javac]         testGetBytesUnchecked(charsetName);
    [javac]         ^
    [javac]   symbol:   method testGetBytesUnchecked(String)
    [javac]   location: class StringUtils_LLMTest
    [javac] /tmp/fix_test_suite.pl_30885_1702803222/llm/org/apache/commons/codec/binary/StringUtils_LLMTest.java:201: error: cannot find symbol
    [javac]         testGetBytesUnchecked(charsetName);
    [javac]         ^
    [javac]   symbol:   method testGetBytesUnchecked(String)
    [javac]   location: class StringUtils_LLMTest
    [javac] /tmp/fix_test_suite.pl_30885_1702803222/llm/org/apache/commons/codec/binary/StringUtils_LLMTest.java:209: error: cannot find symbol
    [javac]         testGetBytesUnchecked(charsetName);
    [javac]         ^
    [javac]   symbol:   method testGetBytesUnchecked(String)
    [javac]   location: class StringUtils_LLMTest
    [javac] /tmp/fix_test_suite.pl_30885_1702803222/llm/org/apache/commons/codec/binary/StringUtils_LLMTest.java:217: error: cannot find symbol
    [javac]         testGetBytesUnchecked(charsetName);
    [javac]         ^
    [javac]   symbol:   method testGetBytesUnchecked(String)
    [javac]   location: class StringUtils_LLMTest
    [javac] /tmp/fix_test_suite.pl_30885_1702803222/llm/org/apache/commons/codec/binary/StringUtils_LLMTest.java:225: error: cannot find symbol
    [javac]         testGetBytesUnchecked(charsetName);
    [javac]         ^
    [javac]   symbol:   method testGetBytesUnchecked(String)
    [javac]   location: class StringUtils_LLMTest
    [javac] /tmp/fix_test_suite.pl_30885_1702803222/llm/org/apache/commons/codec/binary/StringUtils_LLMTest.java:233: error: cannot find symbol
    [javac]         testGetBytesUnchecked(charsetName);
    [javac]         ^
    [javac]   symbol:   method testGetBytesUnchecked(String)
    [javac]   location: class StringUtils_LLMTest
    [javac] /tmp/fix_test_suite.pl_30885_1702803222/llm/org/apache/commons/codec/binary/StringUtils_LLMTest.java:241: error: cannot find symbol
    [javac]         testGetBytesUnchecked(charsetName);
    [javac]         ^
    [javac]   symbol:   method testGetBytesUnchecked(String)
    [javac]   location: class StringUtils_LLMTest
    [javac] /tmp/fix_test_suite.pl_30885_1702803222/llm/org/apache/commons/codec/binary/StringUtils_LLMTest.java:249: error: cannot find symbol
    [javac]         testGetBytesUnchecked(charsetName);
    [javac]         ^
    [javac]   symbol:   method testGetBytesUnchecked(String)
    [javac]   location: class StringUtils_LLMTest
    [javac] /tmp/fix_test_suite.pl_30885_1702803222/llm/org/apache/commons/codec/binary/StringUtils_LLMTest.java:250: error: cannot find symbol
    [javac]         final byte[] expected = STRING_FIXTURE.getBytes(charsetName);
    [javac]                                 ^
    [javac]   symbol:   variable STRING_FIXTURE
    [javac]   location: class StringUtils_LLMTest
    [javac] /tmp/fix_test_suite.pl_30885_1702803222/llm/org/apache/commons/codec/binary/StringUtils_LLMTest.java:251: error: cannot find symbol
    [javac]         final byte[] actual = StringUtils.getBytesUnchecked(STRING_FIXTURE, null);
    [javac]                                                             ^
    [javac]   symbol:   variable STRING_FIXTURE
    [javac]   location: class StringUtils_LLMTest
    [javac] /tmp/fix_test_suite.pl_30885_1702803222/llm/org/apache/commons/codec/binary/StringUtils_LLMTest.java:257: error: cannot find symbol
    [javac]         testGetBytesUnchecked(charsetName);
    [javac]         ^
    [javac]   symbol:   method testGetBytesUnchecked(String)
    [javac]   location: class StringUtils_LLMTest
    [javac] /tmp/fix_test_suite.pl_30885_1702803222/llm/org/apache/commons/codec/binary/StringUtils_LLMTest.java:258: error: cannot find symbol
    [javac]         final byte[] expected = STRING_FIXTURE.getBytes(charsetName);
    [javac]                                 ^
    [javac]   symbol:   variable STRING_FIXTURE
    [javac]   location: class StringUtils_LLMTest
    [javac] /tmp/fix_test_suite.pl_30885_1702803222/llm/org/apache/commons/codec/binary/StringUtils_LLMTest.java:259: error: cannot find symbol
    [javac]         final byte[] actual = StringUtils.getBytesIso8859_1(STRING_FIXTURE, null);
    [javac]                                                             ^
    [javac]   symbol:   variable STRING_FIXTURE
    [javac]   location: class StringUtils_LLMTest
    [javac] /tmp/fix_test_suite.pl_30885_1702803222/llm/org/apache/commons/codec/binary/StringUtils_LLMTest.java:265: error: cannot find symbol
    [javac]         testGetBytesUnchecked(charsetName);
    [javac]         ^
    [javac]   symbol:   method testGetBytesUnchecked(String)
    [javac]   location: class StringUtils_LLMTest
    [javac] /tmp/fix_test_suite.pl_30885_1702803222/llm/org/apache/commons/codec/binary/StringUtils_LLMTest.java:266: error: cannot find symbol
    [javac]         final byte[] expected = STRING_FIXTURE.getBytes(charsetName);
    [javac]                                 ^
    [javac]   symbol:   variable STRING_FIXTURE
    [javac]   location: class StringUtils_LLMTest
    [javac] /tmp/fix_test_suite.pl_30885_1702803222/llm/org/apache/commons/codec/binary/StringUtils_LLMTest.java:267: error: cannot find symbol
    [javac]         final byte[] actual = StringUtils.getBytesUtf16Le(STRING_FIXTURE, null);
    [javac]                                                           ^
    [javac]   symbol:   variable STRING_FIXTURE
    [javac]   location: class StringUtils_LLMTest
    [javac] /tmp/fix_test_suite.pl_30885_1702803222/llm/org/apache/commons/codec/binary/StringUtils_LLMTest.java:273: error: cannot find symbol
    [javac]         testGetBytesUnchecked(charsetName);
    [javac]         ^
    [javac]   symbol:   method testGetBytesUnchecked(String)
    [javac]   location: class StringUtils_LLMTest
    [javac] /tmp/fix_test_suite.pl_30885_1702803222/llm/org/apache/commons/codec/binary/StringUtils_LLMTest.java:274: error: cannot find symbol
    [javac]         final byte[] expected = STRING_FIXTURE.getBytes(charsetName);
    [javac]                                 ^
    [javac]   symbol:   variable STRING_FIXTURE
    [javac]   location: class StringUtils_LLMTest
    [javac] /tmp/fix_test_suite.pl_30885_1702803222/llm/org/apache/commons/codec/binary/StringUtils_LLMTest.java:275: error: cannot find symbol
    [javac]         final byte[] actual = StringUtils.getBytesUtf8(STRING_FIXTURE, null);
    [javac]                                                        ^
    [javac]   symbol:   variable STRING_FIXTURE
    [javac]   location: class StringUtils_LLMTest
    [javac] /tmp/fix_test_suite.pl_30885_1702803222/llm/org/apache/commons/codec/binary/StringUtils_LLMTest.java:281: error: cannot find symbol
    [javac]         testGetBytesUnchecked(charsetName);
    [javac]         ^
    [javac]   symbol:   method testGetBytesUnchecked(String)
    [javac]   location: class StringUtils_LLMTest
    [javac] /tmp/fix_test_suite.pl_30885_1702803222/llm/org/apache/commons/codec/binary/StringUtils_LLMTest.java:282: error: cannot find symbol
    [javac]         final byte[] expected = STRING_FIXTURE.getBytes(charsetName);
    [javac]                                 ^
    [javac]   symbol:   variable STRING_FIXTURE
    [javac]   location: class StringUtils_LLMTest
    [javac] /tmp/fix_test_suite.pl_30885_1702803222/llm/org/apache/commons/codec/binary/StringUtils_LLMTest.java:283: error: cannot find symbol
    [javac]         final byte[] actual = StringUtils.getBytesUsAscii(STRING_FIXTURE, null);
    [javac]                                                           ^
    [javac]   symbol:   variable STRING_FIXTURE
    [javac]   location: class StringUtils_LLMTest
    [javac] /tmp/fix_test_suite.pl_30885_1702803222/llm/org/apache/commons/codec/binary/StringUtils_LLMTest.java:289: error: cannot find symbol
    [javac]         testGetBytesUnchecked(charsetName);
    [javac]         ^
    [javac]   symbol:   method testGetBytesUnchecked(String)
    [javac]   location: class StringUtils_LLMTest
    [javac] /tmp/fix_test_suite.pl_30885_1702803222/llm/org/apache/commons/codec/binary/StringUtils_LLMTest.java:290: error: cannot find symbol
    [javac]         final byte[] expected = STRING_FIXTURE.getBytes(charsetName);
    [javac]                                 ^
    [javac]   symbol:   variable STRING_FIXTURE
    [javac]   location: class StringUtils_LLMTest
    [javac] /tmp/fix_test_suite.pl_30885_1702803222/llm/org/apache/commons/codec/binary/StringUtils_LLMTest.java:291: error: cannot find symbol
    [javac]         final byte[] actual = StringUtils.getBytesUtf16(STRING_FIXTURE, null);
    [javac]                                                         ^
    [javac]   symbol:   variable STRING_FIXTURE
    [javac]   location: class StringUtils_LLMTest
    [javac] /tmp/fix_test_suite.pl_30885_1702803222/llm/org/apache/commons/codec/binary/StringUtils_LLMTest.java:297: error: cannot find symbol
    [javac]         testGetBytesUnchecked(charsetName);
    [javac]         ^
    [javac]   symbol:   method testGetBytesUnchecked(String)
    [javac]   location: class StringUtils_LLMTest
    [javac] /tmp/fix_test_suite.pl_30885_1702803222/llm/org/apache/commons/codec/binary/StringUtils_LLMTest.java:298: error: cannot find symbol
    [javac]         final byte[] expected = STRING_FIXTURE.getBytes(charsetName);
    [javac]                                 ^
    [javac]   symbol:   variable STRING_FIXTURE
    [javac]   location: class StringUtils_LLMTest
    [javac] /tmp/fix_test_suite.pl_30885_1702803222/llm/org/apache/commons/codec/binary/StringUtils_LLMTest.java:299: error: cannot find symbol
    [javac]         final byte[] actual = StringUtils.getBytesUtf16Be(STRING_FIXTURE, null);
    [javac]                                                           ^
    [javac]   symbol:   variable STRING_FIXTURE
    [javac]   location: class StringUtils_LLMTest
    [javac] /tmp/fix_test_suite.pl_30885_1702803222/llm/org/apache/commons/codec/binary/StringUtils_LLMTest.java:328: error: cannot find symbol
    [javac]         testGetBytesUnchecked(charsetName);
    [javac]         ^
    [javac]   symbol:   method testGetBytesUnchecked(String)
    [javac]   location: class StringUtils_LLMTest
    [javac] /tmp/fix_test_suite.pl_30885_1702803222/llm/org/apache/commons/codec/binary/StringUtils_LLMTest.java:336: error: cannot find symbol
    [javac]         testGetBytesUnchecked(charsetName);
    [javac]         ^
    [javac]   symbol:   method testGetBytesUnchecked(String)
    [javac]   location: class StringUtils_LLMTest
    [javac] /tmp/fix_test_suite.pl_30885_1702803222/llm/org/apache/commons/codec/binary/StringUtils_LLMTest.java:344: error: cannot find symbol
    [javac]         testGetBytesUnchecked(charsetName);
    [javac]         ^
    [javac]   symbol:   method testGetBytesUnchecked(String)
    [javac]   location: class StringUtils_LLMTest
    [javac] /tmp/fix_test_suite.pl_30885_1702803222/llm/org/apache/commons/codec/binary/StringUtils_LLMTest.java:352: error: cannot find symbol
    [javac]         testGetBytesUnchecked(charsetName);
    [javac]         ^
    [javac]   symbol:   method testGetBytesUnchecked(String)
    [javac]   location: class StringUtils_LLMTest
    [javac] /tmp/fix_test_suite.pl_30885_1702803222/llm/org/apache/commons/codec/binary/StringUtils_LLMTest.java:360: error: cannot find symbol
    [javac]         testGetBytesUnchecked(charsetName);
    [javac]         ^
    [javac]   symbol:   method testGetBytesUnchecked(String)
    [javac]   location: class StringUtils_LLMTest
    [javac] /tmp/fix_test_suite.pl_30885_1702803222/llm/org/apache/commons/codec/binary/StringUtils_LLMTest.java:368: error: cannot find symbol
    [javac]         testGetBytesUnchecked(charsetName);
    [javac]         ^
    [javac]   symbol:   method testGetBytesUnchecked(String)
    [javac]   location: class StringUtils_LLMTest
    [javac] /tmp/fix_test_suite.pl_30885_1702803222/llm/org/apache/commons/codec/binary/StringUtils_LLMTest.java:369: error: cannot find symbol
    [javac]         final byte[] expected = STRING_FIXTURE.getBytes(charsetName);
    [javac]                                 ^
    [javac]   symbol:   variable STRING_FIXTURE
    [javac]   location: class StringUtils_LLMTest
    [javac] /tmp/fix_test_suite.pl_30885_1702803222/llm/org/apache/commons/codec/binary/StringUtils_LLMTest.java:370: error: cannot find symbol
    [javac]         final byte[] actual = StringUtils.getBytesUtf16Be(STRING_FIXTURE);
    [javac]                                                           ^
    [javac]   symbol:   variable STRING_FIXTURE
    [javac]   location: class StringUtils_LLMTest
    [javac] /tmp/fix_test_suite.pl_30885_1702803222/llm/org/apache/commons/codec/binary/StringUtils_LLMTest.java:377: error: cannot find symbol
    [javac]         testGetBytesUnchecked(charsetName);
    [javac]         ^
    [javac]   symbol:   method testGetBytesUnchecked(String)
    [javac]   location: class StringUtils_LLMTest
    [javac] /tmp/fix_test_suite.pl_30885_1702803222/llm/org/apache/commons/codec/binary/StringUtils_LLMTest.java:386: error: cannot find symbol
    [javac]         testGetBytesUnchecked(charsetName);
    [javac]         ^
    [javac]   symbol:   method testGetBytesUnchecked(String)
    [javac]   location: class StringUtils_LLMTest
    [javac] /tmp/fix_test_suite.pl_30885_1702803222/llm/org/apache/commons/codec/binary/StringUtils_LLMTest.java:395: error: cannot find symbol
    [javac]         testGetBytesUnchecked(charsetName);
    [javac]         ^
    [javac]   symbol:   method testGetBytesUnchecked(String)
    [javac]   location: class StringUtils_LLMTest
    [javac] /tmp/fix_test_suite.pl_30885_1702803222/llm/org/apache/commons/codec/binary/StringUtils_LLMTest.java:403: error: cannot find symbol
    [javac]         testGetBytesUnchecked(charsetName);
    [javac]         ^
    [javac]   symbol:   method testGetBytesUnchecked(String)
    [javac]   location: class StringUtils_LLMTest
    [javac] /tmp/fix_test_suite.pl_30885_1702803222/llm/org/apache/commons/codec/binary/StringUtils_LLMTest.java:404: error: cannot find symbol
    [javac]         final byte[] expected = STRING_FIXTURE.getBytes(charsetName);
    [javac]                                 ^
    [javac]   symbol:   variable STRING_FIXTURE
    [javac]   location: class StringUtils_LLMTest
    [javac] /tmp/fix_test_suite.pl_30885_1702803222/llm/org/apache/commons/codec/binary/StringUtils_LLMTest.java:405: error: cannot find symbol
    [javac]         final byte[] actual = StringUtils.getBytesUtf16Le(STRING_FIXTURE);
    [javac]                                                           ^
    [javac]   symbol:   variable STRING_FIXTURE
    [javac]   location: class StringUtils_LLMTest
    [javac] /tmp/fix_test_suite.pl_30885_1702803222/llm/org/apache/commons/codec/binary/StringUtils_LLMTest.java:411: error: cannot find symbol
    [javac]         testGetBytesUnchecked(charsetName);
    [javac]         ^
    [javac]   symbol:   method testGetBytesUnchecked(String)
    [javac]   location: class StringUtils_LLMTest
    [javac] /tmp/fix_test_suite.pl_30885_1702803222/llm/org/apache/commons/codec/binary/StringUtils_LLMTest.java:419: error: cannot find symbol
    [javac]         testGetBytesUnchecked(charsetName);
    [javac]         ^
    [javac]   symbol:   method testGetBytesUnchecked(String)
    [javac]   location: class StringUtils_LLMTest
    [javac] /tmp/fix_test_suite.pl_30885_1702803222/llm/org/apache/commons/codec/binary/StringUtils_LLMTest.java:428: error: cannot find symbol
    [javac]         testGetBytesUnchecked(charsetName);
    [javac]         ^
    [javac]   symbol:   method testGetBytesUnchecked(String)
    [javac]   location: class StringUtils_LLMTest
    [javac] /tmp/fix_test_suite.pl_30885_1702803222/llm/org/apache/commons/codec/binary/StringUtils_LLMTest.java:429: error: cannot find symbol
    [javac]         final byte[] expected = STRING_FIXTURE.getBytes(charsetName);
    [javac]                                 ^
    [javac]   symbol:   variable STRING_FIXTURE
    [javac]   location: class StringUtils_LLMTest
    [javac] /tmp/fix_test_suite.pl_30885_1702803222/llm/org/apache/commons/codec/binary/StringUtils_LLMTest.java:430: error: cannot find symbol
    [javac]         final byte[] actual = StringUtils.getBytesUtf8(STRING_FIXTURE);
    [javac]                                                        ^
    [javac]   symbol:   variable STRING_FIXTURE
    [javac]   location: class StringUtils_LLMTest
    [javac] /tmp/fix_test_suite.pl_30885_1702803222/llm/org/apache/commons/codec/binary/StringUtils_LLMTest.java:435: error: cannot find symbol
    [javac]         testGetBytesUnchecked(charsetName2);
    [javac]         ^
    [javac]   symbol:   method testGetBytesUnchecked(String)
    [javac]   location: class StringUtils_LLMTest
    [javac] /tmp/fix_test_suite.pl_30885_1702803222/llm/org/apache/commons/codec/binary/StringUtils_LLMTest.java:436: error: cannot find symbol
    [javac]         final byte[] expected2 = STRING_FIXTURE.getBytes(charsetName2);
    [javac]                                  ^
    [javac]   symbol:   variable STRING_FIXTURE
    [javac]   location: class StringUtils_LLMTest
    [javac] /tmp/fix_test_suite.pl_30885_1702803222/llm/org/apache/commons/codec/binary/StringUtils_LLMTest.java:437: error: cannot find symbol
    [javac]         final byte[] actual2 = StringUtils.getBytesUtf8(STRING_FIXTURE);
    [javac]                                                         ^
    [javac]   symbol:   variable STRING_FIXTURE
    [javac]   location: class StringUtils_LLMTest
    [javac] /tmp/fix_test_suite.pl_30885_1702803222/llm/org/apache/commons/codec/binary/StringUtils_LLMTest.java:442: error: cannot find symbol
    [javac]         testGetBytesUnchecked(charsetName3);
    [javac]         ^
    [javac]   symbol:   method testGetBytesUnchecked(String)
    [javac]   location: class StringUtils_LLMTest
    [javac] /tmp/fix_test_suite.pl_30885_1702803222/llm/org/apache/commons/codec/binary/StringUtils_LLMTest.java:443: error: cannot find symbol
    [javac]         final byte[] expected3 = STRING_FIXTURE.getBytes(charsetName3);
    [javac]                                  ^
    [javac]   symbol:   variable STRING_FIXTURE
    [javac]   location: class StringUtils_LLMTest
    [javac] /tmp/fix_test_suite.pl_30885_1702803222/llm/org/apache/commons/codec/binary/StringUtils_LLMTest.java:444: error: cannot find symbol
    [javac]         final byte[] actual3 = StringUtils.getBytesUtf8(STRING_FIXTURE);
    [javac]                                                         ^
    [javac]   symbol:   variable STRING_FIXTURE
    [javac]   location: class StringUtils_LLMTest
    [javac] /tmp/fix_test_suite.pl_30885_1702803222/llm/org/apache/commons/codec/binary/StringUtils_LLMTest.java:449: error: cannot find symbol
    [javac]         testGetBytesUnchecked(charsetName4);
    [javac]         ^
    [javac]   symbol:   method testGetBytesUnchecked(String)
    [javac]   location: class StringUtils_LLMTest
    [javac] /tmp/fix_test_suite.pl_30885_1702803222/llm/org/apache/commons/codec/binary/StringUtils_LLMTest.java:450: error: cannot find symbol
    [javac]         final byte[] expected4 = STRING_FIXTURE.getBytes(charsetName4);
    [javac]                                  ^
    [javac]   symbol:   variable STRING_FIXTURE
    [javac]   location: class StringUtils_LLMTest
    [javac] /tmp/fix_test_suite.pl_30885_1702803222/llm/org/apache/commons/codec/binary/StringUtils_LLMTest.java:451: error: cannot find symbol
    [javac]         final byte[] actual4 = StringUtils.getBytesUtf8(STRING_FIXTURE);
    [javac]                                                         ^
    [javac]   symbol:   variable STRING_FIXTURE
    [javac]   location: class StringUtils_LLMTest
    [javac] /tmp/fix_test_suite.pl_30885_1702803222/llm/org/apache/commons/codec/binary/StringUtils_LLMTest.java:511: error: cannot find symbol
    [javac]         testNewString(charsetName);
    [javac]         ^
    [javac]   symbol:   method testNewString(String)
    [javac]   location: class StringUtils_LLMTest
    [javac] /tmp/fix_test_suite.pl_30885_1702803222/llm/org/apache/commons/codec/binary/StringUtils_LLMTest.java:520: error: cannot find symbol
    [javac]         testNewString(charsetName);
    [javac]         ^
    [javac]   symbol:   method testNewString(String)
    [javac]   location: class StringUtils_LLMTest
    [javac] /tmp/fix_test_suite.pl_30885_1702803222/llm/org/apache/commons/codec/binary/StringUtils_LLMTest.java:529: error: cannot find symbol
    [javac]         testNewString(charsetName);
    [javac]         ^
    [javac]   symbol:   method testNewString(String)
    [javac]   location: class StringUtils_LLMTest
    [javac] /tmp/fix_test_suite.pl_30885_1702803222/llm/org/apache/commons/codec/binary/StringUtils_LLMTest.java:538: error: cannot find symbol
    [javac]         testNewString(charsetName);
    [javac]         ^
    [javac]   symbol:   method testNewString(String)
    [javac]   location: class StringUtils_LLMTest
    [javac] /tmp/fix_test_suite.pl_30885_1702803222/llm/org/apache/commons/codec/binary/StringUtils_LLMTest.java:557: error: cannot find symbol
    [javac]         testNewString(charsetName);
    [javac]         ^
    [javac]   symbol:   method testNewString(String)
    [javac]   location: class StringUtils_LLMTest
    [javac] /tmp/fix_test_suite.pl_30885_1702803222/llm/org/apache/commons/codec/binary/StringUtils_LLMTest.java:566: error: cannot find symbol
    [javac]         testNewString(charsetName);
    [javac]         ^
    [javac]   symbol:   method testNewString(String)
    [javac]   location: class StringUtils_LLMTest
    [javac] /tmp/fix_test_suite.pl_30885_1702803222/llm/org/apache/commons/codec/binary/StringUtils_LLMTest.java:590: error: cannot find symbol
    [javac]         testNewString_wrongInput(charsetName); // Change the input value here
    [javac]         ^
    [javac]   symbol:   method testNewString_wrongInput(String)
    [javac]   location: class StringUtils_LLMTest
    [javac] /tmp/fix_test_suite.pl_30885_1702803222/llm/org/apache/commons/codec/binary/StringUtils_LLMTest.java:591: error: cannot find symbol
    [javac]         final String expected = new String(BYTES_FIXTURE, charsetName);
    [javac]                                            ^
    [javac]   symbol:   variable BYTES_FIXTURE
    [javac]   location: class StringUtils_LLMTest
    [javac] /tmp/fix_test_suite.pl_30885_1702803222/llm/org/apache/commons/codec/binary/StringUtils_LLMTest.java:592: error: cannot find symbol
    [javac]         final String actual = StringUtils.newStringUtf16(BYTES_FIXTURE);
    [javac]                                                          ^
    [javac]   symbol:   variable BYTES_FIXTURE
    [javac]   location: class StringUtils_LLMTest
    [javac] 100 errors
    [javac] 46 warnings

BUILD FAILED
/defects4j/framework/projects/defects4j.build.xml:265: Compile failed; see the compiler error output for details.

Total time: 0 seconds
- Compilation issues: Codec-18b-llm.3.tar.bz2
Picked up JAVA_TOOL_OPTIONS: -Dfile.encoding=UTF8
OpenJDK 64-Bit Server VM warning: ignoring option MaxPermSize=1G; support was removed in 8.0
Buildfile: /defects4j/framework/projects/defects4j.build.xml

test-offline:

get-deps:

commons-codec-from-maven.compile:
    [javac] /tmp/fix_test_suite.pl_30885_1702803222/maven-build.xml:78: warning: 'includeantruntime' was not set, defaulting to build.sysclasspath=last; set to false for repeatable builds

compile:

compile.gen.tests:
     [echo] classes.dir: target/classes
     [echo] build.home: target/classes/..
   [delete] Deleting directory /tmp/fix_test_suite.pl_30885_1702803222/.classes_testgen
    [mkdir] Created dir: /tmp/fix_test_suite.pl_30885_1702803222/.classes_testgen
    [javac] /defects4j/framework/projects/defects4j.build.xml:265: warning: 'includeantruntime' was not set, defaulting to build.sysclasspath=last; set to false for repeatable builds
    [javac] Compiling 1 source file to /tmp/fix_test_suite.pl_30885_1702803222/.classes_testgen
    [javac] warning: /root/.sdkman/candidates/java/8.0.302-open/lib/ct.sym(META-INF/sym/rt.jar/java/io/UnsupportedEncodingException.class): major version 52 is newer than 51, the highest major version supported by this compiler.
    [javac]   It is recommended that the compiler be upgraded.
    [javac] warning: /root/.sdkman/candidates/java/8.0.302-open/lib/ct.sym(META-INF/sym/rt.jar/java/util/Arrays.class): major version 52 is newer than 51, the highest major version supported by this compiler.
    [javac]   It is recommended that the compiler be upgraded.
    [javac] warning: /root/.sdkman/candidates/java/8.0.302-open/lib/ct.sym(META-INF/sym/rt.jar/java/lang/Object.class): major version 52 is newer than 51, the highest major version supported by this compiler.
    [javac]   It is recommended that the compiler be upgraded.
    [javac] /root/.sdkman/candidates/java/8.0.302-open/lib/ct.sym(META-INF/sym/rt.jar/java/io/UnsupportedEncodingException.class): warning: Cannot find annotation method 'value()' in type 'Profile+Annotation': class file for jdk.Profile+Annotation not found
    [javac] /root/.sdkman/candidates/java/8.0.302-open/lib/ct.sym(META-INF/sym/rt.jar/java/util/Arrays.class): warning: Cannot find annotation method 'value()' in type 'Profile+Annotation'
    [javac] warning: /root/.sdkman/candidates/java/8.0.302-open/lib/ct.sym(META-INF/sym/rt.jar/java/lang/annotation/Retention.class): major version 52 is newer than 51, the highest major version supported by this compiler.
    [javac]   It is recommended that the compiler be upgraded.
    [javac] warning: /root/.sdkman/candidates/java/8.0.302-open/lib/ct.sym(META-INF/sym/rt.jar/java/lang/annotation/RetentionPolicy.class): major version 52 is newer than 51, the highest major version supported by this compiler.
    [javac]   It is recommended that the compiler be upgraded.
    [javac] warning: /root/.sdkman/candidates/java/8.0.302-open/lib/ct.sym(META-INF/sym/rt.jar/java/lang/annotation/Target.class): major version 52 is newer than 51, the highest major version supported by this compiler.
    [javac]   It is recommended that the compiler be upgraded.
    [javac] warning: /root/.sdkman/candidates/java/8.0.302-open/lib/ct.sym(META-INF/sym/rt.jar/java/lang/annotation/ElementType.class): major version 52 is newer than 51, the highest major version supported by this compiler.
    [javac]   It is recommended that the compiler be upgraded.
    [javac] /root/.sdkman/candidates/java/8.0.302-open/lib/ct.sym(META-INF/sym/rt.jar/java/lang/Object.class): warning: Cannot find annotation method 'value()' in type 'Profile+Annotation'
    [javac] warning: /root/.sdkman/candidates/java/8.0.302-open/lib/ct.sym(META-INF/sym/rt.jar/java/lang/annotation/Annotation.class): major version 52 is newer than 51, the highest major version supported by this compiler.
    [javac]   It is recommended that the compiler be upgraded.
    [javac] /root/.sdkman/candidates/java/8.0.302-open/lib/ct.sym(META-INF/sym/rt.jar/java/lang/annotation/Retention.class): warning: Cannot find annotation method 'value()' in type 'Profile+Annotation'
    [javac] /root/.sdkman/candidates/java/8.0.302-open/lib/ct.sym(META-INF/sym/rt.jar/java/lang/annotation/RetentionPolicy.class): warning: Cannot find annotation method 'value()' in type 'Profile+Annotation'
    [javac] /root/.sdkman/candidates/java/8.0.302-open/lib/ct.sym(META-INF/sym/rt.jar/java/lang/annotation/Target.class): warning: Cannot find annotation method 'value()' in type 'Profile+Annotation'
    [javac] /root/.sdkman/candidates/java/8.0.302-open/lib/ct.sym(META-INF/sym/rt.jar/java/lang/annotation/ElementType.class): warning: Cannot find annotation method 'value()' in type 'Profile+Annotation'
    [javac] /root/.sdkman/candidates/java/8.0.302-open/lib/ct.sym(META-INF/sym/rt.jar/java/lang/annotation/Annotation.class): warning: Cannot find annotation method 'value()' in type 'Profile+Annotation'
    [javac] warning: /root/.sdkman/candidates/java/8.0.302-open/lib/ct.sym(META-INF/sym/rt.jar/java/lang/AutoCloseable.class): major version 52 is newer than 51, the highest major version supported by this compiler.
    [javac]   It is recommended that the compiler be upgraded.
    [javac] /root/.sdkman/candidates/java/8.0.302-open/lib/ct.sym(META-INF/sym/rt.jar/java/lang/AutoCloseable.class): warning: Cannot find annotation method 'value()' in type 'Profile+Annotation'
    [javac] warning: /root/.sdkman/candidates/java/8.0.302-open/lib/ct.sym(META-INF/sym/rt.jar/java/lang/StringBuilder.class): major version 52 is newer than 51, the highest major version supported by this compiler.
    [javac]   It is recommended that the compiler be upgraded.
    [javac] /root/.sdkman/candidates/java/8.0.302-open/lib/ct.sym(META-INF/sym/rt.jar/java/lang/StringBuilder.class): warning: Cannot find annotation method 'value()' in type 'Profile+Annotation'
    [javac] warning: /root/.sdkman/candidates/java/8.0.302-open/lib/ct.sym(META-INF/sym/rt.jar/java/lang/String.class): major version 52 is newer than 51, the highest major version supported by this compiler.
    [javac]   It is recommended that the compiler be upgraded.
    [javac] /root/.sdkman/candidates/java/8.0.302-open/lib/ct.sym(META-INF/sym/rt.jar/java/lang/String.class): warning: Cannot find annotation method 'value()' in type 'Profile+Annotation'
    [javac] warning: /root/.sdkman/candidates/java/8.0.302-open/lib/ct.sym(META-INF/sym/rt.jar/java/lang/CharSequence.class): major version 52 is newer than 51, the highest major version supported by this compiler.
    [javac]   It is recommended that the compiler be upgraded.
    [javac] /root/.sdkman/candidates/java/8.0.302-open/lib/ct.sym(META-INF/sym/rt.jar/java/lang/CharSequence.class): warning: Cannot find annotation method 'value()' in type 'Profile+Annotation'
    [javac] warning: /root/.sdkman/candidates/java/8.0.302-open/lib/ct.sym(META-INF/sym/rt.jar/java/io/Serializable.class): major version 52 is newer than 51, the highest major version supported by this compiler.
    [javac]   It is recommended that the compiler be upgraded.
    [javac] /root/.sdkman/candidates/java/8.0.302-open/lib/ct.sym(META-INF/sym/rt.jar/java/io/Serializable.class): warning: Cannot find annotation method 'value()' in type 'Profile+Annotation'
    [javac] warning: /root/.sdkman/candidates/java/8.0.302-open/lib/ct.sym(META-INF/sym/rt.jar/java/lang/Comparable.class): major version 52 is newer than 51, the highest major version supported by this compiler.
    [javac]   It is recommended that the compiler be upgraded.
    [javac] /root/.sdkman/candidates/java/8.0.302-open/lib/ct.sym(META-INF/sym/rt.jar/java/lang/Comparable.class): warning: Cannot find annotation method 'value()' in type 'Profile+Annotation'
    [javac] warning: /root/.sdkman/candidates/java/8.0.302-open/lib/ct.sym(META-INF/sym/rt.jar/java/lang/AbstractStringBuilder.class): major version 52 is newer than 51, the highest major version supported by this compiler.
    [javac]   It is recommended that the compiler be upgraded.
    [javac] /root/.sdkman/candidates/java/8.0.302-open/lib/ct.sym(META-INF/sym/rt.jar/java/lang/AbstractStringBuilder.class): warning: Cannot find annotation method 'value()' in type 'Profile+Annotation'
    [javac] warning: /root/.sdkman/candidates/java/8.0.302-open/lib/ct.sym(META-INF/sym/rt.jar/java/lang/Appendable.class): major version 52 is newer than 51, the highest major version supported by this compiler.
    [javac]   It is recommended that the compiler be upgraded.
    [javac] /root/.sdkman/candidates/java/8.0.302-open/lib/ct.sym(META-INF/sym/rt.jar/java/lang/Appendable.class): warning: Cannot find annotation method 'value()' in type 'Profile+Annotation'
    [javac] warning: /root/.sdkman/candidates/java/8.0.302-open/lib/ct.sym(META-INF/sym/rt.jar/java/io/IOException.class): major version 52 is newer than 51, the highest major version supported by this compiler.
    [javac]   It is recommended that the compiler be upgraded.
    [javac] /root/.sdkman/candidates/java/8.0.302-open/lib/ct.sym(META-INF/sym/rt.jar/java/io/IOException.class): warning: Cannot find annotation method 'value()' in type 'Profile+Annotation'
    [javac] warning: /root/.sdkman/candidates/java/8.0.302-open/lib/ct.sym(META-INF/sym/rt.jar/java/lang/Exception.class): major version 52 is newer than 51, the highest major version supported by this compiler.
    [javac]   It is recommended that the compiler be upgraded.
    [javac] /root/.sdkman/candidates/java/8.0.302-open/lib/ct.sym(META-INF/sym/rt.jar/java/lang/Exception.class): warning: Cannot find annotation method 'value()' in type 'Profile+Annotation'
    [javac] warning: /root/.sdkman/candidates/java/8.0.302-open/lib/ct.sym(META-INF/sym/rt.jar/java/lang/Throwable.class): major version 52 is newer than 51, the highest major version supported by this compiler.
    [javac]   It is recommended that the compiler be upgraded.
    [javac] /root/.sdkman/candidates/java/8.0.302-open/lib/ct.sym(META-INF/sym/rt.jar/java/lang/Throwable.class): warning: Cannot find annotation method 'value()' in type 'Profile+Annotation'
    [javac] warning: /root/.sdkman/candidates/java/8.0.302-open/lib/ct.sym(META-INF/sym/rt.jar/java/nio/charset/Charset.class): major version 52 is newer than 51, the highest major version supported by this compiler.
    [javac]   It is recommended that the compiler be upgraded.
    [javac] /root/.sdkman/candidates/java/8.0.302-open/lib/ct.sym(META-INF/sym/rt.jar/java/nio/charset/Charset.class): warning: Cannot find annotation method 'value()' in type 'Profile+Annotation'
    [javac] warning: /root/.sdkman/candidates/java/8.0.302-open/lib/ct.sym(META-INF/sym/rt.jar/java/lang/IllegalStateException.class): major version 52 is newer than 51, the highest major version supported by this compiler.
    [javac]   It is recommended that the compiler be upgraded.
    [javac] /root/.sdkman/candidates/java/8.0.302-open/lib/ct.sym(META-INF/sym/rt.jar/java/lang/IllegalStateException.class): warning: Cannot find annotation method 'value()' in type 'Profile+Annotation'
    [javac] warning: /root/.sdkman/candidates/java/8.0.302-open/lib/ct.sym(META-INF/sym/rt.jar/java/lang/Class.class): major version 52 is newer than 51, the highest major version supported by this compiler.
    [javac]   It is recommended that the compiler be upgraded.
    [javac] /root/.sdkman/candidates/java/8.0.302-open/lib/ct.sym(META-INF/sym/rt.jar/java/lang/Class.class): warning: Cannot find annotation method 'value()' in type 'Profile+Annotation'
    [javac] warning: /root/.sdkman/candidates/java/8.0.302-open/lib/ct.sym(META-INF/sym/rt.jar/java/lang/RuntimeException.class): major version 52 is newer than 51, the highest major version supported by this compiler.
    [javac]   It is recommended that the compiler be upgraded.
    [javac] /root/.sdkman/candidates/java/8.0.302-open/lib/ct.sym(META-INF/sym/rt.jar/java/lang/RuntimeException.class): warning: Cannot find annotation method 'value()' in type 'Profile+Annotation'
    [javac] /tmp/fix_test_suite.pl_30885_1702803222/llm/org/apache/commons/codec/binary/StringUtils_LLMTest.java:751: error: cannot find symbol
    [javac]         testNewString_wrongInput(charsetName); // Change the input value here
    [javac]         ^
    [javac]   symbol:   method testNewString_wrongInput(String)
    [javac]   location: class StringUtils_LLMTest
    [javac] /tmp/fix_test_suite.pl_30885_1702803222/llm/org/apache/commons/codec/binary/StringUtils_LLMTest.java:752: error: cannot find symbol
    [javac]         final String expected = new String(BYTES_FIXTURE, charsetName);
    [javac]                                            ^
    [javac]   symbol:   variable BYTES_FIXTURE
    [javac]   location: class StringUtils_LLMTest
    [javac] /tmp/fix_test_suite.pl_30885_1702803222/llm/org/apache/commons/codec/binary/StringUtils_LLMTest.java:753: error: cannot find symbol
    [javac]         final String actual = StringUtils.newStringUtf8(BYTES_FIXTURE);
    [javac]                                                         ^
    [javac]   symbol:   variable BYTES_FIXTURE
    [javac]   location: class StringUtils_LLMTest
    [javac] /tmp/fix_test_suite.pl_30885_1702803222/llm/org/apache/commons/codec/binary/StringUtils_LLMTest.java:759: error: cannot find symbol
    [javac]         testNewString_wrongInput(charsetName); // Change the input value here
    [javac]         ^
    [javac]   symbol:   method testNewString_wrongInput(String)
    [javac]   location: class StringUtils_LLMTest
    [javac] /tmp/fix_test_suite.pl_30885_1702803222/llm/org/apache/commons/codec/binary/StringUtils_LLMTest.java:760: error: cannot find symbol
    [javac]         final String expected = new String(BYTES_FIXTURE, charsetName);
    [javac]                                            ^
    [javac]   symbol:   variable BYTES_FIXTURE
    [javac]   location: class StringUtils_LLMTest
    [javac] /tmp/fix_test_suite.pl_30885_1702803222/llm/org/apache/commons/codec/binary/StringUtils_LLMTest.java:761: error: cannot find symbol
    [javac]         final String actual = StringUtils.newStringUsAscii(BYTES_FIXTURE);
    [javac]                                                            ^
    [javac]   symbol:   variable BYTES_FIXTURE
    [javac]   location: class StringUtils_LLMTest
    [javac] /tmp/fix_test_suite.pl_30885_1702803222/llm/org/apache/commons/codec/binary/StringUtils_LLMTest.java:767: error: cannot find symbol
    [javac]         testNewString_wrongInput(charsetName); // Change the input value here
    [javac]         ^
    [javac]   symbol:   method testNewString_wrongInput(String)
    [javac]   location: class StringUtils_LLMTest
    [javac] /tmp/fix_test_suite.pl_30885_1702803222/llm/org/apache/commons/codec/binary/StringUtils_LLMTest.java:768: error: cannot find symbol
    [javac]         final String expected = new String(BYTES_FIXTURE, charsetName);
    [javac]                                            ^
    [javac]   symbol:   variable BYTES_FIXTURE
    [javac]   location: class StringUtils_LLMTest
    [javac] /tmp/fix_test_suite.pl_30885_1702803222/llm/org/apache/commons/codec/binary/StringUtils_LLMTest.java:769: error: cannot find symbol
    [javac]         final String actual = StringUtils.newStringIso8859_1(BYTES_FIXTURE);
    [javac]                                                              ^
    [javac]   symbol:   variable BYTES_FIXTURE
    [javac]   location: class StringUtils_LLMTest
    [javac] /tmp/fix_test_suite.pl_30885_1702803222/llm/org/apache/commons/codec/binary/StringUtils_LLMTest.java:775: error: cannot find symbol
    [javac]             StringUtils.newString(BYTES_FIXTURE, "UNKNOWN");
    [javac]                                   ^
    [javac]   symbol:   variable BYTES_FIXTURE
    [javac]   location: class StringUtils_LLMTest
    [javac] /tmp/fix_test_suite.pl_30885_1702803222/llm/org/apache/commons/codec/binary/StringUtils_LLMTest.java:784: error: cannot find symbol
    [javac]         testNewString_wrongInput(charsetName); // Change the input value here
    [javac]         ^
    [javac]   symbol:   method testNewString_wrongInput(String)
    [javac]   location: class StringUtils_LLMTest
    [javac] /tmp/fix_test_suite.pl_30885_1702803222/llm/org/apache/commons/codec/binary/StringUtils_LLMTest.java:785: error: cannot find symbol
    [javac]         final String expected = new String(BYTES_FIXTURE_16BE, charsetName);
    [javac]                                            ^
    [javac]   symbol:   variable BYTES_FIXTURE_16BE
    [javac]   location: class StringUtils_LLMTest
    [javac] /tmp/fix_test_suite.pl_30885_1702803222/llm/org/apache/commons/codec/binary/StringUtils_LLMTest.java:786: error: cannot find symbol
    [javac]         final String actual = StringUtils.newStringUtf16Be(BYTES_FIXTURE_16BE);
    [javac]                                                            ^
    [javac]   symbol:   variable BYTES_FIXTURE_16BE
    [javac]   location: class StringUtils_LLMTest
    [javac] /tmp/fix_test_suite.pl_30885_1702803222/llm/org/apache/commons/codec/binary/StringUtils_LLMTest.java:792: error: cannot find symbol
    [javac]         testNewString_wrongInput(charsetName); // Change the input value here
    [javac]         ^
    [javac]   symbol:   method testNewString_wrongInput(String)
    [javac]   location: class StringUtils_LLMTest
    [javac] /tmp/fix_test_suite.pl_30885_1702803222/llm/org/apache/commons/codec/binary/StringUtils_LLMTest.java:793: error: cannot find symbol
    [javac]         final String expected = new String(BYTES_FIXTURE_16LE, charsetName);
    [javac]                                            ^
    [javac]   symbol:   variable BYTES_FIXTURE_16LE
    [javac]   location: class StringUtils_LLMTest
    [javac] /tmp/fix_test_suite.pl_30885_1702803222/llm/org/apache/commons/codec/binary/StringUtils_LLMTest.java:794: error: cannot find symbol
    [javac]         final String actual = StringUtils.newStringUtf16Le(BYTES_FIXTURE_16LE);
    [javac]                                                            ^
    [javac]   symbol:   variable BYTES_FIXTURE_16LE
    [javac]   location: class StringUtils_LLMTest
    [javac] /tmp/fix_test_suite.pl_30885_1702803222/llm/org/apache/commons/codec/binary/StringUtils_LLMTest.java:814: error: cannot find symbol
    [javac]         String expectedEmpty = new String(emptyInput, Charsets.ISO_8859_1);
    [javac]                                                       ^
    [javac]   symbol:   variable Charsets
    [javac]   location: class StringUtils_LLMTest
    [javac] /tmp/fix_test_suite.pl_30885_1702803222/llm/org/apache/commons/codec/binary/StringUtils_LLMTest.java:820: error: cannot find symbol
    [javac]         String expectedDifferent = new String(differentBytes, Charsets.ISO_8859_1);
    [javac]                                                               ^
    [javac]   symbol:   variable Charsets
    [javac]   location: class StringUtils_LLMTest
    [javac] /tmp/fix_test_suite.pl_30885_1702803222/llm/org/apache/commons/codec/binary/StringUtils_LLMTest.java:833: error: cannot find symbol
    [javac]         testNewString(charsetName);
    [javac]         ^
    [javac]   symbol:   method testNewString(String)
    [javac]   location: class StringUtils_LLMTest
    [javac] /tmp/fix_test_suite.pl_30885_1702803222/llm/org/apache/commons/codec/binary/StringUtils_LLMTest.java:834: error: cannot find symbol
    [javac]         final String expected = new String(BYTES_FIXTURE, charsetName);
    [javac]                                            ^
    [javac]   symbol:   variable BYTES_FIXTURE
    [javac]   location: class StringUtils_LLMTest
    [javac] /tmp/fix_test_suite.pl_30885_1702803222/llm/org/apache/commons/codec/binary/StringUtils_LLMTest.java:835: error: cannot find symbol
    [javac]         final String actual = StringUtils.newStringUsAscii(BYTES_FIXTURE);
    [javac]                                                            ^
    [javac]   symbol:   variable BYTES_FIXTURE
    [javac]   location: class StringUtils_LLMTest
    [javac] /tmp/fix_test_suite.pl_30885_1702803222/llm/org/apache/commons/codec/binary/StringUtils_LLMTest.java:873: error: cannot find symbol
    [javac]         testNewString(charsetName);
    [javac]         ^
    [javac]   symbol:   method testNewString(String)
    [javac]   location: class StringUtils_LLMTest
    [javac] /tmp/fix_test_suite.pl_30885_1702803222/llm/org/apache/commons/codec/binary/StringUtils_LLMTest.java:874: error: cannot find symbol
    [javac]         final String expected = new String(BYTES_FIXTURE, charsetName);
    [javac]                                            ^
    [javac]   symbol:   variable BYTES_FIXTURE
    [javac]   location: class StringUtils_LLMTest
    [javac] /tmp/fix_test_suite.pl_30885_1702803222/llm/org/apache/commons/codec/binary/StringUtils_LLMTest.java:875: error: cannot find symbol
    [javac]         final String actual = StringUtils.newStringUtf16(BYTES_FIXTURE);
    [javac]                                                          ^
    [javac]   symbol:   variable BYTES_FIXTURE
    [javac]   location: class StringUtils_LLMTest
    [javac] /tmp/fix_test_suite.pl_30885_1702803222/llm/org/apache/commons/codec/binary/StringUtils_LLMTest.java:879: error: possible loss of precision
    [javac]         byte[] invalidBytes = { 100, 200, 300, 400, 500 };
    [javac]                                      ^
    [javac]   required: byte
    [javac]   found:    int
    [javac] /tmp/fix_test_suite.pl_30885_1702803222/llm/org/apache/commons/codec/binary/StringUtils_LLMTest.java:879: error: possible loss of precision
    [javac]         byte[] invalidBytes = { 100, 200, 300, 400, 500 };
    [javac]                                           ^
    [javac]   required: byte
    [javac]   found:    int
    [javac] /tmp/fix_test_suite.pl_30885_1702803222/llm/org/apache/commons/codec/binary/StringUtils_LLMTest.java:879: error: possible loss of precision
    [javac]         byte[] invalidBytes = { 100, 200, 300, 400, 500 };
    [javac]                                                ^
    [javac]   required: byte
    [javac]   found:    int
    [javac] /tmp/fix_test_suite.pl_30885_1702803222/llm/org/apache/commons/codec/binary/StringUtils_LLMTest.java:879: error: possible loss of precision
    [javac]         byte[] invalidBytes = { 100, 200, 300, 400, 500 };
    [javac]                                                     ^
    [javac]   required: byte
    [javac]   found:    int
    [javac] 28 errors
    [javac] 46 warnings

BUILD FAILED
/defects4j/framework/projects/defects4j.build.xml:265: Compile failed; see the compiler error output for details.

Total time: 0 seconds
