- Compilation issues: Lang-5b-llm.17.tar.bz2
Picked up JAVA_TOOL_OPTIONS: -Dfile.encoding=UTF8
OpenJDK 64-Bit Server VM warning: ignoring option MaxPermSize=1G; support was removed in 8.0
Buildfile: /defects4j/framework/projects/defects4j.build.xml

init:
     [echo] -------- commons-lang3 3.2-SNAPSHOT --------
    [mkdir] Created dir: /tmp/fix_test_suite.pl_26016_1702627282/target

compile:
    [mkdir] Created dir: /tmp/fix_test_suite.pl_26016_1702627282/target/classes
    [javac] Compiling 108 source files to /tmp/fix_test_suite.pl_26016_1702627282/target/classes
    [javac] warning: [options] bootstrap class path not set in conjunction with -source 1.5
    [javac] warning: /root/.sdkman/candidates/java/8.0.302-open/lib/ct.sym(META-INF/sym/rt.jar/java/lang/annotation/Annotation.class): major version 52 is newer than 51, the highest major version supported by this compiler.
    [javac]   It is recommended that the compiler be upgraded.
    [javac] warning: /root/.sdkman/candidates/java/8.0.302-open/lib/ct.sym(META-INF/sym/rt.jar/java/lang/reflect/InvocationTargetException.class): major version 52 is newer than 51, the highest major version supported by this compiler.
    [javac]   It is recommended that the compiler be upgraded.
    [javac] warning: /root/.sdkman/candidates/java/8.0.302-open/lib/ct.sym(META-INF/sym/rt.jar/java/lang/reflect/Method.class): major version 52 is newer than 51, the highest major version supported by this compiler.
    [javac]   It is recommended that the compiler be upgraded.
    [javac] warning: /root/.sdkman/candidates/java/8.0.302-open/lib/ct.sym(META-INF/sym/rt.jar/java/util/Arrays.class): major version 52 is newer than 51, the highest major version supported by this compiler.
    [javac]   It is recommended that the compiler be upgraded.
    [javac] warning: /root/.sdkman/candidates/java/8.0.302-open/lib/ct.sym(META-INF/sym/rt.jar/java/lang/Object.class): major version 52 is newer than 51, the highest major version supported by this compiler.
    [javac]   It is recommended that the compiler be upgraded.
    [javac] warning: /root/.sdkman/candidates/java/8.0.302-open/lib/ct.sym(META-INF/sym/rt.jar/java/io/Serializable.class): major version 52 is newer than 51, the highest major version supported by this compiler.
    [javac]   It is recommended that the compiler be upgraded.
    [javac] warning: /root/.sdkman/candidates/java/8.0.302-open/lib/ct.sym(META-INF/sym/rt.jar/java/lang/reflect/Array.class): major version 52 is newer than 51, the highest major version supported by this compiler.
    [javac]   It is recommended that the compiler be upgraded.
    [javac] warning: /root/.sdkman/candidates/java/8.0.302-open/lib/ct.sym(META-INF/sym/rt.jar/java/util/Collection.class): major version 52 is newer than 51, the highest major version supported by this compiler.
    [javac]   It is recommended that the compiler be upgraded.
    [javac] warning: /root/.sdkman/candidates/java/8.0.302-open/lib/ct.sym(META-INF/sym/rt.jar/java/util/Map.class): major version 52 is newer than 51, the highest major version supported by this compiler.
    [javac]   It is recommended that the compiler be upgraded.
    [javac] warning: /root/.sdkman/candidates/java/8.0.302-open/lib/ct.sym(META-INF/sym/rt.jar/java/util/WeakHashMap.class): major version 52 is newer than 51, the highest major version supported by this compiler.
    [javac]   It is recommended that the compiler be upgraded.
    [javac] warning: /root/.sdkman/candidates/java/8.0.302-open/lib/ct.sym(META-INF/sym/rt.jar/java/lang/String.class): major version 52 is newer than 51, the highest major version supported by this compiler.
    [javac]   It is recommended that the compiler be upgraded.
    [javac] warning: /root/.sdkman/candidates/java/8.0.302-open/lib/ct.sym(META-INF/sym/rt.jar/java/lang/Class.class): major version 52 is newer than 51, the highest major version supported by this compiler.
    [javac]   It is recommended that the compiler be upgraded.
    [javac] warning: /root/.sdkman/candidates/java/8.0.302-open/lib/ct.sym(META-INF/sym/rt.jar/java/lang/ThreadLocal.class): major version 52 is newer than 51, the highest major version supported by this compiler.
    [javac]   It is recommended that the compiler be upgraded.
    [javac] warning: /root/.sdkman/candidates/java/8.0.302-open/lib/ct.sym(META-INF/sym/rt.jar/java/lang/StringBuffer.class): major version 52 is newer than 51, the highest major version supported by this compiler.
    [javac]   It is recommended that the compiler be upgraded.
    [javac] warning: /root/.sdkman/candidates/java/8.0.302-open/lib/ct.sym(META-INF/sym/rt.jar/java/lang/Boolean.class): major version 52 is newer than 51, the highest major version supported by this compiler.
    [javac]   It is recommended that the compiler be upgraded.
    [javac] warning: /root/.sdkman/candidates/java/8.0.302-open/lib/ct.sym(META-INF/sym/rt.jar/java/util/BitSet.class): major version 52 is newer than 51, the highest major version supported by this compiler.
    [javac]   It is recommended that the compiler be upgraded.
    [javac] warning: /root/.sdkman/candidates/java/8.0.302-open/lib/ct.sym(META-INF/sym/rt.jar/java/util/HashMap.class): major version 52 is newer than 51, the highest major version supported by this compiler.
    [javac]   It is recommended that the compiler be upgraded.
    [javac] warning: /root/.sdkman/candidates/java/8.0.302-open/lib/ct.sym(META-INF/sym/rt.jar/java/lang/Long.class): major version 52 is newer than 51, the highest major version supported by this compiler.
    [javac]   It is recommended that the compiler be upgraded.
    [javac] warning: /root/.sdkman/candidates/java/8.0.302-open/lib/ct.sym(META-INF/sym/rt.jar/java/lang/Integer.class): major version 52 is newer than 51, the highest major version supported by this compiler.
    [javac]   It is recommended that the compiler be upgraded.
    [javac] warning: /root/.sdkman/candidates/java/8.0.302-open/lib/ct.sym(META-INF/sym/rt.jar/java/lang/Short.class): major version 52 is newer than 51, the highest major version supported by this compiler.
    [javac]   It is recommended that the compiler be upgraded.
    [javac] warning: /root/.sdkman/candidates/java/8.0.302-open/lib/ct.sym(META-INF/sym/rt.jar/java/lang/Byte.class): major version 52 is newer than 51, the highest major version supported by this compiler.
    [javac]   It is recommended that the compiler be upgraded.
    [javac] warning: /root/.sdkman/candidates/java/8.0.302-open/lib/ct.sym(META-INF/sym/rt.jar/java/lang/Double.class): major version 52 is newer than 51, the highest major version supported by this compiler.
    [javac]   It is recommended that the compiler be upgraded.
    [javac] warning: /root/.sdkman/candidates/java/8.0.302-open/lib/ct.sym(META-INF/sym/rt.jar/java/lang/Float.class): major version 52 is newer than 51, the highest major version supported by this compiler.
    [javac]   It is recommended that the compiler be upgraded.
    [javac] warning: /root/.sdkman/candidates/java/8.0.302-open/lib/ct.sym(META-INF/sym/rt.jar/java/lang/Character.class): major version 52 is newer than 51, the highest major version supported by this compiler.
    [javac]   It is recommended that the compiler be upgraded.
    [javac] warning: /root/.sdkman/candidates/java/8.0.302-open/lib/ct.sym(META-INF/sym/rt.jar/java/nio/charset/Charset.class): major version 52 is newer than 51, the highest major version supported by this compiler.
    [javac]   It is recommended that the compiler be upgraded.
    [javac] warning: /root/.sdkman/candidates/java/8.0.302-open/lib/ct.sym(META-INF/sym/rt.jar/java/nio/charset/IllegalCharsetNameException.class): major version 52 is newer than 51, the highest major version supported by this compiler.
    [javac]   It is recommended that the compiler be upgraded.
    [javac] warning: /root/.sdkman/candidates/java/8.0.302-open/lib/ct.sym(META-INF/sym/rt.jar/java/util/Iterator.class): major version 52 is newer than 51, the highest major version supported by this compiler.
    [javac]   It is recommended that the compiler be upgraded.
    [javac] warning: /root/.sdkman/candidates/java/8.0.302-open/lib/ct.sym(META-INF/sym/rt.jar/java/util/NoSuchElementException.class): major version 52 is newer than 51, the highest major version supported by this compiler.
    [javac]   It is recommended that the compiler be upgraded.
    [javac] warning: /root/.sdkman/candidates/java/8.0.302-open/lib/ct.sym(META-INF/sym/rt.jar/java/lang/Iterable.class): major version 52 is newer than 51, the highest major version supported by this compiler.
    [javac]   It is recommended that the compiler be upgraded.
    [javac] warning: /root/.sdkman/candidates/java/8.0.302-open/lib/ct.sym(META-INF/sym/rt.jar/java/lang/CharSequence.class): major version 52 is newer than 51, the highest major version supported by this compiler.
    [javac]   It is recommended that the compiler be upgraded.
    [javac] warning: /root/.sdkman/candidates/java/8.0.302-open/lib/ct.sym(META-INF/sym/rt.jar/java/util/Collections.class): major version 52 is newer than 51, the highest major version supported by this compiler.
    [javac]   It is recommended that the compiler be upgraded.
    [javac] warning: /root/.sdkman/candidates/java/8.0.302-open/lib/ct.sym(META-INF/sym/rt.jar/java/util/HashSet.class): major version 52 is newer than 51, the highest major version supported by this compiler.
    [javac]   It is recommended that the compiler be upgraded.
    [javac] warning: /root/.sdkman/candidates/java/8.0.302-open/lib/ct.sym(META-INF/sym/rt.jar/java/util/Set.class): major version 52 is newer than 51, the highest major version supported by this compiler.
    [javac]   It is recommended that the compiler be upgraded.
    [javac] warning: /root/.sdkman/candidates/java/8.0.302-open/lib/ct.sym(META-INF/sym/rt.jar/java/lang/reflect/Modifier.class): major version 52 is newer than 51, the highest major version supported by this compiler.
    [javac]   It is recommended that the compiler be upgraded.
    [javac] warning: /root/.sdkman/candidates/java/8.0.302-open/lib/ct.sym(META-INF/sym/rt.jar/java/util/ArrayList.class): major version 52 is newer than 51, the highest major version supported by this compiler.
    [javac]   It is recommended that the compiler be upgraded.
    [javac] warning: /root/.sdkman/candidates/java/8.0.302-open/lib/ct.sym(META-INF/sym/rt.jar/java/util/LinkedHashSet.class): major version 52 is newer than 51, the highest major version supported by this compiler.
    [javac]   It is recommended that the compiler be upgraded.
    [javac] warning: /root/.sdkman/candidates/java/8.0.302-open/lib/ct.sym(META-INF/sym/rt.jar/java/util/List.class): major version 52 is newer than 51, the highest major version supported by this compiler.
    [javac]   It is recommended that the compiler be upgraded.
    [javac] warning: /root/.sdkman/candidates/java/8.0.302-open/lib/ct.sym(META-INF/sym/rt.jar/java/lang/ClassLoader.class): major version 52 is newer than 51, the highest major version supported by this compiler.
    [javac]   It is recommended that the compiler be upgraded.
    [javac] warning: /root/.sdkman/candidates/java/8.0.302-open/lib/ct.sym(META-INF/sym/rt.jar/java/lang/ClassNotFoundException.class): major version 52 is newer than 51, the highest major version supported by this compiler.
    [javac]   It is recommended that the compiler be upgraded.
    [javac] warning: /root/.sdkman/candidates/java/8.0.302-open/lib/ct.sym(META-INF/sym/rt.jar/java/lang/SecurityException.class): major version 52 is newer than 51, the highest major version supported by this compiler.
    [javac]   It is recommended that the compiler be upgraded.
    [javac] warning: /root/.sdkman/candidates/java/8.0.302-open/lib/ct.sym(META-INF/sym/rt.jar/java/lang/NoSuchMethodException.class): major version 52 is newer than 51, the highest major version supported by this compiler.
    [javac]   It is recommended that the compiler be upgraded.
    [javac] warning: /root/.sdkman/candidates/java/8.0.302-open/lib/ct.sym(META-INF/sym/rt.jar/java/util/UUID.class): major version 52 is newer than 51, the highest major version supported by this compiler.
    [javac]   It is recommended that the compiler be upgraded.
    [javac] warning: /root/.sdkman/candidates/java/8.0.302-open/lib/ct.sym(META-INF/sym/rt.jar/java/util/EnumSet.class): major version 52 is newer than 51, the highest major version supported by this compiler.
    [javac]   It is recommended that the compiler be upgraded.
    [javac] warning: /root/.sdkman/candidates/java/8.0.302-open/lib/ct.sym(META-INF/sym/rt.jar/java/util/LinkedHashMap.class): major version 52 is newer than 51, the highest major version supported by this compiler.
    [javac]   It is recommended that the compiler be upgraded.
    [javac] warning: /root/.sdkman/candidates/java/8.0.302-open/lib/ct.sym(META-INF/sym/rt.jar/java/lang/Enum.class): major version 52 is newer than 51, the highest major version supported by this compiler.
    [javac]   It is recommended that the compiler be upgraded.
    [javac] warning: /root/.sdkman/candidates/java/8.0.302-open/lib/ct.sym(META-INF/sym/rt.jar/java/lang/Comparable.class): major version 52 is newer than 51, the highest major version supported by this compiler.
    [javac]   It is recommended that the compiler be upgraded.
    [javac] warning: /root/.sdkman/candidates/java/8.0.302-open/lib/ct.sym(META-INF/sym/rt.jar/java/util/Locale.class): major version 52 is newer than 51, the highest major version supported by this compiler.
    [javac]   It is recommended that the compiler be upgraded.
    [javac] warning: /root/.sdkman/candidates/java/8.0.302-open/lib/ct.sym(META-INF/sym/rt.jar/java/util/concurrent/ConcurrentHashMap.class): major version 52 is newer than 51, the highest major version supported by this compiler.
    [javac]   It is recommended that the compiler be upgraded.
    [javac] warning: /root/.sdkman/candidates/java/8.0.302-open/lib/ct.sym(META-INF/sym/rt.jar/java/util/concurrent/ConcurrentMap.class): major version 52 is newer than 51, the highest major version supported by this compiler.
    [javac]   It is recommended that the compiler be upgraded.
    [javac] warning: /root/.sdkman/candidates/java/8.0.302-open/lib/ct.sym(META-INF/sym/rt.jar/java/util/Comparator.class): major version 52 is newer than 51, the highest major version supported by this compiler.
    [javac]   It is recommended that the compiler be upgraded.
    [javac] warning: /root/.sdkman/candidates/java/8.0.302-open/lib/ct.sym(META-INF/sym/rt.jar/java/util/TreeSet.class): major version 52 is newer than 51, the highest major version supported by this compiler.
    [javac]   It is recommended that the compiler be upgraded.
    [javac] warning: /root/.sdkman/candidates/java/8.0.302-open/lib/ct.sym(META-INF/sym/rt.jar/java/lang/IllegalArgumentException.class): major version 52 is newer than 51, the highest major version supported by this compiler.
    [javac]   It is recommended that the compiler be upgraded.
    [javac] warning: /root/.sdkman/candidates/java/8.0.302-open/lib/ct.sym(META-INF/sym/rt.jar/java/util/Random.class): major version 52 is newer than 51, the highest major version supported by this compiler.
    [javac]   It is recommended that the compiler be upgraded.
    [javac] warning: /root/.sdkman/candidates/java/8.0.302-open/lib/ct.sym(META-INF/sym/rt.jar/java/lang/SuppressWarnings.class): major version 52 is newer than 51, the highest major version supported by this compiler.
    [javac]   It is recommended that the compiler be upgraded.
    [javac] warning: /root/.sdkman/candidates/java/8.0.302-open/lib/ct.sym(META-INF/sym/rt.jar/java/lang/RuntimeException.class): major version 52 is newer than 51, the highest major version supported by this compiler.
    [javac]   It is recommended that the compiler be upgraded.
    [javac] warning: /root/.sdkman/candidates/java/8.0.302-open/lib/ct.sym(META-INF/sym/rt.jar/java/lang/Exception.class): major version 52 is newer than 51, the highest major version supported by this compiler.
    [javac]   It is recommended that the compiler be upgraded.
    [javac] warning: /root/.sdkman/candidates/java/8.0.302-open/lib/ct.sym(META-INF/sym/rt.jar/java/lang/Throwable.class): major version 52 is newer than 51, the highest major version supported by this compiler.
    [javac]   It is recommended that the compiler be upgraded.
    [javac] warning: /root/.sdkman/candidates/java/8.0.302-open/lib/ct.sym(META-INF/sym/rt.jar/java/io/ByteArrayInputStream.class): major version 52 is newer than 51, the highest major version supported by this compiler.
    [javac]   It is recommended that the compiler be upgraded.
    [javac] warning: /root/.sdkman/candidates/java/8.0.302-open/lib/ct.sym(META-INF/sym/rt.jar/java/io/ByteArrayOutputStream.class): major version 52 is newer than 51, the highest major version supported by this compiler.
    [javac]   It is recommended that the compiler be upgraded.
    [javac] warning: /root/.sdkman/candidates/java/8.0.302-open/lib/ct.sym(META-INF/sym/rt.jar/java/io/IOException.class): major version 52 is newer than 51, the highest major version supported by this compiler.
    [javac]   It is recommended that the compiler be upgraded.
    [javac] warning: /root/.sdkman/candidates/java/8.0.302-open/lib/ct.sym(META-INF/sym/rt.jar/java/io/InputStream.class): major version 52 is newer than 51, the highest major version supported by this compiler.
    [javac]   It is recommended that the compiler be upgraded.
    [javac] warning: /root/.sdkman/candidates/java/8.0.302-open/lib/ct.sym(META-INF/sym/rt.jar/java/io/ObjectInputStream.class): major version 52 is newer than 51, the highest major version supported by this compiler.
    [javac]   It is recommended that the compiler be upgraded.
    [javac] warning: /root/.sdkman/candidates/java/8.0.302-open/lib/ct.sym(META-INF/sym/rt.jar/java/io/ObjectOutputStream.class): major version 52 is newer than 51, the highest major version supported by this compiler.
    [javac]   It is recommended that the compiler be upgraded.
    [javac] warning: /root/.sdkman/candidates/java/8.0.302-open/lib/ct.sym(META-INF/sym/rt.jar/java/io/ObjectStreamClass.class): major version 52 is newer than 51, the highest major version supported by this compiler.
    [javac]   It is recommended that the compiler be upgraded.
    [javac] warning: /root/.sdkman/candidates/java/8.0.302-open/lib/ct.sym(META-INF/sym/rt.jar/java/io/OutputStream.class): major version 52 is newer than 51, the highest major version supported by this compiler.
    [javac]   It is recommended that the compiler be upgraded.
    [javac] warning: /root/.sdkman/candidates/java/8.0.302-open/lib/ct.sym(META-INF/sym/rt.jar/java/io/ObjectInput.class): major version 52 is newer than 51, the highest major version supported by this compiler.
    [javac]   It is recommended that the compiler be upgraded.
    [javac] warning: /root/.sdkman/candidates/java/8.0.302-open/lib/ct.sym(META-INF/sym/rt.jar/java/io/DataInput.class): major version 52 is newer than 51, the highest major version supported by this compiler.
    [javac]   It is recommended that the compiler be upgraded.
    [javac] warning: /root/.sdkman/candidates/java/8.0.302-open/lib/ct.sym(META-INF/sym/rt.jar/java/lang/AutoCloseable.class): major version 52 is newer than 51, the highest major version supported by this compiler.
    [javac]   It is recommended that the compiler be upgraded.
    [javac] warning: /root/.sdkman/candidates/java/8.0.302-open/lib/ct.sym(META-INF/sym/rt.jar/java/io/ObjectStreamConstants.class): major version 52 is newer than 51, the highest major version supported by this compiler.
    [javac]   It is recommended that the compiler be upgraded.
    [javac] warning: /root/.sdkman/candidates/java/8.0.302-open/lib/ct.sym(META-INF/sym/rt.jar/java/io/Closeable.class): major version 52 is newer than 51, the highest major version supported by this compiler.
    [javac]   It is recommended that the compiler be upgraded.
    [javac] warning: /root/.sdkman/candidates/java/8.0.302-open/lib/ct.sym(META-INF/sym/rt.jar/java/io/Writer.class): major version 52 is newer than 51, the highest major version supported by this compiler.
    [javac]   It is recommended that the compiler be upgraded.
    [javac] warning: /root/.sdkman/candidates/java/8.0.302-open/lib/ct.sym(META-INF/sym/rt.jar/java/io/StringWriter.class): major version 52 is newer than 51, the highest major version supported by this compiler.
    [javac]   It is recommended that the compiler be upgraded.
    [javac] warning: /root/.sdkman/candidates/java/8.0.302-open/lib/ct.sym(META-INF/sym/rt.jar/java/io/UnsupportedEncodingException.class): major version 52 is newer than 51, the highest major version supported by this compiler.
    [javac]   It is recommended that the compiler be upgraded.
    [javac] warning: /root/.sdkman/candidates/java/8.0.302-open/lib/ct.sym(META-INF/sym/rt.jar/java/text/Normalizer.class): major version 52 is newer than 51, the highest major version supported by this compiler.
    [javac]   It is recommended that the compiler be upgraded.
    [javac] warning: /root/.sdkman/candidates/java/8.0.302-open/lib/ct.sym(META-INF/sym/rt.jar/java/util/regex/Pattern.class): major version 52 is newer than 51, the highest major version supported by this compiler.
    [javac]   It is recommended that the compiler be upgraded.
    [javac] warning: /root/.sdkman/candidates/java/8.0.302-open/lib/ct.sym(META-INF/sym/rt.jar/java/io/File.class): major version 52 is newer than 51, the highest major version supported by this compiler.
    [javac]   It is recommended that the compiler be upgraded.
    [javac] warning: /root/.sdkman/candidates/java/8.0.302-open/lib/ct.sym(META-INF/sym/rt.jar/java/lang/reflect/AccessibleObject.class): major version 52 is newer than 51, the highest major version supported by this compiler.
    [javac]   It is recommended that the compiler be upgraded.
    [javac] warning: /root/.sdkman/candidates/java/8.0.302-open/lib/ct.sym(META-INF/sym/rt.jar/java/lang/reflect/Field.class): major version 52 is newer than 51, the highest major version supported by this compiler.
    [javac]   It is recommended that the compiler be upgraded.
    [javac] warning: /root/.sdkman/candidates/java/8.0.302-open/lib/ct.sym(META-INF/sym/rt.jar/java/util/Map$Entry.class): major version 52 is newer than 51, the highest major version supported by this compiler.
    [javac]   It is recommended that the compiler be upgraded.
    [javac] warning: /root/.sdkman/candidates/java/8.0.302-open/lib/ct.sym(META-INF/sym/rt.jar/java/lang/IllegalAccessException.class): major version 52 is newer than 51, the highest major version supported by this compiler.
    [javac]   It is recommended that the compiler be upgraded.
    [javac] warning: /root/.sdkman/candidates/java/8.0.302-open/lib/ct.sym(META-INF/sym/rt.jar/java/util/concurrent/atomic/AtomicReference.class): major version 52 is newer than 51, the highest major version supported by this compiler.
    [javac]   It is recommended that the compiler be upgraded.
    [javac] warning: /root/.sdkman/candidates/java/8.0.302-open/lib/ct.sym(META-INF/sym/rt.jar/java/util/concurrent/Callable.class): major version 52 is newer than 51, the highest major version supported by this compiler.
    [javac]   It is recommended that the compiler be upgraded.
    [javac] warning: /root/.sdkman/candidates/java/8.0.302-open/lib/ct.sym(META-INF/sym/rt.jar/java/util/concurrent/ExecutionException.class): major version 52 is newer than 51, the highest major version supported by this compiler.
    [javac]   It is recommended that the compiler be upgraded.
    [javac] warning: /root/.sdkman/candidates/java/8.0.302-open/lib/ct.sym(META-INF/sym/rt.jar/java/util/concurrent/ExecutorService.class): major version 52 is newer than 51, the highest major version supported by this compiler.
    [javac]   It is recommended that the compiler be upgraded.
    [javac] warning: /root/.sdkman/candidates/java/8.0.302-open/lib/ct.sym(META-INF/sym/rt.jar/java/util/concurrent/Executors.class): major version 52 is newer than 51, the highest major version supported by this compiler.
    [javac]   It is recommended that the compiler be upgraded.
    [javac] warning: /root/.sdkman/candidates/java/8.0.302-open/lib/ct.sym(META-INF/sym/rt.jar/java/util/concurrent/Future.class): major version 52 is newer than 51, the highest major version supported by this compiler.
    [javac]   It is recommended that the compiler be upgraded.
    [javac] warning: /root/.sdkman/candidates/java/8.0.302-open/lib/ct.sym(META-INF/sym/rt.jar/java/util/concurrent/ThreadFactory.class): major version 52 is newer than 51, the highest major version supported by this compiler.
    [javac]   It is recommended that the compiler be upgraded.
    [javac] warning: /root/.sdkman/candidates/java/8.0.302-open/lib/ct.sym(META-INF/sym/rt.jar/java/util/concurrent/atomic/AtomicLong.class): major version 52 is newer than 51, the highest major version supported by this compiler.
    [javac]   It is recommended that the compiler be upgraded.
    [javac] warning: /root/.sdkman/candidates/java/8.0.302-open/lib/ct.sym(META-INF/sym/rt.jar/java/lang/Thread.class): major version 52 is newer than 51, the highest major version supported by this compiler.
    [javac]   It is recommended that the compiler be upgraded.
    [javac] warning: /root/.sdkman/candidates/java/8.0.302-open/lib/ct.sym(META-INF/sym/rt.jar/java/lang/Thread$UncaughtExceptionHandler.class): major version 52 is newer than 51, the highest major version supported by this compiler.
    [javac]   It is recommended that the compiler be upgraded.
    [javac] warning: /root/.sdkman/candidates/java/8.0.302-open/lib/ct.sym(META-INF/sym/rt.jar/java/lang/Runnable.class): major version 52 is newer than 51, the highest major version supported by this compiler.
    [javac]   It is recommended that the compiler be upgraded.
    [javac] warning: /root/.sdkman/candidates/java/8.0.302-open/lib/ct.sym(META-INF/sym/rt.jar/java/util/concurrent/TimeUnit.class): major version 52 is newer than 51, the highest major version supported by this compiler.
    [javac]   It is recommended that the compiler be upgraded.
    [javac] warning: /root/.sdkman/candidates/java/8.0.302-open/lib/ct.sym(META-INF/sym/rt.jar/java/util/concurrent/ScheduledExecutorService.class): major version 52 is newer than 51, the highest major version supported by this compiler.
    [javac]   It is recommended that the compiler be upgraded.
    [javac] warning: /root/.sdkman/candidates/java/8.0.302-open/lib/ct.sym(META-INF/sym/rt.jar/java/util/concurrent/ScheduledFuture.class): major version 52 is newer than 51, the highest major version supported by this compiler.
    [javac]   It is recommended that the compiler be upgraded.
    [javac] warning: /root/.sdkman/candidates/java/8.0.302-open/lib/ct.sym(META-INF/sym/rt.jar/java/util/concurrent/ScheduledThreadPoolExecutor.class): major version 52 is newer than 51, the highest major version supported by this compiler.
    [javac]   It is recommended that the compiler be upgraded.
    [javac] warning: /root/.sdkman/candidates/java/8.0.302-open/lib/ct.sym(META-INF/sym/rt.jar/java/lang/InterruptedException.class): major version 52 is newer than 51, the highest major version supported by this compiler.
    [javac]   It is recommended that the compiler be upgraded.
    [javac] warning: /root/.sdkman/candidates/java/8.0.302-open/lib/ct.sym(META-INF/sym/rt.jar/java/lang/reflect/InvocationHandler.class): major version 52 is newer than 51, the highest major version supported by this compiler.
    [javac]   It is recommended that the compiler be upgraded.
    [javac] warning: /root/.sdkman/candidates/java/8.0.302-open/lib/ct.sym(META-INF/sym/rt.jar/java/lang/reflect/Proxy.class): major version 52 is newer than 51, the highest major version supported by this compiler.
    [javac]   It is recommended that the compiler be upgraded.
    [javac] warning: /root/.sdkman/candidates/java/8.0.302-open/lib/ct.sym(META-INF/sym/rt.jar/java/util/concurrent/CopyOnWriteArrayList.class): major version 52 is newer than 51, the highest major version supported by this compiler.
    [javac]   It is recommended that the compiler be upgraded.
    [javac] 100 warnings

compile.gen.tests:
     [echo] classes.dir: target/classes
     [echo] build.home: target
    [mkdir] Created dir: /tmp/fix_test_suite.pl_26016_1702627282/.classes_testgen
    [javac] /defects4j/framework/projects/defects4j.build.xml:265: warning: 'includeantruntime' was not set, defaulting to build.sysclasspath=last; set to false for repeatable builds
    [javac] Compiling 1 source file to /tmp/fix_test_suite.pl_26016_1702627282/.classes_testgen
    [javac] warning: /root/.sdkman/candidates/java/8.0.302-open/lib/ct.sym(META-INF/sym/rt.jar/java/lang/Enum.class): major version 52 is newer than 51, the highest major version supported by this compiler.
    [javac]   It is recommended that the compiler be upgraded.
    [javac] warning: /root/.sdkman/candidates/java/8.0.302-open/lib/ct.sym(META-INF/sym/rt.jar/java/lang/Object.class): major version 52 is newer than 51, the highest major version supported by this compiler.
    [javac]   It is recommended that the compiler be upgraded.
    [javac] warning: /root/.sdkman/candidates/java/8.0.302-open/lib/ct.sym(META-INF/sym/rt.jar/java/lang/Comparable.class): major version 52 is newer than 51, the highest major version supported by this compiler.
    [javac]   It is recommended that the compiler be upgraded.
    [javac] warning: /root/.sdkman/candidates/java/8.0.302-open/lib/ct.sym(META-INF/sym/rt.jar/java/io/Serializable.class): major version 52 is newer than 51, the highest major version supported by this compiler.
    [javac]   It is recommended that the compiler be upgraded.
    [javac] warning: /root/.sdkman/candidates/java/8.0.302-open/lib/ct.sym(META-INF/sym/rt.jar/java/lang/reflect/Constructor.class): major version 52 is newer than 51, the highest major version supported by this compiler.
    [javac]   It is recommended that the compiler be upgraded.
    [javac] warning: /root/.sdkman/candidates/java/8.0.302-open/lib/ct.sym(META-INF/sym/rt.jar/java/lang/reflect/Modifier.class): major version 52 is newer than 51, the highest major version supported by this compiler.
    [javac]   It is recommended that the compiler be upgraded.
    [javac] warning: /root/.sdkman/candidates/java/8.0.302-open/lib/ct.sym(META-INF/sym/rt.jar/java/util/Arrays.class): major version 52 is newer than 51, the highest major version supported by this compiler.
    [javac]   It is recommended that the compiler be upgraded.
    [javac] warning: /root/.sdkman/candidates/java/8.0.302-open/lib/ct.sym(META-INF/sym/rt.jar/java/util/Collection.class): major version 52 is newer than 51, the highest major version supported by this compiler.
    [javac]   It is recommended that the compiler be upgraded.
    [javac] warning: /root/.sdkman/candidates/java/8.0.302-open/lib/ct.sym(META-INF/sym/rt.jar/java/util/HashSet.class): major version 52 is newer than 51, the highest major version supported by this compiler.
    [javac]   It is recommended that the compiler be upgraded.
    [javac] warning: /root/.sdkman/candidates/java/8.0.302-open/lib/ct.sym(META-INF/sym/rt.jar/java/util/Iterator.class): major version 52 is newer than 51, the highest major version supported by this compiler.
    [javac]   It is recommended that the compiler be upgraded.
    [javac] warning: /root/.sdkman/candidates/java/8.0.302-open/lib/ct.sym(META-INF/sym/rt.jar/java/util/List.class): major version 52 is newer than 51, the highest major version supported by this compiler.
    [javac]   It is recommended that the compiler be upgraded.
    [javac] warning: /root/.sdkman/candidates/java/8.0.302-open/lib/ct.sym(META-INF/sym/rt.jar/java/util/Locale.class): major version 52 is newer than 51, the highest major version supported by this compiler.
    [javac]   It is recommended that the compiler be upgraded.
    [javac] warning: /root/.sdkman/candidates/java/8.0.302-open/lib/ct.sym(META-INF/sym/rt.jar/java/util/Set.class): major version 52 is newer than 51, the highest major version supported by this compiler.
    [javac]   It is recommended that the compiler be upgraded.
    [javac] warning: /root/.sdkman/candidates/java/8.0.302-open/lib/ct.sym(META-INF/sym/rt.jar/java/lang/String.class): major version 52 is newer than 51, the highest major version supported by this compiler.
    [javac]   It is recommended that the compiler be upgraded.
    [javac] /root/.sdkman/candidates/java/8.0.302-open/lib/ct.sym(META-INF/sym/rt.jar/java/lang/Enum.class): warning: Cannot find annotation method 'value()' in type 'Profile+Annotation': class file for jdk.Profile+Annotation not found
    [javac] /root/.sdkman/candidates/java/8.0.302-open/lib/ct.sym(META-INF/sym/rt.jar/java/lang/Object.class): warning: Cannot find annotation method 'value()' in type 'Profile+Annotation'
    [javac] /root/.sdkman/candidates/java/8.0.302-open/lib/ct.sym(META-INF/sym/rt.jar/java/lang/Comparable.class): warning: Cannot find annotation method 'value()' in type 'Profile+Annotation'
    [javac] /root/.sdkman/candidates/java/8.0.302-open/lib/ct.sym(META-INF/sym/rt.jar/java/io/Serializable.class): warning: Cannot find annotation method 'value()' in type 'Profile+Annotation'
    [javac] /root/.sdkman/candidates/java/8.0.302-open/lib/ct.sym(META-INF/sym/rt.jar/java/lang/reflect/Constructor.class): warning: Cannot find annotation method 'value()' in type 'Profile+Annotation'
    [javac] /root/.sdkman/candidates/java/8.0.302-open/lib/ct.sym(META-INF/sym/rt.jar/java/lang/reflect/Modifier.class): warning: Cannot find annotation method 'value()' in type 'Profile+Annotation'
    [javac] /root/.sdkman/candidates/java/8.0.302-open/lib/ct.sym(META-INF/sym/rt.jar/java/util/Arrays.class): warning: Cannot find annotation method 'value()' in type 'Profile+Annotation'
    [javac] /root/.sdkman/candidates/java/8.0.302-open/lib/ct.sym(META-INF/sym/rt.jar/java/util/Collection.class): warning: Cannot find annotation method 'value()' in type 'Profile+Annotation'
    [javac] /root/.sdkman/candidates/java/8.0.302-open/lib/ct.sym(META-INF/sym/rt.jar/java/util/HashSet.class): warning: Cannot find annotation method 'value()' in type 'Profile+Annotation'
    [javac] /root/.sdkman/candidates/java/8.0.302-open/lib/ct.sym(META-INF/sym/rt.jar/java/util/Iterator.class): warning: Cannot find annotation method 'value()' in type 'Profile+Annotation'
    [javac] /root/.sdkman/candidates/java/8.0.302-open/lib/ct.sym(META-INF/sym/rt.jar/java/util/List.class): warning: Cannot find annotation method 'value()' in type 'Profile+Annotation'
    [javac] /root/.sdkman/candidates/java/8.0.302-open/lib/ct.sym(META-INF/sym/rt.jar/java/util/Locale.class): warning: Cannot find annotation method 'value()' in type 'Profile+Annotation'
    [javac] /root/.sdkman/candidates/java/8.0.302-open/lib/ct.sym(META-INF/sym/rt.jar/java/util/Set.class): warning: Cannot find annotation method 'value()' in type 'Profile+Annotation'
    [javac] warning: /root/.sdkman/candidates/java/8.0.302-open/lib/ct.sym(META-INF/sym/rt.jar/java/lang/annotation/Retention.class): major version 52 is newer than 51, the highest major version supported by this compiler.
    [javac]   It is recommended that the compiler be upgraded.
    [javac] warning: /root/.sdkman/candidates/java/8.0.302-open/lib/ct.sym(META-INF/sym/rt.jar/java/lang/annotation/RetentionPolicy.class): major version 52 is newer than 51, the highest major version supported by this compiler.
    [javac]   It is recommended that the compiler be upgraded.
    [javac] warning: /root/.sdkman/candidates/java/8.0.302-open/lib/ct.sym(META-INF/sym/rt.jar/java/lang/annotation/Target.class): major version 52 is newer than 51, the highest major version supported by this compiler.
    [javac]   It is recommended that the compiler be upgraded.
    [javac] warning: /root/.sdkman/candidates/java/8.0.302-open/lib/ct.sym(META-INF/sym/rt.jar/java/lang/annotation/ElementType.class): major version 52 is newer than 51, the highest major version supported by this compiler.
    [javac]   It is recommended that the compiler be upgraded.
    [javac] warning: /root/.sdkman/candidates/java/8.0.302-open/lib/ct.sym(META-INF/sym/rt.jar/java/lang/annotation/Annotation.class): major version 52 is newer than 51, the highest major version supported by this compiler.
    [javac]   It is recommended that the compiler be upgraded.
    [javac] /root/.sdkman/candidates/java/8.0.302-open/lib/ct.sym(META-INF/sym/rt.jar/java/lang/String.class): warning: Cannot find annotation method 'value()' in type 'Profile+Annotation'
    [javac] /root/.sdkman/candidates/java/8.0.302-open/lib/ct.sym(META-INF/sym/rt.jar/java/lang/annotation/Retention.class): warning: Cannot find annotation method 'value()' in type 'Profile+Annotation'
    [javac] /root/.sdkman/candidates/java/8.0.302-open/lib/ct.sym(META-INF/sym/rt.jar/java/lang/annotation/RetentionPolicy.class): warning: Cannot find annotation method 'value()' in type 'Profile+Annotation'
    [javac] /root/.sdkman/candidates/java/8.0.302-open/lib/ct.sym(META-INF/sym/rt.jar/java/lang/annotation/Target.class): warning: Cannot find annotation method 'value()' in type 'Profile+Annotation'
    [javac] /root/.sdkman/candidates/java/8.0.302-open/lib/ct.sym(META-INF/sym/rt.jar/java/lang/annotation/ElementType.class): warning: Cannot find annotation method 'value()' in type 'Profile+Annotation'
    [javac] /root/.sdkman/candidates/java/8.0.302-open/lib/ct.sym(META-INF/sym/rt.jar/java/lang/annotation/Annotation.class): warning: Cannot find annotation method 'value()' in type 'Profile+Annotation'
    [javac] warning: /root/.sdkman/candidates/java/8.0.302-open/lib/ct.sym(META-INF/sym/rt.jar/java/lang/AutoCloseable.class): major version 52 is newer than 51, the highest major version supported by this compiler.
    [javac]   It is recommended that the compiler be upgraded.
    [javac] /root/.sdkman/candidates/java/8.0.302-open/lib/ct.sym(META-INF/sym/rt.jar/java/lang/AutoCloseable.class): warning: Cannot find annotation method 'value()' in type 'Profile+Annotation'
    [javac] /tmp/fix_test_suite.pl_26016_1702627282/llm/org/apache/commons/lang3/LocaleUtils_LLMTest.java:56: error: cannot find symbol
    [javac]         assertLocaleLookupList(null, null, new Locale[0]);
    [javac]         ^
    [javac]   symbol:   method assertLocaleLookupList(<null>,<null>,Locale[])
    [javac]   location: class LocaleUtils_LLMTest
    [javac] /tmp/fix_test_suite.pl_26016_1702627282/llm/org/apache/commons/lang3/LocaleUtils_LLMTest.java:57: error: cannot find symbol
    [javac]         assertLocaleLookupList(LOCALE_QQ, null, new Locale[]{LOCALE_QQ});
    [javac]                                ^
    [javac]   symbol:   variable LOCALE_QQ
    [javac]   location: class LocaleUtils_LLMTest
    [javac] /tmp/fix_test_suite.pl_26016_1702627282/llm/org/apache/commons/lang3/LocaleUtils_LLMTest.java:57: error: cannot find symbol
    [javac]         assertLocaleLookupList(LOCALE_QQ, null, new Locale[]{LOCALE_QQ});
    [javac]                                                              ^
    [javac]   symbol:   variable LOCALE_QQ
    [javac]   location: class LocaleUtils_LLMTest
    [javac] /tmp/fix_test_suite.pl_26016_1702627282/llm/org/apache/commons/lang3/LocaleUtils_LLMTest.java:58: error: cannot find symbol
    [javac]         assertLocaleLookupList(LOCALE_EN, null, new Locale[]{LOCALE_EN});
    [javac]                                ^
    [javac]   symbol:   variable LOCALE_EN
    [javac]   location: class LocaleUtils_LLMTest
    [javac] /tmp/fix_test_suite.pl_26016_1702627282/llm/org/apache/commons/lang3/LocaleUtils_LLMTest.java:58: error: cannot find symbol
    [javac]         assertLocaleLookupList(LOCALE_EN, null, new Locale[]{LOCALE_EN});
    [javac]                                                              ^
    [javac]   symbol:   variable LOCALE_EN
    [javac]   location: class LocaleUtils_LLMTest
    [javac] /tmp/fix_test_suite.pl_26016_1702627282/llm/org/apache/commons/lang3/LocaleUtils_LLMTest.java:59: error: cannot find symbol
    [javac]         assertLocaleLookupList(LOCALE_EN, null, new Locale[]{LOCALE_EN});
    [javac]                                ^
    [javac]   symbol:   variable LOCALE_EN
    [javac]   location: class LocaleUtils_LLMTest
    [javac] /tmp/fix_test_suite.pl_26016_1702627282/llm/org/apache/commons/lang3/LocaleUtils_LLMTest.java:59: error: cannot find symbol
    [javac]         assertLocaleLookupList(LOCALE_EN, null, new Locale[]{LOCALE_EN});
    [javac]                                                              ^
    [javac]   symbol:   variable LOCALE_EN
    [javac]   location: class LocaleUtils_LLMTest
    [javac] /tmp/fix_test_suite.pl_26016_1702627282/llm/org/apache/commons/lang3/LocaleUtils_LLMTest.java:60: error: cannot find symbol
    [javac]         assertLocaleLookupList(LOCALE_EN_US, null,
    [javac]                                ^
    [javac]   symbol:   variable LOCALE_EN_US
    [javac]   location: class LocaleUtils_LLMTest
    [javac] /tmp/fix_test_suite.pl_26016_1702627282/llm/org/apache/commons/lang3/LocaleUtils_LLMTest.java:62: error: cannot find symbol
    [javac]                 LOCALE_EN_US,
    [javac]                 ^
    [javac]   symbol:   variable LOCALE_EN_US
    [javac]   location: class LocaleUtils_LLMTest
    [javac] /tmp/fix_test_suite.pl_26016_1702627282/llm/org/apache/commons/lang3/LocaleUtils_LLMTest.java:63: error: cannot find symbol
    [javac]                 LOCALE_EN});
    [javac]                 ^
    [javac]   symbol:   variable LOCALE_EN
    [javac]   location: class LocaleUtils_LLMTest
    [javac] /tmp/fix_test_suite.pl_26016_1702627282/llm/org/apache/commons/lang3/LocaleUtils_LLMTest.java:64: error: cannot find symbol
    [javac]         assertLocaleLookupList(LOCALE_EN_US_ZZZZ, null,
    [javac]                                ^
    [javac]   symbol:   variable LOCALE_EN_US_ZZZZ
    [javac]   location: class LocaleUtils_LLMTest
    [javac] /tmp/fix_test_suite.pl_26016_1702627282/llm/org/apache/commons/lang3/LocaleUtils_LLMTest.java:66: error: cannot find symbol
    [javac]                 LOCALE_EN_US_ZZZZ,
    [javac]                 ^
    [javac]   symbol:   variable LOCALE_EN_US_ZZZZ
    [javac]   location: class LocaleUtils_LLMTest
    [javac] /tmp/fix_test_suite.pl_26016_1702627282/llm/org/apache/commons/lang3/LocaleUtils_LLMTest.java:67: error: cannot find symbol
    [javac]                 LOCALE_EN_US,
    [javac]                 ^
    [javac]   symbol:   variable LOCALE_EN_US
    [javac]   location: class LocaleUtils_LLMTest
    [javac] /tmp/fix_test_suite.pl_26016_1702627282/llm/org/apache/commons/lang3/LocaleUtils_LLMTest.java:68: error: cannot find symbol
    [javac]                 LOCALE_EN});
    [javac]                 ^
    [javac]   symbol:   variable LOCALE_EN
    [javac]   location: class LocaleUtils_LLMTest
    [javac] /tmp/fix_test_suite.pl_26016_1702627282/llm/org/apache/commons/lang3/LocaleUtils_LLMTest.java:70: error: cannot find symbol
    [javac]         assertLocaleLookupList(LOCALE_EN, null, new Locale[]{LOCALE_EN});
    [javac]                                ^
    [javac]   symbol:   variable LOCALE_EN
    [javac]   location: class LocaleUtils_LLMTest
    [javac] /tmp/fix_test_suite.pl_26016_1702627282/llm/org/apache/commons/lang3/LocaleUtils_LLMTest.java:70: error: cannot find symbol
    [javac]         assertLocaleLookupList(LOCALE_EN, null, new Locale[]{LOCALE_EN});
    [javac]                                                              ^
    [javac]   symbol:   variable LOCALE_EN
    [javac]   location: class LocaleUtils_LLMTest
    [javac] /tmp/fix_test_suite.pl_26016_1702627282/llm/org/apache/commons/lang3/LocaleUtils_LLMTest.java:71: error: cannot find symbol
    [javac]         assertLocaleLookupList(LOCALE_EN_US, null,
    [javac]                                ^
    [javac]   symbol:   variable LOCALE_EN_US
    [javac]   location: class LocaleUtils_LLMTest
    [javac] /tmp/fix_test_suite.pl_26016_1702627282/llm/org/apache/commons/lang3/LocaleUtils_LLMTest.java:73: error: cannot find symbol
    [javac]                 LOCALE_EN_US,
    [javac]                 ^
    [javac]   symbol:   variable LOCALE_EN_US
    [javac]   location: class LocaleUtils_LLMTest
    [javac] /tmp/fix_test_suite.pl_26016_1702627282/llm/org/apache/commons/lang3/LocaleUtils_LLMTest.java:74: error: cannot find symbol
    [javac]                 LOCALE_EN});
    [javac]                 ^
    [javac]   symbol:   variable LOCALE_EN
    [javac]   location: class LocaleUtils_LLMTest
    [javac] /tmp/fix_test_suite.pl_26016_1702627282/llm/org/apache/commons/lang3/LocaleUtils_LLMTest.java:75: error: cannot find symbol
    [javac]         assertLocaleLookupList(LOCALE_EN_US, null,
    [javac]                                ^
    [javac]   symbol:   variable LOCALE_EN_US
    [javac]   location: class LocaleUtils_LLMTest
    [javac] /tmp/fix_test_suite.pl_26016_1702627282/llm/org/apache/commons/lang3/LocaleUtils_LLMTest.java:77: error: cannot find symbol
    [javac]                 LOCALE_EN_US,
    [javac]                 ^
    [javac]   symbol:   variable LOCALE_EN_US
    [javac]   location: class LocaleUtils_LLMTest
    [javac] /tmp/fix_test_suite.pl_26016_1702627282/llm/org/apache/commons/lang3/LocaleUtils_LLMTest.java:78: error: cannot find symbol
    [javac]                 LOCALE_EN});
    [javac]                 ^
    [javac]   symbol:   variable LOCALE_EN
    [javac]   location: class LocaleUtils_LLMTest
    [javac] /tmp/fix_test_suite.pl_26016_1702627282/llm/org/apache/commons/lang3/LocaleUtils_LLMTest.java:79: error: cannot find symbol
    [javac]         assertLocaleLookupList(LOCALE_EN_US_ZZZZ, null,
    [javac]                                ^
    [javac]   symbol:   variable LOCALE_EN_US_ZZZZ
    [javac]   location: class LocaleUtils_LLMTest
    [javac] /tmp/fix_test_suite.pl_26016_1702627282/llm/org/apache/commons/lang3/LocaleUtils_LLMTest.java:81: error: cannot find symbol
    [javac]                 LOCALE_EN_US_ZZZZ,
    [javac]                 ^
    [javac]   symbol:   variable LOCALE_EN_US_ZZZZ
    [javac]   location: class LocaleUtils_LLMTest
    [javac] /tmp/fix_test_suite.pl_26016_1702627282/llm/org/apache/commons/lang3/LocaleUtils_LLMTest.java:82: error: cannot find symbol
    [javac]                 LOCALE_EN_US,
    [javac]                 ^
    [javac]   symbol:   variable LOCALE_EN_US
    [javac]   location: class LocaleUtils_LLMTest
    [javac] /tmp/fix_test_suite.pl_26016_1702627282/llm/org/apache/commons/lang3/LocaleUtils_LLMTest.java:83: error: cannot find symbol
    [javac]                 LOCALE_EN});
    [javac]                 ^
    [javac]   symbol:   variable LOCALE_EN
    [javac]   location: class LocaleUtils_LLMTest
    [javac] /tmp/fix_test_suite.pl_26016_1702627282/llm/org/apache/commons/lang3/LocaleUtils_LLMTest.java:87: error: cannot find symbol
    [javac]         assertLocaleLookupList(LOCALE_QQ, LOCALE_QQ, 
    [javac]                                ^
    [javac]   symbol:   variable LOCALE_QQ
    [javac]   location: class LocaleUtils_LLMTest
    [javac] /tmp/fix_test_suite.pl_26016_1702627282/llm/org/apache/commons/lang3/LocaleUtils_LLMTest.java:87: error: cannot find symbol
    [javac]         assertLocaleLookupList(LOCALE_QQ, LOCALE_QQ, 
    [javac]                                           ^
    [javac]   symbol:   variable LOCALE_QQ
    [javac]   location: class LocaleUtils_LLMTest
    [javac] /tmp/fix_test_suite.pl_26016_1702627282/llm/org/apache/commons/lang3/LocaleUtils_LLMTest.java:88: error: cannot find symbol
    [javac]                 new Locale[]{LOCALE_QQ});
    [javac]                              ^
    [javac]   symbol:   variable LOCALE_QQ
    [javac]   location: class LocaleUtils_LLMTest
    [javac] /tmp/fix_test_suite.pl_26016_1702627282/llm/org/apache/commons/lang3/LocaleUtils_LLMTest.java:89: error: cannot find symbol
    [javac]         assertLocaleLookupList(LOCALE_EN, LOCALE_EN, 
    [javac]                                ^
    [javac]   symbol:   variable LOCALE_EN
    [javac]   location: class LocaleUtils_LLMTest
    [javac] /tmp/fix_test_suite.pl_26016_1702627282/llm/org/apache/commons/lang3/LocaleUtils_LLMTest.java:89: error: cannot find symbol
    [javac]         assertLocaleLookupList(LOCALE_EN, LOCALE_EN, 
    [javac]                                           ^
    [javac]   symbol:   variable LOCALE_EN
    [javac]   location: class LocaleUtils_LLMTest
    [javac] /tmp/fix_test_suite.pl_26016_1702627282/llm/org/apache/commons/lang3/LocaleUtils_LLMTest.java:90: error: cannot find symbol
    [javac]                 new Locale[]{LOCALE_EN});
    [javac]                              ^
    [javac]   symbol:   variable LOCALE_EN
    [javac]   location: class LocaleUtils_LLMTest
    [javac] /tmp/fix_test_suite.pl_26016_1702627282/llm/org/apache/commons/lang3/LocaleUtils_LLMTest.java:92: error: cannot find symbol
    [javac]         assertLocaleLookupList(LOCALE_EN_US, LOCALE_EN_US, 
    [javac]                                ^
    [javac]   symbol:   variable LOCALE_EN_US
    [javac]   location: class LocaleUtils_LLMTest
    [javac] /tmp/fix_test_suite.pl_26016_1702627282/llm/org/apache/commons/lang3/LocaleUtils_LLMTest.java:92: error: cannot find symbol
    [javac]         assertLocaleLookupList(LOCALE_EN_US, LOCALE_EN_US, 
    [javac]                                              ^
    [javac]   symbol:   variable LOCALE_EN_US
    [javac]   location: class LocaleUtils_LLMTest
    [javac] /tmp/fix_test_suite.pl_26016_1702627282/llm/org/apache/commons/lang3/LocaleUtils_LLMTest.java:94: error: cannot find symbol
    [javac]                 LOCALE_EN_US,
    [javac]                 ^
    [javac]   symbol:   variable LOCALE_EN_US
    [javac]   location: class LocaleUtils_LLMTest
    [javac] /tmp/fix_test_suite.pl_26016_1702627282/llm/org/apache/commons/lang3/LocaleUtils_LLMTest.java:95: error: cannot find symbol
    [javac]                 LOCALE_EN});
    [javac]                 ^
    [javac]   symbol:   variable LOCALE_EN
    [javac]   location: class LocaleUtils_LLMTest
    [javac] /tmp/fix_test_suite.pl_26016_1702627282/llm/org/apache/commons/lang3/LocaleUtils_LLMTest.java:96: error: cannot find symbol
    [javac]         assertLocaleLookupList(LOCALE_EN_US, LOCALE_QQ,
    [javac]                                ^
    [javac]   symbol:   variable LOCALE_EN_US
    [javac]   location: class LocaleUtils_LLMTest
    [javac] /tmp/fix_test_suite.pl_26016_1702627282/llm/org/apache/commons/lang3/LocaleUtils_LLMTest.java:96: error: cannot find symbol
    [javac]         assertLocaleLookupList(LOCALE_EN_US, LOCALE_QQ,
    [javac]                                              ^
    [javac]   symbol:   variable LOCALE_QQ
    [javac]   location: class LocaleUtils_LLMTest
    [javac] /tmp/fix_test_suite.pl_26016_1702627282/llm/org/apache/commons/lang3/LocaleUtils_LLMTest.java:98: error: cannot find symbol
    [javac]                 LOCALE_EN_US,
    [javac]                 ^
    [javac]   symbol:   variable LOCALE_EN_US
    [javac]   location: class LocaleUtils_LLMTest
    [javac] /tmp/fix_test_suite.pl_26016_1702627282/llm/org/apache/commons/lang3/LocaleUtils_LLMTest.java:99: error: cannot find symbol
    [javac]                 LOCALE_EN,
    [javac]                 ^
    [javac]   symbol:   variable LOCALE_EN
    [javac]   location: class LocaleUtils_LLMTest
    [javac] /tmp/fix_test_suite.pl_26016_1702627282/llm/org/apache/commons/lang3/LocaleUtils_LLMTest.java:100: error: cannot find symbol
    [javac]                 LOCALE_QQ});
    [javac]                 ^
    [javac]   symbol:   variable LOCALE_QQ
    [javac]   location: class LocaleUtils_LLMTest
    [javac] /tmp/fix_test_suite.pl_26016_1702627282/llm/org/apache/commons/lang3/LocaleUtils_LLMTest.java:101: error: cannot find symbol
    [javac]         assertLocaleLookupList(LOCALE_EN_US, LOCALE_QQ_ZZ,
    [javac]                                ^
    [javac]   symbol:   variable LOCALE_EN_US
    [javac]   location: class LocaleUtils_LLMTest
    [javac] /tmp/fix_test_suite.pl_26016_1702627282/llm/org/apache/commons/lang3/LocaleUtils_LLMTest.java:101: error: cannot find symbol
    [javac]         assertLocaleLookupList(LOCALE_EN_US, LOCALE_QQ_ZZ,
    [javac]                                              ^
    [javac]   symbol:   variable LOCALE_QQ_ZZ
    [javac]   location: class LocaleUtils_LLMTest
    [javac] /tmp/fix_test_suite.pl_26016_1702627282/llm/org/apache/commons/lang3/LocaleUtils_LLMTest.java:103: error: cannot find symbol
    [javac]                 LOCALE_EN_US,
    [javac]                 ^
    [javac]   symbol:   variable LOCALE_EN_US
    [javac]   location: class LocaleUtils_LLMTest
    [javac] /tmp/fix_test_suite.pl_26016_1702627282/llm/org/apache/commons/lang3/LocaleUtils_LLMTest.java:104: error: cannot find symbol
    [javac]                 LOCALE_EN,
    [javac]                 ^
    [javac]   symbol:   variable LOCALE_EN
    [javac]   location: class LocaleUtils_LLMTest
    [javac] /tmp/fix_test_suite.pl_26016_1702627282/llm/org/apache/commons/lang3/LocaleUtils_LLMTest.java:105: error: cannot find symbol
    [javac]                 LOCALE_QQ_ZZ});
    [javac]                 ^
    [javac]   symbol:   variable LOCALE_QQ_ZZ
    [javac]   location: class LocaleUtils_LLMTest
    [javac] /tmp/fix_test_suite.pl_26016_1702627282/llm/org/apache/commons/lang3/LocaleUtils_LLMTest.java:107: error: cannot find symbol
    [javac]         assertLocaleLookupList(LOCALE_EN_US_ZZZZ, null,
    [javac]                                ^
    [javac]   symbol:   variable LOCALE_EN_US_ZZZZ
    [javac]   location: class LocaleUtils_LLMTest
    [javac] /tmp/fix_test_suite.pl_26016_1702627282/llm/org/apache/commons/lang3/LocaleUtils_LLMTest.java:109: error: cannot find symbol
    [javac]                 LOCALE_EN_US_ZZZZ,
    [javac]                 ^
    [javac]   symbol:   variable LOCALE_EN_US_ZZZZ
    [javac]   location: class LocaleUtils_LLMTest
    [javac] /tmp/fix_test_suite.pl_26016_1702627282/llm/org/apache/commons/lang3/LocaleUtils_LLMTest.java:110: error: cannot find symbol
    [javac]                 LOCALE_EN_US,
    [javac]                 ^
    [javac]   symbol:   variable LOCALE_EN_US
    [javac]   location: class LocaleUtils_LLMTest
    [javac] /tmp/fix_test_suite.pl_26016_1702627282/llm/org/apache/commons/lang3/LocaleUtils_LLMTest.java:111: error: cannot find symbol
    [javac]                 LOCALE_EN});
    [javac]                 ^
    [javac]   symbol:   variable LOCALE_EN
    [javac]   location: class LocaleUtils_LLMTest
    [javac] /tmp/fix_test_suite.pl_26016_1702627282/llm/org/apache/commons/lang3/LocaleUtils_LLMTest.java:112: error: cannot find symbol
    [javac]         assertLocaleLookupList(LOCALE_EN_US_ZZZZ, LOCALE_EN_US_ZZZZ,
    [javac]                                ^
    [javac]   symbol:   variable LOCALE_EN_US_ZZZZ
    [javac]   location: class LocaleUtils_LLMTest
    [javac] /tmp/fix_test_suite.pl_26016_1702627282/llm/org/apache/commons/lang3/LocaleUtils_LLMTest.java:112: error: cannot find symbol
    [javac]         assertLocaleLookupList(LOCALE_EN_US_ZZZZ, LOCALE_EN_US_ZZZZ,
    [javac]                                                   ^
    [javac]   symbol:   variable LOCALE_EN_US_ZZZZ
    [javac]   location: class LocaleUtils_LLMTest
    [javac] /tmp/fix_test_suite.pl_26016_1702627282/llm/org/apache/commons/lang3/LocaleUtils_LLMTest.java:114: error: cannot find symbol
    [javac]                 LOCALE_EN_US_ZZZZ,
    [javac]                 ^
    [javac]   symbol:   variable LOCALE_EN_US_ZZZZ
    [javac]   location: class LocaleUtils_LLMTest
    [javac] /tmp/fix_test_suite.pl_26016_1702627282/llm/org/apache/commons/lang3/LocaleUtils_LLMTest.java:115: error: cannot find symbol
    [javac]                 LOCALE_EN_US,
    [javac]                 ^
    [javac]   symbol:   variable LOCALE_EN_US
    [javac]   location: class LocaleUtils_LLMTest
    [javac] /tmp/fix_test_suite.pl_26016_1702627282/llm/org/apache/commons/lang3/LocaleUtils_LLMTest.java:116: error: cannot find symbol
    [javac]                 LOCALE_EN});
    [javac]                 ^
    [javac]   symbol:   variable LOCALE_EN
    [javac]   location: class LocaleUtils_LLMTest
    [javac] /tmp/fix_test_suite.pl_26016_1702627282/llm/org/apache/commons/lang3/LocaleUtils_LLMTest.java:117: error: cannot find symbol
    [javac]         assertLocaleLookupList(LOCALE_EN_US_ZZZZ, LOCALE_QQ,
    [javac]                                ^
    [javac]   symbol:   variable LOCALE_EN_US_ZZZZ
    [javac]   location: class LocaleUtils_LLMTest
    [javac] /tmp/fix_test_suite.pl_26016_1702627282/llm/org/apache/commons/lang3/LocaleUtils_LLMTest.java:117: error: cannot find symbol
    [javac]         assertLocaleLookupList(LOCALE_EN_US_ZZZZ, LOCALE_QQ,
    [javac]                                                   ^
    [javac]   symbol:   variable LOCALE_QQ
    [javac]   location: class LocaleUtils_LLMTest
    [javac] /tmp/fix_test_suite.pl_26016_1702627282/llm/org/apache/commons/lang3/LocaleUtils_LLMTest.java:119: error: cannot find symbol
    [javac]                 LOCALE_EN_US_ZZZZ,
    [javac]                 ^
    [javac]   symbol:   variable LOCALE_EN_US_ZZZZ
    [javac]   location: class LocaleUtils_LLMTest
    [javac] /tmp/fix_test_suite.pl_26016_1702627282/llm/org/apache/commons/lang3/LocaleUtils_LLMTest.java:120: error: cannot find symbol
    [javac]                 LOCALE_EN_US,
    [javac]                 ^
    [javac]   symbol:   variable LOCALE_EN_US
    [javac]   location: class LocaleUtils_LLMTest
    [javac] /tmp/fix_test_suite.pl_26016_1702627282/llm/org/apache/commons/lang3/LocaleUtils_LLMTest.java:121: error: cannot find symbol
    [javac]                 LOCALE_EN,
    [javac]                 ^
    [javac]   symbol:   variable LOCALE_EN
    [javac]   location: class LocaleUtils_LLMTest
    [javac] /tmp/fix_test_suite.pl_26016_1702627282/llm/org/apache/commons/lang3/LocaleUtils_LLMTest.java:122: error: cannot find symbol
    [javac]                 LOCALE_QQ});
    [javac]                 ^
    [javac]   symbol:   variable LOCALE_QQ
    [javac]   location: class LocaleUtils_LLMTest
    [javac] /tmp/fix_test_suite.pl_26016_1702627282/llm/org/apache/commons/lang3/LocaleUtils_LLMTest.java:123: error: cannot find symbol
    [javac]         assertLocaleLookupList(LOCALE_EN_US_ZZZZ, LOCALE_QQ_ZZ,
    [javac]                                ^
    [javac]   symbol:   variable LOCALE_EN_US_ZZZZ
    [javac]   location: class LocaleUtils_LLMTest
    [javac] /tmp/fix_test_suite.pl_26016_1702627282/llm/org/apache/commons/lang3/LocaleUtils_LLMTest.java:123: error: cannot find symbol
    [javac]         assertLocaleLookupList(LOCALE_EN_US_ZZZZ, LOCALE_QQ_ZZ,
    [javac]                                                   ^
    [javac]   symbol:   variable LOCALE_QQ_ZZ
    [javac]   location: class LocaleUtils_LLMTest
    [javac] /tmp/fix_test_suite.pl_26016_1702627282/llm/org/apache/commons/lang3/LocaleUtils_LLMTest.java:125: error: cannot find symbol
    [javac]                 LOCALE_EN_US_ZZZZ,
    [javac]                 ^
    [javac]   symbol:   variable LOCALE_EN_US_ZZZZ
    [javac]   location: class LocaleUtils_LLMTest
    [javac] /tmp/fix_test_suite.pl_26016_1702627282/llm/org/apache/commons/lang3/LocaleUtils_LLMTest.java:126: error: cannot find symbol
    [javac]                 LOCALE_EN_US,
    [javac]                 ^
    [javac]   symbol:   variable LOCALE_EN_US
    [javac]   location: class LocaleUtils_LLMTest
    [javac] /tmp/fix_test_suite.pl_26016_1702627282/llm/org/apache/commons/lang3/LocaleUtils_LLMTest.java:127: error: cannot find symbol
    [javac]                 LOCALE_EN,
    [javac]                 ^
    [javac]   symbol:   variable LOCALE_EN
    [javac]   location: class LocaleUtils_LLMTest
    [javac] /tmp/fix_test_suite.pl_26016_1702627282/llm/org/apache/commons/lang3/LocaleUtils_LLMTest.java:128: error: cannot find symbol
    [javac]                 LOCALE_QQ_ZZ});
    [javac]                 ^
    [javac]   symbol:   variable LOCALE_QQ_ZZ
    [javac]   location: class LocaleUtils_LLMTest
    [javac] /tmp/fix_test_suite.pl_26016_1702627282/llm/org/apache/commons/lang3/LocaleUtils_LLMTest.java:129: error: cannot find symbol
    [javac]         assertLocaleLookupList(LOCALE_FR_CA, LOCALE_EN,
    [javac]                                ^
    [javac]   symbol:   variable LOCALE_FR_CA
    [javac]   location: class LocaleUtils_LLMTest
    [javac] /tmp/fix_test_suite.pl_26016_1702627282/llm/org/apache/commons/lang3/LocaleUtils_LLMTest.java:129: error: cannot find symbol
    [javac]         assertLocaleLookupList(LOCALE_FR_CA, LOCALE_EN,
    [javac]                                              ^
    [javac]   symbol:   variable LOCALE_EN
    [javac]   location: class LocaleUtils_LLMTest
    [javac] /tmp/fix_test_suite.pl_26016_1702627282/llm/org/apache/commons/lang3/LocaleUtils_LLMTest.java:131: error: cannot find symbol
    [javac]                 LOCALE_FR_CA,
    [javac]                 ^
    [javac]   symbol:   variable LOCALE_FR_CA
    [javac]   location: class LocaleUtils_LLMTest
    [javac] /tmp/fix_test_suite.pl_26016_1702627282/llm/org/apache/commons/lang3/LocaleUtils_LLMTest.java:132: error: cannot find symbol
    [javac]                 LOCALE_FR,
    [javac]                 ^
    [javac]   symbol:   variable LOCALE_FR
    [javac]   location: class LocaleUtils_LLMTest
    [javac] /tmp/fix_test_suite.pl_26016_1702627282/llm/org/apache/commons/lang3/LocaleUtils_LLMTest.java:133: error: cannot find symbol
    [javac]                 LOCALE_EN});
    [javac]                 ^
    [javac]   symbol:   variable LOCALE_EN
    [javac]   location: class LocaleUtils_LLMTest
    [javac] /tmp/fix_test_suite.pl_26016_1702627282/llm/org/apache/commons/lang3/LocaleUtils_LLMTest.java:135: error: cannot find symbol
    [javac]         assertLocaleLookupList(LOCALE_EN, LOCALE_EN, 
    [javac]                                ^
    [javac]   symbol:   variable LOCALE_EN
    [javac]   location: class LocaleUtils_LLMTest
    [javac] /tmp/fix_test_suite.pl_26016_1702627282/llm/org/apache/commons/lang3/LocaleUtils_LLMTest.java:135: error: cannot find symbol
    [javac]         assertLocaleLookupList(LOCALE_EN, LOCALE_EN, 
    [javac]                                           ^
    [javac]   symbol:   variable LOCALE_EN
    [javac]   location: class LocaleUtils_LLMTest
    [javac] /tmp/fix_test_suite.pl_26016_1702627282/llm/org/apache/commons/lang3/LocaleUtils_LLMTest.java:136: error: cannot find symbol
    [javac]                 new Locale[]{LOCALE_EN});
    [javac]                              ^
    [javac]   symbol:   variable LOCALE_EN
    [javac]   location: class LocaleUtils_LLMTest
    [javac] /tmp/fix_test_suite.pl_26016_1702627282/llm/org/apache/commons/lang3/LocaleUtils_LLMTest.java:137: error: cannot find symbol
    [javac]         assertLocaleLookupList(LOCALE_EN_US, LOCALE_EN_US, 
    [javac]                                ^
    [javac]   symbol:   variable LOCALE_EN_US
    [javac]   location: class LocaleUtils_LLMTest
    [javac] /tmp/fix_test_suite.pl_26016_1702627282/llm/org/apache/commons/lang3/LocaleUtils_LLMTest.java:137: error: cannot find symbol
    [javac]         assertLocaleLookupList(LOCALE_EN_US, LOCALE_EN_US, 
    [javac]                                              ^
    [javac]   symbol:   variable LOCALE_EN_US
    [javac]   location: class LocaleUtils_LLMTest
    [javac] /tmp/fix_test_suite.pl_26016_1702627282/llm/org/apache/commons/lang3/LocaleUtils_LLMTest.java:139: error: cannot find symbol
    [javac]                 LOCALE_EN_US,
    [javac]                 ^
    [javac]   symbol:   variable LOCALE_EN_US
    [javac]   location: class LocaleUtils_LLMTest
    [javac] /tmp/fix_test_suite.pl_26016_1702627282/llm/org/apache/commons/lang3/LocaleUtils_LLMTest.java:140: error: cannot find symbol
    [javac]                 LOCALE_EN});
    [javac]                 ^
    [javac]   symbol:   variable LOCALE_EN
    [javac]   location: class LocaleUtils_LLMTest
    [javac] /tmp/fix_test_suite.pl_26016_1702627282/llm/org/apache/commons/lang3/LocaleUtils_LLMTest.java:141: error: cannot find symbol
    [javac]         assertLocaleLookupList(LOCALE_EN_US, LOCALE_EN_US, 
    [javac]                                ^
    [javac]   symbol:   variable LOCALE_EN_US
    [javac]   location: class LocaleUtils_LLMTest
    [javac] /tmp/fix_test_suite.pl_26016_1702627282/llm/org/apache/commons/lang3/LocaleUtils_LLMTest.java:141: error: cannot find symbol
    [javac]         assertLocaleLookupList(LOCALE_EN_US, LOCALE_EN_US, 
    [javac]                                              ^
    [javac]   symbol:   variable LOCALE_EN_US
    [javac]   location: class LocaleUtils_LLMTest
    [javac] /tmp/fix_test_suite.pl_26016_1702627282/llm/org/apache/commons/lang3/LocaleUtils_LLMTest.java:143: error: cannot find symbol
    [javac]                 LOCALE_EN_US,
    [javac]                 ^
    [javac]   symbol:   variable LOCALE_EN_US
    [javac]   location: class LocaleUtils_LLMTest
    [javac] /tmp/fix_test_suite.pl_26016_1702627282/llm/org/apache/commons/lang3/LocaleUtils_LLMTest.java:144: error: cannot find symbol
    [javac]                 LOCALE_EN});
    [javac]                 ^
    [javac]   symbol:   variable LOCALE_EN
    [javac]   location: class LocaleUtils_LLMTest
    [javac] /tmp/fix_test_suite.pl_26016_1702627282/llm/org/apache/commons/lang3/LocaleUtils_LLMTest.java:145: error: cannot find symbol
    [javac]         assertLocaleLookupList(LOCALE_EN_US_ZZZZ, LOCALE_EN_US_ZZZZ, 
    [javac]                                ^
    [javac]   symbol:   variable LOCALE_EN_US_ZZZZ
    [javac]   location: class LocaleUtils_LLMTest
    [javac] /tmp/fix_test_suite.pl_26016_1702627282/llm/org/apache/commons/lang3/LocaleUtils_LLMTest.java:145: error: cannot find symbol
    [javac]         assertLocaleLookupList(LOCALE_EN_US_ZZZZ, LOCALE_EN_US_ZZZZ, 
    [javac]                                                   ^
    [javac]   symbol:   variable LOCALE_EN_US_ZZZZ
    [javac]   location: class LocaleUtils_LLMTest
    [javac] /tmp/fix_test_suite.pl_26016_1702627282/llm/org/apache/commons/lang3/LocaleUtils_LLMTest.java:147: error: cannot find symbol
    [javac]                 LOCALE_EN_US_ZZZZ,
    [javac]                 ^
    [javac]   symbol:   variable LOCALE_EN_US_ZZZZ
    [javac]   location: class LocaleUtils_LLMTest
    [javac] /tmp/fix_test_suite.pl_26016_1702627282/llm/org/apache/commons/lang3/LocaleUtils_LLMTest.java:148: error: cannot find symbol
    [javac]                 LOCALE_EN_US,
    [javac]                 ^
    [javac]   symbol:   variable LOCALE_EN_US
    [javac]   location: class LocaleUtils_LLMTest
    [javac] /tmp/fix_test_suite.pl_26016_1702627282/llm/org/apache/commons/lang3/LocaleUtils_LLMTest.java:149: error: cannot find symbol
    [javac]                 LOCALE_EN});
    [javac]                 ^
    [javac]   symbol:   variable LOCALE_EN
    [javac]   location: class LocaleUtils_LLMTest
    [javac] /tmp/fix_test_suite.pl_26016_1702627282/llm/org/apache/commons/lang3/LocaleUtils_LLMTest.java:153: error: cannot find symbol
    [javac]     assertLocaleLookupList(null, null, new Locale[0]);
    [javac]     ^
    [javac]   symbol:   method assertLocaleLookupList(<null>,<null>,Locale[])
    [javac]   location: class LocaleUtils_LLMTest
    [javac] /tmp/fix_test_suite.pl_26016_1702627282/llm/org/apache/commons/lang3/LocaleUtils_LLMTest.java:154: error: cannot find symbol
    [javac]     assertLocaleLookupList(LOCALE_EN, null, new Locale[]{LOCALE_EN});
    [javac]                            ^
    [javac]   symbol:   variable LOCALE_EN
    [javac]   location: class LocaleUtils_LLMTest
    [javac] /tmp/fix_test_suite.pl_26016_1702627282/llm/org/apache/commons/lang3/LocaleUtils_LLMTest.java:154: error: cannot find symbol
    [javac]     assertLocaleLookupList(LOCALE_EN, null, new Locale[]{LOCALE_EN});
    [javac]                                                          ^
    [javac]   symbol:   variable LOCALE_EN
    [javac]   location: class LocaleUtils_LLMTest
    [javac] /tmp/fix_test_suite.pl_26016_1702627282/llm/org/apache/commons/lang3/LocaleUtils_LLMTest.java:155: error: cannot find symbol
    [javac]     assertLocaleLookupList(LOCALE_EN_US, null,
    [javac]                            ^
    [javac]   symbol:   variable LOCALE_EN_US
    [javac]   location: class LocaleUtils_LLMTest
    [javac] /tmp/fix_test_suite.pl_26016_1702627282/llm/org/apache/commons/lang3/LocaleUtils_LLMTest.java:157: error: cannot find symbol
    [javac]             LOCALE_EN_US,
    [javac]             ^
    [javac]   symbol:   variable LOCALE_EN_US
    [javac]   location: class LocaleUtils_LLMTest
    [javac] /tmp/fix_test_suite.pl_26016_1702627282/llm/org/apache/commons/lang3/LocaleUtils_LLMTest.java:158: error: cannot find symbol
    [javac]             LOCALE_EN});
    [javac]             ^
    [javac]   symbol:   variable LOCALE_EN
    [javac]   location: class LocaleUtils_LLMTest
    [javac] /tmp/fix_test_suite.pl_26016_1702627282/llm/org/apache/commons/lang3/LocaleUtils_LLMTest.java:159: error: cannot find symbol
    [javac]     assertLocaleLookupList(LOCALE_EN_US_ZZZZ, null,
    [javac]                            ^
    [javac]   symbol:   variable LOCALE_EN_US_ZZZZ
    [javac]   location: class LocaleUtils_LLMTest
    [javac] /tmp/fix_test_suite.pl_26016_1702627282/llm/org/apache/commons/lang3/LocaleUtils_LLMTest.java:161: error: cannot find symbol
    [javac]             LOCALE_EN_US_ZZZZ,
    [javac]             ^
    [javac]   symbol:   variable LOCALE_EN_US_ZZZZ
    [javac]   location: class LocaleUtils_LLMTest
    [javac] /tmp/fix_test_suite.pl_26016_1702627282/llm/org/apache/commons/lang3/LocaleUtils_LLMTest.java:162: error: cannot find symbol
    [javac]             LOCALE_EN_US,
    [javac]             ^
    [javac]   symbol:   variable LOCALE_EN_US
    [javac]   location: class LocaleUtils_LLMTest
    [javac] /tmp/fix_test_suite.pl_26016_1702627282/llm/org/apache/commons/lang3/LocaleUtils_LLMTest.java:163: error: cannot find symbol
    [javac]             LOCALE_EN});
    [javac]             ^
    [javac]   symbol:   variable LOCALE_EN
    [javac]   location: class LocaleUtils_LLMTest
    [javac] /tmp/fix_test_suite.pl_26016_1702627282/llm/org/apache/commons/lang3/LocaleUtils_LLMTest.java:167: error: cannot find symbol
    [javac]     assertLocaleLookupList(LOCALE_EN, LOCALE_EN, 
    [javac]                            ^
    [javac]   symbol:   variable LOCALE_EN
    [javac]   location: class LocaleUtils_LLMTest
    [javac] /tmp/fix_test_suite.pl_26016_1702627282/llm/org/apache/commons/lang3/LocaleUtils_LLMTest.java:167: error: cannot find symbol
    [javac]     assertLocaleLookupList(LOCALE_EN, LOCALE_EN, 
    [javac]                                       ^
    [javac]   symbol:   variable LOCALE_EN
    [javac]   location: class LocaleUtils_LLMTest
    [javac] warning: /root/.sdkman/candidates/java/8.0.302-open/lib/ct.sym(META-INF/sym/rt.jar/java/lang/IllegalArgumentException.class): major version 52 is newer than 51, the highest major version supported by this compiler.
    [javac]   It is recommended that the compiler be upgraded.
    [javac] /root/.sdkman/candidates/java/8.0.302-open/lib/ct.sym(META-INF/sym/rt.jar/java/lang/IllegalArgumentException.class): warning: Cannot find annotation method 'value()' in type 'Profile+Annotation'
    [javac] warning: /root/.sdkman/candidates/java/8.0.302-open/lib/ct.sym(META-INF/sym/rt.jar/java/lang/RuntimeException.class): major version 52 is newer than 51, the highest major version supported by this compiler.
    [javac]   It is recommended that the compiler be upgraded.
    [javac] /root/.sdkman/candidates/java/8.0.302-open/lib/ct.sym(META-INF/sym/rt.jar/java/lang/RuntimeException.class): warning: Cannot find annotation method 'value()' in type 'Profile+Annotation'
    [javac] warning: /root/.sdkman/candidates/java/8.0.302-open/lib/ct.sym(META-INF/sym/rt.jar/java/lang/Exception.class): major version 52 is newer than 51, the highest major version supported by this compiler.
    [javac]   It is recommended that the compiler be upgraded.
    [javac] /root/.sdkman/candidates/java/8.0.302-open/lib/ct.sym(META-INF/sym/rt.jar/java/lang/Exception.class): warning: Cannot find annotation method 'value()' in type 'Profile+Annotation'
    [javac] warning: /root/.sdkman/candidates/java/8.0.302-open/lib/ct.sym(META-INF/sym/rt.jar/java/lang/Throwable.class): major version 52 is newer than 51, the highest major version supported by this compiler.
    [javac]   It is recommended that the compiler be upgraded.
    [javac] /root/.sdkman/candidates/java/8.0.302-open/lib/ct.sym(META-INF/sym/rt.jar/java/lang/Throwable.class): warning: Cannot find annotation method 'value()' in type 'Profile+Annotation'
    [javac] warning: /root/.sdkman/candidates/java/8.0.302-open/lib/ct.sym(META-INF/sym/rt.jar/java/util/AbstractSet.class): major version 52 is newer than 51, the highest major version supported by this compiler.
    [javac]   It is recommended that the compiler be upgraded.
    [javac] /root/.sdkman/candidates/java/8.0.302-open/lib/ct.sym(META-INF/sym/rt.jar/java/util/AbstractSet.class): warning: Cannot find annotation method 'value()' in type 'Profile+Annotation'
    [javac] warning: /root/.sdkman/candidates/java/8.0.302-open/lib/ct.sym(META-INF/sym/rt.jar/java/util/AbstractCollection.class): major version 52 is newer than 51, the highest major version supported by this compiler.
    [javac]   It is recommended that the compiler be upgraded.
    [javac] /root/.sdkman/candidates/java/8.0.302-open/lib/ct.sym(META-INF/sym/rt.jar/java/util/AbstractCollection.class): warning: Cannot find annotation method 'value()' in type 'Profile+Annotation'
    [javac] warning: /root/.sdkman/candidates/java/8.0.302-open/lib/ct.sym(META-INF/sym/rt.jar/java/lang/Iterable.class): major version 52 is newer than 51, the highest major version supported by this compiler.
    [javac]   It is recommended that the compiler be upgraded.
    [javac] /root/.sdkman/candidates/java/8.0.302-open/lib/ct.sym(META-INF/sym/rt.jar/java/lang/Iterable.class): warning: Cannot find annotation method 'value()' in type 'Profile+Annotation'
    [javac] warning: /root/.sdkman/candidates/java/8.0.302-open/lib/ct.sym(META-INF/sym/rt.jar/sun/util/locale/BaseLocale.class): major version 52 is newer than 51, the highest major version supported by this compiler.
    [javac]   It is recommended that the compiler be upgraded.
    [javac] /root/.sdkman/candidates/java/8.0.302-open/lib/ct.sym(META-INF/sym/rt.jar/sun/util/locale/BaseLocale.class): warning: Cannot find annotation method 'value()' in type 'Profile+Annotation'
    [javac] warning: /root/.sdkman/candidates/java/8.0.302-open/lib/ct.sym(META-INF/sym/rt.jar/java/lang/Boolean.class): major version 52 is newer than 51, the highest major version supported by this compiler.
    [javac]   It is recommended that the compiler be upgraded.
    [javac] /root/.sdkman/candidates/java/8.0.302-open/lib/ct.sym(META-INF/sym/rt.jar/java/lang/Boolean.class): warning: Cannot find annotation method 'value()' in type 'Profile+Annotation'
    [javac] warning: /root/.sdkman/candidates/java/8.0.302-open/lib/ct.sym(META-INF/sym/rt.jar/java/lang/Class.class): major version 52 is newer than 51, the highest major version supported by this compiler.
    [javac]   It is recommended that the compiler be upgraded.
    [javac] /root/.sdkman/candidates/java/8.0.302-open/lib/ct.sym(META-INF/sym/rt.jar/java/lang/Class.class): warning: Cannot find annotation method 'value()' in type 'Profile+Annotation'
    [javac] warning: /root/.sdkman/candidates/java/8.0.302-open/lib/ct.sym(META-INF/sym/rt.jar/java/lang/SecurityException.class): major version 52 is newer than 51, the highest major version supported by this compiler.
    [javac]   It is recommended that the compiler be upgraded.
    [javac] /root/.sdkman/candidates/java/8.0.302-open/lib/ct.sym(META-INF/sym/rt.jar/java/lang/SecurityException.class): warning: Cannot find annotation method 'value()' in type 'Profile+Annotation'
    [javac] warning: /root/.sdkman/candidates/java/8.0.302-open/lib/ct.sym(META-INF/sym/rt.jar/java/lang/reflect/Executable.class): major version 52 is newer than 51, the highest major version supported by this compiler.
    [javac]   It is recommended that the compiler be upgraded.
    [javac] /root/.sdkman/candidates/java/8.0.302-open/lib/ct.sym(META-INF/sym/rt.jar/java/lang/reflect/Executable.class): warning: Cannot find annotation method 'value()' in type 'Profile+Annotation'
    [javac] warning: /root/.sdkman/candidates/java/8.0.302-open/lib/ct.sym(META-INF/sym/rt.jar/java/lang/reflect/AccessibleObject.class): major version 52 is newer than 51, the highest major version supported by this compiler.
    [javac]   It is recommended that the compiler be upgraded.
    [javac] /root/.sdkman/candidates/java/8.0.302-open/lib/ct.sym(META-INF/sym/rt.jar/java/lang/reflect/AccessibleObject.class): warning: Cannot find annotation method 'value()' in type 'Profile+Annotation'
    [javac] 100 errors
    [javac] 66 warnings

BUILD FAILED
/defects4j/framework/projects/defects4j.build.xml:265: Compile failed; see the compiler error output for details.

Total time: 1 second
- Compilation issues: Lang-5b-llm.17.tar.bz2
Picked up JAVA_TOOL_OPTIONS: -Dfile.encoding=UTF8
OpenJDK 64-Bit Server VM warning: ignoring option MaxPermSize=1G; support was removed in 8.0
Buildfile: /defects4j/framework/projects/defects4j.build.xml

init:
     [echo] -------- commons-lang3 3.2-SNAPSHOT --------

compile:

compile.gen.tests:
     [echo] classes.dir: target/classes
     [echo] build.home: target
   [delete] Deleting directory /tmp/fix_test_suite.pl_26016_1702627282/.classes_testgen
    [mkdir] Created dir: /tmp/fix_test_suite.pl_26016_1702627282/.classes_testgen
    [javac] /defects4j/framework/projects/defects4j.build.xml:265: warning: 'includeantruntime' was not set, defaulting to build.sysclasspath=last; set to false for repeatable builds
    [javac] Compiling 1 source file to /tmp/fix_test_suite.pl_26016_1702627282/.classes_testgen
    [javac] warning: /root/.sdkman/candidates/java/8.0.302-open/lib/ct.sym(META-INF/sym/rt.jar/java/lang/Enum.class): major version 52 is newer than 51, the highest major version supported by this compiler.
    [javac]   It is recommended that the compiler be upgraded.
    [javac] warning: /root/.sdkman/candidates/java/8.0.302-open/lib/ct.sym(META-INF/sym/rt.jar/java/lang/Object.class): major version 52 is newer than 51, the highest major version supported by this compiler.
    [javac]   It is recommended that the compiler be upgraded.
    [javac] warning: /root/.sdkman/candidates/java/8.0.302-open/lib/ct.sym(META-INF/sym/rt.jar/java/lang/Comparable.class): major version 52 is newer than 51, the highest major version supported by this compiler.
    [javac]   It is recommended that the compiler be upgraded.
    [javac] warning: /root/.sdkman/candidates/java/8.0.302-open/lib/ct.sym(META-INF/sym/rt.jar/java/io/Serializable.class): major version 52 is newer than 51, the highest major version supported by this compiler.
    [javac]   It is recommended that the compiler be upgraded.
    [javac] warning: /root/.sdkman/candidates/java/8.0.302-open/lib/ct.sym(META-INF/sym/rt.jar/java/lang/reflect/Constructor.class): major version 52 is newer than 51, the highest major version supported by this compiler.
    [javac]   It is recommended that the compiler be upgraded.
    [javac] warning: /root/.sdkman/candidates/java/8.0.302-open/lib/ct.sym(META-INF/sym/rt.jar/java/lang/reflect/Modifier.class): major version 52 is newer than 51, the highest major version supported by this compiler.
    [javac]   It is recommended that the compiler be upgraded.
    [javac] warning: /root/.sdkman/candidates/java/8.0.302-open/lib/ct.sym(META-INF/sym/rt.jar/java/util/Arrays.class): major version 52 is newer than 51, the highest major version supported by this compiler.
    [javac]   It is recommended that the compiler be upgraded.
    [javac] warning: /root/.sdkman/candidates/java/8.0.302-open/lib/ct.sym(META-INF/sym/rt.jar/java/util/Collection.class): major version 52 is newer than 51, the highest major version supported by this compiler.
    [javac]   It is recommended that the compiler be upgraded.
    [javac] warning: /root/.sdkman/candidates/java/8.0.302-open/lib/ct.sym(META-INF/sym/rt.jar/java/util/HashSet.class): major version 52 is newer than 51, the highest major version supported by this compiler.
    [javac]   It is recommended that the compiler be upgraded.
    [javac] warning: /root/.sdkman/candidates/java/8.0.302-open/lib/ct.sym(META-INF/sym/rt.jar/java/util/Iterator.class): major version 52 is newer than 51, the highest major version supported by this compiler.
    [javac]   It is recommended that the compiler be upgraded.
    [javac] warning: /root/.sdkman/candidates/java/8.0.302-open/lib/ct.sym(META-INF/sym/rt.jar/java/util/List.class): major version 52 is newer than 51, the highest major version supported by this compiler.
    [javac]   It is recommended that the compiler be upgraded.
    [javac] warning: /root/.sdkman/candidates/java/8.0.302-open/lib/ct.sym(META-INF/sym/rt.jar/java/util/Locale.class): major version 52 is newer than 51, the highest major version supported by this compiler.
    [javac]   It is recommended that the compiler be upgraded.
    [javac] warning: /root/.sdkman/candidates/java/8.0.302-open/lib/ct.sym(META-INF/sym/rt.jar/java/util/Set.class): major version 52 is newer than 51, the highest major version supported by this compiler.
    [javac]   It is recommended that the compiler be upgraded.
    [javac] warning: /root/.sdkman/candidates/java/8.0.302-open/lib/ct.sym(META-INF/sym/rt.jar/java/lang/String.class): major version 52 is newer than 51, the highest major version supported by this compiler.
    [javac]   It is recommended that the compiler be upgraded.
    [javac] /root/.sdkman/candidates/java/8.0.302-open/lib/ct.sym(META-INF/sym/rt.jar/java/lang/Enum.class): warning: Cannot find annotation method 'value()' in type 'Profile+Annotation': class file for jdk.Profile+Annotation not found
    [javac] /root/.sdkman/candidates/java/8.0.302-open/lib/ct.sym(META-INF/sym/rt.jar/java/lang/Object.class): warning: Cannot find annotation method 'value()' in type 'Profile+Annotation'
    [javac] /root/.sdkman/candidates/java/8.0.302-open/lib/ct.sym(META-INF/sym/rt.jar/java/lang/Comparable.class): warning: Cannot find annotation method 'value()' in type 'Profile+Annotation'
    [javac] /root/.sdkman/candidates/java/8.0.302-open/lib/ct.sym(META-INF/sym/rt.jar/java/io/Serializable.class): warning: Cannot find annotation method 'value()' in type 'Profile+Annotation'
    [javac] /root/.sdkman/candidates/java/8.0.302-open/lib/ct.sym(META-INF/sym/rt.jar/java/lang/reflect/Constructor.class): warning: Cannot find annotation method 'value()' in type 'Profile+Annotation'
    [javac] /root/.sdkman/candidates/java/8.0.302-open/lib/ct.sym(META-INF/sym/rt.jar/java/lang/reflect/Modifier.class): warning: Cannot find annotation method 'value()' in type 'Profile+Annotation'
    [javac] /root/.sdkman/candidates/java/8.0.302-open/lib/ct.sym(META-INF/sym/rt.jar/java/util/Arrays.class): warning: Cannot find annotation method 'value()' in type 'Profile+Annotation'
    [javac] /root/.sdkman/candidates/java/8.0.302-open/lib/ct.sym(META-INF/sym/rt.jar/java/util/Collection.class): warning: Cannot find annotation method 'value()' in type 'Profile+Annotation'
    [javac] /root/.sdkman/candidates/java/8.0.302-open/lib/ct.sym(META-INF/sym/rt.jar/java/util/HashSet.class): warning: Cannot find annotation method 'value()' in type 'Profile+Annotation'
    [javac] /root/.sdkman/candidates/java/8.0.302-open/lib/ct.sym(META-INF/sym/rt.jar/java/util/Iterator.class): warning: Cannot find annotation method 'value()' in type 'Profile+Annotation'
    [javac] /root/.sdkman/candidates/java/8.0.302-open/lib/ct.sym(META-INF/sym/rt.jar/java/util/List.class): warning: Cannot find annotation method 'value()' in type 'Profile+Annotation'
    [javac] /root/.sdkman/candidates/java/8.0.302-open/lib/ct.sym(META-INF/sym/rt.jar/java/util/Locale.class): warning: Cannot find annotation method 'value()' in type 'Profile+Annotation'
    [javac] /root/.sdkman/candidates/java/8.0.302-open/lib/ct.sym(META-INF/sym/rt.jar/java/util/Set.class): warning: Cannot find annotation method 'value()' in type 'Profile+Annotation'
    [javac] warning: /root/.sdkman/candidates/java/8.0.302-open/lib/ct.sym(META-INF/sym/rt.jar/java/lang/annotation/Retention.class): major version 52 is newer than 51, the highest major version supported by this compiler.
    [javac]   It is recommended that the compiler be upgraded.
    [javac] warning: /root/.sdkman/candidates/java/8.0.302-open/lib/ct.sym(META-INF/sym/rt.jar/java/lang/annotation/RetentionPolicy.class): major version 52 is newer than 51, the highest major version supported by this compiler.
    [javac]   It is recommended that the compiler be upgraded.
    [javac] warning: /root/.sdkman/candidates/java/8.0.302-open/lib/ct.sym(META-INF/sym/rt.jar/java/lang/annotation/Target.class): major version 52 is newer than 51, the highest major version supported by this compiler.
    [javac]   It is recommended that the compiler be upgraded.
    [javac] warning: /root/.sdkman/candidates/java/8.0.302-open/lib/ct.sym(META-INF/sym/rt.jar/java/lang/annotation/ElementType.class): major version 52 is newer than 51, the highest major version supported by this compiler.
    [javac]   It is recommended that the compiler be upgraded.
    [javac] warning: /root/.sdkman/candidates/java/8.0.302-open/lib/ct.sym(META-INF/sym/rt.jar/java/lang/annotation/Annotation.class): major version 52 is newer than 51, the highest major version supported by this compiler.
    [javac]   It is recommended that the compiler be upgraded.
    [javac] /root/.sdkman/candidates/java/8.0.302-open/lib/ct.sym(META-INF/sym/rt.jar/java/lang/String.class): warning: Cannot find annotation method 'value()' in type 'Profile+Annotation'
    [javac] /root/.sdkman/candidates/java/8.0.302-open/lib/ct.sym(META-INF/sym/rt.jar/java/lang/annotation/Retention.class): warning: Cannot find annotation method 'value()' in type 'Profile+Annotation'
    [javac] /root/.sdkman/candidates/java/8.0.302-open/lib/ct.sym(META-INF/sym/rt.jar/java/lang/annotation/RetentionPolicy.class): warning: Cannot find annotation method 'value()' in type 'Profile+Annotation'
    [javac] /root/.sdkman/candidates/java/8.0.302-open/lib/ct.sym(META-INF/sym/rt.jar/java/lang/annotation/Target.class): warning: Cannot find annotation method 'value()' in type 'Profile+Annotation'
    [javac] /root/.sdkman/candidates/java/8.0.302-open/lib/ct.sym(META-INF/sym/rt.jar/java/lang/annotation/ElementType.class): warning: Cannot find annotation method 'value()' in type 'Profile+Annotation'
    [javac] /root/.sdkman/candidates/java/8.0.302-open/lib/ct.sym(META-INF/sym/rt.jar/java/lang/annotation/Annotation.class): warning: Cannot find annotation method 'value()' in type 'Profile+Annotation'
    [javac] warning: /root/.sdkman/candidates/java/8.0.302-open/lib/ct.sym(META-INF/sym/rt.jar/java/lang/AutoCloseable.class): major version 52 is newer than 51, the highest major version supported by this compiler.
    [javac]   It is recommended that the compiler be upgraded.
    [javac] /root/.sdkman/candidates/java/8.0.302-open/lib/ct.sym(META-INF/sym/rt.jar/java/lang/AutoCloseable.class): warning: Cannot find annotation method 'value()' in type 'Profile+Annotation'
    [javac] /tmp/fix_test_suite.pl_26016_1702627282/llm/org/apache/commons/lang3/LocaleUtils_LLMTest.java:227: error: cannot find symbol
    [javac]     assertLocaleLookupList(null, null, new Locale[0]);
    [javac]     ^
    [javac]   symbol:   method assertLocaleLookupList(<null>,<null>,Locale[])
    [javac]   location: class LocaleUtils_LLMTest
    [javac] /tmp/fix_test_suite.pl_26016_1702627282/llm/org/apache/commons/lang3/LocaleUtils_LLMTest.java:228: error: cannot find symbol
    [javac]     assertLocaleLookupList(LOCALE_EN, null, new Locale[]{LOCALE_EN});
    [javac]                            ^
    [javac]   symbol:   variable LOCALE_EN
    [javac]   location: class LocaleUtils_LLMTest
    [javac] /tmp/fix_test_suite.pl_26016_1702627282/llm/org/apache/commons/lang3/LocaleUtils_LLMTest.java:228: error: cannot find symbol
    [javac]     assertLocaleLookupList(LOCALE_EN, null, new Locale[]{LOCALE_EN});
    [javac]                                                          ^
    [javac]   symbol:   variable LOCALE_EN
    [javac]   location: class LocaleUtils_LLMTest
    [javac] /tmp/fix_test_suite.pl_26016_1702627282/llm/org/apache/commons/lang3/LocaleUtils_LLMTest.java:229: error: cannot find symbol
    [javac]     assertLocaleLookupList(LOCALE_EN_US, null,
    [javac]                            ^
    [javac]   symbol:   variable LOCALE_EN_US
    [javac]   location: class LocaleUtils_LLMTest
    [javac] /tmp/fix_test_suite.pl_26016_1702627282/llm/org/apache/commons/lang3/LocaleUtils_LLMTest.java:231: error: cannot find symbol
    [javac]             LOCALE_EN,
    [javac]             ^
    [javac]   symbol:   variable LOCALE_EN
    [javac]   location: class LocaleUtils_LLMTest
    [javac] /tmp/fix_test_suite.pl_26016_1702627282/llm/org/apache/commons/lang3/LocaleUtils_LLMTest.java:232: error: cannot find symbol
    [javac]             LOCALE_EN_US});
    [javac]             ^
    [javac]   symbol:   variable LOCALE_EN_US
    [javac]   location: class LocaleUtils_LLMTest
    [javac] /tmp/fix_test_suite.pl_26016_1702627282/llm/org/apache/commons/lang3/LocaleUtils_LLMTest.java:233: error: cannot find symbol
    [javac]     assertLocaleLookupList(LOCALE_EN_US_ZZZZ, null,
    [javac]                            ^
    [javac]   symbol:   variable LOCALE_EN_US_ZZZZ
    [javac]   location: class LocaleUtils_LLMTest
    [javac] /tmp/fix_test_suite.pl_26016_1702627282/llm/org/apache/commons/lang3/LocaleUtils_LLMTest.java:235: error: cannot find symbol
    [javac]             LOCALE_EN,
    [javac]             ^
    [javac]   symbol:   variable LOCALE_EN
    [javac]   location: class LocaleUtils_LLMTest
    [javac] /tmp/fix_test_suite.pl_26016_1702627282/llm/org/apache/commons/lang3/LocaleUtils_LLMTest.java:236: error: cannot find symbol
    [javac]             LOCALE_EN_US,
    [javac]             ^
    [javac]   symbol:   variable LOCALE_EN_US
    [javac]   location: class LocaleUtils_LLMTest
    [javac] /tmp/fix_test_suite.pl_26016_1702627282/llm/org/apache/commons/lang3/LocaleUtils_LLMTest.java:237: error: cannot find symbol
    [javac]             LOCALE_EN_US_ZZZZ});
    [javac]             ^
    [javac]   symbol:   variable LOCALE_EN_US_ZZZZ
    [javac]   location: class LocaleUtils_LLMTest
    [javac] /tmp/fix_test_suite.pl_26016_1702627282/llm/org/apache/commons/lang3/LocaleUtils_LLMTest.java:241: error: cannot find symbol
    [javac]     assertLocaleLookupList(LOCALE_EN, LOCALE_EN, 
    [javac]                            ^
    [javac]   symbol:   variable LOCALE_EN
    [javac]   location: class LocaleUtils_LLMTest
    [javac] /tmp/fix_test_suite.pl_26016_1702627282/llm/org/apache/commons/lang3/LocaleUtils_LLMTest.java:241: error: cannot find symbol
    [javac]     assertLocaleLookupList(LOCALE_EN, LOCALE_EN, 
    [javac]                                       ^
    [javac]   symbol:   variable LOCALE_EN
    [javac]   location: class LocaleUtils_LLMTest
    [javac] /tmp/fix_test_suite.pl_26016_1702627282/llm/org/apache/commons/lang3/LocaleUtils_LLMTest.java:242: error: cannot find symbol
    [javac]             new Locale[]{LOCALE_EN});
    [javac]                          ^
    [javac]   symbol:   variable LOCALE_EN
    [javac]   location: class LocaleUtils_LLMTest
    [javac] /tmp/fix_test_suite.pl_26016_1702627282/llm/org/apache/commons/lang3/LocaleUtils_LLMTest.java:244: error: cannot find symbol
    [javac]     assertLocaleLookupList(LOCALE_EN_US, LOCALE_EN_US, 
    [javac]                            ^
    [javac]   symbol:   variable LOCALE_EN_US
    [javac]   location: class LocaleUtils_LLMTest
    [javac] /tmp/fix_test_suite.pl_26016_1702627282/llm/org/apache/commons/lang3/LocaleUtils_LLMTest.java:244: error: cannot find symbol
    [javac]     assertLocaleLookupList(LOCALE_EN_US, LOCALE_EN_US, 
    [javac]                                          ^
    [javac]   symbol:   variable LOCALE_EN_US
    [javac]   location: class LocaleUtils_LLMTest
    [javac] /tmp/fix_test_suite.pl_26016_1702627282/llm/org/apache/commons/lang3/LocaleUtils_LLMTest.java:246: error: cannot find symbol
    [javac]             LOCALE_EN,
    [javac]             ^
    [javac]   symbol:   variable LOCALE_EN
    [javac]   location: class LocaleUtils_LLMTest
    [javac] /tmp/fix_test_suite.pl_26016_1702627282/llm/org/apache/commons/lang3/LocaleUtils_LLMTest.java:247: error: cannot find symbol
    [javac]             LOCALE_EN_US});
    [javac]             ^
    [javac]   symbol:   variable LOCALE_EN_US
    [javac]   location: class LocaleUtils_LLMTest
    [javac] /tmp/fix_test_suite.pl_26016_1702627282/llm/org/apache/commons/lang3/LocaleUtils_LLMTest.java:248: error: cannot find symbol
    [javac]     assertLocaleLookupList(LOCALE_EN_US, LOCALE_QQ,
    [javac]                            ^
    [javac]   symbol:   variable LOCALE_EN_US
    [javac]   location: class LocaleUtils_LLMTest
    [javac] /tmp/fix_test_suite.pl_26016_1702627282/llm/org/apache/commons/lang3/LocaleUtils_LLMTest.java:248: error: cannot find symbol
    [javac]     assertLocaleLookupList(LOCALE_EN_US, LOCALE_QQ,
    [javac]                                          ^
    [javac]   symbol:   variable LOCALE_QQ
    [javac]   location: class LocaleUtils_LLMTest
    [javac] /tmp/fix_test_suite.pl_26016_1702627282/llm/org/apache/commons/lang3/LocaleUtils_LLMTest.java:250: error: cannot find symbol
    [javac]             LOCALE_EN,
    [javac]             ^
    [javac]   symbol:   variable LOCALE_EN
    [javac]   location: class LocaleUtils_LLMTest
    [javac] /tmp/fix_test_suite.pl_26016_1702627282/llm/org/apache/commons/lang3/LocaleUtils_LLMTest.java:251: error: cannot find symbol
    [javac]             LOCALE_EN_US,
    [javac]             ^
    [javac]   symbol:   variable LOCALE_EN_US
    [javac]   location: class LocaleUtils_LLMTest
    [javac] /tmp/fix_test_suite.pl_26016_1702627282/llm/org/apache/commons/lang3/LocaleUtils_LLMTest.java:252: error: cannot find symbol
    [javac]             LOCALE_QQ});
    [javac]             ^
    [javac]   symbol:   variable LOCALE_QQ
    [javac]   location: class LocaleUtils_LLMTest
    [javac] /tmp/fix_test_suite.pl_26016_1702627282/llm/org/apache/commons/lang3/LocaleUtils_LLMTest.java:253: error: cannot find symbol
    [javac]     assertLocaleLookupList(LOCALE_EN_US, LOCALE_QQ_ZZ,
    [javac]                            ^
    [javac]   symbol:   variable LOCALE_EN_US
    [javac]   location: class LocaleUtils_LLMTest
    [javac] /tmp/fix_test_suite.pl_26016_1702627282/llm/org/apache/commons/lang3/LocaleUtils_LLMTest.java:253: error: cannot find symbol
    [javac]     assertLocaleLookupList(LOCALE_EN_US, LOCALE_QQ_ZZ,
    [javac]                                          ^
    [javac]   symbol:   variable LOCALE_QQ_ZZ
    [javac]   location: class LocaleUtils_LLMTest
    [javac] /tmp/fix_test_suite.pl_26016_1702627282/llm/org/apache/commons/lang3/LocaleUtils_LLMTest.java:255: error: cannot find symbol
    [javac]             LOCALE_EN,
    [javac]             ^
    [javac]   symbol:   variable LOCALE_EN
    [javac]   location: class LocaleUtils_LLMTest
    [javac] /tmp/fix_test_suite.pl_26016_1702627282/llm/org/apache/commons/lang3/LocaleUtils_LLMTest.java:256: error: cannot find symbol
    [javac]             LOCALE_EN_US,
    [javac]             ^
    [javac]   symbol:   variable LOCALE_EN_US
    [javac]   location: class LocaleUtils_LLMTest
    [javac] /tmp/fix_test_suite.pl_26016_1702627282/llm/org/apache/commons/lang3/LocaleUtils_LLMTest.java:257: error: cannot find symbol
    [javac]             LOCALE_QQ_ZZ});
    [javac]             ^
    [javac]   symbol:   variable LOCALE_QQ_ZZ
    [javac]   location: class LocaleUtils_LLMTest
    [javac] /tmp/fix_test_suite.pl_26016_1702627282/llm/org/apache/commons/lang3/LocaleUtils_LLMTest.java:259: error: cannot find symbol
    [javac]     assertLocaleLookupList(LOCALE_EN_US_ZZZZ, null,
    [javac]                            ^
    [javac]   symbol:   variable LOCALE_EN_US_ZZZZ
    [javac]   location: class LocaleUtils_LLMTest
    [javac] /tmp/fix_test_suite.pl_26016_1702627282/llm/org/apache/commons/lang3/LocaleUtils_LLMTest.java:261: error: cannot find symbol
    [javac]             LOCALE_EN,
    [javac]             ^
    [javac]   symbol:   variable LOCALE_EN
    [javac]   location: class LocaleUtils_LLMTest
    [javac] /tmp/fix_test_suite.pl_26016_1702627282/llm/org/apache/commons/lang3/LocaleUtils_LLMTest.java:262: error: cannot find symbol
    [javac]             LOCALE_EN_US,
    [javac]             ^
    [javac]   symbol:   variable LOCALE_EN_US
    [javac]   location: class LocaleUtils_LLMTest
    [javac] /tmp/fix_test_suite.pl_26016_1702627282/llm/org/apache/commons/lang3/LocaleUtils_LLMTest.java:263: error: cannot find symbol
    [javac]             LOCALE_EN_US_ZZZZ});
    [javac]             ^
    [javac]   symbol:   variable LOCALE_EN_US_ZZZZ
    [javac]   location: class LocaleUtils_LLMTest
    [javac] /tmp/fix_test_suite.pl_26016_1702627282/llm/org/apache/commons/lang3/LocaleUtils_LLMTest.java:264: error: cannot find symbol
    [javac]     assertLocaleLookupList(LOCALE_EN_US_ZZZZ, LOCALE_EN_US_ZZZZ,
    [javac]                            ^
    [javac]   symbol:   variable LOCALE_EN_US_ZZZZ
    [javac]   location: class LocaleUtils_LLMTest
    [javac] /tmp/fix_test_suite.pl_26016_1702627282/llm/org/apache/commons/lang3/LocaleUtils_LLMTest.java:264: error: cannot find symbol
    [javac]     assertLocaleLookupList(LOCALE_EN_US_ZZZZ, LOCALE_EN_US_ZZZZ,
    [javac]                                               ^
    [javac]   symbol:   variable LOCALE_EN_US_ZZZZ
    [javac]   location: class LocaleUtils_LLMTest
    [javac] /tmp/fix_test_suite.pl_26016_1702627282/llm/org/apache/commons/lang3/LocaleUtils_LLMTest.java:266: error: cannot find symbol
    [javac]             LOCALE_EN,
    [javac]             ^
    [javac]   symbol:   variable LOCALE_EN
    [javac]   location: class LocaleUtils_LLMTest
    [javac] /tmp/fix_test_suite.pl_26016_1702627282/llm/org/apache/commons/lang3/LocaleUtils_LLMTest.java:267: error: cannot find symbol
    [javac]             LOCALE_EN_US,
    [javac]             ^
    [javac]   symbol:   variable LOCALE_EN_US
    [javac]   location: class LocaleUtils_LLMTest
    [javac] /tmp/fix_test_suite.pl_26016_1702627282/llm/org/apache/commons/lang3/LocaleUtils_LLMTest.java:268: error: cannot find symbol
    [javac]             LOCALE_EN_US_ZZZZ});
    [javac]             ^
    [javac]   symbol:   variable LOCALE_EN_US_ZZZZ
    [javac]   location: class LocaleUtils_LLMTest
    [javac] /tmp/fix_test_suite.pl_26016_1702627282/llm/org/apache/commons/lang3/LocaleUtils_LLMTest.java:269: error: cannot find symbol
    [javac]     assertLocaleLookupList(LOCALE_EN_US_ZZZZ, LOCALE_QQ,
    [javac]                            ^
    [javac]   symbol:   variable LOCALE_EN_US_ZZZZ
    [javac]   location: class LocaleUtils_LLMTest
    [javac] /tmp/fix_test_suite.pl_26016_1702627282/llm/org/apache/commons/lang3/LocaleUtils_LLMTest.java:269: error: cannot find symbol
    [javac]     assertLocaleLookupList(LOCALE_EN_US_ZZZZ, LOCALE_QQ,
    [javac]                                               ^
    [javac]   symbol:   variable LOCALE_QQ
    [javac]   location: class LocaleUtils_LLMTest
    [javac] /tmp/fix_test_suite.pl_26016_1702627282/llm/org/apache/commons/lang3/LocaleUtils_LLMTest.java:271: error: cannot find symbol
    [javac]             LOCALE_EN,
    [javac]             ^
    [javac]   symbol:   variable LOCALE_EN
    [javac]   location: class LocaleUtils_LLMTest
    [javac] /tmp/fix_test_suite.pl_26016_1702627282/llm/org/apache/commons/lang3/LocaleUtils_LLMTest.java:272: error: cannot find symbol
    [javac]             LOCALE_EN_US,
    [javac]             ^
    [javac]   symbol:   variable LOCALE_EN_US
    [javac]   location: class LocaleUtils_LLMTest
    [javac] /tmp/fix_test_suite.pl_26016_1702627282/llm/org/apache/commons/lang3/LocaleUtils_LLMTest.java:273: error: cannot find symbol
    [javac]             LOCALE_EN_US_ZZZZ,
    [javac]             ^
    [javac]   symbol:   variable LOCALE_EN_US_ZZZZ
    [javac]   location: class LocaleUtils_LLMTest
    [javac] /tmp/fix_test_suite.pl_26016_1702627282/llm/org/apache/commons/lang3/LocaleUtils_LLMTest.java:274: error: cannot find symbol
    [javac]             LOCALE_QQ});
    [javac]             ^
    [javac]   symbol:   variable LOCALE_QQ
    [javac]   location: class LocaleUtils_LLMTest
    [javac] /tmp/fix_test_suite.pl_26016_1702627282/llm/org/apache/commons/lang3/LocaleUtils_LLMTest.java:275: error: cannot find symbol
    [javac]     assertLocaleLookupList(LOCALE_EN_US_ZZZZ, LOCALE_QQ_ZZ,
    [javac]                            ^
    [javac]   symbol:   variable LOCALE_EN_US_ZZZZ
    [javac]   location: class LocaleUtils_LLMTest
    [javac] /tmp/fix_test_suite.pl_26016_1702627282/llm/org/apache/commons/lang3/LocaleUtils_LLMTest.java:275: error: cannot find symbol
    [javac]     assertLocaleLookupList(LOCALE_EN_US_ZZZZ, LOCALE_QQ_ZZ,
    [javac]                                               ^
    [javac]   symbol:   variable LOCALE_QQ_ZZ
    [javac]   location: class LocaleUtils_LLMTest
    [javac] /tmp/fix_test_suite.pl_26016_1702627282/llm/org/apache/commons/lang3/LocaleUtils_LLMTest.java:277: error: cannot find symbol
    [javac]             LOCALE_EN,
    [javac]             ^
    [javac]   symbol:   variable LOCALE_EN
    [javac]   location: class LocaleUtils_LLMTest
    [javac] /tmp/fix_test_suite.pl_26016_1702627282/llm/org/apache/commons/lang3/LocaleUtils_LLMTest.java:278: error: cannot find symbol
    [javac]             LOCALE_EN_US,
    [javac]             ^
    [javac]   symbol:   variable LOCALE_EN_US
    [javac]   location: class LocaleUtils_LLMTest
    [javac] /tmp/fix_test_suite.pl_26016_1702627282/llm/org/apache/commons/lang3/LocaleUtils_LLMTest.java:279: error: cannot find symbol
    [javac]             LOCALE_EN_US_ZZZZ,
    [javac]             ^
    [javac]   symbol:   variable LOCALE_EN_US_ZZZZ
    [javac]   location: class LocaleUtils_LLMTest
    [javac] /tmp/fix_test_suite.pl_26016_1702627282/llm/org/apache/commons/lang3/LocaleUtils_LLMTest.java:280: error: cannot find symbol
    [javac]             LOCALE_QQ_ZZ});
    [javac]             ^
    [javac]   symbol:   variable LOCALE_QQ_ZZ
    [javac]   location: class LocaleUtils_LLMTest
    [javac] /tmp/fix_test_suite.pl_26016_1702627282/llm/org/apache/commons/lang3/LocaleUtils_LLMTest.java:281: error: cannot find symbol
    [javac]     assertLocaleLookupList(LOCALE_FR_CA, LOCALE_EN,
    [javac]                            ^
    [javac]   symbol:   variable LOCALE_FR_CA
    [javac]   location: class LocaleUtils_LLMTest
    [javac] /tmp/fix_test_suite.pl_26016_1702627282/llm/org/apache/commons/lang3/LocaleUtils_LLMTest.java:281: error: cannot find symbol
    [javac]     assertLocaleLookupList(LOCALE_FR_CA, LOCALE_EN,
    [javac]                                          ^
    [javac]   symbol:   variable LOCALE_EN
    [javac]   location: class LocaleUtils_LLMTest
    [javac] /tmp/fix_test_suite.pl_26016_1702627282/llm/org/apache/commons/lang3/LocaleUtils_LLMTest.java:283: error: cannot find symbol
    [javac]             LOCALE_FR,
    [javac]             ^
    [javac]   symbol:   variable LOCALE_FR
    [javac]   location: class LocaleUtils_LLMTest
    [javac] /tmp/fix_test_suite.pl_26016_1702627282/llm/org/apache/commons/lang3/LocaleUtils_LLMTest.java:284: error: cannot find symbol
    [javac]             LOCALE_FR_CA,
    [javac]             ^
    [javac]   symbol:   variable LOCALE_FR_CA
    [javac]   location: class LocaleUtils_LLMTest
    [javac] /tmp/fix_test_suite.pl_26016_1702627282/llm/org/apache/commons/lang3/LocaleUtils_LLMTest.java:285: error: cannot find symbol
    [javac]             LOCALE_EN});
    [javac]             ^
    [javac]   symbol:   variable LOCALE_EN
    [javac]   location: class LocaleUtils_LLMTest
    [javac] /tmp/fix_test_suite.pl_26016_1702627282/llm/org/apache/commons/lang3/LocaleUtils_LLMTest.java:289: error: cannot find symbol
    [javac]     assertLocaleLookupList(null, null, new Locale[0]);
    [javac]     ^
    [javac]   symbol:   method assertLocaleLookupList(<null>,<null>,Locale[])
    [javac]   location: class LocaleUtils_LLMTest
    [javac] /tmp/fix_test_suite.pl_26016_1702627282/llm/org/apache/commons/lang3/LocaleUtils_LLMTest.java:290: error: cannot find symbol
    [javac]     assertLocaleLookupList(LOCALE_EN, null, new Locale[]{LOCALE_EN});
    [javac]                            ^
    [javac]   symbol:   variable LOCALE_EN
    [javac]   location: class LocaleUtils_LLMTest
    [javac] /tmp/fix_test_suite.pl_26016_1702627282/llm/org/apache/commons/lang3/LocaleUtils_LLMTest.java:290: error: cannot find symbol
    [javac]     assertLocaleLookupList(LOCALE_EN, null, new Locale[]{LOCALE_EN});
    [javac]                                                          ^
    [javac]   symbol:   variable LOCALE_EN
    [javac]   location: class LocaleUtils_LLMTest
    [javac] /tmp/fix_test_suite.pl_26016_1702627282/llm/org/apache/commons/lang3/LocaleUtils_LLMTest.java:291: error: cannot find symbol
    [javac]     assertLocaleLookupList(LOCALE_EN_US, null,
    [javac]                            ^
    [javac]   symbol:   variable LOCALE_EN_US
    [javac]   location: class LocaleUtils_LLMTest
    [javac] /tmp/fix_test_suite.pl_26016_1702627282/llm/org/apache/commons/lang3/LocaleUtils_LLMTest.java:293: error: cannot find symbol
    [javac]             LOCALE_EN});
    [javac]             ^
    [javac]   symbol:   variable LOCALE_EN
    [javac]   location: class LocaleUtils_LLMTest
    [javac] /tmp/fix_test_suite.pl_26016_1702627282/llm/org/apache/commons/lang3/LocaleUtils_LLMTest.java:294: error: cannot find symbol
    [javac]     assertLocaleLookupList(LOCALE_EN_US_ZZZZ, null,
    [javac]                            ^
    [javac]   symbol:   variable LOCALE_EN_US_ZZZZ
    [javac]   location: class LocaleUtils_LLMTest
    [javac] /tmp/fix_test_suite.pl_26016_1702627282/llm/org/apache/commons/lang3/LocaleUtils_LLMTest.java:296: error: cannot find symbol
    [javac]             LOCALE_EN,
    [javac]             ^
    [javac]   symbol:   variable LOCALE_EN
    [javac]   location: class LocaleUtils_LLMTest
    [javac] /tmp/fix_test_suite.pl_26016_1702627282/llm/org/apache/commons/lang3/LocaleUtils_LLMTest.java:297: error: cannot find symbol
    [javac]             LOCALE_EN_US});
    [javac]             ^
    [javac]   symbol:   variable LOCALE_EN_US
    [javac]   location: class LocaleUtils_LLMTest
    [javac] /tmp/fix_test_suite.pl_26016_1702627282/llm/org/apache/commons/lang3/LocaleUtils_LLMTest.java:301: error: cannot find symbol
    [javac]     assertLocaleLookupList(LOCALE_EN, LOCALE_EN, 
    [javac]                            ^
    [javac]   symbol:   variable LOCALE_EN
    [javac]   location: class LocaleUtils_LLMTest
    [javac] /tmp/fix_test_suite.pl_26016_1702627282/llm/org/apache/commons/lang3/LocaleUtils_LLMTest.java:301: error: cannot find symbol
    [javac]     assertLocaleLookupList(LOCALE_EN, LOCALE_EN, 
    [javac]                                       ^
    [javac]   symbol:   variable LOCALE_EN
    [javac]   location: class LocaleUtils_LLMTest
    [javac] /tmp/fix_test_suite.pl_26016_1702627282/llm/org/apache/commons/lang3/LocaleUtils_LLMTest.java:302: error: cannot find symbol
    [javac]             new Locale[]{LOCALE_EN});
    [javac]                          ^
    [javac]   symbol:   variable LOCALE_EN
    [javac]   location: class LocaleUtils_LLMTest
    [javac] /tmp/fix_test_suite.pl_26016_1702627282/llm/org/apache/commons/lang3/LocaleUtils_LLMTest.java:304: error: cannot find symbol
    [javac]     assertLocaleLookupList(LOCALE_EN_US, LOCALE_EN_US, 
    [javac]                            ^
    [javac]   symbol:   variable LOCALE_EN_US
    [javac]   location: class LocaleUtils_LLMTest
    [javac] /tmp/fix_test_suite.pl_26016_1702627282/llm/org/apache/commons/lang3/LocaleUtils_LLMTest.java:304: error: cannot find symbol
    [javac]     assertLocaleLookupList(LOCALE_EN_US, LOCALE_EN_US, 
    [javac]                                          ^
    [javac]   symbol:   variable LOCALE_EN_US
    [javac]   location: class LocaleUtils_LLMTest
    [javac] /tmp/fix_test_suite.pl_26016_1702627282/llm/org/apache/commons/lang3/LocaleUtils_LLMTest.java:306: error: cannot find symbol
    [javac]             LOCALE_EN});
    [javac]             ^
    [javac]   symbol:   variable LOCALE_EN
    [javac]   location: class LocaleUtils_LLMTest
    [javac] /tmp/fix_test_suite.pl_26016_1702627282/llm/org/apache/commons/lang3/LocaleUtils_LLMTest.java:307: error: cannot find symbol
    [javac]     assertLocaleLookupList(LOCALE_EN_US, LOCALE_QQ,
    [javac]                            ^
    [javac]   symbol:   variable LOCALE_EN_US
    [javac]   location: class LocaleUtils_LLMTest
    [javac] /tmp/fix_test_suite.pl_26016_1702627282/llm/org/apache/commons/lang3/LocaleUtils_LLMTest.java:307: error: cannot find symbol
    [javac]     assertLocaleLookupList(LOCALE_EN_US, LOCALE_QQ,
    [javac]                                          ^
    [javac]   symbol:   variable LOCALE_QQ
    [javac]   location: class LocaleUtils_LLMTest
    [javac] /tmp/fix_test_suite.pl_26016_1702627282/llm/org/apache/commons/lang3/LocaleUtils_LLMTest.java:309: error: cannot find symbol
    [javac]             LOCALE_EN,
    [javac]             ^
    [javac]   symbol:   variable LOCALE_EN
    [javac]   location: class LocaleUtils_LLMTest
    [javac] /tmp/fix_test_suite.pl_26016_1702627282/llm/org/apache/commons/lang3/LocaleUtils_LLMTest.java:310: error: cannot find symbol
    [javac]             LOCALE_QQ});
    [javac]             ^
    [javac]   symbol:   variable LOCALE_QQ
    [javac]   location: class LocaleUtils_LLMTest
    [javac] /tmp/fix_test_suite.pl_26016_1702627282/llm/org/apache/commons/lang3/LocaleUtils_LLMTest.java:311: error: cannot find symbol
    [javac]     assertLocaleLookupList(LOCALE_EN_US, LOCALE_QQ_ZZ,
    [javac]                            ^
    [javac]   symbol:   variable LOCALE_EN_US
    [javac]   location: class LocaleUtils_LLMTest
    [javac] /tmp/fix_test_suite.pl_26016_1702627282/llm/org/apache/commons/lang3/LocaleUtils_LLMTest.java:311: error: cannot find symbol
    [javac]     assertLocaleLookupList(LOCALE_EN_US, LOCALE_QQ_ZZ,
    [javac]                                          ^
    [javac]   symbol:   variable LOCALE_QQ_ZZ
    [javac]   location: class LocaleUtils_LLMTest
    [javac] /tmp/fix_test_suite.pl_26016_1702627282/llm/org/apache/commons/lang3/LocaleUtils_LLMTest.java:313: error: cannot find symbol
    [javac]             LOCALE_EN,
    [javac]             ^
    [javac]   symbol:   variable LOCALE_EN
    [javac]   location: class LocaleUtils_LLMTest
    [javac] /tmp/fix_test_suite.pl_26016_1702627282/llm/org/apache/commons/lang3/LocaleUtils_LLMTest.java:314: error: cannot find symbol
    [javac]             LOCALE_QQ_ZZ});
    [javac]             ^
    [javac]   symbol:   variable LOCALE_QQ_ZZ
    [javac]   location: class LocaleUtils_LLMTest
    [javac] /tmp/fix_test_suite.pl_26016_1702627282/llm/org/apache/commons/lang3/LocaleUtils_LLMTest.java:316: error: cannot find symbol
    [javac]     assertLocaleLookupList(LOCALE_EN_US_ZZZZ, null,
    [javac]                            ^
    [javac]   symbol:   variable LOCALE_EN_US_ZZZZ
    [javac]   location: class LocaleUtils_LLMTest
    [javac] /tmp/fix_test_suite.pl_26016_1702627282/llm/org/apache/commons/lang3/LocaleUtils_LLMTest.java:318: error: cannot find symbol
    [javac]             LOCALE_EN,
    [javac]             ^
    [javac]   symbol:   variable LOCALE_EN
    [javac]   location: class LocaleUtils_LLMTest
    [javac] /tmp/fix_test_suite.pl_26016_1702627282/llm/org/apache/commons/lang3/LocaleUtils_LLMTest.java:319: error: cannot find symbol
    [javac]             LOCALE_EN_US});
    [javac]             ^
    [javac]   symbol:   variable LOCALE_EN_US
    [javac]   location: class LocaleUtils_LLMTest
    [javac] /tmp/fix_test_suite.pl_26016_1702627282/llm/org/apache/commons/lang3/LocaleUtils_LLMTest.java:320: error: cannot find symbol
    [javac]     assertLocaleLookupList(LOCALE_EN_US_ZZZZ, LOCALE_EN_US_ZZZZ,
    [javac]                            ^
    [javac]   symbol:   variable LOCALE_EN_US_ZZZZ
    [javac]   location: class LocaleUtils_LLMTest
    [javac] /tmp/fix_test_suite.pl_26016_1702627282/llm/org/apache/commons/lang3/LocaleUtils_LLMTest.java:320: error: cannot find symbol
    [javac]     assertLocaleLookupList(LOCALE_EN_US_ZZZZ, LOCALE_EN_US_ZZZZ,
    [javac]                                               ^
    [javac]   symbol:   variable LOCALE_EN_US_ZZZZ
    [javac]   location: class LocaleUtils_LLMTest
    [javac] /tmp/fix_test_suite.pl_26016_1702627282/llm/org/apache/commons/lang3/LocaleUtils_LLMTest.java:322: error: cannot find symbol
    [javac]             LOCALE_EN,
    [javac]             ^
    [javac]   symbol:   variable LOCALE_EN
    [javac]   location: class LocaleUtils_LLMTest
    [javac] /tmp/fix_test_suite.pl_26016_1702627282/llm/org/apache/commons/lang3/LocaleUtils_LLMTest.java:323: error: cannot find symbol
    [javac]             LOCALE_EN_US});
    [javac]             ^
    [javac]   symbol:   variable LOCALE_EN_US
    [javac]   location: class LocaleUtils_LLMTest
    [javac] /tmp/fix_test_suite.pl_26016_1702627282/llm/org/apache/commons/lang3/LocaleUtils_LLMTest.java:324: error: cannot find symbol
    [javac]     assertLocaleLookupList(LOCALE_EN_US_ZZZZ, LOCALE_QQ,
    [javac]                            ^
    [javac]   symbol:   variable LOCALE_EN_US_ZZZZ
    [javac]   location: class LocaleUtils_LLMTest
    [javac] /tmp/fix_test_suite.pl_26016_1702627282/llm/org/apache/commons/lang3/LocaleUtils_LLMTest.java:324: error: cannot find symbol
    [javac]     assertLocaleLookupList(LOCALE_EN_US_ZZZZ, LOCALE_QQ,
    [javac]                                               ^
    [javac]   symbol:   variable LOCALE_QQ
    [javac]   location: class LocaleUtils_LLMTest
    [javac] /tmp/fix_test_suite.pl_26016_1702627282/llm/org/apache/commons/lang3/LocaleUtils_LLMTest.java:326: error: cannot find symbol
    [javac]             LOCALE_EN,
    [javac]             ^
    [javac]   symbol:   variable LOCALE_EN
    [javac]   location: class LocaleUtils_LLMTest
    [javac] /tmp/fix_test_suite.pl_26016_1702627282/llm/org/apache/commons/lang3/LocaleUtils_LLMTest.java:327: error: cannot find symbol
    [javac]             LOCALE_EN_US,
    [javac]             ^
    [javac]   symbol:   variable LOCALE_EN_US
    [javac]   location: class LocaleUtils_LLMTest
    [javac] /tmp/fix_test_suite.pl_26016_1702627282/llm/org/apache/commons/lang3/LocaleUtils_LLMTest.java:328: error: cannot find symbol
    [javac]             LOCALE_QQ});
    [javac]             ^
    [javac]   symbol:   variable LOCALE_QQ
    [javac]   location: class LocaleUtils_LLMTest
    [javac] /tmp/fix_test_suite.pl_26016_1702627282/llm/org/apache/commons/lang3/LocaleUtils_LLMTest.java:329: error: cannot find symbol
    [javac]     assertLocaleLookupList(LOCALE_EN_US_ZZZZ, LOCALE_QQ_ZZ,
    [javac]                            ^
    [javac]   symbol:   variable LOCALE_EN_US_ZZZZ
    [javac]   location: class LocaleUtils_LLMTest
    [javac] /tmp/fix_test_suite.pl_26016_1702627282/llm/org/apache/commons/lang3/LocaleUtils_LLMTest.java:329: error: cannot find symbol
    [javac]     assertLocaleLookupList(LOCALE_EN_US_ZZZZ, LOCALE_QQ_ZZ,
    [javac]                                               ^
    [javac]   symbol:   variable LOCALE_QQ_ZZ
    [javac]   location: class LocaleUtils_LLMTest
    [javac] /tmp/fix_test_suite.pl_26016_1702627282/llm/org/apache/commons/lang3/LocaleUtils_LLMTest.java:331: error: cannot find symbol
    [javac]             LOCALE_EN,
    [javac]             ^
    [javac]   symbol:   variable LOCALE_EN
    [javac]   location: class LocaleUtils_LLMTest
    [javac] /tmp/fix_test_suite.pl_26016_1702627282/llm/org/apache/commons/lang3/LocaleUtils_LLMTest.java:332: error: cannot find symbol
    [javac]             LOCALE_EN_US,
    [javac]             ^
    [javac]   symbol:   variable LOCALE_EN_US
    [javac]   location: class LocaleUtils_LLMTest
    [javac] /tmp/fix_test_suite.pl_26016_1702627282/llm/org/apache/commons/lang3/LocaleUtils_LLMTest.java:333: error: cannot find symbol
    [javac]             LOCALE_QQ_ZZ});
    [javac]             ^
    [javac]   symbol:   variable LOCALE_QQ_ZZ
    [javac]   location: class LocaleUtils_LLMTest
    [javac] /tmp/fix_test_suite.pl_26016_1702627282/llm/org/apache/commons/lang3/LocaleUtils_LLMTest.java:334: error: cannot find symbol
    [javac]     assertLocaleLookupList(LOCALE_FR_CA, LOCALE_EN,
    [javac]                            ^
    [javac]   symbol:   variable LOCALE_FR_CA
    [javac]   location: class LocaleUtils_LLMTest
    [javac] /tmp/fix_test_suite.pl_26016_1702627282/llm/org/apache/commons/lang3/LocaleUtils_LLMTest.java:334: error: cannot find symbol
    [javac]     assertLocaleLookupList(LOCALE_FR_CA, LOCALE_EN,
    [javac]                                          ^
    [javac]   symbol:   variable LOCALE_EN
    [javac]   location: class LocaleUtils_LLMTest
    [javac] /tmp/fix_test_suite.pl_26016_1702627282/llm/org/apache/commons/lang3/LocaleUtils_LLMTest.java:336: error: cannot find symbol
    [javac]             LOCALE_FR,
    [javac]             ^
    [javac]   symbol:   variable LOCALE_FR
    [javac]   location: class LocaleUtils_LLMTest
    [javac] /tmp/fix_test_suite.pl_26016_1702627282/llm/org/apache/commons/lang3/LocaleUtils_LLMTest.java:337: error: cannot find symbol
    [javac]             LOCALE_FR_CA});
    [javac]             ^
    [javac]   symbol:   variable LOCALE_FR_CA
    [javac]   location: class LocaleUtils_LLMTest
    [javac] /tmp/fix_test_suite.pl_26016_1702627282/llm/org/apache/commons/lang3/LocaleUtils_LLMTest.java:341: error: cannot find symbol
    [javac]     assertLocaleLookupList(null, null, new Locale[0]);
    [javac]     ^
    [javac]   symbol:   method assertLocaleLookupList(<null>,<null>,Locale[])
    [javac]   location: class LocaleUtils_LLMTest
    [javac] /tmp/fix_test_suite.pl_26016_1702627282/llm/org/apache/commons/lang3/LocaleUtils_LLMTest.java:342: error: cannot find symbol
    [javac]     assertLocaleLookupList(LOCALE_EN, null, new Locale[]{LOCALE_EN});
    [javac]                            ^
    [javac]   symbol:   variable LOCALE_EN
    [javac]   location: class LocaleUtils_LLMTest
    [javac] /tmp/fix_test_suite.pl_26016_1702627282/llm/org/apache/commons/lang3/LocaleUtils_LLMTest.java:342: error: cannot find symbol
    [javac]     assertLocaleLookupList(LOCALE_EN, null, new Locale[]{LOCALE_EN});
    [javac]                                                          ^
    [javac]   symbol:   variable LOCALE_EN
    [javac]   location: class LocaleUtils_LLMTest
    [javac] /tmp/fix_test_suite.pl_26016_1702627282/llm/org/apache/commons/lang3/LocaleUtils_LLMTest.java:343: error: cannot find symbol
    [javac]     assertLocaleLookupList(LOCALE_EN_US, null,
    [javac]                            ^
    [javac]   symbol:   variable LOCALE_EN_US
    [javac]   location: class LocaleUtils_LLMTest
    [javac] warning: /root/.sdkman/candidates/java/8.0.302-open/lib/ct.sym(META-INF/sym/rt.jar/java/lang/IllegalArgumentException.class): major version 52 is newer than 51, the highest major version supported by this compiler.
    [javac]   It is recommended that the compiler be upgraded.
    [javac] /root/.sdkman/candidates/java/8.0.302-open/lib/ct.sym(META-INF/sym/rt.jar/java/lang/IllegalArgumentException.class): warning: Cannot find annotation method 'value()' in type 'Profile+Annotation'
    [javac] warning: /root/.sdkman/candidates/java/8.0.302-open/lib/ct.sym(META-INF/sym/rt.jar/java/lang/RuntimeException.class): major version 52 is newer than 51, the highest major version supported by this compiler.
    [javac]   It is recommended that the compiler be upgraded.
    [javac] /root/.sdkman/candidates/java/8.0.302-open/lib/ct.sym(META-INF/sym/rt.jar/java/lang/RuntimeException.class): warning: Cannot find annotation method 'value()' in type 'Profile+Annotation'
    [javac] warning: /root/.sdkman/candidates/java/8.0.302-open/lib/ct.sym(META-INF/sym/rt.jar/java/lang/Exception.class): major version 52 is newer than 51, the highest major version supported by this compiler.
    [javac]   It is recommended that the compiler be upgraded.
    [javac] /root/.sdkman/candidates/java/8.0.302-open/lib/ct.sym(META-INF/sym/rt.jar/java/lang/Exception.class): warning: Cannot find annotation method 'value()' in type 'Profile+Annotation'
    [javac] warning: /root/.sdkman/candidates/java/8.0.302-open/lib/ct.sym(META-INF/sym/rt.jar/java/lang/Throwable.class): major version 52 is newer than 51, the highest major version supported by this compiler.
    [javac]   It is recommended that the compiler be upgraded.
    [javac] /root/.sdkman/candidates/java/8.0.302-open/lib/ct.sym(META-INF/sym/rt.jar/java/lang/Throwable.class): warning: Cannot find annotation method 'value()' in type 'Profile+Annotation'
    [javac] warning: /root/.sdkman/candidates/java/8.0.302-open/lib/ct.sym(META-INF/sym/rt.jar/java/util/AbstractSet.class): major version 52 is newer than 51, the highest major version supported by this compiler.
    [javac]   It is recommended that the compiler be upgraded.
    [javac] /root/.sdkman/candidates/java/8.0.302-open/lib/ct.sym(META-INF/sym/rt.jar/java/util/AbstractSet.class): warning: Cannot find annotation method 'value()' in type 'Profile+Annotation'
    [javac] warning: /root/.sdkman/candidates/java/8.0.302-open/lib/ct.sym(META-INF/sym/rt.jar/java/util/AbstractCollection.class): major version 52 is newer than 51, the highest major version supported by this compiler.
    [javac]   It is recommended that the compiler be upgraded.
    [javac] /root/.sdkman/candidates/java/8.0.302-open/lib/ct.sym(META-INF/sym/rt.jar/java/util/AbstractCollection.class): warning: Cannot find annotation method 'value()' in type 'Profile+Annotation'
    [javac] warning: /root/.sdkman/candidates/java/8.0.302-open/lib/ct.sym(META-INF/sym/rt.jar/java/lang/Iterable.class): major version 52 is newer than 51, the highest major version supported by this compiler.
    [javac]   It is recommended that the compiler be upgraded.
    [javac] /root/.sdkman/candidates/java/8.0.302-open/lib/ct.sym(META-INF/sym/rt.jar/java/lang/Iterable.class): warning: Cannot find annotation method 'value()' in type 'Profile+Annotation'
    [javac] warning: /root/.sdkman/candidates/java/8.0.302-open/lib/ct.sym(META-INF/sym/rt.jar/sun/util/locale/BaseLocale.class): major version 52 is newer than 51, the highest major version supported by this compiler.
    [javac]   It is recommended that the compiler be upgraded.
    [javac] /root/.sdkman/candidates/java/8.0.302-open/lib/ct.sym(META-INF/sym/rt.jar/sun/util/locale/BaseLocale.class): warning: Cannot find annotation method 'value()' in type 'Profile+Annotation'
    [javac] warning: /root/.sdkman/candidates/java/8.0.302-open/lib/ct.sym(META-INF/sym/rt.jar/java/lang/Boolean.class): major version 52 is newer than 51, the highest major version supported by this compiler.
    [javac]   It is recommended that the compiler be upgraded.
    [javac] /root/.sdkman/candidates/java/8.0.302-open/lib/ct.sym(META-INF/sym/rt.jar/java/lang/Boolean.class): warning: Cannot find annotation method 'value()' in type 'Profile+Annotation'
    [javac] warning: /root/.sdkman/candidates/java/8.0.302-open/lib/ct.sym(META-INF/sym/rt.jar/java/lang/Class.class): major version 52 is newer than 51, the highest major version supported by this compiler.
    [javac]   It is recommended that the compiler be upgraded.
    [javac] /root/.sdkman/candidates/java/8.0.302-open/lib/ct.sym(META-INF/sym/rt.jar/java/lang/Class.class): warning: Cannot find annotation method 'value()' in type 'Profile+Annotation'
    [javac] warning: /root/.sdkman/candidates/java/8.0.302-open/lib/ct.sym(META-INF/sym/rt.jar/java/lang/SecurityException.class): major version 52 is newer than 51, the highest major version supported by this compiler.
    [javac]   It is recommended that the compiler be upgraded.
    [javac] /root/.sdkman/candidates/java/8.0.302-open/lib/ct.sym(META-INF/sym/rt.jar/java/lang/SecurityException.class): warning: Cannot find annotation method 'value()' in type 'Profile+Annotation'
    [javac] warning: /root/.sdkman/candidates/java/8.0.302-open/lib/ct.sym(META-INF/sym/rt.jar/java/lang/reflect/Executable.class): major version 52 is newer than 51, the highest major version supported by this compiler.
    [javac]   It is recommended that the compiler be upgraded.
    [javac] /root/.sdkman/candidates/java/8.0.302-open/lib/ct.sym(META-INF/sym/rt.jar/java/lang/reflect/Executable.class): warning: Cannot find annotation method 'value()' in type 'Profile+Annotation'
    [javac] warning: /root/.sdkman/candidates/java/8.0.302-open/lib/ct.sym(META-INF/sym/rt.jar/java/lang/reflect/AccessibleObject.class): major version 52 is newer than 51, the highest major version supported by this compiler.
    [javac]   It is recommended that the compiler be upgraded.
    [javac] /root/.sdkman/candidates/java/8.0.302-open/lib/ct.sym(META-INF/sym/rt.jar/java/lang/reflect/AccessibleObject.class): warning: Cannot find annotation method 'value()' in type 'Profile+Annotation'
    [javac] 100 errors
    [javac] 66 warnings

BUILD FAILED
/defects4j/framework/projects/defects4j.build.xml:265: Compile failed; see the compiler error output for details.

Total time: 0 seconds
- Compilation issues: Lang-5b-llm.17.tar.bz2
Picked up JAVA_TOOL_OPTIONS: -Dfile.encoding=UTF8
OpenJDK 64-Bit Server VM warning: ignoring option MaxPermSize=1G; support was removed in 8.0
Buildfile: /defects4j/framework/projects/defects4j.build.xml

init:
     [echo] -------- commons-lang3 3.2-SNAPSHOT --------

compile:

compile.gen.tests:
     [echo] classes.dir: target/classes
     [echo] build.home: target
   [delete] Deleting directory /tmp/fix_test_suite.pl_26016_1702627282/.classes_testgen
    [mkdir] Created dir: /tmp/fix_test_suite.pl_26016_1702627282/.classes_testgen
    [javac] /defects4j/framework/projects/defects4j.build.xml:265: warning: 'includeantruntime' was not set, defaulting to build.sysclasspath=last; set to false for repeatable builds
    [javac] Compiling 1 source file to /tmp/fix_test_suite.pl_26016_1702627282/.classes_testgen
    [javac] warning: /root/.sdkman/candidates/java/8.0.302-open/lib/ct.sym(META-INF/sym/rt.jar/java/lang/Enum.class): major version 52 is newer than 51, the highest major version supported by this compiler.
    [javac]   It is recommended that the compiler be upgraded.
    [javac] warning: /root/.sdkman/candidates/java/8.0.302-open/lib/ct.sym(META-INF/sym/rt.jar/java/lang/Object.class): major version 52 is newer than 51, the highest major version supported by this compiler.
    [javac]   It is recommended that the compiler be upgraded.
    [javac] warning: /root/.sdkman/candidates/java/8.0.302-open/lib/ct.sym(META-INF/sym/rt.jar/java/lang/Comparable.class): major version 52 is newer than 51, the highest major version supported by this compiler.
    [javac]   It is recommended that the compiler be upgraded.
    [javac] warning: /root/.sdkman/candidates/java/8.0.302-open/lib/ct.sym(META-INF/sym/rt.jar/java/io/Serializable.class): major version 52 is newer than 51, the highest major version supported by this compiler.
    [javac]   It is recommended that the compiler be upgraded.
    [javac] warning: /root/.sdkman/candidates/java/8.0.302-open/lib/ct.sym(META-INF/sym/rt.jar/java/lang/reflect/Constructor.class): major version 52 is newer than 51, the highest major version supported by this compiler.
    [javac]   It is recommended that the compiler be upgraded.
    [javac] warning: /root/.sdkman/candidates/java/8.0.302-open/lib/ct.sym(META-INF/sym/rt.jar/java/lang/reflect/Modifier.class): major version 52 is newer than 51, the highest major version supported by this compiler.
    [javac]   It is recommended that the compiler be upgraded.
    [javac] warning: /root/.sdkman/candidates/java/8.0.302-open/lib/ct.sym(META-INF/sym/rt.jar/java/util/Arrays.class): major version 52 is newer than 51, the highest major version supported by this compiler.
    [javac]   It is recommended that the compiler be upgraded.
    [javac] warning: /root/.sdkman/candidates/java/8.0.302-open/lib/ct.sym(META-INF/sym/rt.jar/java/util/Collection.class): major version 52 is newer than 51, the highest major version supported by this compiler.
    [javac]   It is recommended that the compiler be upgraded.
    [javac] warning: /root/.sdkman/candidates/java/8.0.302-open/lib/ct.sym(META-INF/sym/rt.jar/java/util/HashSet.class): major version 52 is newer than 51, the highest major version supported by this compiler.
    [javac]   It is recommended that the compiler be upgraded.
    [javac] warning: /root/.sdkman/candidates/java/8.0.302-open/lib/ct.sym(META-INF/sym/rt.jar/java/util/Iterator.class): major version 52 is newer than 51, the highest major version supported by this compiler.
    [javac]   It is recommended that the compiler be upgraded.
    [javac] warning: /root/.sdkman/candidates/java/8.0.302-open/lib/ct.sym(META-INF/sym/rt.jar/java/util/List.class): major version 52 is newer than 51, the highest major version supported by this compiler.
    [javac]   It is recommended that the compiler be upgraded.
    [javac] warning: /root/.sdkman/candidates/java/8.0.302-open/lib/ct.sym(META-INF/sym/rt.jar/java/util/Locale.class): major version 52 is newer than 51, the highest major version supported by this compiler.
    [javac]   It is recommended that the compiler be upgraded.
    [javac] warning: /root/.sdkman/candidates/java/8.0.302-open/lib/ct.sym(META-INF/sym/rt.jar/java/util/Set.class): major version 52 is newer than 51, the highest major version supported by this compiler.
    [javac]   It is recommended that the compiler be upgraded.
    [javac] warning: /root/.sdkman/candidates/java/8.0.302-open/lib/ct.sym(META-INF/sym/rt.jar/java/lang/String.class): major version 52 is newer than 51, the highest major version supported by this compiler.
    [javac]   It is recommended that the compiler be upgraded.
    [javac] /root/.sdkman/candidates/java/8.0.302-open/lib/ct.sym(META-INF/sym/rt.jar/java/lang/Enum.class): warning: Cannot find annotation method 'value()' in type 'Profile+Annotation': class file for jdk.Profile+Annotation not found
    [javac] /root/.sdkman/candidates/java/8.0.302-open/lib/ct.sym(META-INF/sym/rt.jar/java/lang/Object.class): warning: Cannot find annotation method 'value()' in type 'Profile+Annotation'
    [javac] /root/.sdkman/candidates/java/8.0.302-open/lib/ct.sym(META-INF/sym/rt.jar/java/lang/Comparable.class): warning: Cannot find annotation method 'value()' in type 'Profile+Annotation'
    [javac] /root/.sdkman/candidates/java/8.0.302-open/lib/ct.sym(META-INF/sym/rt.jar/java/io/Serializable.class): warning: Cannot find annotation method 'value()' in type 'Profile+Annotation'
    [javac] /root/.sdkman/candidates/java/8.0.302-open/lib/ct.sym(META-INF/sym/rt.jar/java/lang/reflect/Constructor.class): warning: Cannot find annotation method 'value()' in type 'Profile+Annotation'
    [javac] /root/.sdkman/candidates/java/8.0.302-open/lib/ct.sym(META-INF/sym/rt.jar/java/lang/reflect/Modifier.class): warning: Cannot find annotation method 'value()' in type 'Profile+Annotation'
    [javac] /root/.sdkman/candidates/java/8.0.302-open/lib/ct.sym(META-INF/sym/rt.jar/java/util/Arrays.class): warning: Cannot find annotation method 'value()' in type 'Profile+Annotation'
    [javac] /root/.sdkman/candidates/java/8.0.302-open/lib/ct.sym(META-INF/sym/rt.jar/java/util/Collection.class): warning: Cannot find annotation method 'value()' in type 'Profile+Annotation'
    [javac] /root/.sdkman/candidates/java/8.0.302-open/lib/ct.sym(META-INF/sym/rt.jar/java/util/HashSet.class): warning: Cannot find annotation method 'value()' in type 'Profile+Annotation'
    [javac] /root/.sdkman/candidates/java/8.0.302-open/lib/ct.sym(META-INF/sym/rt.jar/java/util/Iterator.class): warning: Cannot find annotation method 'value()' in type 'Profile+Annotation'
    [javac] /root/.sdkman/candidates/java/8.0.302-open/lib/ct.sym(META-INF/sym/rt.jar/java/util/List.class): warning: Cannot find annotation method 'value()' in type 'Profile+Annotation'
    [javac] /root/.sdkman/candidates/java/8.0.302-open/lib/ct.sym(META-INF/sym/rt.jar/java/util/Locale.class): warning: Cannot find annotation method 'value()' in type 'Profile+Annotation'
    [javac] /root/.sdkman/candidates/java/8.0.302-open/lib/ct.sym(META-INF/sym/rt.jar/java/util/Set.class): warning: Cannot find annotation method 'value()' in type 'Profile+Annotation'
    [javac] warning: /root/.sdkman/candidates/java/8.0.302-open/lib/ct.sym(META-INF/sym/rt.jar/java/lang/annotation/Retention.class): major version 52 is newer than 51, the highest major version supported by this compiler.
    [javac]   It is recommended that the compiler be upgraded.
    [javac] warning: /root/.sdkman/candidates/java/8.0.302-open/lib/ct.sym(META-INF/sym/rt.jar/java/lang/annotation/RetentionPolicy.class): major version 52 is newer than 51, the highest major version supported by this compiler.
    [javac]   It is recommended that the compiler be upgraded.
    [javac] warning: /root/.sdkman/candidates/java/8.0.302-open/lib/ct.sym(META-INF/sym/rt.jar/java/lang/annotation/Target.class): major version 52 is newer than 51, the highest major version supported by this compiler.
    [javac]   It is recommended that the compiler be upgraded.
    [javac] warning: /root/.sdkman/candidates/java/8.0.302-open/lib/ct.sym(META-INF/sym/rt.jar/java/lang/annotation/ElementType.class): major version 52 is newer than 51, the highest major version supported by this compiler.
    [javac]   It is recommended that the compiler be upgraded.
    [javac] warning: /root/.sdkman/candidates/java/8.0.302-open/lib/ct.sym(META-INF/sym/rt.jar/java/lang/annotation/Annotation.class): major version 52 is newer than 51, the highest major version supported by this compiler.
    [javac]   It is recommended that the compiler be upgraded.
    [javac] /root/.sdkman/candidates/java/8.0.302-open/lib/ct.sym(META-INF/sym/rt.jar/java/lang/String.class): warning: Cannot find annotation method 'value()' in type 'Profile+Annotation'
    [javac] /root/.sdkman/candidates/java/8.0.302-open/lib/ct.sym(META-INF/sym/rt.jar/java/lang/annotation/Retention.class): warning: Cannot find annotation method 'value()' in type 'Profile+Annotation'
    [javac] /root/.sdkman/candidates/java/8.0.302-open/lib/ct.sym(META-INF/sym/rt.jar/java/lang/annotation/RetentionPolicy.class): warning: Cannot find annotation method 'value()' in type 'Profile+Annotation'
    [javac] /root/.sdkman/candidates/java/8.0.302-open/lib/ct.sym(META-INF/sym/rt.jar/java/lang/annotation/Target.class): warning: Cannot find annotation method 'value()' in type 'Profile+Annotation'
    [javac] /root/.sdkman/candidates/java/8.0.302-open/lib/ct.sym(META-INF/sym/rt.jar/java/lang/annotation/ElementType.class): warning: Cannot find annotation method 'value()' in type 'Profile+Annotation'
    [javac] /root/.sdkman/candidates/java/8.0.302-open/lib/ct.sym(META-INF/sym/rt.jar/java/lang/annotation/Annotation.class): warning: Cannot find annotation method 'value()' in type 'Profile+Annotation'
    [javac] warning: /root/.sdkman/candidates/java/8.0.302-open/lib/ct.sym(META-INF/sym/rt.jar/java/lang/AutoCloseable.class): major version 52 is newer than 51, the highest major version supported by this compiler.
    [javac]   It is recommended that the compiler be upgraded.
    [javac] /root/.sdkman/candidates/java/8.0.302-open/lib/ct.sym(META-INF/sym/rt.jar/java/lang/AutoCloseable.class): warning: Cannot find annotation method 'value()' in type 'Profile+Annotation'
    [javac] /tmp/fix_test_suite.pl_26016_1702627282/llm/org/apache/commons/lang3/LocaleUtils_LLMTest.java:368: error: cannot find symbol
    [javac]     assertLocaleLookupList(LOCALE_EN, LOCALE_EN, 
    [javac]                            ^
    [javac]   symbol:   variable LOCALE_EN
    [javac]   location: class LocaleUtils_LLMTest
    [javac] /tmp/fix_test_suite.pl_26016_1702627282/llm/org/apache/commons/lang3/LocaleUtils_LLMTest.java:368: error: cannot find symbol
    [javac]     assertLocaleLookupList(LOCALE_EN, LOCALE_EN, 
    [javac]                                       ^
    [javac]   symbol:   variable LOCALE_EN
    [javac]   location: class LocaleUtils_LLMTest
    [javac] /tmp/fix_test_suite.pl_26016_1702627282/llm/org/apache/commons/lang3/LocaleUtils_LLMTest.java:369: error: cannot find symbol
    [javac]             new Locale[]{LOCALE_EN});
    [javac]                          ^
    [javac]   symbol:   variable LOCALE_EN
    [javac]   location: class LocaleUtils_LLMTest
    [javac] /tmp/fix_test_suite.pl_26016_1702627282/llm/org/apache/commons/lang3/LocaleUtils_LLMTest.java:371: error: cannot find symbol
    [javac]     assertLocaleLookupList(LOCALE_EN_US, LOCALE_EN_US, 
    [javac]                            ^
    [javac]   symbol:   variable LOCALE_EN_US
    [javac]   location: class LocaleUtils_LLMTest
    [javac] /tmp/fix_test_suite.pl_26016_1702627282/llm/org/apache/commons/lang3/LocaleUtils_LLMTest.java:371: error: cannot find symbol
    [javac]     assertLocaleLookupList(LOCALE_EN_US, LOCALE_EN_US, 
    [javac]                                          ^
    [javac]   symbol:   variable LOCALE_EN_US
    [javac]   location: class LocaleUtils_LLMTest
    [javac] /tmp/fix_test_suite.pl_26016_1702627282/llm/org/apache/commons/lang3/LocaleUtils_LLMTest.java:373: error: cannot find symbol
    [javac]             LOCALE_EN_US,
    [javac]             ^
    [javac]   symbol:   variable LOCALE_EN_US
    [javac]   location: class LocaleUtils_LLMTest
    [javac] /tmp/fix_test_suite.pl_26016_1702627282/llm/org/apache/commons/lang3/LocaleUtils_LLMTest.java:374: error: cannot find symbol
    [javac]             LOCALE_EN});
    [javac]             ^
    [javac]   symbol:   variable LOCALE_EN
    [javac]   location: class LocaleUtils_LLMTest
    [javac] /tmp/fix_test_suite.pl_26016_1702627282/llm/org/apache/commons/lang3/LocaleUtils_LLMTest.java:375: error: cannot find symbol
    [javac]     assertLocaleLookupList(LOCALE_EN_US, LOCALE_QQ,
    [javac]                            ^
    [javac]   symbol:   variable LOCALE_EN_US
    [javac]   location: class LocaleUtils_LLMTest
    [javac] /tmp/fix_test_suite.pl_26016_1702627282/llm/org/apache/commons/lang3/LocaleUtils_LLMTest.java:375: error: cannot find symbol
    [javac]     assertLocaleLookupList(LOCALE_EN_US, LOCALE_QQ,
    [javac]                                          ^
    [javac]   symbol:   variable LOCALE_QQ
    [javac]   location: class LocaleUtils_LLMTest
    [javac] /tmp/fix_test_suite.pl_26016_1702627282/llm/org/apache/commons/lang3/LocaleUtils_LLMTest.java:377: error: cannot find symbol
    [javac]             LOCALE_EN_US,
    [javac]             ^
    [javac]   symbol:   variable LOCALE_EN_US
    [javac]   location: class LocaleUtils_LLMTest
    [javac] /tmp/fix_test_suite.pl_26016_1702627282/llm/org/apache/commons/lang3/LocaleUtils_LLMTest.java:378: error: cannot find symbol
    [javac]             LOCALE_EN,
    [javac]             ^
    [javac]   symbol:   variable LOCALE_EN
    [javac]   location: class LocaleUtils_LLMTest
    [javac] /tmp/fix_test_suite.pl_26016_1702627282/llm/org/apache/commons/lang3/LocaleUtils_LLMTest.java:379: error: cannot find symbol
    [javac]             LOCALE_QQ});
    [javac]             ^
    [javac]   symbol:   variable LOCALE_QQ
    [javac]   location: class LocaleUtils_LLMTest
    [javac] /tmp/fix_test_suite.pl_26016_1702627282/llm/org/apache/commons/lang3/LocaleUtils_LLMTest.java:380: error: cannot find symbol
    [javac]     assertLocaleLookupList(LOCALE_EN_US, LOCALE_QQ_ZZ,
    [javac]                            ^
    [javac]   symbol:   variable LOCALE_EN_US
    [javac]   location: class LocaleUtils_LLMTest
    [javac] /tmp/fix_test_suite.pl_26016_1702627282/llm/org/apache/commons/lang3/LocaleUtils_LLMTest.java:380: error: cannot find symbol
    [javac]     assertLocaleLookupList(LOCALE_EN_US, LOCALE_QQ_ZZ,
    [javac]                                          ^
    [javac]   symbol:   variable LOCALE_QQ_ZZ
    [javac]   location: class LocaleUtils_LLMTest
    [javac] /tmp/fix_test_suite.pl_26016_1702627282/llm/org/apache/commons/lang3/LocaleUtils_LLMTest.java:382: error: cannot find symbol
    [javac]             LOCALE_EN_US,
    [javac]             ^
    [javac]   symbol:   variable LOCALE_EN_US
    [javac]   location: class LocaleUtils_LLMTest
    [javac] /tmp/fix_test_suite.pl_26016_1702627282/llm/org/apache/commons/lang3/LocaleUtils_LLMTest.java:383: error: cannot find symbol
    [javac]             LOCALE_EN,
    [javac]             ^
    [javac]   symbol:   variable LOCALE_EN
    [javac]   location: class LocaleUtils_LLMTest
    [javac] /tmp/fix_test_suite.pl_26016_1702627282/llm/org/apache/commons/lang3/LocaleUtils_LLMTest.java:384: error: cannot find symbol
    [javac]             LOCALE_QQ_ZZ});
    [javac]             ^
    [javac]   symbol:   variable LOCALE_QQ_ZZ
    [javac]   location: class LocaleUtils_LLMTest
    [javac] /tmp/fix_test_suite.pl_26016_1702627282/llm/org/apache/commons/lang3/LocaleUtils_LLMTest.java:386: error: cannot find symbol
    [javac]     assertLocaleLookupList(LOCALE_EN_US_ZZZZ, null,
    [javac]                            ^
    [javac]   symbol:   variable LOCALE_EN_US_ZZZZ
    [javac]   location: class LocaleUtils_LLMTest
    [javac] /tmp/fix_test_suite.pl_26016_1702627282/llm/org/apache/commons/lang3/LocaleUtils_LLMTest.java:388: error: cannot find symbol
    [javac]             LOCALE_EN_US_ZZZZ});
    [javac]             ^
    [javac]   symbol:   variable LOCALE_EN_US_ZZZZ
    [javac]   location: class LocaleUtils_LLMTest
    [javac] /tmp/fix_test_suite.pl_26016_1702627282/llm/org/apache/commons/lang3/LocaleUtils_LLMTest.java:389: error: cannot find symbol
    [javac]     assertLocaleLookupList(LOCALE_EN_US_ZZZZ, LOCALE_EN_US_ZZZZ,
    [javac]                            ^
    [javac]   symbol:   variable LOCALE_EN_US_ZZZZ
    [javac]   location: class LocaleUtils_LLMTest
    [javac] /tmp/fix_test_suite.pl_26016_1702627282/llm/org/apache/commons/lang3/LocaleUtils_LLMTest.java:389: error: cannot find symbol
    [javac]     assertLocaleLookupList(LOCALE_EN_US_ZZZZ, LOCALE_EN_US_ZZZZ,
    [javac]                                               ^
    [javac]   symbol:   variable LOCALE_EN_US_ZZZZ
    [javac]   location: class LocaleUtils_LLMTest
    [javac] /tmp/fix_test_suite.pl_26016_1702627282/llm/org/apache/commons/lang3/LocaleUtils_LLMTest.java:391: error: cannot find symbol
    [javac]             LOCALE_EN_US_ZZZZ});
    [javac]             ^
    [javac]   symbol:   variable LOCALE_EN_US_ZZZZ
    [javac]   location: class LocaleUtils_LLMTest
    [javac] /tmp/fix_test_suite.pl_26016_1702627282/llm/org/apache/commons/lang3/LocaleUtils_LLMTest.java:392: error: cannot find symbol
    [javac]     assertLocaleLookupList(LOCALE_EN_US_ZZZZ, LOCALE_QQ,
    [javac]                            ^
    [javac]   symbol:   variable LOCALE_EN_US_ZZZZ
    [javac]   location: class LocaleUtils_LLMTest
    [javac] /tmp/fix_test_suite.pl_26016_1702627282/llm/org/apache/commons/lang3/LocaleUtils_LLMTest.java:392: error: cannot find symbol
    [javac]     assertLocaleLookupList(LOCALE_EN_US_ZZZZ, LOCALE_QQ,
    [javac]                                               ^
    [javac]   symbol:   variable LOCALE_QQ
    [javac]   location: class LocaleUtils_LLMTest
    [javac] /tmp/fix_test_suite.pl_26016_1702627282/llm/org/apache/commons/lang3/LocaleUtils_LLMTest.java:394: error: cannot find symbol
    [javac]             LOCALE_EN_US_ZZZZ,
    [javac]             ^
    [javac]   symbol:   variable LOCALE_EN_US_ZZZZ
    [javac]   location: class LocaleUtils_LLMTest
    [javac] /tmp/fix_test_suite.pl_26016_1702627282/llm/org/apache/commons/lang3/LocaleUtils_LLMTest.java:395: error: cannot find symbol
    [javac]             LOCALE_EN,
    [javac]             ^
    [javac]   symbol:   variable LOCALE_EN
    [javac]   location: class LocaleUtils_LLMTest
    [javac] /tmp/fix_test_suite.pl_26016_1702627282/llm/org/apache/commons/lang3/LocaleUtils_LLMTest.java:396: error: cannot find symbol
    [javac]             LOCALE_QQ});
    [javac]             ^
    [javac]   symbol:   variable LOCALE_QQ
    [javac]   location: class LocaleUtils_LLMTest
    [javac] /tmp/fix_test_suite.pl_26016_1702627282/llm/org/apache/commons/lang3/LocaleUtils_LLMTest.java:397: error: cannot find symbol
    [javac]     assertLocaleLookupList(LOCALE_EN_US_ZZZZ, LOCALE_QQ_ZZ,
    [javac]                            ^
    [javac]   symbol:   variable LOCALE_EN_US_ZZZZ
    [javac]   location: class LocaleUtils_LLMTest
    [javac] /tmp/fix_test_suite.pl_26016_1702627282/llm/org/apache/commons/lang3/LocaleUtils_LLMTest.java:397: error: cannot find symbol
    [javac]     assertLocaleLookupList(LOCALE_EN_US_ZZZZ, LOCALE_QQ_ZZ,
    [javac]                                               ^
    [javac]   symbol:   variable LOCALE_QQ_ZZ
    [javac]   location: class LocaleUtils_LLMTest
    [javac] /tmp/fix_test_suite.pl_26016_1702627282/llm/org/apache/commons/lang3/LocaleUtils_LLMTest.java:399: error: cannot find symbol
    [javac]             LOCALE_EN_US_ZZZZ,
    [javac]             ^
    [javac]   symbol:   variable LOCALE_EN_US_ZZZZ
    [javac]   location: class LocaleUtils_LLMTest
    [javac] /tmp/fix_test_suite.pl_26016_1702627282/llm/org/apache/commons/lang3/LocaleUtils_LLMTest.java:400: error: cannot find symbol
    [javac]             LOCALE_EN,
    [javac]             ^
    [javac]   symbol:   variable LOCALE_EN
    [javac]   location: class LocaleUtils_LLMTest
    [javac] /tmp/fix_test_suite.pl_26016_1702627282/llm/org/apache/commons/lang3/LocaleUtils_LLMTest.java:401: error: cannot find symbol
    [javac]             LOCALE_QQ_ZZ});
    [javac]             ^
    [javac]   symbol:   variable LOCALE_QQ_ZZ
    [javac]   location: class LocaleUtils_LLMTest
    [javac] /tmp/fix_test_suite.pl_26016_1702627282/llm/org/apache/commons/lang3/LocaleUtils_LLMTest.java:402: error: cannot find symbol
    [javac]     assertLocaleLookupList(LOCALE_FR_CA, LOCALE_EN,
    [javac]                            ^
    [javac]   symbol:   variable LOCALE_FR_CA
    [javac]   location: class LocaleUtils_LLMTest
    [javac] /tmp/fix_test_suite.pl_26016_1702627282/llm/org/apache/commons/lang3/LocaleUtils_LLMTest.java:402: error: cannot find symbol
    [javac]     assertLocaleLookupList(LOCALE_FR_CA, LOCALE_EN,
    [javac]                                          ^
    [javac]   symbol:   variable LOCALE_EN
    [javac]   location: class LocaleUtils_LLMTest
    [javac] /tmp/fix_test_suite.pl_26016_1702627282/llm/org/apache/commons/lang3/LocaleUtils_LLMTest.java:404: error: cannot find symbol
    [javac]             LOCALE_FR_CA,
    [javac]             ^
    [javac]   symbol:   variable LOCALE_FR_CA
    [javac]   location: class LocaleUtils_LLMTest
    [javac] /tmp/fix_test_suite.pl_26016_1702627282/llm/org/apache/commons/lang3/LocaleUtils_LLMTest.java:405: error: cannot find symbol
    [javac]             LOCALE_EN});
    [javac]             ^
    [javac]   symbol:   variable LOCALE_EN
    [javac]   location: class LocaleUtils_LLMTest
    [javac] /tmp/fix_test_suite.pl_26016_1702627282/llm/org/apache/commons/lang3/LocaleUtils_LLMTest.java:452: error: no suitable method found for assertValidToLocale(String,String,String)
    [javac]         assertValidToLocale("us_EN", "us", "EN");
    [javac]         ^
    [javac]     method LocaleUtils_LLMTest.assertValidToLocale(String,String,String,String) is not applicable
    [javac]       (actual and formal argument lists differ in length)
    [javac]     method LocaleUtils_LLMTest.assertValidToLocale(String) is not applicable
    [javac]       (actual and formal argument lists differ in length)
    [javac] /tmp/fix_test_suite.pl_26016_1702627282/llm/org/apache/commons/lang3/LocaleUtils_LLMTest.java:453: error: no suitable method found for assertValidToLocale(String,String,String)
    [javac]         assertValidToLocale("us_ZH", "us", "ZH");
    [javac]         ^
    [javac]     method LocaleUtils_LLMTest.assertValidToLocale(String,String,String,String) is not applicable
    [javac]       (actual and formal argument lists differ in length)
    [javac]     method LocaleUtils_LLMTest.assertValidToLocale(String) is not applicable
    [javac]       (actual and formal argument lists differ in length)
    [javac] warning: /root/.sdkman/candidates/java/8.0.302-open/lib/ct.sym(META-INF/sym/rt.jar/java/lang/IllegalArgumentException.class): major version 52 is newer than 51, the highest major version supported by this compiler.
    [javac]   It is recommended that the compiler be upgraded.
    [javac] /root/.sdkman/candidates/java/8.0.302-open/lib/ct.sym(META-INF/sym/rt.jar/java/lang/IllegalArgumentException.class): warning: Cannot find annotation method 'value()' in type 'Profile+Annotation'
    [javac] warning: /root/.sdkman/candidates/java/8.0.302-open/lib/ct.sym(META-INF/sym/rt.jar/java/lang/RuntimeException.class): major version 52 is newer than 51, the highest major version supported by this compiler.
    [javac]   It is recommended that the compiler be upgraded.
    [javac] /root/.sdkman/candidates/java/8.0.302-open/lib/ct.sym(META-INF/sym/rt.jar/java/lang/RuntimeException.class): warning: Cannot find annotation method 'value()' in type 'Profile+Annotation'
    [javac] warning: /root/.sdkman/candidates/java/8.0.302-open/lib/ct.sym(META-INF/sym/rt.jar/java/lang/Exception.class): major version 52 is newer than 51, the highest major version supported by this compiler.
    [javac]   It is recommended that the compiler be upgraded.
    [javac] /root/.sdkman/candidates/java/8.0.302-open/lib/ct.sym(META-INF/sym/rt.jar/java/lang/Exception.class): warning: Cannot find annotation method 'value()' in type 'Profile+Annotation'
    [javac] warning: /root/.sdkman/candidates/java/8.0.302-open/lib/ct.sym(META-INF/sym/rt.jar/java/lang/Throwable.class): major version 52 is newer than 51, the highest major version supported by this compiler.
    [javac]   It is recommended that the compiler be upgraded.
    [javac] /root/.sdkman/candidates/java/8.0.302-open/lib/ct.sym(META-INF/sym/rt.jar/java/lang/Throwable.class): warning: Cannot find annotation method 'value()' in type 'Profile+Annotation'
    [javac] /tmp/fix_test_suite.pl_26016_1702627282/llm/org/apache/commons/lang3/LocaleUtils_LLMTest.java:493: error: cannot find symbol
    [javac]         assertUnmodifiableCollection(set);
    [javac]         ^
    [javac]   symbol:   method assertUnmodifiableCollection(Set<Locale>)
    [javac]   location: class LocaleUtils_LLMTest
    [javac] warning: /root/.sdkman/candidates/java/8.0.302-open/lib/ct.sym(META-INF/sym/rt.jar/java/util/AbstractSet.class): major version 52 is newer than 51, the highest major version supported by this compiler.
    [javac]   It is recommended that the compiler be upgraded.
    [javac] /root/.sdkman/candidates/java/8.0.302-open/lib/ct.sym(META-INF/sym/rt.jar/java/util/AbstractSet.class): warning: Cannot find annotation method 'value()' in type 'Profile+Annotation'
    [javac] warning: /root/.sdkman/candidates/java/8.0.302-open/lib/ct.sym(META-INF/sym/rt.jar/java/util/AbstractCollection.class): major version 52 is newer than 51, the highest major version supported by this compiler.
    [javac]   It is recommended that the compiler be upgraded.
    [javac] /root/.sdkman/candidates/java/8.0.302-open/lib/ct.sym(META-INF/sym/rt.jar/java/util/AbstractCollection.class): warning: Cannot find annotation method 'value()' in type 'Profile+Annotation'
    [javac] warning: /root/.sdkman/candidates/java/8.0.302-open/lib/ct.sym(META-INF/sym/rt.jar/java/lang/Iterable.class): major version 52 is newer than 51, the highest major version supported by this compiler.
    [javac]   It is recommended that the compiler be upgraded.
    [javac] /root/.sdkman/candidates/java/8.0.302-open/lib/ct.sym(META-INF/sym/rt.jar/java/lang/Iterable.class): warning: Cannot find annotation method 'value()' in type 'Profile+Annotation'
    [javac] /tmp/fix_test_suite.pl_26016_1702627282/llm/org/apache/commons/lang3/LocaleUtils_LLMTest.java:504: error: cannot find symbol
    [javac]         assertEquals(set.contains(LOCALE_EN), LocaleUtils.isAvailableLocale(LOCALE_EN));
    [javac]                                   ^
    [javac]   symbol:   variable LOCALE_EN
    [javac]   location: class LocaleUtils_LLMTest
    [javac] /tmp/fix_test_suite.pl_26016_1702627282/llm/org/apache/commons/lang3/LocaleUtils_LLMTest.java:504: error: cannot find symbol
    [javac]         assertEquals(set.contains(LOCALE_EN), LocaleUtils.isAvailableLocale(LOCALE_EN));
    [javac]                                                                             ^
    [javac]   symbol:   variable LOCALE_EN
    [javac]   location: class LocaleUtils_LLMTest
    [javac] /tmp/fix_test_suite.pl_26016_1702627282/llm/org/apache/commons/lang3/LocaleUtils_LLMTest.java:505: error: cannot find symbol
    [javac]         assertEquals(set.contains(LOCALE_EN_US), LocaleUtils.isAvailableLocale(LOCALE_EN_US));
    [javac]                                   ^
    [javac]   symbol:   variable LOCALE_EN_US
    [javac]   location: class LocaleUtils_LLMTest
    [javac] /tmp/fix_test_suite.pl_26016_1702627282/llm/org/apache/commons/lang3/LocaleUtils_LLMTest.java:505: error: cannot find symbol
    [javac]         assertEquals(set.contains(LOCALE_EN_US), LocaleUtils.isAvailableLocale(LOCALE_EN_US));
    [javac]                                                                                ^
    [javac]   symbol:   variable LOCALE_EN_US
    [javac]   location: class LocaleUtils_LLMTest
    [javac] /tmp/fix_test_suite.pl_26016_1702627282/llm/org/apache/commons/lang3/LocaleUtils_LLMTest.java:506: error: cannot find symbol
    [javac]         assertEquals(set.contains(LOCALE_EN_US_ZZZZ), LocaleUtils.isAvailableLocale(LOCALE_EN_US_ZZZZ));
    [javac]                                   ^
    [javac]   symbol:   variable LOCALE_EN_US_ZZZZ
    [javac]   location: class LocaleUtils_LLMTest
    [javac] /tmp/fix_test_suite.pl_26016_1702627282/llm/org/apache/commons/lang3/LocaleUtils_LLMTest.java:506: error: cannot find symbol
    [javac]         assertEquals(set.contains(LOCALE_EN_US_ZZZZ), LocaleUtils.isAvailableLocale(LOCALE_EN_US_ZZZZ));
    [javac]                                                                                     ^
    [javac]   symbol:   variable LOCALE_EN_US_ZZZZ
    [javac]   location: class LocaleUtils_LLMTest
    [javac] /tmp/fix_test_suite.pl_26016_1702627282/llm/org/apache/commons/lang3/LocaleUtils_LLMTest.java:507: error: cannot find symbol
    [javac]         assertEquals(set.contains(LOCALE_FR), LocaleUtils.isAvailableLocale(LOCALE_FR));
    [javac]                                   ^
    [javac]   symbol:   variable LOCALE_FR
    [javac]   location: class LocaleUtils_LLMTest
    [javac] /tmp/fix_test_suite.pl_26016_1702627282/llm/org/apache/commons/lang3/LocaleUtils_LLMTest.java:507: error: cannot find symbol
    [javac]         assertEquals(set.contains(LOCALE_FR), LocaleUtils.isAvailableLocale(LOCALE_FR));
    [javac]                                                                             ^
    [javac]   symbol:   variable LOCALE_FR
    [javac]   location: class LocaleUtils_LLMTest
    [javac] /tmp/fix_test_suite.pl_26016_1702627282/llm/org/apache/commons/lang3/LocaleUtils_LLMTest.java:508: error: cannot find symbol
    [javac]         assertEquals(set.contains(LOCALE_FR_CA), LocaleUtils.isAvailableLocale(LOCALE_FR_CA));
    [javac]                                   ^
    [javac]   symbol:   variable LOCALE_FR_CA
    [javac]   location: class LocaleUtils_LLMTest
    [javac] /tmp/fix_test_suite.pl_26016_1702627282/llm/org/apache/commons/lang3/LocaleUtils_LLMTest.java:508: error: cannot find symbol
    [javac]         assertEquals(set.contains(LOCALE_FR_CA), LocaleUtils.isAvailableLocale(LOCALE_FR_CA));
    [javac]                                                                                ^
    [javac]   symbol:   variable LOCALE_FR_CA
    [javac]   location: class LocaleUtils_LLMTest
    [javac] /tmp/fix_test_suite.pl_26016_1702627282/llm/org/apache/commons/lang3/LocaleUtils_LLMTest.java:509: error: cannot find symbol
    [javac]         assertEquals(set.contains(LOCALE_QQ), LocaleUtils.isAvailableLocale(LOCALE_QQ));
    [javac]                                   ^
    [javac]   symbol:   variable LOCALE_QQ
    [javac]   location: class LocaleUtils_LLMTest
    [javac] /tmp/fix_test_suite.pl_26016_1702627282/llm/org/apache/commons/lang3/LocaleUtils_LLMTest.java:509: error: cannot find symbol
    [javac]         assertEquals(set.contains(LOCALE_QQ), LocaleUtils.isAvailableLocale(LOCALE_QQ));
    [javac]                                                                             ^
    [javac]   symbol:   variable LOCALE_QQ
    [javac]   location: class LocaleUtils_LLMTest
    [javac] /tmp/fix_test_suite.pl_26016_1702627282/llm/org/apache/commons/lang3/LocaleUtils_LLMTest.java:510: error: cannot find symbol
    [javac]         assertEquals(set.contains(LOCALE_QQ_ZZ), LocaleUtils.isAvailableLocale(LOCALE_QQ_ZZ));
    [javac]                                   ^
    [javac]   symbol:   variable LOCALE_QQ_ZZ
    [javac]   location: class LocaleUtils_LLMTest
    [javac] /tmp/fix_test_suite.pl_26016_1702627282/llm/org/apache/commons/lang3/LocaleUtils_LLMTest.java:510: error: cannot find symbol
    [javac]         assertEquals(set.contains(LOCALE_QQ_ZZ), LocaleUtils.isAvailableLocale(LOCALE_QQ_ZZ));
    [javac]                                                                                ^
    [javac]   symbol:   variable LOCALE_QQ_ZZ
    [javac]   location: class LocaleUtils_LLMTest
    [javac] warning: /root/.sdkman/candidates/java/8.0.302-open/lib/ct.sym(META-INF/sym/rt.jar/sun/util/locale/BaseLocale.class): major version 52 is newer than 51, the highest major version supported by this compiler.
    [javac]   It is recommended that the compiler be upgraded.
    [javac] /root/.sdkman/candidates/java/8.0.302-open/lib/ct.sym(META-INF/sym/rt.jar/sun/util/locale/BaseLocale.class): warning: Cannot find annotation method 'value()' in type 'Profile+Annotation'
    [javac] warning: /root/.sdkman/candidates/java/8.0.302-open/lib/ct.sym(META-INF/sym/rt.jar/java/lang/Boolean.class): major version 52 is newer than 51, the highest major version supported by this compiler.
    [javac]   It is recommended that the compiler be upgraded.
    [javac] /root/.sdkman/candidates/java/8.0.302-open/lib/ct.sym(META-INF/sym/rt.jar/java/lang/Boolean.class): warning: Cannot find annotation method 'value()' in type 'Profile+Annotation'
    [javac] /tmp/fix_test_suite.pl_26016_1702627282/llm/org/apache/commons/lang3/LocaleUtils_LLMTest.java:608: error: cannot find symbol
    [javac]         assertUnmodifiableCollection(set);
    [javac]         ^
    [javac]   symbol:   method assertUnmodifiableCollection(Set<Locale>)
    [javac]   location: class LocaleUtils_LLMTest
    [javac] /tmp/fix_test_suite.pl_26016_1702627282/llm/org/apache/commons/lang3/LocaleUtils_LLMTest.java:617: error: cannot find symbol
    [javac]         assertLocaleLookupList(null, null, new Locale[0]);
    [javac]         ^
    [javac]   symbol:   method assertLocaleLookupList(<null>,<null>,Locale[])
    [javac]   location: class LocaleUtils_LLMTest
    [javac] /tmp/fix_test_suite.pl_26016_1702627282/llm/org/apache/commons/lang3/LocaleUtils_LLMTest.java:618: error: cannot find symbol
    [javac]         assertLocaleLookupList(LOCALE_QQ, null, new Locale[]{LOCALE_QQ});
    [javac]                                ^
    [javac]   symbol:   variable LOCALE_QQ
    [javac]   location: class LocaleUtils_LLMTest
    [javac] /tmp/fix_test_suite.pl_26016_1702627282/llm/org/apache/commons/lang3/LocaleUtils_LLMTest.java:618: error: cannot find symbol
    [javac]         assertLocaleLookupList(LOCALE_QQ, null, new Locale[]{LOCALE_QQ});
    [javac]                                                              ^
    [javac]   symbol:   variable LOCALE_QQ
    [javac]   location: class LocaleUtils_LLMTest
    [javac] /tmp/fix_test_suite.pl_26016_1702627282/llm/org/apache/commons/lang3/LocaleUtils_LLMTest.java:619: error: cannot find symbol
    [javac]         assertLocaleLookupList(LOCALE_EN, null, new Locale[]{LOCALE_EN});
    [javac]                                ^
    [javac]   symbol:   variable LOCALE_EN
    [javac]   location: class LocaleUtils_LLMTest
    [javac] /tmp/fix_test_suite.pl_26016_1702627282/llm/org/apache/commons/lang3/LocaleUtils_LLMTest.java:619: error: cannot find symbol
    [javac]         assertLocaleLookupList(LOCALE_EN, null, new Locale[]{LOCALE_EN});
    [javac]                                                              ^
    [javac]   symbol:   variable LOCALE_EN
    [javac]   location: class LocaleUtils_LLMTest
    [javac] /tmp/fix_test_suite.pl_26016_1702627282/llm/org/apache/commons/lang3/LocaleUtils_LLMTest.java:620: error: cannot find symbol
    [javac]         assertLocaleLookupList(LOCALE_EN, null, new Locale[]{LOCALE_EN});
    [javac]                                ^
    [javac]   symbol:   variable LOCALE_EN
    [javac]   location: class LocaleUtils_LLMTest
    [javac] /tmp/fix_test_suite.pl_26016_1702627282/llm/org/apache/commons/lang3/LocaleUtils_LLMTest.java:620: error: cannot find symbol
    [javac]         assertLocaleLookupList(LOCALE_EN, null, new Locale[]{LOCALE_EN});
    [javac]                                                              ^
    [javac]   symbol:   variable LOCALE_EN
    [javac]   location: class LocaleUtils_LLMTest
    [javac] /tmp/fix_test_suite.pl_26016_1702627282/llm/org/apache/commons/lang3/LocaleUtils_LLMTest.java:621: error: cannot find symbol
    [javac]         assertLocaleLookupList(LOCALE_EN_US, null,
    [javac]                                ^
    [javac]   symbol:   variable LOCALE_EN_US
    [javac]   location: class LocaleUtils_LLMTest
    [javac] /tmp/fix_test_suite.pl_26016_1702627282/llm/org/apache/commons/lang3/LocaleUtils_LLMTest.java:623: error: cannot find symbol
    [javac]                 LOCALE_EN_US,
    [javac]                 ^
    [javac]   symbol:   variable LOCALE_EN_US
    [javac]   location: class LocaleUtils_LLMTest
    [javac] /tmp/fix_test_suite.pl_26016_1702627282/llm/org/apache/commons/lang3/LocaleUtils_LLMTest.java:624: error: cannot find symbol
    [javac]                 LOCALE_EN});
    [javac]                 ^
    [javac]   symbol:   variable LOCALE_EN
    [javac]   location: class LocaleUtils_LLMTest
    [javac] /tmp/fix_test_suite.pl_26016_1702627282/llm/org/apache/commons/lang3/LocaleUtils_LLMTest.java:625: error: cannot find symbol
    [javac]         assertLocaleLookupList(LOCALE_EN_US_ZZZZ, null,
    [javac]                                ^
    [javac]   symbol:   variable LOCALE_EN_US_ZZZZ
    [javac]   location: class LocaleUtils_LLMTest
    [javac] /tmp/fix_test_suite.pl_26016_1702627282/llm/org/apache/commons/lang3/LocaleUtils_LLMTest.java:627: error: cannot find symbol
    [javac]                 LOCALE_EN_US_ZZZZ,
    [javac]                 ^
    [javac]   symbol:   variable LOCALE_EN_US_ZZZZ
    [javac]   location: class LocaleUtils_LLMTest
    [javac] /tmp/fix_test_suite.pl_26016_1702627282/llm/org/apache/commons/lang3/LocaleUtils_LLMTest.java:628: error: cannot find symbol
    [javac]                 LOCALE_EN_US,
    [javac]                 ^
    [javac]   symbol:   variable LOCALE_EN_US
    [javac]   location: class LocaleUtils_LLMTest
    [javac] /tmp/fix_test_suite.pl_26016_1702627282/llm/org/apache/commons/lang3/LocaleUtils_LLMTest.java:629: error: cannot find symbol
    [javac]                 LOCALE_EN});
    [javac]                 ^
    [javac]   symbol:   variable LOCALE_EN
    [javac]   location: class LocaleUtils_LLMTest
    [javac] warning: /root/.sdkman/candidates/java/8.0.302-open/lib/ct.sym(META-INF/sym/rt.jar/java/lang/Class.class): major version 52 is newer than 51, the highest major version supported by this compiler.
    [javac]   It is recommended that the compiler be upgraded.
    [javac] /root/.sdkman/candidates/java/8.0.302-open/lib/ct.sym(META-INF/sym/rt.jar/java/lang/Class.class): warning: Cannot find annotation method 'value()' in type 'Profile+Annotation'
    [javac] warning: /root/.sdkman/candidates/java/8.0.302-open/lib/ct.sym(META-INF/sym/rt.jar/java/lang/SecurityException.class): major version 52 is newer than 51, the highest major version supported by this compiler.
    [javac]   It is recommended that the compiler be upgraded.
    [javac] /root/.sdkman/candidates/java/8.0.302-open/lib/ct.sym(META-INF/sym/rt.jar/java/lang/SecurityException.class): warning: Cannot find annotation method 'value()' in type 'Profile+Annotation'
    [javac] warning: /root/.sdkman/candidates/java/8.0.302-open/lib/ct.sym(META-INF/sym/rt.jar/java/lang/reflect/Executable.class): major version 52 is newer than 51, the highest major version supported by this compiler.
    [javac]   It is recommended that the compiler be upgraded.
    [javac] /root/.sdkman/candidates/java/8.0.302-open/lib/ct.sym(META-INF/sym/rt.jar/java/lang/reflect/Executable.class): warning: Cannot find annotation method 'value()' in type 'Profile+Annotation'
    [javac] warning: /root/.sdkman/candidates/java/8.0.302-open/lib/ct.sym(META-INF/sym/rt.jar/java/lang/reflect/AccessibleObject.class): major version 52 is newer than 51, the highest major version supported by this compiler.
    [javac]   It is recommended that the compiler be upgraded.
    [javac] /root/.sdkman/candidates/java/8.0.302-open/lib/ct.sym(META-INF/sym/rt.jar/java/lang/reflect/AccessibleObject.class): warning: Cannot find annotation method 'value()' in type 'Profile+Annotation'
    [javac] /tmp/fix_test_suite.pl_26016_1702627282/llm/org/apache/commons/lang3/LocaleUtils_LLMTest.java:642: error: no suitable method found for assertValidToLocale(String,String,String)
    [javac]         assertValidToLocale("us_EN", "us", "EN");
    [javac]         ^
    [javac]     method LocaleUtils_LLMTest.assertValidToLocale(String,String,String,String) is not applicable
    [javac]       (actual and formal argument lists differ in length)
    [javac]     method LocaleUtils_LLMTest.assertValidToLocale(String) is not applicable
    [javac]       (actual and formal argument lists differ in length)
    [javac] /tmp/fix_test_suite.pl_26016_1702627282/llm/org/apache/commons/lang3/LocaleUtils_LLMTest.java:644: error: no suitable method found for assertValidToLocale(String,String,String)
    [javac]         assertValidToLocale("us_ZH", "us", "ZH");
    [javac]         ^
    [javac]     method LocaleUtils_LLMTest.assertValidToLocale(String,String,String,String) is not applicable
    [javac]       (actual and formal argument lists differ in length)
    [javac]     method LocaleUtils_LLMTest.assertValidToLocale(String) is not applicable
    [javac]       (actual and formal argument lists differ in length)
    [javac] /tmp/fix_test_suite.pl_26016_1702627282/llm/org/apache/commons/lang3/LocaleUtils_LLMTest.java:673: error: cannot find symbol
    [javac]         assertCountriesByLanguage(null, new String[0]);
    [javac]         ^
    [javac]   symbol:   method assertCountriesByLanguage(<null>,String[])
    [javac]   location: class LocaleUtils_LLMTest
    [javac] /tmp/fix_test_suite.pl_26016_1702627282/llm/org/apache/commons/lang3/LocaleUtils_LLMTest.java:674: error: cannot find symbol
    [javac]         assertCountriesByLanguage("de", new String[]{"DE", "CH", "AT", "LU"});
    [javac]         ^
    [javac]   symbol:   method assertCountriesByLanguage(String,String[])
    [javac]   location: class LocaleUtils_LLMTest
    [javac] /tmp/fix_test_suite.pl_26016_1702627282/llm/org/apache/commons/lang3/LocaleUtils_LLMTest.java:675: error: cannot find symbol
    [javac]         assertCountriesByLanguage("zz", new String[0]);
    [javac]         ^
    [javac]   symbol:   method assertCountriesByLanguage(String,String[])
    [javac]   location: class LocaleUtils_LLMTest
    [javac] /tmp/fix_test_suite.pl_26016_1702627282/llm/org/apache/commons/lang3/LocaleUtils_LLMTest.java:676: error: cannot find symbol
    [javac]         assertCountriesByLanguage("it", new String[]{"IT", "CH"});
    [javac]         ^
    [javac]   symbol:   method assertCountriesByLanguage(String,String[])
    [javac]   location: class LocaleUtils_LLMTest
    [javac] /tmp/fix_test_suite.pl_26016_1702627282/llm/org/apache/commons/lang3/LocaleUtils_LLMTest.java:680: error: cannot find symbol
    [javac]         assertLanguageByCountry(null, new String[0]);
    [javac]         ^
    [javac]   symbol:   method assertLanguageByCountry(<null>,String[])
    [javac]   location: class LocaleUtils_LLMTest
    [javac] /tmp/fix_test_suite.pl_26016_1702627282/llm/org/apache/commons/lang3/LocaleUtils_LLMTest.java:681: error: cannot find symbol
    [javac]         assertLanguageByCountry("GB", new String[]{"en"});
    [javac]         ^
    [javac]   symbol:   method assertLanguageByCountry(String,String[])
    [javac]   location: class LocaleUtils_LLMTest
    [javac] /tmp/fix_test_suite.pl_26016_1702627282/llm/org/apache/commons/lang3/LocaleUtils_LLMTest.java:682: error: cannot find symbol
    [javac]         assertLanguageByCountry("ZZ", new String[0]);
    [javac]         ^
    [javac]   symbol:   method assertLanguageByCountry(String,String[])
    [javac]   location: class LocaleUtils_LLMTest
    [javac] /tmp/fix_test_suite.pl_26016_1702627282/llm/org/apache/commons/lang3/LocaleUtils_LLMTest.java:683: error: cannot find symbol
    [javac]         assertLanguageByCountry("CH", new String[]{"fr", "de", "it"});
    [javac]         ^
    [javac]   symbol:   method assertLanguageByCountry(String,String[])
    [javac]   location: class LocaleUtils_LLMTest
    [javac] /tmp/fix_test_suite.pl_26016_1702627282/llm/org/apache/commons/lang3/LocaleUtils_LLMTest.java:709: error: cannot find symbol
    [javac]         assertLocaleLookupList(LOCALE_QQ, LOCALE_QQ, 
    [javac]                                ^
    [javac]   symbol:   variable LOCALE_QQ
    [javac]   location: class LocaleUtils_LLMTest
    [javac] /tmp/fix_test_suite.pl_26016_1702627282/llm/org/apache/commons/lang3/LocaleUtils_LLMTest.java:709: error: cannot find symbol
    [javac]         assertLocaleLookupList(LOCALE_QQ, LOCALE_QQ, 
    [javac]                                           ^
    [javac]   symbol:   variable LOCALE_QQ
    [javac]   location: class LocaleUtils_LLMTest
    [javac] /tmp/fix_test_suite.pl_26016_1702627282/llm/org/apache/commons/lang3/LocaleUtils_LLMTest.java:710: error: cannot find symbol
    [javac]                 new Locale[]{LOCALE_QQ});
    [javac]                              ^
    [javac]   symbol:   variable LOCALE_QQ
    [javac]   location: class LocaleUtils_LLMTest
    [javac] /tmp/fix_test_suite.pl_26016_1702627282/llm/org/apache/commons/lang3/LocaleUtils_LLMTest.java:711: error: cannot find symbol
    [javac]         assertLocaleLookupList(LOCALE_EN, LOCALE_EN, 
    [javac]                                ^
    [javac]   symbol:   variable LOCALE_EN
    [javac]   location: class LocaleUtils_LLMTest
    [javac] /tmp/fix_test_suite.pl_26016_1702627282/llm/org/apache/commons/lang3/LocaleUtils_LLMTest.java:711: error: cannot find symbol
    [javac]         assertLocaleLookupList(LOCALE_EN, LOCALE_EN, 
    [javac]                                           ^
    [javac]   symbol:   variable LOCALE_EN
    [javac]   location: class LocaleUtils_LLMTest
    [javac] /tmp/fix_test_suite.pl_26016_1702627282/llm/org/apache/commons/lang3/LocaleUtils_LLMTest.java:712: error: cannot find symbol
    [javac]                 new Locale[]{LOCALE_EN});
    [javac]                              ^
    [javac]   symbol:   variable LOCALE_EN
    [javac]   location: class LocaleUtils_LLMTest
    [javac] /tmp/fix_test_suite.pl_26016_1702627282/llm/org/apache/commons/lang3/LocaleUtils_LLMTest.java:714: error: cannot find symbol
    [javac]         assertLocaleLookupList(LOCALE_EN_US, LOCALE_EN_US, 
    [javac]                                ^
    [javac]   symbol:   variable LOCALE_EN_US
    [javac]   location: class LocaleUtils_LLMTest
    [javac] /tmp/fix_test_suite.pl_26016_1702627282/llm/org/apache/commons/lang3/LocaleUtils_LLMTest.java:714: error: cannot find symbol
    [javac]         assertLocaleLookupList(LOCALE_EN_US, LOCALE_EN_US, 
    [javac]                                              ^
    [javac]   symbol:   variable LOCALE_EN_US
    [javac]   location: class LocaleUtils_LLMTest
    [javac] /tmp/fix_test_suite.pl_26016_1702627282/llm/org/apache/commons/lang3/LocaleUtils_LLMTest.java:716: error: cannot find symbol
    [javac]                 LOCALE_EN_US,
    [javac]                 ^
    [javac]   symbol:   variable LOCALE_EN_US
    [javac]   location: class LocaleUtils_LLMTest
    [javac] /tmp/fix_test_suite.pl_26016_1702627282/llm/org/apache/commons/lang3/LocaleUtils_LLMTest.java:717: error: cannot find symbol
    [javac]                 LOCALE_EN});
    [javac]                 ^
    [javac]   symbol:   variable LOCALE_EN
    [javac]   location: class LocaleUtils_LLMTest
    [javac] /tmp/fix_test_suite.pl_26016_1702627282/llm/org/apache/commons/lang3/LocaleUtils_LLMTest.java:718: error: cannot find symbol
    [javac]         assertLocaleLookupList(LOCALE_EN_US, LOCALE_QQ,
    [javac]                                ^
    [javac]   symbol:   variable LOCALE_EN_US
    [javac]   location: class LocaleUtils_LLMTest
    [javac] /tmp/fix_test_suite.pl_26016_1702627282/llm/org/apache/commons/lang3/LocaleUtils_LLMTest.java:718: error: cannot find symbol
    [javac]         assertLocaleLookupList(LOCALE_EN_US, LOCALE_QQ,
    [javac]                                              ^
    [javac]   symbol:   variable LOCALE_QQ
    [javac]   location: class LocaleUtils_LLMTest
    [javac] /tmp/fix_test_suite.pl_26016_1702627282/llm/org/apache/commons/lang3/LocaleUtils_LLMTest.java:720: error: cannot find symbol
    [javac]                 LOCALE_EN_US,
    [javac]                 ^
    [javac]   symbol:   variable LOCALE_EN_US
    [javac]   location: class LocaleUtils_LLMTest
    [javac] /tmp/fix_test_suite.pl_26016_1702627282/llm/org/apache/commons/lang3/LocaleUtils_LLMTest.java:721: error: cannot find symbol
    [javac]                 LOCALE_EN,
    [javac]                 ^
    [javac]   symbol:   variable LOCALE_EN
    [javac]   location: class LocaleUtils_LLMTest
    [javac] /tmp/fix_test_suite.pl_26016_1702627282/llm/org/apache/commons/lang3/LocaleUtils_LLMTest.java:722: error: cannot find symbol
    [javac]                 LOCALE_QQ});
    [javac]                 ^
    [javac]   symbol:   variable LOCALE_QQ
    [javac]   location: class LocaleUtils_LLMTest
    [javac] /tmp/fix_test_suite.pl_26016_1702627282/llm/org/apache/commons/lang3/LocaleUtils_LLMTest.java:723: error: cannot find symbol
    [javac]         assertLocaleLookupList(LOCALE_EN_US, LOCALE_QQ_ZZ,
    [javac]                                ^
    [javac]   symbol:   variable LOCALE_EN_US
    [javac]   location: class LocaleUtils_LLMTest
    [javac] /tmp/fix_test_suite.pl_26016_1702627282/llm/org/apache/commons/lang3/LocaleUtils_LLMTest.java:723: error: cannot find symbol
    [javac]         assertLocaleLookupList(LOCALE_EN_US, LOCALE_QQ_ZZ,
    [javac]                                              ^
    [javac]   symbol:   variable LOCALE_QQ_ZZ
    [javac]   location: class LocaleUtils_LLMTest
    [javac] /tmp/fix_test_suite.pl_26016_1702627282/llm/org/apache/commons/lang3/LocaleUtils_LLMTest.java:725: error: cannot find symbol
    [javac]                 LOCALE_EN_US,
    [javac]                 ^
    [javac]   symbol:   variable LOCALE_EN_US
    [javac]   location: class LocaleUtils_LLMTest
    [javac] /tmp/fix_test_suite.pl_26016_1702627282/llm/org/apache/commons/lang3/LocaleUtils_LLMTest.java:726: error: cannot find symbol
    [javac]                 LOCALE_EN,
    [javac]                 ^
    [javac]   symbol:   variable LOCALE_EN
    [javac]   location: class LocaleUtils_LLMTest
    [javac] /tmp/fix_test_suite.pl_26016_1702627282/llm/org/apache/commons/lang3/LocaleUtils_LLMTest.java:727: error: cannot find symbol
    [javac]                 LOCALE_QQ_ZZ});
    [javac]                 ^
    [javac]   symbol:   variable LOCALE_QQ_ZZ
    [javac]   location: class LocaleUtils_LLMTest
    [javac] /tmp/fix_test_suite.pl_26016_1702627282/llm/org/apache/commons/lang3/LocaleUtils_LLMTest.java:729: error: cannot find symbol
    [javac]         assertLocaleLookupList(LOCALE_EN_US_ZZZZ, null,
    [javac]                                ^
    [javac]   symbol:   variable LOCALE_EN_US_ZZZZ
    [javac]   location: class LocaleUtils_LLMTest
    [javac] /tmp/fix_test_suite.pl_26016_1702627282/llm/org/apache/commons/lang3/LocaleUtils_LLMTest.java:731: error: cannot find symbol
    [javac]                 LOCALE_EN_US_ZZZZ,
    [javac]                 ^
    [javac]   symbol:   variable LOCALE_EN_US_ZZZZ
    [javac]   location: class LocaleUtils_LLMTest
    [javac] 100 errors
    [javac] 66 warnings

BUILD FAILED
/defects4j/framework/projects/defects4j.build.xml:265: Compile failed; see the compiler error output for details.

Total time: 0 seconds
- Compilation issues: Lang-5b-llm.17.tar.bz2
Picked up JAVA_TOOL_OPTIONS: -Dfile.encoding=UTF8
OpenJDK 64-Bit Server VM warning: ignoring option MaxPermSize=1G; support was removed in 8.0
Buildfile: /defects4j/framework/projects/defects4j.build.xml

init:
     [echo] -------- commons-lang3 3.2-SNAPSHOT --------

compile:

compile.gen.tests:
     [echo] classes.dir: target/classes
     [echo] build.home: target
   [delete] Deleting directory /tmp/fix_test_suite.pl_26016_1702627282/.classes_testgen
    [mkdir] Created dir: /tmp/fix_test_suite.pl_26016_1702627282/.classes_testgen
    [javac] /defects4j/framework/projects/defects4j.build.xml:265: warning: 'includeantruntime' was not set, defaulting to build.sysclasspath=last; set to false for repeatable builds
    [javac] Compiling 1 source file to /tmp/fix_test_suite.pl_26016_1702627282/.classes_testgen
    [javac] warning: /root/.sdkman/candidates/java/8.0.302-open/lib/ct.sym(META-INF/sym/rt.jar/java/lang/Enum.class): major version 52 is newer than 51, the highest major version supported by this compiler.
    [javac]   It is recommended that the compiler be upgraded.
    [javac] warning: /root/.sdkman/candidates/java/8.0.302-open/lib/ct.sym(META-INF/sym/rt.jar/java/lang/Object.class): major version 52 is newer than 51, the highest major version supported by this compiler.
    [javac]   It is recommended that the compiler be upgraded.
    [javac] warning: /root/.sdkman/candidates/java/8.0.302-open/lib/ct.sym(META-INF/sym/rt.jar/java/lang/Comparable.class): major version 52 is newer than 51, the highest major version supported by this compiler.
    [javac]   It is recommended that the compiler be upgraded.
    [javac] warning: /root/.sdkman/candidates/java/8.0.302-open/lib/ct.sym(META-INF/sym/rt.jar/java/io/Serializable.class): major version 52 is newer than 51, the highest major version supported by this compiler.
    [javac]   It is recommended that the compiler be upgraded.
    [javac] warning: /root/.sdkman/candidates/java/8.0.302-open/lib/ct.sym(META-INF/sym/rt.jar/java/lang/reflect/Constructor.class): major version 52 is newer than 51, the highest major version supported by this compiler.
    [javac]   It is recommended that the compiler be upgraded.
    [javac] warning: /root/.sdkman/candidates/java/8.0.302-open/lib/ct.sym(META-INF/sym/rt.jar/java/lang/reflect/Modifier.class): major version 52 is newer than 51, the highest major version supported by this compiler.
    [javac]   It is recommended that the compiler be upgraded.
    [javac] warning: /root/.sdkman/candidates/java/8.0.302-open/lib/ct.sym(META-INF/sym/rt.jar/java/util/Arrays.class): major version 52 is newer than 51, the highest major version supported by this compiler.
    [javac]   It is recommended that the compiler be upgraded.
    [javac] warning: /root/.sdkman/candidates/java/8.0.302-open/lib/ct.sym(META-INF/sym/rt.jar/java/util/Collection.class): major version 52 is newer than 51, the highest major version supported by this compiler.
    [javac]   It is recommended that the compiler be upgraded.
    [javac] warning: /root/.sdkman/candidates/java/8.0.302-open/lib/ct.sym(META-INF/sym/rt.jar/java/util/HashSet.class): major version 52 is newer than 51, the highest major version supported by this compiler.
    [javac]   It is recommended that the compiler be upgraded.
    [javac] warning: /root/.sdkman/candidates/java/8.0.302-open/lib/ct.sym(META-INF/sym/rt.jar/java/util/Iterator.class): major version 52 is newer than 51, the highest major version supported by this compiler.
    [javac]   It is recommended that the compiler be upgraded.
    [javac] warning: /root/.sdkman/candidates/java/8.0.302-open/lib/ct.sym(META-INF/sym/rt.jar/java/util/List.class): major version 52 is newer than 51, the highest major version supported by this compiler.
    [javac]   It is recommended that the compiler be upgraded.
    [javac] warning: /root/.sdkman/candidates/java/8.0.302-open/lib/ct.sym(META-INF/sym/rt.jar/java/util/Locale.class): major version 52 is newer than 51, the highest major version supported by this compiler.
    [javac]   It is recommended that the compiler be upgraded.
    [javac] warning: /root/.sdkman/candidates/java/8.0.302-open/lib/ct.sym(META-INF/sym/rt.jar/java/util/Set.class): major version 52 is newer than 51, the highest major version supported by this compiler.
    [javac]   It is recommended that the compiler be upgraded.
    [javac] warning: /root/.sdkman/candidates/java/8.0.302-open/lib/ct.sym(META-INF/sym/rt.jar/java/lang/String.class): major version 52 is newer than 51, the highest major version supported by this compiler.
    [javac]   It is recommended that the compiler be upgraded.
    [javac] /root/.sdkman/candidates/java/8.0.302-open/lib/ct.sym(META-INF/sym/rt.jar/java/lang/Enum.class): warning: Cannot find annotation method 'value()' in type 'Profile+Annotation': class file for jdk.Profile+Annotation not found
    [javac] /root/.sdkman/candidates/java/8.0.302-open/lib/ct.sym(META-INF/sym/rt.jar/java/lang/Object.class): warning: Cannot find annotation method 'value()' in type 'Profile+Annotation'
    [javac] /root/.sdkman/candidates/java/8.0.302-open/lib/ct.sym(META-INF/sym/rt.jar/java/lang/Comparable.class): warning: Cannot find annotation method 'value()' in type 'Profile+Annotation'
    [javac] /root/.sdkman/candidates/java/8.0.302-open/lib/ct.sym(META-INF/sym/rt.jar/java/io/Serializable.class): warning: Cannot find annotation method 'value()' in type 'Profile+Annotation'
    [javac] /root/.sdkman/candidates/java/8.0.302-open/lib/ct.sym(META-INF/sym/rt.jar/java/lang/reflect/Constructor.class): warning: Cannot find annotation method 'value()' in type 'Profile+Annotation'
    [javac] /root/.sdkman/candidates/java/8.0.302-open/lib/ct.sym(META-INF/sym/rt.jar/java/lang/reflect/Modifier.class): warning: Cannot find annotation method 'value()' in type 'Profile+Annotation'
    [javac] /root/.sdkman/candidates/java/8.0.302-open/lib/ct.sym(META-INF/sym/rt.jar/java/util/Arrays.class): warning: Cannot find annotation method 'value()' in type 'Profile+Annotation'
    [javac] /root/.sdkman/candidates/java/8.0.302-open/lib/ct.sym(META-INF/sym/rt.jar/java/util/Collection.class): warning: Cannot find annotation method 'value()' in type 'Profile+Annotation'
    [javac] /root/.sdkman/candidates/java/8.0.302-open/lib/ct.sym(META-INF/sym/rt.jar/java/util/HashSet.class): warning: Cannot find annotation method 'value()' in type 'Profile+Annotation'
    [javac] /root/.sdkman/candidates/java/8.0.302-open/lib/ct.sym(META-INF/sym/rt.jar/java/util/Iterator.class): warning: Cannot find annotation method 'value()' in type 'Profile+Annotation'
    [javac] /root/.sdkman/candidates/java/8.0.302-open/lib/ct.sym(META-INF/sym/rt.jar/java/util/List.class): warning: Cannot find annotation method 'value()' in type 'Profile+Annotation'
    [javac] /root/.sdkman/candidates/java/8.0.302-open/lib/ct.sym(META-INF/sym/rt.jar/java/util/Locale.class): warning: Cannot find annotation method 'value()' in type 'Profile+Annotation'
    [javac] /root/.sdkman/candidates/java/8.0.302-open/lib/ct.sym(META-INF/sym/rt.jar/java/util/Set.class): warning: Cannot find annotation method 'value()' in type 'Profile+Annotation'
    [javac] warning: /root/.sdkman/candidates/java/8.0.302-open/lib/ct.sym(META-INF/sym/rt.jar/java/lang/annotation/Retention.class): major version 52 is newer than 51, the highest major version supported by this compiler.
    [javac]   It is recommended that the compiler be upgraded.
    [javac] warning: /root/.sdkman/candidates/java/8.0.302-open/lib/ct.sym(META-INF/sym/rt.jar/java/lang/annotation/RetentionPolicy.class): major version 52 is newer than 51, the highest major version supported by this compiler.
    [javac]   It is recommended that the compiler be upgraded.
    [javac] warning: /root/.sdkman/candidates/java/8.0.302-open/lib/ct.sym(META-INF/sym/rt.jar/java/lang/annotation/Target.class): major version 52 is newer than 51, the highest major version supported by this compiler.
    [javac]   It is recommended that the compiler be upgraded.
    [javac] warning: /root/.sdkman/candidates/java/8.0.302-open/lib/ct.sym(META-INF/sym/rt.jar/java/lang/annotation/ElementType.class): major version 52 is newer than 51, the highest major version supported by this compiler.
    [javac]   It is recommended that the compiler be upgraded.
    [javac] warning: /root/.sdkman/candidates/java/8.0.302-open/lib/ct.sym(META-INF/sym/rt.jar/java/lang/annotation/Annotation.class): major version 52 is newer than 51, the highest major version supported by this compiler.
    [javac]   It is recommended that the compiler be upgraded.
    [javac] /root/.sdkman/candidates/java/8.0.302-open/lib/ct.sym(META-INF/sym/rt.jar/java/lang/String.class): warning: Cannot find annotation method 'value()' in type 'Profile+Annotation'
    [javac] /root/.sdkman/candidates/java/8.0.302-open/lib/ct.sym(META-INF/sym/rt.jar/java/lang/annotation/Retention.class): warning: Cannot find annotation method 'value()' in type 'Profile+Annotation'
    [javac] /root/.sdkman/candidates/java/8.0.302-open/lib/ct.sym(META-INF/sym/rt.jar/java/lang/annotation/RetentionPolicy.class): warning: Cannot find annotation method 'value()' in type 'Profile+Annotation'
    [javac] /root/.sdkman/candidates/java/8.0.302-open/lib/ct.sym(META-INF/sym/rt.jar/java/lang/annotation/Target.class): warning: Cannot find annotation method 'value()' in type 'Profile+Annotation'
    [javac] /root/.sdkman/candidates/java/8.0.302-open/lib/ct.sym(META-INF/sym/rt.jar/java/lang/annotation/ElementType.class): warning: Cannot find annotation method 'value()' in type 'Profile+Annotation'
    [javac] /root/.sdkman/candidates/java/8.0.302-open/lib/ct.sym(META-INF/sym/rt.jar/java/lang/annotation/Annotation.class): warning: Cannot find annotation method 'value()' in type 'Profile+Annotation'
    [javac] warning: /root/.sdkman/candidates/java/8.0.302-open/lib/ct.sym(META-INF/sym/rt.jar/java/lang/AutoCloseable.class): major version 52 is newer than 51, the highest major version supported by this compiler.
    [javac]   It is recommended that the compiler be upgraded.
    [javac] /root/.sdkman/candidates/java/8.0.302-open/lib/ct.sym(META-INF/sym/rt.jar/java/lang/AutoCloseable.class): warning: Cannot find annotation method 'value()' in type 'Profile+Annotation'
    [javac] warning: /root/.sdkman/candidates/java/8.0.302-open/lib/ct.sym(META-INF/sym/rt.jar/java/lang/IllegalArgumentException.class): major version 52 is newer than 51, the highest major version supported by this compiler.
    [javac]   It is recommended that the compiler be upgraded.
    [javac] /root/.sdkman/candidates/java/8.0.302-open/lib/ct.sym(META-INF/sym/rt.jar/java/lang/IllegalArgumentException.class): warning: Cannot find annotation method 'value()' in type 'Profile+Annotation'
    [javac] warning: /root/.sdkman/candidates/java/8.0.302-open/lib/ct.sym(META-INF/sym/rt.jar/java/lang/RuntimeException.class): major version 52 is newer than 51, the highest major version supported by this compiler.
    [javac]   It is recommended that the compiler be upgraded.
    [javac] /root/.sdkman/candidates/java/8.0.302-open/lib/ct.sym(META-INF/sym/rt.jar/java/lang/RuntimeException.class): warning: Cannot find annotation method 'value()' in type 'Profile+Annotation'
    [javac] warning: /root/.sdkman/candidates/java/8.0.302-open/lib/ct.sym(META-INF/sym/rt.jar/java/lang/Exception.class): major version 52 is newer than 51, the highest major version supported by this compiler.
    [javac]   It is recommended that the compiler be upgraded.
    [javac] /root/.sdkman/candidates/java/8.0.302-open/lib/ct.sym(META-INF/sym/rt.jar/java/lang/Exception.class): warning: Cannot find annotation method 'value()' in type 'Profile+Annotation'
    [javac] warning: /root/.sdkman/candidates/java/8.0.302-open/lib/ct.sym(META-INF/sym/rt.jar/java/lang/Throwable.class): major version 52 is newer than 51, the highest major version supported by this compiler.
    [javac]   It is recommended that the compiler be upgraded.
    [javac] /root/.sdkman/candidates/java/8.0.302-open/lib/ct.sym(META-INF/sym/rt.jar/java/lang/Throwable.class): warning: Cannot find annotation method 'value()' in type 'Profile+Annotation'
    [javac] warning: /root/.sdkman/candidates/java/8.0.302-open/lib/ct.sym(META-INF/sym/rt.jar/java/lang/Class.class): major version 52 is newer than 51, the highest major version supported by this compiler.
    [javac]   It is recommended that the compiler be upgraded.
    [javac] /root/.sdkman/candidates/java/8.0.302-open/lib/ct.sym(META-INF/sym/rt.jar/java/lang/Class.class): warning: Cannot find annotation method 'value()' in type 'Profile+Annotation'
    [javac] warning: /root/.sdkman/candidates/java/8.0.302-open/lib/ct.sym(META-INF/sym/rt.jar/java/lang/SecurityException.class): major version 52 is newer than 51, the highest major version supported by this compiler.
    [javac]   It is recommended that the compiler be upgraded.
    [javac] /root/.sdkman/candidates/java/8.0.302-open/lib/ct.sym(META-INF/sym/rt.jar/java/lang/SecurityException.class): warning: Cannot find annotation method 'value()' in type 'Profile+Annotation'
    [javac] warning: /root/.sdkman/candidates/java/8.0.302-open/lib/ct.sym(META-INF/sym/rt.jar/java/lang/reflect/Executable.class): major version 52 is newer than 51, the highest major version supported by this compiler.
    [javac]   It is recommended that the compiler be upgraded.
    [javac] /root/.sdkman/candidates/java/8.0.302-open/lib/ct.sym(META-INF/sym/rt.jar/java/lang/reflect/Executable.class): warning: Cannot find annotation method 'value()' in type 'Profile+Annotation'
    [javac] warning: /root/.sdkman/candidates/java/8.0.302-open/lib/ct.sym(META-INF/sym/rt.jar/java/lang/reflect/AccessibleObject.class): major version 52 is newer than 51, the highest major version supported by this compiler.
    [javac]   It is recommended that the compiler be upgraded.
    [javac] /root/.sdkman/candidates/java/8.0.302-open/lib/ct.sym(META-INF/sym/rt.jar/java/lang/reflect/AccessibleObject.class): warning: Cannot find annotation method 'value()' in type 'Profile+Annotation'
    [javac] /tmp/fix_test_suite.pl_26016_1702627282/llm/org/apache/commons/lang3/LocaleUtils_LLMTest.java:793: error: cannot find symbol
    [javac]         assertUnmodifiableCollection(list);
    [javac]         ^
    [javac]   symbol:   method assertUnmodifiableCollection(List<Locale>)
    [javac]   location: class LocaleUtils_LLMTest
    [javac] /tmp/fix_test_suite.pl_26016_1702627282/llm/org/apache/commons/lang3/LocaleUtils_LLMTest.java:807: error: cannot find symbol
    [javac]         assertEquals(set.contains(LOCALE_EN), LocaleUtils.isAvailableLocale(LOCALE_EN));
    [javac]                                   ^
    [javac]   symbol:   variable LOCALE_EN
    [javac]   location: class LocaleUtils_LLMTest
    [javac] warning: /root/.sdkman/candidates/java/8.0.302-open/lib/ct.sym(META-INF/sym/rt.jar/java/lang/Iterable.class): major version 52 is newer than 51, the highest major version supported by this compiler.
    [javac]   It is recommended that the compiler be upgraded.
    [javac] /root/.sdkman/candidates/java/8.0.302-open/lib/ct.sym(META-INF/sym/rt.jar/java/lang/Iterable.class): warning: Cannot find annotation method 'value()' in type 'Profile+Annotation'
    [javac] /tmp/fix_test_suite.pl_26016_1702627282/llm/org/apache/commons/lang3/LocaleUtils_LLMTest.java:807: error: cannot find symbol
    [javac]         assertEquals(set.contains(LOCALE_EN), LocaleUtils.isAvailableLocale(LOCALE_EN));
    [javac]                                                                             ^
    [javac]   symbol:   variable LOCALE_EN
    [javac]   location: class LocaleUtils_LLMTest
    [javac] /tmp/fix_test_suite.pl_26016_1702627282/llm/org/apache/commons/lang3/LocaleUtils_LLMTest.java:808: error: cannot find symbol
    [javac]         assertEquals(set.contains(LOCALE_EN_US), LocaleUtils.isAvailableLocale(LOCALE_EN_US));
    [javac]                                   ^
    [javac]   symbol:   variable LOCALE_EN_US
    [javac]   location: class LocaleUtils_LLMTest
    [javac] /tmp/fix_test_suite.pl_26016_1702627282/llm/org/apache/commons/lang3/LocaleUtils_LLMTest.java:808: error: cannot find symbol
    [javac]         assertEquals(set.contains(LOCALE_EN_US), LocaleUtils.isAvailableLocale(LOCALE_EN_US));
    [javac]                                                                                ^
    [javac]   symbol:   variable LOCALE_EN_US
    [javac]   location: class LocaleUtils_LLMTest
    [javac] /tmp/fix_test_suite.pl_26016_1702627282/llm/org/apache/commons/lang3/LocaleUtils_LLMTest.java:809: error: cannot find symbol
    [javac]         assertEquals(set.contains(LOCALE_EN_US_ZZZZ), LocaleUtils.isAvailableLocale(LOCALE_EN_US_ZZZZ));
    [javac]                                   ^
    [javac]   symbol:   variable LOCALE_EN_US_ZZZZ
    [javac]   location: class LocaleUtils_LLMTest
    [javac] /tmp/fix_test_suite.pl_26016_1702627282/llm/org/apache/commons/lang3/LocaleUtils_LLMTest.java:809: error: cannot find symbol
    [javac]         assertEquals(set.contains(LOCALE_EN_US_ZZZZ), LocaleUtils.isAvailableLocale(LOCALE_EN_US_ZZZZ));
    [javac]                                                                                     ^
    [javac]   symbol:   variable LOCALE_EN_US_ZZZZ
    [javac]   location: class LocaleUtils_LLMTest
    [javac] /tmp/fix_test_suite.pl_26016_1702627282/llm/org/apache/commons/lang3/LocaleUtils_LLMTest.java:810: error: cannot find symbol
    [javac]         assertEquals(set.contains(LOCALE_FR), LocaleUtils.isAvailableLocale(LOCALE_FR));
    [javac]                                   ^
    [javac]   symbol:   variable LOCALE_FR
    [javac]   location: class LocaleUtils_LLMTest
    [javac] /tmp/fix_test_suite.pl_26016_1702627282/llm/org/apache/commons/lang3/LocaleUtils_LLMTest.java:810: error: cannot find symbol
    [javac]         assertEquals(set.contains(LOCALE_FR), LocaleUtils.isAvailableLocale(LOCALE_FR));
    [javac]                                                                             ^
    [javac]   symbol:   variable LOCALE_FR
    [javac]   location: class LocaleUtils_LLMTest
    [javac] /tmp/fix_test_suite.pl_26016_1702627282/llm/org/apache/commons/lang3/LocaleUtils_LLMTest.java:811: error: cannot find symbol
    [javac]         assertEquals(set.contains(LOCALE_FR_CA), LocaleUtils.isAvailableLocale(LOCALE_FR_CA));
    [javac]                                   ^
    [javac]   symbol:   variable LOCALE_FR_CA
    [javac]   location: class LocaleUtils_LLMTest
    [javac] /tmp/fix_test_suite.pl_26016_1702627282/llm/org/apache/commons/lang3/LocaleUtils_LLMTest.java:811: error: cannot find symbol
    [javac]         assertEquals(set.contains(LOCALE_FR_CA), LocaleUtils.isAvailableLocale(LOCALE_FR_CA));
    [javac]                                                                                ^
    [javac]   symbol:   variable LOCALE_FR_CA
    [javac]   location: class LocaleUtils_LLMTest
    [javac] /tmp/fix_test_suite.pl_26016_1702627282/llm/org/apache/commons/lang3/LocaleUtils_LLMTest.java:812: error: cannot find symbol
    [javac]         assertEquals(set.contains(LOCALE_QQ), LocaleUtils.isAvailableLocale(LOCALE_QQ));
    [javac]                                   ^
    [javac]   symbol:   variable LOCALE_QQ
    [javac]   location: class LocaleUtils_LLMTest
    [javac] /tmp/fix_test_suite.pl_26016_1702627282/llm/org/apache/commons/lang3/LocaleUtils_LLMTest.java:812: error: cannot find symbol
    [javac]         assertEquals(set.contains(LOCALE_QQ), LocaleUtils.isAvailableLocale(LOCALE_QQ));
    [javac]                                                                             ^
    [javac]   symbol:   variable LOCALE_QQ
    [javac]   location: class LocaleUtils_LLMTest
    [javac] /tmp/fix_test_suite.pl_26016_1702627282/llm/org/apache/commons/lang3/LocaleUtils_LLMTest.java:813: error: cannot find symbol
    [javac]         assertEquals(set.contains(LOCALE_QQ_ZZ), LocaleUtils.isAvailableLocale(LOCALE_QQ_ZZ));
    [javac]                                   ^
    [javac]   symbol:   variable LOCALE_QQ_ZZ
    [javac]   location: class LocaleUtils_LLMTest
    [javac] /tmp/fix_test_suite.pl_26016_1702627282/llm/org/apache/commons/lang3/LocaleUtils_LLMTest.java:813: error: cannot find symbol
    [javac]         assertEquals(set.contains(LOCALE_QQ_ZZ), LocaleUtils.isAvailableLocale(LOCALE_QQ_ZZ));
    [javac]                                                                                ^
    [javac]   symbol:   variable LOCALE_QQ_ZZ
    [javac]   location: class LocaleUtils_LLMTest
    [javac] warning: /root/.sdkman/candidates/java/8.0.302-open/lib/ct.sym(META-INF/sym/rt.jar/sun/util/locale/BaseLocale.class): major version 52 is newer than 51, the highest major version supported by this compiler.
    [javac]   It is recommended that the compiler be upgraded.
    [javac] /root/.sdkman/candidates/java/8.0.302-open/lib/ct.sym(META-INF/sym/rt.jar/sun/util/locale/BaseLocale.class): warning: Cannot find annotation method 'value()' in type 'Profile+Annotation'
    [javac] /tmp/fix_test_suite.pl_26016_1702627282/llm/org/apache/commons/lang3/LocaleUtils_LLMTest.java:850: error: cannot find symbol
    [javac]         assertLanguageByCountry(null, new String[0]);
    [javac]         ^
    [javac]   symbol:   method assertLanguageByCountry(<null>,String[])
    [javac]   location: class LocaleUtils_LLMTest
    [javac] /tmp/fix_test_suite.pl_26016_1702627282/llm/org/apache/commons/lang3/LocaleUtils_LLMTest.java:851: error: cannot find symbol
    [javac]         assertLanguageByCountry("GB", new String[]{"en"});
    [javac]         ^
    [javac]   symbol:   method assertLanguageByCountry(String,String[])
    [javac]   location: class LocaleUtils_LLMTest
    [javac] /tmp/fix_test_suite.pl_26016_1702627282/llm/org/apache/commons/lang3/LocaleUtils_LLMTest.java:852: error: cannot find symbol
    [javac]         assertLanguageByCountry("ZZ", new String[0]);
    [javac]         ^
    [javac]   symbol:   method assertLanguageByCountry(String,String[])
    [javac]   location: class LocaleUtils_LLMTest
    [javac] /tmp/fix_test_suite.pl_26016_1702627282/llm/org/apache/commons/lang3/LocaleUtils_LLMTest.java:853: error: cannot find symbol
    [javac]         assertLanguageByCountry("CH", new String[]{"fr", "de", "it"});
    [javac]         ^
    [javac]   symbol:   method assertLanguageByCountry(String,String[])
    [javac]   location: class LocaleUtils_LLMTest
    [javac] /tmp/fix_test_suite.pl_26016_1702627282/llm/org/apache/commons/lang3/LocaleUtils_LLMTest.java:856: error: cannot find symbol
    [javac]         assertLanguageByCountry("US", new String[]{"en"});
    [javac]         ^
    [javac]   symbol:   method assertLanguageByCountry(String,String[])
    [javac]   location: class LocaleUtils_LLMTest
    [javac] /tmp/fix_test_suite.pl_26016_1702627282/llm/org/apache/commons/lang3/LocaleUtils_LLMTest.java:857: error: cannot find symbol
    [javac]         assertLanguageByCountry("CA", new String[]{"fr", "en"});
    [javac]         ^
    [javac]   symbol:   method assertLanguageByCountry(String,String[])
    [javac]   location: class LocaleUtils_LLMTest
    [javac] /tmp/fix_test_suite.pl_26016_1702627282/llm/org/apache/commons/lang3/LocaleUtils_LLMTest.java:858: error: cannot find symbol
    [javac]         assertLanguageByCountry("", new String[0]);
    [javac]         ^
    [javac]   symbol:   method assertLanguageByCountry(String,String[])
    [javac]   location: class LocaleUtils_LLMTest
    [javac] /tmp/fix_test_suite.pl_26016_1702627282/llm/org/apache/commons/lang3/LocaleUtils_LLMTest.java:862: error: cannot find symbol
    [javac]         assertCountriesByLanguage(null, new String[0]);
    [javac]         ^
    [javac]   symbol:   method assertCountriesByLanguage(<null>,String[])
    [javac]   location: class LocaleUtils_LLMTest
    [javac] /tmp/fix_test_suite.pl_26016_1702627282/llm/org/apache/commons/lang3/LocaleUtils_LLMTest.java:863: error: cannot find symbol
    [javac]         assertCountriesByLanguage("de", new String[]{"DE", "CH", "AT", "LU"});
    [javac]         ^
    [javac]   symbol:   method assertCountriesByLanguage(String,String[])
    [javac]   location: class LocaleUtils_LLMTest
    [javac] /tmp/fix_test_suite.pl_26016_1702627282/llm/org/apache/commons/lang3/LocaleUtils_LLMTest.java:864: error: cannot find symbol
    [javac]         assertCountriesByLanguage("zz", new String[0]);
    [javac]         ^
    [javac]   symbol:   method assertCountriesByLanguage(String,String[])
    [javac]   location: class LocaleUtils_LLMTest
    [javac] /tmp/fix_test_suite.pl_26016_1702627282/llm/org/apache/commons/lang3/LocaleUtils_LLMTest.java:865: error: cannot find symbol
    [javac]         assertCountriesByLanguage("it", new String[]{"IT", "CH"});
    [javac]         ^
    [javac]   symbol:   method assertCountriesByLanguage(String,String[])
    [javac]   location: class LocaleUtils_LLMTest
    [javac] /tmp/fix_test_suite.pl_26016_1702627282/llm/org/apache/commons/lang3/LocaleUtils_LLMTest.java:867: error: cannot find symbol
    [javac]         assertCountriesByLanguage("en", new String[]{"US", "GB", "CA", "AU", "NZ", "IE"});
    [javac]         ^
    [javac]   symbol:   method assertCountriesByLanguage(String,String[])
    [javac]   location: class LocaleUtils_LLMTest
    [javac] /tmp/fix_test_suite.pl_26016_1702627282/llm/org/apache/commons/lang3/LocaleUtils_LLMTest.java:868: error: cannot find symbol
    [javac]         assertCountriesByLanguage("fr", new String[]{"FR", "BE", "CA", "CH", "LU", "MC"});
    [javac]         ^
    [javac]   symbol:   method assertCountriesByLanguage(String,String[])
    [javac]   location: class LocaleUtils_LLMTest
    [javac] /tmp/fix_test_suite.pl_26016_1702627282/llm/org/apache/commons/lang3/LocaleUtils_LLMTest.java:869: error: cannot find symbol
    [javac]         assertCountriesByLanguage("es", new String[]{"ES", "MX", "AR", "CO", "PE", "VE"});
    [javac]         ^
    [javac]   symbol:   method assertCountriesByLanguage(String,String[])
    [javac]   location: class LocaleUtils_LLMTest
    [javac] /tmp/fix_test_suite.pl_26016_1702627282/llm/org/apache/commons/lang3/LocaleUtils_LLMTest.java:870: error: cannot find symbol
    [javac]         assertCountriesByLanguage("ru", new String[]{"RU", "UA", "KZ", "BY", "UZ", "KG", "TJ"});
    [javac]         ^
    [javac]   symbol:   method assertCountriesByLanguage(String,String[])
    [javac]   location: class LocaleUtils_LLMTest
    [javac] /tmp/fix_test_suite.pl_26016_1702627282/llm/org/apache/commons/lang3/LocaleUtils_LLMTest.java:871: error: cannot find symbol
    [javac]         assertCountriesByLanguage("zh", new String[]{"CN", "TW", "HK", "MO", "SG"});
    [javac]         ^
    [javac]   symbol:   method assertCountriesByLanguage(String,String[])
    [javac]   location: class LocaleUtils_LLMTest
    [javac] 31 errors
    [javac] 60 warnings

BUILD FAILED
/defects4j/framework/projects/defects4j.build.xml:265: Compile failed; see the compiler error output for details.

Total time: 0 seconds
