- Compilation issues: Jsoup-79b-llm.29.tar.bz2
Picked up JAVA_TOOL_OPTIONS: -Dfile.encoding=UTF8
OpenJDK 64-Bit Server VM warning: ignoring option MaxPermSize=1G; support was removed in 8.0
Buildfile: /defects4j/framework/projects/defects4j.build.xml

test-offline:

get-deps:

jsoup-from-maven.compile:
    [mkdir] Created dir: /tmp/fix_test_suite.pl_15729_1702734327/target/classes
    [javac] /tmp/fix_test_suite.pl_15729_1702734327/maven-build.xml:84: warning: 'includeantruntime' was not set, defaulting to build.sysclasspath=last; set to false for repeatable builds
    [javac] Compiling 67 source files to /tmp/fix_test_suite.pl_15729_1702734327/target/classes
    [javac] warning: /root/.sdkman/candidates/java/8.0.302-open/lib/ct.sym(META-INF/sym/rt.jar/java/io/BufferedInputStream.class): major version 52 is newer than 51, the highest major version supported by this compiler.
    [javac]   It is recommended that the compiler be upgraded.
    [javac] warning: /root/.sdkman/candidates/java/8.0.302-open/lib/ct.sym(META-INF/sym/rt.jar/java/io/IOException.class): major version 52 is newer than 51, the highest major version supported by this compiler.
    [javac]   It is recommended that the compiler be upgraded.
    [javac] warning: /root/.sdkman/candidates/java/8.0.302-open/lib/ct.sym(META-INF/sym/rt.jar/java/io/InputStream.class): major version 52 is newer than 51, the highest major version supported by this compiler.
    [javac]   It is recommended that the compiler be upgraded.
    [javac] warning: /root/.sdkman/candidates/java/8.0.302-open/lib/ct.sym(META-INF/sym/rt.jar/java/net/Proxy.class): major version 52 is newer than 51, the highest major version supported by this compiler.
    [javac]   It is recommended that the compiler be upgraded.
    [javac] warning: /root/.sdkman/candidates/java/8.0.302-open/lib/ct.sym(META-INF/sym/rt.jar/java/net/URL.class): major version 52 is newer than 51, the highest major version supported by this compiler.
    [javac]   It is recommended that the compiler be upgraded.
    [javac] warning: /root/.sdkman/candidates/java/8.0.302-open/lib/ct.sym(META-INF/sym/rt.jar/java/util/Collection.class): major version 52 is newer than 51, the highest major version supported by this compiler.
    [javac]   It is recommended that the compiler be upgraded.
    [javac] warning: /root/.sdkman/candidates/java/8.0.302-open/lib/ct.sym(META-INF/sym/rt.jar/java/util/List.class): major version 52 is newer than 51, the highest major version supported by this compiler.
    [javac]   It is recommended that the compiler be upgraded.
    [javac] warning: /root/.sdkman/candidates/java/8.0.302-open/lib/ct.sym(META-INF/sym/rt.jar/java/util/Map.class): major version 52 is newer than 51, the highest major version supported by this compiler.
    [javac]   It is recommended that the compiler be upgraded.
    [javac] warning: /root/.sdkman/candidates/java/8.0.302-open/lib/ct.sym(META-INF/sym/rt.jar/java/lang/Object.class): major version 52 is newer than 51, the highest major version supported by this compiler.
    [javac]   It is recommended that the compiler be upgraded.
    [javac] warning: /root/.sdkman/candidates/java/8.0.302-open/lib/ct.sym(META-INF/sym/rt.jar/java/lang/String.class): major version 52 is newer than 51, the highest major version supported by this compiler.
    [javac]   It is recommended that the compiler be upgraded.
    [javac] warning: /root/.sdkman/candidates/java/8.0.302-open/lib/ct.sym(META-INF/sym/rt.jar/java/lang/Enum.class): major version 52 is newer than 51, the highest major version supported by this compiler.
    [javac]   It is recommended that the compiler be upgraded.
    [javac] warning: /root/.sdkman/candidates/java/8.0.302-open/lib/ct.sym(META-INF/sym/rt.jar/java/lang/Comparable.class): major version 52 is newer than 51, the highest major version supported by this compiler.
    [javac]   It is recommended that the compiler be upgraded.
    [javac] warning: /root/.sdkman/candidates/java/8.0.302-open/lib/ct.sym(META-INF/sym/rt.jar/java/io/Serializable.class): major version 52 is newer than 51, the highest major version supported by this compiler.
    [javac]   It is recommended that the compiler be upgraded.
    [javac] warning: /root/.sdkman/candidates/java/8.0.302-open/lib/ct.sym(META-INF/sym/rt.jar/java/io/Reader.class): major version 52 is newer than 51, the highest major version supported by this compiler.
    [javac]   It is recommended that the compiler be upgraded.
    [javac] warning: /root/.sdkman/candidates/java/8.0.302-open/lib/ct.sym(META-INF/sym/rt.jar/java/io/StringReader.class): major version 52 is newer than 51, the highest major version supported by this compiler.
    [javac]   It is recommended that the compiler be upgraded.
    [javac] warning: /root/.sdkman/candidates/java/8.0.302-open/lib/ct.sym(META-INF/sym/rt.jar/java/nio/charset/Charset.class): major version 52 is newer than 51, the highest major version supported by this compiler.
    [javac]   It is recommended that the compiler be upgraded.
    [javac] warning: /root/.sdkman/candidates/java/8.0.302-open/lib/ct.sym(META-INF/sym/rt.jar/java/nio/charset/CharsetEncoder.class): major version 52 is newer than 51, the highest major version supported by this compiler.
    [javac]   It is recommended that the compiler be upgraded.
    [javac] warning: /root/.sdkman/candidates/java/8.0.302-open/lib/ct.sym(META-INF/sym/rt.jar/java/util/ArrayList.class): major version 52 is newer than 51, the highest major version supported by this compiler.
    [javac]   It is recommended that the compiler be upgraded.
    [javac] warning: /root/.sdkman/candidates/java/8.0.302-open/lib/ct.sym(META-INF/sym/rt.jar/java/lang/ref/WeakReference.class): major version 52 is newer than 51, the highest major version supported by this compiler.
    [javac]   It is recommended that the compiler be upgraded.
    [javac] warning: /root/.sdkman/candidates/java/8.0.302-open/lib/ct.sym(META-INF/sym/rt.jar/java/util/Arrays.class): major version 52 is newer than 51, the highest major version supported by this compiler.
    [javac]   It is recommended that the compiler be upgraded.
    [javac] warning: /root/.sdkman/candidates/java/8.0.302-open/lib/ct.sym(META-INF/sym/rt.jar/java/util/Collections.class): major version 52 is newer than 51, the highest major version supported by this compiler.
    [javac]   It is recommended that the compiler be upgraded.
    [javac] warning: /root/.sdkman/candidates/java/8.0.302-open/lib/ct.sym(META-INF/sym/rt.jar/java/util/LinkedHashSet.class): major version 52 is newer than 51, the highest major version supported by this compiler.
    [javac]   It is recommended that the compiler be upgraded.
    [javac] warning: /root/.sdkman/candidates/java/8.0.302-open/lib/ct.sym(META-INF/sym/rt.jar/java/util/Set.class): major version 52 is newer than 51, the highest major version supported by this compiler.
    [javac]   It is recommended that the compiler be upgraded.
    [javac] warning: /root/.sdkman/candidates/java/8.0.302-open/lib/ct.sym(META-INF/sym/rt.jar/java/util/regex/Pattern.class): major version 52 is newer than 51, the highest major version supported by this compiler.
    [javac]   It is recommended that the compiler be upgraded.
    [javac] warning: /root/.sdkman/candidates/java/8.0.302-open/lib/ct.sym(META-INF/sym/rt.jar/java/util/regex/PatternSyntaxException.class): major version 52 is newer than 51, the highest major version supported by this compiler.
    [javac]   It is recommended that the compiler be upgraded.
    [javac] warning: /root/.sdkman/candidates/java/8.0.302-open/lib/ct.sym(META-INF/sym/rt.jar/java/util/Locale.class): major version 52 is newer than 51, the highest major version supported by this compiler.
    [javac]   It is recommended that the compiler be upgraded.
    [javac] warning: /root/.sdkman/candidates/java/8.0.302-open/lib/ct.sym(META-INF/sym/rt.jar/java/lang/Cloneable.class): major version 52 is newer than 51, the highest major version supported by this compiler.
    [javac]   It is recommended that the compiler be upgraded.
    [javac] warning: /root/.sdkman/candidates/java/8.0.302-open/lib/ct.sym(META-INF/sym/rt.jar/java/lang/Iterable.class): major version 52 is newer than 51, the highest major version supported by this compiler.
    [javac]   It is recommended that the compiler be upgraded.
    [javac] warning: /root/.sdkman/candidates/java/8.0.302-open/lib/ct.sym(META-INF/sym/rt.jar/java/util/RandomAccess.class): major version 52 is newer than 51, the highest major version supported by this compiler.
    [javac]   It is recommended that the compiler be upgraded.
    [javac] warning: /root/.sdkman/candidates/java/8.0.302-open/lib/ct.sym(META-INF/sym/rt.jar/java/util/AbstractList.class): major version 52 is newer than 51, the highest major version supported by this compiler.
    [javac]   It is recommended that the compiler be upgraded.
    [javac] warning: /root/.sdkman/candidates/java/8.0.302-open/lib/ct.sym(META-INF/sym/rt.jar/java/util/AbstractCollection.class): major version 52 is newer than 51, the highest major version supported by this compiler.
    [javac]   It is recommended that the compiler be upgraded.
    [javac] warning: /root/.sdkman/candidates/java/8.0.302-open/lib/ct.sym(META-INF/sym/rt.jar/java/util/HashMap.class): major version 52 is newer than 51, the highest major version supported by this compiler.
    [javac]   It is recommended that the compiler be upgraded.
    [javac] warning: /root/.sdkman/candidates/java/8.0.302-open/lib/ct.sym(META-INF/sym/rt.jar/java/util/AbstractMap.class): major version 52 is newer than 51, the highest major version supported by this compiler.
    [javac]   It is recommended that the compiler be upgraded.
    [javac] warning: /root/.sdkman/candidates/java/8.0.302-open/lib/ct.sym(META-INF/sym/rt.jar/java/util/AbstractSet.class): major version 52 is newer than 51, the highest major version supported by this compiler.
    [javac]   It is recommended that the compiler be upgraded.
    [javac] warning: /root/.sdkman/candidates/java/8.0.302-open/lib/ct.sym(META-INF/sym/rt.jar/java/util/Iterator.class): major version 52 is newer than 51, the highest major version supported by this compiler.
    [javac]   It is recommended that the compiler be upgraded.
    [javac] warning: /root/.sdkman/candidates/java/8.0.302-open/lib/ct.sym(META-INF/sym/rt.jar/java/util/Map$Entry.class): major version 52 is newer than 51, the highest major version supported by this compiler.
    [javac]   It is recommended that the compiler be upgraded.
    [javac] warning: /root/.sdkman/candidates/java/8.0.302-open/lib/ct.sym(META-INF/sym/rt.jar/java/util/HashSet.class): major version 52 is newer than 51, the highest major version supported by this compiler.
    [javac]   It is recommended that the compiler be upgraded.
    [javac] warning: /root/.sdkman/candidates/java/8.0.302-open/lib/ct.sym(META-INF/sym/rt.jar/java/util/regex/Matcher.class): major version 52 is newer than 51, the highest major version supported by this compiler.
    [javac]   It is recommended that the compiler be upgraded.
    [javac] warning: /root/.sdkman/candidates/java/8.0.302-open/lib/ct.sym(META-INF/sym/rt.jar/java/lang/StringBuilder.class): major version 52 is newer than 51, the highest major version supported by this compiler.
    [javac]   It is recommended that the compiler be upgraded.
    [javac] warning: /root/.sdkman/candidates/java/8.0.302-open/lib/ct.sym(META-INF/sym/rt.jar/java/lang/Appendable.class): major version 52 is newer than 51, the highest major version supported by this compiler.
    [javac]   It is recommended that the compiler be upgraded.
    [javac] warning: /root/.sdkman/candidates/java/8.0.302-open/lib/ct.sym(META-INF/sym/rt.jar/java/lang/ThreadLocal.class): major version 52 is newer than 51, the highest major version supported by this compiler.
    [javac]   It is recommended that the compiler be upgraded.
    [javac] warning: /root/.sdkman/candidates/java/8.0.302-open/lib/ct.sym(META-INF/sym/rt.jar/java/lang/CharSequence.class): major version 52 is newer than 51, the highest major version supported by this compiler.
    [javac]   It is recommended that the compiler be upgraded.
    [javac] warning: /root/.sdkman/candidates/java/8.0.302-open/lib/ct.sym(META-INF/sym/rt.jar/java/lang/Character.class): major version 52 is newer than 51, the highest major version supported by this compiler.
    [javac]   It is recommended that the compiler be upgraded.
    [javac] warning: /root/.sdkman/candidates/java/8.0.302-open/lib/ct.sym(META-INF/sym/rt.jar/java/lang/Exception.class): major version 52 is newer than 51, the highest major version supported by this compiler.
    [javac]   It is recommended that the compiler be upgraded.
    [javac] warning: /root/.sdkman/candidates/java/8.0.302-open/lib/ct.sym(META-INF/sym/rt.jar/java/lang/Throwable.class): major version 52 is newer than 51, the highest major version supported by this compiler.
    [javac]   It is recommended that the compiler be upgraded.
    [javac] warning: /root/.sdkman/candidates/java/8.0.302-open/lib/ct.sym(META-INF/sym/rt.jar/java/io/File.class): major version 52 is newer than 51, the highest major version supported by this compiler.
    [javac]   It is recommended that the compiler be upgraded.
    [javac] warning: /root/.sdkman/candidates/java/8.0.302-open/lib/ct.sym(META-INF/sym/rt.jar/java/lang/RuntimeException.class): major version 52 is newer than 51, the highest major version supported by this compiler.
    [javac]   It is recommended that the compiler be upgraded.
    [javac] warning: /root/.sdkman/candidates/java/8.0.302-open/lib/ct.sym(META-INF/sym/rt.jar/java/io/BufferedReader.class): major version 52 is newer than 51, the highest major version supported by this compiler.
    [javac]   It is recommended that the compiler be upgraded.
    [javac] warning: /root/.sdkman/candidates/java/8.0.302-open/lib/ct.sym(META-INF/sym/rt.jar/java/io/FileInputStream.class): major version 52 is newer than 51, the highest major version supported by this compiler.
    [javac]   It is recommended that the compiler be upgraded.
    [javac] warning: /root/.sdkman/candidates/java/8.0.302-open/lib/ct.sym(META-INF/sym/rt.jar/java/io/InputStreamReader.class): major version 52 is newer than 51, the highest major version supported by this compiler.
    [javac]   It is recommended that the compiler be upgraded.
    [javac] warning: /root/.sdkman/candidates/java/8.0.302-open/lib/ct.sym(META-INF/sym/rt.jar/java/io/OutputStream.class): major version 52 is newer than 51, the highest major version supported by this compiler.
    [javac]   It is recommended that the compiler be upgraded.
    [javac] warning: /root/.sdkman/candidates/java/8.0.302-open/lib/ct.sym(META-INF/sym/rt.jar/java/io/RandomAccessFile.class): major version 52 is newer than 51, the highest major version supported by this compiler.
    [javac]   It is recommended that the compiler be upgraded.
    [javac] warning: /root/.sdkman/candidates/java/8.0.302-open/lib/ct.sym(META-INF/sym/rt.jar/java/nio/Buffer.class): major version 52 is newer than 51, the highest major version supported by this compiler.
    [javac]   It is recommended that the compiler be upgraded.
    [javac] warning: /root/.sdkman/candidates/java/8.0.302-open/lib/ct.sym(META-INF/sym/rt.jar/java/nio/ByteBuffer.class): major version 52 is newer than 51, the highest major version supported by this compiler.
    [javac]   It is recommended that the compiler be upgraded.
    [javac] warning: /root/.sdkman/candidates/java/8.0.302-open/lib/ct.sym(META-INF/sym/rt.jar/java/nio/charset/IllegalCharsetNameException.class): major version 52 is newer than 51, the highest major version supported by this compiler.
    [javac]   It is recommended that the compiler be upgraded.
    [javac] warning: /root/.sdkman/candidates/java/8.0.302-open/lib/ct.sym(META-INF/sym/rt.jar/java/util/Random.class): major version 52 is newer than 51, the highest major version supported by this compiler.
    [javac]   It is recommended that the compiler be upgraded.
    [javac] warning: /root/.sdkman/candidates/java/8.0.302-open/lib/ct.sym(META-INF/sym/rt.jar/javax/net/ssl/HostnameVerifier.class): major version 52 is newer than 51, the highest major version supported by this compiler.
    [javac]   It is recommended that the compiler be upgraded.
    [javac] warning: /root/.sdkman/candidates/java/8.0.302-open/lib/ct.sym(META-INF/sym/rt.jar/javax/net/ssl/HttpsURLConnection.class): major version 52 is newer than 51, the highest major version supported by this compiler.
    [javac]   It is recommended that the compiler be upgraded.
    [javac] warning: /root/.sdkman/candidates/java/8.0.302-open/lib/ct.sym(META-INF/sym/rt.jar/javax/net/ssl/SSLContext.class): major version 52 is newer than 51, the highest major version supported by this compiler.
    [javac]   It is recommended that the compiler be upgraded.
    [javac] warning: /root/.sdkman/candidates/java/8.0.302-open/lib/ct.sym(META-INF/sym/rt.jar/javax/net/ssl/SSLSession.class): major version 52 is newer than 51, the highest major version supported by this compiler.
    [javac]   It is recommended that the compiler be upgraded.
    [javac] warning: /root/.sdkman/candidates/java/8.0.302-open/lib/ct.sym(META-INF/sym/rt.jar/javax/net/ssl/SSLSocketFactory.class): major version 52 is newer than 51, the highest major version supported by this compiler.
    [javac]   It is recommended that the compiler be upgraded.
    [javac] warning: /root/.sdkman/candidates/java/8.0.302-open/lib/ct.sym(META-INF/sym/rt.jar/javax/net/ssl/TrustManager.class): major version 52 is newer than 51, the highest major version supported by this compiler.
    [javac]   It is recommended that the compiler be upgraded.
    [javac] warning: /root/.sdkman/candidates/java/8.0.302-open/lib/ct.sym(META-INF/sym/rt.jar/javax/net/ssl/X509TrustManager.class): major version 52 is newer than 51, the highest major version supported by this compiler.
    [javac]   It is recommended that the compiler be upgraded.
    [javac] warning: /root/.sdkman/candidates/java/8.0.302-open/lib/ct.sym(META-INF/sym/rt.jar/java/io/BufferedWriter.class): major version 52 is newer than 51, the highest major version supported by this compiler.
    [javac]   It is recommended that the compiler be upgraded.
    [javac] warning: /root/.sdkman/candidates/java/8.0.302-open/lib/ct.sym(META-INF/sym/rt.jar/java/io/ByteArrayInputStream.class): major version 52 is newer than 51, the highest major version supported by this compiler.
    [javac]   It is recommended that the compiler be upgraded.
    [javac] warning: /root/.sdkman/candidates/java/8.0.302-open/lib/ct.sym(META-INF/sym/rt.jar/java/io/OutputStreamWriter.class): major version 52 is newer than 51, the highest major version supported by this compiler.
    [javac]   It is recommended that the compiler be upgraded.
    [javac] warning: /root/.sdkman/candidates/java/8.0.302-open/lib/ct.sym(META-INF/sym/rt.jar/java/io/UnsupportedEncodingException.class): major version 52 is newer than 51, the highest major version supported by this compiler.
    [javac]   It is recommended that the compiler be upgraded.
    [javac] warning: /root/.sdkman/candidates/java/8.0.302-open/lib/ct.sym(META-INF/sym/rt.jar/java/net/HttpURLConnection.class): major version 52 is newer than 51, the highest major version supported by this compiler.
    [javac]   It is recommended that the compiler be upgraded.
    [javac] warning: /root/.sdkman/candidates/java/8.0.302-open/lib/ct.sym(META-INF/sym/rt.jar/java/net/InetSocketAddress.class): major version 52 is newer than 51, the highest major version supported by this compiler.
    [javac]   It is recommended that the compiler be upgraded.
    [javac] warning: /root/.sdkman/candidates/java/8.0.302-open/lib/ct.sym(META-INF/sym/rt.jar/java/net/MalformedURLException.class): major version 52 is newer than 51, the highest major version supported by this compiler.
    [javac]   It is recommended that the compiler be upgraded.
    [javac] warning: /root/.sdkman/candidates/java/8.0.302-open/lib/ct.sym(META-INF/sym/rt.jar/java/net/URI.class): major version 52 is newer than 51, the highest major version supported by this compiler.
    [javac]   It is recommended that the compiler be upgraded.
    [javac] warning: /root/.sdkman/candidates/java/8.0.302-open/lib/ct.sym(META-INF/sym/rt.jar/java/net/URLEncoder.class): major version 52 is newer than 51, the highest major version supported by this compiler.
    [javac]   It is recommended that the compiler be upgraded.
    [javac] warning: /root/.sdkman/candidates/java/8.0.302-open/lib/ct.sym(META-INF/sym/rt.jar/java/security/KeyManagementException.class): major version 52 is newer than 51, the highest major version supported by this compiler.
    [javac]   It is recommended that the compiler be upgraded.
    [javac] warning: /root/.sdkman/candidates/java/8.0.302-open/lib/ct.sym(META-INF/sym/rt.jar/java/security/NoSuchAlgorithmException.class): major version 52 is newer than 51, the highest major version supported by this compiler.
    [javac]   It is recommended that the compiler be upgraded.
    [javac] warning: /root/.sdkman/candidates/java/8.0.302-open/lib/ct.sym(META-INF/sym/rt.jar/java/security/cert/X509Certificate.class): major version 52 is newer than 51, the highest major version supported by this compiler.
    [javac]   It is recommended that the compiler be upgraded.
    [javac] warning: /root/.sdkman/candidates/java/8.0.302-open/lib/ct.sym(META-INF/sym/rt.jar/java/util/LinkedHashMap.class): major version 52 is newer than 51, the highest major version supported by this compiler.
    [javac]   It is recommended that the compiler be upgraded.
    [javac] warning: /root/.sdkman/candidates/java/8.0.302-open/lib/ct.sym(META-INF/sym/rt.jar/java/util/zip/GZIPInputStream.class): major version 52 is newer than 51, the highest major version supported by this compiler.
    [javac]   It is recommended that the compiler be upgraded.
    [javac] warning: /root/.sdkman/candidates/java/8.0.302-open/lib/ct.sym(META-INF/sym/rt.jar/java/util/zip/Inflater.class): major version 52 is newer than 51, the highest major version supported by this compiler.
    [javac]   It is recommended that the compiler be upgraded.
    [javac] warning: /root/.sdkman/candidates/java/8.0.302-open/lib/ct.sym(META-INF/sym/rt.jar/java/util/zip/InflaterInputStream.class): major version 52 is newer than 51, the highest major version supported by this compiler.
    [javac]   It is recommended that the compiler be upgraded.
    [javac] warning: /root/.sdkman/candidates/java/8.0.302-open/lib/ct.sym(META-INF/sym/rt.jar/java/lang/SuppressWarnings.class): major version 52 is newer than 51, the highest major version supported by this compiler.
    [javac]   It is recommended that the compiler be upgraded.
    [javac] warning: /root/.sdkman/candidates/java/8.0.302-open/lib/ct.sym(META-INF/sym/rt.jar/org/w3c/dom/Comment.class): major version 52 is newer than 51, the highest major version supported by this compiler.
    [javac]   It is recommended that the compiler be upgraded.
    [javac] warning: /root/.sdkman/candidates/java/8.0.302-open/lib/ct.sym(META-INF/sym/rt.jar/org/w3c/dom/Document.class): major version 52 is newer than 51, the highest major version supported by this compiler.
    [javac]   It is recommended that the compiler be upgraded.
    [javac] warning: /root/.sdkman/candidates/java/8.0.302-open/lib/ct.sym(META-INF/sym/rt.jar/org/w3c/dom/Element.class): major version 52 is newer than 51, the highest major version supported by this compiler.
    [javac]   It is recommended that the compiler be upgraded.
    [javac] warning: /root/.sdkman/candidates/java/8.0.302-open/lib/ct.sym(META-INF/sym/rt.jar/org/w3c/dom/Text.class): major version 52 is newer than 51, the highest major version supported by this compiler.
    [javac]   It is recommended that the compiler be upgraded.
    [javac] warning: /root/.sdkman/candidates/java/8.0.302-open/lib/ct.sym(META-INF/sym/rt.jar/javax/xml/parsers/DocumentBuilder.class): major version 52 is newer than 51, the highest major version supported by this compiler.
    [javac]   It is recommended that the compiler be upgraded.
    [javac] warning: /root/.sdkman/candidates/java/8.0.302-open/lib/ct.sym(META-INF/sym/rt.jar/javax/xml/parsers/DocumentBuilderFactory.class): major version 52 is newer than 51, the highest major version supported by this compiler.
    [javac]   It is recommended that the compiler be upgraded.
    [javac] warning: /root/.sdkman/candidates/java/8.0.302-open/lib/ct.sym(META-INF/sym/rt.jar/javax/xml/parsers/ParserConfigurationException.class): major version 52 is newer than 51, the highest major version supported by this compiler.
    [javac]   It is recommended that the compiler be upgraded.
    [javac] warning: /root/.sdkman/candidates/java/8.0.302-open/lib/ct.sym(META-INF/sym/rt.jar/javax/xml/transform/Transformer.class): major version 52 is newer than 51, the highest major version supported by this compiler.
    [javac]   It is recommended that the compiler be upgraded.
    [javac] warning: /root/.sdkman/candidates/java/8.0.302-open/lib/ct.sym(META-INF/sym/rt.jar/javax/xml/transform/TransformerException.class): major version 52 is newer than 51, the highest major version supported by this compiler.
    [javac]   It is recommended that the compiler be upgraded.
    [javac] warning: /root/.sdkman/candidates/java/8.0.302-open/lib/ct.sym(META-INF/sym/rt.jar/javax/xml/transform/TransformerFactory.class): major version 52 is newer than 51, the highest major version supported by this compiler.
    [javac]   It is recommended that the compiler be upgraded.
    [javac] warning: /root/.sdkman/candidates/java/8.0.302-open/lib/ct.sym(META-INF/sym/rt.jar/javax/xml/transform/dom/DOMSource.class): major version 52 is newer than 51, the highest major version supported by this compiler.
    [javac]   It is recommended that the compiler be upgraded.
    [javac] warning: /root/.sdkman/candidates/java/8.0.302-open/lib/ct.sym(META-INF/sym/rt.jar/javax/xml/transform/stream/StreamResult.class): major version 52 is newer than 51, the highest major version supported by this compiler.
    [javac]   It is recommended that the compiler be upgraded.
    [javac] warning: /root/.sdkman/candidates/java/8.0.302-open/lib/ct.sym(META-INF/sym/rt.jar/java/io/StringWriter.class): major version 52 is newer than 51, the highest major version supported by this compiler.
    [javac]   It is recommended that the compiler be upgraded.
    [javac] warning: /root/.sdkman/candidates/java/8.0.302-open/lib/ct.sym(META-INF/sym/rt.jar/java/util/Stack.class): major version 52 is newer than 51, the highest major version supported by this compiler.
    [javac]   It is recommended that the compiler be upgraded.
    [javac] warning: /root/.sdkman/candidates/java/8.0.302-open/lib/ct.sym(META-INF/sym/rt.jar/java/io/ByteArrayOutputStream.class): major version 52 is newer than 51, the highest major version supported by this compiler.
    [javac]   It is recommended that the compiler be upgraded.
    [javac] warning: /root/.sdkman/candidates/java/8.0.302-open/lib/ct.sym(META-INF/sym/rt.jar/java/net/SocketTimeoutException.class): major version 52 is newer than 51, the highest major version supported by this compiler.
    [javac]   It is recommended that the compiler be upgraded.
    [javac] warning: /root/.sdkman/candidates/java/8.0.302-open/lib/ct.sym(META-INF/sym/rt.jar/java/io/FilterInputStream.class): major version 52 is newer than 51, the highest major version supported by this compiler.
    [javac]   It is recommended that the compiler be upgraded.
    [javac] warning: /root/.sdkman/candidates/java/8.0.302-open/lib/ct.sym(META-INF/sym/rt.jar/java/io/Closeable.class): major version 52 is newer than 51, the highest major version supported by this compiler.
    [javac]   It is recommended that the compiler be upgraded.
    [javac] warning: /root/.sdkman/candidates/java/8.0.302-open/lib/ct.sym(META-INF/sym/rt.jar/java/lang/AutoCloseable.class): major version 52 is newer than 51, the highest major version supported by this compiler.
    [javac]   It is recommended that the compiler be upgraded.
    [javac] warning: /root/.sdkman/candidates/java/8.0.302-open/lib/ct.sym(META-INF/sym/rt.jar/java/util/IdentityHashMap.class): major version 52 is newer than 51, the highest major version supported by this compiler.
    [javac]   It is recommended that the compiler be upgraded.
    [javac] Note: Some input files additionally use or override a deprecated API.
    [javac] 100 warnings
    [javac] Creating empty /tmp/fix_test_suite.pl_15729_1702734327/target/classes/org/jsoup/parser/package-info.class
    [javac] Creating empty /tmp/fix_test_suite.pl_15729_1702734327/target/classes/org/jsoup/package-info.class
    [javac] Creating empty /tmp/fix_test_suite.pl_15729_1702734327/target/classes/org/jsoup/select/package-info.class
    [javac] Creating empty /tmp/fix_test_suite.pl_15729_1702734327/target/classes/org/jsoup/internal/package-info.class
    [javac] Creating empty /tmp/fix_test_suite.pl_15729_1702734327/target/classes/org/jsoup/examples/package-info.class
    [javac] Creating empty /tmp/fix_test_suite.pl_15729_1702734327/target/classes/org/jsoup/nodes/package-info.class
    [javac] Creating empty /tmp/fix_test_suite.pl_15729_1702734327/target/classes/org/jsoup/safety/package-info.class
    [mkdir] Created dir: /tmp/fix_test_suite.pl_15729_1702734327/target/classes/META-INF
     [copy] Copying 3 files to /tmp/fix_test_suite.pl_15729_1702734327/target/classes/META-INF

compile:

compile.gen.tests:
     [echo] classes.dir: target/classes
     [echo] build.home: target/classes/..
    [mkdir] Created dir: /tmp/fix_test_suite.pl_15729_1702734327/.classes_testgen
    [javac] /defects4j/framework/projects/defects4j.build.xml:265: warning: 'includeantruntime' was not set, defaulting to build.sysclasspath=last; set to false for repeatable builds
    [javac] Compiling 1 source file to /tmp/fix_test_suite.pl_15729_1702734327/.classes_testgen
    [javac] /tmp/fix_test_suite.pl_15729_1702734327/llm/org/jsoup/nodes/LeafNode_LLMTest.java:3: error: cannot find symbol
    [javac] import org.jsoup.TextUtil;
    [javac]                 ^
    [javac]   symbol:   class TextUtil
    [javac]   location: package org.jsoup
    [javac] warning: /root/.sdkman/candidates/java/8.0.302-open/lib/ct.sym(META-INF/sym/rt.jar/java/util/List.class): major version 52 is newer than 51, the highest major version supported by this compiler.
    [javac]   It is recommended that the compiler be upgraded.
    [javac] warning: /root/.sdkman/candidates/java/8.0.302-open/lib/ct.sym(META-INF/sym/rt.jar/java/lang/Object.class): major version 52 is newer than 51, the highest major version supported by this compiler.
    [javac]   It is recommended that the compiler be upgraded.
    [javac] warning: /root/.sdkman/candidates/java/8.0.302-open/lib/ct.sym(META-INF/sym/rt.jar/java/lang/annotation/Retention.class): major version 52 is newer than 51, the highest major version supported by this compiler.
    [javac]   It is recommended that the compiler be upgraded.
    [javac] warning: /root/.sdkman/candidates/java/8.0.302-open/lib/ct.sym(META-INF/sym/rt.jar/java/lang/annotation/RetentionPolicy.class): major version 52 is newer than 51, the highest major version supported by this compiler.
    [javac]   It is recommended that the compiler be upgraded.
    [javac] warning: /root/.sdkman/candidates/java/8.0.302-open/lib/ct.sym(META-INF/sym/rt.jar/java/lang/annotation/Target.class): major version 52 is newer than 51, the highest major version supported by this compiler.
    [javac]   It is recommended that the compiler be upgraded.
    [javac] warning: /root/.sdkman/candidates/java/8.0.302-open/lib/ct.sym(META-INF/sym/rt.jar/java/lang/annotation/ElementType.class): major version 52 is newer than 51, the highest major version supported by this compiler.
    [javac]   It is recommended that the compiler be upgraded.
    [javac] /root/.sdkman/candidates/java/8.0.302-open/lib/ct.sym(META-INF/sym/rt.jar/java/util/List.class): warning: Cannot find annotation method 'value()' in type 'Profile+Annotation': class file for jdk.Profile+Annotation not found
    [javac] /root/.sdkman/candidates/java/8.0.302-open/lib/ct.sym(META-INF/sym/rt.jar/java/lang/Object.class): warning: Cannot find annotation method 'value()' in type 'Profile+Annotation'
    [javac] warning: /root/.sdkman/candidates/java/8.0.302-open/lib/ct.sym(META-INF/sym/rt.jar/java/lang/annotation/Annotation.class): major version 52 is newer than 51, the highest major version supported by this compiler.
    [javac]   It is recommended that the compiler be upgraded.
    [javac] warning: /root/.sdkman/candidates/java/8.0.302-open/lib/ct.sym(META-INF/sym/rt.jar/java/lang/Class.class): major version 52 is newer than 51, the highest major version supported by this compiler.
    [javac]   It is recommended that the compiler be upgraded.
    [javac] warning: /root/.sdkman/candidates/java/8.0.302-open/lib/ct.sym(META-INF/sym/rt.jar/java/lang/UnsupportedOperationException.class): major version 52 is newer than 51, the highest major version supported by this compiler.
    [javac]   It is recommended that the compiler be upgraded.
    [javac] warning: /root/.sdkman/candidates/java/8.0.302-open/lib/ct.sym(META-INF/sym/rt.jar/java/lang/RuntimeException.class): major version 52 is newer than 51, the highest major version supported by this compiler.
    [javac]   It is recommended that the compiler be upgraded.
    [javac] warning: /root/.sdkman/candidates/java/8.0.302-open/lib/ct.sym(META-INF/sym/rt.jar/java/lang/Exception.class): major version 52 is newer than 51, the highest major version supported by this compiler.
    [javac]   It is recommended that the compiler be upgraded.
    [javac] warning: /root/.sdkman/candidates/java/8.0.302-open/lib/ct.sym(META-INF/sym/rt.jar/java/lang/IllegalArgumentException.class): major version 52 is newer than 51, the highest major version supported by this compiler.
    [javac]   It is recommended that the compiler be upgraded.
    [javac] /root/.sdkman/candidates/java/8.0.302-open/lib/ct.sym(META-INF/sym/rt.jar/java/lang/annotation/Retention.class): warning: Cannot find annotation method 'value()' in type 'Profile+Annotation'
    [javac] /root/.sdkman/candidates/java/8.0.302-open/lib/ct.sym(META-INF/sym/rt.jar/java/lang/annotation/RetentionPolicy.class): warning: Cannot find annotation method 'value()' in type 'Profile+Annotation'
    [javac] /root/.sdkman/candidates/java/8.0.302-open/lib/ct.sym(META-INF/sym/rt.jar/java/lang/annotation/Target.class): warning: Cannot find annotation method 'value()' in type 'Profile+Annotation'
    [javac] /root/.sdkman/candidates/java/8.0.302-open/lib/ct.sym(META-INF/sym/rt.jar/java/lang/annotation/ElementType.class): warning: Cannot find annotation method 'value()' in type 'Profile+Annotation'
    [javac] /root/.sdkman/candidates/java/8.0.302-open/lib/ct.sym(META-INF/sym/rt.jar/java/lang/annotation/Annotation.class): warning: Cannot find annotation method 'value()' in type 'Profile+Annotation'
    [javac] /root/.sdkman/candidates/java/8.0.302-open/lib/ct.sym(META-INF/sym/rt.jar/java/lang/Class.class): warning: Cannot find annotation method 'value()' in type 'Profile+Annotation'
    [javac] /root/.sdkman/candidates/java/8.0.302-open/lib/ct.sym(META-INF/sym/rt.jar/java/lang/UnsupportedOperationException.class): warning: Cannot find annotation method 'value()' in type 'Profile+Annotation'
    [javac] /root/.sdkman/candidates/java/8.0.302-open/lib/ct.sym(META-INF/sym/rt.jar/java/lang/RuntimeException.class): warning: Cannot find annotation method 'value()' in type 'Profile+Annotation'
    [javac] /root/.sdkman/candidates/java/8.0.302-open/lib/ct.sym(META-INF/sym/rt.jar/java/lang/Exception.class): warning: Cannot find annotation method 'value()' in type 'Profile+Annotation'
    [javac] /root/.sdkman/candidates/java/8.0.302-open/lib/ct.sym(META-INF/sym/rt.jar/java/lang/IllegalArgumentException.class): warning: Cannot find annotation method 'value()' in type 'Profile+Annotation'
    [javac] warning: /root/.sdkman/candidates/java/8.0.302-open/lib/ct.sym(META-INF/sym/rt.jar/java/lang/AutoCloseable.class): major version 52 is newer than 51, the highest major version supported by this compiler.
    [javac]   It is recommended that the compiler be upgraded.
    [javac] /root/.sdkman/candidates/java/8.0.302-open/lib/ct.sym(META-INF/sym/rt.jar/java/lang/AutoCloseable.class): warning: Cannot find annotation method 'value()' in type 'Profile+Annotation'
    [javac] warning: /root/.sdkman/candidates/java/8.0.302-open/lib/ct.sym(META-INF/sym/rt.jar/java/lang/String.class): major version 52 is newer than 51, the highest major version supported by this compiler.
    [javac]   It is recommended that the compiler be upgraded.
    [javac] /root/.sdkman/candidates/java/8.0.302-open/lib/ct.sym(META-INF/sym/rt.jar/java/lang/String.class): warning: Cannot find annotation method 'value()' in type 'Profile+Annotation'
    [javac] warning: /root/.sdkman/candidates/java/8.0.302-open/lib/ct.sym(META-INF/sym/rt.jar/java/util/ArrayList.class): major version 52 is newer than 51, the highest major version supported by this compiler.
    [javac]   It is recommended that the compiler be upgraded.
    [javac] /root/.sdkman/candidates/java/8.0.302-open/lib/ct.sym(META-INF/sym/rt.jar/java/util/ArrayList.class): warning: Cannot find annotation method 'value()' in type 'Profile+Annotation'
    [javac] warning: /root/.sdkman/candidates/java/8.0.302-open/lib/ct.sym(META-INF/sym/rt.jar/java/util/AbstractList.class): major version 52 is newer than 51, the highest major version supported by this compiler.
    [javac]   It is recommended that the compiler be upgraded.
    [javac] /root/.sdkman/candidates/java/8.0.302-open/lib/ct.sym(META-INF/sym/rt.jar/java/util/AbstractList.class): warning: Cannot find annotation method 'value()' in type 'Profile+Annotation'
    [javac] warning: /root/.sdkman/candidates/java/8.0.302-open/lib/ct.sym(META-INF/sym/rt.jar/java/util/AbstractCollection.class): major version 52 is newer than 51, the highest major version supported by this compiler.
    [javac]   It is recommended that the compiler be upgraded.
    [javac] /root/.sdkman/candidates/java/8.0.302-open/lib/ct.sym(META-INF/sym/rt.jar/java/util/AbstractCollection.class): warning: Cannot find annotation method 'value()' in type 'Profile+Annotation'
    [javac] /tmp/fix_test_suite.pl_15729_1702734327/llm/org/jsoup/nodes/LeafNode_LLMTest.java:24: error: cannot find symbol
    [javac]         assertEquals("One <span>two && &amp;</span> !@#$%^", TextUtil.stripNewlines(p.html()));
    [javac]                                                              ^
    [javac]   symbol:   variable TextUtil
    [javac]   location: class LeafNode_LLMTest
    [javac] /tmp/fix_test_suite.pl_15729_1702734327/llm/org/jsoup/nodes/LeafNode_LLMTest.java:28: error: cannot find symbol
    [javac]         assertEquals("One <span>two && &amp;</span>kablam @#$amp;", TextUtil.stripNewlines(p.html()));
    [javac]                                                                     ^
    [javac]   symbol:   variable TextUtil
    [javac]   location: class LeafNode_LLMTest
    [javac] warning: /root/.sdkman/candidates/java/8.0.302-open/lib/ct.sym(META-INF/sym/rt.jar/java/lang/Character.class): major version 52 is newer than 51, the highest major version supported by this compiler.
    [javac]   It is recommended that the compiler be upgraded.
    [javac] /root/.sdkman/candidates/java/8.0.302-open/lib/ct.sym(META-INF/sym/rt.jar/java/lang/Character.class): warning: Cannot find annotation method 'value()' in type 'Profile+Annotation'
    [javac] warning: /root/.sdkman/candidates/java/8.0.302-open/lib/ct.sym(META-INF/sym/rt.jar/java/lang/StringBuilder.class): major version 52 is newer than 51, the highest major version supported by this compiler.
    [javac]   It is recommended that the compiler be upgraded.
    [javac] /root/.sdkman/candidates/java/8.0.302-open/lib/ct.sym(META-INF/sym/rt.jar/java/lang/StringBuilder.class): warning: Cannot find annotation method 'value()' in type 'Profile+Annotation'
    [javac] warning: /root/.sdkman/candidates/java/8.0.302-open/lib/ct.sym(META-INF/sym/rt.jar/java/lang/StringBuffer.class): major version 52 is newer than 51, the highest major version supported by this compiler.
    [javac]   It is recommended that the compiler be upgraded.
    [javac] /root/.sdkman/candidates/java/8.0.302-open/lib/ct.sym(META-INF/sym/rt.jar/java/lang/StringBuffer.class): warning: Cannot find annotation method 'value()' in type 'Profile+Annotation'
    [javac] warning: /root/.sdkman/candidates/java/8.0.302-open/lib/ct.sym(META-INF/sym/rt.jar/java/util/Collection.class): major version 52 is newer than 51, the highest major version supported by this compiler.
    [javac]   It is recommended that the compiler be upgraded.
    [javac] /root/.sdkman/candidates/java/8.0.302-open/lib/ct.sym(META-INF/sym/rt.jar/java/util/Collection.class): warning: Cannot find annotation method 'value()' in type 'Profile+Annotation'
    [javac] warning: /root/.sdkman/candidates/java/8.0.302-open/lib/ct.sym(META-INF/sym/rt.jar/java/lang/Iterable.class): major version 52 is newer than 51, the highest major version supported by this compiler.
    [javac]   It is recommended that the compiler be upgraded.
    [javac] /root/.sdkman/candidates/java/8.0.302-open/lib/ct.sym(META-INF/sym/rt.jar/java/lang/Iterable.class): warning: Cannot find annotation method 'value()' in type 'Profile+Annotation'
    [javac] /tmp/fix_test_suite.pl_15729_1702734327/llm/org/jsoup/nodes/LeafNode_LLMTest.java:58: error: cannot find symbol
    [javac]         assertEquals("Hi <b>there</b>", TextUtil.stripNewlines(div.html())); // not great that we get \n<b>there there... must correct
    [javac]                                         ^
    [javac]   symbol:   variable TextUtil
    [javac]   location: class LeafNode_LLMTest
    [javac] /tmp/fix_test_suite.pl_15729_1702734327/llm/org/jsoup/nodes/LeafNode_LLMTest.java:77: error: cannot find symbol
    [javac]     attributes.setValue(value);
    [javac]               ^
    [javac]   symbol:   method setValue(String)
    [javac]   location: variable attributes of type Attributes
    [javac] /tmp/fix_test_suite.pl_15729_1702734327/llm/org/jsoup/nodes/LeafNode_LLMTest.java:83: error: cannot find symbol
    [javac]     assertEquals(value, attributes().getValue());
    [javac]                         ^
    [javac]   symbol:   method attributes()
    [javac]   location: class LeafNode_LLMTest
    [javac] /tmp/fix_test_suite.pl_15729_1702734327/llm/org/jsoup/nodes/LeafNode_LLMTest.java:89: error: cannot find symbol
    [javac]     attributes.setValue(null);
    [javac]               ^
    [javac]   symbol:   method setValue(<null>)
    [javac]   location: variable attributes of type Attributes
    [javac] /tmp/fix_test_suite.pl_15729_1702734327/llm/org/jsoup/nodes/LeafNode_LLMTest.java:92: error: cannot find symbol
    [javac]     assertNull(attributes().getValue());
    [javac]                ^
    [javac]   symbol:   method attributes()
    [javac]   location: class LeafNode_LLMTest
    [javac] /tmp/fix_test_suite.pl_15729_1702734327/llm/org/jsoup/nodes/LeafNode_LLMTest.java:100: error: cannot find symbol
    [javac]     assertNull(attributes().getValue());
    [javac]                ^
    [javac]   symbol:   method attributes()
    [javac]   location: class LeafNode_LLMTest
    [javac] warning: /root/.sdkman/candidates/java/8.0.302-open/lib/ct.sym(META-INF/sym/rt.jar/java/lang/Cloneable.class): major version 52 is newer than 51, the highest major version supported by this compiler.
    [javac]   It is recommended that the compiler be upgraded.
    [javac] /root/.sdkman/candidates/java/8.0.302-open/lib/ct.sym(META-INF/sym/rt.jar/java/lang/Cloneable.class): warning: Cannot find annotation method 'value()' in type 'Profile+Annotation'
    [javac] /tmp/fix_test_suite.pl_15729_1702734327/llm/org/jsoup/nodes/LeafNode_LLMTest.java:106: error: cannot find symbol
    [javac]     attributes.setValue(Attributes.DEFAULT_VALUE);
    [javac]                                   ^
    [javac]   symbol:   variable DEFAULT_VALUE
    [javac]   location: class Attributes
    [javac] /tmp/fix_test_suite.pl_15729_1702734327/llm/org/jsoup/nodes/LeafNode_LLMTest.java:109: error: cannot find symbol
    [javac]     assertEquals(Attributes.DEFAULT_VALUE, attributes().getValue());
    [javac]                            ^
    [javac]   symbol:   variable DEFAULT_VALUE
    [javac]   location: class Attributes
    [javac] /tmp/fix_test_suite.pl_15729_1702734327/llm/org/jsoup/nodes/LeafNode_LLMTest.java:109: error: cannot find symbol
    [javac]     assertEquals(Attributes.DEFAULT_VALUE, attributes().getValue());
    [javac]                                            ^
    [javac]   symbol:   method attributes()
    [javac]   location: class LeafNode_LLMTest
    [javac] /tmp/fix_test_suite.pl_15729_1702734327/llm/org/jsoup/nodes/LeafNode_LLMTest.java:113: error: cannot find symbol
    [javac]         Field field = MyClass.class.getDeclaredField("value");
    [javac]         ^
    [javac]   symbol:   class Field
    [javac]   location: class LeafNode_LLMTest
    [javac] /tmp/fix_test_suite.pl_15729_1702734327/llm/org/jsoup/nodes/LeafNode_LLMTest.java:113: error: cannot find symbol
    [javac]         Field field = MyClass.class.getDeclaredField("value");
    [javac]                       ^
    [javac]   symbol:   class MyClass
    [javac]   location: class LeafNode_LLMTest
    [javac] /tmp/fix_test_suite.pl_15729_1702734327/llm/org/jsoup/nodes/LeafNode_LLMTest.java:115: error: cannot find symbol
    [javac]         field.set(myObject, attributes);
    [javac]                   ^
    [javac]   symbol:   variable myObject
    [javac]   location: class LeafNode_LLMTest
    [javac] warning: /root/.sdkman/candidates/java/8.0.302-open/lib/ct.sym(META-INF/sym/rt.jar/java/lang/NoSuchFieldException.class): major version 52 is newer than 51, the highest major version supported by this compiler.
    [javac]   It is recommended that the compiler be upgraded.
    [javac] /root/.sdkman/candidates/java/8.0.302-open/lib/ct.sym(META-INF/sym/rt.jar/java/lang/NoSuchFieldException.class): warning: Cannot find annotation method 'value()' in type 'Profile+Annotation'
    [javac] warning: /root/.sdkman/candidates/java/8.0.302-open/lib/ct.sym(META-INF/sym/rt.jar/java/lang/ReflectiveOperationException.class): major version 52 is newer than 51, the highest major version supported by this compiler.
    [javac]   It is recommended that the compiler be upgraded.
    [javac] /root/.sdkman/candidates/java/8.0.302-open/lib/ct.sym(META-INF/sym/rt.jar/java/lang/ReflectiveOperationException.class): warning: Cannot find annotation method 'value()' in type 'Profile+Annotation'
    [javac] warning: /root/.sdkman/candidates/java/8.0.302-open/lib/ct.sym(META-INF/sym/rt.jar/java/lang/Throwable.class): major version 52 is newer than 51, the highest major version supported by this compiler.
    [javac]   It is recommended that the compiler be upgraded.
    [javac] /root/.sdkman/candidates/java/8.0.302-open/lib/ct.sym(META-INF/sym/rt.jar/java/lang/Throwable.class): warning: Cannot find annotation method 'value()' in type 'Profile+Annotation'
    [javac] warning: /root/.sdkman/candidates/java/8.0.302-open/lib/ct.sym(META-INF/sym/rt.jar/java/lang/IllegalAccessException.class): major version 52 is newer than 51, the highest major version supported by this compiler.
    [javac]   It is recommended that the compiler be upgraded.
    [javac] /root/.sdkman/candidates/java/8.0.302-open/lib/ct.sym(META-INF/sym/rt.jar/java/lang/IllegalAccessException.class): warning: Cannot find annotation method 'value()' in type 'Profile+Annotation'
    [javac] warning: /root/.sdkman/candidates/java/8.0.302-open/lib/ct.sym(META-INF/sym/rt.jar/java/io/Serializable.class): major version 52 is newer than 51, the highest major version supported by this compiler.
    [javac]   It is recommended that the compiler be upgraded.
    [javac] /root/.sdkman/candidates/java/8.0.302-open/lib/ct.sym(META-INF/sym/rt.jar/java/io/Serializable.class): warning: Cannot find annotation method 'value()' in type 'Profile+Annotation'
    [javac] /tmp/fix_test_suite.pl_15729_1702734327/llm/org/jsoup/nodes/LeafNode_LLMTest.java:123: error: cannot find symbol
    [javac]     assertNull(value); // Original test case
    [javac]                ^
    [javac]   symbol:   variable value
    [javac]   location: class LeafNode_LLMTest
    [javac] /tmp/fix_test_suite.pl_15729_1702734327/llm/org/jsoup/nodes/LeafNode_LLMTest.java:124: error: method ensureAttributes in class LeafNode_LLMTest cannot be applied to given types;
    [javac]     ensureAttributes();
    [javac]     ^
    [javac]   required: Attributes
    [javac]   found: no arguments
    [javac]   reason: actual and formal argument lists differ in length
    [javac] /tmp/fix_test_suite.pl_15729_1702734327/llm/org/jsoup/nodes/LeafNode_LLMTest.java:125: error: cannot find symbol
    [javac]     assertNotNull(value);
    [javac]                   ^
    [javac]   symbol:   variable value
    [javac]   location: class LeafNode_LLMTest
    [javac] /tmp/fix_test_suite.pl_15729_1702734327/llm/org/jsoup/nodes/LeafNode_LLMTest.java:128: error: cannot find symbol
    [javac]     value = "test";
    [javac]     ^
    [javac]   symbol:   variable value
    [javac]   location: class LeafNode_LLMTest
    [javac] /tmp/fix_test_suite.pl_15729_1702734327/llm/org/jsoup/nodes/LeafNode_LLMTest.java:129: error: method ensureAttributes in class LeafNode_LLMTest cannot be applied to given types;
    [javac]     ensureAttributes();
    [javac]     ^
    [javac]   required: Attributes
    [javac]   found: no arguments
    [javac]   reason: actual and formal argument lists differ in length
    [javac] /tmp/fix_test_suite.pl_15729_1702734327/llm/org/jsoup/nodes/LeafNode_LLMTest.java:130: error: cannot find symbol
    [javac]     assertTrue(value instanceof Attributes);
    [javac]                ^
    [javac]   symbol:   variable value
    [javac]   location: class LeafNode_LLMTest
    [javac] /tmp/fix_test_suite.pl_15729_1702734327/llm/org/jsoup/nodes/LeafNode_LLMTest.java:133: error: cannot find symbol
    [javac]     value = new Attributes();
    [javac]     ^
    [javac]   symbol:   variable value
    [javac]   location: class LeafNode_LLMTest
    [javac] /tmp/fix_test_suite.pl_15729_1702734327/llm/org/jsoup/nodes/LeafNode_LLMTest.java:134: error: cannot find symbol
    [javac]     assertEquals(0, ((Attributes) value).size()); // Original test case
    [javac]                                   ^
    [javac]   symbol:   variable value
    [javac]   location: class LeafNode_LLMTest
    [javac] /tmp/fix_test_suite.pl_15729_1702734327/llm/org/jsoup/nodes/LeafNode_LLMTest.java:135: error: method ensureAttributes in class LeafNode_LLMTest cannot be applied to given types;
    [javac]     ensureAttributes();
    [javac]     ^
    [javac]   required: Attributes
    [javac]   found: no arguments
    [javac]   reason: actual and formal argument lists differ in length
    [javac] /tmp/fix_test_suite.pl_15729_1702734327/llm/org/jsoup/nodes/LeafNode_LLMTest.java:136: error: cannot find symbol
    [javac]     assertEquals(1, ((Attributes) value).size());
    [javac]                                   ^
    [javac]   symbol:   variable value
    [javac]   location: class LeafNode_LLMTest
    [javac] /tmp/fix_test_suite.pl_15729_1702734327/llm/org/jsoup/nodes/LeafNode_LLMTest.java:151: error: cannot find symbol
    [javac]         assertEquals("One <span>two &amp;</span> POW!", TextUtil.stripNewlines(p.html()));
    [javac]                                                         ^
    [javac]   symbol:   variable TextUtil
    [javac]   location: class LeafNode_LLMTest
    [javac] /tmp/fix_test_suite.pl_15729_1702734327/llm/org/jsoup/nodes/LeafNode_LLMTest.java:155: error: cannot find symbol
    [javac]         assertEquals("One <span>two &amp;</span>kablam &amp;", TextUtil.stripNewlines(p.html()));
    [javac]                                                                ^
    [javac]   symbol:   variable TextUtil
    [javac]   location: class LeafNode_LLMTest
    [javac] /tmp/fix_test_suite.pl_15729_1702734327/llm/org/jsoup/nodes/LeafNode_LLMTest.java:170: error: cannot find symbol
    [javac]         assertEquals("One <span>two &amp;</span> POW!", TextUtil.stripNewlines(p.html()));
    [javac]                                                         ^
    [javac]   symbol:   variable TextUtil
    [javac]   location: class LeafNode_LLMTest
    [javac] /tmp/fix_test_suite.pl_15729_1702734327/llm/org/jsoup/nodes/LeafNode_LLMTest.java:174: error: cannot find symbol
    [javac]         assertEquals("One <span>two &amp;</span>kablam &amp;", TextUtil.stripNewlines(p.html()));
    [javac]                                                                ^
    [javac]   symbol:   variable TextUtil
    [javac]   location: class LeafNode_LLMTest
    [javac] /tmp/fix_test_suite.pl_15729_1702734327/llm/org/jsoup/nodes/LeafNode_LLMTest.java:189: error: cannot find symbol
    [javac]         assertEquals("One <span>two &amp;</span> POW!", TextUtil.stripNewlines(p.html()));
    [javac]                                                         ^
    [javac]   symbol:   variable TextUtil
    [javac]   location: class LeafNode_LLMTest
    [javac] /tmp/fix_test_suite.pl_15729_1702734327/llm/org/jsoup/nodes/LeafNode_LLMTest.java:193: error: cannot find symbol
    [javac]         assertEquals("One <span>two &amp;</span>kablam &amp;", TextUtil.stripNewlines(p.html()));
    [javac]                                                                ^
    [javac]   symbol:   variable TextUtil
    [javac]   location: class LeafNode_LLMTest
    [javac] /tmp/fix_test_suite.pl_15729_1702734327/llm/org/jsoup/nodes/LeafNode_LLMTest.java:208: error: cannot find symbol
    [javac]         assertEquals("One <span>two &amp;</span> POW!", TextUtil.stripNewlines(p.html()));
    [javac]                                                         ^
    [javac]   symbol:   variable TextUtil
    [javac]   location: class LeafNode_LLMTest
    [javac] /tmp/fix_test_suite.pl_15729_1702734327/llm/org/jsoup/nodes/LeafNode_LLMTest.java:212: error: cannot find symbol
    [javac]         assertEquals("One <span>two &amp;</span>kablam &amp;", TextUtil.stripNewlines(p.html()));
    [javac]                                                                ^
    [javac]   symbol:   variable TextUtil
    [javac]   location: class LeafNode_LLMTest
    [javac] /tmp/fix_test_suite.pl_15729_1702734327/llm/org/jsoup/nodes/LeafNode_LLMTest.java:227: error: cannot find symbol
    [javac]         assertEquals("One <span>two &amp;</span> POW!", TextUtil.stripNewlines(p.html()));
    [javac]                                                         ^
    [javac]   symbol:   variable TextUtil
    [javac]   location: class LeafNode_LLMTest
    [javac] /tmp/fix_test_suite.pl_15729_1702734327/llm/org/jsoup/nodes/LeafNode_LLMTest.java:231: error: cannot find symbol
    [javac]         assertEquals("One <span>two &amp;</span>kablam &amp;", TextUtil.stripNewlines(p.html()));
    [javac]                                                                ^
    [javac]   symbol:   variable TextUtil
    [javac]   location: class LeafNode_LLMTest
    [javac] /tmp/fix_test_suite.pl_15729_1702734327/llm/org/jsoup/nodes/LeafNode_LLMTest.java:246: error: cannot find symbol
    [javac]         assertEquals("One <span>two &amp;</span> POW!", TextUtil.stripNewlines(p.html()));
    [javac]                                                         ^
    [javac]   symbol:   variable TextUtil
    [javac]   location: class LeafNode_LLMTest
    [javac] /tmp/fix_test_suite.pl_15729_1702734327/llm/org/jsoup/nodes/LeafNode_LLMTest.java:250: error: cannot find symbol
    [javac]         assertEquals("One <span>two &amp;</span>kablam &amp;", TextUtil.stripNewlines(p.html()));
    [javac]                                                                ^
    [javac]   symbol:   variable TextUtil
    [javac]   location: class LeafNode_LLMTest
    [javac] /tmp/fix_test_suite.pl_15729_1702734327/llm/org/jsoup/nodes/LeafNode_LLMTest.java:277: error: cannot find symbol
    [javac]         assertEquals("Hello <b>there</b>", TextUtil.stripNewlines(div.html())); // not great that we get \n<b>there there... must correct
    [javac]                                            ^
    [javac]   symbol:   variable TextUtil
    [javac]   location: class LeafNode_LLMTest
    [javac] /tmp/fix_test_suite.pl_15729_1702734327/llm/org/jsoup/nodes/LeafNode_LLMTest.java:303: error: cannot find symbol
    [javac]         assertEquals("One <span>two &amp;</span>", TextUtil.stripNewlines(p.html()));
    [javac]                                                    ^
    [javac]   symbol:   variable TextUtil
    [javac]   location: class LeafNode_LLMTest
    [javac] /tmp/fix_test_suite.pl_15729_1702734327/llm/org/jsoup/nodes/LeafNode_LLMTest.java:307: error: cannot find symbol
    [javac]         assertEquals("One <span>two &amp;</span>kablam &amp;", TextUtil.stripNewlines(p.html()));
    [javac]                                                                ^
    [javac]   symbol:   variable TextUtil
    [javac]   location: class LeafNode_LLMTest
    [javac] /tmp/fix_test_suite.pl_15729_1702734327/llm/org/jsoup/nodes/LeafNode_LLMTest.java:322: error: cannot find symbol
    [javac]         assertEquals("One <span>two &amp;</span>This is a very long value that exceeds the expected limit.", TextUtil.stripNewlines(p.html()));
    [javac]                                                                                                              ^
    [javac]   symbol:   variable TextUtil
    [javac]   location: class LeafNode_LLMTest
    [javac] /tmp/fix_test_suite.pl_15729_1702734327/llm/org/jsoup/nodes/LeafNode_LLMTest.java:326: error: cannot find symbol
    [javac]         assertEquals("One <span>two &amp;</span>kablam &amp;", TextUtil.stripNewlines(p.html()));
    [javac]                                                                ^
    [javac]   symbol:   variable TextUtil
    [javac]   location: class LeafNode_LLMTest
    [javac] /tmp/fix_test_suite.pl_15729_1702734327/llm/org/jsoup/nodes/LeafNode_LLMTest.java:341: error: cannot find symbol
    [javac]         assertEquals("One <span>two &amp;</span>     ", TextUtil.stripNewlines(p.html()));
    [javac]                                                         ^
    [javac]   symbol:   variable TextUtil
    [javac]   location: class LeafNode_LLMTest
    [javac] /tmp/fix_test_suite.pl_15729_1702734327/llm/org/jsoup/nodes/LeafNode_LLMTest.java:345: error: cannot find symbol
    [javac]         assertEquals("One <span>two &amp;</span>kablam &amp;", TextUtil.stripNewlines(p.html()));
    [javac]                                                                ^
    [javac]   symbol:   variable TextUtil
    [javac]   location: class LeafNode_LLMTest
    [javac] /tmp/fix_test_suite.pl_15729_1702734327/llm/org/jsoup/nodes/LeafNode_LLMTest.java:360: error: cannot find symbol
    [javac]         assertEquals("One <span>two &amp;</span>\n\n", TextUtil.stripNewlines(p.html()));
    [javac]                                                        ^
    [javac]   symbol:   variable TextUtil
    [javac]   location: class LeafNode_LLMTest
    [javac] /tmp/fix_test_suite.pl_15729_1702734327/llm/org/jsoup/nodes/LeafNode_LLMTest.java:364: error: cannot find symbol
    [javac]         assertEquals("One <span>two &amp;</span>kablam &amp;", TextUtil.stripNewlines(p.html()));
    [javac]                                                                ^
    [javac]   symbol:   variable TextUtil
    [javac]   location: class LeafNode_LLMTest
    [javac] /tmp/fix_test_suite.pl_15729_1702734327/llm/org/jsoup/nodes/LeafNode_LLMTest.java:379: error: cannot find symbol
    [javac]         assertEquals("One <span>two &amp;</span> POW!", TextUtil.stripNewlines(p.html()));
    [javac]                                                         ^
    [javac]   symbol:   variable TextUtil
    [javac]   location: class LeafNode_LLMTest
    [javac] /tmp/fix_test_suite.pl_15729_1702734327/llm/org/jsoup/nodes/LeafNode_LLMTest.java:383: error: cannot find symbol
    [javac]         assertEquals("One <span>two &amp;</span>kablam &amp;", TextUtil.stripNewlines(p.html()));
    [javac]                                                                ^
    [javac]   symbol:   variable TextUtil
    [javac]   location: class LeafNode_LLMTest
    [javac] /tmp/fix_test_suite.pl_15729_1702734327/llm/org/jsoup/nodes/LeafNode_LLMTest.java:398: error: cannot find symbol
    [javac]         assertEquals("One <span>two &amp;</span>", TextUtil.stripNewlines(p.html()));
    [javac]                                                    ^
    [javac]   symbol:   variable TextUtil
    [javac]   location: class LeafNode_LLMTest
    [javac] /tmp/fix_test_suite.pl_15729_1702734327/llm/org/jsoup/nodes/LeafNode_LLMTest.java:402: error: cannot find symbol
    [javac]         assertEquals("One <span>two &amp;</span>kablam &amp;", TextUtil.stripNewlines(p.html()));
    [javac]                                                                ^
    [javac]   symbol:   variable TextUtil
    [javac]   location: class LeafNode_LLMTest
    [javac] /tmp/fix_test_suite.pl_15729_1702734327/llm/org/jsoup/nodes/LeafNode_LLMTest.java:417: error: cannot find symbol
    [javac]         assertEquals("One <span>two &amp;</span>", TextUtil.stripNewlines(p.html()));
    [javac]                                                    ^
    [javac]   symbol:   variable TextUtil
    [javac]   location: class LeafNode_LLMTest
    [javac] /tmp/fix_test_suite.pl_15729_1702734327/llm/org/jsoup/nodes/LeafNode_LLMTest.java:421: error: cannot find symbol
    [javac]         assertEquals("One <span>two &amp;</span>kablam &amp;", TextUtil.stripNewlines(p.html()));
    [javac]                                                                ^
    [javac]   symbol:   variable TextUtil
    [javac]   location: class LeafNode_LLMTest
    [javac] /tmp/fix_test_suite.pl_15729_1702734327/llm/org/jsoup/nodes/LeafNode_LLMTest.java:487: error: cannot find symbol
    [javac]         assertEquals("Hello <b>there</b>", TextUtil.stripNewlines(div.html())); // not great that we get \n<b>there there... must correct
    [javac]                                            ^
    [javac]   symbol:   variable TextUtil
    [javac]   location: class LeafNode_LLMTest
    [javac] /tmp/fix_test_suite.pl_15729_1702734327/llm/org/jsoup/nodes/LeafNode_LLMTest.java:524: error: cannot find symbol
    [javac]     assertEquals("One <span>two &amp;</span> POW!", TextUtil.stripNewlines(p.html()));
    [javac]                                                     ^
    [javac]   symbol:   variable TextUtil
    [javac]   location: class LeafNode_LLMTest
    [javac] /tmp/fix_test_suite.pl_15729_1702734327/llm/org/jsoup/nodes/LeafNode_LLMTest.java:528: error: cannot find symbol
    [javac]     assertEquals("One <span>two &amp;</span>kablam &amp;", TextUtil.stripNewlines(p.html()));
    [javac]                                                            ^
    [javac]   symbol:   variable TextUtil
    [javac]   location: class LeafNode_LLMTest
    [javac] /tmp/fix_test_suite.pl_15729_1702734327/llm/org/jsoup/nodes/LeafNode_LLMTest.java:555: error: cannot find symbol
    [javac]     assertEquals("Hello <b>there</b>", TextUtil.stripNewlines(div.html())); // not great that we get \n<b>there there... must correct
    [javac]                                        ^
    [javac]   symbol:   variable TextUtil
    [javac]   location: class LeafNode_LLMTest
    [javac] /tmp/fix_test_suite.pl_15729_1702734327/llm/org/jsoup/nodes/LeafNode_LLMTest.java:586: error: cannot find symbol
    [javac]     assertFalse(hasAttr("class"));
    [javac]                 ^
    [javac]   symbol:   method hasAttr(String)
    [javac]   location: class LeafNode_LLMTest
    [javac] /tmp/fix_test_suite.pl_15729_1702734327/llm/org/jsoup/nodes/LeafNode_LLMTest.java:594: error: cannot find symbol
    [javac]     assertFalse(hasAttr(""));
    [javac]                 ^
    [javac]   symbol:   method hasAttr(String)
    [javac]   location: class LeafNode_LLMTest
    [javac] /tmp/fix_test_suite.pl_15729_1702734327/llm/org/jsoup/nodes/LeafNode_LLMTest.java:602: error: cannot find symbol
    [javac]     assertFalse(hasAttr(null));
    [javac]                 ^
    [javac]   symbol:   method hasAttr(<null>)
    [javac]   location: class LeafNode_LLMTest
    [javac] /tmp/fix_test_suite.pl_15729_1702734327/llm/org/jsoup/nodes/LeafNode_LLMTest.java:610: error: cannot find symbol
    [javac]     assertFalse(hasAttr("class"));
    [javac]                 ^
    [javac]   symbol:   method hasAttr(String)
    [javac]   location: class LeafNode_LLMTest
    [javac] /tmp/fix_test_suite.pl_15729_1702734327/llm/org/jsoup/nodes/LeafNode_LLMTest.java:616: error: cannot find symbol
    [javac]     String result = objUnderTest.absUrl(null);
    [javac]                     ^
    [javac]   symbol:   variable objUnderTest
    [javac]   location: class LeafNode_LLMTest
    [javac] /tmp/fix_test_suite.pl_15729_1702734327/llm/org/jsoup/nodes/LeafNode_LLMTest.java:621: error: cannot find symbol
    [javac]     String result = objUnderTest.absUrl("");
    [javac]                     ^
    [javac]   symbol:   variable objUnderTest
    [javac]   location: class LeafNode_LLMTest
    [javac] /tmp/fix_test_suite.pl_15729_1702734327/llm/org/jsoup/nodes/LeafNode_LLMTest.java:626: error: cannot find symbol
    [javac]     String result = objUnderTest.absUrl("href");
    [javac]                     ^
    [javac]   symbol:   variable objUnderTest
    [javac]   location: class LeafNode_LLMTest
    [javac] /tmp/fix_test_suite.pl_15729_1702734327/llm/org/jsoup/nodes/LeafNode_LLMTest.java:631: error: cannot find symbol
    [javac]     String result = objUnderTest.absUrl("invalidKey");
    [javac]                     ^
    [javac]   symbol:   variable objUnderTest
    [javac]   location: class LeafNode_LLMTest
    [javac] warning: /root/.sdkman/candidates/java/8.0.302-open/lib/ct.sym(META-INF/sym/rt.jar/java/net/URL.class): major version 52 is newer than 51, the highest major version supported by this compiler.
    [javac]   It is recommended that the compiler be upgraded.
    [javac] /root/.sdkman/candidates/java/8.0.302-open/lib/ct.sym(META-INF/sym/rt.jar/java/net/URL.class): warning: Cannot find annotation method 'value()' in type 'Profile+Annotation'
    [javac] warning: /root/.sdkman/candidates/java/8.0.302-open/lib/ct.sym(META-INF/sym/rt.jar/java/io/File.class): major version 52 is newer than 51, the highest major version supported by this compiler.
    [javac]   It is recommended that the compiler be upgraded.
    [javac] /root/.sdkman/candidates/java/8.0.302-open/lib/ct.sym(META-INF/sym/rt.jar/java/io/File.class): warning: Cannot find annotation method 'value()' in type 'Profile+Annotation'
    [javac] /tmp/fix_test_suite.pl_15729_1702734327/llm/org/jsoup/nodes/LeafNode_LLMTest.java:655: error: cannot find symbol
    [javac]     underTest.doSetBaseUri("");
    [javac]     ^
    [javac]   symbol:   variable underTest
    [javac]   location: class LeafNode_LLMTest
    [javac] /tmp/fix_test_suite.pl_15729_1702734327/llm/org/jsoup/nodes/LeafNode_LLMTest.java:656: error: cannot find symbol
    [javac]     assertEquals("", underTest.getBaseUri());
    [javac]                      ^
    [javac]   symbol:   variable underTest
    [javac]   location: class LeafNode_LLMTest
    [javac] /tmp/fix_test_suite.pl_15729_1702734327/llm/org/jsoup/nodes/LeafNode_LLMTest.java:660: error: cannot find symbol
    [javac]     underTest.doSetBaseUri("http://www.example.com");
    [javac]     ^
    [javac]   symbol:   variable underTest
    [javac]   location: class LeafNode_LLMTest
    [javac] /tmp/fix_test_suite.pl_15729_1702734327/llm/org/jsoup/nodes/LeafNode_LLMTest.java:661: error: cannot find symbol
    [javac]     assertEquals("http://www.example.com", underTest.getBaseUri());
    [javac]                                            ^
    [javac]   symbol:   variable underTest
    [javac]   location: class LeafNode_LLMTest
    [javac] /tmp/fix_test_suite.pl_15729_1702734327/llm/org/jsoup/nodes/LeafNode_LLMTest.java:665: error: cannot find symbol
    [javac]     underTest.doSetBaseUri(null);
    [javac]     ^
    [javac]   symbol:   variable underTest
    [javac]   location: class LeafNode_LLMTest
    [javac] /tmp/fix_test_suite.pl_15729_1702734327/llm/org/jsoup/nodes/LeafNode_LLMTest.java:666: error: cannot find symbol
    [javac]     assertNull(underTest.getBaseUri());
    [javac]                ^
    [javac]   symbol:   variable underTest
    [javac]   location: class LeafNode_LLMTest
    [javac] /tmp/fix_test_suite.pl_15729_1702734327/llm/org/jsoup/nodes/LeafNode_LLMTest.java:681: error: cannot find symbol
    [javac]         assertEquals("One <span>two &amp;</span> POW!", TextUtil.stripNewlines(p.html()));
    [javac]                                                         ^
    [javac]   symbol:   variable TextUtil
    [javac]   location: class LeafNode_LLMTest
    [javac] /tmp/fix_test_suite.pl_15729_1702734327/llm/org/jsoup/nodes/LeafNode_LLMTest.java:685: error: cannot find symbol
    [javac]         assertEquals("One <span>two &amp;</span>kablam &amp;", TextUtil.stripNewlines(p.html()));
    [javac]                                                                ^
    [javac]   symbol:   variable TextUtil
    [javac]   location: class LeafNode_LLMTest
    [javac] /tmp/fix_test_suite.pl_15729_1702734327/llm/org/jsoup/nodes/LeafNode_LLMTest.java:699: error: cannot find symbol
    [javac]         assertEquals("Hello <b>there</b>", TextUtil.stripNewlines(div.html())); // not great that we get \n<b>there there... must correct
    [javac]                                            ^
    [javac]   symbol:   variable TextUtil
    [javac]   location: class LeafNode_LLMTest
    [javac] /tmp/fix_test_suite.pl_15729_1702734327/llm/org/jsoup/nodes/LeafNode_LLMTest.java:744: error: cannot find symbol
    [javac]         assertEquals("One <span>two &amp;</span> POW!", TextUtil.stripNewlines(p.html()));
    [javac]                                                         ^
    [javac]   symbol:   variable TextUtil
    [javac]   location: class LeafNode_LLMTest
    [javac] /tmp/fix_test_suite.pl_15729_1702734327/llm/org/jsoup/nodes/LeafNode_LLMTest.java:748: error: cannot find symbol
    [javac]         assertEquals("One <span>two &amp;</span>kablam &amp;", TextUtil.stripNewlines(p.html()));
    [javac]                                                                ^
    [javac]   symbol:   variable TextUtil
    [javac]   location: class LeafNode_LLMTest
    [javac] /tmp/fix_test_suite.pl_15729_1702734327/llm/org/jsoup/nodes/LeafNode_LLMTest.java:762: error: cannot find symbol
    [javac]         assertEquals("Hello <b>there</b>", TextUtil.stripNewlines(div.html())); // not great that we get \n<b>there there... must correct
    [javac]                                            ^
    [javac]   symbol:   variable TextUtil
    [javac]   location: class LeafNode_LLMTest
    [javac] 76 errors
    [javac] 60 warnings

BUILD FAILED
/defects4j/framework/projects/defects4j.build.xml:265: Compile failed; see the compiler error output for details.

Total time: 1 second
