- Compilation issues: Jsoup-79b-llm.27.tar.bz2
Picked up JAVA_TOOL_OPTIONS: -Dfile.encoding=UTF8
OpenJDK 64-Bit Server VM warning: ignoring option MaxPermSize=1G; support was removed in 8.0
Buildfile: /defects4j/framework/projects/defects4j.build.xml

test-offline:

get-deps:

jsoup-from-maven.compile:
    [mkdir] Created dir: /tmp/fix_test_suite.pl_13661_1702733964/target/classes
    [javac] /tmp/fix_test_suite.pl_13661_1702733964/maven-build.xml:84: warning: 'includeantruntime' was not set, defaulting to build.sysclasspath=last; set to false for repeatable builds
    [javac] Compiling 67 source files to /tmp/fix_test_suite.pl_13661_1702733964/target/classes
    [javac] warning: /root/.sdkman/candidates/java/8.0.302-open/lib/ct.sym(META-INF/sym/rt.jar/java/io/BufferedInputStream.class): major version 52 is newer than 51, the highest major version supported by this compiler.
    [javac]   It is recommended that the compiler be upgraded.
    [javac] warning: /root/.sdkman/candidates/java/8.0.302-open/lib/ct.sym(META-INF/sym/rt.jar/java/io/IOException.class): major version 52 is newer than 51, the highest major version supported by this compiler.
    [javac]   It is recommended that the compiler be upgraded.
    [javac] warning: /root/.sdkman/candidates/java/8.0.302-open/lib/ct.sym(META-INF/sym/rt.jar/java/io/InputStream.class): major version 52 is newer than 51, the highest major version supported by this compiler.
    [javac]   It is recommended that the compiler be upgraded.
    [javac] warning: /root/.sdkman/candidates/java/8.0.302-open/lib/ct.sym(META-INF/sym/rt.jar/java/net/Proxy.class): major version 52 is newer than 51, the highest major version supported by this compiler.
    [javac]   It is recommended that the compiler be upgraded.
    [javac] warning: /root/.sdkman/candidates/java/8.0.302-open/lib/ct.sym(META-INF/sym/rt.jar/java/net/URL.class): major version 52 is newer than 51, the highest major version supported by this compiler.
    [javac]   It is recommended that the compiler be upgraded.
    [javac] warning: /root/.sdkman/candidates/java/8.0.302-open/lib/ct.sym(META-INF/sym/rt.jar/java/util/Collection.class): major version 52 is newer than 51, the highest major version supported by this compiler.
    [javac]   It is recommended that the compiler be upgraded.
    [javac] warning: /root/.sdkman/candidates/java/8.0.302-open/lib/ct.sym(META-INF/sym/rt.jar/java/util/List.class): major version 52 is newer than 51, the highest major version supported by this compiler.
    [javac]   It is recommended that the compiler be upgraded.
    [javac] warning: /root/.sdkman/candidates/java/8.0.302-open/lib/ct.sym(META-INF/sym/rt.jar/java/util/Map.class): major version 52 is newer than 51, the highest major version supported by this compiler.
    [javac]   It is recommended that the compiler be upgraded.
    [javac] warning: /root/.sdkman/candidates/java/8.0.302-open/lib/ct.sym(META-INF/sym/rt.jar/java/lang/Object.class): major version 52 is newer than 51, the highest major version supported by this compiler.
    [javac]   It is recommended that the compiler be upgraded.
    [javac] warning: /root/.sdkman/candidates/java/8.0.302-open/lib/ct.sym(META-INF/sym/rt.jar/java/lang/String.class): major version 52 is newer than 51, the highest major version supported by this compiler.
    [javac]   It is recommended that the compiler be upgraded.
    [javac] warning: /root/.sdkman/candidates/java/8.0.302-open/lib/ct.sym(META-INF/sym/rt.jar/java/lang/Enum.class): major version 52 is newer than 51, the highest major version supported by this compiler.
    [javac]   It is recommended that the compiler be upgraded.
    [javac] warning: /root/.sdkman/candidates/java/8.0.302-open/lib/ct.sym(META-INF/sym/rt.jar/java/lang/Comparable.class): major version 52 is newer than 51, the highest major version supported by this compiler.
    [javac]   It is recommended that the compiler be upgraded.
    [javac] warning: /root/.sdkman/candidates/java/8.0.302-open/lib/ct.sym(META-INF/sym/rt.jar/java/io/Serializable.class): major version 52 is newer than 51, the highest major version supported by this compiler.
    [javac]   It is recommended that the compiler be upgraded.
    [javac] warning: /root/.sdkman/candidates/java/8.0.302-open/lib/ct.sym(META-INF/sym/rt.jar/java/io/Reader.class): major version 52 is newer than 51, the highest major version supported by this compiler.
    [javac]   It is recommended that the compiler be upgraded.
    [javac] warning: /root/.sdkman/candidates/java/8.0.302-open/lib/ct.sym(META-INF/sym/rt.jar/java/io/StringReader.class): major version 52 is newer than 51, the highest major version supported by this compiler.
    [javac]   It is recommended that the compiler be upgraded.
    [javac] warning: /root/.sdkman/candidates/java/8.0.302-open/lib/ct.sym(META-INF/sym/rt.jar/java/nio/charset/Charset.class): major version 52 is newer than 51, the highest major version supported by this compiler.
    [javac]   It is recommended that the compiler be upgraded.
    [javac] warning: /root/.sdkman/candidates/java/8.0.302-open/lib/ct.sym(META-INF/sym/rt.jar/java/nio/charset/CharsetEncoder.class): major version 52 is newer than 51, the highest major version supported by this compiler.
    [javac]   It is recommended that the compiler be upgraded.
    [javac] warning: /root/.sdkman/candidates/java/8.0.302-open/lib/ct.sym(META-INF/sym/rt.jar/java/util/ArrayList.class): major version 52 is newer than 51, the highest major version supported by this compiler.
    [javac]   It is recommended that the compiler be upgraded.
    [javac] warning: /root/.sdkman/candidates/java/8.0.302-open/lib/ct.sym(META-INF/sym/rt.jar/java/lang/ref/WeakReference.class): major version 52 is newer than 51, the highest major version supported by this compiler.
    [javac]   It is recommended that the compiler be upgraded.
    [javac] warning: /root/.sdkman/candidates/java/8.0.302-open/lib/ct.sym(META-INF/sym/rt.jar/java/util/Arrays.class): major version 52 is newer than 51, the highest major version supported by this compiler.
    [javac]   It is recommended that the compiler be upgraded.
    [javac] warning: /root/.sdkman/candidates/java/8.0.302-open/lib/ct.sym(META-INF/sym/rt.jar/java/util/Collections.class): major version 52 is newer than 51, the highest major version supported by this compiler.
    [javac]   It is recommended that the compiler be upgraded.
    [javac] warning: /root/.sdkman/candidates/java/8.0.302-open/lib/ct.sym(META-INF/sym/rt.jar/java/util/LinkedHashSet.class): major version 52 is newer than 51, the highest major version supported by this compiler.
    [javac]   It is recommended that the compiler be upgraded.
    [javac] warning: /root/.sdkman/candidates/java/8.0.302-open/lib/ct.sym(META-INF/sym/rt.jar/java/util/Set.class): major version 52 is newer than 51, the highest major version supported by this compiler.
    [javac]   It is recommended that the compiler be upgraded.
    [javac] warning: /root/.sdkman/candidates/java/8.0.302-open/lib/ct.sym(META-INF/sym/rt.jar/java/util/regex/Pattern.class): major version 52 is newer than 51, the highest major version supported by this compiler.
    [javac]   It is recommended that the compiler be upgraded.
    [javac] warning: /root/.sdkman/candidates/java/8.0.302-open/lib/ct.sym(META-INF/sym/rt.jar/java/util/regex/PatternSyntaxException.class): major version 52 is newer than 51, the highest major version supported by this compiler.
    [javac]   It is recommended that the compiler be upgraded.
    [javac] warning: /root/.sdkman/candidates/java/8.0.302-open/lib/ct.sym(META-INF/sym/rt.jar/java/util/Locale.class): major version 52 is newer than 51, the highest major version supported by this compiler.
    [javac]   It is recommended that the compiler be upgraded.
    [javac] warning: /root/.sdkman/candidates/java/8.0.302-open/lib/ct.sym(META-INF/sym/rt.jar/java/lang/Cloneable.class): major version 52 is newer than 51, the highest major version supported by this compiler.
    [javac]   It is recommended that the compiler be upgraded.
    [javac] warning: /root/.sdkman/candidates/java/8.0.302-open/lib/ct.sym(META-INF/sym/rt.jar/java/lang/Iterable.class): major version 52 is newer than 51, the highest major version supported by this compiler.
    [javac]   It is recommended that the compiler be upgraded.
    [javac] warning: /root/.sdkman/candidates/java/8.0.302-open/lib/ct.sym(META-INF/sym/rt.jar/java/util/RandomAccess.class): major version 52 is newer than 51, the highest major version supported by this compiler.
    [javac]   It is recommended that the compiler be upgraded.
    [javac] warning: /root/.sdkman/candidates/java/8.0.302-open/lib/ct.sym(META-INF/sym/rt.jar/java/util/AbstractList.class): major version 52 is newer than 51, the highest major version supported by this compiler.
    [javac]   It is recommended that the compiler be upgraded.
    [javac] warning: /root/.sdkman/candidates/java/8.0.302-open/lib/ct.sym(META-INF/sym/rt.jar/java/util/AbstractCollection.class): major version 52 is newer than 51, the highest major version supported by this compiler.
    [javac]   It is recommended that the compiler be upgraded.
    [javac] warning: /root/.sdkman/candidates/java/8.0.302-open/lib/ct.sym(META-INF/sym/rt.jar/java/util/HashMap.class): major version 52 is newer than 51, the highest major version supported by this compiler.
    [javac]   It is recommended that the compiler be upgraded.
    [javac] warning: /root/.sdkman/candidates/java/8.0.302-open/lib/ct.sym(META-INF/sym/rt.jar/java/util/AbstractMap.class): major version 52 is newer than 51, the highest major version supported by this compiler.
    [javac]   It is recommended that the compiler be upgraded.
    [javac] warning: /root/.sdkman/candidates/java/8.0.302-open/lib/ct.sym(META-INF/sym/rt.jar/java/util/AbstractSet.class): major version 52 is newer than 51, the highest major version supported by this compiler.
    [javac]   It is recommended that the compiler be upgraded.
    [javac] warning: /root/.sdkman/candidates/java/8.0.302-open/lib/ct.sym(META-INF/sym/rt.jar/java/util/Iterator.class): major version 52 is newer than 51, the highest major version supported by this compiler.
    [javac]   It is recommended that the compiler be upgraded.
    [javac] warning: /root/.sdkman/candidates/java/8.0.302-open/lib/ct.sym(META-INF/sym/rt.jar/java/util/Map$Entry.class): major version 52 is newer than 51, the highest major version supported by this compiler.
    [javac]   It is recommended that the compiler be upgraded.
    [javac] warning: /root/.sdkman/candidates/java/8.0.302-open/lib/ct.sym(META-INF/sym/rt.jar/java/util/HashSet.class): major version 52 is newer than 51, the highest major version supported by this compiler.
    [javac]   It is recommended that the compiler be upgraded.
    [javac] warning: /root/.sdkman/candidates/java/8.0.302-open/lib/ct.sym(META-INF/sym/rt.jar/java/util/regex/Matcher.class): major version 52 is newer than 51, the highest major version supported by this compiler.
    [javac]   It is recommended that the compiler be upgraded.
    [javac] warning: /root/.sdkman/candidates/java/8.0.302-open/lib/ct.sym(META-INF/sym/rt.jar/java/lang/StringBuilder.class): major version 52 is newer than 51, the highest major version supported by this compiler.
    [javac]   It is recommended that the compiler be upgraded.
    [javac] warning: /root/.sdkman/candidates/java/8.0.302-open/lib/ct.sym(META-INF/sym/rt.jar/java/lang/Appendable.class): major version 52 is newer than 51, the highest major version supported by this compiler.
    [javac]   It is recommended that the compiler be upgraded.
    [javac] warning: /root/.sdkman/candidates/java/8.0.302-open/lib/ct.sym(META-INF/sym/rt.jar/java/lang/ThreadLocal.class): major version 52 is newer than 51, the highest major version supported by this compiler.
    [javac]   It is recommended that the compiler be upgraded.
    [javac] warning: /root/.sdkman/candidates/java/8.0.302-open/lib/ct.sym(META-INF/sym/rt.jar/java/lang/CharSequence.class): major version 52 is newer than 51, the highest major version supported by this compiler.
    [javac]   It is recommended that the compiler be upgraded.
    [javac] warning: /root/.sdkman/candidates/java/8.0.302-open/lib/ct.sym(META-INF/sym/rt.jar/java/lang/Character.class): major version 52 is newer than 51, the highest major version supported by this compiler.
    [javac]   It is recommended that the compiler be upgraded.
    [javac] warning: /root/.sdkman/candidates/java/8.0.302-open/lib/ct.sym(META-INF/sym/rt.jar/java/lang/Exception.class): major version 52 is newer than 51, the highest major version supported by this compiler.
    [javac]   It is recommended that the compiler be upgraded.
    [javac] warning: /root/.sdkman/candidates/java/8.0.302-open/lib/ct.sym(META-INF/sym/rt.jar/java/lang/Throwable.class): major version 52 is newer than 51, the highest major version supported by this compiler.
    [javac]   It is recommended that the compiler be upgraded.
    [javac] warning: /root/.sdkman/candidates/java/8.0.302-open/lib/ct.sym(META-INF/sym/rt.jar/java/io/File.class): major version 52 is newer than 51, the highest major version supported by this compiler.
    [javac]   It is recommended that the compiler be upgraded.
    [javac] warning: /root/.sdkman/candidates/java/8.0.302-open/lib/ct.sym(META-INF/sym/rt.jar/java/lang/RuntimeException.class): major version 52 is newer than 51, the highest major version supported by this compiler.
    [javac]   It is recommended that the compiler be upgraded.
    [javac] warning: /root/.sdkman/candidates/java/8.0.302-open/lib/ct.sym(META-INF/sym/rt.jar/java/io/BufferedReader.class): major version 52 is newer than 51, the highest major version supported by this compiler.
    [javac]   It is recommended that the compiler be upgraded.
    [javac] warning: /root/.sdkman/candidates/java/8.0.302-open/lib/ct.sym(META-INF/sym/rt.jar/java/io/FileInputStream.class): major version 52 is newer than 51, the highest major version supported by this compiler.
    [javac]   It is recommended that the compiler be upgraded.
    [javac] warning: /root/.sdkman/candidates/java/8.0.302-open/lib/ct.sym(META-INF/sym/rt.jar/java/io/InputStreamReader.class): major version 52 is newer than 51, the highest major version supported by this compiler.
    [javac]   It is recommended that the compiler be upgraded.
    [javac] warning: /root/.sdkman/candidates/java/8.0.302-open/lib/ct.sym(META-INF/sym/rt.jar/java/io/OutputStream.class): major version 52 is newer than 51, the highest major version supported by this compiler.
    [javac]   It is recommended that the compiler be upgraded.
    [javac] warning: /root/.sdkman/candidates/java/8.0.302-open/lib/ct.sym(META-INF/sym/rt.jar/java/io/RandomAccessFile.class): major version 52 is newer than 51, the highest major version supported by this compiler.
    [javac]   It is recommended that the compiler be upgraded.
    [javac] warning: /root/.sdkman/candidates/java/8.0.302-open/lib/ct.sym(META-INF/sym/rt.jar/java/nio/Buffer.class): major version 52 is newer than 51, the highest major version supported by this compiler.
    [javac]   It is recommended that the compiler be upgraded.
    [javac] warning: /root/.sdkman/candidates/java/8.0.302-open/lib/ct.sym(META-INF/sym/rt.jar/java/nio/ByteBuffer.class): major version 52 is newer than 51, the highest major version supported by this compiler.
    [javac]   It is recommended that the compiler be upgraded.
    [javac] warning: /root/.sdkman/candidates/java/8.0.302-open/lib/ct.sym(META-INF/sym/rt.jar/java/nio/charset/IllegalCharsetNameException.class): major version 52 is newer than 51, the highest major version supported by this compiler.
    [javac]   It is recommended that the compiler be upgraded.
    [javac] warning: /root/.sdkman/candidates/java/8.0.302-open/lib/ct.sym(META-INF/sym/rt.jar/java/util/Random.class): major version 52 is newer than 51, the highest major version supported by this compiler.
    [javac]   It is recommended that the compiler be upgraded.
    [javac] warning: /root/.sdkman/candidates/java/8.0.302-open/lib/ct.sym(META-INF/sym/rt.jar/javax/net/ssl/HostnameVerifier.class): major version 52 is newer than 51, the highest major version supported by this compiler.
    [javac]   It is recommended that the compiler be upgraded.
    [javac] warning: /root/.sdkman/candidates/java/8.0.302-open/lib/ct.sym(META-INF/sym/rt.jar/javax/net/ssl/HttpsURLConnection.class): major version 52 is newer than 51, the highest major version supported by this compiler.
    [javac]   It is recommended that the compiler be upgraded.
    [javac] warning: /root/.sdkman/candidates/java/8.0.302-open/lib/ct.sym(META-INF/sym/rt.jar/javax/net/ssl/SSLContext.class): major version 52 is newer than 51, the highest major version supported by this compiler.
    [javac]   It is recommended that the compiler be upgraded.
    [javac] warning: /root/.sdkman/candidates/java/8.0.302-open/lib/ct.sym(META-INF/sym/rt.jar/javax/net/ssl/SSLSession.class): major version 52 is newer than 51, the highest major version supported by this compiler.
    [javac]   It is recommended that the compiler be upgraded.
    [javac] warning: /root/.sdkman/candidates/java/8.0.302-open/lib/ct.sym(META-INF/sym/rt.jar/javax/net/ssl/SSLSocketFactory.class): major version 52 is newer than 51, the highest major version supported by this compiler.
    [javac]   It is recommended that the compiler be upgraded.
    [javac] warning: /root/.sdkman/candidates/java/8.0.302-open/lib/ct.sym(META-INF/sym/rt.jar/javax/net/ssl/TrustManager.class): major version 52 is newer than 51, the highest major version supported by this compiler.
    [javac]   It is recommended that the compiler be upgraded.
    [javac] warning: /root/.sdkman/candidates/java/8.0.302-open/lib/ct.sym(META-INF/sym/rt.jar/javax/net/ssl/X509TrustManager.class): major version 52 is newer than 51, the highest major version supported by this compiler.
    [javac]   It is recommended that the compiler be upgraded.
    [javac] warning: /root/.sdkman/candidates/java/8.0.302-open/lib/ct.sym(META-INF/sym/rt.jar/java/io/BufferedWriter.class): major version 52 is newer than 51, the highest major version supported by this compiler.
    [javac]   It is recommended that the compiler be upgraded.
    [javac] warning: /root/.sdkman/candidates/java/8.0.302-open/lib/ct.sym(META-INF/sym/rt.jar/java/io/ByteArrayInputStream.class): major version 52 is newer than 51, the highest major version supported by this compiler.
    [javac]   It is recommended that the compiler be upgraded.
    [javac] warning: /root/.sdkman/candidates/java/8.0.302-open/lib/ct.sym(META-INF/sym/rt.jar/java/io/OutputStreamWriter.class): major version 52 is newer than 51, the highest major version supported by this compiler.
    [javac]   It is recommended that the compiler be upgraded.
    [javac] warning: /root/.sdkman/candidates/java/8.0.302-open/lib/ct.sym(META-INF/sym/rt.jar/java/io/UnsupportedEncodingException.class): major version 52 is newer than 51, the highest major version supported by this compiler.
    [javac]   It is recommended that the compiler be upgraded.
    [javac] warning: /root/.sdkman/candidates/java/8.0.302-open/lib/ct.sym(META-INF/sym/rt.jar/java/net/HttpURLConnection.class): major version 52 is newer than 51, the highest major version supported by this compiler.
    [javac]   It is recommended that the compiler be upgraded.
    [javac] warning: /root/.sdkman/candidates/java/8.0.302-open/lib/ct.sym(META-INF/sym/rt.jar/java/net/InetSocketAddress.class): major version 52 is newer than 51, the highest major version supported by this compiler.
    [javac]   It is recommended that the compiler be upgraded.
    [javac] warning: /root/.sdkman/candidates/java/8.0.302-open/lib/ct.sym(META-INF/sym/rt.jar/java/net/MalformedURLException.class): major version 52 is newer than 51, the highest major version supported by this compiler.
    [javac]   It is recommended that the compiler be upgraded.
    [javac] warning: /root/.sdkman/candidates/java/8.0.302-open/lib/ct.sym(META-INF/sym/rt.jar/java/net/URI.class): major version 52 is newer than 51, the highest major version supported by this compiler.
    [javac]   It is recommended that the compiler be upgraded.
    [javac] warning: /root/.sdkman/candidates/java/8.0.302-open/lib/ct.sym(META-INF/sym/rt.jar/java/net/URLEncoder.class): major version 52 is newer than 51, the highest major version supported by this compiler.
    [javac]   It is recommended that the compiler be upgraded.
    [javac] warning: /root/.sdkman/candidates/java/8.0.302-open/lib/ct.sym(META-INF/sym/rt.jar/java/security/KeyManagementException.class): major version 52 is newer than 51, the highest major version supported by this compiler.
    [javac]   It is recommended that the compiler be upgraded.
    [javac] warning: /root/.sdkman/candidates/java/8.0.302-open/lib/ct.sym(META-INF/sym/rt.jar/java/security/NoSuchAlgorithmException.class): major version 52 is newer than 51, the highest major version supported by this compiler.
    [javac]   It is recommended that the compiler be upgraded.
    [javac] warning: /root/.sdkman/candidates/java/8.0.302-open/lib/ct.sym(META-INF/sym/rt.jar/java/security/cert/X509Certificate.class): major version 52 is newer than 51, the highest major version supported by this compiler.
    [javac]   It is recommended that the compiler be upgraded.
    [javac] warning: /root/.sdkman/candidates/java/8.0.302-open/lib/ct.sym(META-INF/sym/rt.jar/java/util/LinkedHashMap.class): major version 52 is newer than 51, the highest major version supported by this compiler.
    [javac]   It is recommended that the compiler be upgraded.
    [javac] warning: /root/.sdkman/candidates/java/8.0.302-open/lib/ct.sym(META-INF/sym/rt.jar/java/util/zip/GZIPInputStream.class): major version 52 is newer than 51, the highest major version supported by this compiler.
    [javac]   It is recommended that the compiler be upgraded.
    [javac] warning: /root/.sdkman/candidates/java/8.0.302-open/lib/ct.sym(META-INF/sym/rt.jar/java/util/zip/Inflater.class): major version 52 is newer than 51, the highest major version supported by this compiler.
    [javac]   It is recommended that the compiler be upgraded.
    [javac] warning: /root/.sdkman/candidates/java/8.0.302-open/lib/ct.sym(META-INF/sym/rt.jar/java/util/zip/InflaterInputStream.class): major version 52 is newer than 51, the highest major version supported by this compiler.
    [javac]   It is recommended that the compiler be upgraded.
    [javac] warning: /root/.sdkman/candidates/java/8.0.302-open/lib/ct.sym(META-INF/sym/rt.jar/java/lang/SuppressWarnings.class): major version 52 is newer than 51, the highest major version supported by this compiler.
    [javac]   It is recommended that the compiler be upgraded.
    [javac] warning: /root/.sdkman/candidates/java/8.0.302-open/lib/ct.sym(META-INF/sym/rt.jar/org/w3c/dom/Comment.class): major version 52 is newer than 51, the highest major version supported by this compiler.
    [javac]   It is recommended that the compiler be upgraded.
    [javac] warning: /root/.sdkman/candidates/java/8.0.302-open/lib/ct.sym(META-INF/sym/rt.jar/org/w3c/dom/Document.class): major version 52 is newer than 51, the highest major version supported by this compiler.
    [javac]   It is recommended that the compiler be upgraded.
    [javac] warning: /root/.sdkman/candidates/java/8.0.302-open/lib/ct.sym(META-INF/sym/rt.jar/org/w3c/dom/Element.class): major version 52 is newer than 51, the highest major version supported by this compiler.
    [javac]   It is recommended that the compiler be upgraded.
    [javac] warning: /root/.sdkman/candidates/java/8.0.302-open/lib/ct.sym(META-INF/sym/rt.jar/org/w3c/dom/Text.class): major version 52 is newer than 51, the highest major version supported by this compiler.
    [javac]   It is recommended that the compiler be upgraded.
    [javac] warning: /root/.sdkman/candidates/java/8.0.302-open/lib/ct.sym(META-INF/sym/rt.jar/javax/xml/parsers/DocumentBuilder.class): major version 52 is newer than 51, the highest major version supported by this compiler.
    [javac]   It is recommended that the compiler be upgraded.
    [javac] warning: /root/.sdkman/candidates/java/8.0.302-open/lib/ct.sym(META-INF/sym/rt.jar/javax/xml/parsers/DocumentBuilderFactory.class): major version 52 is newer than 51, the highest major version supported by this compiler.
    [javac]   It is recommended that the compiler be upgraded.
    [javac] warning: /root/.sdkman/candidates/java/8.0.302-open/lib/ct.sym(META-INF/sym/rt.jar/javax/xml/parsers/ParserConfigurationException.class): major version 52 is newer than 51, the highest major version supported by this compiler.
    [javac]   It is recommended that the compiler be upgraded.
    [javac] warning: /root/.sdkman/candidates/java/8.0.302-open/lib/ct.sym(META-INF/sym/rt.jar/javax/xml/transform/Transformer.class): major version 52 is newer than 51, the highest major version supported by this compiler.
    [javac]   It is recommended that the compiler be upgraded.
    [javac] warning: /root/.sdkman/candidates/java/8.0.302-open/lib/ct.sym(META-INF/sym/rt.jar/javax/xml/transform/TransformerException.class): major version 52 is newer than 51, the highest major version supported by this compiler.
    [javac]   It is recommended that the compiler be upgraded.
    [javac] warning: /root/.sdkman/candidates/java/8.0.302-open/lib/ct.sym(META-INF/sym/rt.jar/javax/xml/transform/TransformerFactory.class): major version 52 is newer than 51, the highest major version supported by this compiler.
    [javac]   It is recommended that the compiler be upgraded.
    [javac] warning: /root/.sdkman/candidates/java/8.0.302-open/lib/ct.sym(META-INF/sym/rt.jar/javax/xml/transform/dom/DOMSource.class): major version 52 is newer than 51, the highest major version supported by this compiler.
    [javac]   It is recommended that the compiler be upgraded.
    [javac] warning: /root/.sdkman/candidates/java/8.0.302-open/lib/ct.sym(META-INF/sym/rt.jar/javax/xml/transform/stream/StreamResult.class): major version 52 is newer than 51, the highest major version supported by this compiler.
    [javac]   It is recommended that the compiler be upgraded.
    [javac] warning: /root/.sdkman/candidates/java/8.0.302-open/lib/ct.sym(META-INF/sym/rt.jar/java/io/StringWriter.class): major version 52 is newer than 51, the highest major version supported by this compiler.
    [javac]   It is recommended that the compiler be upgraded.
    [javac] warning: /root/.sdkman/candidates/java/8.0.302-open/lib/ct.sym(META-INF/sym/rt.jar/java/util/Stack.class): major version 52 is newer than 51, the highest major version supported by this compiler.
    [javac]   It is recommended that the compiler be upgraded.
    [javac] warning: /root/.sdkman/candidates/java/8.0.302-open/lib/ct.sym(META-INF/sym/rt.jar/java/io/ByteArrayOutputStream.class): major version 52 is newer than 51, the highest major version supported by this compiler.
    [javac]   It is recommended that the compiler be upgraded.
    [javac] warning: /root/.sdkman/candidates/java/8.0.302-open/lib/ct.sym(META-INF/sym/rt.jar/java/net/SocketTimeoutException.class): major version 52 is newer than 51, the highest major version supported by this compiler.
    [javac]   It is recommended that the compiler be upgraded.
    [javac] warning: /root/.sdkman/candidates/java/8.0.302-open/lib/ct.sym(META-INF/sym/rt.jar/java/io/FilterInputStream.class): major version 52 is newer than 51, the highest major version supported by this compiler.
    [javac]   It is recommended that the compiler be upgraded.
    [javac] warning: /root/.sdkman/candidates/java/8.0.302-open/lib/ct.sym(META-INF/sym/rt.jar/java/io/Closeable.class): major version 52 is newer than 51, the highest major version supported by this compiler.
    [javac]   It is recommended that the compiler be upgraded.
    [javac] warning: /root/.sdkman/candidates/java/8.0.302-open/lib/ct.sym(META-INF/sym/rt.jar/java/lang/AutoCloseable.class): major version 52 is newer than 51, the highest major version supported by this compiler.
    [javac]   It is recommended that the compiler be upgraded.
    [javac] warning: /root/.sdkman/candidates/java/8.0.302-open/lib/ct.sym(META-INF/sym/rt.jar/java/util/IdentityHashMap.class): major version 52 is newer than 51, the highest major version supported by this compiler.
    [javac]   It is recommended that the compiler be upgraded.
    [javac] Note: Some input files additionally use or override a deprecated API.
    [javac] 100 warnings
    [javac] Creating empty /tmp/fix_test_suite.pl_13661_1702733964/target/classes/org/jsoup/parser/package-info.class
    [javac] Creating empty /tmp/fix_test_suite.pl_13661_1702733964/target/classes/org/jsoup/package-info.class
    [javac] Creating empty /tmp/fix_test_suite.pl_13661_1702733964/target/classes/org/jsoup/select/package-info.class
    [javac] Creating empty /tmp/fix_test_suite.pl_13661_1702733964/target/classes/org/jsoup/internal/package-info.class
    [javac] Creating empty /tmp/fix_test_suite.pl_13661_1702733964/target/classes/org/jsoup/examples/package-info.class
    [javac] Creating empty /tmp/fix_test_suite.pl_13661_1702733964/target/classes/org/jsoup/nodes/package-info.class
    [javac] Creating empty /tmp/fix_test_suite.pl_13661_1702733964/target/classes/org/jsoup/safety/package-info.class
    [mkdir] Created dir: /tmp/fix_test_suite.pl_13661_1702733964/target/classes/META-INF
     [copy] Copying 3 files to /tmp/fix_test_suite.pl_13661_1702733964/target/classes/META-INF

compile:

compile.gen.tests:
     [echo] classes.dir: target/classes
     [echo] build.home: target/classes/..
    [mkdir] Created dir: /tmp/fix_test_suite.pl_13661_1702733964/.classes_testgen
    [javac] /defects4j/framework/projects/defects4j.build.xml:265: warning: 'includeantruntime' was not set, defaulting to build.sysclasspath=last; set to false for repeatable builds
    [javac] Compiling 1 source file to /tmp/fix_test_suite.pl_13661_1702733964/.classes_testgen
    [javac] /tmp/fix_test_suite.pl_13661_1702733964/llm/org/jsoup/nodes/LeafNode_LLMTest.java:734: error: illegal start of expression
    [javac]         assertThrows(UnsupportedOperationException.class, () -> {
    [javac]                                                            ^
    [javac] /tmp/fix_test_suite.pl_13661_1702733964/llm/org/jsoup/nodes/LeafNode_LLMTest.java:734: error: illegal start of expression
    [javac]         assertThrows(UnsupportedOperationException.class, () -> {
    [javac]                                                               ^
    [javac] /tmp/fix_test_suite.pl_13661_1702733964/llm/org/jsoup/nodes/LeafNode_LLMTest.java:734: error: illegal start of expression
    [javac]         assertThrows(UnsupportedOperationException.class, () -> {
    [javac]                                                                 ^
    [javac] /tmp/fix_test_suite.pl_13661_1702733964/llm/org/jsoup/nodes/LeafNode_LLMTest.java:734: error: ';' expected
    [javac]         assertThrows(UnsupportedOperationException.class, () -> {
    [javac]                                                                  ^
    [javac] /tmp/fix_test_suite.pl_13661_1702733964/llm/org/jsoup/nodes/LeafNode_LLMTest.java:738: error: illegal start of type
    [javac]         }, "Leaf Nodes do not have child nodes.");
    [javac]          ^
    [javac] /tmp/fix_test_suite.pl_13661_1702733964/llm/org/jsoup/nodes/LeafNode_LLMTest.java:738: error: ';' expected
    [javac]         }, "Leaf Nodes do not have child nodes.");
    [javac]           ^
    [javac] /tmp/fix_test_suite.pl_13661_1702733964/llm/org/jsoup/nodes/LeafNode_LLMTest.java:738: error: illegal start of type
    [javac]         }, "Leaf Nodes do not have child nodes.");
    [javac]                                                 ^
    [javac] /tmp/fix_test_suite.pl_13661_1702733964/llm/org/jsoup/nodes/LeafNode_LLMTest.java:738: error: <identifier> expected
    [javac]         }, "Leaf Nodes do not have child nodes.");
    [javac]                                                  ^
    [javac] /tmp/fix_test_suite.pl_13661_1702733964/llm/org/jsoup/nodes/LeafNode_LLMTest.java:738: error: ';' expected
    [javac]         }, "Leaf Nodes do not have child nodes.");
    [javac]                                                   ^
    [javac] 9 errors

BUILD FAILED
/defects4j/framework/projects/defects4j.build.xml:265: Compile failed; see the compiler error output for details.

Total time: 1 second
- Compilation issues: Jsoup-79b-llm.27.tar.bz2
Picked up JAVA_TOOL_OPTIONS: -Dfile.encoding=UTF8
OpenJDK 64-Bit Server VM warning: ignoring option MaxPermSize=1G; support was removed in 8.0
Buildfile: /defects4j/framework/projects/defects4j.build.xml

test-offline:

get-deps:

jsoup-from-maven.compile:
    [javac] /tmp/fix_test_suite.pl_13661_1702733964/maven-build.xml:84: warning: 'includeantruntime' was not set, defaulting to build.sysclasspath=last; set to false for repeatable builds

compile:

compile.gen.tests:
     [echo] classes.dir: target/classes
     [echo] build.home: target/classes/..
   [delete] Deleting directory /tmp/fix_test_suite.pl_13661_1702733964/.classes_testgen
    [mkdir] Created dir: /tmp/fix_test_suite.pl_13661_1702733964/.classes_testgen
    [javac] /defects4j/framework/projects/defects4j.build.xml:265: warning: 'includeantruntime' was not set, defaulting to build.sysclasspath=last; set to false for repeatable builds
    [javac] Compiling 1 source file to /tmp/fix_test_suite.pl_13661_1702733964/.classes_testgen
    [javac] /tmp/fix_test_suite.pl_13661_1702733964/llm/org/jsoup/nodes/LeafNode_LLMTest.java:3: error: cannot find symbol
    [javac] import org.jsoup.TextUtil;
    [javac]                 ^
    [javac]   symbol:   class TextUtil
    [javac]   location: package org.jsoup
    [javac] warning: /root/.sdkman/candidates/java/8.0.302-open/lib/ct.sym(META-INF/sym/rt.jar/java/util/List.class): major version 52 is newer than 51, the highest major version supported by this compiler.
    [javac]   It is recommended that the compiler be upgraded.
    [javac] warning: /root/.sdkman/candidates/java/8.0.302-open/lib/ct.sym(META-INF/sym/rt.jar/java/lang/Object.class): major version 52 is newer than 51, the highest major version supported by this compiler.
    [javac]   It is recommended that the compiler be upgraded.
    [javac] warning: /root/.sdkman/candidates/java/8.0.302-open/lib/ct.sym(META-INF/sym/rt.jar/java/lang/annotation/Retention.class): major version 52 is newer than 51, the highest major version supported by this compiler.
    [javac]   It is recommended that the compiler be upgraded.
    [javac] warning: /root/.sdkman/candidates/java/8.0.302-open/lib/ct.sym(META-INF/sym/rt.jar/java/lang/annotation/RetentionPolicy.class): major version 52 is newer than 51, the highest major version supported by this compiler.
    [javac]   It is recommended that the compiler be upgraded.
    [javac] warning: /root/.sdkman/candidates/java/8.0.302-open/lib/ct.sym(META-INF/sym/rt.jar/java/lang/annotation/Target.class): major version 52 is newer than 51, the highest major version supported by this compiler.
    [javac]   It is recommended that the compiler be upgraded.
    [javac] warning: /root/.sdkman/candidates/java/8.0.302-open/lib/ct.sym(META-INF/sym/rt.jar/java/lang/annotation/ElementType.class): major version 52 is newer than 51, the highest major version supported by this compiler.
    [javac]   It is recommended that the compiler be upgraded.
    [javac] /root/.sdkman/candidates/java/8.0.302-open/lib/ct.sym(META-INF/sym/rt.jar/java/util/List.class): warning: Cannot find annotation method 'value()' in type 'Profile+Annotation': class file for jdk.Profile+Annotation not found
    [javac] /root/.sdkman/candidates/java/8.0.302-open/lib/ct.sym(META-INF/sym/rt.jar/java/lang/Object.class): warning: Cannot find annotation method 'value()' in type 'Profile+Annotation'
    [javac] warning: /root/.sdkman/candidates/java/8.0.302-open/lib/ct.sym(META-INF/sym/rt.jar/java/lang/annotation/Annotation.class): major version 52 is newer than 51, the highest major version supported by this compiler.
    [javac]   It is recommended that the compiler be upgraded.
    [javac] /root/.sdkman/candidates/java/8.0.302-open/lib/ct.sym(META-INF/sym/rt.jar/java/lang/annotation/Retention.class): warning: Cannot find annotation method 'value()' in type 'Profile+Annotation'
    [javac] /root/.sdkman/candidates/java/8.0.302-open/lib/ct.sym(META-INF/sym/rt.jar/java/lang/annotation/RetentionPolicy.class): warning: Cannot find annotation method 'value()' in type 'Profile+Annotation'
    [javac] /root/.sdkman/candidates/java/8.0.302-open/lib/ct.sym(META-INF/sym/rt.jar/java/lang/annotation/Target.class): warning: Cannot find annotation method 'value()' in type 'Profile+Annotation'
    [javac] /root/.sdkman/candidates/java/8.0.302-open/lib/ct.sym(META-INF/sym/rt.jar/java/lang/annotation/ElementType.class): warning: Cannot find annotation method 'value()' in type 'Profile+Annotation'
    [javac] /root/.sdkman/candidates/java/8.0.302-open/lib/ct.sym(META-INF/sym/rt.jar/java/lang/annotation/Annotation.class): warning: Cannot find annotation method 'value()' in type 'Profile+Annotation'
    [javac] warning: /root/.sdkman/candidates/java/8.0.302-open/lib/ct.sym(META-INF/sym/rt.jar/java/lang/AutoCloseable.class): major version 52 is newer than 51, the highest major version supported by this compiler.
    [javac]   It is recommended that the compiler be upgraded.
    [javac] /root/.sdkman/candidates/java/8.0.302-open/lib/ct.sym(META-INF/sym/rt.jar/java/lang/AutoCloseable.class): warning: Cannot find annotation method 'value()' in type 'Profile+Annotation'
    [javac] warning: /root/.sdkman/candidates/java/8.0.302-open/lib/ct.sym(META-INF/sym/rt.jar/java/lang/String.class): major version 52 is newer than 51, the highest major version supported by this compiler.
    [javac]   It is recommended that the compiler be upgraded.
    [javac] /root/.sdkman/candidates/java/8.0.302-open/lib/ct.sym(META-INF/sym/rt.jar/java/lang/String.class): warning: Cannot find annotation method 'value()' in type 'Profile+Annotation'
    [javac] warning: /root/.sdkman/candidates/java/8.0.302-open/lib/ct.sym(META-INF/sym/rt.jar/java/util/ArrayList.class): major version 52 is newer than 51, the highest major version supported by this compiler.
    [javac]   It is recommended that the compiler be upgraded.
    [javac] /root/.sdkman/candidates/java/8.0.302-open/lib/ct.sym(META-INF/sym/rt.jar/java/util/ArrayList.class): warning: Cannot find annotation method 'value()' in type 'Profile+Annotation'
    [javac] warning: /root/.sdkman/candidates/java/8.0.302-open/lib/ct.sym(META-INF/sym/rt.jar/java/util/AbstractList.class): major version 52 is newer than 51, the highest major version supported by this compiler.
    [javac]   It is recommended that the compiler be upgraded.
    [javac] /root/.sdkman/candidates/java/8.0.302-open/lib/ct.sym(META-INF/sym/rt.jar/java/util/AbstractList.class): warning: Cannot find annotation method 'value()' in type 'Profile+Annotation'
    [javac] warning: /root/.sdkman/candidates/java/8.0.302-open/lib/ct.sym(META-INF/sym/rt.jar/java/util/AbstractCollection.class): major version 52 is newer than 51, the highest major version supported by this compiler.
    [javac]   It is recommended that the compiler be upgraded.
    [javac] /root/.sdkman/candidates/java/8.0.302-open/lib/ct.sym(META-INF/sym/rt.jar/java/util/AbstractCollection.class): warning: Cannot find annotation method 'value()' in type 'Profile+Annotation'
    [javac] /tmp/fix_test_suite.pl_13661_1702733964/llm/org/jsoup/nodes/LeafNode_LLMTest.java:22: error: cannot find symbol
    [javac]         assertEquals("One <span>two &amp;</span> Changed!", TextUtil.stripNewlines(p.html()));
    [javac]                                                             ^
    [javac]   symbol:   variable TextUtil
    [javac]   location: class LeafNode_LLMTest
    [javac] /tmp/fix_test_suite.pl_13661_1702733964/llm/org/jsoup/nodes/LeafNode_LLMTest.java:26: error: cannot find symbol
    [javac]         assertEquals("One <span>two &amp;</span>kablam &amp;", TextUtil.stripNewlines(p.html()));
    [javac]                                                                ^
    [javac]   symbol:   variable TextUtil
    [javac]   location: class LeafNode_LLMTest
    [javac] warning: /root/.sdkman/candidates/java/8.0.302-open/lib/ct.sym(META-INF/sym/rt.jar/java/lang/Character.class): major version 52 is newer than 51, the highest major version supported by this compiler.
    [javac]   It is recommended that the compiler be upgraded.
    [javac] /root/.sdkman/candidates/java/8.0.302-open/lib/ct.sym(META-INF/sym/rt.jar/java/lang/Character.class): warning: Cannot find annotation method 'value()' in type 'Profile+Annotation'
    [javac] warning: /root/.sdkman/candidates/java/8.0.302-open/lib/ct.sym(META-INF/sym/rt.jar/java/lang/StringBuilder.class): major version 52 is newer than 51, the highest major version supported by this compiler.
    [javac]   It is recommended that the compiler be upgraded.
    [javac] /root/.sdkman/candidates/java/8.0.302-open/lib/ct.sym(META-INF/sym/rt.jar/java/lang/StringBuilder.class): warning: Cannot find annotation method 'value()' in type 'Profile+Annotation'
    [javac] warning: /root/.sdkman/candidates/java/8.0.302-open/lib/ct.sym(META-INF/sym/rt.jar/java/lang/StringBuffer.class): major version 52 is newer than 51, the highest major version supported by this compiler.
    [javac]   It is recommended that the compiler be upgraded.
    [javac] /root/.sdkman/candidates/java/8.0.302-open/lib/ct.sym(META-INF/sym/rt.jar/java/lang/StringBuffer.class): warning: Cannot find annotation method 'value()' in type 'Profile+Annotation'
    [javac] warning: /root/.sdkman/candidates/java/8.0.302-open/lib/ct.sym(META-INF/sym/rt.jar/java/util/Collection.class): major version 52 is newer than 51, the highest major version supported by this compiler.
    [javac]   It is recommended that the compiler be upgraded.
    [javac] /root/.sdkman/candidates/java/8.0.302-open/lib/ct.sym(META-INF/sym/rt.jar/java/util/Collection.class): warning: Cannot find annotation method 'value()' in type 'Profile+Annotation'
    [javac] warning: /root/.sdkman/candidates/java/8.0.302-open/lib/ct.sym(META-INF/sym/rt.jar/java/lang/Iterable.class): major version 52 is newer than 51, the highest major version supported by this compiler.
    [javac]   It is recommended that the compiler be upgraded.
    [javac] /root/.sdkman/candidates/java/8.0.302-open/lib/ct.sym(META-INF/sym/rt.jar/java/lang/Iterable.class): warning: Cannot find annotation method 'value()' in type 'Profile+Annotation'
    [javac] /tmp/fix_test_suite.pl_13661_1702733964/llm/org/jsoup/nodes/LeafNode_LLMTest.java:53: error: cannot find symbol
    [javac]         assertEquals("Hello <b>there</b>", TextUtil.stripNewlines(div.html())); // not great that we get \n<b>there there... must correct
    [javac]                                            ^
    [javac]   symbol:   variable TextUtil
    [javac]   location: class LeafNode_LLMTest
    [javac] /tmp/fix_test_suite.pl_13661_1702733964/llm/org/jsoup/nodes/LeafNode_LLMTest.java:79: error: cannot find symbol
    [javac]         assertEquals("One <span>two &amp;</span> ", TextUtil.stripNewlines(p.html()));
    [javac]                                                     ^
    [javac]   symbol:   variable TextUtil
    [javac]   location: class LeafNode_LLMTest
    [javac] /tmp/fix_test_suite.pl_13661_1702733964/llm/org/jsoup/nodes/LeafNode_LLMTest.java:83: error: cannot find symbol
    [javac]         assertEquals("One <span>two &amp;</span>kablam &amp;", TextUtil.stripNewlines(p.html()));
    [javac]                                                                ^
    [javac]   symbol:   variable TextUtil
    [javac]   location: class LeafNode_LLMTest
    [javac] /tmp/fix_test_suite.pl_13661_1702733964/llm/org/jsoup/nodes/LeafNode_LLMTest.java:110: error: cannot find symbol
    [javac]         assertEquals("Hello <b>there</b>", TextUtil.stripNewlines(div.html())); // not great that we get \n<b>there there... must correct
    [javac]                                            ^
    [javac]   symbol:   variable TextUtil
    [javac]   location: class LeafNode_LLMTest
    [javac] /tmp/fix_test_suite.pl_13661_1702733964/llm/org/jsoup/nodes/LeafNode_LLMTest.java:128: error: cannot find symbol
    [javac]     Attributes result = object.attributes();
    [javac]                         ^
    [javac]   symbol:   variable object
    [javac]   location: class LeafNode_LLMTest
    [javac] /tmp/fix_test_suite.pl_13661_1702733964/llm/org/jsoup/nodes/LeafNode_LLMTest.java:138: error: cannot find symbol
    [javac]     Attributes result = object.attributes();
    [javac]                         ^
    [javac]   symbol:   variable object
    [javac]   location: class LeafNode_LLMTest
    [javac] /tmp/fix_test_suite.pl_13661_1702733964/llm/org/jsoup/nodes/LeafNode_LLMTest.java:141: error: cannot find symbol
    [javac]     assertTrue(result.isEmpty());
    [javac]                      ^
    [javac]   symbol:   method isEmpty()
    [javac]   location: variable result of type Attributes
    [javac] /tmp/fix_test_suite.pl_13661_1702733964/llm/org/jsoup/nodes/LeafNode_LLMTest.java:148: error: cannot find symbol
    [javac]     Attributes result = object.attributes();
    [javac]                         ^
    [javac]   symbol:   variable object
    [javac]   location: class LeafNode_LLMTest
    [javac] /tmp/fix_test_suite.pl_13661_1702733964/llm/org/jsoup/nodes/LeafNode_LLMTest.java:163: error: cannot find symbol
    [javac]         hasAttributes = true;
    [javac]         ^
    [javac]   symbol:   variable hasAttributes
    [javac]   location: class LeafNode_LLMTest
    [javac] /tmp/fix_test_suite.pl_13661_1702733964/llm/org/jsoup/nodes/LeafNode_LLMTest.java:164: error: cannot find symbol
    [javac]         ensureAttributes();
    [javac]         ^
    [javac]   symbol:   method ensureAttributes()
    [javac]   location: class LeafNode_LLMTest
    [javac] /tmp/fix_test_suite.pl_13661_1702733964/llm/org/jsoup/nodes/LeafNode_LLMTest.java:173: error: cannot find symbol
    [javac]         value = null;
    [javac]         ^
    [javac]   symbol:   variable value
    [javac]   location: class LeafNode_LLMTest
    [javac] /tmp/fix_test_suite.pl_13661_1702733964/llm/org/jsoup/nodes/LeafNode_LLMTest.java:174: error: cannot find symbol
    [javac]         ensureAttributes();
    [javac]         ^
    [javac]   symbol:   method ensureAttributes()
    [javac]   location: class LeafNode_LLMTest
    [javac] /tmp/fix_test_suite.pl_13661_1702733964/llm/org/jsoup/nodes/LeafNode_LLMTest.java:175: error: cannot find symbol
    [javac]         assertNotNull(value);
    [javac]                       ^
    [javac]   symbol:   variable value
    [javac]   location: class LeafNode_LLMTest
    [javac] /tmp/fix_test_suite.pl_13661_1702733964/llm/org/jsoup/nodes/LeafNode_LLMTest.java:176: error: cannot find symbol
    [javac]         assertTrue(value instanceof Attributes);
    [javac]                    ^
    [javac]   symbol:   variable value
    [javac]   location: class LeafNode_LLMTest
    [javac] /tmp/fix_test_suite.pl_13661_1702733964/llm/org/jsoup/nodes/LeafNode_LLMTest.java:185: error: cannot find symbol
    [javac]         value = coreValue;
    [javac]         ^
    [javac]   symbol:   variable value
    [javac]   location: class LeafNode_LLMTest
    [javac] /tmp/fix_test_suite.pl_13661_1702733964/llm/org/jsoup/nodes/LeafNode_LLMTest.java:186: error: cannot find symbol
    [javac]         ensureAttributes();
    [javac]         ^
    [javac]   symbol:   method ensureAttributes()
    [javac]   location: class LeafNode_LLMTest
    [javac] /tmp/fix_test_suite.pl_13661_1702733964/llm/org/jsoup/nodes/LeafNode_LLMTest.java:187: error: cannot find symbol
    [javac]         assertTrue(value instanceof Attributes);
    [javac]                    ^
    [javac]   symbol:   variable value
    [javac]   location: class LeafNode_LLMTest
    [javac] /tmp/fix_test_suite.pl_13661_1702733964/llm/org/jsoup/nodes/LeafNode_LLMTest.java:188: error: cannot find symbol
    [javac]         assertEquals(coreValue, ((Attributes) value).get(nodeName()));
    [javac]                                                          ^
    [javac]   symbol:   method nodeName()
    [javac]   location: class LeafNode_LLMTest
    [javac] /tmp/fix_test_suite.pl_13661_1702733964/llm/org/jsoup/nodes/LeafNode_LLMTest.java:188: error: cannot find symbol
    [javac]         assertEquals(coreValue, ((Attributes) value).get(nodeName()));
    [javac]                                               ^
    [javac]   symbol:   variable value
    [javac]   location: class LeafNode_LLMTest
    [javac] /tmp/fix_test_suite.pl_13661_1702733964/llm/org/jsoup/nodes/LeafNode_LLMTest.java:203: error: cannot find symbol
    [javac]         assertEquals("", TextUtil.stripNewlines(p.html()));
    [javac]                          ^
    [javac]   symbol:   variable TextUtil
    [javac]   location: class LeafNode_LLMTest
    [javac] /tmp/fix_test_suite.pl_13661_1702733964/llm/org/jsoup/nodes/LeafNode_LLMTest.java:207: error: cannot find symbol
    [javac]         assertEquals("One <span>two &amp;</span>", TextUtil.stripNewlines(p.html()));
    [javac]                                                    ^
    [javac]   symbol:   variable TextUtil
    [javac]   location: class LeafNode_LLMTest
    [javac] /tmp/fix_test_suite.pl_13661_1702733964/llm/org/jsoup/nodes/LeafNode_LLMTest.java:239: error: cannot find symbol
    [javac]         assertEquals("Hello <b>there</b>", TextUtil.stripNewlines(div.html())); // not great that we get \n<b>there there... must correct
    [javac]                                            ^
    [javac]   symbol:   variable TextUtil
    [javac]   location: class LeafNode_LLMTest
    [javac] /tmp/fix_test_suite.pl_13661_1702733964/llm/org/jsoup/nodes/LeafNode_LLMTest.java:245: error: cannot find symbol
    [javac]         assertEquals("Hello <b>there</b>world", TextUtil.stripNewlines(div.html())); // mutated line
    [javac]                                                 ^
    [javac]   symbol:   variable TextUtil
    [javac]   location: class LeafNode_LLMTest
    [javac] /tmp/fix_test_suite.pl_13661_1702733964/llm/org/jsoup/nodes/LeafNode_LLMTest.java:278: error: cannot find symbol
    [javac]         assertEquals("One <span>two &amp;</span> POW!", TextUtil.stripNewlines(p.html()));
    [javac]                                                         ^
    [javac]   symbol:   variable TextUtil
    [javac]   location: class LeafNode_LLMTest
    [javac] /tmp/fix_test_suite.pl_13661_1702733964/llm/org/jsoup/nodes/LeafNode_LLMTest.java:282: error: cannot find symbol
    [javac]         assertEquals("One <span>two &amp;</span>kablam &amp;", TextUtil.stripNewlines(p.html()));
    [javac]                                                                ^
    [javac]   symbol:   variable TextUtil
    [javac]   location: class LeafNode_LLMTest
    [javac] /tmp/fix_test_suite.pl_13661_1702733964/llm/org/jsoup/nodes/LeafNode_LLMTest.java:309: error: cannot find symbol
    [javac]         assertEquals("Hello <b>there</b>", TextUtil.stripNewlines(div.html())); // not great that we get \n<b>there there... must correct
    [javac]                                            ^
    [javac]   symbol:   variable TextUtil
    [javac]   location: class LeafNode_LLMTest
    [javac] /tmp/fix_test_suite.pl_13661_1702733964/llm/org/jsoup/nodes/LeafNode_LLMTest.java:336: error: cannot find symbol
    [javac]         assertEquals("One <span>two &amp;</span> POW!", TextUtil.stripNewlines(p.html()));
    [javac]                                                         ^
    [javac]   symbol:   variable TextUtil
    [javac]   location: class LeafNode_LLMTest
    [javac] /tmp/fix_test_suite.pl_13661_1702733964/llm/org/jsoup/nodes/LeafNode_LLMTest.java:340: error: cannot find symbol
    [javac]         assertEquals("One <span>two &amp;</span>kablam &amp;", TextUtil.stripNewlines(p.html()));
    [javac]                                                                ^
    [javac]   symbol:   variable TextUtil
    [javac]   location: class LeafNode_LLMTest
    [javac] /tmp/fix_test_suite.pl_13661_1702733964/llm/org/jsoup/nodes/LeafNode_LLMTest.java:359: error: cannot find symbol
    [javac]         assertEquals("One <span>two &amp;</span> POW!", TextUtil.stripNewlines(p.html()));
    [javac]                                                         ^
    [javac]   symbol:   variable TextUtil
    [javac]   location: class LeafNode_LLMTest
    [javac] /tmp/fix_test_suite.pl_13661_1702733964/llm/org/jsoup/nodes/LeafNode_LLMTest.java:363: error: cannot find symbol
    [javac]         assertEquals("One <span>two &amp;</span>kablam &amp;", TextUtil.stripNewlines(p.html()));
    [javac]                                                                ^
    [javac]   symbol:   variable TextUtil
    [javac]   location: class LeafNode_LLMTest
    [javac] /tmp/fix_test_suite.pl_13661_1702733964/llm/org/jsoup/nodes/LeafNode_LLMTest.java:382: error: cannot find symbol
    [javac]         assertEquals("One <span>two &amp;</span> POW!", TextUtil.stripNewlines(p.html()));
    [javac]                                                         ^
    [javac]   symbol:   variable TextUtil
    [javac]   location: class LeafNode_LLMTest
    [javac] /tmp/fix_test_suite.pl_13661_1702733964/llm/org/jsoup/nodes/LeafNode_LLMTest.java:386: error: cannot find symbol
    [javac]         assertEquals("One <span>two &amp;</span>kablam &amp;", TextUtil.stripNewlines(p.html()));
    [javac]                                                                ^
    [javac]   symbol:   variable TextUtil
    [javac]   location: class LeafNode_LLMTest
    [javac] /tmp/fix_test_suite.pl_13661_1702733964/llm/org/jsoup/nodes/LeafNode_LLMTest.java:404: error: cannot find symbol
    [javac]         assertEquals("One <span>two &amp;</span> NEW TEXT", TextUtil.stripNewlines(p.html())); // Change expected output here
    [javac]                                                             ^
    [javac]   symbol:   variable TextUtil
    [javac]   location: class LeafNode_LLMTest
    [javac] /tmp/fix_test_suite.pl_13661_1702733964/llm/org/jsoup/nodes/LeafNode_LLMTest.java:408: error: cannot find symbol
    [javac]         assertEquals("One <span>two &amp;</span>kablam &amp;", TextUtil.stripNewlines(p.html()));
    [javac]                                                                ^
    [javac]   symbol:   variable TextUtil
    [javac]   location: class LeafNode_LLMTest
    [javac] /tmp/fix_test_suite.pl_13661_1702733964/llm/org/jsoup/nodes/LeafNode_LLMTest.java:435: error: cannot find symbol
    [javac]         assertEquals("Hello <b>there</b>", TextUtil.stripNewlines(div.html()));
    [javac]                                            ^
    [javac]   symbol:   variable TextUtil
    [javac]   location: class LeafNode_LLMTest
    [javac] /tmp/fix_test_suite.pl_13661_1702733964/llm/org/jsoup/nodes/LeafNode_LLMTest.java:461: error: cannot find symbol
    [javac]         assertEquals("One <span>two &amp;</span> ANOTHER NEW TEXT", TextUtil.stripNewlines(p.html())); // Change expected output here
    [javac]                                                                     ^
    [javac]   symbol:   variable TextUtil
    [javac]   location: class LeafNode_LLMTest
    [javac] /tmp/fix_test_suite.pl_13661_1702733964/llm/org/jsoup/nodes/LeafNode_LLMTest.java:465: error: cannot find symbol
    [javac]         assertEquals("One <span>two &amp;</span>kablam &amp;", TextUtil.stripNewlines(p.html()));
    [javac]                                                                ^
    [javac]   symbol:   variable TextUtil
    [javac]   location: class LeafNode_LLMTest
    [javac] /tmp/fix_test_suite.pl_13661_1702733964/llm/org/jsoup/nodes/LeafNode_LLMTest.java:492: error: cannot find symbol
    [javac]         assertEquals("Hello <b>there</b>", TextUtil.stripNewlines(div.html()));
    [javac]                                            ^
    [javac]   symbol:   variable TextUtil
    [javac]   location: class LeafNode_LLMTest
    [javac] /tmp/fix_test_suite.pl_13661_1702733964/llm/org/jsoup/nodes/LeafNode_LLMTest.java:509: error: cannot find symbol
    [javac]     assertTrue(obj.hasAttr("key1"));
    [javac]                ^
    [javac]   symbol:   variable obj
    [javac]   location: class LeafNode_LLMTest
    [javac] /tmp/fix_test_suite.pl_13661_1702733964/llm/org/jsoup/nodes/LeafNode_LLMTest.java:514: error: cannot find symbol
    [javac]     assertTrue(obj.hasAttr("key2"));
    [javac]                ^
    [javac]   symbol:   variable obj
    [javac]   location: class LeafNode_LLMTest
    [javac] /tmp/fix_test_suite.pl_13661_1702733964/llm/org/jsoup/nodes/LeafNode_LLMTest.java:520: error: cannot find symbol
    [javac]     assertFalse(obj.hasAttr("key3"));
    [javac]                 ^
    [javac]   symbol:   variable obj
    [javac]   location: class LeafNode_LLMTest
    [javac] /tmp/fix_test_suite.pl_13661_1702733964/llm/org/jsoup/nodes/LeafNode_LLMTest.java:525: error: cannot find symbol
    [javac]     assertFalse(obj.hasAttr("key4"));
    [javac]                 ^
    [javac]   symbol:   variable obj
    [javac]   location: class LeafNode_LLMTest
    [javac] /tmp/fix_test_suite.pl_13661_1702733964/llm/org/jsoup/nodes/LeafNode_LLMTest.java:571: error: cannot find symbol
    [javac]    String result = myObject.absUrl(null);
    [javac]                    ^
    [javac]   symbol:   variable myObject
    [javac]   location: class LeafNode_LLMTest
    [javac] /tmp/fix_test_suite.pl_13661_1702733964/llm/org/jsoup/nodes/LeafNode_LLMTest.java:577: error: cannot find symbol
    [javac]    String result = myObject.absUrl("");
    [javac]                    ^
    [javac]   symbol:   variable myObject
    [javac]   location: class LeafNode_LLMTest
    [javac] /tmp/fix_test_suite.pl_13661_1702733964/llm/org/jsoup/nodes/LeafNode_LLMTest.java:583: error: cannot find symbol
    [javac]    String result = myObject.absUrl("nonExistingKey");
    [javac]                    ^
    [javac]   symbol:   variable myObject
    [javac]   location: class LeafNode_LLMTest
    [javac] /tmp/fix_test_suite.pl_13661_1702733964/llm/org/jsoup/nodes/LeafNode_LLMTest.java:598: error: cannot find symbol
    [javac]         assertEquals("Hello<b> there</b>", TextUtil.stripNewlines(div.html())); // not great that we get \n<b>there there... must correct
    [javac]                                            ^
    [javac]   symbol:   variable TextUtil
    [javac]   location: class LeafNode_LLMTest
    [javac] /tmp/fix_test_suite.pl_13661_1702733964/llm/org/jsoup/nodes/LeafNode_LLMTest.java:609: error: cannot find symbol
    [javac]         assertEquals("Hello <strong>there</strong>", TextUtil.stripNewlines(div.html())); // not great that we get \n<b>there there... must correct
    [javac]                                                      ^
    [javac]   symbol:   variable TextUtil
    [javac]   location: class LeafNode_LLMTest
    [javac] /tmp/fix_test_suite.pl_13661_1702733964/llm/org/jsoup/nodes/LeafNode_LLMTest.java:614: error: cannot find symbol
    [javac]     doSetBaseUri(baseUri);
    [javac]     ^
    [javac]   symbol:   method doSetBaseUri(String)
    [javac]   location: class LeafNode_LLMTest
    [javac] /tmp/fix_test_suite.pl_13661_1702733964/llm/org/jsoup/nodes/LeafNode_LLMTest.java:619: error: cannot find symbol
    [javac]     doSetBaseUri(baseUri);
    [javac]     ^
    [javac]   symbol:   method doSetBaseUri(String)
    [javac]   location: class LeafNode_LLMTest
    [javac] /tmp/fix_test_suite.pl_13661_1702733964/llm/org/jsoup/nodes/LeafNode_LLMTest.java:624: error: cannot find symbol
    [javac]     doSetBaseUri(baseUri);
    [javac]     ^
    [javac]   symbol:   method doSetBaseUri(String)
    [javac]   location: class LeafNode_LLMTest
    [javac] /tmp/fix_test_suite.pl_13661_1702733964/llm/org/jsoup/nodes/LeafNode_LLMTest.java:639: error: cannot find symbol
    [javac]         assertEquals("One <span>two &amp;</span> POW!", TextUtil.stripNewlines(p.html()));
    [javac]                                                         ^
    [javac]   symbol:   variable TextUtil
    [javac]   location: class LeafNode_LLMTest
    [javac] /tmp/fix_test_suite.pl_13661_1702733964/llm/org/jsoup/nodes/LeafNode_LLMTest.java:643: error: cannot find symbol
    [javac]         assertEquals("One <span>two &amp;</span>kablam &amp;", TextUtil.stripNewlines(p.html()));
    [javac]                                                                ^
    [javac]   symbol:   variable TextUtil
    [javac]   location: class LeafNode_LLMTest
    [javac] /tmp/fix_test_suite.pl_13661_1702733964/llm/org/jsoup/nodes/LeafNode_LLMTest.java:657: error: cannot find symbol
    [javac]         assertEquals("Hello <b>there</b>", TextUtil.stripNewlines(div.html())); // not great that we get \n<b>there there... must correct
    [javac]                                            ^
    [javac]   symbol:   variable TextUtil
    [javac]   location: class LeafNode_LLMTest
    [javac] /tmp/fix_test_suite.pl_13661_1702733964/llm/org/jsoup/nodes/LeafNode_LLMTest.java:690: error: cannot find symbol
    [javac]         assertEquals("One <span>two &amp;</span> POW!", TextUtil.stripNewlines(p.html()));
    [javac]                                                         ^
    [javac]   symbol:   variable TextUtil
    [javac]   location: class LeafNode_LLMTest
    [javac] /tmp/fix_test_suite.pl_13661_1702733964/llm/org/jsoup/nodes/LeafNode_LLMTest.java:694: error: cannot find symbol
    [javac]         assertEquals("One <span>two &amp;</span>kablam &amp;", TextUtil.stripNewlines(p.html()));
    [javac]                                                                ^
    [javac]   symbol:   variable TextUtil
    [javac]   location: class LeafNode_LLMTest
    [javac] /tmp/fix_test_suite.pl_13661_1702733964/llm/org/jsoup/nodes/LeafNode_LLMTest.java:708: error: cannot find symbol
    [javac]         assertEquals("Hello<b> there</b>", TextUtil.stripNewlines(div.html())); // changed expected value
    [javac]                                            ^
    [javac]   symbol:   variable TextUtil
    [javac]   location: class LeafNode_LLMTest
    [javac] /tmp/fix_test_suite.pl_13661_1702733964/llm/org/jsoup/nodes/LeafNode_LLMTest.java:759: error: cannot find symbol
    [javac]         assertEquals("Hello <b>there</b>", TextUtil.stripNewlines(div.html()));
    [javac]                                            ^
    [javac]   symbol:   variable TextUtil
    [javac]   location: class LeafNode_LLMTest
    [javac] /tmp/fix_test_suite.pl_13661_1702733964/llm/org/jsoup/nodes/LeafNode_LLMTest.java:764: error: cannot find symbol
    [javac]         assertEquals("Hello <b>there</b>", TextUtil.stripNewlines(div.html()));
    [javac]                                            ^
    [javac]   symbol:   variable TextUtil
    [javac]   location: class LeafNode_LLMTest
    [javac] 61 errors
    [javac] 34 warnings

BUILD FAILED
/defects4j/framework/projects/defects4j.build.xml:265: Compile failed; see the compiler error output for details.

Total time: 0 seconds
