9 broken test method(s): Codec-16b-llm.23.tar.bz2
--- org.apache.commons.codec.binary.Base32_LLMTest::test15
junit.framework.AssertionFailedError: expected:<[aaaaaaaaaaaaaaaaaaaaaaaaaaaaaaaaaaaaaaaaaaaaaaaaaaaaaaaaaaaaaaaaaaaaaaaaaaaaaaaaaaaaaaaaaaaaaaaaaaaaaaaaaaaaaaaaaaaaaaaaaaaaaaaaaaaaaaaaaaaaaaaaaaaaaaaaaaaaaaaaaaaaaaaaaaaaaaaaaaaaaaaaaaaaaaaaaaaaaaaaaaaaaaaaaaaaaaaaaaaaaaaaaaaaaaaaaaaaaaaaaaaaaaaaaaaaaaaaaaaaaaaaaaaaaaaaaaaaaaaaaaaaaaaaaaaaaaaaaaaaaaaaaaaaaaaaaaaaaaaaaaaaaaaaaaaaaaaaaaaaaaaaaaaaaaaaaaaaaaaaaaaaaaaaaaaaaaaaaaaaaaaaaaaaaaaaaaaaaaaaaaaaaaaaaaaaaaaaaaaaaaaaaaaaaaaaaaaaaaaaaaaaaaaaaaaaaaaaaaaaaaaaaaaaaaaaaaaaaaaaaaaaaaaaaaaaaaaaaaaaaaaaaaaaaaaaaaaaaaaaaaaaaaaaaaaaaaaaaaaaaaaaaaaaaaaaaaaaaaaaaaaaaaaaaaaaaaaaaaaaaaaaaaaaaaaaaaaaaaaaaaaaaaaaaaaaaaaaaaaaaaaaaaaaaaaaaaaaaaaaaaaaaaaaaaaaaaaaaaaaaaaaaaaaaaaaaaaaaaaaaaaaaaaaaaaaaaaaaaaaaaaaaaaaaaaaaaaaaaaaaaaaaaaaaaaaaaaaaaaaaaaaaaaaaaaaaaaaaaaaaaaaaaaaaaaaaaaaaaaaaaaaaaaaaaaaaaaaaaaaaaaaaaaaaaaaaaaaaaaaaaaaaaaaaaaaaaaaaaaaaaaaaaaaaaaaaaaaaaaaaaaaaaaaaaaaaaaaaaaaaaaaaaaaaaaaaaaaaaaaaaaaaaaaaaaaaaaaaaaaaaaaaaaaaaaaaaaaaaaaaaaaaaaaaaaaaaaaaaaaaaaaaaaaaaaaaaaaaaaaaaaaaaaaaaaaaaaaaaaa]> but was:<[C5GM2OB1C5GM2OB1C5GM2OB1C5GM2OB1C5GM2OB1C5GM2OB1C5GM2OB1C5GM2OB1C5GM2OB1C5GM2OB1C5GM2OB1C5GM2OB1C5GM2OB1C5GM2OB1C5GM2OB1C5GM2OB1C5GM2OB1C5GM2OB1C5GM2OB1C5GM2OB1C5GM2OB1C5GM2OB1C5GM2OB1C5GM2OB1C5GM2OB1C5GM2OB1C5GM2OB1C5GM2OB1C5GM2OB1C5GM2OB1C5GM2OB1C5GM2OB1C5GM2OB1C5GM2OB1C5GM2OB1C5GM2OB1C5GM2OB1C5GM2OB1C5GM2OB1C5GM2OB1C5GM2OB1C5GM2OB1C5GM2OB1C5GM2OB1C5GM2OB1C5GM2OB1C5GM2OB1C5GM2OB1C5GM2OB1C5GM2OB1C5GM2OB1C5GM2OB1C5GM2OB1C5GM2OB1C5GM2OB1C5GM2OB1C5GM2OB1C5GM2OB1C5GM2OB1C5GM2OB1C5GM2OB1C5GM2OB1C5GM2OB1C5GM2OB1C5GM2OB1C5GM2OB1C5GM2OB1C5GM2OB1C5GM2OB1C5GM2OB1C5GM2OB1C5GM2OB1C5GM2OB1C5GM2OB1C5GM2OB1C5GM2OB1C5GM2OB1C5GM2OB1C5GM2OB1C5GM2OB1C5GM2OB1C5GM2OB1C5GM2OB1C5GM2OB1C5GM2OB1C5GM2OB1C5GM2OB1C5GM2OB1C5GM2OB1C5GM2OB1C5GM2OB1C5GM2OB1C5GM2OB1C5GM2OB1C5GM2OB1C5GM2OB1C5GM2OB1C5GM2OB1C5GM2OB1C5GM2OB1C5GM2OB1C5GM2OB1C5GM2OB1C5GM2OB1C5GM2OB1C5GM2OB1C5GM2OB1C5GM2OB1C5GM2OB1C5GM2OB1C5GM2OB1C5GM2OB1C5GM2OB1C5GM2OB1C5GM2OB1C5GM2OB1C5GM2OB1C5GM2OB1C5GM2OB1C5GM2OB1C5GM2OB1C5GM2OB1C5GM2OB1C5GM2OB1C5GM2OB1C5GM2OB1C5GM2OB1C5GM2OB1C5GM2OB1C5GM2OB1C5GM2OB1C5GM2OB1C5GM2OB1C5GM2OB1C5GM2OB1C5GM2OB1C5GM2OB1C5GM2OB1C5GM2OB1C5GM2OB1C5GM2OB1C5GM2OB1C5GM2OB1C5GM2OB1C5GM2OB1C5GM2OB1C5GM2OB1C5GM2OB1C5GM2OB1C5GM2OB1C5GM2OB1C5GM2OB1C5GM2OB1C5GM2OB1C5GM2OB1C5GM2OB1C5GM2OB1C5GM2OB1C5GM2OB1C5GM2OB1C5GM2OB1C5GM2OB1C5GM2OB1C5GM2OB1C5GM2OB1C5GM2OB1C5GM2OB1C5GM2OB1C5GM2OB1C5GM2OB1C5GM2OB1C5GM2OB1C5GM2OB1C5GM2OB1C5GM2OB1C5GM2OB1C5GM2OB1C5GM2OB1C5GM2OB1C5GM2OB1C5GM2OB1C5GM2OB1C5GM2OB1C5GM2OB1C5GM2OB1C5GM2OB1C5GM2OB1C5GM2OB1C5GM2OB1C5GM2OB1C5GM2OB1C5GM2OB1C5GM2OB1C5GM2OB1C5GM2OB1C5GM2OB1C5GM2OB1C5GM2OB1C5GM2OB1C5GM2OB1]>
	at org.junit.Assert.assertEquals(Assert.java:115)
	at org.junit.Assert.assertEquals(Assert.java:144)
	at org.apache.commons.codec.binary.Base32_LLMTest.test15(Base32_LLMTest.java:165)
	at sun.reflect.NativeMethodAccessorImpl.invoke0(Native Method)
	at sun.reflect.NativeMethodAccessorImpl.invoke(NativeMethodAccessorImpl.java:62)
	at sun.reflect.DelegatingMethodAccessorImpl.invoke(DelegatingMethodAccessorImpl.java:43)
	at java.lang.reflect.Method.invoke(Method.java:498)
	at org.junit.runners.model.FrameworkMethod$1.runReflectiveCall(FrameworkMethod.java:47)
	at org.junit.internal.runners.model.ReflectiveCallable.run(ReflectiveCallable.java:12)
	at org.junit.runners.model.FrameworkMethod.invokeExplosively(FrameworkMethod.java:44)
	at org.junit.internal.runners.statements.InvokeMethod.evaluate(InvokeMethod.java:17)
	at org.junit.runners.ParentRunner.runLeaf(ParentRunner.java:271)
	at org.junit.runners.BlockJUnit4ClassRunner.runChild(BlockJUnit4ClassRunner.java:70)
	at org.junit.runners.BlockJUnit4ClassRunner.runChild(BlockJUnit4ClassRunner.java:50)
	at org.junit.runners.ParentRunner$3.run(ParentRunner.java:238)
	at org.junit.runners.ParentRunner$1.schedule(ParentRunner.java:63)
	at org.junit.runners.ParentRunner.runChildren(ParentRunner.java:236)
	at org.junit.runners.ParentRunner.access$000(ParentRunner.java:53)
	at org.junit.runners.ParentRunner$2.evaluate(ParentRunner.java:229)
	at org.junit.runners.ParentRunner.run(ParentRunner.java:309)
	at junit.framework.JUnit4TestAdapter.run(JUnit4TestAdapter.java:38)
	at org.apache.tools.ant.taskdefs.optional.junit.JUnitTestRunner.run(JUnitTestRunner.java:520)
	at org.apache.tools.ant.taskdefs.optional.junit.JUnitTestRunner.launch(JUnitTestRunner.java:1060)
	at org.apache.tools.ant.taskdefs.optional.junit.JUnitTestRunner.main(JUnitTestRunner.java:911)
--- org.apache.commons.codec.binary.Base32_LLMTest::test17
java.lang.NegativeArraySizeException
	at org.apache.commons.codec.binary.Base32_LLMTest.test17(Base32_LLMTest.java:190)
	at sun.reflect.NativeMethodAccessorImpl.invoke0(Native Method)
	at sun.reflect.NativeMethodAccessorImpl.invoke(NativeMethodAccessorImpl.java:62)
	at sun.reflect.DelegatingMethodAccessorImpl.invoke(DelegatingMethodAccessorImpl.java:43)
	at java.lang.reflect.Method.invoke(Method.java:498)
	at org.junit.runners.model.FrameworkMethod$1.runReflectiveCall(FrameworkMethod.java:47)
	at org.junit.internal.runners.model.ReflectiveCallable.run(ReflectiveCallable.java:12)
	at org.junit.runners.model.FrameworkMethod.invokeExplosively(FrameworkMethod.java:44)
	at org.junit.internal.runners.statements.InvokeMethod.evaluate(InvokeMethod.java:17)
	at org.junit.runners.ParentRunner.runLeaf(ParentRunner.java:271)
	at org.junit.runners.BlockJUnit4ClassRunner.runChild(BlockJUnit4ClassRunner.java:70)
	at org.junit.runners.BlockJUnit4ClassRunner.runChild(BlockJUnit4ClassRunner.java:50)
	at org.junit.runners.ParentRunner$3.run(ParentRunner.java:238)
	at org.junit.runners.ParentRunner$1.schedule(ParentRunner.java:63)
	at org.junit.runners.ParentRunner.runChildren(ParentRunner.java:236)
	at org.junit.runners.ParentRunner.access$000(ParentRunner.java:53)
	at org.junit.runners.ParentRunner$2.evaluate(ParentRunner.java:229)
	at org.junit.runners.ParentRunner.run(ParentRunner.java:309)
	at junit.framework.JUnit4TestAdapter.run(JUnit4TestAdapter.java:38)
	at org.apache.tools.ant.taskdefs.optional.junit.JUnitTestRunner.run(JUnitTestRunner.java:520)
	at org.apache.tools.ant.taskdefs.optional.junit.JUnitTestRunner.launch(JUnitTestRunner.java:1060)
	at org.apache.tools.ant.taskdefs.optional.junit.JUnitTestRunner.main(JUnitTestRunner.java:911)
--- org.apache.commons.codec.binary.Base32_LLMTest::test18
junit.framework.AssertionFailedError
	at org.junit.Assert.fail(Assert.java:86)
	at org.junit.Assert.fail(Assert.java:95)
	at org.apache.commons.codec.binary.Base32_LLMTest.test18(Base32_LLMTest.java:217)
	at sun.reflect.NativeMethodAccessorImpl.invoke0(Native Method)
	at sun.reflect.NativeMethodAccessorImpl.invoke(NativeMethodAccessorImpl.java:62)
	at sun.reflect.DelegatingMethodAccessorImpl.invoke(DelegatingMethodAccessorImpl.java:43)
	at java.lang.reflect.Method.invoke(Method.java:498)
	at org.junit.runners.model.FrameworkMethod$1.runReflectiveCall(FrameworkMethod.java:47)
	at org.junit.internal.runners.model.ReflectiveCallable.run(ReflectiveCallable.java:12)
	at org.junit.runners.model.FrameworkMethod.invokeExplosively(FrameworkMethod.java:44)
	at org.junit.internal.runners.statements.InvokeMethod.evaluate(InvokeMethod.java:17)
	at org.junit.runners.ParentRunner.runLeaf(ParentRunner.java:271)
	at org.junit.runners.BlockJUnit4ClassRunner.runChild(BlockJUnit4ClassRunner.java:70)
	at org.junit.runners.BlockJUnit4ClassRunner.runChild(BlockJUnit4ClassRunner.java:50)
	at org.junit.runners.ParentRunner$3.run(ParentRunner.java:238)
	at org.junit.runners.ParentRunner$1.schedule(ParentRunner.java:63)
	at org.junit.runners.ParentRunner.runChildren(ParentRunner.java:236)
	at org.junit.runners.ParentRunner.access$000(ParentRunner.java:53)
	at org.junit.runners.ParentRunner$2.evaluate(ParentRunner.java:229)
	at org.junit.runners.ParentRunner.run(ParentRunner.java:309)
	at junit.framework.JUnit4TestAdapter.run(JUnit4TestAdapter.java:38)
	at org.apache.tools.ant.taskdefs.optional.junit.JUnitTestRunner.run(JUnitTestRunner.java:520)
	at org.apache.tools.ant.taskdefs.optional.junit.JUnitTestRunner.launch(JUnitTestRunner.java:1060)
	at org.apache.tools.ant.taskdefs.optional.junit.JUnitTestRunner.main(JUnitTestRunner.java:911)
--- org.apache.commons.codec.binary.Base32_LLMTest::test26
junit.framework.AssertionFailedError: expected:<[aaaaaaaaaaaaaaaaaaaaaaaaaaaaaaaaaaaaaaaaaaaaaaaaaaaaaaaaaaaaaaaaaaaaaaaaaaaaaaaaaaaaaaaaaaaaaaaaaaaaaaaaaaaaaaaaaaaaaaaaaaaaaaaaaaaaaaaaaaaaaaaaaaaaaaaaaaaaaaaaaaaaaaaaaaaaaaaaaaaaaaaaaaaaaaaaaaaaaaaaaaaaaaaaaaaaaaaaaaaaaaaaaaaaaaaaaaaaaaaaaaaaaaaaaaaaaaaaaaaaaaaaaaaaaaaaaaaaaaaaaaaaaaaaaaaaaaaaaaaaaaaaaaaaaaaaaaaaaaaaaaaaaaaaaaaaaaaaaaaaaaaaaaaaaaaaaaaaaaaaaaaaaaaaaaaaaaaaaaaaaaaaaaaaaaaaaaaaaaaaaaaaaaaaaaaaaaaaaaaaaaaaaaaaaaaaaaaaaaaaaaaaaaaaaaaaaaaaaaaaaaaaaaaaaaaaaaaaaaaaaaaaaaaaaaaaaaaaaaaaaaaaaaaaaaaaaaaaaaaaaaaaaaaaaaaaaaaaaaaaaaaaaaaaaaaaaaaaaaaaaaaaaaaaaaaaaaaaaaaaaaaaaaaaaaaaaaaaaaaaaaaaaaaaaaaaaaaaaaaaaaaaaaaaaaaaaaaaaaaaaaaaaaaaaaaaaaaaaaaaaaaaaaaaaaaaaaaaaaaaaaaaaaaaaaaaaaaaaaaaaaaaaaaaaaaaaaaaaaaaaaaaaaaaaaaaaaaaaaaaaaaaaaaaaaaaaaaaaaaaaaaaaaaaaaaaaaaaaaaaaaaaaaaaaaaaaaaaaaaaaaaaaaaaaaaaaaaaaaaaaaaaaaaaaaaaaaaaaaaaaaaaaaaaaaaaaaaaaaaaaaaaaaaaaaaaaaaaaaaaaaaaaaaaaaaaaaaaaaaaaaaaaaaaaaaaaaaaaaaaaaaaaaaaaaaaaaaaaaaaaaaaaaaaaaaaaaaaaaaaaaaaaaaaaaaaaaaaaaaaaaaaaaaaaaaaaaaaaaaa]> but was:<[MFQWCYLBMFQWCYLB
MFQWCYLBMFQWCYLB
MFQWCYLBMFQWCYLB
MFQWCYLBMFQWCYLB
MFQWCYLBMFQWCYLB
MFQWCYLBMFQWCYLB
MFQWCYLBMFQWCYLB
MFQWCYLBMFQWCYLB
MFQWCYLBMFQWCYLB
MFQWCYLBMFQWCYLB
MFQWCYLBMFQWCYLB
MFQWCYLBMFQWCYLB
MFQWCYLBMFQWCYLB
MFQWCYLBMFQWCYLB
MFQWCYLBMFQWCYLB
MFQWCYLBMFQWCYLB
MFQWCYLBMFQWCYLB
MFQWCYLBMFQWCYLB
MFQWCYLBMFQWCYLB
MFQWCYLBMFQWCYLB
MFQWCYLBMFQWCYLB
MFQWCYLBMFQWCYLB
MFQWCYLBMFQWCYLB
MFQWCYLBMFQWCYLB
MFQWCYLBMFQWCYLB
MFQWCYLBMFQWCYLB
MFQWCYLBMFQWCYLB
MFQWCYLBMFQWCYLB
MFQWCYLBMFQWCYLB
MFQWCYLBMFQWCYLB
MFQWCYLBMFQWCYLB
MFQWCYLBMFQWCYLB
MFQWCYLBMFQWCYLB
MFQWCYLBMFQWCYLB
MFQWCYLBMFQWCYLB
MFQWCYLBMFQWCYLB
MFQWCYLBMFQWCYLB
MFQWCYLBMFQWCYLB
MFQWCYLBMFQWCYLB
MFQWCYLBMFQWCYLB
MFQWCYLBMFQWCYLB
MFQWCYLBMFQWCYLB
MFQWCYLBMFQWCYLB
MFQWCYLBMFQWCYLB
MFQWCYLBMFQWCYLB
MFQWCYLBMFQWCYLB
MFQWCYLBMFQWCYLB
MFQWCYLBMFQWCYLB
MFQWCYLBMFQWCYLB
MFQWCYLBMFQWCYLB
MFQWCYLBMFQWCYLB
MFQWCYLBMFQWCYLB
MFQWCYLBMFQWCYLB
MFQWCYLBMFQWCYLB
MFQWCYLBMFQWCYLB
MFQWCYLBMFQWCYLB
MFQWCYLBMFQWCYLB
MFQWCYLBMFQWCYLB
MFQWCYLBMFQWCYLB
MFQWCYLBMFQWCYLB
MFQWCYLBMFQWCYLB
MFQWCYLBMFQWCYLB
MFQWCYLBMFQWCYLB
MFQWCYLBMFQWCYLB
MFQWCYLBMFQWCYLB
MFQWCYLBMFQWCYLB
MFQWCYLBMFQWCYLB
MFQWCYLBMFQWCYLB
MFQWCYLBMFQWCYLB
MFQWCYLBMFQWCYLB
MFQWCYLBMFQWCYLB
MFQWCYLBMFQWCYLB
MFQWCYLBMFQWCYLB
MFQWCYLBMFQWCYLB
MFQWCYLBMFQWCYLB
MFQWCYLBMFQWCYLB
MFQWCYLBMFQWCYLB
MFQWCYLBMFQWCYLB
MFQWCYLBMFQWCYLB
MFQWCYLBMFQWCYLB
MFQWCYLBMFQWCYLB
MFQWCYLBMFQWCYLB
MFQWCYLBMFQWCYLB
MFQWCYLBMFQWCYLB
MFQWCYLBMFQWCYLB
MFQWCYLBMFQWCYLB
MFQWCYLBMFQWCYLB
MFQWCYLBMFQWCYLB
MFQWCYLBMFQWCYLB
MFQWCYLBMFQWCYLB
MFQWCYLBMFQWCYLB
MFQWCYLBMFQWCYLB
MFQWCYLBMFQWCYLB
MFQWCYLBMFQWCYLB
MFQWCYLBMFQWCYLB
MFQWCYLBMFQWCYLB
MFQWCYLBMFQWCYLB
MFQWCYLBMFQWCYLB
MFQWCYLBMFQWCYLB
MFQWCYLBMFQWCYLB
]>
	at org.junit.Assert.assertEquals(Assert.java:115)
	at org.junit.Assert.assertEquals(Assert.java:144)
	at org.apache.commons.codec.binary.Base32_LLMTest.test26(Base32_LLMTest.java:290)
	at sun.reflect.NativeMethodAccessorImpl.invoke0(Native Method)
	at sun.reflect.NativeMethodAccessorImpl.invoke(NativeMethodAccessorImpl.java:62)
	at sun.reflect.DelegatingMethodAccessorImpl.invoke(DelegatingMethodAccessorImpl.java:43)
	at java.lang.reflect.Method.invoke(Method.java:498)
	at org.junit.runners.model.FrameworkMethod$1.runReflectiveCall(FrameworkMethod.java:47)
	at org.junit.internal.runners.model.ReflectiveCallable.run(ReflectiveCallable.java:12)
	at org.junit.runners.model.FrameworkMethod.invokeExplosively(FrameworkMethod.java:44)
	at org.junit.internal.runners.statements.InvokeMethod.evaluate(InvokeMethod.java:17)
	at org.junit.runners.ParentRunner.runLeaf(ParentRunner.java:271)
	at org.junit.runners.BlockJUnit4ClassRunner.runChild(BlockJUnit4ClassRunner.java:70)
	at org.junit.runners.BlockJUnit4ClassRunner.runChild(BlockJUnit4ClassRunner.java:50)
	at org.junit.runners.ParentRunner$3.run(ParentRunner.java:238)
	at org.junit.runners.ParentRunner$1.schedule(ParentRunner.java:63)
	at org.junit.runners.ParentRunner.runChildren(ParentRunner.java:236)
	at org.junit.runners.ParentRunner.access$000(ParentRunner.java:53)
	at org.junit.runners.ParentRunner$2.evaluate(ParentRunner.java:229)
	at org.junit.runners.ParentRunner.run(ParentRunner.java:309)
	at junit.framework.JUnit4TestAdapter.run(JUnit4TestAdapter.java:38)
	at org.apache.tools.ant.taskdefs.optional.junit.JUnitTestRunner.run(JUnitTestRunner.java:520)
	at org.apache.tools.ant.taskdefs.optional.junit.JUnitTestRunner.launch(JUnitTestRunner.java:1060)
	at org.apache.tools.ant.taskdefs.optional.junit.JUnitTestRunner.main(JUnitTestRunner.java:911)
--- org.apache.commons.codec.binary.Base32_LLMTest::test30
junit.framework.AssertionFailedError: expected:<[aaaaaaaaaaaaaaaaaaaaaaaaaaaaaaaaaaaaaaaaaaaaaaaaaaaaaaaaaaaaaaaaaaaaaaaaaaaaaaaaaaaaaaaaaaaaaaaaaaaaaaaaaaaaaaaaaaaaaaaaaaaaaaaaaaaaaaaaaaaaaaaaaaaaaaaaaaaaaaaaaaaaaaaaaaaaaaaaaaaaaaaaaaaaaaaaaaaaaaaaaaaaaaaaaaaaaaaaaaaaaaaaaaaaaaaaaaaaaaaaaaaaaaaaaaaaaaaaaaaaaaaaaaaaaaaaaaaaaaaaaaaaaaaaaaaaaaaaaaaaaaaaaaaaaaaaaaaaaaaaaaaaaaaaaaaaaaaaaaaaaaaaaaaaaaaaaaaaaaaaaaaaaaaaaaaaaaaaaaaaaaaaaaaaaaaaaaaaaaaaaaaaaaaaaaaaaaaaaaaaaaaaaaaaaaaaaaaaaaaaaaaaaaaaaaaaaaaaaaaaaaaaaaaaaaaaaaaaaaaaaaaaaaaaaaaaaaaaaaaaaaaaaaaaaaaaaaaaaaaaaaaaaaaaaaaaaaaaaaaaaaaaaaaaaaaaaaaaaaaaaaaaaaaaaaaaaaaaaaaaaaaaaaaaaaaaaaaaaaaaaaaaaaaaaaaaaaaaaaaaaaaaaaaaaaaaaaaaaaaaaaaaaaaaaaaaaaaaaaaaaaaaaaaaaaaaaaaaaaaaaaaaaaaaaaaaaaaaaaaaaaaaaaaaaaaaaaaaaaaaaaaaaaaaaaaaaaaaaaaaaaaaaaaaaaaaaaaaaaaaaaaaaaaaaaaaaaaaaaaaaaaaaaaaaaaaaaaaaaaaaaaaaaaaaaaaaaaaaaaaaaaaaaaaaaaaaaaaaaaaaaaaaaaaaaaaaaaaaaaaaaaaaaaaaaaaaaaaaaaaaaaaaaaaaaaaaaaaaaaaaaaaaaaaaaaaaaaaaaaaaaaaaaaaaaaaaaaaaaaaaaaaaaaaaaaaaaaaaaaaaaaaaaaaaaaaaaaaaaaaaaaaaaaaaaaaaaaaaaaa]> but was:<[MFQWCYLBMFQWCYLBMFQWCYLBMFQWCYLBMFQWCYLBMFQWCYLBMFQWCYLBMFQWCYLBMFQWCYLBMFQWCYLBMFQWCYLBMFQWCYLBMFQWCYLBMFQWCYLBMFQWCYLBMFQWCYLBMFQWCYLBMFQWCYLBMFQWCYLBMFQWCYLBMFQWCYLBMFQWCYLBMFQWCYLBMFQWCYLBMFQWCYLBMFQWCYLBMFQWCYLBMFQWCYLBMFQWCYLBMFQWCYLBMFQWCYLBMFQWCYLBMFQWCYLBMFQWCYLBMFQWCYLBMFQWCYLBMFQWCYLBMFQWCYLBMFQWCYLBMFQWCYLBMFQWCYLBMFQWCYLBMFQWCYLBMFQWCYLBMFQWCYLBMFQWCYLBMFQWCYLBMFQWCYLBMFQWCYLBMFQWCYLBMFQWCYLBMFQWCYLBMFQWCYLBMFQWCYLBMFQWCYLBMFQWCYLBMFQWCYLBMFQWCYLBMFQWCYLBMFQWCYLBMFQWCYLBMFQWCYLBMFQWCYLBMFQWCYLBMFQWCYLBMFQWCYLBMFQWCYLBMFQWCYLBMFQWCYLBMFQWCYLBMFQWCYLBMFQWCYLBMFQWCYLBMFQWCYLBMFQWCYLBMFQWCYLBMFQWCYLBMFQWCYLBMFQWCYLBMFQWCYLBMFQWCYLBMFQWCYLBMFQWCYLBMFQWCYLBMFQWCYLBMFQWCYLBMFQWCYLBMFQWCYLBMFQWCYLBMFQWCYLBMFQWCYLBMFQWCYLBMFQWCYLBMFQWCYLBMFQWCYLBMFQWCYLBMFQWCYLBMFQWCYLBMFQWCYLBMFQWCYLBMFQWCYLBMFQWCYLBMFQWCYLBMFQWCYLBMFQWCYLBMFQWCYLBMFQWCYLBMFQWCYLBMFQWCYLBMFQWCYLBMFQWCYLBMFQWCYLBMFQWCYLBMFQWCYLBMFQWCYLBMFQWCYLBMFQWCYLBMFQWCYLBMFQWCYLBMFQWCYLBMFQWCYLBMFQWCYLBMFQWCYLBMFQWCYLBMFQWCYLBMFQWCYLBMFQWCYLBMFQWCYLBMFQWCYLBMFQWCYLBMFQWCYLBMFQWCYLBMFQWCYLBMFQWCYLBMFQWCYLBMFQWCYLBMFQWCYLBMFQWCYLBMFQWCYLBMFQWCYLBMFQWCYLBMFQWCYLBMFQWCYLBMFQWCYLBMFQWCYLBMFQWCYLBMFQWCYLBMFQWCYLBMFQWCYLBMFQWCYLBMFQWCYLBMFQWCYLBMFQWCYLBMFQWCYLBMFQWCYLBMFQWCYLBMFQWCYLBMFQWCYLBMFQWCYLBMFQWCYLBMFQWCYLBMFQWCYLBMFQWCYLBMFQWCYLBMFQWCYLBMFQWCYLBMFQWCYLBMFQWCYLBMFQWCYLBMFQWCYLBMFQWCYLBMFQWCYLBMFQWCYLBMFQWCYLBMFQWCYLBMFQWCYLBMFQWCYLBMFQWCYLBMFQWCYLBMFQWCYLBMFQWCYLBMFQWCYLBMFQWCYLBMFQWCYLBMFQWCYLBMFQWCYLBMFQWCYLBMFQWCYLBMFQWCYLBMFQWCYLBMFQWCYLBMFQWCYLBMFQWCYLBMFQWCYLBMFQWCYLBMFQWCYLBMFQWCYLBMFQWCYLBMFQWCYLBMFQWCYLB]>
	at org.junit.Assert.assertEquals(Assert.java:115)
	at org.junit.Assert.assertEquals(Assert.java:144)
	at org.apache.commons.codec.binary.Base32_LLMTest.test30(Base32_LLMTest.java:321)
	at sun.reflect.NativeMethodAccessorImpl.invoke0(Native Method)
	at sun.reflect.NativeMethodAccessorImpl.invoke(NativeMethodAccessorImpl.java:62)
	at sun.reflect.DelegatingMethodAccessorImpl.invoke(DelegatingMethodAccessorImpl.java:43)
	at java.lang.reflect.Method.invoke(Method.java:498)
	at org.junit.runners.model.FrameworkMethod$1.runReflectiveCall(FrameworkMethod.java:47)
	at org.junit.internal.runners.model.ReflectiveCallable.run(ReflectiveCallable.java:12)
	at org.junit.runners.model.FrameworkMethod.invokeExplosively(FrameworkMethod.java:44)
	at org.junit.internal.runners.statements.InvokeMethod.evaluate(InvokeMethod.java:17)
	at org.junit.runners.ParentRunner.runLeaf(ParentRunner.java:271)
	at org.junit.runners.BlockJUnit4ClassRunner.runChild(BlockJUnit4ClassRunner.java:70)
	at org.junit.runners.BlockJUnit4ClassRunner.runChild(BlockJUnit4ClassRunner.java:50)
	at org.junit.runners.ParentRunner$3.run(ParentRunner.java:238)
	at org.junit.runners.ParentRunner$1.schedule(ParentRunner.java:63)
	at org.junit.runners.ParentRunner.runChildren(ParentRunner.java:236)
	at org.junit.runners.ParentRunner.access$000(ParentRunner.java:53)
	at org.junit.runners.ParentRunner$2.evaluate(ParentRunner.java:229)
	at org.junit.runners.ParentRunner.run(ParentRunner.java:309)
	at junit.framework.JUnit4TestAdapter.run(JUnit4TestAdapter.java:38)
	at org.apache.tools.ant.taskdefs.optional.junit.JUnitTestRunner.run(JUnitTestRunner.java:520)
	at org.apache.tools.ant.taskdefs.optional.junit.JUnitTestRunner.launch(JUnitTestRunner.java:1060)
	at org.apache.tools.ant.taskdefs.optional.junit.JUnitTestRunner.main(JUnitTestRunner.java:911)
--- org.apache.commons.codec.binary.Base32_LLMTest::test34
junit.framework.AssertionFailedError: expected:<[aaaaaaaaaaaaaaaaaaaaaaaaaaaaaaaaaaaaaaaaaaaaaaaaaaaaaaaaaaaaaaaaaaaaaaaaaaaaaaaaaaaaaaaaaaaaaaaaaaaaaaaaaaaaaaaaaaaaaaaaaaaaaaaaaaaaaaaaaaaaaaaaaaaaaaaaaaaaaaaaaaaaaaaaaaaaaaaaaaaaaaaaaaaaaaaaaaaaaaaaaaaaaaaaaaaaaaaaaaaaaaaaaaaaaaaaaaaaaaaaaaaaaaaaaaaaaaaaaaaaaaaaaaaaaaaaaaaaaaaaaaaaaaaaaaaaaaaaaaaaaaaaaaaaaaaaaaaaaaaaaaaaaaaaaaaaaaaaaaaaaaaaaaaaaaaaaaaaaaaaaaaaaaaaaaaaaaaaaaaaaaaaaaaaaaaaaaaaaaaaaaaaaaaaaaaaaaaaaaaaaaaaaaaaaaaaaaaaaaaaaaaaaaaaaaaaaaaaaaaaaaaaaaaaaaaaaaaaaaaaaaaaaaaaaaaaaaaaaaaaaaaaaaaaaaaaaaaaaaaaaaaaaaaaaaaaaaaaaaaaaaaaaaaaaaaaaaaaaaaaaaaaaaaaaaaaaaaaaaaaaaaaaaaaaaaaaaaaaaaaaaaaaaaaaaaaaaaaaaaaaaaaaaaaaaaaaaaaaaaaaaaaaaaaaaaaaaaaaaaaaaaaaaaaaaaaaaaaaaaaaaaaaaaaaaaaaaaaaaaaaaaaaaaaaaaaaaaaaaaaaaaaaaaaaaaaaaaaaaaaaaaaaaaaaaaaaaaaaaaaaaaaaaaaaaaaaaaaaaaaaaaaaaaaaaaaaaaaaaaaaaaaaaaaaaaaaaaaaaaaaaaaaaaaaaaaaaaaaaaaaaaaaaaaaaaaaaaaaaaaaaaaaaaaaaaaaaaaaaaaaaaaaaaaaaaaaaaaaaaaaaaaaaaaaaaaaaaaaaaaaaaaaaaaaaaaaaaaaaaaaaaaaaaaaaaaaaaaaaaaaaaaaaaaaaaaaaaaaaaaaaaaaaaaaaaaaaaaaaaa]> but was:<[MFQWCYLBMFQWCYLBMFQWCYLBMFQWCYLBMFQWCYLBMFQWCYLBMFQWCYLBMFQWCYLBMFQWCYLBMFQWCYLBMFQWCYLBMFQWCYLBMFQWCYLBMFQWCYLBMFQWCYLBMFQWCYLBMFQWCYLBMFQWCYLBMFQWCYLBMFQWCYLBMFQWCYLBMFQWCYLBMFQWCYLBMFQWCYLBMFQWCYLBMFQWCYLBMFQWCYLBMFQWCYLBMFQWCYLBMFQWCYLBMFQWCYLBMFQWCYLBMFQWCYLBMFQWCYLBMFQWCYLBMFQWCYLBMFQWCYLBMFQWCYLBMFQWCYLBMFQWCYLBMFQWCYLBMFQWCYLBMFQWCYLBMFQWCYLBMFQWCYLBMFQWCYLBMFQWCYLBMFQWCYLBMFQWCYLBMFQWCYLBMFQWCYLBMFQWCYLBMFQWCYLBMFQWCYLBMFQWCYLBMFQWCYLBMFQWCYLBMFQWCYLBMFQWCYLBMFQWCYLBMFQWCYLBMFQWCYLBMFQWCYLBMFQWCYLBMFQWCYLBMFQWCYLBMFQWCYLBMFQWCYLBMFQWCYLBMFQWCYLBMFQWCYLBMFQWCYLBMFQWCYLBMFQWCYLBMFQWCYLBMFQWCYLBMFQWCYLBMFQWCYLBMFQWCYLBMFQWCYLBMFQWCYLBMFQWCYLBMFQWCYLBMFQWCYLBMFQWCYLBMFQWCYLBMFQWCYLBMFQWCYLBMFQWCYLBMFQWCYLBMFQWCYLBMFQWCYLBMFQWCYLBMFQWCYLBMFQWCYLBMFQWCYLBMFQWCYLBMFQWCYLBMFQWCYLBMFQWCYLBMFQWCYLBMFQWCYLBMFQWCYLBMFQWCYLBMFQWCYLBMFQWCYLBMFQWCYLBMFQWCYLBMFQWCYLBMFQWCYLBMFQWCYLBMFQWCYLBMFQWCYLBMFQWCYLBMFQWCYLBMFQWCYLBMFQWCYLBMFQWCYLBMFQWCYLBMFQWCYLBMFQWCYLBMFQWCYLBMFQWCYLBMFQWCYLBMFQWCYLBMFQWCYLBMFQWCYLBMFQWCYLBMFQWCYLBMFQWCYLBMFQWCYLBMFQWCYLBMFQWCYLBMFQWCYLBMFQWCYLBMFQWCYLBMFQWCYLBMFQWCYLBMFQWCYLBMFQWCYLBMFQWCYLBMFQWCYLBMFQWCYLBMFQWCYLBMFQWCYLBMFQWCYLBMFQWCYLBMFQWCYLBMFQWCYLBMFQWCYLBMFQWCYLBMFQWCYLBMFQWCYLBMFQWCYLBMFQWCYLBMFQWCYLBMFQWCYLBMFQWCYLBMFQWCYLBMFQWCYLBMFQWCYLBMFQWCYLBMFQWCYLBMFQWCYLBMFQWCYLBMFQWCYLBMFQWCYLBMFQWCYLBMFQWCYLBMFQWCYLBMFQWCYLBMFQWCYLBMFQWCYLBMFQWCYLBMFQWCYLBMFQWCYLBMFQWCYLBMFQWCYLBMFQWCYLBMFQWCYLBMFQWCYLBMFQWCYLBMFQWCYLBMFQWCYLBMFQWCYLBMFQWCYLBMFQWCYLBMFQWCYLBMFQWCYLBMFQWCYLBMFQWCYLBMFQWCYLBMFQWCYLBMFQWCYLBMFQWCYLBMFQWCYLBMFQWCYLBMFQWCYLBMFQWCYLBMFQWCYLB]>
	at org.junit.Assert.assertEquals(Assert.java:115)
	at org.junit.Assert.assertEquals(Assert.java:144)
	at org.apache.commons.codec.binary.Base32_LLMTest.test34(Base32_LLMTest.java:351)
	at sun.reflect.NativeMethodAccessorImpl.invoke0(Native Method)
	at sun.reflect.NativeMethodAccessorImpl.invoke(NativeMethodAccessorImpl.java:62)
	at sun.reflect.DelegatingMethodAccessorImpl.invoke(DelegatingMethodAccessorImpl.java:43)
	at java.lang.reflect.Method.invoke(Method.java:498)
	at org.junit.runners.model.FrameworkMethod$1.runReflectiveCall(FrameworkMethod.java:47)
	at org.junit.internal.runners.model.ReflectiveCallable.run(ReflectiveCallable.java:12)
	at org.junit.runners.model.FrameworkMethod.invokeExplosively(FrameworkMethod.java:44)
	at org.junit.internal.runners.statements.InvokeMethod.evaluate(InvokeMethod.java:17)
	at org.junit.runners.ParentRunner.runLeaf(ParentRunner.java:271)
	at org.junit.runners.BlockJUnit4ClassRunner.runChild(BlockJUnit4ClassRunner.java:70)
	at org.junit.runners.BlockJUnit4ClassRunner.runChild(BlockJUnit4ClassRunner.java:50)
	at org.junit.runners.ParentRunner$3.run(ParentRunner.java:238)
	at org.junit.runners.ParentRunner$1.schedule(ParentRunner.java:63)
	at org.junit.runners.ParentRunner.runChildren(ParentRunner.java:236)
	at org.junit.runners.ParentRunner.access$000(ParentRunner.java:53)
	at org.junit.runners.ParentRunner$2.evaluate(ParentRunner.java:229)
	at org.junit.runners.ParentRunner.run(ParentRunner.java:309)
	at junit.framework.JUnit4TestAdapter.run(JUnit4TestAdapter.java:38)
	at org.apache.tools.ant.taskdefs.optional.junit.JUnitTestRunner.run(JUnitTestRunner.java:520)
	at org.apache.tools.ant.taskdefs.optional.junit.JUnitTestRunner.launch(JUnitTestRunner.java:1060)
	at org.apache.tools.ant.taskdefs.optional.junit.JUnitTestRunner.main(JUnitTestRunner.java:911)
--- org.apache.commons.codec.binary.Base32_LLMTest::test39
java.lang.IllegalArgumentException: pad must not be in alphabet or whitespace
	at org.apache.commons.codec.binary.Base32.<init>(Base32.java:309)
	at org.apache.commons.codec.binary.Base32.<init>(Base32.java:193)
	at org.apache.commons.codec.binary.Base32_LLMTest.test39(Base32_LLMTest.java:397)
	at sun.reflect.NativeMethodAccessorImpl.invoke0(Native Method)
	at sun.reflect.NativeMethodAccessorImpl.invoke(NativeMethodAccessorImpl.java:62)
	at sun.reflect.DelegatingMethodAccessorImpl.invoke(DelegatingMethodAccessorImpl.java:43)
	at java.lang.reflect.Method.invoke(Method.java:498)
	at org.junit.runners.model.FrameworkMethod$1.runReflectiveCall(FrameworkMethod.java:47)
	at org.junit.internal.runners.model.ReflectiveCallable.run(ReflectiveCallable.java:12)
	at org.junit.runners.model.FrameworkMethod.invokeExplosively(FrameworkMethod.java:44)
	at org.junit.internal.runners.statements.InvokeMethod.evaluate(InvokeMethod.java:17)
	at org.junit.runners.ParentRunner.runLeaf(ParentRunner.java:271)
	at org.junit.runners.BlockJUnit4ClassRunner.runChild(BlockJUnit4ClassRunner.java:70)
	at org.junit.runners.BlockJUnit4ClassRunner.runChild(BlockJUnit4ClassRunner.java:50)
	at org.junit.runners.ParentRunner$3.run(ParentRunner.java:238)
	at org.junit.runners.ParentRunner$1.schedule(ParentRunner.java:63)
	at org.junit.runners.ParentRunner.runChildren(ParentRunner.java:236)
	at org.junit.runners.ParentRunner.access$000(ParentRunner.java:53)
	at org.junit.runners.ParentRunner$2.evaluate(ParentRunner.java:229)
	at org.junit.runners.ParentRunner.run(ParentRunner.java:309)
	at junit.framework.JUnit4TestAdapter.run(JUnit4TestAdapter.java:38)
	at org.apache.tools.ant.taskdefs.optional.junit.JUnitTestRunner.run(JUnitTestRunner.java:520)
	at org.apache.tools.ant.taskdefs.optional.junit.JUnitTestRunner.launch(JUnitTestRunner.java:1060)
	at org.apache.tools.ant.taskdefs.optional.junit.JUnitTestRunner.main(JUnitTestRunner.java:911)
--- org.apache.commons.codec.binary.Base32_LLMTest::test40
java.lang.IllegalArgumentException: pad must not be in alphabet or whitespace
	at org.apache.commons.codec.binary.Base32.<init>(Base32.java:309)
	at org.apache.commons.codec.binary.Base32.<init>(Base32.java:193)
	at org.apache.commons.codec.binary.Base32_LLMTest.test40(Base32_LLMTest.java:402)
	at sun.reflect.NativeMethodAccessorImpl.invoke0(Native Method)
	at sun.reflect.NativeMethodAccessorImpl.invoke(NativeMethodAccessorImpl.java:62)
	at sun.reflect.DelegatingMethodAccessorImpl.invoke(DelegatingMethodAccessorImpl.java:43)
	at java.lang.reflect.Method.invoke(Method.java:498)
	at org.junit.runners.model.FrameworkMethod$1.runReflectiveCall(FrameworkMethod.java:47)
	at org.junit.internal.runners.model.ReflectiveCallable.run(ReflectiveCallable.java:12)
	at org.junit.runners.model.FrameworkMethod.invokeExplosively(FrameworkMethod.java:44)
	at org.junit.internal.runners.statements.InvokeMethod.evaluate(InvokeMethod.java:17)
	at org.junit.runners.ParentRunner.runLeaf(ParentRunner.java:271)
	at org.junit.runners.BlockJUnit4ClassRunner.runChild(BlockJUnit4ClassRunner.java:70)
	at org.junit.runners.BlockJUnit4ClassRunner.runChild(BlockJUnit4ClassRunner.java:50)
	at org.junit.runners.ParentRunner$3.run(ParentRunner.java:238)
	at org.junit.runners.ParentRunner$1.schedule(ParentRunner.java:63)
	at org.junit.runners.ParentRunner.runChildren(ParentRunner.java:236)
	at org.junit.runners.ParentRunner.access$000(ParentRunner.java:53)
	at org.junit.runners.ParentRunner$2.evaluate(ParentRunner.java:229)
	at org.junit.runners.ParentRunner.run(ParentRunner.java:309)
	at junit.framework.JUnit4TestAdapter.run(JUnit4TestAdapter.java:38)
	at org.apache.tools.ant.taskdefs.optional.junit.JUnitTestRunner.run(JUnitTestRunner.java:520)
	at org.apache.tools.ant.taskdefs.optional.junit.JUnitTestRunner.launch(JUnitTestRunner.java:1060)
	at org.apache.tools.ant.taskdefs.optional.junit.JUnitTestRunner.main(JUnitTestRunner.java:911)
--- org.apache.commons.codec.binary.Base32_LLMTest::test42
java.lang.IllegalArgumentException: pad must not be in alphabet or whitespace
	at org.apache.commons.codec.binary.Base32.<init>(Base32.java:309)
	at org.apache.commons.codec.binary.Base32.<init>(Base32.java:193)
	at org.apache.commons.codec.binary.Base32_LLMTest.test42(Base32_LLMTest.java:412)
	at sun.reflect.NativeMethodAccessorImpl.invoke0(Native Method)
	at sun.reflect.NativeMethodAccessorImpl.invoke(NativeMethodAccessorImpl.java:62)
	at sun.reflect.DelegatingMethodAccessorImpl.invoke(DelegatingMethodAccessorImpl.java:43)
	at java.lang.reflect.Method.invoke(Method.java:498)
	at org.junit.runners.model.FrameworkMethod$1.runReflectiveCall(FrameworkMethod.java:47)
	at org.junit.internal.runners.model.ReflectiveCallable.run(ReflectiveCallable.java:12)
	at org.junit.runners.model.FrameworkMethod.invokeExplosively(FrameworkMethod.java:44)
	at org.junit.internal.runners.statements.InvokeMethod.evaluate(InvokeMethod.java:17)
	at org.junit.runners.ParentRunner.runLeaf(ParentRunner.java:271)
	at org.junit.runners.BlockJUnit4ClassRunner.runChild(BlockJUnit4ClassRunner.java:70)
	at org.junit.runners.BlockJUnit4ClassRunner.runChild(BlockJUnit4ClassRunner.java:50)
	at org.junit.runners.ParentRunner$3.run(ParentRunner.java:238)
	at org.junit.runners.ParentRunner$1.schedule(ParentRunner.java:63)
	at org.junit.runners.ParentRunner.runChildren(ParentRunner.java:236)
	at org.junit.runners.ParentRunner.access$000(ParentRunner.java:53)
	at org.junit.runners.ParentRunner$2.evaluate(ParentRunner.java:229)
	at org.junit.runners.ParentRunner.run(ParentRunner.java:309)
	at junit.framework.JUnit4TestAdapter.run(JUnit4TestAdapter.java:38)
	at org.apache.tools.ant.taskdefs.optional.junit.JUnitTestRunner.run(JUnitTestRunner.java:520)
	at org.apache.tools.ant.taskdefs.optional.junit.JUnitTestRunner.launch(JUnitTestRunner.java:1060)
	at org.apache.tools.ant.taskdefs.optional.junit.JUnitTestRunner.main(JUnitTestRunner.java:911)
