- Compilation issues: Codec-18b-llm.28.tar.bz2
Picked up JAVA_TOOL_OPTIONS: -Dfile.encoding=UTF8
OpenJDK 64-Bit Server VM warning: ignoring option MaxPermSize=1G; support was removed in 8.0
Buildfile: /defects4j/framework/projects/defects4j.build.xml

test-offline:

get-deps:

commons-codec-from-maven.compile:
    [mkdir] Created dir: /tmp/fix_test_suite.pl_5767_1702809650/target/classes
    [javac] /tmp/fix_test_suite.pl_5767_1702809650/maven-build.xml:78: warning: 'includeantruntime' was not set, defaulting to build.sysclasspath=last; set to false for repeatable builds
    [javac] Compiling 63 source files to /tmp/fix_test_suite.pl_5767_1702809650/target/classes
    [javac] warning: [options] bootstrap class path not set in conjunction with -source 1.6
    [javac] warning: /root/.sdkman/candidates/java/8.0.302-open/lib/ct.sym(META-INF/sym/rt.jar/java/lang/Object.class): major version 52 is newer than 51, the highest major version supported by this compiler.
    [javac]   It is recommended that the compiler be upgraded.
    [javac] warning: /root/.sdkman/candidates/java/8.0.302-open/lib/ct.sym(META-INF/sym/rt.jar/java/lang/Exception.class): major version 52 is newer than 51, the highest major version supported by this compiler.
    [javac]   It is recommended that the compiler be upgraded.
    [javac] warning: /root/.sdkman/candidates/java/8.0.302-open/lib/ct.sym(META-INF/sym/rt.jar/java/lang/Throwable.class): major version 52 is newer than 51, the highest major version supported by this compiler.
    [javac]   It is recommended that the compiler be upgraded.
    [javac] warning: /root/.sdkman/candidates/java/8.0.302-open/lib/ct.sym(META-INF/sym/rt.jar/java/io/Serializable.class): major version 52 is newer than 51, the highest major version supported by this compiler.
    [javac]   It is recommended that the compiler be upgraded.
    [javac] warning: /root/.sdkman/candidates/java/8.0.302-open/lib/ct.sym(META-INF/sym/rt.jar/java/lang/String.class): major version 52 is newer than 51, the highest major version supported by this compiler.
    [javac]   It is recommended that the compiler be upgraded.
    [javac] warning: /root/.sdkman/candidates/java/8.0.302-open/lib/ct.sym(META-INF/sym/rt.jar/java/nio/charset/Charset.class): major version 52 is newer than 51, the highest major version supported by this compiler.
    [javac]   It is recommended that the compiler be upgraded.
    [javac] warning: /root/.sdkman/candidates/java/8.0.302-open/lib/ct.sym(META-INF/sym/rt.jar/java/util/Comparator.class): major version 52 is newer than 51, the highest major version supported by this compiler.
    [javac]   It is recommended that the compiler be upgraded.
    [javac] warning: /root/.sdkman/candidates/java/8.0.302-open/lib/ct.sym(META-INF/sym/rt.jar/java/lang/SuppressWarnings.class): major version 52 is newer than 51, the highest major version supported by this compiler.
    [javac]   It is recommended that the compiler be upgraded.
    [javac] warning: /root/.sdkman/candidates/java/8.0.302-open/lib/ct.sym(META-INF/sym/rt.jar/java/util/Arrays.class): major version 52 is newer than 51, the highest major version supported by this compiler.
    [javac]   It is recommended that the compiler be upgraded.
    [javac] warning: /root/.sdkman/candidates/java/8.0.302-open/lib/ct.sym(META-INF/sym/rt.jar/java/io/InputStream.class): major version 52 is newer than 51, the highest major version supported by this compiler.
    [javac]   It is recommended that the compiler be upgraded.
    [javac] warning: /root/.sdkman/candidates/java/8.0.302-open/lib/ct.sym(META-INF/sym/rt.jar/java/io/FilterInputStream.class): major version 52 is newer than 51, the highest major version supported by this compiler.
    [javac]   It is recommended that the compiler be upgraded.
    [javac] warning: /root/.sdkman/candidates/java/8.0.302-open/lib/ct.sym(META-INF/sym/rt.jar/java/io/IOException.class): major version 52 is newer than 51, the highest major version supported by this compiler.
    [javac]   It is recommended that the compiler be upgraded.
    [javac] warning: /root/.sdkman/candidates/java/8.0.302-open/lib/ct.sym(META-INF/sym/rt.jar/java/io/Closeable.class): major version 52 is newer than 51, the highest major version supported by this compiler.
    [javac]   It is recommended that the compiler be upgraded.
    [javac] warning: /root/.sdkman/candidates/java/8.0.302-open/lib/ct.sym(META-INF/sym/rt.jar/java/lang/AutoCloseable.class): major version 52 is newer than 51, the highest major version supported by this compiler.
    [javac]   It is recommended that the compiler be upgraded.
    [javac] warning: /root/.sdkman/candidates/java/8.0.302-open/lib/ct.sym(META-INF/sym/rt.jar/java/io/OutputStream.class): major version 52 is newer than 51, the highest major version supported by this compiler.
    [javac]   It is recommended that the compiler be upgraded.
    [javac] warning: /root/.sdkman/candidates/java/8.0.302-open/lib/ct.sym(META-INF/sym/rt.jar/java/io/FilterOutputStream.class): major version 52 is newer than 51, the highest major version supported by this compiler.
    [javac]   It is recommended that the compiler be upgraded.
    [javac] warning: /root/.sdkman/candidates/java/8.0.302-open/lib/ct.sym(META-INF/sym/rt.jar/java/io/Flushable.class): major version 52 is newer than 51, the highest major version supported by this compiler.
    [javac]   It is recommended that the compiler be upgraded.
    [javac] warning: /root/.sdkman/candidates/java/8.0.302-open/lib/ct.sym(META-INF/sym/rt.jar/java/math/BigInteger.class): major version 52 is newer than 51, the highest major version supported by this compiler.
    [javac]   It is recommended that the compiler be upgraded.
    [javac] warning: /root/.sdkman/candidates/java/8.0.302-open/lib/ct.sym(META-INF/sym/rt.jar/java/lang/CharSequence.class): major version 52 is newer than 51, the highest major version supported by this compiler.
    [javac]   It is recommended that the compiler be upgraded.
    [javac] warning: /root/.sdkman/candidates/java/8.0.302-open/lib/ct.sym(META-INF/sym/rt.jar/java/nio/ByteBuffer.class): major version 52 is newer than 51, the highest major version supported by this compiler.
    [javac]   It is recommended that the compiler be upgraded.
    [javac] warning: /root/.sdkman/candidates/java/8.0.302-open/lib/ct.sym(META-INF/sym/rt.jar/java/io/UnsupportedEncodingException.class): major version 52 is newer than 51, the highest major version supported by this compiler.
    [javac]   It is recommended that the compiler be upgraded.
    [javac] warning: /root/.sdkman/candidates/java/8.0.302-open/lib/ct.sym(META-INF/sym/rt.jar/java/lang/IllegalStateException.class): major version 52 is newer than 51, the highest major version supported by this compiler.
    [javac]   It is recommended that the compiler be upgraded.
    [javac] warning: /root/.sdkman/candidates/java/8.0.302-open/lib/ct.sym(META-INF/sym/rt.jar/java/io/File.class): major version 52 is newer than 51, the highest major version supported by this compiler.
    [javac]   It is recommended that the compiler be upgraded.
    [javac] warning: /root/.sdkman/candidates/java/8.0.302-open/lib/ct.sym(META-INF/sym/rt.jar/java/security/MessageDigest.class): major version 52 is newer than 51, the highest major version supported by this compiler.
    [javac]   It is recommended that the compiler be upgraded.
    [javac] warning: /root/.sdkman/candidates/java/8.0.302-open/lib/ct.sym(META-INF/sym/rt.jar/java/util/Locale.class): major version 52 is newer than 51, the highest major version supported by this compiler.
    [javac]   It is recommended that the compiler be upgraded.
    [javac] warning: /root/.sdkman/candidates/java/8.0.302-open/lib/ct.sym(META-INF/sym/rt.jar/java/util/Random.class): major version 52 is newer than 51, the highest major version supported by this compiler.
    [javac]   It is recommended that the compiler be upgraded.
    [javac] warning: /root/.sdkman/candidates/java/8.0.302-open/lib/ct.sym(META-INF/sym/rt.jar/java/lang/StringBuilder.class): major version 52 is newer than 51, the highest major version supported by this compiler.
    [javac]   It is recommended that the compiler be upgraded.
    [javac] warning: /root/.sdkman/candidates/java/8.0.302-open/lib/ct.sym(META-INF/sym/rt.jar/java/io/BufferedInputStream.class): major version 52 is newer than 51, the highest major version supported by this compiler.
    [javac]   It is recommended that the compiler be upgraded.
    [javac] warning: /root/.sdkman/candidates/java/8.0.302-open/lib/ct.sym(META-INF/sym/rt.jar/java/io/FileInputStream.class): major version 52 is newer than 51, the highest major version supported by this compiler.
    [javac]   It is recommended that the compiler be upgraded.
    [javac] warning: /root/.sdkman/candidates/java/8.0.302-open/lib/ct.sym(META-INF/sym/rt.jar/java/security/NoSuchAlgorithmException.class): major version 52 is newer than 51, the highest major version supported by this compiler.
    [javac]   It is recommended that the compiler be upgraded.
    [javac] warning: /root/.sdkman/candidates/java/8.0.302-open/lib/ct.sym(META-INF/sym/rt.jar/java/lang/Enum.class): major version 52 is newer than 51, the highest major version supported by this compiler.
    [javac]   It is recommended that the compiler be upgraded.
    [javac] warning: /root/.sdkman/candidates/java/8.0.302-open/lib/ct.sym(META-INF/sym/rt.jar/java/lang/Comparable.class): major version 52 is newer than 51, the highest major version supported by this compiler.
    [javac]   It is recommended that the compiler be upgraded.
    [javac] warning: /root/.sdkman/candidates/java/8.0.302-open/lib/ct.sym(META-INF/sym/rt.jar/java/security/InvalidKeyException.class): major version 52 is newer than 51, the highest major version supported by this compiler.
    [javac]   It is recommended that the compiler be upgraded.
    [javac] warning: /root/.sdkman/candidates/java/8.0.302-open/lib/ct.sym(META-INF/sym/rt.jar/java/security/Key.class): major version 52 is newer than 51, the highest major version supported by this compiler.
    [javac]   It is recommended that the compiler be upgraded.
    [javac] warning: /root/.sdkman/candidates/java/8.0.302-open/jre/lib/jce.jar(javax/crypto/Mac.class): major version 52 is newer than 51, the highest major version supported by this compiler.
    [javac]   It is recommended that the compiler be upgraded.
    [javac] warning: /root/.sdkman/candidates/java/8.0.302-open/jre/lib/jce.jar(javax/crypto/spec/SecretKeySpec.class): major version 52 is newer than 51, the highest major version supported by this compiler.
    [javac]   It is recommended that the compiler be upgraded.
    [javac] warning: /root/.sdkman/candidates/java/8.0.302-open/lib/ct.sym(META-INF/sym/rt.jar/java/util/regex/Matcher.class): major version 52 is newer than 51, the highest major version supported by this compiler.
    [javac]   It is recommended that the compiler be upgraded.
    [javac] warning: /root/.sdkman/candidates/java/8.0.302-open/lib/ct.sym(META-INF/sym/rt.jar/java/util/regex/Pattern.class): major version 52 is newer than 51, the highest major version supported by this compiler.
    [javac]   It is recommended that the compiler be upgraded.
    [javac] warning: /root/.sdkman/candidates/java/8.0.302-open/lib/ct.sym(META-INF/sym/rt.jar/java/util/zip/Checksum.class): major version 52 is newer than 51, the highest major version supported by this compiler.
    [javac]   It is recommended that the compiler be upgraded.
    [javac] warning: /root/.sdkman/candidates/java/8.0.302-open/lib/ct.sym(META-INF/sym/rt.jar/java/lang/Deprecated.class): major version 52 is newer than 51, the highest major version supported by this compiler.
    [javac]   It is recommended that the compiler be upgraded.
    [javac] warning: /root/.sdkman/candidates/java/8.0.302-open/lib/ct.sym(META-INF/sym/rt.jar/java/util/ArrayList.class): major version 52 is newer than 51, the highest major version supported by this compiler.
    [javac]   It is recommended that the compiler be upgraded.
    [javac] warning: /root/.sdkman/candidates/java/8.0.302-open/lib/ct.sym(META-INF/sym/rt.jar/java/util/Collections.class): major version 52 is newer than 51, the highest major version supported by this compiler.
    [javac]   It is recommended that the compiler be upgraded.
    [javac] warning: /root/.sdkman/candidates/java/8.0.302-open/lib/ct.sym(META-INF/sym/rt.jar/java/util/HashMap.class): major version 52 is newer than 51, the highest major version supported by this compiler.
    [javac]   It is recommended that the compiler be upgraded.
    [javac] warning: /root/.sdkman/candidates/java/8.0.302-open/lib/ct.sym(META-INF/sym/rt.jar/java/util/LinkedHashSet.class): major version 52 is newer than 51, the highest major version supported by this compiler.
    [javac]   It is recommended that the compiler be upgraded.
    [javac] warning: /root/.sdkman/candidates/java/8.0.302-open/lib/ct.sym(META-INF/sym/rt.jar/java/util/List.class): major version 52 is newer than 51, the highest major version supported by this compiler.
    [javac]   It is recommended that the compiler be upgraded.
    [javac] warning: /root/.sdkman/candidates/java/8.0.302-open/lib/ct.sym(META-INF/sym/rt.jar/java/util/Map.class): major version 52 is newer than 51, the highest major version supported by this compiler.
    [javac]   It is recommended that the compiler be upgraded.
    [javac] warning: /root/.sdkman/candidates/java/8.0.302-open/lib/ct.sym(META-INF/sym/rt.jar/java/util/Scanner.class): major version 52 is newer than 51, the highest major version supported by this compiler.
    [javac]   It is recommended that the compiler be upgraded.
    [javac] warning: /root/.sdkman/candidates/java/8.0.302-open/lib/ct.sym(META-INF/sym/rt.jar/java/util/Set.class): major version 52 is newer than 51, the highest major version supported by this compiler.
    [javac]   It is recommended that the compiler be upgraded.
    [javac] warning: /root/.sdkman/candidates/java/8.0.302-open/lib/ct.sym(META-INF/sym/rt.jar/java/lang/Character.class): major version 52 is newer than 51, the highest major version supported by this compiler.
    [javac]   It is recommended that the compiler be upgraded.
    [javac] warning: /root/.sdkman/candidates/java/8.0.302-open/lib/ct.sym(META-INF/sym/rt.jar/java/util/EnumMap.class): major version 52 is newer than 51, the highest major version supported by this compiler.
    [javac]   It is recommended that the compiler be upgraded.
    [javac] warning: /root/.sdkman/candidates/java/8.0.302-open/lib/ct.sym(META-INF/sym/rt.jar/java/util/HashSet.class): major version 52 is newer than 51, the highest major version supported by this compiler.
    [javac]   It is recommended that the compiler be upgraded.
    [javac] warning: /root/.sdkman/candidates/java/8.0.302-open/lib/ct.sym(META-INF/sym/rt.jar/java/util/Iterator.class): major version 52 is newer than 51, the highest major version supported by this compiler.
    [javac]   It is recommended that the compiler be upgraded.
    [javac] warning: /root/.sdkman/candidates/java/8.0.302-open/lib/ct.sym(META-INF/sym/rt.jar/java/util/TreeMap.class): major version 52 is newer than 51, the highest major version supported by this compiler.
    [javac]   It is recommended that the compiler be upgraded.
    [javac] warning: /root/.sdkman/candidates/java/8.0.302-open/lib/ct.sym(META-INF/sym/rt.jar/java/util/NoSuchElementException.class): major version 52 is newer than 51, the highest major version supported by this compiler.
    [javac]   It is recommended that the compiler be upgraded.
    [javac] warning: /root/.sdkman/candidates/java/8.0.302-open/lib/ct.sym(META-INF/sym/rt.jar/java/lang/Iterable.class): major version 52 is newer than 51, the highest major version supported by this compiler.
    [javac]   It is recommended that the compiler be upgraded.
    [javac] warning: /root/.sdkman/candidates/java/8.0.302-open/lib/ct.sym(META-INF/sym/rt.jar/java/util/BitSet.class): major version 52 is newer than 51, the highest major version supported by this compiler.
    [javac]   It is recommended that the compiler be upgraded.
    [javac] warning: /root/.sdkman/candidates/java/8.0.302-open/lib/ct.sym(META-INF/sym/rt.jar/java/io/ByteArrayOutputStream.class): major version 52 is newer than 51, the highest major version supported by this compiler.
    [javac]   It is recommended that the compiler be upgraded.
    [javac] warning: /root/.sdkman/candidates/java/8.0.302-open/lib/ct.sym(META-INF/sym/rt.jar/java/nio/charset/IllegalCharsetNameException.class): major version 52 is newer than 51, the highest major version supported by this compiler.
    [javac]   It is recommended that the compiler be upgraded.
    [javac] warning: /root/.sdkman/candidates/java/8.0.302-open/lib/ct.sym(META-INF/sym/rt.jar/java/nio/charset/UnsupportedCharsetException.class): major version 52 is newer than 51, the highest major version supported by this compiler.
    [javac]   It is recommended that the compiler be upgraded.
    [javac] warning: /root/.sdkman/candidates/java/8.0.302-open/lib/ct.sym(META-INF/sym/rt.jar/java/lang/IllegalArgumentException.class): major version 52 is newer than 51, the highest major version supported by this compiler.
    [javac]   It is recommended that the compiler be upgraded.
    [javac] /root/.sdkman/candidates/java/8.0.302-open/lib/ct.sym(META-INF/sym/rt.jar/java/lang/Object.class): warning: Cannot find annotation method 'value()' in type 'Profile+Annotation': class file for jdk.Profile+Annotation not found
    [javac] /root/.sdkman/candidates/java/8.0.302-open/lib/ct.sym(META-INF/sym/rt.jar/java/lang/Exception.class): warning: Cannot find annotation method 'value()' in type 'Profile+Annotation'
    [javac] /root/.sdkman/candidates/java/8.0.302-open/lib/ct.sym(META-INF/sym/rt.jar/java/lang/Throwable.class): warning: Cannot find annotation method 'value()' in type 'Profile+Annotation'
    [javac] /root/.sdkman/candidates/java/8.0.302-open/lib/ct.sym(META-INF/sym/rt.jar/java/io/Serializable.class): warning: Cannot find annotation method 'value()' in type 'Profile+Annotation'
    [javac] /root/.sdkman/candidates/java/8.0.302-open/lib/ct.sym(META-INF/sym/rt.jar/java/lang/String.class): warning: Cannot find annotation method 'value()' in type 'Profile+Annotation'
    [javac] /root/.sdkman/candidates/java/8.0.302-open/lib/ct.sym(META-INF/sym/rt.jar/java/nio/charset/Charset.class): warning: Cannot find annotation method 'value()' in type 'Profile+Annotation'
    [javac] /root/.sdkman/candidates/java/8.0.302-open/lib/ct.sym(META-INF/sym/rt.jar/java/util/Comparator.class): warning: Cannot find annotation method 'value()' in type 'Profile+Annotation'
    [javac] warning: /root/.sdkman/candidates/java/8.0.302-open/lib/ct.sym(META-INF/sym/rt.jar/java/lang/annotation/Target.class): major version 52 is newer than 51, the highest major version supported by this compiler.
    [javac]   It is recommended that the compiler be upgraded.
    [javac] warning: /root/.sdkman/candidates/java/8.0.302-open/lib/ct.sym(META-INF/sym/rt.jar/java/lang/annotation/ElementType.class): major version 52 is newer than 51, the highest major version supported by this compiler.
    [javac]   It is recommended that the compiler be upgraded.
    [javac] warning: /root/.sdkman/candidates/java/8.0.302-open/lib/ct.sym(META-INF/sym/rt.jar/java/lang/annotation/Retention.class): major version 52 is newer than 51, the highest major version supported by this compiler.
    [javac]   It is recommended that the compiler be upgraded.
    [javac] warning: /root/.sdkman/candidates/java/8.0.302-open/lib/ct.sym(META-INF/sym/rt.jar/java/lang/annotation/RetentionPolicy.class): major version 52 is newer than 51, the highest major version supported by this compiler.
    [javac]   It is recommended that the compiler be upgraded.
    [javac] /root/.sdkman/candidates/java/8.0.302-open/lib/ct.sym(META-INF/sym/rt.jar/java/lang/SuppressWarnings.class): warning: Cannot find annotation method 'value()' in type 'Profile+Annotation'
    [javac] warning: /root/.sdkman/candidates/java/8.0.302-open/lib/ct.sym(META-INF/sym/rt.jar/java/lang/annotation/Annotation.class): major version 52 is newer than 51, the highest major version supported by this compiler.
    [javac]   It is recommended that the compiler be upgraded.
    [javac] warning: /root/.sdkman/candidates/java/8.0.302-open/lib/ct.sym(META-INF/sym/rt.jar/java/lang/Override.class): major version 52 is newer than 51, the highest major version supported by this compiler.
    [javac]   It is recommended that the compiler be upgraded.
    [javac] /root/.sdkman/candidates/java/8.0.302-open/lib/ct.sym(META-INF/sym/rt.jar/java/util/Arrays.class): warning: Cannot find annotation method 'value()' in type 'Profile+Annotation'
    [javac] /root/.sdkman/candidates/java/8.0.302-open/lib/ct.sym(META-INF/sym/rt.jar/java/io/InputStream.class): warning: Cannot find annotation method 'value()' in type 'Profile+Annotation'
    [javac] /root/.sdkman/candidates/java/8.0.302-open/lib/ct.sym(META-INF/sym/rt.jar/java/io/FilterInputStream.class): warning: Cannot find annotation method 'value()' in type 'Profile+Annotation'
    [javac] /root/.sdkman/candidates/java/8.0.302-open/lib/ct.sym(META-INF/sym/rt.jar/java/io/IOException.class): warning: Cannot find annotation method 'value()' in type 'Profile+Annotation'
    [javac] /root/.sdkman/candidates/java/8.0.302-open/lib/ct.sym(META-INF/sym/rt.jar/java/io/Closeable.class): warning: Cannot find annotation method 'value()' in type 'Profile+Annotation'
    [javac] /root/.sdkman/candidates/java/8.0.302-open/lib/ct.sym(META-INF/sym/rt.jar/java/lang/AutoCloseable.class): warning: Cannot find annotation method 'value()' in type 'Profile+Annotation'
    [javac] /root/.sdkman/candidates/java/8.0.302-open/lib/ct.sym(META-INF/sym/rt.jar/java/io/OutputStream.class): warning: Cannot find annotation method 'value()' in type 'Profile+Annotation'
    [javac] /root/.sdkman/candidates/java/8.0.302-open/lib/ct.sym(META-INF/sym/rt.jar/java/io/FilterOutputStream.class): warning: Cannot find annotation method 'value()' in type 'Profile+Annotation'
    [javac] /root/.sdkman/candidates/java/8.0.302-open/lib/ct.sym(META-INF/sym/rt.jar/java/io/Flushable.class): warning: Cannot find annotation method 'value()' in type 'Profile+Annotation'
    [javac] /root/.sdkman/candidates/java/8.0.302-open/lib/ct.sym(META-INF/sym/rt.jar/java/math/BigInteger.class): warning: Cannot find annotation method 'value()' in type 'Profile+Annotation'
    [javac] /root/.sdkman/candidates/java/8.0.302-open/lib/ct.sym(META-INF/sym/rt.jar/java/lang/CharSequence.class): warning: Cannot find annotation method 'value()' in type 'Profile+Annotation'
    [javac] /root/.sdkman/candidates/java/8.0.302-open/lib/ct.sym(META-INF/sym/rt.jar/java/nio/ByteBuffer.class): warning: Cannot find annotation method 'value()' in type 'Profile+Annotation'
    [javac] /root/.sdkman/candidates/java/8.0.302-open/lib/ct.sym(META-INF/sym/rt.jar/java/io/UnsupportedEncodingException.class): warning: Cannot find annotation method 'value()' in type 'Profile+Annotation'
    [javac] /root/.sdkman/candidates/java/8.0.302-open/lib/ct.sym(META-INF/sym/rt.jar/java/lang/IllegalStateException.class): warning: Cannot find annotation method 'value()' in type 'Profile+Annotation'
    [javac] /root/.sdkman/candidates/java/8.0.302-open/lib/ct.sym(META-INF/sym/rt.jar/java/io/File.class): warning: Cannot find annotation method 'value()' in type 'Profile+Annotation'
    [javac] /root/.sdkman/candidates/java/8.0.302-open/lib/ct.sym(META-INF/sym/rt.jar/java/security/MessageDigest.class): warning: Cannot find annotation method 'value()' in type 'Profile+Annotation'
    [javac] /root/.sdkman/candidates/java/8.0.302-open/lib/ct.sym(META-INF/sym/rt.jar/java/util/Locale.class): warning: Cannot find annotation method 'value()' in type 'Profile+Annotation'
    [javac] /root/.sdkman/candidates/java/8.0.302-open/lib/ct.sym(META-INF/sym/rt.jar/java/util/Random.class): warning: Cannot find annotation method 'value()' in type 'Profile+Annotation'
    [javac] /root/.sdkman/candidates/java/8.0.302-open/lib/ct.sym(META-INF/sym/rt.jar/java/lang/StringBuilder.class): warning: Cannot find annotation method 'value()' in type 'Profile+Annotation'
    [javac] /root/.sdkman/candidates/java/8.0.302-open/lib/ct.sym(META-INF/sym/rt.jar/java/io/BufferedInputStream.class): warning: Cannot find annotation method 'value()' in type 'Profile+Annotation'
    [javac] /root/.sdkman/candidates/java/8.0.302-open/lib/ct.sym(META-INF/sym/rt.jar/java/io/FileInputStream.class): warning: Cannot find annotation method 'value()' in type 'Profile+Annotation'
    [javac] /root/.sdkman/candidates/java/8.0.302-open/lib/ct.sym(META-INF/sym/rt.jar/java/security/NoSuchAlgorithmException.class): warning: Cannot find annotation method 'value()' in type 'Profile+Annotation'
    [javac] /root/.sdkman/candidates/java/8.0.302-open/lib/ct.sym(META-INF/sym/rt.jar/java/lang/Enum.class): warning: Cannot find annotation method 'value()' in type 'Profile+Annotation'
    [javac] /root/.sdkman/candidates/java/8.0.302-open/lib/ct.sym(META-INF/sym/rt.jar/java/lang/Comparable.class): warning: Cannot find annotation method 'value()' in type 'Profile+Annotation'
    [javac] /root/.sdkman/candidates/java/8.0.302-open/lib/ct.sym(META-INF/sym/rt.jar/java/security/InvalidKeyException.class): warning: Cannot find annotation method 'value()' in type 'Profile+Annotation'
    [javac] 100 warnings
     [copy] Copying 129 files to /tmp/fix_test_suite.pl_5767_1702809650/target/classes
    [mkdir] Created dir: /tmp/fix_test_suite.pl_5767_1702809650/target/classes/META-INF
     [copy] Copying 2 files to /tmp/fix_test_suite.pl_5767_1702809650/target/classes/META-INF

compile:

compile.gen.tests:
     [echo] classes.dir: target/classes
     [echo] build.home: target/classes/..
    [mkdir] Created dir: /tmp/fix_test_suite.pl_5767_1702809650/.classes_testgen
    [javac] /defects4j/framework/projects/defects4j.build.xml:265: warning: 'includeantruntime' was not set, defaulting to build.sysclasspath=last; set to false for repeatable builds
    [javac] Compiling 1 source file to /tmp/fix_test_suite.pl_5767_1702809650/.classes_testgen
    [javac] warning: /root/.sdkman/candidates/java/8.0.302-open/lib/ct.sym(META-INF/sym/rt.jar/java/io/UnsupportedEncodingException.class): major version 52 is newer than 51, the highest major version supported by this compiler.
    [javac]   It is recommended that the compiler be upgraded.
    [javac] warning: /root/.sdkman/candidates/java/8.0.302-open/lib/ct.sym(META-INF/sym/rt.jar/java/util/Arrays.class): major version 52 is newer than 51, the highest major version supported by this compiler.
    [javac]   It is recommended that the compiler be upgraded.
    [javac] warning: /root/.sdkman/candidates/java/8.0.302-open/lib/ct.sym(META-INF/sym/rt.jar/java/lang/Object.class): major version 52 is newer than 51, the highest major version supported by this compiler.
    [javac]   It is recommended that the compiler be upgraded.
    [javac] /root/.sdkman/candidates/java/8.0.302-open/lib/ct.sym(META-INF/sym/rt.jar/java/io/UnsupportedEncodingException.class): warning: Cannot find annotation method 'value()' in type 'Profile+Annotation': class file for jdk.Profile+Annotation not found
    [javac] /root/.sdkman/candidates/java/8.0.302-open/lib/ct.sym(META-INF/sym/rt.jar/java/util/Arrays.class): warning: Cannot find annotation method 'value()' in type 'Profile+Annotation'
    [javac] warning: /root/.sdkman/candidates/java/8.0.302-open/lib/ct.sym(META-INF/sym/rt.jar/java/lang/annotation/Retention.class): major version 52 is newer than 51, the highest major version supported by this compiler.
    [javac]   It is recommended that the compiler be upgraded.
    [javac] warning: /root/.sdkman/candidates/java/8.0.302-open/lib/ct.sym(META-INF/sym/rt.jar/java/lang/annotation/RetentionPolicy.class): major version 52 is newer than 51, the highest major version supported by this compiler.
    [javac]   It is recommended that the compiler be upgraded.
    [javac] warning: /root/.sdkman/candidates/java/8.0.302-open/lib/ct.sym(META-INF/sym/rt.jar/java/lang/annotation/Target.class): major version 52 is newer than 51, the highest major version supported by this compiler.
    [javac]   It is recommended that the compiler be upgraded.
    [javac] warning: /root/.sdkman/candidates/java/8.0.302-open/lib/ct.sym(META-INF/sym/rt.jar/java/lang/annotation/ElementType.class): major version 52 is newer than 51, the highest major version supported by this compiler.
    [javac]   It is recommended that the compiler be upgraded.
    [javac] /root/.sdkman/candidates/java/8.0.302-open/lib/ct.sym(META-INF/sym/rt.jar/java/lang/Object.class): warning: Cannot find annotation method 'value()' in type 'Profile+Annotation'
    [javac] warning: /root/.sdkman/candidates/java/8.0.302-open/lib/ct.sym(META-INF/sym/rt.jar/java/lang/annotation/Annotation.class): major version 52 is newer than 51, the highest major version supported by this compiler.
    [javac]   It is recommended that the compiler be upgraded.
    [javac] /root/.sdkman/candidates/java/8.0.302-open/lib/ct.sym(META-INF/sym/rt.jar/java/lang/annotation/Retention.class): warning: Cannot find annotation method 'value()' in type 'Profile+Annotation'
    [javac] /root/.sdkman/candidates/java/8.0.302-open/lib/ct.sym(META-INF/sym/rt.jar/java/lang/annotation/RetentionPolicy.class): warning: Cannot find annotation method 'value()' in type 'Profile+Annotation'
    [javac] /root/.sdkman/candidates/java/8.0.302-open/lib/ct.sym(META-INF/sym/rt.jar/java/lang/annotation/Target.class): warning: Cannot find annotation method 'value()' in type 'Profile+Annotation'
    [javac] /root/.sdkman/candidates/java/8.0.302-open/lib/ct.sym(META-INF/sym/rt.jar/java/lang/annotation/ElementType.class): warning: Cannot find annotation method 'value()' in type 'Profile+Annotation'
    [javac] /root/.sdkman/candidates/java/8.0.302-open/lib/ct.sym(META-INF/sym/rt.jar/java/lang/annotation/Annotation.class): warning: Cannot find annotation method 'value()' in type 'Profile+Annotation'
    [javac] warning: /root/.sdkman/candidates/java/8.0.302-open/lib/ct.sym(META-INF/sym/rt.jar/java/lang/AutoCloseable.class): major version 52 is newer than 51, the highest major version supported by this compiler.
    [javac]   It is recommended that the compiler be upgraded.
    [javac] /root/.sdkman/candidates/java/8.0.302-open/lib/ct.sym(META-INF/sym/rt.jar/java/lang/AutoCloseable.class): warning: Cannot find annotation method 'value()' in type 'Profile+Annotation'
    [javac] warning: /root/.sdkman/candidates/java/8.0.302-open/lib/ct.sym(META-INF/sym/rt.jar/java/lang/StringBuilder.class): major version 52 is newer than 51, the highest major version supported by this compiler.
    [javac]   It is recommended that the compiler be upgraded.
    [javac] /root/.sdkman/candidates/java/8.0.302-open/lib/ct.sym(META-INF/sym/rt.jar/java/lang/StringBuilder.class): warning: Cannot find annotation method 'value()' in type 'Profile+Annotation'
    [javac] warning: /root/.sdkman/candidates/java/8.0.302-open/lib/ct.sym(META-INF/sym/rt.jar/java/lang/String.class): major version 52 is newer than 51, the highest major version supported by this compiler.
    [javac]   It is recommended that the compiler be upgraded.
    [javac] /root/.sdkman/candidates/java/8.0.302-open/lib/ct.sym(META-INF/sym/rt.jar/java/lang/String.class): warning: Cannot find annotation method 'value()' in type 'Profile+Annotation'
    [javac] warning: /root/.sdkman/candidates/java/8.0.302-open/lib/ct.sym(META-INF/sym/rt.jar/java/lang/CharSequence.class): major version 52 is newer than 51, the highest major version supported by this compiler.
    [javac]   It is recommended that the compiler be upgraded.
    [javac] /root/.sdkman/candidates/java/8.0.302-open/lib/ct.sym(META-INF/sym/rt.jar/java/lang/CharSequence.class): warning: Cannot find annotation method 'value()' in type 'Profile+Annotation'
    [javac] warning: /root/.sdkman/candidates/java/8.0.302-open/lib/ct.sym(META-INF/sym/rt.jar/java/io/Serializable.class): major version 52 is newer than 51, the highest major version supported by this compiler.
    [javac]   It is recommended that the compiler be upgraded.
    [javac] /root/.sdkman/candidates/java/8.0.302-open/lib/ct.sym(META-INF/sym/rt.jar/java/io/Serializable.class): warning: Cannot find annotation method 'value()' in type 'Profile+Annotation'
    [javac] warning: /root/.sdkman/candidates/java/8.0.302-open/lib/ct.sym(META-INF/sym/rt.jar/java/lang/Comparable.class): major version 52 is newer than 51, the highest major version supported by this compiler.
    [javac]   It is recommended that the compiler be upgraded.
    [javac] /root/.sdkman/candidates/java/8.0.302-open/lib/ct.sym(META-INF/sym/rt.jar/java/lang/Comparable.class): warning: Cannot find annotation method 'value()' in type 'Profile+Annotation'
    [javac] warning: /root/.sdkman/candidates/java/8.0.302-open/lib/ct.sym(META-INF/sym/rt.jar/java/lang/AbstractStringBuilder.class): major version 52 is newer than 51, the highest major version supported by this compiler.
    [javac]   It is recommended that the compiler be upgraded.
    [javac] /root/.sdkman/candidates/java/8.0.302-open/lib/ct.sym(META-INF/sym/rt.jar/java/lang/AbstractStringBuilder.class): warning: Cannot find annotation method 'value()' in type 'Profile+Annotation'
    [javac] warning: /root/.sdkman/candidates/java/8.0.302-open/lib/ct.sym(META-INF/sym/rt.jar/java/lang/Appendable.class): major version 52 is newer than 51, the highest major version supported by this compiler.
    [javac]   It is recommended that the compiler be upgraded.
    [javac] /root/.sdkman/candidates/java/8.0.302-open/lib/ct.sym(META-INF/sym/rt.jar/java/lang/Appendable.class): warning: Cannot find annotation method 'value()' in type 'Profile+Annotation'
    [javac] warning: /root/.sdkman/candidates/java/8.0.302-open/lib/ct.sym(META-INF/sym/rt.jar/java/io/IOException.class): major version 52 is newer than 51, the highest major version supported by this compiler.
    [javac]   It is recommended that the compiler be upgraded.
    [javac] /root/.sdkman/candidates/java/8.0.302-open/lib/ct.sym(META-INF/sym/rt.jar/java/io/IOException.class): warning: Cannot find annotation method 'value()' in type 'Profile+Annotation'
    [javac] warning: /root/.sdkman/candidates/java/8.0.302-open/lib/ct.sym(META-INF/sym/rt.jar/java/lang/Exception.class): major version 52 is newer than 51, the highest major version supported by this compiler.
    [javac]   It is recommended that the compiler be upgraded.
    [javac] /root/.sdkman/candidates/java/8.0.302-open/lib/ct.sym(META-INF/sym/rt.jar/java/lang/Exception.class): warning: Cannot find annotation method 'value()' in type 'Profile+Annotation'
    [javac] warning: /root/.sdkman/candidates/java/8.0.302-open/lib/ct.sym(META-INF/sym/rt.jar/java/lang/Throwable.class): major version 52 is newer than 51, the highest major version supported by this compiler.
    [javac]   It is recommended that the compiler be upgraded.
    [javac] /root/.sdkman/candidates/java/8.0.302-open/lib/ct.sym(META-INF/sym/rt.jar/java/lang/Throwable.class): warning: Cannot find annotation method 'value()' in type 'Profile+Annotation'
    [javac] /tmp/fix_test_suite.pl_5767_1702809650/llm/org/apache/commons/codec/binary/StringUtils_LLMTest.java:37: error: cannot find symbol
    [javac]         testGetBytesUnchecked(charsetName);
    [javac]         ^
    [javac]   symbol:   method testGetBytesUnchecked(String)
    [javac]   location: class StringUtils_LLMTest
    [javac] /tmp/fix_test_suite.pl_5767_1702809650/llm/org/apache/commons/codec/binary/StringUtils_LLMTest.java:38: error: cannot find symbol
    [javac]         final byte[] expected = STRING_FIXTURE.getBytes(charsetName);
    [javac]                                 ^
    [javac]   symbol:   variable STRING_FIXTURE
    [javac]   location: class StringUtils_LLMTest
    [javac] /tmp/fix_test_suite.pl_5767_1702809650/llm/org/apache/commons/codec/binary/StringUtils_LLMTest.java:39: error: cannot find symbol
    [javac]         final byte[] actual = StringUtils.getBytesUtf16Be(STRING_FIXTURE);
    [javac]                                                           ^
    [javac]   symbol:   variable STRING_FIXTURE
    [javac]   location: class StringUtils_LLMTest
    [javac] /tmp/fix_test_suite.pl_5767_1702809650/llm/org/apache/commons/codec/binary/StringUtils_LLMTest.java:45: error: cannot find symbol
    [javac]         testGetBytesUnchecked(charsetName);
    [javac]         ^
    [javac]   symbol:   method testGetBytesUnchecked(String)
    [javac]   location: class StringUtils_LLMTest
    [javac] /tmp/fix_test_suite.pl_5767_1702809650/llm/org/apache/commons/codec/binary/StringUtils_LLMTest.java:53: error: cannot find symbol
    [javac]         testGetBytesUnchecked(charsetName);
    [javac]         ^
    [javac]   symbol:   method testGetBytesUnchecked(String)
    [javac]   location: class StringUtils_LLMTest
    [javac] warning: /root/.sdkman/candidates/java/8.0.302-open/lib/ct.sym(META-INF/sym/rt.jar/java/nio/charset/Charset.class): major version 52 is newer than 51, the highest major version supported by this compiler.
    [javac]   It is recommended that the compiler be upgraded.
    [javac] /root/.sdkman/candidates/java/8.0.302-open/lib/ct.sym(META-INF/sym/rt.jar/java/nio/charset/Charset.class): warning: Cannot find annotation method 'value()' in type 'Profile+Annotation'
    [javac] /tmp/fix_test_suite.pl_5767_1702809650/llm/org/apache/commons/codec/binary/StringUtils_LLMTest.java:61: error: cannot find symbol
    [javac]         testGetBytesUnchecked(charsetName);
    [javac]         ^
    [javac]   symbol:   method testGetBytesUnchecked(String)
    [javac]   location: class StringUtils_LLMTest
    [javac] /tmp/fix_test_suite.pl_5767_1702809650/llm/org/apache/commons/codec/binary/StringUtils_LLMTest.java:62: error: cannot find symbol
    [javac]         final byte[] expected = LONG_STRING_FIXTURE.getBytes(charsetName);
    [javac]                                 ^
    [javac]   symbol:   variable LONG_STRING_FIXTURE
    [javac]   location: class StringUtils_LLMTest
    [javac] /tmp/fix_test_suite.pl_5767_1702809650/llm/org/apache/commons/codec/binary/StringUtils_LLMTest.java:63: error: cannot find symbol
    [javac]         final byte[] actual = StringUtils.getBytesUtf16Be(LONG_STRING_FIXTURE);
    [javac]                                                           ^
    [javac]   symbol:   variable LONG_STRING_FIXTURE
    [javac]   location: class StringUtils_LLMTest
    [javac] /tmp/fix_test_suite.pl_5767_1702809650/llm/org/apache/commons/codec/binary/StringUtils_LLMTest.java:69: error: cannot find symbol
    [javac]         testGetBytesUnchecked(charsetName);
    [javac]         ^
    [javac]   symbol:   method testGetBytesUnchecked(String)
    [javac]   location: class StringUtils_LLMTest
    [javac] /tmp/fix_test_suite.pl_5767_1702809650/llm/org/apache/commons/codec/binary/StringUtils_LLMTest.java:70: error: cannot find symbol
    [javac]         final byte[] expected = SPECIAL_CHARS_FIXTURE.getBytes(charsetName);
    [javac]                                 ^
    [javac]   symbol:   variable SPECIAL_CHARS_FIXTURE
    [javac]   location: class StringUtils_LLMTest
    [javac] /tmp/fix_test_suite.pl_5767_1702809650/llm/org/apache/commons/codec/binary/StringUtils_LLMTest.java:71: error: cannot find symbol
    [javac]         final byte[] actual = StringUtils.getBytesUtf16Be(SPECIAL_CHARS_FIXTURE);
    [javac]                                                           ^
    [javac]   symbol:   variable SPECIAL_CHARS_FIXTURE
    [javac]   location: class StringUtils_LLMTest
    [javac] /tmp/fix_test_suite.pl_5767_1702809650/llm/org/apache/commons/codec/binary/StringUtils_LLMTest.java:77: error: cannot find symbol
    [javac]         testGetBytesUnchecked(charsetName);
    [javac]         ^
    [javac]   symbol:   method testGetBytesUnchecked(String)
    [javac]   location: class StringUtils_LLMTest
    [javac] /tmp/fix_test_suite.pl_5767_1702809650/llm/org/apache/commons/codec/binary/StringUtils_LLMTest.java:78: error: cannot find symbol
    [javac]         final byte[] expected = STRING_FIXTURE.getBytes(charsetName);
    [javac]                                 ^
    [javac]   symbol:   variable STRING_FIXTURE
    [javac]   location: class StringUtils_LLMTest
    [javac] /tmp/fix_test_suite.pl_5767_1702809650/llm/org/apache/commons/codec/binary/StringUtils_LLMTest.java:79: error: cannot find symbol
    [javac]         final byte[] actual = StringUtils.getBytesIso8859_1(STRING_FIXTURE);
    [javac]                                                             ^
    [javac]   symbol:   variable STRING_FIXTURE
    [javac]   location: class StringUtils_LLMTest
    [javac] /tmp/fix_test_suite.pl_5767_1702809650/llm/org/apache/commons/codec/binary/StringUtils_LLMTest.java:85: error: cannot find symbol
    [javac]         testGetBytesUnchecked(charsetName);
    [javac]         ^
    [javac]   symbol:   method testGetBytesUnchecked(String)
    [javac]   location: class StringUtils_LLMTest
    [javac] /tmp/fix_test_suite.pl_5767_1702809650/llm/org/apache/commons/codec/binary/StringUtils_LLMTest.java:93: error: cannot find symbol
    [javac]         testGetBytesUnchecked(charsetName);
    [javac]         ^
    [javac]   symbol:   method testGetBytesUnchecked(String)
    [javac]   location: class StringUtils_LLMTest
    [javac] /tmp/fix_test_suite.pl_5767_1702809650/llm/org/apache/commons/codec/binary/StringUtils_LLMTest.java:101: error: cannot find symbol
    [javac]         testGetBytesUnchecked(charsetName);
    [javac]         ^
    [javac]   symbol:   method testGetBytesUnchecked(String)
    [javac]   location: class StringUtils_LLMTest
    [javac] /tmp/fix_test_suite.pl_5767_1702809650/llm/org/apache/commons/codec/binary/StringUtils_LLMTest.java:102: error: cannot find symbol
    [javac]         final byte[] expected = LONG_STRING_FIXTURE.getBytes(charsetName);
    [javac]                                 ^
    [javac]   symbol:   variable LONG_STRING_FIXTURE
    [javac]   location: class StringUtils_LLMTest
    [javac] /tmp/fix_test_suite.pl_5767_1702809650/llm/org/apache/commons/codec/binary/StringUtils_LLMTest.java:103: error: cannot find symbol
    [javac]         final byte[] actual = StringUtils.getBytesIso8859_1(LONG_STRING_FIXTURE);
    [javac]                                                             ^
    [javac]   symbol:   variable LONG_STRING_FIXTURE
    [javac]   location: class StringUtils_LLMTest
    [javac] /tmp/fix_test_suite.pl_5767_1702809650/llm/org/apache/commons/codec/binary/StringUtils_LLMTest.java:109: error: cannot find symbol
    [javac]         testGetBytesUnchecked(charsetName);
    [javac]         ^
    [javac]   symbol:   method testGetBytesUnchecked(String)
    [javac]   location: class StringUtils_LLMTest
    [javac] /tmp/fix_test_suite.pl_5767_1702809650/llm/org/apache/commons/codec/binary/StringUtils_LLMTest.java:110: error: cannot find symbol
    [javac]         final byte[] expected = SPECIAL_CHARS_FIXTURE.getBytes(charsetName);
    [javac]                                 ^
    [javac]   symbol:   variable SPECIAL_CHARS_FIXTURE
    [javac]   location: class StringUtils_LLMTest
    [javac] /tmp/fix_test_suite.pl_5767_1702809650/llm/org/apache/commons/codec/binary/StringUtils_LLMTest.java:111: error: cannot find symbol
    [javac]         final byte[] actual = StringUtils.getBytesIso8859_1(SPECIAL_CHARS_FIXTURE);
    [javac]                                                             ^
    [javac]   symbol:   variable SPECIAL_CHARS_FIXTURE
    [javac]   location: class StringUtils_LLMTest
    [javac] /tmp/fix_test_suite.pl_5767_1702809650/llm/org/apache/commons/codec/binary/StringUtils_LLMTest.java:117: error: cannot find symbol
    [javac]         testGetBytesUnchecked(charsetName);
    [javac]         ^
    [javac]   symbol:   method testGetBytesUnchecked(String)
    [javac]   location: class StringUtils_LLMTest
    [javac] /tmp/fix_test_suite.pl_5767_1702809650/llm/org/apache/commons/codec/binary/StringUtils_LLMTest.java:125: error: cannot find symbol
    [javac]         testGetBytesUnchecked(charsetName);
    [javac]         ^
    [javac]   symbol:   method testGetBytesUnchecked(String)
    [javac]   location: class StringUtils_LLMTest
    [javac] /tmp/fix_test_suite.pl_5767_1702809650/llm/org/apache/commons/codec/binary/StringUtils_LLMTest.java:133: error: cannot find symbol
    [javac]         testGetBytesUnchecked(charsetName);
    [javac]         ^
    [javac]   symbol:   method testGetBytesUnchecked(String)
    [javac]   location: class StringUtils_LLMTest
    [javac] /tmp/fix_test_suite.pl_5767_1702809650/llm/org/apache/commons/codec/binary/StringUtils_LLMTest.java:141: error: cannot find symbol
    [javac]         testGetBytesUnchecked(charsetName);
    [javac]         ^
    [javac]   symbol:   method testGetBytesUnchecked(String)
    [javac]   location: class StringUtils_LLMTest
    [javac] /tmp/fix_test_suite.pl_5767_1702809650/llm/org/apache/commons/codec/binary/StringUtils_LLMTest.java:150: error: cannot find symbol
    [javac]         testGetBytesUnchecked(charsetName);
    [javac]         ^
    [javac]   symbol:   method testGetBytesUnchecked(String)
    [javac]   location: class StringUtils_LLMTest
    [javac] /tmp/fix_test_suite.pl_5767_1702809650/llm/org/apache/commons/codec/binary/StringUtils_LLMTest.java:157: error: cannot find symbol
    [javac]         testGetBytesUnchecked(charsetName);
    [javac]         ^
    [javac]   symbol:   method testGetBytesUnchecked(String)
    [javac]   location: class StringUtils_LLMTest
    [javac] /tmp/fix_test_suite.pl_5767_1702809650/llm/org/apache/commons/codec/binary/StringUtils_LLMTest.java:166: error: cannot find symbol
    [javac]         testGetBytesUnchecked(charsetName);
    [javac]         ^
    [javac]   symbol:   method testGetBytesUnchecked(String)
    [javac]   location: class StringUtils_LLMTest
    [javac] /tmp/fix_test_suite.pl_5767_1702809650/llm/org/apache/commons/codec/binary/StringUtils_LLMTest.java:175: error: cannot find symbol
    [javac]         testGetBytesUnchecked(charsetName);
    [javac]         ^
    [javac]   symbol:   method testGetBytesUnchecked(String)
    [javac]   location: class StringUtils_LLMTest
    [javac] /tmp/fix_test_suite.pl_5767_1702809650/llm/org/apache/commons/codec/binary/StringUtils_LLMTest.java:184: error: cannot find symbol
    [javac]         testGetBytesUnchecked(charsetName);
    [javac]         ^
    [javac]   symbol:   method testGetBytesUnchecked(String)
    [javac]   location: class StringUtils_LLMTest
    [javac] warning: /root/.sdkman/candidates/java/8.0.302-open/lib/ct.sym(META-INF/sym/rt.jar/java/lang/IllegalStateException.class): major version 52 is newer than 51, the highest major version supported by this compiler.
    [javac]   It is recommended that the compiler be upgraded.
    [javac] /root/.sdkman/candidates/java/8.0.302-open/lib/ct.sym(META-INF/sym/rt.jar/java/lang/IllegalStateException.class): warning: Cannot find annotation method 'value()' in type 'Profile+Annotation'
    [javac] warning: /root/.sdkman/candidates/java/8.0.302-open/lib/ct.sym(META-INF/sym/rt.jar/java/lang/Class.class): major version 52 is newer than 51, the highest major version supported by this compiler.
    [javac]   It is recommended that the compiler be upgraded.
    [javac] /root/.sdkman/candidates/java/8.0.302-open/lib/ct.sym(META-INF/sym/rt.jar/java/lang/Class.class): warning: Cannot find annotation method 'value()' in type 'Profile+Annotation'
    [javac] warning: /root/.sdkman/candidates/java/8.0.302-open/lib/ct.sym(META-INF/sym/rt.jar/java/lang/RuntimeException.class): major version 52 is newer than 51, the highest major version supported by this compiler.
    [javac]   It is recommended that the compiler be upgraded.
    [javac] /root/.sdkman/candidates/java/8.0.302-open/lib/ct.sym(META-INF/sym/rt.jar/java/lang/RuntimeException.class): warning: Cannot find annotation method 'value()' in type 'Profile+Annotation'
    [javac] /tmp/fix_test_suite.pl_5767_1702809650/llm/org/apache/commons/codec/binary/StringUtils_LLMTest.java:207: error: cannot find symbol
    [javac]         testGetBytesUnchecked(charsetName);
    [javac]         ^
    [javac]   symbol:   method testGetBytesUnchecked(String)
    [javac]   location: class StringUtils_LLMTest
    [javac] /tmp/fix_test_suite.pl_5767_1702809650/llm/org/apache/commons/codec/binary/StringUtils_LLMTest.java:215: error: cannot find symbol
    [javac]         testGetBytesUnchecked(charsetName);
    [javac]         ^
    [javac]   symbol:   method testGetBytesUnchecked(String)
    [javac]   location: class StringUtils_LLMTest
    [javac] /tmp/fix_test_suite.pl_5767_1702809650/llm/org/apache/commons/codec/binary/StringUtils_LLMTest.java:223: error: cannot find symbol
    [javac]         testGetBytesUnchecked(charsetName);
    [javac]         ^
    [javac]   symbol:   method testGetBytesUnchecked(String)
    [javac]   location: class StringUtils_LLMTest
    [javac] /tmp/fix_test_suite.pl_5767_1702809650/llm/org/apache/commons/codec/binary/StringUtils_LLMTest.java:231: error: cannot find symbol
    [javac]     testGetBytesUnchecked(charsetName);
    [javac]     ^
    [javac]   symbol:   method testGetBytesUnchecked(String)
    [javac]   location: class StringUtils_LLMTest
    [javac] warning: /root/.sdkman/candidates/java/8.0.302-open/lib/ct.sym(META-INF/sym/rt.jar/java/lang/IllegalArgumentException.class): major version 52 is newer than 51, the highest major version supported by this compiler.
    [javac]   It is recommended that the compiler be upgraded.
    [javac] /root/.sdkman/candidates/java/8.0.302-open/lib/ct.sym(META-INF/sym/rt.jar/java/lang/IllegalArgumentException.class): warning: Cannot find annotation method 'value()' in type 'Profile+Annotation'
    [javac] /tmp/fix_test_suite.pl_5767_1702809650/llm/org/apache/commons/codec/binary/StringUtils_LLMTest.java:248: error: cannot find symbol
    [javac]     testGetBytesUnchecked(charsetName);
    [javac]     ^
    [javac]   symbol:   method testGetBytesUnchecked(String)
    [javac]   location: class StringUtils_LLMTest
    [javac] /tmp/fix_test_suite.pl_5767_1702809650/llm/org/apache/commons/codec/binary/StringUtils_LLMTest.java:256: error: cannot find symbol
    [javac]         testGetBytesUnchecked(charsetName);
    [javac]         ^
    [javac]   symbol:   method testGetBytesUnchecked(String)
    [javac]   location: class StringUtils_LLMTest
    [javac] /tmp/fix_test_suite.pl_5767_1702809650/llm/org/apache/commons/codec/binary/StringUtils_LLMTest.java:264: error: cannot find symbol
    [javac]         testGetBytesUnchecked(charsetName);
    [javac]         ^
    [javac]   symbol:   method testGetBytesUnchecked(String)
    [javac]   location: class StringUtils_LLMTest
    [javac] /tmp/fix_test_suite.pl_5767_1702809650/llm/org/apache/commons/codec/binary/StringUtils_LLMTest.java:272: error: cannot find symbol
    [javac]         testGetBytesUnchecked(charsetName);
    [javac]         ^
    [javac]   symbol:   method testGetBytesUnchecked(String)
    [javac]   location: class StringUtils_LLMTest
    [javac] /tmp/fix_test_suite.pl_5767_1702809650/llm/org/apache/commons/codec/binary/StringUtils_LLMTest.java:280: error: cannot find symbol
    [javac]         testGetBytesUnchecked(charsetName);
    [javac]         ^
    [javac]   symbol:   method testGetBytesUnchecked(String)
    [javac]   location: class StringUtils_LLMTest
    [javac] /tmp/fix_test_suite.pl_5767_1702809650/llm/org/apache/commons/codec/binary/StringUtils_LLMTest.java:288: error: cannot find symbol
    [javac]         testGetBytesUnchecked(charsetName);
    [javac]         ^
    [javac]   symbol:   method testGetBytesUnchecked(String)
    [javac]   location: class StringUtils_LLMTest
    [javac] /tmp/fix_test_suite.pl_5767_1702809650/llm/org/apache/commons/codec/binary/StringUtils_LLMTest.java:296: error: cannot find symbol
    [javac]         testGetBytesUnchecked(charsetName);
    [javac]         ^
    [javac]   symbol:   method testGetBytesUnchecked(String)
    [javac]   location: class StringUtils_LLMTest
    [javac] /tmp/fix_test_suite.pl_5767_1702809650/llm/org/apache/commons/codec/binary/StringUtils_LLMTest.java:304: error: cannot find symbol
    [javac]         testGetBytesUnchecked(charsetName);
    [javac]         ^
    [javac]   symbol:   method testGetBytesUnchecked(String)
    [javac]   location: class StringUtils_LLMTest
    [javac] /tmp/fix_test_suite.pl_5767_1702809650/llm/org/apache/commons/codec/binary/StringUtils_LLMTest.java:312: error: cannot find symbol
    [javac]         testGetBytesUnchecked(charsetName);
    [javac]         ^
    [javac]   symbol:   method testGetBytesUnchecked(String)
    [javac]   location: class StringUtils_LLMTest
    [javac] /tmp/fix_test_suite.pl_5767_1702809650/llm/org/apache/commons/codec/binary/StringUtils_LLMTest.java:320: error: cannot find symbol
    [javac]         testGetBytesUnchecked(charsetName);
    [javac]         ^
    [javac]   symbol:   method testGetBytesUnchecked(String)
    [javac]   location: class StringUtils_LLMTest
    [javac] /tmp/fix_test_suite.pl_5767_1702809650/llm/org/apache/commons/codec/binary/StringUtils_LLMTest.java:328: error: cannot find symbol
    [javac]         testGetBytesUnchecked(charsetName);
    [javac]         ^
    [javac]   symbol:   method testGetBytesUnchecked(String)
    [javac]   location: class StringUtils_LLMTest
    [javac] /tmp/fix_test_suite.pl_5767_1702809650/llm/org/apache/commons/codec/binary/StringUtils_LLMTest.java:329: error: cannot find symbol
    [javac]         final byte[] expected = STRING_FIXTURE.getBytes(charsetName);
    [javac]                                 ^
    [javac]   symbol:   variable STRING_FIXTURE
    [javac]   location: class StringUtils_LLMTest
    [javac] /tmp/fix_test_suite.pl_5767_1702809650/llm/org/apache/commons/codec/binary/StringUtils_LLMTest.java:330: error: cannot find symbol
    [javac]         final byte[] actual = StringUtils.getBytesUtf16Le(STRING_FIXTURE);
    [javac]                                                           ^
    [javac]   symbol:   variable STRING_FIXTURE
    [javac]   location: class StringUtils_LLMTest
    [javac] /tmp/fix_test_suite.pl_5767_1702809650/llm/org/apache/commons/codec/binary/StringUtils_LLMTest.java:337: error: cannot find symbol
    [javac]         testGetBytesUnchecked(charsetName);
    [javac]         ^
    [javac]   symbol:   method testGetBytesUnchecked(String)
    [javac]   location: class StringUtils_LLMTest
    [javac] /tmp/fix_test_suite.pl_5767_1702809650/llm/org/apache/commons/codec/binary/StringUtils_LLMTest.java:346: error: cannot find symbol
    [javac]         testGetBytesUnchecked(charsetName);
    [javac]         ^
    [javac]   symbol:   method testGetBytesUnchecked(String)
    [javac]   location: class StringUtils_LLMTest
    [javac] /tmp/fix_test_suite.pl_5767_1702809650/llm/org/apache/commons/codec/binary/StringUtils_LLMTest.java:355: error: cannot find symbol
    [javac]         testGetBytesUnchecked(charsetName);
    [javac]         ^
    [javac]   symbol:   method testGetBytesUnchecked(String)
    [javac]   location: class StringUtils_LLMTest
    [javac] /tmp/fix_test_suite.pl_5767_1702809650/llm/org/apache/commons/codec/binary/StringUtils_LLMTest.java:364: error: cannot find symbol
    [javac]         testGetBytesUnchecked(charsetName);
    [javac]         ^
    [javac]   symbol:   method testGetBytesUnchecked(String)
    [javac]   location: class StringUtils_LLMTest
    [javac] /tmp/fix_test_suite.pl_5767_1702809650/llm/org/apache/commons/codec/binary/StringUtils_LLMTest.java:373: error: cannot find symbol
    [javac]         testGetBytesUnchecked(charsetName);
    [javac]         ^
    [javac]   symbol:   method testGetBytesUnchecked(String)
    [javac]   location: class StringUtils_LLMTest
    [javac] /tmp/fix_test_suite.pl_5767_1702809650/llm/org/apache/commons/codec/binary/StringUtils_LLMTest.java:381: error: cannot find symbol
    [javac]         testGetBytesUnchecked(charsetName);
    [javac]         ^
    [javac]   symbol:   method testGetBytesUnchecked(String)
    [javac]   location: class StringUtils_LLMTest
    [javac] /tmp/fix_test_suite.pl_5767_1702809650/llm/org/apache/commons/codec/binary/StringUtils_LLMTest.java:382: error: cannot find symbol
    [javac]         final byte[] expected = STRING_FIXTURE.getBytes(charsetName);
    [javac]                                 ^
    [javac]   symbol:   variable STRING_FIXTURE
    [javac]   location: class StringUtils_LLMTest
    [javac] /tmp/fix_test_suite.pl_5767_1702809650/llm/org/apache/commons/codec/binary/StringUtils_LLMTest.java:383: error: cannot find symbol
    [javac]         final byte[] actual = StringUtils.getBytesUtf8(STRING_FIXTURE);
    [javac]                                                        ^
    [javac]   symbol:   variable STRING_FIXTURE
    [javac]   location: class StringUtils_LLMTest
    [javac] /tmp/fix_test_suite.pl_5767_1702809650/llm/org/apache/commons/codec/binary/StringUtils_LLMTest.java:389: error: cannot find symbol
    [javac]         testGetBytesUnchecked(charsetName);
    [javac]         ^
    [javac]   symbol:   method testGetBytesUnchecked(String)
    [javac]   location: class StringUtils_LLMTest
    [javac] /tmp/fix_test_suite.pl_5767_1702809650/llm/org/apache/commons/codec/binary/StringUtils_LLMTest.java:397: error: cannot find symbol
    [javac]         testGetBytesUnchecked(charsetName);
    [javac]         ^
    [javac]   symbol:   method testGetBytesUnchecked(String)
    [javac]   location: class StringUtils_LLMTest
    [javac] /tmp/fix_test_suite.pl_5767_1702809650/llm/org/apache/commons/codec/binary/StringUtils_LLMTest.java:405: error: cannot find symbol
    [javac]         testGetBytesUnchecked(charsetName);
    [javac]         ^
    [javac]   symbol:   method testGetBytesUnchecked(String)
    [javac]   location: class StringUtils_LLMTest
    [javac] /tmp/fix_test_suite.pl_5767_1702809650/llm/org/apache/commons/codec/binary/StringUtils_LLMTest.java:411: error: cannot find symbol
    [javac]             StringUtils.getBytesUnchecked(STRING_FIXTURE, "UNKNOWN");
    [javac]                                           ^
    [javac]   symbol:   variable STRING_FIXTURE
    [javac]   location: class StringUtils_LLMTest
    [javac] /tmp/fix_test_suite.pl_5767_1702809650/llm/org/apache/commons/codec/binary/StringUtils_LLMTest.java:438: error: cannot find symbol
    [javac]             StringUtils.newString(BYTES_FIXTURE, "UNKNOWN");
    [javac]                                   ^
    [javac]   symbol:   variable BYTES_FIXTURE
    [javac]   location: class StringUtils_LLMTest
    [javac] /tmp/fix_test_suite.pl_5767_1702809650/llm/org/apache/commons/codec/binary/StringUtils_LLMTest.java:473: error: cannot find symbol
    [javac]         testNewString(charsetName);
    [javac]         ^
    [javac]   symbol:   method testNewString(String)
    [javac]   location: class StringUtils_LLMTest
    [javac] /tmp/fix_test_suite.pl_5767_1702809650/llm/org/apache/commons/codec/binary/StringUtils_LLMTest.java:474: error: cannot find symbol
    [javac]         final String expected = new String(BYTES_FIXTURE_16BE, charsetName);
    [javac]                                            ^
    [javac]   symbol:   variable BYTES_FIXTURE_16BE
    [javac]   location: class StringUtils_LLMTest
    [javac] /tmp/fix_test_suite.pl_5767_1702809650/llm/org/apache/commons/codec/binary/StringUtils_LLMTest.java:475: error: cannot find symbol
    [javac]         final String actual = StringUtils.newStringUtf16Be(BYTES_FIXTURE_16BE);
    [javac]                                                            ^
    [javac]   symbol:   variable BYTES_FIXTURE_16BE
    [javac]   location: class StringUtils_LLMTest
    [javac] /tmp/fix_test_suite.pl_5767_1702809650/llm/org/apache/commons/codec/binary/StringUtils_LLMTest.java:491: error: cannot find symbol
    [javac]         testNewString(charsetName);
    [javac]         ^
    [javac]   symbol:   method testNewString(String)
    [javac]   location: class StringUtils_LLMTest
    [javac] /tmp/fix_test_suite.pl_5767_1702809650/llm/org/apache/commons/codec/binary/StringUtils_LLMTest.java:492: error: cannot find symbol
    [javac]         final String expected = new String(BYTES_FIXTURE, charsetName);
    [javac]                                            ^
    [javac]   symbol:   variable BYTES_FIXTURE
    [javac]   location: class StringUtils_LLMTest
    [javac] /tmp/fix_test_suite.pl_5767_1702809650/llm/org/apache/commons/codec/binary/StringUtils_LLMTest.java:493: error: cannot find symbol
    [javac]         final String actual = StringUtils.newStringUtf8(BYTES_FIXTURE);
    [javac]                                                         ^
    [javac]   symbol:   variable BYTES_FIXTURE
    [javac]   location: class StringUtils_LLMTest
    [javac] /tmp/fix_test_suite.pl_5767_1702809650/llm/org/apache/commons/codec/binary/StringUtils_LLMTest.java:513: error: cannot find symbol
    [javac]         testNewString(charsetName);
    [javac]         ^
    [javac]   symbol:   method testNewString(String)
    [javac]   location: class StringUtils_LLMTest
    [javac] /tmp/fix_test_suite.pl_5767_1702809650/llm/org/apache/commons/codec/binary/StringUtils_LLMTest.java:514: error: cannot find symbol
    [javac]         final String expected = new String(BYTES_FIXTURE_16BE, charsetName);
    [javac]                                            ^
    [javac]   symbol:   variable BYTES_FIXTURE_16BE
    [javac]   location: class StringUtils_LLMTest
    [javac] /tmp/fix_test_suite.pl_5767_1702809650/llm/org/apache/commons/codec/binary/StringUtils_LLMTest.java:515: error: cannot find symbol
    [javac]         final String actual = StringUtils.newStringUtf16Be(BYTES_FIXTURE_16BE);
    [javac]                                                            ^
    [javac]   symbol:   variable BYTES_FIXTURE_16BE
    [javac]   location: class StringUtils_LLMTest
    [javac] /tmp/fix_test_suite.pl_5767_1702809650/llm/org/apache/commons/codec/binary/StringUtils_LLMTest.java:521: error: cannot find symbol
    [javac]         testNewString(charsetName);
    [javac]         ^
    [javac]   symbol:   method testNewString(String)
    [javac]   location: class StringUtils_LLMTest
    [javac] /tmp/fix_test_suite.pl_5767_1702809650/llm/org/apache/commons/codec/binary/StringUtils_LLMTest.java:522: error: cannot find symbol
    [javac]         final String expected = new String(BYTES_FIXTURE, charsetName);
    [javac]                                            ^
    [javac]   symbol:   variable BYTES_FIXTURE
    [javac]   location: class StringUtils_LLMTest
    [javac] /tmp/fix_test_suite.pl_5767_1702809650/llm/org/apache/commons/codec/binary/StringUtils_LLMTest.java:523: error: cannot find symbol
    [javac]         final String actual = StringUtils.newStringUtf8(BYTES_FIXTURE);
    [javac]                                                         ^
    [javac]   symbol:   variable BYTES_FIXTURE
    [javac]   location: class StringUtils_LLMTest
    [javac] /tmp/fix_test_suite.pl_5767_1702809650/llm/org/apache/commons/codec/binary/StringUtils_LLMTest.java:529: error: cannot find symbol
    [javac]         testNewString(charsetName);
    [javac]         ^
    [javac]   symbol:   method testNewString(String)
    [javac]   location: class StringUtils_LLMTest
    [javac] /tmp/fix_test_suite.pl_5767_1702809650/llm/org/apache/commons/codec/binary/StringUtils_LLMTest.java:530: error: cannot find symbol
    [javac]         final String expected = new String(BYTES_FIXTURE, charsetName);
    [javac]                                            ^
    [javac]   symbol:   variable BYTES_FIXTURE
    [javac]   location: class StringUtils_LLMTest
    [javac] /tmp/fix_test_suite.pl_5767_1702809650/llm/org/apache/commons/codec/binary/StringUtils_LLMTest.java:531: error: cannot find symbol
    [javac]         final String actual = StringUtils.newStringUsAscii(BYTES_FIXTURE);
    [javac]                                                            ^
    [javac]   symbol:   variable BYTES_FIXTURE
    [javac]   location: class StringUtils_LLMTest
    [javac] /tmp/fix_test_suite.pl_5767_1702809650/llm/org/apache/commons/codec/binary/StringUtils_LLMTest.java:545: error: cannot find symbol
    [javac]         testNewString(charsetName);
    [javac]         ^
    [javac]   symbol:   method testNewString(String)
    [javac]   location: class StringUtils_LLMTest
    [javac] /tmp/fix_test_suite.pl_5767_1702809650/llm/org/apache/commons/codec/binary/StringUtils_LLMTest.java:546: error: cannot find symbol
    [javac]         final String expected = new String(BYTES_FIXTURE, charsetName);
    [javac]                                            ^
    [javac]   symbol:   variable BYTES_FIXTURE
    [javac]   location: class StringUtils_LLMTest
    [javac] /tmp/fix_test_suite.pl_5767_1702809650/llm/org/apache/commons/codec/binary/StringUtils_LLMTest.java:547: error: cannot find symbol
    [javac]         final String actual = StringUtils.newStringIso8859_1(BYTES_FIXTURE);
    [javac]                                                              ^
    [javac]   symbol:   variable BYTES_FIXTURE
    [javac]   location: class StringUtils_LLMTest
    [javac] /tmp/fix_test_suite.pl_5767_1702809650/llm/org/apache/commons/codec/binary/StringUtils_LLMTest.java:553: error: cannot find symbol
    [javac]         testNewString(charsetName);
    [javac]         ^
    [javac]   symbol:   method testNewString(String)
    [javac]   location: class StringUtils_LLMTest
    [javac] /tmp/fix_test_suite.pl_5767_1702809650/llm/org/apache/commons/codec/binary/StringUtils_LLMTest.java:554: error: cannot find symbol
    [javac]         final String expected = new String(BYTES_FIXTURE, charsetName);
    [javac]                                            ^
    [javac]   symbol:   variable BYTES_FIXTURE
    [javac]   location: class StringUtils_LLMTest
    [javac] /tmp/fix_test_suite.pl_5767_1702809650/llm/org/apache/commons/codec/binary/StringUtils_LLMTest.java:555: error: cannot find symbol
    [javac]         final String actual = StringUtils.newStringUtf16(BYTES_FIXTURE);
    [javac]                                                          ^
    [javac]   symbol:   variable BYTES_FIXTURE
    [javac]   location: class StringUtils_LLMTest
    [javac] /tmp/fix_test_suite.pl_5767_1702809650/llm/org/apache/commons/codec/binary/StringUtils_LLMTest.java:561: error: cannot find symbol
    [javac]         testNewString(charsetName);
    [javac]         ^
    [javac]   symbol:   method testNewString(String)
    [javac]   location: class StringUtils_LLMTest
    [javac] /tmp/fix_test_suite.pl_5767_1702809650/llm/org/apache/commons/codec/binary/StringUtils_LLMTest.java:562: error: cannot find symbol
    [javac]         final String expected = new String(BYTES_FIXTURE_16LE, charsetName);
    [javac]                                            ^
    [javac]   symbol:   variable BYTES_FIXTURE_16LE
    [javac]   location: class StringUtils_LLMTest
    [javac] /tmp/fix_test_suite.pl_5767_1702809650/llm/org/apache/commons/codec/binary/StringUtils_LLMTest.java:563: error: cannot find symbol
    [javac]         final String actual = StringUtils.newStringUtf16Le(BYTES_FIXTURE_16LE);
    [javac]                                                            ^
    [javac]   symbol:   variable BYTES_FIXTURE_16LE
    [javac]   location: class StringUtils_LLMTest
    [javac] /tmp/fix_test_suite.pl_5767_1702809650/llm/org/apache/commons/codec/binary/StringUtils_LLMTest.java:569: error: cannot find symbol
    [javac]             StringUtils.newString(BYTES_FIXTURE, "ANOTHER_UNKNOWN");
    [javac]                                   ^
    [javac]   symbol:   variable BYTES_FIXTURE
    [javac]   location: class StringUtils_LLMTest
    [javac] /tmp/fix_test_suite.pl_5767_1702809650/llm/org/apache/commons/codec/binary/StringUtils_LLMTest.java:578: error: cannot find symbol
    [javac]         testNewString(charsetName);
    [javac]         ^
    [javac]   symbol:   method testNewString(String)
    [javac]   location: class StringUtils_LLMTest
    [javac] /tmp/fix_test_suite.pl_5767_1702809650/llm/org/apache/commons/codec/binary/StringUtils_LLMTest.java:579: error: cannot find symbol
    [javac]         final String expected = new String(BYTES_FIXTURE_INVALID, charsetName);
    [javac]                                            ^
    [javac]   symbol:   variable BYTES_FIXTURE_INVALID
    [javac]   location: class StringUtils_LLMTest
    [javac] /tmp/fix_test_suite.pl_5767_1702809650/llm/org/apache/commons/codec/binary/StringUtils_LLMTest.java:580: error: cannot find symbol
    [javac]         final String actual = StringUtils.newStringUtf16(BYTES_FIXTURE_INVALID);
    [javac]                                                          ^
    [javac]   symbol:   variable BYTES_FIXTURE_INVALID
    [javac]   location: class StringUtils_LLMTest
    [javac] /tmp/fix_test_suite.pl_5767_1702809650/llm/org/apache/commons/codec/binary/StringUtils_LLMTest.java:586: error: cannot find symbol
    [javac]         testNewString(charsetName);
    [javac]         ^
    [javac]   symbol:   method testNewString(String)
    [javac]   location: class StringUtils_LLMTest
    [javac] /tmp/fix_test_suite.pl_5767_1702809650/llm/org/apache/commons/codec/binary/StringUtils_LLMTest.java:587: error: cannot find symbol
    [javac]         final String expected = new String(BYTES_FIXTURE_16LE_INVALID, charsetName);
    [javac]                                            ^
    [javac]   symbol:   variable BYTES_FIXTURE_16LE_INVALID
    [javac]   location: class StringUtils_LLMTest
    [javac] /tmp/fix_test_suite.pl_5767_1702809650/llm/org/apache/commons/codec/binary/StringUtils_LLMTest.java:588: error: cannot find symbol
    [javac]         final String actual = StringUtils.newStringUtf16Le(BYTES_FIXTURE_16LE_INVALID);
    [javac]                                                            ^
    [javac]   symbol:   variable BYTES_FIXTURE_16LE_INVALID
    [javac]   location: class StringUtils_LLMTest
    [javac] /tmp/fix_test_suite.pl_5767_1702809650/llm/org/apache/commons/codec/binary/StringUtils_LLMTest.java:594: error: cannot find symbol
    [javac]         testNewString(charsetName);
    [javac]         ^
    [javac]   symbol:   method testNewString(String)
    [javac]   location: class StringUtils_LLMTest
    [javac] /tmp/fix_test_suite.pl_5767_1702809650/llm/org/apache/commons/codec/binary/StringUtils_LLMTest.java:595: error: cannot find symbol
    [javac]         final String expected = new String(BYTES_FIXTURE, charsetName);
    [javac]                                            ^
    [javac]   symbol:   variable BYTES_FIXTURE
    [javac]   location: class StringUtils_LLMTest
    [javac] /tmp/fix_test_suite.pl_5767_1702809650/llm/org/apache/commons/codec/binary/StringUtils_LLMTest.java:602: error: cannot find symbol
    [javac]         testNewString(charsetName);
    [javac]         ^
    [javac]   symbol:   method testNewString(String)
    [javac]   location: class StringUtils_LLMTest
    [javac] /tmp/fix_test_suite.pl_5767_1702809650/llm/org/apache/commons/codec/binary/StringUtils_LLMTest.java:603: error: cannot find symbol
    [javac]         final String expected = new String(BYTES_FIXTURE, charsetName);
    [javac]                                            ^
    [javac]   symbol:   variable BYTES_FIXTURE
    [javac]   location: class StringUtils_LLMTest
    [javac] /tmp/fix_test_suite.pl_5767_1702809650/llm/org/apache/commons/codec/binary/StringUtils_LLMTest.java:610: error: cannot find symbol
    [javac]         testNewString(charsetName);
    [javac]         ^
    [javac]   symbol:   method testNewString(String)
    [javac]   location: class StringUtils_LLMTest
    [javac] /tmp/fix_test_suite.pl_5767_1702809650/llm/org/apache/commons/codec/binary/StringUtils_LLMTest.java:611: error: cannot find symbol
    [javac]         final String expected = new String(BYTES_FIXTURE, charsetName);
    [javac]                                            ^
    [javac]   symbol:   variable BYTES_FIXTURE
    [javac]   location: class StringUtils_LLMTest
    [javac] /tmp/fix_test_suite.pl_5767_1702809650/llm/org/apache/commons/codec/binary/StringUtils_LLMTest.java:676: error: cannot find symbol
    [javac]         testNewString(charsetName);
    [javac]         ^
    [javac]   symbol:   method testNewString(String)
    [javac]   location: class StringUtils_LLMTest
    [javac] /tmp/fix_test_suite.pl_5767_1702809650/llm/org/apache/commons/codec/binary/StringUtils_LLMTest.java:695: error: cannot find symbol
    [javac]         testNewString(charsetName);
    [javac]         ^
    [javac]   symbol:   method testNewString(String)
    [javac]   location: class StringUtils_LLMTest
    [javac] 100 errors
    [javac] 48 warnings

BUILD FAILED
/defects4j/framework/projects/defects4j.build.xml:265: Compile failed; see the compiler error output for details.

Total time: 1 second
- Compilation issues: Codec-18b-llm.28.tar.bz2
Picked up JAVA_TOOL_OPTIONS: -Dfile.encoding=UTF8
OpenJDK 64-Bit Server VM warning: ignoring option MaxPermSize=1G; support was removed in 8.0
Buildfile: /defects4j/framework/projects/defects4j.build.xml

test-offline:

get-deps:

commons-codec-from-maven.compile:
    [javac] /tmp/fix_test_suite.pl_5767_1702809650/maven-build.xml:78: warning: 'includeantruntime' was not set, defaulting to build.sysclasspath=last; set to false for repeatable builds

compile:

compile.gen.tests:
     [echo] classes.dir: target/classes
     [echo] build.home: target/classes/..
   [delete] Deleting directory /tmp/fix_test_suite.pl_5767_1702809650/.classes_testgen
    [mkdir] Created dir: /tmp/fix_test_suite.pl_5767_1702809650/.classes_testgen
    [javac] /defects4j/framework/projects/defects4j.build.xml:265: warning: 'includeantruntime' was not set, defaulting to build.sysclasspath=last; set to false for repeatable builds
    [javac] Compiling 1 source file to /tmp/fix_test_suite.pl_5767_1702809650/.classes_testgen
    [javac] warning: /root/.sdkman/candidates/java/8.0.302-open/lib/ct.sym(META-INF/sym/rt.jar/java/io/UnsupportedEncodingException.class): major version 52 is newer than 51, the highest major version supported by this compiler.
    [javac]   It is recommended that the compiler be upgraded.
    [javac] warning: /root/.sdkman/candidates/java/8.0.302-open/lib/ct.sym(META-INF/sym/rt.jar/java/util/Arrays.class): major version 52 is newer than 51, the highest major version supported by this compiler.
    [javac]   It is recommended that the compiler be upgraded.
    [javac] warning: /root/.sdkman/candidates/java/8.0.302-open/lib/ct.sym(META-INF/sym/rt.jar/java/lang/Object.class): major version 52 is newer than 51, the highest major version supported by this compiler.
    [javac]   It is recommended that the compiler be upgraded.
    [javac] /root/.sdkman/candidates/java/8.0.302-open/lib/ct.sym(META-INF/sym/rt.jar/java/io/UnsupportedEncodingException.class): warning: Cannot find annotation method 'value()' in type 'Profile+Annotation': class file for jdk.Profile+Annotation not found
    [javac] /root/.sdkman/candidates/java/8.0.302-open/lib/ct.sym(META-INF/sym/rt.jar/java/util/Arrays.class): warning: Cannot find annotation method 'value()' in type 'Profile+Annotation'
    [javac] warning: /root/.sdkman/candidates/java/8.0.302-open/lib/ct.sym(META-INF/sym/rt.jar/java/lang/annotation/Retention.class): major version 52 is newer than 51, the highest major version supported by this compiler.
    [javac]   It is recommended that the compiler be upgraded.
    [javac] warning: /root/.sdkman/candidates/java/8.0.302-open/lib/ct.sym(META-INF/sym/rt.jar/java/lang/annotation/RetentionPolicy.class): major version 52 is newer than 51, the highest major version supported by this compiler.
    [javac]   It is recommended that the compiler be upgraded.
    [javac] warning: /root/.sdkman/candidates/java/8.0.302-open/lib/ct.sym(META-INF/sym/rt.jar/java/lang/annotation/Target.class): major version 52 is newer than 51, the highest major version supported by this compiler.
    [javac]   It is recommended that the compiler be upgraded.
    [javac] warning: /root/.sdkman/candidates/java/8.0.302-open/lib/ct.sym(META-INF/sym/rt.jar/java/lang/annotation/ElementType.class): major version 52 is newer than 51, the highest major version supported by this compiler.
    [javac]   It is recommended that the compiler be upgraded.
    [javac] /root/.sdkman/candidates/java/8.0.302-open/lib/ct.sym(META-INF/sym/rt.jar/java/lang/Object.class): warning: Cannot find annotation method 'value()' in type 'Profile+Annotation'
    [javac] warning: /root/.sdkman/candidates/java/8.0.302-open/lib/ct.sym(META-INF/sym/rt.jar/java/lang/annotation/Annotation.class): major version 52 is newer than 51, the highest major version supported by this compiler.
    [javac]   It is recommended that the compiler be upgraded.
    [javac] /root/.sdkman/candidates/java/8.0.302-open/lib/ct.sym(META-INF/sym/rt.jar/java/lang/annotation/Retention.class): warning: Cannot find annotation method 'value()' in type 'Profile+Annotation'
    [javac] /root/.sdkman/candidates/java/8.0.302-open/lib/ct.sym(META-INF/sym/rt.jar/java/lang/annotation/RetentionPolicy.class): warning: Cannot find annotation method 'value()' in type 'Profile+Annotation'
    [javac] /root/.sdkman/candidates/java/8.0.302-open/lib/ct.sym(META-INF/sym/rt.jar/java/lang/annotation/Target.class): warning: Cannot find annotation method 'value()' in type 'Profile+Annotation'
    [javac] /root/.sdkman/candidates/java/8.0.302-open/lib/ct.sym(META-INF/sym/rt.jar/java/lang/annotation/ElementType.class): warning: Cannot find annotation method 'value()' in type 'Profile+Annotation'
    [javac] /root/.sdkman/candidates/java/8.0.302-open/lib/ct.sym(META-INF/sym/rt.jar/java/lang/annotation/Annotation.class): warning: Cannot find annotation method 'value()' in type 'Profile+Annotation'
    [javac] warning: /root/.sdkman/candidates/java/8.0.302-open/lib/ct.sym(META-INF/sym/rt.jar/java/lang/AutoCloseable.class): major version 52 is newer than 51, the highest major version supported by this compiler.
    [javac]   It is recommended that the compiler be upgraded.
    [javac] /root/.sdkman/candidates/java/8.0.302-open/lib/ct.sym(META-INF/sym/rt.jar/java/lang/AutoCloseable.class): warning: Cannot find annotation method 'value()' in type 'Profile+Annotation'
    [javac] warning: /root/.sdkman/candidates/java/8.0.302-open/lib/ct.sym(META-INF/sym/rt.jar/java/lang/StringBuilder.class): major version 52 is newer than 51, the highest major version supported by this compiler.
    [javac]   It is recommended that the compiler be upgraded.
    [javac] /root/.sdkman/candidates/java/8.0.302-open/lib/ct.sym(META-INF/sym/rt.jar/java/lang/StringBuilder.class): warning: Cannot find annotation method 'value()' in type 'Profile+Annotation'
    [javac] warning: /root/.sdkman/candidates/java/8.0.302-open/lib/ct.sym(META-INF/sym/rt.jar/java/lang/String.class): major version 52 is newer than 51, the highest major version supported by this compiler.
    [javac]   It is recommended that the compiler be upgraded.
    [javac] /root/.sdkman/candidates/java/8.0.302-open/lib/ct.sym(META-INF/sym/rt.jar/java/lang/String.class): warning: Cannot find annotation method 'value()' in type 'Profile+Annotation'
    [javac] warning: /root/.sdkman/candidates/java/8.0.302-open/lib/ct.sym(META-INF/sym/rt.jar/java/lang/CharSequence.class): major version 52 is newer than 51, the highest major version supported by this compiler.
    [javac]   It is recommended that the compiler be upgraded.
    [javac] /root/.sdkman/candidates/java/8.0.302-open/lib/ct.sym(META-INF/sym/rt.jar/java/lang/CharSequence.class): warning: Cannot find annotation method 'value()' in type 'Profile+Annotation'
    [javac] warning: /root/.sdkman/candidates/java/8.0.302-open/lib/ct.sym(META-INF/sym/rt.jar/java/io/Serializable.class): major version 52 is newer than 51, the highest major version supported by this compiler.
    [javac]   It is recommended that the compiler be upgraded.
    [javac] /root/.sdkman/candidates/java/8.0.302-open/lib/ct.sym(META-INF/sym/rt.jar/java/io/Serializable.class): warning: Cannot find annotation method 'value()' in type 'Profile+Annotation'
    [javac] warning: /root/.sdkman/candidates/java/8.0.302-open/lib/ct.sym(META-INF/sym/rt.jar/java/lang/Comparable.class): major version 52 is newer than 51, the highest major version supported by this compiler.
    [javac]   It is recommended that the compiler be upgraded.
    [javac] /root/.sdkman/candidates/java/8.0.302-open/lib/ct.sym(META-INF/sym/rt.jar/java/lang/Comparable.class): warning: Cannot find annotation method 'value()' in type 'Profile+Annotation'
    [javac] warning: /root/.sdkman/candidates/java/8.0.302-open/lib/ct.sym(META-INF/sym/rt.jar/java/lang/AbstractStringBuilder.class): major version 52 is newer than 51, the highest major version supported by this compiler.
    [javac]   It is recommended that the compiler be upgraded.
    [javac] /root/.sdkman/candidates/java/8.0.302-open/lib/ct.sym(META-INF/sym/rt.jar/java/lang/AbstractStringBuilder.class): warning: Cannot find annotation method 'value()' in type 'Profile+Annotation'
    [javac] warning: /root/.sdkman/candidates/java/8.0.302-open/lib/ct.sym(META-INF/sym/rt.jar/java/lang/Appendable.class): major version 52 is newer than 51, the highest major version supported by this compiler.
    [javac]   It is recommended that the compiler be upgraded.
    [javac] /root/.sdkman/candidates/java/8.0.302-open/lib/ct.sym(META-INF/sym/rt.jar/java/lang/Appendable.class): warning: Cannot find annotation method 'value()' in type 'Profile+Annotation'
    [javac] warning: /root/.sdkman/candidates/java/8.0.302-open/lib/ct.sym(META-INF/sym/rt.jar/java/lang/IllegalStateException.class): major version 52 is newer than 51, the highest major version supported by this compiler.
    [javac]   It is recommended that the compiler be upgraded.
    [javac] /root/.sdkman/candidates/java/8.0.302-open/lib/ct.sym(META-INF/sym/rt.jar/java/lang/IllegalStateException.class): warning: Cannot find annotation method 'value()' in type 'Profile+Annotation'
    [javac] warning: /root/.sdkman/candidates/java/8.0.302-open/lib/ct.sym(META-INF/sym/rt.jar/java/lang/Class.class): major version 52 is newer than 51, the highest major version supported by this compiler.
    [javac]   It is recommended that the compiler be upgraded.
    [javac] /root/.sdkman/candidates/java/8.0.302-open/lib/ct.sym(META-INF/sym/rt.jar/java/lang/Class.class): warning: Cannot find annotation method 'value()' in type 'Profile+Annotation'
    [javac] warning: /root/.sdkman/candidates/java/8.0.302-open/lib/ct.sym(META-INF/sym/rt.jar/java/lang/RuntimeException.class): major version 52 is newer than 51, the highest major version supported by this compiler.
    [javac]   It is recommended that the compiler be upgraded.
    [javac] /root/.sdkman/candidates/java/8.0.302-open/lib/ct.sym(META-INF/sym/rt.jar/java/lang/RuntimeException.class): warning: Cannot find annotation method 'value()' in type 'Profile+Annotation'
    [javac] warning: /root/.sdkman/candidates/java/8.0.302-open/lib/ct.sym(META-INF/sym/rt.jar/java/lang/Exception.class): major version 52 is newer than 51, the highest major version supported by this compiler.
    [javac]   It is recommended that the compiler be upgraded.
    [javac] /root/.sdkman/candidates/java/8.0.302-open/lib/ct.sym(META-INF/sym/rt.jar/java/lang/Exception.class): warning: Cannot find annotation method 'value()' in type 'Profile+Annotation'
    [javac] warning: /root/.sdkman/candidates/java/8.0.302-open/lib/ct.sym(META-INF/sym/rt.jar/java/lang/Throwable.class): major version 52 is newer than 51, the highest major version supported by this compiler.
    [javac]   It is recommended that the compiler be upgraded.
    [javac] /root/.sdkman/candidates/java/8.0.302-open/lib/ct.sym(META-INF/sym/rt.jar/java/lang/Throwable.class): warning: Cannot find annotation method 'value()' in type 'Profile+Annotation'
    [javac] warning: /root/.sdkman/candidates/java/8.0.302-open/lib/ct.sym(META-INF/sym/rt.jar/java/io/IOException.class): major version 52 is newer than 51, the highest major version supported by this compiler.
    [javac]   It is recommended that the compiler be upgraded.
    [javac] /root/.sdkman/candidates/java/8.0.302-open/lib/ct.sym(META-INF/sym/rt.jar/java/io/IOException.class): warning: Cannot find annotation method 'value()' in type 'Profile+Annotation'
    [javac] warning: /root/.sdkman/candidates/java/8.0.302-open/lib/ct.sym(META-INF/sym/rt.jar/java/lang/IllegalArgumentException.class): major version 52 is newer than 51, the highest major version supported by this compiler.
    [javac]   It is recommended that the compiler be upgraded.
    [javac] /root/.sdkman/candidates/java/8.0.302-open/lib/ct.sym(META-INF/sym/rt.jar/java/lang/IllegalArgumentException.class): warning: Cannot find annotation method 'value()' in type 'Profile+Annotation'
    [javac] warning: /root/.sdkman/candidates/java/8.0.302-open/lib/ct.sym(META-INF/sym/rt.jar/java/nio/charset/Charset.class): major version 52 is newer than 51, the highest major version supported by this compiler.
    [javac]   It is recommended that the compiler be upgraded.
    [javac] /root/.sdkman/candidates/java/8.0.302-open/lib/ct.sym(META-INF/sym/rt.jar/java/nio/charset/Charset.class): warning: Cannot find annotation method 'value()' in type 'Profile+Annotation'
    [javac] /tmp/fix_test_suite.pl_5767_1702809650/llm/org/apache/commons/codec/binary/StringUtils_LLMTest.java:887: error: cannot find symbol
    [javac]         testNewString(charsetName);
    [javac]         ^
    [javac]   symbol:   method testNewString(String)
    [javac]   location: class StringUtils_LLMTest
    [javac] /tmp/fix_test_suite.pl_5767_1702809650/llm/org/apache/commons/codec/binary/StringUtils_LLMTest.java:895: error: cannot find symbol
    [javac]         testNewString(charsetName);
    [javac]         ^
    [javac]   symbol:   method testNewString(String)
    [javac]   location: class StringUtils_LLMTest
    [javac] /tmp/fix_test_suite.pl_5767_1702809650/llm/org/apache/commons/codec/binary/StringUtils_LLMTest.java:896: error: cannot find symbol
    [javac]         final String expected = new String(BYTES_FIXTURE, charsetName);
    [javac]                                            ^
    [javac]   symbol:   variable BYTES_FIXTURE
    [javac]   location: class StringUtils_LLMTest
    [javac] /tmp/fix_test_suite.pl_5767_1702809650/llm/org/apache/commons/codec/binary/StringUtils_LLMTest.java:897: error: cannot find symbol
    [javac]         final String actual = StringUtils.newStringUtf8(BYTES_FIXTURE);
    [javac]                                                         ^
    [javac]   symbol:   variable BYTES_FIXTURE
    [javac]   location: class StringUtils_LLMTest
    [javac] 4 errors
    [javac] 48 warnings

BUILD FAILED
/defects4j/framework/projects/defects4j.build.xml:265: Compile failed; see the compiler error output for details.

Total time: 0 seconds
